


----------------------------------------------------------------------------
                              POINT: DESIGN
----------------------------------------------------------------------------
                       PERFORMANCE CHARACTERISTICS
    Mach      Alt       W      Fn      Fg    Fram     OPR     TSFC      BPR 
 0.80000  35000.0 423.671  7000.0 17253.0 10253.0  49.421  0.58980    6.004
------------------------------------------------------------------------------------------------------------------------------------------------
                            FLOW STATIONS
------------------------------------------------------------------------------------------------------------------------------------------------
------------------------------------------------------------------------------------------------------------------------------------------------
Flow Station           |          tot:P        tot:T        tot:h        tot:S       stat:P       stat:W      stat:MN       stat:V    stat:area
------------------------------------------------------------------------------------------------------------------------------------------------
DESIGN.fc.Fl_O         |          5.273      444.404      -23.983        1.665        3.458      423.671        0.800      778.619     3306.436
DESIGN.inlet.Fl_O      |          5.267      444.404      -23.983        1.665        4.440      423.671        0.500      504.414     4271.163
DESIGN.fan.Fl_O        |          8.429      515.478       -6.947        1.668        7.105      423.671        0.500      543.175     2875.117
DESIGN.splitter.Fl_O1  |          8.429      515.478       -6.947        1.668        7.105       60.489        0.500      543.175      410.493
DESIGN.splitter.Fl_O2  |          8.429      515.478       -6.947        1.668        7.105      363.182        0.500      543.175     2464.625
DESIGN.duct4.Fl_O      |          8.388      515.478       -6.947        1.668        7.071       60.489        0.500      543.175      412.473
DESIGN.lpc.Fl_O        |         27.682      741.246       47.440        1.674       23.347       60.489        0.500      650.427      150.111
DESIGN.duct6.Fl_O      |         27.402      741.246       47.440        1.675       23.112       60.489        0.500      650.427      151.642
DESIGN.hpc.Fl_O        |        260.320     1437.451      222.652        1.686      220.506       53.504        0.500      895.310       19.899
DESIGN.bld3.Fl_O       |        260.320     1437.451      222.652        1.686      220.506       46.630        0.500      895.310       17.342
DESIGN.burner.Fl_O     |        246.263     2970.000      217.307        1.924      210.345       47.777        0.500     1256.881       27.656
DESIGN.hpt.Fl_O        |         67.754     2173.781       32.013        1.916       57.703       54.651        0.500     1084.369       97.528
DESIGN.duct11.Fl_O     |         67.408     2173.781       32.013        1.916       57.409       54.651        0.500     1084.369       98.028
DESIGN.lpt.Fl_O        |         12.321     1466.796     -138.741        1.921       10.455       58.944        0.500      900.033      470.140
DESIGN.duct13.Fl_O     |         12.190     1466.796     -138.741        1.921       10.343       58.944        0.500      900.033      475.225
DESIGN.core_nozz.Fl_O  |         12.190     1466.796     -138.741        1.921        6.538       58.944        1.000     1702.908      353.093
DESIGN.byp_bld.Fl_O    |          8.429      515.478       -6.947        1.668        7.105      361.366        0.500      543.175     2452.301
DESIGN.duct15.Fl_O     |          8.303      515.478       -6.947        1.669        6.999      361.366        0.500      543.175     2489.393
DESIGN.byp_nozz.Fl_O   |          8.303      515.478       -6.947        1.669        4.385      361.366        1.000     1016.220     1857.912
------------------------------------------------------------------------------------------------------------------------------------------------
-------------------------------------------------------------------------------------------------------------------------------------------------------------------------------------------------------
                          COMPRESSOR PROPERTIES
-------------------------------------------------------------------------------------------------------------------------------------------------------------------------------------------------------
Compressor    |           Wc         Pr      eta_a      eta_p         Nc        pwr   RlineMap      NcMap      WcMap      PRmap   alphaMap        SMN        SMW     effMap
-------------------------------------------------------------------------------------------------------------------------------------------------------------------------------------------------------
DESIGN.fan    |     1094.147      1.600      0.900      0.906   1080.330 -10211.832      2.200      0.990      1.685    803.556      0.000     36.641     29.886      0.895
DESIGN.lpc    |      105.647      3.300      0.924      0.936   1003.091  -4654.619      2.150      1.000      1.935     87.666      0.000     15.987     15.644      0.924
DESIGN.hpc    |       38.782      9.500      0.907      0.930    836.497 -14129.447      2.050      0.976      9.374     49.454      0.000     22.598     22.468      0.871
-------------------------------------------------------------------------------------------------------------------------------------------------------------------------------------------------------
---------------------------------------------------------------------------
                            BURNER PROPERTIES
---------------------------------------------------------------------------
Burner              |           dPqP        TtOut        Wfuel          FAR
DESIGN.burner       |         0.0540      2970.00       1.1468      0.02459
--------------------------------------------------------------------------------------------------------------------------------------
                            TURBINE PROPERTIES
--------------------------------------------------------------------------------------------------------------------------------------
Turbine       |             Wp           PR        eff_a        eff_p           Np          pwr        NpMap        PRmap     alphaMap
DESIGN.hpt    |         10.573        3.635        0.900        0.886       18.349    14379.447      100.000        6.000        1.000
DESIGN.lpt    |         37.800        5.471        0.900        0.879       21.448    14866.451      100.000        6.000        1.000
-------------------------------------------------------------------------------------------------------------------------
                            NOZZLE PROPERTIES
-------------------------------------------------------------------------------------------------------------------------
Nozzle        |             PR           Cv          Cfg          Ath         MNth        MNout            V           Fg
DESIGN.core_nozz|          3.525        0.993        N/A        353.093        1.000        1.000     1702.908     4186.490
DESIGN.byp_nozz|          2.401        0.994        N/A       1857.912        1.000        1.000     1016.220    13066.465
---------------------------------------------------------------------------------------------------------------------------
                            SHAFT PROPERTIES
---------------------------------------------------------------------------------------------------------------------------
Shaft               |                 Nmech               trqin              trqout               pwrin              pwrout
DESIGN.hp_shaft     |              1000.000           75522.437          -74209.409           14379.438          -14129.438
DESIGN.lp_shaft     |              1000.000           78080.234          -78080.234           14866.442          -14866.442
--------------------------------------------------------------------------------------------------------------------
                            BLEED PROPERTIES
--------------------------------------------------------------------------------------------------------------------
Bleed                 |         Wb/Win        Pfrac     Workfrac            W           Tt           ht           Pt
DESIGN.hpc.cool1      |          0.051        0.500        0.500        3.067     1096.522      135.046      143.861
DESIGN.hpc.cool2      |          0.020        0.550        0.500        1.226     1096.522      135.046      155.507
DESIGN.hpc.cust       |          0.044        0.500        0.500        2.692     1096.522      135.046      143.861
DESIGN.bld3.cool3     |          0.067        1.000        1.000        3.596     1437.451      222.652      260.320
DESIGN.bld3.cool4     |          0.061        1.000        1.000        3.277     1437.451      222.652      260.320
DESIGN.byp_bld.bypBld |          0.005        1.000        1.000        1.816      515.478       -6.947        8.429
