


----------------------------------------------------------------------------
                              POINT: DESIGN
----------------------------------------------------------------------------
                       PERFORMANCE CHARACTERISTICS
    Mach      Alt       W      Fn      Fg    Fram     OPR     TSFC      BPR 
 0.80000  35000.0 430.196  6845.5 17256.4 10410.9  49.421  0.57167    6.006
------------------------------------------------------------------------------------------------------------------------------------------------
                            FLOW STATIONS
------------------------------------------------------------------------------------------------------------------------------------------------
------------------------------------------------------------------------------------------------------------------------------------------------
Flow Station           |          tot:P        tot:T        tot:h        tot:S       stat:P       stat:W      stat:MN       stat:V    stat:area
------------------------------------------------------------------------------------------------------------------------------------------------
DESIGN.fc.Fl_O         |          5.273      444.404      -23.983        1.665        3.458      430.196        0.800      778.619     3357.358
DESIGN.inlet.Fl_O      |          5.267      444.404      -23.983        1.665        3.623      430.196        0.751      735.912     3437.202
DESIGN.fan.Fl_O        |          8.429      515.478       -6.947        1.668        7.300      430.196        0.458      499.253     3115.450
DESIGN.splitter.Fl_O1  |          8.429      515.478       -6.947        1.668        7.884       61.401        0.310      342.236      613.997
DESIGN.splitter.Fl_O2  |          8.429      515.478       -6.947        1.668        7.327      368.795        0.452      492.967     2697.761
DESIGN.duct4.Fl_O      |          8.388      515.478       -6.947        1.668        7.841       61.401        0.312      344.074      613.980
DESIGN.lpc.Fl_O        |         27.682      741.246       47.440        1.674       25.948       61.401        0.306      403.813      227.538
DESIGN.duct6.Fl_O      |         27.402      741.246       47.440        1.675       25.107       61.401        0.356      468.860      201.231
DESIGN.hpc.Fl_O        |        260.320     1437.451      222.652        1.686      250.069       54.311        0.244      444.110       37.112
DESIGN.bld3.Fl_O       |        260.320     1437.451      222.652        1.686      245.039       47.333        0.300      544.228       26.793
DESIGN.burner.Fl_O     |        246.263     2880.000      217.653        1.913      244.609       48.420        0.102      258.050      117.679
DESIGN.hpt.Fl_O        |         66.167     2097.240       35.174        1.906       60.686       55.398        0.365      784.976      127.467
DESIGN.duct11.Fl_O     |         65.830     2097.240       35.174        1.906       61.931       55.398        0.306      660.610      149.318
DESIGN.lpt.Fl_O        |         11.073     1387.589     -136.074        1.912        9.890       59.756        0.413      728.336      596.558
DESIGN.duct13.Fl_O     |         10.954     1387.589     -136.074        1.913        9.601       59.756        0.446      785.840      566.770
DESIGN.core_nozz.Fl_O  |         10.954     1387.589     -136.074        1.913        5.865       59.756        1.000     1657.657      386.882
DESIGN.byp_bld.Fl_O    |          8.429      515.478       -6.947        1.668        7.340      366.951        0.449      489.926     2697.549
DESIGN.duct15.Fl_O     |          8.303      515.478       -6.947        1.669        7.187      366.951        0.459      500.404     2692.723
DESIGN.byp_nozz.Fl_O   |          8.303      515.478       -6.947        1.669        4.385      366.951        1.000     1016.220     1886.626
------------------------------------------------------------------------------------------------------------------------------------------------
-------------------------------------------------------------------------------------------------------------------------------------------------------------------------------------------------------
                          COMPRESSOR PROPERTIES
-------------------------------------------------------------------------------------------------------------------------------------------------------------------------------------------------------
Compressor    |           Wc         Pr      eta_a      eta_p         Nc        pwr   RlineMap      NcMap      WcMap      PRmap   alphaMap        SMN        SMW     effMap
-------------------------------------------------------------------------------------------------------------------------------------------------------------------------------------------------------
DESIGN.fan    |     1110.998      1.600      0.900      0.906   4321.320 -10369.102      2.200      0.990      1.685    803.556      0.000     36.641     29.886      0.895
DESIGN.lpc    |      107.240      3.300      0.924      0.936   4012.364  -4724.789      2.150      1.000      1.935     87.666      0.000     15.987     15.644      0.924
DESIGN.hpc    |       39.366      9.500      0.907      0.930   8364.968 -14342.454      2.050      0.976      9.374     49.454      0.000     22.598     22.468      0.871
-------------------------------------------------------------------------------------------------------------------------------------------------------------------------------------------------------
---------------------------------------------------------------------------
                            BURNER PROPERTIES
---------------------------------------------------------------------------
Burner              |           dPqP        TtOut        Wfuel          FAR
DESIGN.burner       |         0.0540      2880.00       1.0870      0.02297
--------------------------------------------------------------------------------------------------------------------------------------
                            TURBINE PROPERTIES
--------------------------------------------------------------------------------------------------------------------------------------
Turbine       |             Wp           PR        eff_a        eff_p           Np          pwr        NpMap        PRmap     alphaMap
DESIGN.hpt    |         10.552        3.722        0.900        0.885      186.339    14352.007      100.000        6.000        1.000
DESIGN.lpt    |         38.538        5.945        0.900        0.878       87.345    15094.157      100.000        6.000        1.000
-------------------------------------------------------------------------------------------------------------------------
                            NOZZLE PROPERTIES
-------------------------------------------------------------------------------------------------------------------------
Nozzle        |             PR           Cv          Cfg          Ath         MNth        MNout            V           Fg
DESIGN.core_nozz|          3.164        0.993        N/A        386.882        1.000        1.000     1657.657     3987.951
DESIGN.byp_nozz|          2.401        0.994        N/A       1886.626        1.000        1.000     1016.220    13268.408
---------------------------------------------------------------------------------------------------------------------------
                            SHAFT PROPERTIES
---------------------------------------------------------------------------------------------------------------------------
Shaft               |                 Nmech               trqin              trqout               pwrin              pwrout
DESIGN.hp_shaft     |             10000.000            7537.832           -7532.815           14351.998          -14342.446
DESIGN.lp_shaft     |              4000.000           19819.044          -19818.694           15094.148          -15093.882
--------------------------------------------------------------------------------------------------------------------
                            BLEED PROPERTIES
--------------------------------------------------------------------------------------------------------------------
Bleed                 |         Wb/Win        Pfrac     Workfrac            W           Tt           ht           Pt
DESIGN.hpc.cool1      |          0.051        0.500        0.500        3.114     1096.522      135.046      143.861
DESIGN.hpc.cool2      |          0.020        0.550        0.500        1.245     1096.522      135.046      155.507
DESIGN.hpc.cust       |          0.044        0.500        0.500        2.732     1096.522      135.046      143.861
DESIGN.bld3.cool3     |          0.067        1.000        1.000        3.650     1437.451      222.652      260.320
DESIGN.bld3.cool4     |          0.061        1.000        1.000        3.327     1437.451      222.652      260.320
DESIGN.byp_bld.bypBld |          0.005        1.000        1.000        1.844      515.478       -6.947        8.429
