


----------------------------------------------------------------------------
                              POINT: DESIGN
----------------------------------------------------------------------------
                       PERFORMANCE CHARACTERISTICS
    Mach      Alt       W      Fn      Fg    Fram     OPR     TSFC      BPR 
 0.18000      0.0 1328.110 40000.0 48296.0  8296.0  38.303  0.45464    5.000
------------------------------------------------------------------------------------------------------------------------------------------------
                            FLOW STATIONS
------------------------------------------------------------------------------------------------------------------------------------------------
------------------------------------------------------------------------------------------------------------------------------------------------
Flow Station           |          tot:P        tot:T        tot:h        tot:S       stat:P       stat:W      stat:MN       stat:V    stat:area
------------------------------------------------------------------------------------------------------------------------------------------------
DESIGN.fc.Fl_O         |         15.032      522.033       -5.375        1.631       14.696     1328.110        0.180      200.974    12443.387
DESIGN.inlet.Fl_O      |         15.017      522.033       -5.375        1.631       12.659     1328.110        0.500      546.608     5090.973
DESIGN.fan.Fl_O        |         24.027      605.803       14.745        1.635       20.257     1328.110        0.500      588.629     3428.927
DESIGN.splitter.Fl_O1  |         24.027      605.803       14.745        1.635       20.257      221.352        0.500      588.629      571.488
DESIGN.splitter.Fl_O2  |         24.027      605.803       14.745        1.635       20.257     1106.758        0.500      588.629     2857.439
DESIGN.duct4.Fl_O      |         23.912      605.803       14.745        1.635       20.160      221.352        0.500      588.629      574.244
DESIGN.lpc.Fl_O        |         64.562      818.852       66.311        1.640       54.471      221.352        0.500      683.019      247.777
DESIGN.duct6.Fl_O      |         63.910      818.852       66.311        1.641       53.921      221.352        0.500      683.019      250.305
DESIGN.hpc.Fl_O        |        575.187     1552.552      253.055        1.652      487.562      195.790        0.500      928.644       34.318
DESIGN.bld3.Fl_O       |        575.187     1552.552      253.055        1.652      487.562      170.636        0.500      928.644       29.909
DESIGN.burner.Fl_O     |        544.127     3330.000      245.779        1.911      465.414      175.688        0.500     1325.488       48.941
DESIGN.hpt.Fl_O        |        162.980     2500.865       51.879        1.901      139.012      200.841        0.500     1158.079      160.520
DESIGN.duct11.Fl_O     |        162.149     2500.864       51.879        1.901      138.303      200.841        0.500     1158.079      161.342
DESIGN.lpt.Fl_O        |         39.757     1811.004     -116.402        1.902       33.811      216.553        0.500      993.798      598.627
DESIGN.duct13.Fl_O     |         39.332     1811.004     -116.402        1.902       33.449      216.553        0.500      993.798      605.102
DESIGN.core_nozz.Fl_O  |         39.332     1811.004     -116.402        1.902       21.238      216.553        1.000     1885.957      449.077
DESIGN.byp_bld.Fl_O    |         24.027      605.803       14.745        1.635       20.257     1101.225        0.500      588.629     2843.152
DESIGN.duct15.Fl_O     |         23.669      605.803       14.745        1.636       19.955     1101.225        0.500      588.629     2886.156
DESIGN.byp_nozz.Fl_O   |         23.669      605.803       14.745        1.636       14.696     1101.225        0.854      962.696     2195.788
------------------------------------------------------------------------------------------------------------------------------------------------
-------------------------------------------------------------------------------------------------------------------------------------------------------------------------------------------------------
                          COMPRESSOR PROPERTIES
-------------------------------------------------------------------------------------------------------------------------------------------------------------------------------------------------------
Compressor    |           Wc         Pr      eta_a      eta_p         Nc        pwr   RlineMap      NcMap      WcMap      PRmap   alphaMap        SMN        SMW     effMap
-------------------------------------------------------------------------------------------------------------------------------------------------------------------------------------------------------
DESIGN.fan    |     1303.929      1.600      0.895      0.902   4651.047 -37806.801      2.200      0.990      1.685    803.556      0.000     36.641     29.886      0.895
DESIGN.lpc    |      147.024      2.700      0.924      0.934   4317.517 -16149.524      2.150      1.000      1.935     87.666      0.000     15.987     15.644      0.924
DESIGN.hpc    |       63.955      9.000      0.907      0.929  11703.841 -55107.442      2.050      0.976      9.374     49.454      0.000     22.598     22.468      0.871
-------------------------------------------------------------------------------------------------------------------------------------------------------------------------------------------------------
---------------------------------------------------------------------------
                            BURNER PROPERTIES
---------------------------------------------------------------------------
Burner              |           dPqP        TtOut        Wfuel          FAR
DESIGN.burner       |         0.0540      3330.00       5.0516      0.02960
--------------------------------------------------------------------------------------------------------------------------------------
                            TURBINE PROPERTIES
--------------------------------------------------------------------------------------------------------------------------------------
Turbine       |             Wp           PR        eff_a        eff_p           Np          pwr        NpMap        PRmap     alphaMap
DESIGN.hpt    |         18.632        3.339        0.889        0.875      254.838    55357.442      100.000        6.000        1.000
DESIGN.lpt    |         61.942        4.078        0.900        0.883       93.306    53956.325      100.000        6.000        1.000
-------------------------------------------------------------------------------------------------------------------------
                            NOZZLE PROPERTIES
-------------------------------------------------------------------------------------------------------------------------
Nozzle        |             PR           Cv          Cfg          Ath         MNth        MNout            V           Fg
DESIGN.core_nozz|          2.676        0.993        N/A        449.077        1.000        1.000     1885.957    15546.660
DESIGN.byp_nozz|          1.611        0.994        N/A       2195.788        0.854        0.854      962.696    32749.346
---------------------------------------------------------------------------------------------------------------------------
                            SHAFT PROPERTIES
---------------------------------------------------------------------------------------------------------------------------
Shaft               |                 Nmech               trqin              trqout               pwrin              pwrout
DESIGN.hp_shaft     |             14705.700           19770.795          -19681.508           55357.409          -55107.409
DESIGN.lp_shaft     |              4666.100           60732.636          -60732.636           53956.293          -53956.293
--------------------------------------------------------------------------------------------------------------------
                            BLEED PROPERTIES
--------------------------------------------------------------------------------------------------------------------
Bleed                 |         Wb/Win        Pfrac     Workfrac            W           Tt           ht           Pt
DESIGN.hpc.cool1      |          0.051        0.500        0.500       11.224     1193.875      159.683      319.548
DESIGN.hpc.cool2      |          0.020        0.550        0.500        4.488     1193.875      159.683      345.112
DESIGN.hpc.cust       |          0.044        0.500        0.500        9.850     1193.875      159.683      319.548
DESIGN.bld3.cool3     |          0.067        1.000        1.000       13.160     1552.552      253.055      575.187
DESIGN.bld3.cool4     |          0.061        1.000        1.000       11.993     1552.552      253.055      575.187
DESIGN.byp_bld.bypBld |          0.005        1.000        1.000        5.534      605.803       14.745       24.027



----------------------------------------------------------------------------
                              POINT: CRZ
----------------------------------------------------------------------------
                       PERFORMANCE CHARACTERISTICS
    Mach      Alt       W      Fn      Fg    Fram     OPR     TSFC      BPR 
 0.78000  28000.0 643.190 10573.1 26222.3 15649.2  33.448  0.63151    5.480
------------------------------------------------------------------------------------------------------------------------------------------------
                            FLOW STATIONS
------------------------------------------------------------------------------------------------------------------------------------------------
------------------------------------------------------------------------------------------------------------------------------------------------
Flow Station           |          tot:P        tot:T        tot:h        tot:S       stat:P       stat:W      stat:MN       stat:V    stat:area
------------------------------------------------------------------------------------------------------------------------------------------------
CRZ.fc.Fl_O            |          7.141      469.901      -17.874        1.657        4.776      643.190        0.780      782.814     3843.713
CRZ.inlet.Fl_O         |          7.134      469.901      -17.874        1.657        6.102      643.190        0.477      496.354     5090.973
CRZ.fan.Fl_O           |         10.897      536.489       -1.906        1.660        9.167      643.190        0.503      557.452     3428.927
CRZ.splitter.Fl_O1     |         10.897      536.489       -1.906        1.660        9.464       99.255        0.453      504.509      571.488
CRZ.splitter.Fl_O2     |         10.897      536.489       -1.906        1.660        9.101      543.935        0.514      568.624     2857.439
CRZ.duct4.Fl_O         |         10.845      536.489       -1.906        1.660        9.419       99.255        0.453      504.509      574.244
CRZ.lpc.Fl_O           |         27.836      713.746       40.779        1.664       23.795       99.255        0.479      613.158      247.777
CRZ.duct6.Fl_O         |         27.555      713.746       40.779        1.665       23.555       99.255        0.479      613.158      250.305
CRZ.hpc.Fl_O           |        238.607     1351.210      200.141        1.676      201.558       87.792        0.503      874.947       34.318
CRZ.bld3.Fl_O          |        238.607     1351.210      200.141        1.676      201.558       76.514        0.503      874.947       29.909
CRZ.burner.Fl_O        |        225.723     2880.000      195.404        1.921      225.696       78.368        0.014       34.417     1550.003
CRZ.hpt.Fl_O           |         67.121     2140.355       27.777        1.912       57.210       89.647        0.498     1073.350      160.520
CRZ.duct11.Fl_O        |         66.779     2140.355       27.777        1.912       56.918       89.647        0.498     1073.350      161.342
CRZ.lpt.Fl_O           |         16.262     1533.062     -115.501        1.914       13.810       96.692        0.499      917.991      598.627
CRZ.duct13.Fl_O        |         16.088     1533.062     -115.501        1.914       13.662       96.692        0.499      917.991      605.102
CRZ.core_nozz.Fl_O     |         16.088     1533.062     -115.501        1.914        8.639       96.692        1.000     1740.007      449.077
CRZ.byp_bld.Fl_O       |         10.897      536.489       -1.906        1.660        9.101      541.215        0.514      568.624     2843.152
CRZ.duct15.Fl_O        |         10.735      536.489       -1.906        1.661        8.966      541.215        0.514      568.624     2886.156
CRZ.byp_nozz.Fl_O      |         10.735      536.489       -1.906        1.661        5.669      541.215        1.000     1036.720     2195.788
------------------------------------------------------------------------------------------------------------------------------------------------
-------------------------------------------------------------------------------------------------------------------------------------------------------------------------------------------------------
                          COMPRESSOR PROPERTIES
-------------------------------------------------------------------------------------------------------------------------------------------------------------------------------------------------------
Compressor    |           Wc         Pr      eta_a      eta_p         Nc        pwr   RlineMap      NcMap      WcMap      PRmap   alphaMap        SMN        SMW     effMap
-------------------------------------------------------------------------------------------------------------------------------------------------------------------------------------------------------
CRZ.fan       |     1261.185      1.528      0.909      0.914   4383.872 -14530.672      2.141      0.933      1.602    777.215      0.000     42.557     33.185      0.909
CRZ.lpc       |      136.789      2.567      0.932      0.940   4102.802  -5994.408      1.680      0.950      1.862     81.563      0.000     12.747     12.387      0.932
CRZ.hpc       |       62.097      8.659      0.909      0.931  11615.957 -21087.014      2.041      0.969      9.018     48.017      0.000     23.507     23.741      0.873
-------------------------------------------------------------------------------------------------------------------------------------------------------------------------------------------------------
---------------------------------------------------------------------------
                            BURNER PROPERTIES
---------------------------------------------------------------------------
Burner              |           dPqP        TtOut        Wfuel          FAR
CRZ.burner          |         0.0540      2880.00       1.8547      0.02424
--------------------------------------------------------------------------------------------------------------------------------------
                            TURBINE PROPERTIES
--------------------------------------------------------------------------------------------------------------------------------------
Turbine       |             Wp           PR        eff_a        eff_p           Np          pwr        NpMap        PRmap     alphaMap
CRZ.hpt       |         18.632        3.363        0.888        0.873      253.913    21337.014       99.637        6.052        1.000
CRZ.lpt       |         62.107        4.106        0.897        0.879       90.193    20525.081       96.664        6.046        1.000
-------------------------------------------------------------------------------------------------------------------------
                            NOZZLE PROPERTIES
-------------------------------------------------------------------------------------------------------------------------
Nozzle        |             PR           Cv          Cfg          Ath         MNth        MNout            V           Fg
CRZ.core_nozz |          3.368        0.993        N/A        449.077        1.000        1.000     1740.007     6928.693
CRZ.byp_nozz  |          2.247        0.994        N/A       2195.788        1.000        1.000     1036.720    19293.583
---------------------------------------------------------------------------------------------------------------------------
                            SHAFT PROPERTIES
---------------------------------------------------------------------------------------------------------------------------
Shaft               |                 Nmech               trqin              trqout               pwrin              pwrout
CRZ.hp_shaft        |             13626.403            8224.059           -8127.700           21337.001          -21087.001
CRZ.lp_shaft        |              4172.685           25834.682          -25834.682           20525.068          -20525.068
-----------------------------------------------------------------------------------------------------------------
                            BLEED PROPERTIES
-----------------------------------------------------------------------------------------------------------------
Bleed              |         Wb/Win        Pfrac     Workfrac            W           Tt           ht           Pt
CRZ.hpc.cool1      |          0.051        0.500        0.500        5.033     1038.329      120.460      133.081
CRZ.hpc.cool2      |          0.020        0.550        0.500        2.012     1038.329      120.460      143.634
CRZ.hpc.cust       |          0.044        0.500        0.500        4.417     1038.329      120.460      133.081
CRZ.bld3.cool3     |          0.067        1.000        1.000        5.901     1351.210      200.141      238.607
CRZ.bld3.cool4     |          0.061        1.000        1.000        5.378     1351.210      200.141      238.607
CRZ.byp_bld.bypBld |          0.005        1.000        1.000        2.720      536.489       -1.906       10.897
