


----------------------------------------------------------------------------
                              POINT: DESIGN
----------------------------------------------------------------------------
                       PERFORMANCE CHARACTERISTICS
    Mach      Alt       W      Fn      Fg    Fram     OPR     TSFC      BPR 
 0.80000  35000.0 342.804  5900.0 14195.9  8295.9  37.682  0.61813    5.000
------------------------------------------------------------------------------------------------------------------------------------------------
                            FLOW STATIONS
------------------------------------------------------------------------------------------------------------------------------------------------
------------------------------------------------------------------------------------------------------------------------------------------------
Flow Station           |          tot:P        tot:T        tot:h        tot:S       stat:P       stat:W      stat:MN       stat:V    stat:area
------------------------------------------------------------------------------------------------------------------------------------------------
DESIGN.fc.Fl_O         |          5.273      444.404      -23.983        1.665        3.458      342.804        0.800      778.619     2675.324
DESIGN.inlet.Fl_O      |          5.267      444.404      -23.983        1.665        3.623      342.804        0.751      735.912     2738.948
DESIGN.fan.Fl_O        |          8.955      525.801       -4.471        1.669        7.756      342.804        0.458      504.210     2360.179
DESIGN.splitter.Fl_O1  |          8.955      525.801       -4.471        1.669        8.376       57.134        0.310      345.631      543.164
DESIGN.splitter.Fl_O2  |          8.955      525.801       -4.471        1.669        7.784      285.670        0.452      497.862     1986.682
DESIGN.duct4.Fl_O      |          8.912      525.801       -4.471        1.669        8.330       57.134        0.312      347.488      543.149
DESIGN.lpc.Fl_O        |         22.279      695.520       36.372        1.673       20.882       57.134        0.306      391.371      254.687
DESIGN.duct6.Fl_O      |         22.054      695.520       36.372        1.674       20.205       57.134        0.356      454.403      225.246
DESIGN.hpc.Fl_O        |        198.485     1360.265      202.493        1.690      190.644       50.536        0.244      432.708       43.988
DESIGN.bld3.Fl_O       |        198.485     1360.265      202.493        1.690      186.798       42.022        0.300      530.238       30.300
DESIGN.burner.Fl_O     |        187.767     2880.000      197.726        1.933      186.506       43.035        0.102      257.979      137.213
DESIGN.hpt.Fl_O        |         48.585     2052.205       21.599        1.921       44.556       51.549        0.365      776.946      159.699
DESIGN.duct11.Fl_O     |         48.337     2052.205       21.599        1.921       45.471       51.549        0.306      653.861      187.074
DESIGN.lpt.Fl_O        |          9.468     1399.046     -133.524        1.925        8.457       55.605        0.413      731.170      651.996
DESIGN.duct13.Fl_O     |          9.367     1399.046     -133.524        1.926        8.210       55.605        0.446      788.901      619.437
DESIGN.core_nozz.Fl_O  |          9.367     1399.046     -133.524        1.926        5.017       55.605        1.000     1664.318      422.812
DESIGN.byp_bld.Fl_O    |          8.955      525.801       -4.471        1.669        7.798      284.241        0.449      494.790     1986.526
DESIGN.duct15.Fl_O     |          8.821      525.801       -4.471        1.670        7.635      284.241        0.459      505.373     1982.971
DESIGN.byp_nozz.Fl_O   |          8.821      525.801       -4.471        1.670        4.659      284.241        1.000     1026.343     1389.327
------------------------------------------------------------------------------------------------------------------------------------------------
-------------------------------------------------------------------------------------------------------------------------------------------------------------------------------------------------------
                          COMPRESSOR PROPERTIES
-------------------------------------------------------------------------------------------------------------------------------------------------------------------------------------------------------
Compressor    |           Wc         Pr      eta_a      eta_p         Nc        pwr   RlineMap      NcMap      WcMap      PRmap   alphaMap        SMN        SMW     effMap
-------------------------------------------------------------------------------------------------------------------------------------------------------------------------------------------------------
DESIGN.fan    |      885.303      1.700      0.895      0.902   5040.927  -9463.610      2.200      0.990      1.685    803.556      0.000     36.641     29.886      0.895
DESIGN.lpc    |       94.864      2.500      0.924      0.933   4634.352  -3301.628      2.150      1.000      1.935     87.666      0.000     15.987     15.644      0.924
DESIGN.hpc    |       44.088      9.000      0.871      0.902  12699.199 -12653.178      2.050      0.976      9.374     49.454      0.000     22.598     22.468      0.871
-------------------------------------------------------------------------------------------------------------------------------------------------------------------------------------------------------
---------------------------------------------------------------------------
                            BURNER PROPERTIES
---------------------------------------------------------------------------
Burner              |           dPqP        TtOut        Wfuel          FAR
DESIGN.burner       |         0.0540      2880.00       1.0130      0.02411
--------------------------------------------------------------------------------------------------------------------------------------
                            TURBINE PROPERTIES
--------------------------------------------------------------------------------------------------------------------------------------
Turbine       |             Wp           PR        eff_a        eff_p           Np          pwr        NpMap        PRmap     alphaMap
DESIGN.hpt    |         12.300        3.865        0.889        0.872      274.025    12903.178      100.000        6.000        1.000
DESIGN.lpt    |         48.311        5.105        0.900        0.879      103.002    12765.238      100.000        6.000        1.000
-------------------------------------------------------------------------------------------------------------------------
                            NOZZLE PROPERTIES
-------------------------------------------------------------------------------------------------------------------------
Nozzle        |             PR           Cv          Cfg          Ath         MNth        MNout            V           Fg
DESIGN.core_nozz|          2.709        0.993        N/A        422.812        1.000        1.000     1664.318     3516.060
DESIGN.byp_nozz|          2.551        0.994        N/A       1389.327        1.000        1.000     1026.343    10679.873
---------------------------------------------------------------------------------------------------------------------------
                            SHAFT PROPERTIES
---------------------------------------------------------------------------------------------------------------------------
Shaft               |                 Nmech               trqin              trqout               pwrin              pwrout
DESIGN.hp_shaft     |             14705.700            4608.343           -4519.056           12903.171          -12653.171
DESIGN.lp_shaft     |              4666.100           14368.409          -14368.409           12765.231          -12765.231
--------------------------------------------------------------------------------------------------------------------
                            BLEED PROPERTIES
--------------------------------------------------------------------------------------------------------------------
Bleed                 |         Wb/Win        Pfrac     Workfrac            W           Tt           ht           Pt
DESIGN.hpc.cool1      |          0.051        0.500        0.500        2.897     1034.215      119.433      110.269
DESIGN.hpc.cool2      |          0.020        0.550        0.500        1.158     1034.215      119.433      119.091
DESIGN.hpc.cust       |          0.044        0.500        0.500        2.542     1034.215      119.433      110.269
DESIGN.bld3.cool3     |          0.067        1.000        1.000        3.397     1360.265      202.493      198.485
DESIGN.bld3.cool4     |          0.101        1.000        1.000        5.117     1360.265      202.493      198.485
DESIGN.byp_bld.bypBld |          0.005        1.000        1.000        1.428      525.801       -4.471        8.955
