


----------------------------------------------------------------------------
                              POINT: DESIGN
----------------------------------------------------------------------------
                       PERFORMANCE CHARACTERISTICS
    Mach      Alt       W      Fn      Fg    Fram     OPR     TSFC      BPR 
 0.80000  35000.0  85.846  2347.8  4425.3  2077.5  32.510  0.80474    2.000
------------------------------------------------------------------------------------------------------------------------------------------------
                            FLOW STATIONS
------------------------------------------------------------------------------------------------------------------------------------------------
------------------------------------------------------------------------------------------------------------------------------------------------
Flow Station           |          tot:P        tot:T        tot:h        tot:S       stat:P       stat:W      stat:MN       stat:V    stat:area
------------------------------------------------------------------------------------------------------------------------------------------------
DESIGN.fc.Fl_O         |          5.273      444.404      -23.983        1.665        3.458       85.846        0.800      778.619      669.960
DESIGN.inlet.Fl_O      |          5.267      444.404      -23.983        1.665        3.623       85.846        0.751      735.912      685.893
DESIGN.fan.Fl_O        |          7.901      505.485       -9.344        1.668        6.843       85.846        0.458      494.404      656.736
DESIGN.splitter.Fl_O1  |          7.901      505.485       -9.344        1.668        7.390       28.615        0.310      338.914      302.274
DESIGN.splitter.Fl_O2  |          7.901      505.485       -9.344        1.668        6.868       57.230        0.452      488.180      442.246
DESIGN.duct4.Fl_O      |          7.863      505.485       -9.344        1.668        7.350       28.615        0.312      340.735      302.266
DESIGN.lpc.Fl_O        |         15.726      625.135       19.397        1.671       14.739       28.615        0.306      371.286      171.206
DESIGN.duct6.Fl_O      |         15.567      625.135       19.397        1.672       14.261       28.615        0.356      431.069      151.420
DESIGN.hpc.Fl_O        |        171.242     1303.757      187.855        1.689      164.461       25.311        0.244      424.135       24.970
DESIGN.bld3.Fl_O       |        171.242     1303.757      187.855        1.689      161.135       21.047        0.300      519.718       17.201
DESIGN.burner.Fl_O     |        161.995     2880.000      183.284        1.944      160.908       21.571        0.102      257.928       79.735
DESIGN.hpt.Fl_O        |         44.149     2065.829       13.148        1.930       40.490       25.835        0.365      779.259       88.402
DESIGN.duct11.Fl_O     |         43.924     2065.829       13.148        1.930       41.321       25.835        0.306      655.802      103.556
DESIGN.lpt.Fl_O        |         27.228     1799.550      -35.034        1.922       24.361       27.867        0.413      823.462      129.781
DESIGN.duct13.Fl_O     |         26.937     1799.550      -35.034        1.923       23.656       27.867        0.446      888.599      123.287
DESIGN.core_nozz.Fl_O  |         26.937     1799.550      -35.034        1.923       14.528       27.867        1.000     1881.125       84.034
DESIGN.byp_bld.Fl_O    |          7.901      505.485       -9.344        1.668        6.880       56.944        0.449      485.168      442.211
DESIGN.duct15.Fl_O     |          7.783      505.485       -9.344        1.669        6.736       56.944        0.459      495.544      441.420
DESIGN.byp_nozz.Fl_O   |          7.783      505.485       -9.344        1.669        4.110       56.944        1.000     1006.322      309.280
------------------------------------------------------------------------------------------------------------------------------------------------
-------------------------------------------------------------------------------------------------------------------------------------------------------------------------------------------------------
                          COMPRESSOR PROPERTIES
-------------------------------------------------------------------------------------------------------------------------------------------------------------------------------------------------------
Compressor    |           Wc         Pr      eta_a      eta_p         Nc        pwr   RlineMap      NcMap      WcMap      PRmap   alphaMap        SMN        SMW     effMap
-------------------------------------------------------------------------------------------------------------------------------------------------------------------------------------------------------
DESIGN.fan    |      221.699      1.500      0.895      0.901   5040.927  -1778.057      2.200      0.990      1.685    803.556      0.000     36.641     29.886      0.895
DESIGN.lpc    |       52.797      2.000      0.924      0.931   4726.564  -1163.610      2.150      1.000      1.935     87.666      0.000     15.987     15.644      0.924
DESIGN.hpc    |       29.656     11.000      0.871      0.905  13395.046  -6426.413      2.050      0.976      9.374     49.454      0.000     22.598     22.468      0.871
-------------------------------------------------------------------------------------------------------------------------------------------------------------------------------------------------------
---------------------------------------------------------------------------
                            BURNER PROPERTIES
---------------------------------------------------------------------------
Burner              |           dPqP        TtOut        Wfuel          FAR
DESIGN.burner       |         0.0540      2880.00       0.5248      0.02494
--------------------------------------------------------------------------------------------------------------------------------------
                            TURBINE PROPERTIES
--------------------------------------------------------------------------------------------------------------------------------------
Turbine       |             Wp           PR        eff_a        eff_p           Np          pwr        NpMap        PRmap     alphaMap
DESIGN.hpt    |          7.146        3.669        0.889        0.873      274.025     6246.640      100.000        6.000        1.000
DESIGN.lpt    |         26.734        1.613        0.900        0.894      102.661     2159.665      100.000        6.000        1.000
-------------------------------------------------------------------------------------------------------------------------
                            NOZZLE PROPERTIES
-------------------------------------------------------------------------------------------------------------------------
Nozzle        |             PR           Cv          Cfg          Ath         MNth        MNout            V           Fg
DESIGN.core_nozz|          5.866        0.993        N/A         84.034        1.000        1.000     1881.125     2453.307
DESIGN.byp_nozz|          2.251        0.994        N/A        309.280        1.000        1.000     1006.322     1971.976
---------------------------------------------------------------------------------------------------------------------------
                            SHAFT PROPERTIES
---------------------------------------------------------------------------------------------------------------------------
Shaft               |                 Nmech               trqin              trqout               pwrin              pwrout
DESIGN.hp_shaft     |             14705.700            2230.974           -2295.180            6246.636           -6426.410
DESIGN.lp_shaft     |              4666.100            2430.895           -3311.107            2159.664           -2941.665
--------------------------------------------------------------------------------------------------------------------
                            BLEED PROPERTIES
--------------------------------------------------------------------------------------------------------------------
Bleed                 |         Wb/Win        Pfrac     Workfrac            W           Tt           ht           Pt
DESIGN.hpc.cool1      |          0.051        0.500        0.500        1.451      970.659      103.626       93.405
DESIGN.hpc.cool2      |          0.020        0.550        0.500        0.580      970.659      103.626      101.188
DESIGN.hpc.cust       |          0.044        0.500        0.500        1.273      970.659      103.626       93.405
DESIGN.bld3.cool3     |          0.067        1.000        1.000        1.701     1303.757      187.855      171.242
DESIGN.bld3.cool4     |          0.101        1.000        1.000        2.563     1303.757      187.855      171.242
DESIGN.byp_bld.bypBld |          0.005        1.000        1.000        0.286      505.485       -9.344        7.901



----------------------------------------------------------------------------
                              POINT: OD_TOfail
----------------------------------------------------------------------------
                       PERFORMANCE CHARACTERISTICS
    Mach      Alt       W      Fn      Fg    Fram     OPR     TSFC      BPR 
 0.20000      0.0 184.383  6799.9  8079.7  1279.7  25.046  0.72345    2.159
------------------------------------------------------------------------------------------------------------------------------------------------
                            FLOW STATIONS
------------------------------------------------------------------------------------------------------------------------------------------------
------------------------------------------------------------------------------------------------------------------------------------------------
Flow Station           |          tot:P        tot:T        tot:h        tot:S       stat:P       stat:W      stat:MN       stat:V    stat:area
------------------------------------------------------------------------------------------------------------------------------------------------
OD_TOfail.fc.Fl_O      |         15.112      522.821       -5.186        1.631       14.696      184.383        0.200      223.305     1554.780
OD_TOfail.inlet.Fl_O   |         15.096      522.821       -5.186        1.631        3.217      184.383        1.666     1497.536      685.893
OD_TOfail.fan.Fl_O     |         20.480      575.323        7.418        1.633       18.422      184.383        0.392      453.865      656.736
OD_TOfail.splitter.Fl_O|         20.480      575.323        7.418        1.633       19.568       58.363        0.256      298.958      302.274
OD_TOfail.splitter.Fl_O|         20.480      575.323        7.418        1.633       18.351      126.020        0.399      461.921      442.246
OD_TOfail.duct4.Fl_O   |         20.381      575.323        7.418        1.634       19.465       58.363        0.257      300.511      302.266
OD_TOfail.lpc.Fl_O     |         31.038      654.780       26.539        1.636       28.838       58.363        0.326      404.401      171.206
OD_TOfail.duct6.Fl_O   |         30.725      654.780       26.539        1.637       27.801       58.363        0.381      470.740      151.420
OD_TOfail.hpc.Fl_O     |        378.099     1406.608      214.575        1.655      364.363       51.623        0.234      421.692       24.970
OD_TOfail.bld3.Fl_O    |        378.099     1406.608      214.575        1.655      357.668       42.926        0.287      516.043       17.201
OD_TOfail.burner.Fl_O  |        357.681     3330.000      207.955        1.942      357.675       44.293        0.005       14.193     1550.003
OD_TOfail.hpt.Fl_O     |         96.649     2402.823       10.561        1.925       88.440       52.990        0.372      851.292       88.402
OD_TOfail.duct11.Fl_O  |         96.156     2402.823       10.561        1.926       90.324       52.990        0.312      715.844      103.556
OD_TOfail.lpt.Fl_O     |         60.694     2109.036      -41.671        1.917       54.356       57.132        0.413      887.849      129.781
OD_TOfail.duct13.Fl_O  |         60.045     2109.036      -41.671        1.918       52.792       57.132        0.447      958.124      123.287
OD_TOfail.core_nozz.Fl_|         60.045     2109.036      -41.671        1.918       32.563       57.132        1.000     2030.783       84.034
OD_TOfail.byp_bld.Fl_O |         20.480      575.323        7.418        1.633       18.375      125.390        0.397      459.221      442.211
OD_TOfail.duct15.Fl_O  |         20.175      575.323        7.418        1.634       18.020      125.390        0.405      468.506      441.420
OD_TOfail.byp_nozz.Fl_O|         20.175      575.323        7.418        1.634       14.696      125.390        0.688      773.533      309.280
------------------------------------------------------------------------------------------------------------------------------------------------
-------------------------------------------------------------------------------------------------------------------------------------------------------------------------------------------------------
                          COMPRESSOR PROPERTIES
-------------------------------------------------------------------------------------------------------------------------------------------------------------------------------------------------------
Compressor    |           Wc         Pr      eta_a      eta_p         Nc        pwr   RlineMap      NcMap      WcMap      PRmap   alphaMap        SMN        SMW     effMap
-------------------------------------------------------------------------------------------------------------------------------------------------------------------------------------------------------
OD_TOfail.fan |      180.209      1.357      0.906      0.910   4206.556  -3287.984      1.744      0.826      1.489    653.172      0.000     38.812     24.940      0.906
OD_TOfail.lpc |       44.321      1.523      0.922      0.926   4010.028  -1578.909      2.150      0.848      1.489     73.593      0.000     29.937     27.733      0.922
OD_TOfail.hpc |       31.365     12.306      0.869      0.905  13600.140 -14630.542      1.940      0.991     10.468     52.303      0.000     15.854     15.777      0.869
-------------------------------------------------------------------------------------------------------------------------------------------------------------------------------------------------------
---------------------------------------------------------------------------
                            BURNER PROPERTIES
---------------------------------------------------------------------------
Burner              |           dPqP        TtOut        Wfuel          FAR
OD_TOfail.burner    |         0.0540      3330.00       1.3665      0.03183
--------------------------------------------------------------------------------------------------------------------------------------
                            TURBINE PROPERTIES
--------------------------------------------------------------------------------------------------------------------------------------
Turbine       |             Wp           PR        eff_a        eff_p           Np          pwr        NpMap        PRmap     alphaMap
OD_TOfail.hpt |          7.146        3.701        0.884        0.868      264.803    14880.542       96.635        6.059        1.000
OD_TOfail.lpt |         27.013        1.584        0.882        0.876       86.158     4866.893       83.925        5.764        1.000
-------------------------------------------------------------------------------------------------------------------------
                            NOZZLE PROPERTIES
-------------------------------------------------------------------------------------------------------------------------
Nozzle        |             PR           Cv          Cfg          Ath         MNth        MNout            V           Fg
OD_TOfail.core_nozz|          4.086        0.993        N/A         84.034        1.000        1.000     2030.783     5083.385
OD_TOfail.byp_nozz|          1.373        0.994        N/A        309.280        0.688        0.688      773.533     2996.265
---------------------------------------------------------------------------------------------------------------------------
                            SHAFT PROPERTIES
---------------------------------------------------------------------------------------------------------------------------
Shaft               |                 Nmech               trqin              trqout               pwrin              pwrout
OD_TOfail.hp_shaft  |             15280.778            5114.546           -5028.619           14880.533          -14630.533
OD_TOfail.lp_shaft  |              4223.357            6052.403           -6052.403            4866.890           -4866.890
-----------------------------------------------------------------------------------------------------------------------
                            BLEED PROPERTIES
-----------------------------------------------------------------------------------------------------------------------
Bleed                    |         Wb/Win        Pfrac     Workfrac            W           Tt           ht           Pt
OD_TOfail.hpc.cool1      |          0.051        0.500        0.500        2.959     1038.716      120.557      204.412
OD_TOfail.hpc.cool2      |          0.020        0.550        0.500        1.183     1038.716      120.557      221.780
OD_TOfail.hpc.cust       |          0.044        0.500        0.500        2.597     1038.716      120.557      204.412
OD_TOfail.bld3.cool3     |          0.067        1.000        1.000        3.470     1406.608      214.575      378.099
OD_TOfail.bld3.cool4     |          0.101        1.000        1.000        5.227     1406.608      214.575      378.099
OD_TOfail.byp_bld.bypBld |          0.005        1.000        1.000        0.630      575.323        7.418       20.480



----------------------------------------------------------------------------
                              POINT: OD_TO
----------------------------------------------------------------------------
                       PERFORMANCE CHARACTERISTICS
    Mach      Alt       W      Fn      Fg    Fram     OPR     TSFC      BPR 
 0.20000      0.0 184.383  6799.9  8079.7  1279.7  25.046  0.72345    2.159
------------------------------------------------------------------------------------------------------------------------------------------------
                            FLOW STATIONS
------------------------------------------------------------------------------------------------------------------------------------------------
------------------------------------------------------------------------------------------------------------------------------------------------
Flow Station           |          tot:P        tot:T        tot:h        tot:S       stat:P       stat:W      stat:MN       stat:V    stat:area
------------------------------------------------------------------------------------------------------------------------------------------------
OD_TO.fc.Fl_O          |         15.112      522.821       -5.186        1.631       14.696      184.383        0.200      223.305     1554.780
OD_TO.inlet.Fl_O       |         15.096      522.821       -5.186        1.631        3.217      184.383        1.666     1497.536      685.893
OD_TO.fan.Fl_O         |         20.480      575.323        7.418        1.633       18.422      184.383        0.392      453.865      656.736
OD_TO.splitter.Fl_O1   |         20.480      575.323        7.418        1.633       19.568       58.363        0.256      298.958      302.274
OD_TO.splitter.Fl_O2   |         20.480      575.323        7.418        1.633       18.351      126.020        0.399      461.921      442.246
OD_TO.duct4.Fl_O       |         20.381      575.323        7.418        1.634       19.465       58.363        0.257      300.511      302.266
OD_TO.lpc.Fl_O         |         31.038      654.780       26.539        1.636       28.838       58.363        0.326      404.401      171.206
OD_TO.duct6.Fl_O       |         30.725      654.780       26.539        1.637       27.801       58.363        0.381      470.740      151.420
OD_TO.hpc.Fl_O         |        378.099     1406.608      214.575        1.655      364.363       51.623        0.234      421.692       24.970
OD_TO.bld3.Fl_O        |        378.099     1406.608      214.575        1.655      357.668       42.926        0.287      516.043       17.201
OD_TO.burner.Fl_O      |        357.681     3330.000      207.955        1.942      357.675       44.293        0.005       14.193     1550.003
OD_TO.hpt.Fl_O         |         96.649     2402.823       10.561        1.925       88.440       52.990        0.372      851.292       88.402
OD_TO.duct11.Fl_O      |         96.156     2402.823       10.561        1.926       90.324       52.990        0.312      715.844      103.556
OD_TO.lpt.Fl_O         |         60.694     2109.036      -41.671        1.917       54.356       57.132        0.413      887.849      129.781
OD_TO.duct13.Fl_O      |         60.045     2109.036      -41.671        1.918       52.792       57.132        0.447      958.124      123.287
OD_TO.core_nozz.Fl_O   |         60.045     2109.036      -41.671        1.918       32.563       57.132        1.000     2030.783       84.034
OD_TO.byp_bld.Fl_O     |         20.480      575.323        7.418        1.633       18.375      125.390        0.397      459.221      442.211
OD_TO.duct15.Fl_O      |         20.175      575.323        7.418        1.634       18.020      125.390        0.405      468.506      441.420
OD_TO.byp_nozz.Fl_O    |         20.175      575.323        7.418        1.634       14.696      125.390        0.688      773.533      309.280
------------------------------------------------------------------------------------------------------------------------------------------------
-------------------------------------------------------------------------------------------------------------------------------------------------------------------------------------------------------
                          COMPRESSOR PROPERTIES
-------------------------------------------------------------------------------------------------------------------------------------------------------------------------------------------------------
Compressor    |           Wc         Pr      eta_a      eta_p         Nc        pwr   RlineMap      NcMap      WcMap      PRmap   alphaMap        SMN        SMW     effMap
-------------------------------------------------------------------------------------------------------------------------------------------------------------------------------------------------------
OD_TO.fan     |      180.209      1.357      0.906      0.910   4206.556  -3287.984      1.744      0.826      1.489    653.172      0.000     38.812     24.940      0.906
OD_TO.lpc     |       44.321      1.523      0.922      0.926   4010.028  -1578.909      2.150      0.848      1.489     73.593      0.000     29.937     27.733      0.922
OD_TO.hpc     |       31.365     12.306      0.869      0.905  13600.140 -14630.542      1.940      0.991     10.468     52.303      0.000     15.854     15.777      0.869
-------------------------------------------------------------------------------------------------------------------------------------------------------------------------------------------------------
---------------------------------------------------------------------------
                            BURNER PROPERTIES
---------------------------------------------------------------------------
Burner              |           dPqP        TtOut        Wfuel          FAR
OD_TO.burner        |         0.0540      3330.00       1.3665      0.03183
--------------------------------------------------------------------------------------------------------------------------------------
                            TURBINE PROPERTIES
--------------------------------------------------------------------------------------------------------------------------------------
Turbine       |             Wp           PR        eff_a        eff_p           Np          pwr        NpMap        PRmap     alphaMap
OD_TO.hpt     |          7.146        3.701        0.884        0.868      264.803    14880.542       96.635        6.059        1.000
OD_TO.lpt     |         27.013        1.584        0.882        0.876       86.158     4866.893       83.925        5.764        1.000
-------------------------------------------------------------------------------------------------------------------------
                            NOZZLE PROPERTIES
-------------------------------------------------------------------------------------------------------------------------
Nozzle        |             PR           Cv          Cfg          Ath         MNth        MNout            V           Fg
OD_TO.core_nozz|          4.086        0.993        N/A         84.034        1.000        1.000     2030.783     5083.385
OD_TO.byp_nozz|          1.373        0.994        N/A        309.280        0.688        0.688      773.533     2996.265
---------------------------------------------------------------------------------------------------------------------------
                            SHAFT PROPERTIES
---------------------------------------------------------------------------------------------------------------------------
Shaft               |                 Nmech               trqin              trqout               pwrin              pwrout
OD_TO.hp_shaft      |             15280.778            5114.546           -5028.619           14880.533          -14630.533
OD_TO.lp_shaft      |              4223.357            6052.403           -6052.403            4866.890           -4866.890
-------------------------------------------------------------------------------------------------------------------
                            BLEED PROPERTIES
-------------------------------------------------------------------------------------------------------------------
Bleed                |         Wb/Win        Pfrac     Workfrac            W           Tt           ht           Pt
OD_TO.hpc.cool1      |          0.051        0.500        0.500        2.959     1038.716      120.557      204.412
OD_TO.hpc.cool2      |          0.020        0.550        0.500        1.183     1038.716      120.557      221.780
OD_TO.hpc.cust       |          0.044        0.500        0.500        2.597     1038.716      120.557      204.412
OD_TO.bld3.cool3     |          0.067        1.000        1.000        3.470     1406.608      214.575      378.099
OD_TO.bld3.cool4     |          0.101        1.000        1.000        5.227     1406.608      214.575      378.099
OD_TO.byp_bld.bypBld |          0.005        1.000        1.000        0.630      575.323        7.418       20.480



----------------------------------------------------------------------------
                              POINT: OD_TOC
----------------------------------------------------------------------------
                       PERFORMANCE CHARACTERISTICS
    Mach      Alt       W      Fn      Fg    Fram     OPR     TSFC      BPR 
 0.70000  30000.0 300.000  4602.2 11096.8  6494.6  34.382  0.69747    5.105
------------------------------------------------------------------------------------------------------------------------------------------------
                            FLOW STATIONS
------------------------------------------------------------------------------------------------------------------------------------------------
------------------------------------------------------------------------------------------------------------------------------------------------
Flow Station           |          tot:P        tot:T        tot:h        tot:S       stat:P       stat:W      stat:MN       stat:V    stat:area
------------------------------------------------------------------------------------------------------------------------------------------------
OD_TOC.fc.Fl_O         |          6.055      452.133      -22.131        1.659        4.364      300.000        0.700      696.526     2167.710
OD_TOC.inlet.Fl_O      |          6.049      452.133      -22.131        1.659      -62.427      300.000       -0.157     -160.824      685.893
OD_TOC.fan.Fl_O        |          9.310      517.660       -6.424        1.662        0.001      300.000     4618.919  3024622.798      656.736
OD_TOC.splitter.Fl_O1  |          9.310      517.660       -6.424        1.662        7.845       49.140        0.501      545.000      302.274
OD_TOC.splitter.Fl_O2  |          9.310      517.660       -6.424        1.662     -506.794      250.860        8.562     5982.980      442.246
OD_TOC.duct4.Fl_O      |          9.265      517.660       -6.424        1.662        7.789       49.140        0.504      548.539      302.266
OD_TOC.lpc.Fl_O        |         18.872      643.193       23.746        1.666       16.111       49.140        0.481      584.414      171.206
OD_TOC.duct6.Fl_O      |         18.682      643.193       23.746        1.667       14.819       49.140        0.585      703.500      151.420
OD_TOC.hpc.Fl_O        |        207.965     1342.469      197.872        1.684      190.048       43.465        0.366      640.548       24.970
OD_TOC.bld3.Fl_O       |        207.965     1342.469      197.872        1.684      180.283       36.143        0.462      803.763       17.201
OD_TOC.burner.Fl_O     |        196.735     2896.681      193.108        1.932      196.728       37.034        0.007       18.767     1550.003
OD_TOC.hpt.Fl_O        |         53.617     2082.192       21.861        1.919       43.230       44.357        0.580     1224.873       88.402
OD_TOC.duct11.Fl_O     |         53.343     2082.192       21.861        1.919       46.369       44.357        0.466      992.508      103.556
OD_TOC.lpt.Fl_O        |         33.067     1815.248      -26.898        1.911       24.245       47.845        0.697     1364.584      129.781
OD_TOC.duct13.Fl_O     |         32.713     1815.248      -26.898        1.912       21.497       47.845        0.816     1576.749      123.287
OD_TOC.core_nozz.Fl_O  |         32.713     1815.248      -26.898        1.912       17.646       47.845        1.000     1889.128      119.338
OD_TOC.byp_bld.Fl_O    |          9.310      517.660       -6.424        1.662        6.018      249.606        1.946     2426.988      442.211
OD_TOC.duct15.Fl_O     |          9.171      517.660       -6.424        1.663        0.084      249.606        1.927  -786012.073      441.420
OD_TOC.byp_nozz.Fl_O   |          9.171      517.660       -6.424        1.663        4.843      249.606        1.000     1018.368     1164.332
------------------------------------------------------------------------------------------------------------------------------------------------
-------------------------------------------------------------------------------------------------------------------------------------------------------------------------------------------------------
                          COMPRESSOR PROPERTIES
-------------------------------------------------------------------------------------------------------------------------------------------------------------------------------------------------------
Compressor    |           Wc         Pr      eta_a      eta_p         Nc        pwr   RlineMap      NcMap      WcMap      PRmap   alphaMap        SMN        SMW     effMap
-------------------------------------------------------------------------------------------------------------------------------------------------------------------------------------------------------
OD_TOC.fan    |      680.525      1.539      0.906      0.911   5355.284  -6667.199      2.000      0.990      1.739    799.849      0.000     31.814      4.425      0.906
OD_TOC.lpc    |       77.868      2.037      0.928      0.935   5004.873  -2097.581      2.000      1.000      1.970     87.460      0.000     13.687      9.637      0.928
OD_TOC.hpc    |       43.047     11.132      0.872      0.906  13469.960 -11407.258      2.000      0.976      9.485     49.421      0.000     21.088     17.508      0.872
-------------------------------------------------------------------------------------------------------------------------------------------------------------------------------------------------------
---------------------------------------------------------------------------
                            BURNER PROPERTIES
---------------------------------------------------------------------------
Burner              |           dPqP        TtOut        Wfuel          FAR
OD_TOC.burner       |         0.0540      2896.68       0.8916      0.02467
--------------------------------------------------------------------------------------------------------------------------------------
                            TURBINE PROPERTIES
--------------------------------------------------------------------------------------------------------------------------------------
Turbine       |             Wp           PR        eff_a        eff_p           Np          pwr        NpMap        PRmap     alphaMap
OD_TOC.hpt    |         10.132        3.669        0.889        0.873      278.703    10796.550      100.000        6.000        1.000
OD_TOC.lpt    |         37.944        1.613        0.900        0.894      109.575     3739.639      100.000        6.000        1.000
-------------------------------------------------------------------------------------------------------------------------
                            NOZZLE PROPERTIES
-------------------------------------------------------------------------------------------------------------------------
Nozzle        |             PR           Cv          Cfg          Ath         MNth        MNout            V           Fg
OD_TOC.core_nozz|          2.000        0.993        N/A        119.338        1.000        1.000     1889.128     2944.361
OD_TOC.byp_nozz|          2.000        0.994        N/A       1164.332        1.000        1.000     1018.368     8152.476
---------------------------------------------------------------------------------------------------------------------------
                            SHAFT PROPERTIES
---------------------------------------------------------------------------------------------------------------------------
Shaft               |                 Nmech               trqin              trqout               pwrin              pwrout
OD_TOC.hp_shaft     |             15000.000            3780.311           -3994.145           10796.544          -11407.251
OD_TOC.lp_shaft     |              5000.000            3928.199           -9206.717            3739.637           -8764.774
--------------------------------------------------------------------------------------------------------------------
                            BLEED PROPERTIES
--------------------------------------------------------------------------------------------------------------------
Bleed                 |         Wb/Win        Pfrac     Workfrac            W           Tt           ht           Pt
OD_TOC.hpc.cool1      |          0.051        0.500        0.500        2.492      999.599      110.809      113.323
OD_TOC.hpc.cool2      |          0.020        0.550        0.500        0.996      999.599      110.809      122.787
OD_TOC.hpc.cust       |          0.044        0.500        0.500        2.187      999.599      110.809      113.323
OD_TOC.bld3.cool3     |          0.067        1.000        1.000        2.921     1342.469      197.872      207.965
OD_TOC.bld3.cool4     |          0.101        1.000        1.000        4.401     1342.469      197.872      207.965
OD_TOC.byp_bld.bypBld |          0.005        1.000        1.000        1.254      517.660       -6.424        9.310



----------------------------------------------------------------------------
                              POINT: OD_LDG
----------------------------------------------------------------------------
                       PERFORMANCE CHARACTERISTICS
    Mach      Alt       W      Fn      Fg    Fram     OPR     TSFC      BPR 
 0.20000      0.0 156.731  4577.3  5665.1  1087.8  18.345  0.67581    2.388
------------------------------------------------------------------------------------------------------------------------------------------------
                            FLOW STATIONS
------------------------------------------------------------------------------------------------------------------------------------------------
------------------------------------------------------------------------------------------------------------------------------------------------
Flow Station           |          tot:P        tot:T        tot:h        tot:S       stat:P       stat:W      stat:MN       stat:V    stat:area
------------------------------------------------------------------------------------------------------------------------------------------------
OD_LDG.fc.Fl_O         |         15.112      522.821       -5.186        1.631       14.696      156.731        0.200      223.305     1321.607
OD_LDG.inlet.Fl_O      |         15.096      522.821       -5.186        1.631        2.304      156.731        1.885     1615.495      685.893
OD_LDG.fan.Fl_O        |         19.076      563.485        4.574        1.633       17.550      156.731        0.347      399.183      656.736
OD_LDG.splitter.Fl_O1  |         19.076      563.485        4.574        1.633       18.483       46.263        0.213      246.710      302.274
OD_LDG.splitter.Fl_O2  |         19.076      563.485        4.574        1.633       17.388      110.468        0.366      420.596      442.246
OD_LDG.duct4.Fl_O      |         18.985      563.485        4.574        1.634       18.388       46.263        0.214      247.964      302.266
OD_LDG.lpc.Fl_O        |         27.964      634.705       21.701        1.636       26.509       46.263        0.278      339.967      171.206
OD_LDG.duct6.Fl_O      |         27.682      634.705       21.701        1.636       25.765       46.263        0.322      393.434      151.420
OD_LDG.hpc.Fl_O        |        276.944     1282.002      182.246        1.652      266.176       40.921        0.242      416.682       24.970
OD_LDG.bld3.Fl_O       |        276.944     1282.002      182.246        1.652      260.903       34.027        0.297      510.421       17.201
OD_LDG.burner.Fl_O     |        261.989     2880.000      177.757        1.911      261.985       34.886        0.005       13.199     1550.003
OD_LDG.hpt.Fl_O        |         70.449     2060.082        6.761        1.897       64.452       41.780        0.370      789.012       88.402
OD_LDG.duct11.Fl_O     |         70.090     2060.082        6.761        1.898       65.827       41.780        0.310      663.604      103.556
OD_LDG.lpt.Fl_O        |         44.107     1805.309      -37.828        1.890       39.463       45.064        0.413      824.692      129.781
OD_LDG.duct13.Fl_O     |         43.635     1805.309      -37.828        1.891       38.322       45.064        0.446      889.927      123.287
OD_LDG.core_nozz.Fl_O  |         43.635     1805.309      -37.828        1.891       23.536       45.064        1.000     1883.998       84.034
OD_LDG.byp_bld.Fl_O    |         19.076      563.485        4.574        1.633       17.406      109.915        0.364      418.209      442.211
OD_LDG.duct15.Fl_O     |         18.792      563.485        4.574        1.634       17.084      109.915        0.371      426.414      441.420
OD_LDG.byp_nozz.Fl_O   |         18.792      563.485        4.574        1.634       14.696      109.915        0.603      677.709      309.280
------------------------------------------------------------------------------------------------------------------------------------------------
-------------------------------------------------------------------------------------------------------------------------------------------------------------------------------------------------------
                          COMPRESSOR PROPERTIES
-------------------------------------------------------------------------------------------------------------------------------------------------------------------------------------------------------
Compressor    |           Wc         Pr      eta_a      eta_p         Nc        pwr   RlineMap      NcMap      WcMap      PRmap   alphaMap        SMN        SMW     effMap
-------------------------------------------------------------------------------------------------------------------------------------------------------------------------------------------------------
OD_LDG.fan    |      153.182      1.264      0.889      0.892   3716.513  -2164.271      1.638      0.730      1.361    555.214      0.000     36.643     20.766      0.889
OD_LDG.lpc    |       37.328      1.473      0.924      0.928   3579.904  -1121.078      1.645      0.757      1.442     61.981      0.000     17.992     14.194      0.924
OD_LDG.hpc    |       27.169     10.004      0.878      0.909  13109.713  -9901.868      1.949      0.955      8.541     45.306      0.000     22.443     22.812      0.878
-------------------------------------------------------------------------------------------------------------------------------------------------------------------------------------------------------
---------------------------------------------------------------------------
                            BURNER PROPERTIES
---------------------------------------------------------------------------
Burner              |           dPqP        TtOut        Wfuel          FAR
OD_LDG.burner       |         0.0540      2880.00       0.8593      0.02525
--------------------------------------------------------------------------------------------------------------------------------------
                            TURBINE PROPERTIES
--------------------------------------------------------------------------------------------------------------------------------------
Turbine       |             Wp           PR        eff_a        eff_p           Np          pwr        NpMap        PRmap     alphaMap
OD_LDG.hpt    |          7.146        3.719        0.886        0.869      270.232    10151.868       98.616        6.093        1.000
OD_LDG.lpt    |         27.056        1.589        0.875        0.868       82.210     3285.349       80.079        5.804        1.000
-------------------------------------------------------------------------------------------------------------------------
                            NOZZLE PROPERTIES
-------------------------------------------------------------------------------------------------------------------------
Nozzle        |             PR           Cv          Cfg          Ath         MNth        MNout            V           Fg
OD_LDG.core_nozz|          2.969        0.993        N/A         84.034        1.000        1.000     1883.998     3364.021
OD_LDG.byp_nozz|          1.279        0.994        N/A        309.280        0.603        0.603      677.709     2301.119
---------------------------------------------------------------------------------------------------------------------------
                            SHAFT PROPERTIES
---------------------------------------------------------------------------------------------------------------------------
Shaft               |                 Nmech               trqin              trqout               pwrin              pwrout
OD_LDG.hp_shaft     |             14502.189            3676.599           -3586.059           10151.862           -9901.862
OD_LDG.lp_shaft     |              3731.357            4624.327           -4624.327            3285.347           -3285.347
--------------------------------------------------------------------------------------------------------------------
                            BLEED PROPERTIES
--------------------------------------------------------------------------------------------------------------------
Bleed                 |         Wb/Win        Pfrac     Workfrac            W           Tt           ht           Pt
OD_LDG.hpc.cool1      |          0.051        0.500        0.500        2.346      963.990      101.974      152.313
OD_LDG.hpc.cool2      |          0.020        0.550        0.500        0.938      963.990      101.974      164.776
OD_LDG.hpc.cust       |          0.044        0.500        0.500        2.059      963.990      101.974      152.313
OD_LDG.bld3.cool3     |          0.067        1.000        1.000        2.750     1282.002      182.246      276.944
OD_LDG.bld3.cool4     |          0.101        1.000        1.000        4.143     1282.002      182.246      276.944
OD_LDG.byp_bld.bypBld |          0.005        1.000        1.000        0.552      563.485        4.574       19.076
