


----------------------------------------------------------------------------
                              POINT: DESIGN
----------------------------------------------------------------------------
                       PERFORMANCE CHARACTERISTICS
    Mach      Alt       W      Fn      Fg    Fram     OPR     TSFC      BPR 
 0.80000  35000.0  92.075  2535.1  4763.4  2228.2  60.291  0.68169    2.000
------------------------------------------------------------------------------------------------------------------------------------------------
                            FLOW STATIONS
------------------------------------------------------------------------------------------------------------------------------------------------
------------------------------------------------------------------------------------------------------------------------------------------------
Flow Station           |          tot:P        tot:T        tot:h        tot:S       stat:P       stat:W      stat:MN       stat:V    stat:area
------------------------------------------------------------------------------------------------------------------------------------------------
DESIGN.fc.Fl_O         |          5.273      444.404      -23.983        1.665        3.458       92.075        0.800      778.619      718.578
DESIGN.inlet.Fl_O      |          5.267      444.404      -23.983        1.665        3.623       92.075        0.751      735.912      735.667
DESIGN.fan.Fl_O        |          8.955      525.801       -4.471        1.669        7.756       92.075        0.458      504.210      633.932
DESIGN.splitter.Fl_O1  |          8.955      525.801       -4.471        1.669        8.376       30.692        0.310      345.631      291.782
DESIGN.splitter.Fl_O2  |          8.955      525.801       -4.471        1.669        7.784       61.383        0.452      497.862      426.890
DESIGN.duct4.Fl_O      |          8.912      525.801       -4.471        1.669        8.330       30.692        0.312      347.488      291.774
DESIGN.lpc.Fl_O        |         26.735      734.681       45.848        1.674       25.060       30.692        0.306      402.054      117.232
DESIGN.duct6.Fl_O      |         26.465      734.681       45.848        1.675       24.248       30.692        0.356      466.816      103.679
DESIGN.hpc.Fl_O        |        317.576     1551.123      252.674        1.693      305.124       27.147        0.244      460.322       15.831
DESIGN.bld3.Fl_O       |        317.576     1551.123      252.674        1.693      299.014       22.574        0.300      564.118       10.904
DESIGN.burner.Fl_O     |        300.427     2880.000      247.413        1.898      298.407       23.054        0.102      258.153       45.910
DESIGN.hpt.Fl_O        |         56.539     1954.984       36.368        1.894       51.833       27.627        0.365      759.723       71.653
DESIGN.duct11.Fl_O     |         56.251     1954.984       36.368        1.895       52.902       27.627        0.306      639.396       83.932
DESIGN.lpt.Fl_O        |         28.505     1640.972      -27.705        1.891       25.484       29.806        0.413      788.810      126.220
DESIGN.duct13.Fl_O     |         28.200     1640.972      -27.705        1.892       24.744       29.806        0.446      851.157      119.909
DESIGN.core_nozz.Fl_O  |         28.200     1640.972      -27.705        1.892       15.160       29.806        1.000     1799.190       81.782
DESIGN.byp_bld.Fl_O    |          8.955      525.801       -4.471        1.669        7.798       61.077        0.449      494.790      426.856
DESIGN.duct15.Fl_O     |          8.821      525.801       -4.471        1.670        7.635       61.077        0.459      505.373      426.092
DESIGN.byp_nozz.Fl_O   |          8.821      525.801       -4.471        1.670        4.659       61.077        1.000     1026.343      298.533
------------------------------------------------------------------------------------------------------------------------------------------------
-------------------------------------------------------------------------------------------------------------------------------------------------------------------------------------------------------
                          COMPRESSOR PROPERTIES
-------------------------------------------------------------------------------------------------------------------------------------------------------------------------------------------------------
Compressor    |           Wc         Pr      eta_a      eta_p         Nc        pwr   RlineMap      NcMap      WcMap      PRmap   alphaMap        SMN        SMW     effMap
-------------------------------------------------------------------------------------------------------------------------------------------------------------------------------------------------------
DESIGN.fan    |      237.788      1.700      0.895      0.902   5040.927  -2541.876      2.200      0.990      1.685    803.556      0.000     36.641     29.886      0.895
DESIGN.lpc    |       50.960      3.000      0.924      0.935   4634.352  -2185.089      2.150      1.000      1.935     87.666      0.000     15.987     15.644      0.924
DESIGN.hpc    |       20.284     12.000      0.871      0.905  12356.115  -8462.686      2.050      0.976      9.374     49.454      0.000     22.598     22.468      0.871
-------------------------------------------------------------------------------------------------------------------------------------------------------------------------------------------------------
---------------------------------------------------------------------------
                            BURNER PROPERTIES
---------------------------------------------------------------------------
Burner              |           dPqP        TtOut        Wfuel          FAR
DESIGN.burner       |         0.0540      2880.00       0.4800      0.02127
--------------------------------------------------------------------------------------------------------------------------------------
                            TURBINE PROPERTIES
--------------------------------------------------------------------------------------------------------------------------------------
Turbine       |             Wp           PR        eff_a        eff_p           Np          pwr        NpMap        PRmap     alphaMap
DESIGN.hpt    |          4.118        5.314        0.889        0.868      274.025     8283.527      100.000        6.000        1.000
DESIGN.lpt    |         21.716        1.973        0.900        0.892      105.532     3050.027      100.000        6.000        1.000
-------------------------------------------------------------------------------------------------------------------------
                            NOZZLE PROPERTIES
-------------------------------------------------------------------------------------------------------------------------
Nozzle        |             PR           Cv          Cfg          Ath         MNth        MNout            V           Fg
DESIGN.core_nozz|          5.402        0.993        N/A         81.782        1.000        1.000     1799.190     2468.520
DESIGN.byp_nozz|          2.551        0.994        N/A        298.533        1.000        1.000     1026.343     2294.846
---------------------------------------------------------------------------------------------------------------------------
                            SHAFT PROPERTIES
---------------------------------------------------------------------------------------------------------------------------
Shaft               |                 Nmech               trqin              trqout               pwrin              pwrout
DESIGN.hp_shaft     |             14705.700            2958.444           -3022.431            8283.522           -8462.681
DESIGN.lp_shaft     |              4666.100            3433.077           -5320.619            3050.025           -4726.962
--------------------------------------------------------------------------------------------------------------------
                            BLEED PROPERTIES
--------------------------------------------------------------------------------------------------------------------
Bleed                 |         Wb/Win        Pfrac     Workfrac            W           Tt           ht           Pt
DESIGN.hpc.cool1      |          0.051        0.500        0.500        1.556     1152.839      149.261      172.020
DESIGN.hpc.cool2      |          0.020        0.550        0.500        0.622     1152.839      149.261      186.576
DESIGN.hpc.cust       |          0.044        0.500        0.500        1.366     1152.839      149.261      172.020
DESIGN.bld3.cool3     |          0.067        1.000        1.000        1.825     1551.123      252.674      317.576
DESIGN.bld3.cool4     |          0.101        1.000        1.000        2.749     1551.123      252.674      317.576
DESIGN.byp_bld.bypBld |          0.005        1.000        1.000        0.307      525.801       -4.471        8.955



----------------------------------------------------------------------------
                              POINT: OD_TOfail
----------------------------------------------------------------------------
                       PERFORMANCE CHARACTERISTICS
    Mach      Alt       W      Fn      Fg    Fram     OPR     TSFC      BPR 
 0.18000      0.0 800.000 26899.2 31896.3  4997.2  64.538  0.31822    5.105
------------------------------------------------------------------------------------------------------------------------------------------------
                            FLOW STATIONS
------------------------------------------------------------------------------------------------------------------------------------------------
------------------------------------------------------------------------------------------------------------------------------------------------
Flow Station           |          tot:P        tot:T        tot:h        tot:S       stat:P       stat:W      stat:MN       stat:V    stat:area
------------------------------------------------------------------------------------------------------------------------------------------------
OD_TOfail.fc.Fl_O      |         15.032      522.033       -5.375        1.631       14.696      800.000        0.180      200.974     7495.395
OD_TOfail.inlet.Fl_O   |         15.017      522.033       -5.375        1.631     -112.271      800.000        3.600     3918.992      735.667
OD_TOfail.fan.Fl_O     |         26.352      622.368       18.731        1.635      -13.555      800.000     -131.983  1695327.917      633.932
OD_TOfail.splitter.Fl_O|         26.352      622.368       18.731        1.635       21.409      131.040        0.553      656.503      291.782
OD_TOfail.splitter.Fl_O|         26.352      622.368       18.731        1.635    -2707.406      668.960       15.200  1042064.098      426.890
OD_TOfail.duct4.Fl_O   |         26.225      622.368       18.731        1.635       21.242      131.040        0.557      661.111      291.774
OD_TOfail.lpc.Fl_O     |         80.611      872.911       79.533        1.640       66.867      131.040        0.525      738.783      117.232
OD_TOfail.duct6.Fl_O   |         79.797      872.911       79.533        1.641       60.042      131.040        0.652      905.160      103.679
OD_TOfail.hpc.Fl_O     |        969.158     1818.354      324.726        1.659      875.671      115.907        0.392      790.713       15.831
OD_TOfail.bld3.Fl_O    |        969.158     1818.354      324.726        1.659      822.998       96.380        0.499      999.900       10.904
OD_TOfail.burner.Fl_O  |        916.824     3288.726      316.908        1.867      916.812       98.758        0.005       12.193     1550.003
OD_TOfail.hpt.Fl_O     |        172.542     2262.195       74.393        1.863      132.224      118.285        0.648     1415.516       71.653
OD_TOfail.duct11.Fl_O  |        171.662     2262.195       74.393        1.863      145.368      118.285        0.509     1125.310       83.932
OD_TOfail.lpt.Fl_O     |         86.989     1909.415       -0.253        1.859       56.315      127.587        0.832     1644.632      126.220
OD_TOfail.duct13.Fl_O  |         86.059     1909.415       -0.253        1.860       35.933      127.587        1.230     2334.442      119.909
OD_TOfail.core_nozz.Fl_|         86.059     1909.415       -0.253        1.860       46.487      127.587        1.000     1936.154      124.203
OD_TOfail.byp_bld.Fl_O |         26.352      622.368       18.731        1.635      -44.112      665.615      -36.435    96985.683      426.856
OD_TOfail.duct15.Fl_O  |         25.959      622.368       18.731        1.636      -20.552      665.615     -149.478  2296956.648      426.092
OD_TOfail.byp_nozz.Fl_O|         25.959      622.368       18.731        1.636       13.712      665.615        1.000     1116.585     1203.128
------------------------------------------------------------------------------------------------------------------------------------------------
-------------------------------------------------------------------------------------------------------------------------------------------------------------------------------------------------------
                          COMPRESSOR PROPERTIES
-------------------------------------------------------------------------------------------------------------------------------------------------------------------------------------------------------
Compressor    |           Wc         Pr      eta_a      eta_p         Nc        pwr   RlineMap      NcMap      WcMap      PRmap   alphaMap        SMN        SMW     effMap
-------------------------------------------------------------------------------------------------------------------------------------------------------------------------------------------------------
OD_TOfail.fan |      785.434      1.755      0.906      0.913   4983.870 -27285.008      2.000      0.990      1.739    799.849      0.000     31.814      4.425      0.906
OD_TOfail.lpc |       80.438      3.074      0.928      0.938   4564.486 -11272.848      2.000      1.000      1.970     87.460      0.000     13.687      9.637      0.928
OD_TOfail.hpc |       31.308     12.145      0.872      0.906  11562.504 -42834.604      2.000      0.976      9.485     49.421      0.000     21.088     17.508      0.872
-------------------------------------------------------------------------------------------------------------------------------------------------------------------------------------------------------
---------------------------------------------------------------------------
                            BURNER PROPERTIES
---------------------------------------------------------------------------
Burner              |           dPqP        TtOut        Wfuel          FAR
OD_TOfail.burner    |         0.0540      3288.73       2.3777      0.02467
--------------------------------------------------------------------------------------------------------------------------------------
                            TURBINE PROPERTIES
--------------------------------------------------------------------------------------------------------------------------------------
Turbine       |             Wp           PR        eff_a        eff_p           Np          pwr        NpMap        PRmap     alphaMap
OD_TOfail.hpt |          6.177        5.314        0.889        0.868      261.564    40802.382      100.000        6.000        1.000
OD_TOfail.lpt |         32.773        1.973        0.900        0.892      105.125    15155.887      100.000        6.000        1.000
-------------------------------------------------------------------------------------------------------------------------
                            NOZZLE PROPERTIES
-------------------------------------------------------------------------------------------------------------------------
Nozzle        |             PR           Cv          Cfg          Ath         MNth        MNout            V           Fg
OD_TOfail.core_nozz|          2.000        0.993        N/A        124.203        1.000        1.000     1936.154     8055.884
OD_TOfail.byp_nozz|          2.000        0.994        N/A       1203.128        1.000        1.000     1116.585    23840.455
---------------------------------------------------------------------------------------------------------------------------
                            SHAFT PROPERTIES
---------------------------------------------------------------------------------------------------------------------------
Shaft               |                 Nmech               trqin              trqout               pwrin              pwrout
OD_TOfail.hp_shaft  |             15000.000           14286.573          -14998.137           40802.358          -42834.578
OD_TOfail.lp_shaft  |              5000.000           15920.077          -40502.020           15155.878          -38557.833
-----------------------------------------------------------------------------------------------------------------------
                            BLEED PROPERTIES
-----------------------------------------------------------------------------------------------------------------------
Bleed                    |         Wb/Win        Pfrac     Workfrac            W           Tt           ht           Pt
OD_TOfail.hpc.cool1      |          0.051        0.500        0.500        6.645     1358.864      202.130      524.478
OD_TOfail.hpc.cool2      |          0.020        0.550        0.500        2.657     1358.864      202.130      568.946
OD_TOfail.hpc.cust       |          0.044        0.500        0.500        5.831     1358.864      202.130      524.478
OD_TOfail.bld3.cool3     |          0.067        1.000        1.000        7.791     1818.354      324.726      969.158
OD_TOfail.bld3.cool4     |          0.101        1.000        1.000       11.736     1818.354      324.726      969.158
OD_TOfail.byp_bld.bypBld |          0.005        1.000        1.000        3.345      622.368       18.731       26.352



----------------------------------------------------------------------------
                              POINT: OD_TO
----------------------------------------------------------------------------
                       PERFORMANCE CHARACTERISTICS
    Mach      Alt       W      Fn      Fg    Fram     OPR     TSFC      BPR 
 0.18000      0.0 800.000 26899.2 31896.3  4997.2  64.538  0.31822    5.105
------------------------------------------------------------------------------------------------------------------------------------------------
                            FLOW STATIONS
------------------------------------------------------------------------------------------------------------------------------------------------
------------------------------------------------------------------------------------------------------------------------------------------------
Flow Station           |          tot:P        tot:T        tot:h        tot:S       stat:P       stat:W      stat:MN       stat:V    stat:area
------------------------------------------------------------------------------------------------------------------------------------------------
OD_TO.fc.Fl_O          |         15.032      522.033       -5.375        1.631       14.696      800.000        0.180      200.974     7495.395
OD_TO.inlet.Fl_O       |         15.017      522.033       -5.375        1.631     -112.271      800.000        3.600     3918.992      735.667
OD_TO.fan.Fl_O         |         26.352      622.368       18.731        1.635      -13.555      800.000     -131.983  1695327.917      633.932
OD_TO.splitter.Fl_O1   |         26.352      622.368       18.731        1.635       21.409      131.040        0.553      656.503      291.782
OD_TO.splitter.Fl_O2   |         26.352      622.368       18.731        1.635    -2707.406      668.960       15.200  1042064.098      426.890
OD_TO.duct4.Fl_O       |         26.225      622.368       18.731        1.635       21.242      131.040        0.557      661.111      291.774
OD_TO.lpc.Fl_O         |         80.611      872.911       79.533        1.640       66.867      131.040        0.525      738.783      117.232
OD_TO.duct6.Fl_O       |         79.797      872.911       79.533        1.641       60.042      131.040        0.652      905.160      103.679
OD_TO.hpc.Fl_O         |        969.158     1818.354      324.726        1.659      875.671      115.907        0.392      790.713       15.831
OD_TO.bld3.Fl_O        |        969.158     1818.354      324.726        1.659      822.998       96.380        0.499      999.900       10.904
OD_TO.burner.Fl_O      |        916.824     3288.726      316.908        1.867      916.812       98.758        0.005       12.193     1550.003
OD_TO.hpt.Fl_O         |        172.542     2262.195       74.393        1.863      132.224      118.285        0.648     1415.516       71.653
OD_TO.duct11.Fl_O      |        171.662     2262.195       74.393        1.863      145.368      118.285        0.509     1125.310       83.932
OD_TO.lpt.Fl_O         |         86.989     1909.415       -0.253        1.859       56.315      127.587        0.832     1644.632      126.220
OD_TO.duct13.Fl_O      |         86.059     1909.415       -0.253        1.860       35.933      127.587        1.230     2334.442      119.909
OD_TO.core_nozz.Fl_O   |         86.059     1909.415       -0.253        1.860       46.487      127.587        1.000     1936.154      124.203
OD_TO.byp_bld.Fl_O     |         26.352      622.368       18.731        1.635      -44.112      665.615      -36.435    96985.683      426.856
OD_TO.duct15.Fl_O      |         25.959      622.368       18.731        1.636      -20.552      665.615     -149.478  2296956.648      426.092
OD_TO.byp_nozz.Fl_O    |         25.959      622.368       18.731        1.636       13.712      665.615        1.000     1116.585     1203.128
------------------------------------------------------------------------------------------------------------------------------------------------
-------------------------------------------------------------------------------------------------------------------------------------------------------------------------------------------------------
                          COMPRESSOR PROPERTIES
-------------------------------------------------------------------------------------------------------------------------------------------------------------------------------------------------------
Compressor    |           Wc         Pr      eta_a      eta_p         Nc        pwr   RlineMap      NcMap      WcMap      PRmap   alphaMap        SMN        SMW     effMap
-------------------------------------------------------------------------------------------------------------------------------------------------------------------------------------------------------
OD_TO.fan     |      785.434      1.755      0.906      0.913   4983.870 -27285.008      2.000      0.990      1.739    799.849      0.000     31.814      4.425      0.906
OD_TO.lpc     |       80.438      3.074      0.928      0.938   4564.486 -11272.848      2.000      1.000      1.970     87.460      0.000     13.687      9.637      0.928
OD_TO.hpc     |       31.308     12.145      0.872      0.906  11562.504 -42834.604      2.000      0.976      9.485     49.421      0.000     21.088     17.508      0.872
-------------------------------------------------------------------------------------------------------------------------------------------------------------------------------------------------------
---------------------------------------------------------------------------
                            BURNER PROPERTIES
---------------------------------------------------------------------------
Burner              |           dPqP        TtOut        Wfuel          FAR
OD_TO.burner        |         0.0540      3288.73       2.3777      0.02467
--------------------------------------------------------------------------------------------------------------------------------------
                            TURBINE PROPERTIES
--------------------------------------------------------------------------------------------------------------------------------------
Turbine       |             Wp           PR        eff_a        eff_p           Np          pwr        NpMap        PRmap     alphaMap
OD_TO.hpt     |          6.177        5.314        0.889        0.868      261.564    40802.382      100.000        6.000        1.000
OD_TO.lpt     |         32.773        1.973        0.900        0.892      105.125    15155.887      100.000        6.000        1.000
-------------------------------------------------------------------------------------------------------------------------
                            NOZZLE PROPERTIES
-------------------------------------------------------------------------------------------------------------------------
Nozzle        |             PR           Cv          Cfg          Ath         MNth        MNout            V           Fg
OD_TO.core_nozz|          2.000        0.993        N/A        124.203        1.000        1.000     1936.154     8055.884
OD_TO.byp_nozz|          2.000        0.994        N/A       1203.128        1.000        1.000     1116.585    23840.455
---------------------------------------------------------------------------------------------------------------------------
                            SHAFT PROPERTIES
---------------------------------------------------------------------------------------------------------------------------
Shaft               |                 Nmech               trqin              trqout               pwrin              pwrout
OD_TO.hp_shaft      |             15000.000           14286.573          -14998.137           40802.358          -42834.578
OD_TO.lp_shaft      |              5000.000           15920.077          -40502.020           15155.878          -38557.833
-------------------------------------------------------------------------------------------------------------------
                            BLEED PROPERTIES
-------------------------------------------------------------------------------------------------------------------
Bleed                |         Wb/Win        Pfrac     Workfrac            W           Tt           ht           Pt
OD_TO.hpc.cool1      |          0.051        0.500        0.500        6.645     1358.864      202.130      524.478
OD_TO.hpc.cool2      |          0.020        0.550        0.500        2.657     1358.864      202.130      568.946
OD_TO.hpc.cust       |          0.044        0.500        0.500        5.831     1358.864      202.130      524.478
OD_TO.bld3.cool3     |          0.067        1.000        1.000        7.791     1818.354      324.726      969.158
OD_TO.bld3.cool4     |          0.101        1.000        1.000       11.736     1818.354      324.726      969.158
OD_TO.byp_bld.bypBld |          0.005        1.000        1.000        3.345      622.368       18.731       26.352
