


----------------------------------------------------------------------------
                              POINT: DESIGN
----------------------------------------------------------------------------
                       PERFORMANCE CHARACTERISTICS
    Mach      Alt       W      Fn      Fg    Fram     OPR     TSFC      BPR 
 0.74000  28000.0 592.020  5900.0 19565.5 13665.5  34.579  0.58454   10.000
------------------------------------------------------------------------------------------------------------------------------------------------
                            FLOW STATIONS
------------------------------------------------------------------------------------------------------------------------------------------------
------------------------------------------------------------------------------------------------------------------------------------------------
Flow Station           |          tot:P        tot:T        tot:h        tot:S       stat:P       stat:W      stat:MN       stat:V    stat:area
------------------------------------------------------------------------------------------------------------------------------------------------
DESIGN.fc.Fl_O         |          6.873      464.798      -19.097        1.657        4.776      592.020        0.740      742.670     3729.159
DESIGN.inlet.Fl_O      |          6.867      464.798      -19.097        1.657        4.945      592.020        0.701      707.124     3822.015
DESIGN.fan.Fl_O        |          8.927      505.277       -9.394        1.659        7.731      592.020        0.458      494.303     4007.956
DESIGN.splitter.Fl_O1  |          8.927      505.277       -9.394        1.659        8.350       53.820        0.310      338.845      503.109
DESIGN.splitter.Fl_O2  |          8.927      505.277       -9.394        1.659        7.760      538.200        0.452      488.080     3680.396
DESIGN.duct4.Fl_O      |          8.884      505.277       -9.394        1.660        8.303       53.820        0.312      340.665      503.095
DESIGN.lpc.Fl_O        |         26.651      706.258       38.968        1.665       24.981       53.820        0.306      394.334      202.123
DESIGN.duct6.Fl_O      |         26.382      706.258       38.968        1.665       24.171       53.820        0.356      457.845      178.757
DESIGN.hpc.Fl_O        |        237.437     1353.871      200.832        1.677      228.054       47.605        0.244      431.748       34.553
DESIGN.bld3.Fl_O       |        237.437     1353.871      200.832        1.677      223.452       39.585        0.300      529.059       23.801
DESIGN.burner.Fl_O     |        224.615     2880.000      196.086        1.921      223.107       40.543        0.102      257.975      108.061
DESIGN.hpt.Fl_O        |         60.354     2066.076       24.203        1.908       55.351       48.563        0.365      779.413      121.543
DESIGN.duct11.Fl_O     |         60.047     2066.076       24.203        1.908       56.487       48.563        0.306      655.934      142.377
DESIGN.lpt.Fl_O        |         12.356     1423.880     -128.170        1.912       11.037       52.383        0.413      737.266      475.085
DESIGN.duct13.Fl_O     |         12.223     1423.880     -128.170        1.912       10.716       52.383        0.446      795.487      451.357
DESIGN.core_nozz.Fl_O  |         12.223     1423.880     -128.170        1.912        6.549       52.383        1.000     1678.652      308.052
DESIGN.byp_bld.Fl_O    |          8.927      505.277       -9.394        1.659        7.773      535.509        0.449      485.068     3680.106
DESIGN.duct15.Fl_O     |          8.794      505.277       -9.394        1.660        7.611      535.509        0.459      495.443     3673.524
DESIGN.byp_nozz.Fl_O   |          8.794      505.277       -9.394        1.660        4.776      535.509        0.976      985.614     2575.132
------------------------------------------------------------------------------------------------------------------------------------------------
-------------------------------------------------------------------------------------------------------------------------------------------------------------------------------------------------------
                          COMPRESSOR PROPERTIES
-------------------------------------------------------------------------------------------------------------------------------------------------------------------------------------------------------
Compressor    |           Wc         Pr      eta_a      eta_p         Nc        pwr   RlineMap      NcMap      WcMap      PRmap   alphaMap        SMN        SMW     effMap
-------------------------------------------------------------------------------------------------------------------------------------------------------------------------------------------------------
DESIGN.fan    |     1199.447      1.300      0.895      0.899   4929.100  -8127.649      2.200      0.990      1.685    803.556      0.000     36.641     29.886      0.895
DESIGN.lpc    |       87.875      3.000      0.924      0.935   4727.534  -3682.631      2.150      1.000      1.935     87.666      0.000     15.987     15.644      0.924
DESIGN.hpc    |       34.984      9.000      0.907      0.930  12602.289 -11613.789      2.050      0.976      9.374     49.454      0.000     22.598     22.468      0.871
-------------------------------------------------------------------------------------------------------------------------------------------------------------------------------------------------------
---------------------------------------------------------------------------
                            BURNER PROPERTIES
---------------------------------------------------------------------------
Burner              |           dPqP        TtOut        Wfuel          FAR
DESIGN.burner       |         0.0540      2880.00       0.9580      0.02420
--------------------------------------------------------------------------------------------------------------------------------------
                            TURBINE PROPERTIES
--------------------------------------------------------------------------------------------------------------------------------------
Turbine       |             Wp           PR        eff_a        eff_p           Np          pwr        NpMap        PRmap     alphaMap
DESIGN.hpt    |          9.687        3.722        0.889        0.873      274.025    11863.789      100.000        6.000        1.000
DESIGN.lpt    |         36.761        4.860        0.900        0.880      102.655    11810.280      100.000        6.000        1.000
-------------------------------------------------------------------------------------------------------------------------
                            NOZZLE PROPERTIES
-------------------------------------------------------------------------------------------------------------------------
Nozzle        |             PR           Cv          Cfg          Ath         MNth        MNout            V           Fg
DESIGN.core_nozz|          2.559        0.993        N/A        308.052        1.000        1.000     1678.652     3260.905
DESIGN.byp_nozz|          1.841        0.994        N/A       2575.132        0.976        0.976      985.614    16304.636
---------------------------------------------------------------------------------------------------------------------------
                            SHAFT PROPERTIES
---------------------------------------------------------------------------------------------------------------------------
Shaft               |                 Nmech               trqin              trqout               pwrin              pwrout
DESIGN.hp_shaft     |             14705.700            4237.127           -4147.840           11863.782          -11613.782
DESIGN.lp_shaft     |              4666.100           13293.519          -13293.519           11810.273          -11810.273
--------------------------------------------------------------------------------------------------------------------
                            BLEED PROPERTIES
--------------------------------------------------------------------------------------------------------------------
Bleed                 |         Wb/Win        Pfrac     Workfrac            W           Tt           ht           Pt
DESIGN.hpc.cool1      |          0.051        0.500        0.500        2.729     1036.087      119.900      131.909
DESIGN.hpc.cool2      |          0.020        0.550        0.500        1.091     1036.087      119.900      142.462
DESIGN.hpc.cust       |          0.044        0.500        0.500        2.395     1036.087      119.900      131.909
DESIGN.bld3.cool3     |          0.067        1.000        1.000        3.200     1353.871      200.832      237.437
DESIGN.bld3.cool4     |          0.101        1.000        1.000        4.820     1353.871      200.832      237.437
DESIGN.byp_bld.bypBld |          0.005        1.000        1.000        2.691      505.277       -9.394        8.927
