


----------------------------------------------------------------------------
                              POINT: DESIGN
----------------------------------------------------------------------------
                       PERFORMANCE CHARACTERISTICS
    Mach      Alt       W      Fn      Fg    Fram     OPR     TSFC      BPR 
 0.74000  28000.0 404.485  5000.0 14336.7  9336.7  76.842  0.61745    6.000
------------------------------------------------------------------------------------------------------------------------------------------------
                            FLOW STATIONS
------------------------------------------------------------------------------------------------------------------------------------------------
------------------------------------------------------------------------------------------------------------------------------------------------
Flow Station           |          tot:P        tot:T        tot:h        tot:S       stat:P       stat:W      stat:MN       stat:V    stat:area
------------------------------------------------------------------------------------------------------------------------------------------------
DESIGN.fc.Fl_O         |          6.873      464.798      -19.097        1.657        4.776      404.485        0.740      742.670     2547.870
DESIGN.inlet.Fl_O      |          6.867      464.798      -19.097        1.657        4.945      404.485        0.701      707.124     2611.312
DESIGN.fan.Fl_O        |          8.927      505.277       -9.394        1.659        7.731      404.485        0.458      494.303     2738.353
DESIGN.splitter.Fl_O1  |          8.927      505.277       -9.394        1.659        8.350       57.784        0.310      338.845      540.161
DESIGN.splitter.Fl_O2  |          8.927      505.277       -9.394        1.659        7.760      346.701        0.452      488.080     2370.865
DESIGN.duct4.Fl_O      |          8.884      505.277       -9.394        1.660        8.303       57.784        0.312      340.665      540.146
DESIGN.lpc.Fl_O        |         35.535      769.655       54.334        1.666       33.311       57.784        0.306      411.322      170.041
DESIGN.duct6.Fl_O      |         35.176      769.655       54.334        1.667       32.232       57.784        0.356      477.587      150.379
DESIGN.hpc.Fl_O        |        527.637     1683.927      288.232        1.680      507.047       51.111        0.244      478.492       18.735
DESIGN.bld3.Fl_O       |        527.637     1683.927      288.232        1.680      496.941       44.544        0.300      586.411       13.525
DESIGN.burner.Fl_O     |        499.145     2880.000      282.788        1.861      495.786       45.402        0.102      258.280       54.392
DESIGN.hpt.Fl_O        |         73.141     1892.433       35.020        1.867       67.039       51.968        0.365      748.289      102.396
DESIGN.duct11.Fl_O     |         72.768     1892.433       35.020        1.867       68.426       51.968        0.306      629.789      119.941
DESIGN.lpt.Fl_O        |         17.265     1351.308      -90.686        1.873       15.415       56.070        0.413      719.738      353.786
DESIGN.duct13.Fl_O     |         17.080     1351.308      -90.686        1.873       14.964       56.070        0.446      776.541      336.128
DESIGN.core_nozz.Fl_O  |         17.080     1351.308      -90.686        1.873        9.133       56.070        1.000     1636.873      229.511
DESIGN.byp_bld.Fl_O    |          8.927      505.277       -9.394        1.659        7.773      344.968        0.449      485.068     2370.678
DESIGN.duct15.Fl_O     |          8.794      505.277       -9.394        1.660        7.611      344.968        0.459      495.443     2366.438
DESIGN.byp_nozz.Fl_O   |          8.794      505.277       -9.394        1.660        4.776      344.968        0.976      985.614     1658.868
------------------------------------------------------------------------------------------------------------------------------------------------
-------------------------------------------------------------------------------------------------------------------------------------------------------------------------------------------------------
                          COMPRESSOR PROPERTIES
-------------------------------------------------------------------------------------------------------------------------------------------------------------------------------------------------------
Compressor    |           Wc         Pr      eta_a      eta_p         Nc        pwr   RlineMap      NcMap      WcMap      PRmap   alphaMap        SMN        SMW     effMap
-------------------------------------------------------------------------------------------------------------------------------------------------------------------------------------------------------
DESIGN.fan    |      819.497      1.300      0.895      0.899   4929.100  -5553.047      2.200      0.990      1.685    803.556      0.000     36.641     29.886      0.895
DESIGN.lpc    |       94.347      4.000      0.924      0.937   4727.534  -5210.061      2.150      1.000      1.935     87.666      0.000     15.987     15.644      0.924
DESIGN.hpc    |       29.408     15.000      0.907      0.933  12072.113 -18018.237      2.050      0.976      9.374     49.454      0.000     22.598     22.468      0.871
-------------------------------------------------------------------------------------------------------------------------------------------------------------------------------------------------------
---------------------------------------------------------------------------
                            BURNER PROPERTIES
---------------------------------------------------------------------------
Burner              |           dPqP        TtOut        Wfuel          FAR
DESIGN.burner       |         0.0540      2880.00       0.8576      0.01925
--------------------------------------------------------------------------------------------------------------------------------------
                            TURBINE PROPERTIES
--------------------------------------------------------------------------------------------------------------------------------------
Turbine       |             Wp           PR        eff_a        eff_p           Np          pwr        NpMap        PRmap     alphaMap
DESIGN.hpt    |          4.881        6.824        0.889        0.864      274.025    18268.237      100.000        6.000        1.000
DESIGN.lpt    |         31.068        4.215        0.900        0.882      107.261    10763.108      100.000        6.000        1.000
-------------------------------------------------------------------------------------------------------------------------
                            NOZZLE PROPERTIES
-------------------------------------------------------------------------------------------------------------------------
Nozzle        |             PR           Cv          Cfg          Ath         MNth        MNout            V           Fg
DESIGN.core_nozz|          3.576        0.993        N/A        229.511        1.000        1.000     1636.873     3833.454
DESIGN.byp_nozz|          1.841        0.994        N/A       1658.868        0.976        0.976      985.614    10503.243
---------------------------------------------------------------------------------------------------------------------------
                            SHAFT PROPERTIES
---------------------------------------------------------------------------------------------------------------------------
Shaft               |                 Nmech               trqin              trqout               pwrin              pwrout
DESIGN.hp_shaft     |             14705.700            6524.463           -6435.176           18268.226          -18018.226
DESIGN.lp_shaft     |              4666.100           12114.834          -12114.834           10763.101          -10763.101
--------------------------------------------------------------------------------------------------------------------
                            BLEED PROPERTIES
--------------------------------------------------------------------------------------------------------------------
Bleed                 |         Wb/Win        Pfrac     Workfrac            W           Tt           ht           Pt
DESIGN.hpc.cool1      |          0.051        0.500        0.500        2.930     1239.303      171.283      281.407
DESIGN.hpc.cool2      |          0.020        0.550        0.500        1.172     1239.303      171.283      306.030
DESIGN.hpc.cust       |          0.044        0.500        0.500        2.571     1239.303      171.283      281.407
DESIGN.bld3.cool3     |          0.067        1.000        1.000        3.435     1683.927      288.232      527.637
DESIGN.bld3.cool4     |          0.061        1.000        1.000        3.131     1683.927      288.232      527.637
DESIGN.byp_bld.bypBld |          0.005        1.000        1.000        1.734      505.277       -9.394        8.927
