


----------------------------------------------------------------------------
                              POINT: DESIGN
----------------------------------------------------------------------------
                       PERFORMANCE CHARACTERISTICS
    Mach      Alt       W      Fn      Fg    Fram     OPR     TSFC      BPR 
 0.78000  45000.0 1153.166 18000.0 45074.9 27074.9  41.376  0.65890    6.000
------------------------------------------------------------------------------------------------------------------------------------------------
                            FLOW STATIONS
------------------------------------------------------------------------------------------------------------------------------------------------
------------------------------------------------------------------------------------------------------------------------------------------------
Flow Station           |          tot:P        tot:T        tot:h        tot:S       stat:P       stat:W      stat:MN       stat:V    stat:area
------------------------------------------------------------------------------------------------------------------------------------------------
DESIGN.fc.Fl_O         |          3.198      437.553      -25.624        1.695        2.139     1153.166        0.780      755.405    14848.701
DESIGN.inlet.Fl_O      |          3.195      437.553      -25.624        1.695        2.303     1153.166        0.700      685.211    15535.200
DESIGN.fan.Fl_O        |          4.473      486.970      -13.783        1.698        3.892     1153.166        0.450      477.344    15497.543
DESIGN.splitter.Fl_O1  |          4.473      486.970      -13.783        1.698        4.166      164.738        0.320      342.754     2937.101
DESIGN.splitter.Fl_O2  |          4.473      486.970      -13.783        1.698        3.844      988.428        0.470      497.681    12853.754
DESIGN.duct4.Fl_O      |          4.451      486.970      -13.783        1.698        4.128      164.738        0.330      353.241     2872.784
DESIGN.lpc.Fl_O        |         11.128      644.460       24.051        1.703       10.455      164.738        0.300      369.778     1439.344
DESIGN.duct6.Fl_O      |         11.015      644.460       24.051        1.703       10.122      164.738        0.350      430.060     1270.277
DESIGN.hpc.Fl_O        |        132.184     1346.735      198.979        1.716      127.923      145.714        0.220      388.360      208.923
DESIGN.bld3.Fl_O       |        132.184     1346.735      198.979        1.716      124.889      126.994        0.290      510.401      141.013
DESIGN.burner.Fl_O     |        125.046     2970.000      193.947        1.972      124.249      130.288        0.100      255.233      650.024
DESIGN.hpt.Fl_O        |         34.379     2174.240       11.167        1.963       31.758      149.008        0.350      765.809      697.542
DESIGN.duct11.Fl_O     |         34.204     2174.240       11.167        1.964       32.184      149.008        0.306      671.562      788.303
DESIGN.lpt.Fl_O        |         11.342     1660.710     -105.288        1.961       10.264      160.702        0.390      749.918     1804.526
DESIGN.duct13.Fl_O     |         11.221     1660.710     -105.288        1.962        9.995      160.702        0.420      806.123     1717.090
DESIGN.core_nozz.Fl_O  |         11.221     1660.710     -105.288        1.962        6.040      160.702        1.000     1808.769     1115.976
DESIGN.byp_bld.Fl_O    |          4.473      486.970      -13.783        1.698        3.844      983.486        0.470      497.681    12789.486
DESIGN.duct15.Fl_O     |          4.406      486.970      -13.783        1.699        3.739      983.486        0.490      517.908    12590.895
DESIGN.byp_nozz.Fl_O   |          4.406      486.970      -13.783        1.699        2.327      983.486        1.000      987.723     9261.589
------------------------------------------------------------------------------------------------------------------------------------------------
-------------------------------------------------------------------------------------------------------------------------------------------------------------------------------------------------------
                          COMPRESSOR PROPERTIES
-------------------------------------------------------------------------------------------------------------------------------------------------------------------------------------------------------
Compressor    |           Wc         Pr      eta_a      eta_p         Nc        pwr   RlineMap      NcMap      WcMap      PRmap   alphaMap        SMN        SMW     effMap
-------------------------------------------------------------------------------------------------------------------------------------------------------------------------------------------------------
DESIGN.fan    |     4872.283      1.400      0.895      0.900   4355.019 -19320.078      2.200      0.990      1.685    803.556      0.000     36.641     29.886      0.895
DESIGN.lpc    |      527.026      2.500      0.924      0.933   4128.139  -8818.355      2.150      1.000      1.935     87.666      0.000     15.987     15.644      0.924
DESIGN.hpc    |      244.989     12.000      0.907      0.932  11662.485 -38417.917      2.050      0.976      9.374     49.454      0.000     22.598     22.468      0.871
-------------------------------------------------------------------------------------------------------------------------------------------------------------------------------------------------------
---------------------------------------------------------------------------
                            BURNER PROPERTIES
---------------------------------------------------------------------------
Burner              |           dPqP        TtOut        Wfuel          FAR
DESIGN.burner       |         0.0540      2970.00       3.2945      0.02594
--------------------------------------------------------------------------------------------------------------------------------------
                            TURBINE PROPERTIES
--------------------------------------------------------------------------------------------------------------------------------------
Turbine       |             Wp           PR        eff_a        eff_p           Np          pwr        NpMap        PRmap     alphaMap
DESIGN.hpt    |         56.783        3.637        0.889        0.873      238.542    38667.917      100.000        6.000        1.000
DESIGN.lpt    |        203.137        3.016        0.900        0.887       85.784    28138.433      100.000        6.000        1.000
-------------------------------------------------------------------------------------------------------------------------
                            NOZZLE PROPERTIES
-------------------------------------------------------------------------------------------------------------------------
Nozzle        |             PR           Cv          Cfg          Ath         MNth        MNout            V           Fg
DESIGN.core_nozz|          5.246        0.993        N/A       1115.976        1.000        1.000     1808.769    13327.646
DESIGN.byp_nozz|          2.060        0.994        N/A       9261.589        1.000        1.000      987.723    31747.235
---------------------------------------------------------------------------------------------------------------------------
                            SHAFT PROPERTIES
---------------------------------------------------------------------------------------------------------------------------
Shaft               |                 Nmech               trqin              trqout               pwrin              pwrout
DESIGN.hp_shaft     |             13000.000           15622.166          -15521.163           38667.894          -38417.894
DESIGN.lp_shaft     |              4000.000           36946.536          -36946.536           28138.416          -28138.416
--------------------------------------------------------------------------------------------------------------------
                            BLEED PROPERTIES
--------------------------------------------------------------------------------------------------------------------
Bleed                 |         Wb/Win        Pfrac     Workfrac            W           Tt           ht           Pt
DESIGN.hpc.cool1      |          0.051        0.500        0.500        8.354     1002.439      111.515       71.600
DESIGN.hpc.cool2      |          0.020        0.550        0.500        3.340     1002.439      111.515       77.658
DESIGN.hpc.cust       |          0.044        0.500        0.500        7.331     1002.439      111.515       71.600
DESIGN.bld3.cool3     |          0.067        1.000        1.000        9.794     1346.735      198.979      132.184
DESIGN.bld3.cool4     |          0.061        1.000        1.000        8.926     1346.735      198.979      132.184
DESIGN.byp_bld.bypBld |          0.005        1.000        1.000        4.942      486.970      -13.783        4.473
