


----------------------------------------------------------------------------
                              POINT: DESIGN
----------------------------------------------------------------------------
                       PERFORMANCE CHARACTERISTICS
    Mach      Alt       W      Fn      Fg    Fram     OPR     TSFC      BPR 
 0.78000  40000.0 924.621 18000.0 39708.9 21708.9  41.376  0.73961    4.000
------------------------------------------------------------------------------------------------------------------------------------------------
                            FLOW STATIONS
------------------------------------------------------------------------------------------------------------------------------------------------
------------------------------------------------------------------------------------------------------------------------------------------------
Flow Station           |          tot:P        tot:T        tot:h        tot:S       stat:P       stat:W      stat:MN       stat:V    stat:area
------------------------------------------------------------------------------------------------------------------------------------------------
DESIGN.fc.Fl_O         |          4.067      437.553      -25.624        1.679        2.720      924.621        0.780      755.405     9362.490
DESIGN.inlet.Fl_O      |          4.063      437.553      -25.624        1.679        2.928      924.621        0.700      685.211     9795.345
DESIGN.fan.Fl_O        |          5.688      486.970      -13.783        1.681        4.949      924.621        0.450      477.344     9771.601
DESIGN.splitter.Fl_O1  |          5.688      486.970      -13.783        1.681        5.298      184.924        0.320      342.754     2592.686
DESIGN.splitter.Fl_O2  |          5.688      486.970      -13.783        1.681        4.889      739.697        0.470      497.681     7564.316
DESIGN.duct4.Fl_O      |          5.660      486.970      -13.783        1.682        5.249      184.924        0.330      353.241     2535.910
DESIGN.lpc.Fl_O        |         14.151      644.460       24.051        1.686       13.295      184.924        0.300      369.778     1270.561
DESIGN.duct6.Fl_O      |         14.008      644.460       24.051        1.687       12.871      184.924        0.350      430.060     1121.320
DESIGN.hpc.Fl_O        |        168.092     1346.735      198.979        1.699      162.674      163.569        0.220      388.360      184.424
DESIGN.bld3.Fl_O       |        168.092     1346.735      198.979        1.699      158.815      142.555        0.290      510.401      124.477
DESIGN.burner.Fl_O     |        159.015     2970.000      193.947        1.956      158.001      146.253        0.100      255.238      573.785
DESIGN.hpt.Fl_O        |         43.764     2174.636       11.296        1.947       40.427      167.267        0.350      765.875      615.164
DESIGN.duct11.Fl_O     |         43.541     2174.636       11.296        1.947       40.970      167.267        0.306      671.620      695.206
DESIGN.lpt.Fl_O        |         18.377     1748.071      -80.890        1.942       16.635      180.393        0.390      768.307     1284.497
DESIGN.duct13.Fl_O     |         18.180     1748.071      -80.890        1.943       16.200      180.393        0.420      825.908     1222.236
DESIGN.core_nozz.Fl_O  |         18.180     1748.071      -80.890        1.943        9.801      180.393        1.000     1854.415      794.133
DESIGN.byp_bld.Fl_O    |          5.688      486.970      -13.783        1.681        4.889      735.998        0.470      497.681     7526.494
DESIGN.duct15.Fl_O     |          5.603      486.970      -13.783        1.682        4.754      735.998        0.490      517.908     7409.626
DESIGN.byp_nozz.Fl_O   |          5.603      486.970      -13.783        1.682        2.959      735.998        1.000      987.723     5450.360
------------------------------------------------------------------------------------------------------------------------------------------------
-------------------------------------------------------------------------------------------------------------------------------------------------------------------------------------------------------
                          COMPRESSOR PROPERTIES
-------------------------------------------------------------------------------------------------------------------------------------------------------------------------------------------------------
Compressor    |           Wc         Pr      eta_a      eta_p         Nc        pwr   RlineMap      NcMap      WcMap      PRmap   alphaMap        SMN        SMW     effMap
-------------------------------------------------------------------------------------------------------------------------------------------------------------------------------------------------------
DESIGN.fan    |     3072.100      1.400      0.895      0.900   4355.019 -15491.046      2.200      0.990      1.685    803.556      0.000     36.641     29.886      0.895
DESIGN.lpc    |      465.225      2.500      0.924      0.933   4128.139  -9898.912      2.150      1.000      1.935     87.666      0.000     15.987     15.644      0.924
DESIGN.hpc    |      216.261     12.000      0.907      0.932  11662.485 -43125.456      2.050      0.976      9.374     49.454      0.000     22.598     22.468      0.871
-------------------------------------------------------------------------------------------------------------------------------------------------------------------------------------------------------
---------------------------------------------------------------------------
                            BURNER PROPERTIES
---------------------------------------------------------------------------
Burner              |           dPqP        TtOut        Wfuel          FAR
DESIGN.burner       |         0.0540      2970.00       3.6981      0.02594
--------------------------------------------------------------------------------------------------------------------------------------
                            TURBINE PROPERTIES
--------------------------------------------------------------------------------------------------------------------------------------
Turbine       |             Wp           PR        eff_a        eff_p           Np          pwr        NpMap        PRmap     alphaMap
DESIGN.hpt    |         50.124        3.633        0.889        0.873      238.542    43375.456      100.000        6.000        1.000
DESIGN.lpt    |        179.146        2.369        0.900        0.890       85.776    25389.959      100.000        6.000        1.000
-------------------------------------------------------------------------------------------------------------------------
                            NOZZLE PROPERTIES
-------------------------------------------------------------------------------------------------------------------------
Nozzle        |             PR           Cv          Cfg          Ath         MNth        MNout            V           Fg
DESIGN.core_nozz|          6.684        0.993        N/A        794.133        1.000        1.000     1854.415    15950.674
DESIGN.byp_nozz|          2.060        0.994        N/A       5450.360        1.000        1.000      987.723    23758.256
---------------------------------------------------------------------------------------------------------------------------
                            SHAFT PROPERTIES
---------------------------------------------------------------------------------------------------------------------------
Shaft               |                 Nmech               trqin              trqout               pwrin              pwrout
DESIGN.hp_shaft     |             13000.000           17524.051          -17423.049           43375.430          -43125.430
DESIGN.lp_shaft     |              4000.000           33337.714          -33337.714           25389.944          -25389.944
--------------------------------------------------------------------------------------------------------------------
                            BLEED PROPERTIES
--------------------------------------------------------------------------------------------------------------------
Bleed                 |         Wb/Win        Pfrac     Workfrac            W           Tt           ht           Pt
DESIGN.hpc.cool1      |          0.051        0.500        0.500        9.377     1002.438      111.515       91.050
DESIGN.hpc.cool2      |          0.020        0.550        0.500        3.749     1002.438      111.515       98.754
DESIGN.hpc.cust       |          0.044        0.500        0.500        8.229     1002.438      111.515       91.050
DESIGN.bld3.cool3     |          0.067        1.000        1.000       10.994     1346.735      198.979      168.092
DESIGN.bld3.cool4     |          0.061        1.000        1.000       10.020     1346.735      198.979      168.092
DESIGN.byp_bld.bypBld |          0.005        1.000        1.000        3.698      486.970      -13.783        5.688
