


----------------------------------------------------------------------------
                              POINT: DESIGN
----------------------------------------------------------------------------
                       PERFORMANCE CHARACTERISTICS
    Mach      Alt       W      Fn      Fg    Fram     OPR     TSFC      BPR 
 0.78000  40000.0 1153.186 18000.0 45075.3 27075.3  41.376  0.65889    6.000
------------------------------------------------------------------------------------------------------------------------------------------------
                            FLOW STATIONS
------------------------------------------------------------------------------------------------------------------------------------------------
------------------------------------------------------------------------------------------------------------------------------------------------
Flow Station           |          tot:P        tot:T        tot:h        tot:S       stat:P       stat:W      stat:MN       stat:V    stat:area
------------------------------------------------------------------------------------------------------------------------------------------------
DESIGN.fc.Fl_O         |          4.067      437.553      -25.624        1.679        2.720     1153.186        0.780      755.405    11676.884
DESIGN.inlet.Fl_O      |          4.063      437.553      -25.624        1.679        2.928     1153.186        0.700      685.211    12216.741
DESIGN.fan.Fl_O        |          5.688      486.970      -13.783        1.681        4.949     1153.186        0.450      477.344    12187.127
DESIGN.splitter.Fl_O1  |          5.688      486.970      -13.783        1.681        5.298      164.741        0.320      342.754     2309.710
DESIGN.splitter.Fl_O2  |          5.688      486.970      -13.783        1.681        4.889      988.445        0.470      497.681    10108.076
DESIGN.duct4.Fl_O      |          5.660      486.970      -13.783        1.682        5.249      164.741        0.330      353.241     2259.131
DESIGN.lpc.Fl_O        |         14.151      644.460       24.051        1.686       13.295      164.741        0.300      369.778     1131.887
DESIGN.duct6.Fl_O      |         14.008      644.460       24.051        1.687       12.871      164.741        0.350      430.060      998.935
DESIGN.hpc.Fl_O        |        168.092     1346.735      198.979        1.699      162.674      145.716        0.220      388.360      164.295
DESIGN.bld3.Fl_O       |        168.092     1346.735      198.979        1.699      158.815      126.996        0.290      510.401      110.891
DESIGN.burner.Fl_O     |        159.015     2970.000      193.947        1.956      158.001      130.291        0.100      255.238      511.160
DESIGN.hpt.Fl_O        |         43.718     2174.194       11.167        1.947       40.384      149.011        0.350      765.801      548.545
DESIGN.duct11.Fl_O     |         43.495     2174.194       11.167        1.947       40.927      149.011        0.306      671.555      619.919
DESIGN.lpt.Fl_O        |         14.422     1660.664     -105.288        1.945       13.052      160.704        0.390      749.908     1419.110
DESIGN.duct13.Fl_O     |         14.268     1660.664     -105.288        1.946       12.710      160.704        0.420      806.113     1350.349
DESIGN.core_nozz.Fl_O  |         14.268     1660.664     -105.288        1.946        7.681      160.704        1.000     1808.745      877.622
DESIGN.byp_bld.Fl_O    |          5.688      486.970      -13.783        1.681        4.889      983.503        0.470      497.681    10057.536
DESIGN.duct15.Fl_O     |          5.603      486.970      -13.783        1.682        4.754      983.503        0.490      517.908     9901.366
DESIGN.byp_nozz.Fl_O   |          5.603      486.970      -13.783        1.682        2.959      983.503        1.000      987.723     7283.230
------------------------------------------------------------------------------------------------------------------------------------------------
-------------------------------------------------------------------------------------------------------------------------------------------------------------------------------------------------------
                          COMPRESSOR PROPERTIES
-------------------------------------------------------------------------------------------------------------------------------------------------------------------------------------------------------
Compressor    |           Wc         Pr      eta_a      eta_p         Nc        pwr   RlineMap      NcMap      WcMap      PRmap   alphaMap        SMN        SMW     effMap
-------------------------------------------------------------------------------------------------------------------------------------------------------------------------------------------------------
DESIGN.fan    |     3831.519      1.400      0.895      0.900   4355.019 -19320.412      2.200      0.990      1.685    803.556      0.000     36.641     29.886      0.895
DESIGN.lpc    |      414.448      2.500      0.924      0.933   4128.139  -8818.507      2.150      1.000      1.935     87.666      0.000     15.987     15.644      0.924
DESIGN.hpc    |      192.657     12.000      0.907      0.932  11662.485 -38418.578      2.050      0.976      9.374     49.454      0.000     22.598     22.468      0.871
-------------------------------------------------------------------------------------------------------------------------------------------------------------------------------------------------------
---------------------------------------------------------------------------
                            BURNER PROPERTIES
---------------------------------------------------------------------------
Burner              |           dPqP        TtOut        Wfuel          FAR
DESIGN.burner       |         0.0540      2970.00       3.2944      0.02594
--------------------------------------------------------------------------------------------------------------------------------------
                            TURBINE PROPERTIES
--------------------------------------------------------------------------------------------------------------------------------------
Turbine       |             Wp           PR        eff_a        eff_p           Np          pwr        NpMap        PRmap     alphaMap
DESIGN.hpt    |         44.653        3.637        0.889        0.873      238.542    38668.578      100.000        6.000        1.000
DESIGN.lpt    |        159.746        3.016        0.900        0.887       85.785    28138.919      100.000        6.000        1.000
-------------------------------------------------------------------------------------------------------------------------
                            NOZZLE PROPERTIES
-------------------------------------------------------------------------------------------------------------------------
Nozzle        |             PR           Cv          Cfg          Ath         MNth        MNout            V           Fg
DESIGN.core_nozz|          5.246        0.993        N/A        877.622        1.000        1.000     1808.745    13327.565
DESIGN.byp_nozz|          2.060        0.994        N/A       7283.230        1.000        1.000      987.723    31747.783
---------------------------------------------------------------------------------------------------------------------------
                            SHAFT PROPERTIES
---------------------------------------------------------------------------------------------------------------------------
Shaft               |                 Nmech               trqin              trqout               pwrin              pwrout
DESIGN.hp_shaft     |             13000.000           15622.433          -15521.431           38668.555          -38418.555
DESIGN.lp_shaft     |              4000.000           36947.174          -36947.174           28138.902          -28138.902
--------------------------------------------------------------------------------------------------------------------
                            BLEED PROPERTIES
--------------------------------------------------------------------------------------------------------------------
Bleed                 |         Wb/Win        Pfrac     Workfrac            W           Tt           ht           Pt
DESIGN.hpc.cool1      |          0.051        0.500        0.500        8.354     1002.438      111.515       91.050
DESIGN.hpc.cool2      |          0.020        0.550        0.500        3.340     1002.438      111.515       98.754
DESIGN.hpc.cust       |          0.044        0.500        0.500        7.331     1002.438      111.515       91.050
DESIGN.bld3.cool3     |          0.067        1.000        1.000        9.794     1346.735      198.979      168.092
DESIGN.bld3.cool4     |          0.061        1.000        1.000        8.926     1346.735      198.979      168.092
DESIGN.byp_bld.bypBld |          0.005        1.000        1.000        4.942      486.970      -13.783        5.688
