


----------------------------------------------------------------------------
                              POINT: DESIGN
----------------------------------------------------------------------------
                       PERFORMANCE CHARACTERISTICS
    Mach      Alt       W      Fn      Fg    Fram     OPR     TSFC      BPR 
 0.78000  40000.0 637.764 18000.0 32973.9 14973.9  41.376  0.85026    2.000
------------------------------------------------------------------------------------------------------------------------------------------------
                            FLOW STATIONS
------------------------------------------------------------------------------------------------------------------------------------------------
------------------------------------------------------------------------------------------------------------------------------------------------
Flow Station           |          tot:P        tot:T        tot:h        tot:S       stat:P       stat:W      stat:MN       stat:V    stat:area
------------------------------------------------------------------------------------------------------------------------------------------------
DESIGN.fc.Fl_O         |          4.067      437.553      -25.624        1.679        2.720      637.764        0.780      755.405     6457.841
DESIGN.inlet.Fl_O      |          4.063      437.553      -25.624        1.679        2.928      637.764        0.700      685.211     6756.406
DESIGN.fan.Fl_O        |          5.688      486.970      -13.783        1.681        4.949      637.764        0.450      477.344     6740.028
DESIGN.splitter.Fl_O1  |          5.688      486.970      -13.783        1.681        5.298      212.588        0.320      342.754     2980.537
DESIGN.splitter.Fl_O2  |          5.688      486.970      -13.783        1.681        4.889      425.176        0.470      497.681     4347.948
DESIGN.duct4.Fl_O      |          5.660      486.970      -13.783        1.682        5.249      212.588        0.330      353.241     2915.269
DESIGN.lpc.Fl_O        |         14.151      644.460       24.051        1.686       13.295      212.588        0.300      369.778     1460.630
DESIGN.duct6.Fl_O      |         14.008      644.460       24.051        1.687       12.871      212.588        0.350      430.060     1289.063
DESIGN.hpc.Fl_O        |        168.092     1346.735      198.979        1.699      162.674      188.038        0.220      388.360      212.013
DESIGN.bld3.Fl_O       |        168.092     1346.735      198.979        1.699      158.815      163.881        0.290      510.401      143.098
DESIGN.burner.Fl_O     |        159.015     2970.000      193.947        1.956      158.001      168.132        0.100      255.238      659.620
DESIGN.hpt.Fl_O        |         43.813     2175.106       11.434        1.947       40.473      192.289        0.350      765.953      706.474
DESIGN.duct11.Fl_O     |         43.590     2175.106       11.434        1.947       41.016      192.289        0.306      671.689      798.397
DESIGN.lpt.Fl_O        |         23.102     1834.695      -56.485        1.940       20.919      207.379        0.390      786.071     1204.946
DESIGN.duct13.Fl_O     |         22.855     1834.695      -56.485        1.941       20.373      207.379        0.420      845.023     1146.521
DESIGN.core_nozz.Fl_O  |         22.855     1834.695      -56.485        1.941       12.338      207.379        1.000     1898.529      744.738
DESIGN.byp_bld.Fl_O    |          5.688      486.970      -13.783        1.681        4.889      423.050        0.470      497.681     4326.209
DESIGN.duct15.Fl_O     |          5.603      486.970      -13.783        1.682        4.754      423.050        0.490      517.908     4259.033
DESIGN.byp_nozz.Fl_O   |          5.603      486.970      -13.783        1.682        2.959      423.050        1.000      987.723     3132.852
------------------------------------------------------------------------------------------------------------------------------------------------
-------------------------------------------------------------------------------------------------------------------------------------------------------------------------------------------------------
                          COMPRESSOR PROPERTIES
-------------------------------------------------------------------------------------------------------------------------------------------------------------------------------------------------------
Compressor    |           Wc         Pr      eta_a      eta_p         Nc        pwr   RlineMap      NcMap      WcMap      PRmap   alphaMap        SMN        SMW     effMap
-------------------------------------------------------------------------------------------------------------------------------------------------------------------------------------------------------
DESIGN.fan    |     2119.002      1.400      0.895      0.900   4355.019 -10685.054      2.200      0.990      1.685    803.556      0.000     36.641     29.886      0.895
DESIGN.lpc    |      534.820      2.500      0.924      0.933   4128.139 -11379.736      2.150      1.000      1.935     87.666      0.000     15.987     15.644      0.924
DESIGN.hpc    |      248.612     12.000      0.907      0.932  11662.485 -49576.792      2.050      0.976      9.374     49.454      0.000     22.598     22.468      0.871
-------------------------------------------------------------------------------------------------------------------------------------------------------------------------------------------------------
---------------------------------------------------------------------------
                            BURNER PROPERTIES
---------------------------------------------------------------------------
Burner              |           dPqP        TtOut        Wfuel          FAR
DESIGN.burner       |         0.0540      2970.00       4.2513      0.02594
--------------------------------------------------------------------------------------------------------------------------------------
                            TURBINE PROPERTIES
--------------------------------------------------------------------------------------------------------------------------------------
Turbine       |             Wp           PR        eff_a        eff_p           Np          pwr        NpMap        PRmap     alphaMap
DESIGN.hpt    |         57.622        3.629        0.889        0.873      238.542    49826.792      100.000        6.000        1.000
DESIGN.lpt    |        205.736        1.887        0.900        0.892       85.767    22064.790      100.000        6.000        1.000
-------------------------------------------------------------------------------------------------------------------------
                            NOZZLE PROPERTIES
-------------------------------------------------------------------------------------------------------------------------
Nozzle        |             PR           Cv          Cfg          Ath         MNth        MNout            V           Fg
DESIGN.core_nozz|          8.403        0.993        N/A        744.738        1.000        1.000     1898.529    19317.700
DESIGN.byp_nozz|          2.060        0.994        N/A       3132.852        1.000        1.000      987.723    13656.182
---------------------------------------------------------------------------------------------------------------------------
                            SHAFT PROPERTIES
---------------------------------------------------------------------------------------------------------------------------
Shaft               |                 Nmech               trqin              trqout               pwrin              pwrout
DESIGN.hp_shaft     |             13000.000           20130.446          -20029.443           49826.763          -49576.763
DESIGN.lp_shaft     |              4000.000           28971.677          -28971.677           22064.777          -22064.777
--------------------------------------------------------------------------------------------------------------------
                            BLEED PROPERTIES
--------------------------------------------------------------------------------------------------------------------
Bleed                 |         Wb/Win        Pfrac     Workfrac            W           Tt           ht           Pt
DESIGN.hpc.cool1      |          0.051        0.500        0.500       10.780     1002.438      111.515       91.050
DESIGN.hpc.cool2      |          0.020        0.550        0.500        4.310     1002.438      111.515       98.754
DESIGN.hpc.cust       |          0.044        0.500        0.500        9.460     1002.438      111.515       91.050
DESIGN.bld3.cool3     |          0.067        1.000        1.000       12.639     1346.735      198.979      168.092
DESIGN.bld3.cool4     |          0.061        1.000        1.000       11.518     1346.735      198.979      168.092
DESIGN.byp_bld.bypBld |          0.005        1.000        1.000        2.126      486.970      -13.783        5.688
