


----------------------------------------------------------------------------
                              POINT: DESIGN
----------------------------------------------------------------------------
                       PERFORMANCE CHARACTERISTICS
    Mach      Alt       W      Fn      Fg    Fram     OPR     TSFC      BPR 
 0.74000  28000.0 650.000 11092.4 26096.3 15003.9  33.968  0.57322    5.900
------------------------------------------------------------------------------------------------------------------------------------------------
                            FLOW STATIONS
------------------------------------------------------------------------------------------------------------------------------------------------
------------------------------------------------------------------------------------------------------------------------------------------------
Flow Station           |          tot:P        tot:T        tot:h        tot:S       stat:P       stat:W      stat:MN       stat:V    stat:area
------------------------------------------------------------------------------------------------------------------------------------------------
DESIGN.fc.Fl_O         |          6.873      464.798      -19.097        1.657        4.776      650.000        0.740      742.670     4094.380
DESIGN.inlet.Fl_O      |          6.867      464.798      -19.097        1.657        4.949      650.000        0.700      706.205     4199.110
DESIGN.fan.Fl_O        |         12.016      554.395        2.391        1.661       10.458      650.000        0.450      509.208     3469.918
DESIGN.splitter.Fl_O1  |         12.016      554.395        2.391        1.661       11.193       94.203        0.320      365.618      667.176
DESIGN.splitter.Fl_O2  |         12.016      554.395        2.391        1.661       10.329      555.797        0.470      530.906     2871.002
DESIGN.duct4.Fl_O      |         11.959      554.395        2.391        1.661       11.090       94.203        0.330      376.805      652.565
DESIGN.lpc.Fl_O        |         14.351      586.433       10.088        1.662       13.482       94.203        0.300      352.893      608.542
DESIGN.duct6.Fl_O      |         14.206      586.433       10.088        1.663       13.052       94.203        0.350      410.413      537.073
DESIGN.hpc.Fl_O        |        233.243     1345.674      198.704        1.676      225.725       83.324        0.220      388.216       67.678
DESIGN.bld3.Fl_O       |        233.243     1345.674      198.704        1.676      220.370       72.620        0.290      510.211       45.679
DESIGN.burner.Fl_O     |        220.648     2880.000      193.985        1.922      219.237       74.386        0.100      251.685      206.822
DESIGN.hpt.Fl_O        |         51.246     2030.894       -5.232        1.915       47.321       85.090        0.350      741.723      257.713
DESIGN.duct11.Fl_O     |         50.984     2030.894       -5.232        1.915       47.961       85.090        0.306      650.466      291.236
DESIGN.lpt.Fl_O        |         10.030     1382.962     -157.333        1.919        9.067       91.777        0.390      688.016     1057.729
DESIGN.duct13.Fl_O     |          9.923     1382.962     -157.333        1.920        8.828       91.777        0.420      739.518     1006.551
DESIGN.core_nozz.Fl_O  |          9.923     1382.962     -157.333        1.920        5.314       91.777        1.000     1654.764      654.936
DESIGN.byp_bld.Fl_O    |         12.016      554.395        2.391        1.661       10.329      553.018        0.470      530.906     2856.647
DESIGN.duct15.Fl_O     |         11.837      554.395        2.391        1.662       10.045      553.018        0.490      552.488     2812.274
DESIGN.byp_nozz.Fl_O   |         11.837      554.395        2.391        1.662        6.252      553.018        1.000     1053.875     2068.477
------------------------------------------------------------------------------------------------------------------------------------------------
-------------------------------------------------------------------------------------------------------------------------------------------------------------------------------------------------------
                          COMPRESSOR PROPERTIES
-------------------------------------------------------------------------------------------------------------------------------------------------------------------------------------------------------
Compressor    |           Wc         Pr      eta_a      eta_p         Nc        pwr   RlineMap      NcMap      WcMap      PRmap   alphaMap        SMN        SMW     effMap
-------------------------------------------------------------------------------------------------------------------------------------------------------------------------------------------------------
DESIGN.fan    |     1316.917      1.750      0.900      0.908   5281.820 -19761.849      2.200      0.990      1.685    803.556      0.000     36.641     29.886      0.895
DESIGN.lpc    |      119.685      1.200      0.924      0.926   4836.218  -1025.762      2.150      1.000      1.935     87.666      0.000     15.987     15.644      0.924
DESIGN.hpc    |      103.625     16.419      0.907      0.935  12225.867 -23687.782      2.050      0.976      9.374     49.454      0.000     22.598     22.468      0.871
-------------------------------------------------------------------------------------------------------------------------------------------------------------------------------------------------------
---------------------------------------------------------------------------
                            BURNER PROPERTIES
---------------------------------------------------------------------------
Burner              |           dPqP        TtOut        Wfuel          FAR
DESIGN.burner       |         0.0540      2880.00       1.7662      0.02432
--------------------------------------------------------------------------------------------------------------------------------------
                            TURBINE PROPERTIES
--------------------------------------------------------------------------------------------------------------------------------------
Turbine       |             Wp           PR        eff_a        eff_p           Np          pwr        NpMap        PRmap     alphaMap
DESIGN.hpt    |         18.092        4.306        0.900        0.883      242.241    24055.383      100.000        6.000        1.000
DESIGN.lpt    |         75.212        5.083        0.900        0.880      110.950    20787.611      100.000        6.000        1.000
-------------------------------------------------------------------------------------------------------------------------
                            NOZZLE PROPERTIES
-------------------------------------------------------------------------------------------------------------------------
Nozzle        |             PR           Cv          Cfg          Ath         MNth        MNout            V           Fg
DESIGN.core_nozz|          2.077        0.993        N/A        654.936        1.000        1.000     1654.764     5040.655
DESIGN.byp_nozz|          2.478        0.994        N/A       2068.477        1.000        1.000     1053.875    21055.666
---------------------------------------------------------------------------------------------------------------------------
                            SHAFT PROPERTIES
---------------------------------------------------------------------------------------------------------------------------
Shaft               |                 Nmech               trqin              trqout               pwrin              pwrout
DESIGN.hp_shaft     |             13000.000            9718.578           -9570.064           24055.369          -23687.767
DESIGN.lp_shaft     |              5000.000           21835.764          -21835.764           20787.599          -20787.599
--------------------------------------------------------------------------------------------------------------------
                            BLEED PROPERTIES
--------------------------------------------------------------------------------------------------------------------
Bleed                 |         Wb/Win        Pfrac     Workfrac            W           Tt           ht           Pt
DESIGN.hpc.cool1      |          0.051        0.500        0.500        4.777      973.765      104.396      123.724
DESIGN.hpc.cool2      |          0.020        0.550        0.500        1.910      973.765      104.396      134.676
DESIGN.hpc.cust       |          0.044        0.500        0.500        4.192      973.765      104.396      123.724
DESIGN.bld3.cool3     |          0.067        1.000        1.000        5.601     1345.674      198.704      233.243
DESIGN.bld3.cool4     |          0.061        1.000        1.000        5.104     1345.674      198.704      233.243
DESIGN.byp_bld.bypBld |          0.005        1.000        1.000        2.779      554.395        2.391       12.016



----------------------------------------------------------------------------
                              POINT: OD_TOfail
----------------------------------------------------------------------------
                       PERFORMANCE CHARACTERISTICS
    Mach      Alt       W      Fn      Fg    Fram     OPR     TSFC      BPR 
 0.18000      0.0 1374.576 40685.4 49271.7  8586.3  37.218  0.42178    5.582
------------------------------------------------------------------------------------------------------------------------------------------------
                            FLOW STATIONS
------------------------------------------------------------------------------------------------------------------------------------------------
------------------------------------------------------------------------------------------------------------------------------------------------
Flow Station           |          tot:P        tot:T        tot:h        tot:S       stat:P       stat:W      stat:MN       stat:V    stat:area
------------------------------------------------------------------------------------------------------------------------------------------------
OD_TOfail.fc.Fl_O      |         15.032      522.033       -5.375        1.631       14.696     1374.576        0.180      200.974    12878.733
OD_TOfail.inlet.Fl_O   |         15.017      522.033       -5.375        1.631        5.391     1374.576        1.304     1261.573     4199.110
OD_TOfail.fan.Fl_O     |         26.943      631.432       20.913        1.637       23.392     1374.576        0.454      547.996     3469.918
OD_TOfail.splitter.Fl_O|         26.943      631.432       20.913        1.637       24.867      208.850        0.341      414.501      667.176
OD_TOfail.splitter.Fl_O|         26.943      631.432       20.913        1.637       23.174     1165.725        0.469      565.447     2871.002
OD_TOfail.duct4.Fl_O   |         26.814      631.432       20.913        1.637       24.621      208.850        0.351      427.390      652.565
OD_TOfail.lpc.Fl_O     |         32.740      673.380       31.025        1.639       30.578      208.850        0.314      395.467      608.542
OD_TOfail.duct6.Fl_O   |         32.409      673.380       31.025        1.640       29.530      208.850        0.367      460.751      537.073
OD_TOfail.hpc.Fl_O     |        558.903     1552.378      253.008        1.654      541.116      184.732        0.220      414.311       67.678
OD_TOfail.bld3.Fl_O    |        558.903     1552.378      253.008        1.654      528.451      160.999        0.289      544.458       45.679
OD_TOfail.burner.Fl_O  |        528.722     3330.000      245.733        1.913      528.663      165.766        0.013       35.936     1550.003
OD_TOfail.hpt.Fl_O     |        124.117     2379.073       15.186        1.905      114.703      189.498        0.350      798.986      257.713
OD_TOfail.duct11.Fl_O  |        123.484     2379.073       15.186        1.905      116.231      189.498        0.306      700.671      291.236
OD_TOfail.lpt.Fl_O     |         24.693     1646.095     -162.801        1.908       22.389      204.323        0.386      739.562     1057.729
OD_TOfail.duct13.Fl_O  |         24.429     1646.095     -162.801        1.908       21.811      204.323        0.416      794.712     1006.551
OD_TOfail.core_nozz.Fl_|         24.429     1646.095     -162.801        1.908       14.696      204.323        0.900     1642.555      654.936
OD_TOfail.byp_bld.Fl_O |         26.943      631.432       20.913        1.637       23.174     1159.897        0.469      565.447     2856.647
OD_TOfail.duct15.Fl_O  |         26.541      631.432       20.913        1.638       22.539     1159.897        0.489      588.409     2812.274
OD_TOfail.byp_nozz.Fl_O|         26.541      631.432       20.913        1.638       14.696     1159.897        0.959     1085.948     2068.477
------------------------------------------------------------------------------------------------------------------------------------------------
-------------------------------------------------------------------------------------------------------------------------------------------------------------------------------------------------------
                          COMPRESSOR PROPERTIES
-------------------------------------------------------------------------------------------------------------------------------------------------------------------------------------------------------
Compressor    |           Wc         Pr      eta_a      eta_p         Nc        pwr   RlineMap      NcMap      WcMap      PRmap   alphaMap        SMN        SMW     effMap
-------------------------------------------------------------------------------------------------------------------------------------------------------------------------------------------------------
OD_TOfail.fan |     1349.549      1.794      0.866      0.877   5691.791 -51125.727      2.429      1.067      1.725    823.467      0.000     34.289     29.238      0.861
OD_TOfail.lpc |      126.298      1.221      0.880      0.883   5175.287  -2988.112      3.421      1.070      2.033     92.510      0.000     15.785     15.630      0.880
OD_TOfail.hpc |      107.906     17.245      0.903      0.932  12353.829 -61806.771      2.130      0.986      9.823     51.497      0.000     21.641     21.538      0.867
-------------------------------------------------------------------------------------------------------------------------------------------------------------------------------------------------------
---------------------------------------------------------------------------
                            BURNER PROPERTIES
---------------------------------------------------------------------------
Burner              |           dPqP        TtOut        Wfuel          FAR
OD_TOfail.burner    |         0.0540      3330.00       4.7668      0.02961
--------------------------------------------------------------------------------------------------------------------------------------
                            TURBINE PROPERTIES
--------------------------------------------------------------------------------------------------------------------------------------
Turbine       |             Wp           PR        eff_a        eff_p           Np          pwr        NpMap        PRmap     alphaMap
OD_TOfail.hpt |         18.092        4.260        0.901        0.886      243.929    62056.771      100.697        5.931        1.000
OD_TOfail.lpt |         74.851        5.001        0.900        0.881      117.071    54113.839      105.517        5.899        1.000
-------------------------------------------------------------------------------------------------------------------------
                            NOZZLE PROPERTIES
-------------------------------------------------------------------------------------------------------------------------
Nozzle        |             PR           Cv          Cfg          Ath         MNth        MNout            V           Fg
OD_TOfail.core_nozz|          1.662        0.993        N/A        654.936        0.900        0.900     1642.555    10361.259
OD_TOfail.byp_nozz|          1.806        0.994        N/A       2068.477        0.959        0.959     1085.948    38910.421
---------------------------------------------------------------------------------------------------------------------------
                            SHAFT PROPERTIES
---------------------------------------------------------------------------------------------------------------------------
Shaft               |                 Nmech               trqin              trqout               pwrin              pwrout
OD_TOfail.hp_shaft  |             14076.223           23154.577          -23061.297           62056.734          -61806.734
OD_TOfail.lp_shaft  |              5710.212           49772.552          -49772.552           54113.807          -54113.807
-----------------------------------------------------------------------------------------------------------------------
                            BLEED PROPERTIES
-----------------------------------------------------------------------------------------------------------------------
Bleed                    |         Wb/Win        Pfrac     Workfrac            W           Tt           ht           Pt
OD_TOfail.hpc.cool1      |          0.051        0.500        0.500       10.590     1124.189      142.017      295.656
OD_TOfail.hpc.cool2      |          0.020        0.550        0.500        4.234     1124.188      142.017      321.981
OD_TOfail.hpc.cust       |          0.044        0.500        0.500        9.294     1124.189      142.017      295.656
OD_TOfail.bld3.cool3     |          0.067        1.000        1.000       12.417     1552.378      253.008      558.903
OD_TOfail.bld3.cool4     |          0.061        1.000        1.000       11.316     1552.378      253.008      558.903
OD_TOfail.byp_bld.bypBld |          0.005        1.000        1.000        5.829      631.432       20.913       26.943



----------------------------------------------------------------------------
                              POINT: OD_TOC
----------------------------------------------------------------------------
                       PERFORMANCE CHARACTERISTICS
    Mach      Alt       W      Fn      Fg    Fram     OPR     TSFC      BPR 
 0.74000  28000.0 579.319  7200.0 20572.4 13372.4  24.934  0.56597    6.798
------------------------------------------------------------------------------------------------------------------------------------------------
                            FLOW STATIONS
------------------------------------------------------------------------------------------------------------------------------------------------
------------------------------------------------------------------------------------------------------------------------------------------------
Flow Station           |          tot:P        tot:T        tot:h        tot:S       stat:P       stat:W      stat:MN       stat:V    stat:area
------------------------------------------------------------------------------------------------------------------------------------------------
OD_TOC.fc.Fl_O         |          6.873      464.798      -19.097        1.657        4.776      579.319        0.740      742.670     3649.157
OD_TOC.inlet.Fl_O      |          6.867      464.798      -19.097        1.657        5.513      579.319        0.569      582.799     4199.110
OD_TOC.fan.Fl_O        |         10.697      532.165       -2.944        1.659        9.371      579.319        0.439      487.041     3469.918
OD_TOC.splitter.Fl_O1  |         10.697      532.165       -2.944        1.659       10.156       74.291        0.273      306.702      667.176
OD_TOC.splitter.Fl_O2  |         10.697      532.165       -2.944        1.659        9.195      505.027        0.470      520.173     2871.002
OD_TOC.duct4.Fl_O      |         10.646      532.165       -2.944        1.660       10.076       74.291        0.281      315.790      652.565
OD_TOC.lpc.Fl_O        |         12.160      554.189        2.342        1.660       11.566       74.291        0.269      307.648      608.542
OD_TOC.duct6.Fl_O      |         12.038      554.189        2.342        1.661       11.252       74.291        0.312      356.537      537.073
OD_TOC.hpc.Fl_O        |        171.208     1221.676      166.774        1.673      165.416       65.712        0.225      379.065       67.678
OD_TOC.bld3.Fl_O       |        171.208     1221.676      166.774        1.673      161.277       57.270        0.297      498.620       45.679
OD_TOC.burner.Fl_O     |        161.963     2517.459      163.541        1.898      161.945       58.402        0.013       31.245     1550.003
OD_TOC.hpt.Fl_O        |         37.270     1757.988      -10.893        1.893       34.388       66.844        0.350      693.501      257.713
OD_TOC.duct11.Fl_O     |         37.080     1757.988      -10.893        1.893       34.859       66.844        0.306      608.177      291.236
OD_TOC.lpt.Fl_O        |          7.509     1196.203     -139.114        1.898        6.827       72.117        0.377      621.511     1057.729
OD_TOC.duct13.Fl_O     |          7.429     1196.203     -139.114        1.899        6.655       72.117        0.405      667.402     1006.551
OD_TOC.core_nozz.Fl_O  |          7.429     1196.203     -139.114        1.899        4.776       72.117        0.828     1308.275      654.936
OD_TOC.byp_bld.Fl_O    |         10.697      532.165       -2.944        1.659        9.195      502.502        0.470      520.173     2856.647
OD_TOC.duct15.Fl_O     |         10.538      532.165       -2.944        1.660        8.942      502.502        0.490      541.318     2812.274
OD_TOC.byp_nozz.Fl_O   |         10.538      532.165       -2.944        1.660        5.565      502.502        1.000     1032.534     2068.477
------------------------------------------------------------------------------------------------------------------------------------------------
-------------------------------------------------------------------------------------------------------------------------------------------------------------------------------------------------------
                          COMPRESSOR PROPERTIES
-------------------------------------------------------------------------------------------------------------------------------------------------------------------------------------------------------
Compressor    |           Wc         Pr      eta_a      eta_p         Nc        pwr   RlineMap      NcMap      WcMap      PRmap   alphaMap        SMN        SMW     effMap
-------------------------------------------------------------------------------------------------------------------------------------------------------------------------------------------------------
OD_TOC.fan    |     1173.715      1.558      0.932      0.937   4606.997 -13239.528      1.974      0.864      1.510    716.177      0.000     46.206     32.877      0.927
OD_TOC.lpc    |      103.881      1.142      0.936      0.937   4305.533   -555.643      1.801      0.890      1.665     76.091      0.000     18.740     17.768      0.936
OD_TOC.hpc    |       93.752     14.223      0.914      0.939  11923.918 -16285.673      2.039      0.952      8.182     44.742      0.000     26.060     26.481      0.877
-------------------------------------------------------------------------------------------------------------------------------------------------------------------------------------------------------
---------------------------------------------------------------------------
                            BURNER PROPERTIES
---------------------------------------------------------------------------
Burner              |           dPqP        TtOut        Wfuel          FAR
OD_TOC.burner       |         0.0540      2517.46       1.1319      0.01976
--------------------------------------------------------------------------------------------------------------------------------------
                            TURBINE PROPERTIES
--------------------------------------------------------------------------------------------------------------------------------------
Turbine       |             Wp           PR        eff_a        eff_p           Np          pwr        NpMap        PRmap     alphaMap
OD_TOC.hpt    |         18.092        4.346        0.900        0.883      245.653    16535.673      101.408        6.060        1.000
OD_TOC.lpt    |         75.584        4.938        0.895        0.874      104.015    13795.171       93.750        5.822        1.000
-------------------------------------------------------------------------------------------------------------------------
                            NOZZLE PROPERTIES
-------------------------------------------------------------------------------------------------------------------------
Nozzle        |             PR           Cv          Cfg          Ath         MNth        MNout            V           Fg
OD_TOC.core_nozz|          1.555        0.993        N/A        654.936        0.828        0.828     1308.275     2912.824
OD_TOC.byp_nozz|          2.206        0.994        N/A       2068.477        1.000        1.000     1032.534    17659.548
---------------------------------------------------------------------------------------------------------------------------
                            SHAFT PROPERTIES
---------------------------------------------------------------------------------------------------------------------------
Shaft               |                 Nmech               trqin              trqout               pwrin              pwrout
OD_TOC.hp_shaft     |             12325.439            7046.173           -6939.643           16535.663          -16285.663
OD_TOC.lp_shaft     |              4361.184           16613.323          -16613.323           13795.163          -13795.163
--------------------------------------------------------------------------------------------------------------------
                            BLEED PROPERTIES
--------------------------------------------------------------------------------------------------------------------
Bleed                 |         Wb/Win        Pfrac     Workfrac            W           Tt           ht           Pt
OD_TOC.hpc.cool1      |          0.051        0.500        0.500        3.767      893.381       84.558       91.623
OD_TOC.hpc.cool2      |          0.020        0.550        0.500        1.506      893.381       84.558       99.581
OD_TOC.hpc.cust       |          0.044        0.500        0.500        3.306      893.381       84.558       91.623
OD_TOC.bld3.cool3     |          0.067        1.000        1.000        4.417     1221.676      166.774      171.208
OD_TOC.bld3.cool4     |          0.061        1.000        1.000        4.025     1221.676      166.774      171.208
OD_TOC.byp_bld.bypBld |          0.005        1.000        1.000        2.525      532.165       -2.944       10.697



----------------------------------------------------------------------------
                              POINT: OD_SLS
----------------------------------------------------------------------------
                       PERFORMANCE CHARACTERISTICS
    Mach      Alt       W      Fn      Fg    Fram     OPR     TSFC      BPR 
 0.00001      0.0 1255.650 40000.0 40000.4     0.4  30.655  0.32170    6.158
------------------------------------------------------------------------------------------------------------------------------------------------
                            FLOW STATIONS
------------------------------------------------------------------------------------------------------------------------------------------------
------------------------------------------------------------------------------------------------------------------------------------------------
Flow Station           |          tot:P        tot:T        tot:h        tot:S       stat:P       stat:W      stat:MN       stat:V    stat:area
------------------------------------------------------------------------------------------------------------------------------------------------
OD_SLS.fc.Fl_O         |         14.696      518.670       -6.182        1.631       14.696     1255.650        0.000        0.011211760886.631
OD_SLS.inlet.Fl_O      |         14.681      518.670       -6.182        1.631       11.156     1255.650        0.639      685.694     4199.110
OD_SLS.fan.Fl_O        |         24.781      608.981       15.509        1.634       21.703     1255.650        0.440      521.622     3469.918
OD_SLS.splitter.Fl_O1  |         24.781      608.981       15.509        1.634       23.274      175.430        0.301      360.560      667.176
OD_SLS.splitter.Fl_O2  |         24.781      608.981       15.509        1.634       21.403     1080.220        0.463      547.782     2871.002
OD_SLS.duct4.Fl_O      |         24.662      608.981       15.509        1.634       23.073      175.430        0.310      371.440      652.565
OD_SLS.lpc.Fl_O        |         27.131      630.402       20.665        1.636       25.413      175.430        0.307      374.488      608.542
OD_SLS.duct6.Fl_O      |         26.857      630.402       20.665        1.637       24.572      175.430        0.359      435.920      537.073
OD_SLS.hpc.Fl_O        |        450.057     1448.918      225.663        1.651      435.503      155.171        0.221      403.496       67.678
OD_SLS.bld3.Fl_O       |        450.057     1448.918      225.663        1.651      425.133      135.237        0.291      530.371       45.679
OD_SLS.burner.Fl_O     |        425.754     3079.277      219.852        1.900      425.705      138.811        0.013       34.556     1550.003
OD_SLS.hpt.Fl_O        |         98.761     2182.567        6.006        1.893       91.135      158.746        0.352      772.285      257.713
OD_SLS.duct11.Fl_O     |         98.257     2182.567        6.006        1.893       92.383      158.746        0.308      677.121      291.236
OD_SLS.lpt.Fl_O        |         21.083     1525.081     -149.848        1.896       19.353      171.198        0.360      665.936     1057.729
OD_SLS.duct13.Fl_O     |         20.858     1525.081     -149.848        1.896       18.898      171.198        0.387      714.307     1006.551
OD_SLS.core_nozz.Fl_O  |         20.858     1525.081     -149.848        1.896       14.696      171.198        0.739     1324.629      654.936
OD_SLS.byp_bld.Fl_O    |         24.781      608.981       15.509        1.634       21.403     1074.819        0.463      547.782     2856.647
OD_SLS.duct15.Fl_O     |         24.412      608.981       15.509        1.635       20.826     1074.819        0.482      569.834     2812.274
OD_SLS.byp_nozz.Fl_O   |         24.412      608.981       15.509        1.635       14.696     1074.819        0.883      993.875     2068.477
------------------------------------------------------------------------------------------------------------------------------------------------
-------------------------------------------------------------------------------------------------------------------------------------------------------------------------------------------------------
                          COMPRESSOR PROPERTIES
-------------------------------------------------------------------------------------------------------------------------------------------------------------------------------------------------------
Compressor    |           Wc         Pr      eta_a      eta_p         Nc        pwr   RlineMap      NcMap      WcMap      PRmap   alphaMap        SMN        SMW     effMap
-------------------------------------------------------------------------------------------------------------------------------------------------------------------------------------------------------
OD_SLS.fan    |     1256.912      1.688      0.926      0.931   4943.551 -38535.293      2.002      0.927      1.628    766.942      0.000     38.983     29.752      0.920
OD_SLS.lpc    |      113.274      1.100      0.783      0.786   4562.289  -1279.697      2.880      0.943      1.468     82.970      0.000     45.592     44.845      0.783
OD_SLS.hpc    |      105.832     16.758      0.904      0.933  12290.985 -47944.233      2.110      0.981      9.558     50.507      0.000     22.698     22.581      0.868
-------------------------------------------------------------------------------------------------------------------------------------------------------------------------------------------------------
---------------------------------------------------------------------------
                            BURNER PROPERTIES
---------------------------------------------------------------------------
Burner              |           dPqP        TtOut        Wfuel          FAR
OD_SLS.burner       |         0.0540      3079.28       3.5745      0.02643
--------------------------------------------------------------------------------------------------------------------------------------
                            TURBINE PROPERTIES
--------------------------------------------------------------------------------------------------------------------------------------
Turbine       |             Wp           PR        eff_a        eff_p           Np          pwr        NpMap        PRmap     alphaMap
OD_SLS.hpt    |         18.092        4.311        0.901        0.884      244.189    48194.233      100.804        6.008        1.000
OD_SLS.lpt    |         75.479        4.660        0.897        0.877      105.817    39814.991       95.374        5.482        1.000
-------------------------------------------------------------------------------------------------------------------------
                            NOZZLE PROPERTIES
-------------------------------------------------------------------------------------------------------------------------
Nozzle        |             PR           Cv          Cfg          Ath         MNth        MNout            V           Fg
OD_SLS.core_nozz|          1.419        0.993        N/A        654.936        0.739        0.739     1324.629     7001.142
OD_SLS.byp_nozz|          1.661        0.994        N/A       2068.477        0.883        0.883      993.875    32999.293
---------------------------------------------------------------------------------------------------------------------------
                            SHAFT PROPERTIES
---------------------------------------------------------------------------------------------------------------------------
Shaft               |                 Nmech               trqin              trqout               pwrin              pwrout
OD_SLS.hp_shaft     |             13550.332           18680.089          -18583.189           48194.204          -47944.204
OD_SLS.lp_shaft     |              4943.551           42300.106          -42300.106           39814.967          -39814.967
--------------------------------------------------------------------------------------------------------------------
                            BLEED PROPERTIES
--------------------------------------------------------------------------------------------------------------------
Bleed                 |         Wb/Win        Pfrac     Workfrac            W           Tt           ht           Pt
OD_SLS.hpc.cool1      |          0.051        0.500        0.500        8.896     1049.148      123.164      238.457
OD_SLS.hpc.cool2      |          0.020        0.550        0.500        3.557     1049.148      123.164      259.617
OD_SLS.hpc.cust       |          0.044        0.500        0.500        7.807     1049.148      123.164      238.457
OD_SLS.bld3.cool3     |          0.067        1.000        1.000       10.430     1448.918      225.663      450.057
OD_SLS.bld3.cool4     |          0.061        1.000        1.000        9.505     1448.918      225.663      450.057
OD_SLS.byp_bld.bypBld |          0.005        1.000        1.000        5.401      608.981       15.509       24.781
