


----------------------------------------------------------------------------
                              POINT: DESIGN
----------------------------------------------------------------------------
                       PERFORMANCE CHARACTERISTICS
    Mach      Alt       W      Fn      Fg    Fram     OPR     TSFC      BPR 
 0.74000  28000.0 2022127741829552855930896384.000 21704717607974147905260879872.0 68381333649566198270747738112.0 46676616041592050365486858240.0  38.421  0.55513   10.000
------------------------------------------------------------------------------------------------------------------------------------------------
                            FLOW STATIONS
------------------------------------------------------------------------------------------------------------------------------------------------
------------------------------------------------------------------------------------------------------------------------------------------------
Flow Station           |          tot:P        tot:T        tot:h        tot:S       stat:P       stat:W      stat:MN       stat:V    stat:area
------------------------------------------------------------------------------------------------------------------------------------------------
DESIGN.fc.Fl_O         |          6.873      464.798      -19.097        1.657        4.7762022127741829552855930896384.000        0.740      742.67012737477290442408110759870464.000
DESIGN.inlet.Fl_O      |          6.867      464.798      -19.097        1.657        4.9492022127741829552855930896384.000        0.700      706.20513063287046228576720404873216.000
DESIGN.fan.Fl_O        |         11.673      549.399        1.192        1.661       10.1592022127741829552855930896384.000        0.450      506.91911061867241701370225819123712.000
DESIGN.splitter.Fl_O1  |         11.673      549.399        1.192        1.661       10.874183829794711777522986516480.000        0.320      363.9761334150421252067543148920832.000
DESIGN.splitter.Fl_O2  |         11.673      549.399        1.192        1.661       10.0341838297947117775298584641536.000        0.470      528.5199730773367140422171393785856.000
DESIGN.duct4.Fl_O      |         11.617      549.399        1.192        1.661       10.773183829794711777522986516480.000        0.330      375.1131304931531919402926168080384.000
DESIGN.lpc.Fl_O        |         16.264      609.291       15.584        1.663       15.280183829794711777522986516480.000        0.300      359.6491068209252792096976181133312.000
DESIGN.duct6.Fl_O      |         16.100      609.291       15.584        1.664       14.793183829794711777522986516480.000        0.350      418.273942748671014184040766898176.000
DESIGN.hpc.Fl_O        |        263.819     1393.417      211.129        1.677      255.332162600762358872031532941312.000        0.220      394.646118934492086022628024778752.000
DESIGN.bld3.Fl_O       |        263.819     1393.417      211.129        1.677      249.287141711442418627739364884480.000        0.290      518.67580272962258090211764338688.000
DESIGN.burner.Fl_O     |        249.572     2880.000      206.257        1.913      247.977145058384938325904424173568.000        0.100      251.727356517496375578660177969152.000
DESIGN.hpt.Fl_O        |         55.924     2020.405        2.762        1.907       51.639165947704878570213772099584.000        0.350      740.014459239684461820182070820864.000
DESIGN.duct11.Fl_O     |         55.639     2020.405        2.762        1.907       52.337165947704878570213772099584.000        0.306      648.969518974046628515820913819648.000
DESIGN.lpt.Fl_O        |          6.955     1249.032     -182.528        1.916        6.283178996311366801612582420480.000        0.390      655.7232819256061894429750887186432.000
DESIGN.duct13.Fl_O     |          6.880     1249.032     -182.528        1.917        6.117178996311366801612582420480.000        0.420      704.7702682964603300143797960179712.000
DESIGN.core_nozz.Fl_O  |          6.880     1249.032     -182.528        1.917        6.880178996311366801612582420480.000        0.001        2.074835902037751987719267388751872.000
DESIGN.byp_bld.Fl_O    |         11.673      549.399        1.192        1.661       10.0341829106457382186516924596224.000        0.470      528.5199682119500304720780716933120.000
DESIGN.duct15.Fl_O     |         11.499      549.399        1.192        1.662        9.7581829106457382186516924596224.000        0.490      550.0049531728039232828078181842944.000
DESIGN.byp_nozz.Fl_O   |         11.499      549.399        1.192        1.662        6.0731829106457382186516924596224.000        1.000     1049.1177010809728617996851970310144.000
------------------------------------------------------------------------------------------------------------------------------------------------
-------------------------------------------------------------------------------------------------------------------------------------------------------------------------------------------------------
                          COMPRESSOR PROPERTIES
-------------------------------------------------------------------------------------------------------------------------------------------------------------------------------------------------------
Compressor    |           Wc         Pr      eta_a      eta_p         Nc        pwr   RlineMap      NcMap      WcMap      PRmap   alphaMap        SMN        SMW     effMap
-------------------------------------------------------------------------------------------------------------------------------------------------------------------------------------------------------
DESIGN.fan    |  4096882988979637222079725568.000      1.700      0.900      0.907  14260.913-58046669234103891972040163328.000      2.200      0.990      1.685    803.556      0.000     36.641     29.886      0.895
DESIGN.lpc    |  239338980650617494275358720.000      1.400      0.924      0.928  13117.029-3743249356796114385030348800.000      2.150      1.000      1.935     87.666      0.000     15.987     15.644      0.924
DESIGN.hpc    |  181870659876409253904252928.000     16.387      0.907      0.935  14807.479-47922995620856143326954389504.000      2.050      0.976      9.374     49.454      0.000     22.598     22.468      0.871
-------------------------------------------------------------------------------------------------------------------------------------------------------------------------------------------------------
---------------------------------------------------------------------------
                            BURNER PROPERTIES
---------------------------------------------------------------------------
Burner              |           dPqP        TtOut        Wfuel          FAR
DESIGN.burner       |         0.0540      2880.003346942519698157543096320.0000      0.02362
--------------------------------------------------------------------------------------------------------------------------------------
                            TURBINE PROPERTIES
--------------------------------------------------------------------------------------------------------------------------------------
Turbine       |             Wp           PR        eff_a        eff_p           Np          pwr        NpMap        PRmap     alphaMap
DESIGN.hpt    |  31191947123979630590033920.000        4.463        0.900        0.883      299.05547922994165328983664061579264.000      100.000        6.000        1.000
DESIGN.lpt    |  134064117457691379859718144.000        8.000        0.900        0.873      300.34148967086836658989897191784448.000      100.000        6.000        1.000
-------------------------------------------------------------------------------------------------------------------------
                            NOZZLE PROPERTIES
-------------------------------------------------------------------------------------------------------------------------
Nozzle        |             PR           Cv          Cfg          Ath         MNth        MNout            V           Fg
DESIGN.core_nozz|          1.000        0.993        N/A  835902037751987719267388751872.000        0.001        0.001        2.07411459749545084874492215296.000
DESIGN.byp_nozz|          2.407        0.994        N/A  7010809728617996851970310144.000        1.000        1.000     1049.11768369873900021117154351906816.000
---------------------------------------------------------------------------------------------------------------------------
                            SHAFT PROPERTIES
---------------------------------------------------------------------------------------------------------------------------
Shaft               |                 Nmech               trqin              trqout               pwrin              pwrout
DESIGN.hp_shaft     |             16049.00015683023047271855002144997376.000-15683023523599896447031443456.00047922965678290704612489953280.000-47922967133817002258266587136.000
DESIGN.lp_shaft     |             13500.00019050409366347040054837248000.000-24039070320774207276935282688.00048967057728976945797134286848.000-61789881860895828894201937920.000
--------------------------------------------------------------------------------------------------------------------
                            BLEED PROPERTIES
--------------------------------------------------------------------------------------------------------------------
Bleed                 |         Wb/Win        Pfrac     Workfrac            W           Tt           ht           Pt
DESIGN.hpc.cool1      |          0.051        0.500        0.5009321641230244815361277952.000     1009.839      113.356      139.959
DESIGN.hpc.cool2      |          0.020        0.550        0.5003726965257986577543462912.000     1009.839      113.356      152.345
DESIGN.hpc.cust       |          0.044        0.500        0.5008180425864674099085705216.000     1009.839      113.356      139.959
DESIGN.bld3.cool3     |          0.067        1.000        1.00010929047641189223424327680.000     1393.417      211.129      263.819
DESIGN.bld3.cool4     |          0.061        1.000        1.0009960272299055064448761856.000     1393.417      211.129      263.819
DESIGN.byp_bld.bypBld |          0.005        1.000        1.0009191489735588876149325824.000      549.399        1.192       11.673
