


----------------------------------------------------------------------------
                              POINT: DESIGN
----------------------------------------------------------------------------
                       PERFORMANCE CHARACTERISTICS
    Mach      Alt       W      Fn      Fg    Fram     OPR     TSFC      BPR 
 0.74000  28000.0 544.296 12000.0 24563.9 12563.9  32.318  0.79318    2.900
------------------------------------------------------------------------------------------------------------------------------------------------
                            FLOW STATIONS
------------------------------------------------------------------------------------------------------------------------------------------------
------------------------------------------------------------------------------------------------------------------------------------------------
Flow Station           |          tot:P        tot:T        tot:h        tot:S       stat:P       stat:W      stat:MN       stat:V    stat:area
------------------------------------------------------------------------------------------------------------------------------------------------
DESIGN.fc.Fl_O         |          6.873      464.798      -19.097        1.657        4.776      544.296        0.740      742.670     3428.543
DESIGN.inlet.Fl_O      |          6.867      464.798      -19.097        1.657        4.949      544.296        0.700      706.205     3516.241
DESIGN.fan.Fl_O        |          9.270      511.083       -8.001        1.659        8.067      544.296        0.450      488.988     3615.856
DESIGN.splitter.Fl_O1  |          9.270      511.083       -8.001        1.659        8.635      139.563        0.320      351.111     1230.001
DESIGN.splitter.Fl_O2  |          9.270      511.083       -8.001        1.659        7.968      404.733        0.470      509.822     2601.703
DESIGN.duct4.Fl_O      |          9.225      511.083       -8.001        1.660        8.555      139.563        0.330      361.853     1203.065
DESIGN.lpc.Fl_O        |         24.908      692.044       35.532        1.664       23.404      139.563        0.300      383.008      564.771
DESIGN.duct6.Fl_O      |         24.657      692.044       35.532        1.665       22.658      139.563        0.350      445.456      498.422
DESIGN.hpc.Fl_O        |        221.912     1328.415      194.230        1.677      214.754      123.446        0.220      385.861      104.668
DESIGN.bld3.Fl_O       |        221.912     1328.415      194.230        1.677      209.656      107.587        0.290      507.111       70.647
DESIGN.burner.Fl_O     |        209.929     2880.000      189.571        1.926      208.587      110.231        0.100      251.670      322.154
DESIGN.hpt.Fl_O        |         64.276     2142.718       23.244        1.915       59.369      126.090        0.350      760.740      313.205
DESIGN.duct11.Fl_O     |         63.948     2142.718       23.244        1.916       60.167      126.090        0.306      667.125      353.955
DESIGN.lpt.Fl_O        |         29.446     1754.378      -59.164        1.910       26.654      135.996        0.390      769.806      605.344
DESIGN.duct13.Fl_O     |         29.131     1754.378      -59.164        1.911       25.958      135.996        0.420      827.519      576.004
DESIGN.core_nozz.Fl_O  |         29.131     1754.378      -59.164        1.911       15.702      135.996        1.000     1857.891      374.263
DESIGN.byp_bld.Fl_O    |          9.270      511.083       -8.001        1.659        7.968      402.709        0.470      509.822     2588.694
DESIGN.duct15.Fl_O     |          9.132      511.083       -8.001        1.660        7.749      402.709        0.490      530.543     2548.494
DESIGN.byp_nozz.Fl_O   |          9.132      511.083       -8.001        1.660        4.823      402.709        1.000     1011.878     1874.571
------------------------------------------------------------------------------------------------------------------------------------------------
-------------------------------------------------------------------------------------------------------------------------------------------------------------------------------------------------------
                          COMPRESSOR PROPERTIES
-------------------------------------------------------------------------------------------------------------------------------------------------------------------------------------------------------
Compressor    |           Wc         Pr      eta_a      eta_p         Nc        pwr   RlineMap      NcMap      WcMap      PRmap   alphaMap        SMN        SMW     effMap
-------------------------------------------------------------------------------------------------------------------------------------------------------------------------------------------------------
DESIGN.fan    |     1102.757      1.350      0.900      0.904   4225.456  -8544.571      2.200      0.990      1.685    803.556      0.000     36.641     29.886      0.895
DESIGN.lpc    |      220.691      2.700      0.924      0.934   4029.582  -8596.246      2.150      1.000      1.935     87.666      0.000     15.987     15.644      0.924
DESIGN.hpc    |       96.084      9.000      0.907      0.930  12120.112 -29527.176      2.050      0.976      9.374     49.454      0.000     22.598     22.468      0.871
-------------------------------------------------------------------------------------------------------------------------------------------------------------------------------------------------------
---------------------------------------------------------------------------
                            BURNER PROPERTIES
---------------------------------------------------------------------------
Burner              |           dPqP        TtOut        Wfuel          FAR
DESIGN.burner       |         0.0540      2880.00       2.6439      0.02458
--------------------------------------------------------------------------------------------------------------------------------------
                            TURBINE PROPERTIES
--------------------------------------------------------------------------------------------------------------------------------------
Turbine       |             Wp           PR        eff_a        eff_p           Np          pwr        NpMap        PRmap     alphaMap
DESIGN.hpt    |         28.179        3.266        0.900        0.887      260.875    29777.176      100.000        6.000        1.000
DESIGN.lpt    |         91.271        2.172        0.900        0.891       86.413    17140.817      100.000        6.000        1.000
-------------------------------------------------------------------------------------------------------------------------
                            NOZZLE PROPERTIES
-------------------------------------------------------------------------------------------------------------------------
Nozzle        |             PR           Cv          Cfg          Ath         MNth        MNout            V           Fg
DESIGN.core_nozz|          6.099        0.993        N/A        374.263        1.000        1.000     1857.891    11889.519
DESIGN.byp_nozz|          1.912        0.994        N/A       1874.571        1.000        1.000     1011.878    12674.412
---------------------------------------------------------------------------------------------------------------------------
                            SHAFT PROPERTIES
---------------------------------------------------------------------------------------------------------------------------
Shaft               |                 Nmech               trqin              trqout               pwrin              pwrout
DESIGN.hp_shaft     |             14000.000           11170.929          -11077.141           29777.158          -29527.158
DESIGN.lp_shaft     |              4000.000           22506.364          -22506.364           17140.807          -17140.807
--------------------------------------------------------------------------------------------------------------------
                            BLEED PROPERTIES
--------------------------------------------------------------------------------------------------------------------
Bleed                 |         Wb/Win        Pfrac     Workfrac            W           Tt           ht           Pt
DESIGN.hpc.cool1      |          0.051        0.500        0.500        7.077     1015.963      114.881      123.284
DESIGN.hpc.cool2      |          0.020        0.550        0.500        2.829     1015.963      114.881      133.147
DESIGN.hpc.cust       |          0.044        0.500        0.500        6.211     1015.963      114.881      123.284
DESIGN.bld3.cool3     |          0.067        1.000        1.000        8.297     1328.415      194.230      221.912
DESIGN.bld3.cool4     |          0.061        1.000        1.000        7.562     1328.415      194.230      221.912
DESIGN.byp_bld.bypBld |          0.005        1.000        1.000        2.024      511.083       -8.001        9.270



----------------------------------------------------------------------------
                              POINT: OD_TOfail
----------------------------------------------------------------------------
                       PERFORMANCE CHARACTERISTICS
    Mach      Alt       W      Fn      Fg    Fram     OPR     TSFC      BPR 
 0.18000      0.0 1400.000 49918.2 58663.2  8745.1  34.068  0.59871    2.900
------------------------------------------------------------------------------------------------------------------------------------------------
                            FLOW STATIONS
------------------------------------------------------------------------------------------------------------------------------------------------
------------------------------------------------------------------------------------------------------------------------------------------------
Flow Station           |          tot:P        tot:T        tot:h        tot:S       stat:P       stat:W      stat:MN       stat:V    stat:area
------------------------------------------------------------------------------------------------------------------------------------------------
OD_TOfail.fc.Fl_O      |         15.032      522.033       -5.375        1.631       14.696     1400.000        0.180      200.974    13116.941
OD_TOfail.inlet.Fl_O   |         15.017      522.033       -5.375        1.631    -7692.243     1400.000     -183.585  -447210.810     3516.241
OD_TOfail.fan.Fl_O     |         20.643      576.615        7.728        1.633       16.101     1400.000        0.607      689.089     3615.856
OD_TOfail.splitter.Fl_O|         20.643      576.615        7.728        1.633       18.412      358.974        0.408      471.964     1230.001
OD_TOfail.splitter.Fl_O|         20.643      576.615        7.728        1.633       15.634     1041.026        0.643      727.276     2601.703
OD_TOfail.duct4.Fl_O   |         20.544      576.615        7.728        1.634       18.181      358.974        0.422      487.577     1203.065
OD_TOfail.lpc.Fl_O     |         56.758      784.446       57.930        1.638       51.630      358.974        0.371      501.653      564.771
OD_TOfail.duct6.Fl_O   |         56.185      784.446       57.930        1.639       49.262      358.974        0.438      589.592      498.422
OD_TOfail.hpc.Fl_O     |        511.597     1496.180      238.115        1.650      488.084      317.519        0.265      490.099      104.668
OD_TOfail.bld3.Fl_O    |        511.597     1496.180      238.115        1.650      470.786      276.728        0.353      649.955       70.647
OD_TOfail.burner.Fl_O  |        483.971     3305.713      231.179        1.917      483.779      285.029        0.025       67.027     1550.003
OD_TOfail.hpt.Fl_O     |        148.182     2480.112       39.552        1.905      130.825      325.821        0.442     1022.608      313.205
OD_TOfail.duct11.Fl_O  |        147.427     2480.112       39.552        1.906      134.251      325.821        0.382      888.040      353.955
OD_TOfail.lpt.Fl_O     |         67.885     2041.530      -55.965        1.900       57.776      351.302        0.500     1052.883      605.344
OD_TOfail.duct13.Fl_O  |         67.158     2041.530      -55.965        1.900       55.477      351.302        0.546     1144.217      576.004
OD_TOfail.core_nozz.Fl_|         67.158     2041.530      -55.965        1.900       36.386      351.302        1.000     1998.996      454.196
OD_TOfail.byp_bld.Fl_O |         20.643      576.615        7.728        1.633       15.634     1035.821        0.643      727.276     2588.694
OD_TOfail.duct15.Fl_O  |         20.336      576.615        7.728        1.634       14.893     1035.821        0.682      768.115     2548.494
OD_TOfail.byp_nozz.Fl_O|         20.336      576.615        7.728        1.634       10.741     1035.821        1.000     1074.781     2300.147
------------------------------------------------------------------------------------------------------------------------------------------------
-------------------------------------------------------------------------------------------------------------------------------------------------------------------------------------------------------
                          COMPRESSOR PROPERTIES
-------------------------------------------------------------------------------------------------------------------------------------------------------------------------------------------------------
Compressor    |           Wc         Pr      eta_a      eta_p         Nc        pwr   RlineMap      NcMap      WcMap      PRmap   alphaMap        SMN        SMW     effMap
-------------------------------------------------------------------------------------------------------------------------------------------------------------------------------------------------------
OD_TOfail.fan |     1374.510      1.375      0.910      0.914   4983.870 -25954.943      2.020      0.990      1.733    800.220      0.000     32.283      4.748      0.905
OD_TOfail.lpc |      270.751      2.763      0.928      0.937   4742.119 -25497.106      2.000      1.000      1.970     87.460      0.000     13.687      9.637      0.928
OD_TOfail.hpc |      115.473      9.106      0.908      0.931  12197.061 -86231.096      2.000      0.976      9.485     49.421      0.000     21.088     17.508      0.872
-------------------------------------------------------------------------------------------------------------------------------------------------------------------------------------------------------
---------------------------------------------------------------------------
                            BURNER PROPERTIES
---------------------------------------------------------------------------
Burner              |           dPqP        TtOut        Wfuel          FAR
OD_TOfail.burner    |         0.0540      3305.71       8.3018      0.03000
--------------------------------------------------------------------------------------------------------------------------------------
                            TURBINE PROPERTIES
--------------------------------------------------------------------------------------------------------------------------------------
Turbine       |             Wp           PR        eff_a        eff_p           Np          pwr        NpMap        PRmap     alphaMap
OD_TOfail.hpt |         33.861        3.266        0.900        0.887      260.891    88738.532      100.000        6.000        1.000
OD_TOfail.lpt |        110.062        2.172        0.900        0.892      100.400    51386.329      100.000        6.000        1.000
-------------------------------------------------------------------------------------------------------------------------
                            NOZZLE PROPERTIES
-------------------------------------------------------------------------------------------------------------------------
Nozzle        |             PR           Cv          Cfg          Ath         MNth        MNout            V           Fg
OD_TOfail.core_nozz|          2.000        0.993        N/A        454.196        1.000        1.000     1998.996    22955.156
OD_TOfail.byp_nozz|          2.000        0.994        N/A       2300.147        1.000        1.000     1074.781    35708.063
---------------------------------------------------------------------------------------------------------------------------
                            SHAFT PROPERTIES
---------------------------------------------------------------------------------------------------------------------------
Shaft               |                 Nmech               trqin              trqout               pwrin              pwrout
OD_TOfail.hp_shaft  |             15000.000           31070.969          -30193.013           88738.479          -86231.045
OD_TOfail.lp_shaft  |              5000.000           53977.330          -54046.365           51386.298          -51452.019
-----------------------------------------------------------------------------------------------------------------------
                            BLEED PROPERTIES
-----------------------------------------------------------------------------------------------------------------------
Bleed                    |         Wb/Win        Pfrac     Workfrac            W           Tt           ht           Pt
OD_TOfail.hpc.cool1      |          0.051        0.500        0.500       18.203     1147.946      148.022      283.891
OD_TOfail.hpc.cool2      |          0.020        0.550        0.500        7.278     1147.946      148.022      306.661
OD_TOfail.hpc.cust       |          0.044        0.500        0.500       15.974     1147.946      148.022      283.891
OD_TOfail.bld3.cool3     |          0.067        1.000        1.000       21.342     1496.180      238.115      511.597
OD_TOfail.bld3.cool4     |          0.061        1.000        1.000       19.450     1496.180      238.115      511.597
OD_TOfail.byp_bld.bypBld |          0.005        1.000        1.000        5.205      576.615        7.728       20.643
