


----------------------------------------------------------------------------
                              POINT: DESIGN
----------------------------------------------------------------------------
                       PERFORMANCE CHARACTERISTICS
    Mach      Alt       W      Fn      Fg    Fram     OPR     TSFC      BPR 
 0.74000  28000.0 620.000 10400.6 24712.0 14311.4  36.835  0.57189    5.900
------------------------------------------------------------------------------------------------------------------------------------------------
                            FLOW STATIONS
------------------------------------------------------------------------------------------------------------------------------------------------
------------------------------------------------------------------------------------------------------------------------------------------------
Flow Station           |          tot:P        tot:T        tot:h        tot:S       stat:P       stat:W      stat:MN       stat:V    stat:area
------------------------------------------------------------------------------------------------------------------------------------------------
DESIGN.fc.Fl_O         |          6.873      464.798      -19.097        1.657        4.776      620.000        0.740      742.670     3905.409
DESIGN.inlet.Fl_O      |          6.867      464.798      -19.097        1.657        6.659      620.000        0.210      221.031    10354.940
DESIGN.fan.Fl_O        |         13.046      568.793        5.849        1.662       12.755      620.000        0.180      209.730     6988.040
DESIGN.splitter.Fl_O1  |         13.046      568.793        5.849        1.662       12.843       89.855        0.150      174.946     1208.163
DESIGN.splitter.Fl_O2  |         13.046      568.793        5.849        1.662       12.843      530.145        0.150      174.946     7128.162
DESIGN.duct4.Fl_O      |         12.984      568.793        5.849        1.662       12.754       89.855        0.160      186.551     1140.222
DESIGN.lpc.Fl_O        |         15.581      601.645       13.745        1.663       15.369       89.855        0.140      167.941     1113.116
DESIGN.duct6.Fl_O      |         15.423      601.645       13.745        1.664       15.116       89.855        0.170      203.742      931.183
DESIGN.hpc.Fl_O        |        252.928     1377.533      206.987        1.677      250.471       79.478        0.120      214.711      108.336
DESIGN.bld3.Fl_O       |        252.928     1377.533      206.987        1.677      248.580       69.268        0.160      286.013       71.277
DESIGN.burner.Fl_O     |        239.270     2880.000      202.165        1.916      237.740       70.920        0.100      251.713      181.819
DESIGN.hpt.Fl_O        |         53.350     2017.192       -1.838        1.910       52.848       81.131        0.120      255.525      645.054
DESIGN.duct11.Fl_O     |         53.078     2017.192       -1.838        1.910       52.658       81.131        0.110      234.271      706.371
DESIGN.lpt.Fl_O        |          7.435     1277.418     -178.509        1.918        7.197       87.509        0.220      377.006     2179.380
DESIGN.duct13.Fl_O     |          7.355     1277.418     -178.509        1.919        7.076       87.509        0.240      410.970     2030.129
DESIGN.core_nozz.Fl_O  |          7.355     1277.418     -178.509        1.919        4.776       87.509        0.820     1338.090      833.352
DESIGN.byp_bld.Fl_O    |         13.046      568.793        5.849        1.662       12.843      527.494        0.150      174.946     7092.521
DESIGN.duct15.Fl_O     |         12.852      568.793        5.849        1.663       12.499      527.494        0.200      232.859     5456.411
DESIGN.byp_nozz.Fl_O   |         12.852      568.793        5.849        1.663        6.788      527.494        1.000     1067.468     1840.763
------------------------------------------------------------------------------------------------------------------------------------------------
-------------------------------------------------------------------------------------------------------------------------------------------------------------------------------------------------------
                          COMPRESSOR PROPERTIES
-------------------------------------------------------------------------------------------------------------------------------------------------------------------------------------------------------
Compressor    |           Wc         Pr      eta_a      eta_p         Nc        pwr   RlineMap      NcMap      WcMap      PRmap   alphaMap        SMN        SMW     effMap
-------------------------------------------------------------------------------------------------------------------------------------------------------------------------------------------------------
DESIGN.fan    |     1256.136      1.900      0.900      0.909  14260.913 -21882.743      2.200      0.990      1.685    803.556      0.000     36.641     29.886      0.895
DESIGN.lpc    |      106.505      1.200      0.924      0.926  12891.467  -1003.816      2.150      1.000      1.935     87.666      0.000     15.987     15.644      0.924
DESIGN.hpc    |       92.212     16.399      0.907      0.935  14901.272 -23148.664      2.050      0.976      9.374     49.454      0.000     22.598     22.468      0.871
-------------------------------------------------------------------------------------------------------------------------------------------------------------------------------------------------------
---------------------------------------------------------------------------
                            BURNER PROPERTIES
---------------------------------------------------------------------------
Burner              |           dPqP        TtOut        Wfuel          FAR
DESIGN.burner       |         0.0540      2880.00       1.6522      0.02385
--------------------------------------------------------------------------------------------------------------------------------------
                            TURBINE PROPERTIES
--------------------------------------------------------------------------------------------------------------------------------------
Turbine       |             Wp           PR        eff_a        eff_p           Np          pwr        NpMap        PRmap     alphaMap
DESIGN.hpt    |         15.907        4.485        0.900        0.883      299.055    23486.745      100.000        6.000        1.000
DESIGN.lpt    |         68.651        7.139        0.900        0.875      300.580    22886.558      100.000        6.000        1.000
-------------------------------------------------------------------------------------------------------------------------
                            NOZZLE PROPERTIES
-------------------------------------------------------------------------------------------------------------------------
Nozzle        |             PR           Cv          Cfg          Ath         MNth        MNout            V           Fg
DESIGN.core_nozz|          1.540        0.993        N/A        833.352        0.820        0.820     1338.090     3615.031
DESIGN.byp_nozz|          2.691        0.994        N/A       1840.763        1.000        1.000     1067.468    21096.990
---------------------------------------------------------------------------------------------------------------------------
                            SHAFT PROPERTIES
---------------------------------------------------------------------------------------------------------------------------
Shaft               |                 Nmech               trqin              trqout               pwrin              pwrout
DESIGN.hp_shaft     |             16049.000            7686.147           -7575.508           23486.731          -23148.650
DESIGN.lp_shaft     |             13500.000            8903.905           -8903.905           22886.545          -22886.545
--------------------------------------------------------------------------------------------------------------------
                            BLEED PROPERTIES
--------------------------------------------------------------------------------------------------------------------
Bleed                 |         Wb/Win        Pfrac     Workfrac            W           Tt           ht           Pt
DESIGN.hpc.cool1      |          0.051        0.500        0.500        4.556      997.817      110.366      134.175
DESIGN.hpc.cool2      |          0.020        0.550        0.500        1.822      997.817      110.366      146.051
DESIGN.hpc.cust       |          0.044        0.500        0.500        3.999      997.817      110.366      134.175
DESIGN.bld3.cool3     |          0.067        1.000        1.000        5.342     1377.533      206.987      252.928
DESIGN.bld3.cool4     |          0.061        1.000        1.000        4.869     1377.533      206.987      252.928
DESIGN.byp_bld.bypBld |          0.005        1.000        1.000        2.651      568.793        5.849       13.046



----------------------------------------------------------------------------
                              POINT: OD_TOfail
----------------------------------------------------------------------------
                       PERFORMANCE CHARACTERISTICS
    Mach      Alt       W      Fn      Fg    Fram     OPR     TSFC      BPR 
 0.18000      0.0 1290.068 37547.6 45606.0  8058.4  38.530  0.41222    5.785
------------------------------------------------------------------------------------------------------------------------------------------------
                            FLOW STATIONS
------------------------------------------------------------------------------------------------------------------------------------------------
------------------------------------------------------------------------------------------------------------------------------------------------
Flow Station           |          tot:P        tot:T        tot:h        tot:S       stat:P       stat:W      stat:MN       stat:V    stat:area
------------------------------------------------------------------------------------------------------------------------------------------------
OD_TOfail.fc.Fl_O      |         15.032      522.033       -5.375        1.631       14.696     1290.068        0.180      200.974    12086.963
OD_TOfail.inlet.Fl_O   |         15.017      522.033       -5.375        1.631       14.554     1290.068        0.212      236.285    10354.940
OD_TOfail.fan.Fl_O     |         28.760      641.768       23.403        1.636       28.114     1290.068        0.181      223.386     6988.040
OD_TOfail.splitter.Fl_O|         28.760      641.768       23.403        1.636       28.294      190.145        0.153      189.574     1208.163
OD_TOfail.splitter.Fl_O|         28.760      641.768       23.403        1.636       28.312     1099.923        0.150      185.781     7128.162
OD_TOfail.duct4.Fl_O   |         28.622      641.768       23.403        1.637       28.095      190.145        0.163      202.164     1140.222
OD_TOfail.lpc.Fl_O     |         32.119      669.750       30.149        1.639       31.605      190.145        0.152      192.247     1113.116
OD_TOfail.duct6.Fl_O   |         31.794      669.750       30.149        1.640       31.047      190.145        0.185      233.430      931.183
OD_TOfail.hpc.Fl_O     |        578.605     1570.274      257.771        1.655      573.124      168.187        0.119      226.376      108.336
OD_TOfail.bld3.Fl_O    |        578.605     1570.274      257.771        1.655      568.908      146.580        0.159      301.522       71.277
OD_TOfail.burner.Fl_O  |        547.361     3330.000      250.425        1.910      547.313      150.879        0.012       31.594     1550.003
OD_TOfail.hpt.Fl_O     |        122.768     2360.558       13.885        1.903      121.615      172.486        0.121      276.274      645.054
OD_TOfail.duct11.Fl_O  |        122.141     2360.558       13.885        1.903      121.177      172.486        0.111      253.291      706.371
OD_TOfail.lpt.Fl_O     |         19.443     1558.035     -183.189        1.909       18.945      185.983        0.198      371.974     2179.380
OD_TOfail.duct13.Fl_O  |         19.235     1558.035     -183.189        1.909       18.652      185.983        0.216      405.112     2030.129
OD_TOfail.core_nozz.Fl_|         19.235     1558.035     -183.189        1.909       14.696      185.983        0.646     1179.967      833.352
OD_TOfail.byp_bld.Fl_O |         28.760      641.768       23.403        1.636       28.312     1094.423        0.150      185.781     7092.521
OD_TOfail.duct15.Fl_O  |         28.331      641.768       23.403        1.637       27.553     1094.423        0.200      247.283     5456.411
OD_TOfail.byp_nozz.Fl_O|         28.331      641.768       23.403        1.637       14.966     1094.423        1.000     1133.840     1840.763
------------------------------------------------------------------------------------------------------------------------------------------------
-------------------------------------------------------------------------------------------------------------------------------------------------------------------------------------------------------
                          COMPRESSOR PROPERTIES
-------------------------------------------------------------------------------------------------------------------------------------------------------------------------------------------------------
Compressor    |           Wc         Pr      eta_a      eta_p         Nc        pwr   RlineMap      NcMap      WcMap      PRmap   alphaMap        SMN        SMW     effMap
-------------------------------------------------------------------------------------------------------------------------------------------------------------------------------------------------------
OD_TOfail.fan |     1266.580      1.915      0.888      0.898  14597.343 -52526.568      2.272      1.013      1.697    810.237      0.000     35.925     29.817      0.883
OD_TOfail.lpc |      108.599      1.122      0.764      0.768  13165.391  -1815.088      3.903      1.021      1.571     89.390      0.000     45.382     45.016      0.764
OD_TOfail.hpc |       99.873     18.198      0.900      0.930  15216.647 -57700.645      2.191      0.997     10.353     53.562      0.000     19.867     19.745      0.864
-------------------------------------------------------------------------------------------------------------------------------------------------------------------------------------------------------
---------------------------------------------------------------------------
                            BURNER PROPERTIES
---------------------------------------------------------------------------
Burner              |           dPqP        TtOut        Wfuel          FAR
OD_TOfail.burner    |         0.0540      3330.00       4.2995      0.02933
--------------------------------------------------------------------------------------------------------------------------------------
                            TURBINE PROPERTIES
--------------------------------------------------------------------------------------------------------------------------------------
Turbine       |             Wp           PR        eff_a        eff_p           Np          pwr        NpMap        PRmap     alphaMap
OD_TOfail.hpt |         15.907        4.459        0.901        0.884      299.645    57950.645      100.197        5.962        1.000
OD_TOfail.lpt |         68.612        6.282        0.899        0.877      301.418    54341.656      100.279        5.302        1.000
-------------------------------------------------------------------------------------------------------------------------
                            NOZZLE PROPERTIES
-------------------------------------------------------------------------------------------------------------------------
Nozzle        |             PR           Cv          Cfg          Ath         MNth        MNout            V           Fg
OD_TOfail.core_nozz|          1.309        0.993        N/A        833.352        0.646        0.646     1179.967     6775.157
OD_TOfail.byp_nozz|          1.928        0.994        N/A       1840.763        1.000        1.000     1133.840    38830.858
---------------------------------------------------------------------------------------------------------------------------
                            SHAFT PROPERTIES
---------------------------------------------------------------------------------------------------------------------------
Shaft               |                 Nmech               trqin              trqout               pwrin              pwrout
OD_TOfail.hp_shaft  |             17291.385           17602.012          -17526.076           57950.611          -57700.611
OD_TOfail.lp_shaft  |             14644.586           19489.002          -19489.002           54341.623          -54341.623
-----------------------------------------------------------------------------------------------------------------------
                            BLEED PROPERTIES
-----------------------------------------------------------------------------------------------------------------------
Bleed                    |         Wb/Win        Pfrac     Workfrac            W           Tt           ht           Pt
OD_TOfail.hpc.cool1      |          0.051        0.500        0.500        9.642     1131.884      143.960      305.200
OD_TOfail.hpc.cool2      |          0.020        0.550        0.500        3.855     1131.884      143.960      332.540
OD_TOfail.hpc.cust       |          0.044        0.500        0.500        8.461     1131.884      143.960      305.200
OD_TOfail.bld3.cool3     |          0.067        1.000        1.000       11.305     1570.274      257.771      578.605
OD_TOfail.bld3.cool4     |          0.061        1.000        1.000       10.302     1570.274      257.771      578.605
OD_TOfail.byp_bld.bypBld |          0.005        1.000        1.000        5.500      641.768       23.403       28.760



----------------------------------------------------------------------------
                              POINT: OD_TOC
----------------------------------------------------------------------------
                       PERFORMANCE CHARACTERISTICS
    Mach      Alt       W      Fn      Fg    Fram     OPR     TSFC      BPR 
 0.74000  28000.0 548.697  7000.0 19665.5 12665.5  27.698  0.57489    6.656
------------------------------------------------------------------------------------------------------------------------------------------------
                            FLOW STATIONS
------------------------------------------------------------------------------------------------------------------------------------------------
------------------------------------------------------------------------------------------------------------------------------------------------
Flow Station           |          tot:P        tot:T        tot:h        tot:S       stat:P       stat:W      stat:MN       stat:V    stat:area
------------------------------------------------------------------------------------------------------------------------------------------------
OD_TOC.fc.Fl_O         |          6.873      464.798      -19.097        1.657        4.776      548.697        0.740      742.670     3456.268
OD_TOC.inlet.Fl_O      |          6.867      464.798      -19.097        1.657        6.705      548.697        0.185      194.646    10354.940
OD_TOC.fan.Fl_O        |         11.477      543.771       -0.159        1.660       11.230      548.697        0.177      201.591     6988.040
OD_TOC.splitter.Fl_O1  |         11.477      543.771       -0.159        1.660       11.337       71.667        0.133      151.259     1208.163
OD_TOC.splitter.Fl_O2  |         11.477      543.771       -0.159        1.660       11.299      477.030        0.150      171.065     7128.162
OD_TOC.duct4.Fl_O      |         11.422      543.771       -0.159        1.660       11.264       71.667        0.141      161.238     1140.222
OD_TOC.lpc.Fl_O        |         12.760      562.862        4.424        1.661       12.607       71.667        0.132      152.835     1113.116
OD_TOC.duct6.Fl_O      |         12.632      562.862        4.424        1.661       12.408       71.667        0.160      185.314      931.183
OD_TOC.hpc.Fl_O        |        190.188     1261.413      176.952        1.674      188.284       63.391        0.122      208.583      108.336
OD_TOC.bld3.Fl_O       |        190.188     1261.413      176.952        1.674      186.819       55.247        0.162      277.890       71.277
OD_TOC.burner.Fl_O     |        179.918     2578.076      173.443        1.898      179.902       56.365        0.012       27.799     1550.003
OD_TOC.hpt.Fl_O        |         39.721     1789.706       -9.459        1.894       39.344       64.508        0.120      242.117      645.054
OD_TOC.duct11.Fl_O     |         39.519     1789.706       -9.459        1.894       39.203       64.508        0.110      221.977      706.371
OD_TOC.lpt.Fl_O        |          6.287     1157.463     -156.167        1.902        6.126       69.596        0.195      319.667     2179.380
OD_TOC.duct13.Fl_O     |          6.219     1157.463     -156.167        1.902        6.032       69.596        0.213      348.110     2030.129
OD_TOC.core_nozz.Fl_O  |          6.219     1157.463     -156.167        1.902        4.776       69.596        0.633     1006.437      833.352
OD_TOC.byp_bld.Fl_O    |         11.477      543.771       -0.159        1.660       11.299      474.645        0.150      171.065     7092.521
OD_TOC.duct15.Fl_O     |         11.306      543.771       -0.159        1.661       10.996      474.645        0.200      227.694     5456.411
OD_TOC.byp_nozz.Fl_O   |         11.306      543.771       -0.159        1.661        5.971      474.645        1.000     1043.731     1840.763
------------------------------------------------------------------------------------------------------------------------------------------------
-------------------------------------------------------------------------------------------------------------------------------------------------------------------------------------------------------
                          COMPRESSOR PROPERTIES
-------------------------------------------------------------------------------------------------------------------------------------------------------------------------------------------------------
Compressor    |           Wc         Pr      eta_a      eta_p         Nc        pwr   RlineMap      NcMap      WcMap      PRmap   alphaMap        SMN        SMW     effMap
-------------------------------------------------------------------------------------------------------------------------------------------------------------------------------------------------------
OD_TOC.fan    |     1111.674      1.672      0.931      0.936  12407.391 -14702.099      1.948      0.861      1.511    711.143      0.000     45.269     31.967      0.926
OD_TOC.lpc    |       94.411      1.117      0.915      0.917  11471.079   -464.741      2.242      0.890      1.548     77.712      0.000     30.491     29.198      0.915
OD_TOC.hpc    |       86.859     15.057      0.911      0.937  14677.031 -16483.875      2.043      0.961      8.644     46.583      0.000     24.669     25.025      0.874
-------------------------------------------------------------------------------------------------------------------------------------------------------------------------------------------------------
---------------------------------------------------------------------------
                            BURNER PROPERTIES
---------------------------------------------------------------------------
Burner              |           dPqP        TtOut        Wfuel          FAR
OD_TOC.burner       |         0.0540      2578.08       1.1178      0.02023
--------------------------------------------------------------------------------------------------------------------------------------
                            TURBINE PROPERTIES
--------------------------------------------------------------------------------------------------------------------------------------
Turbine       |             Wp           PR        eff_a        eff_p           Np          pwr        NpMap        PRmap     alphaMap
OD_TOC.hpt    |         15.907        4.530        0.900        0.882      301.124    16733.876      100.692        6.064        1.000
OD_TOC.lpt    |         69.057        6.286        0.895        0.870      277.636    15166.839       92.367        5.306        1.000
-------------------------------------------------------------------------------------------------------------------------
                            NOZZLE PROPERTIES
-------------------------------------------------------------------------------------------------------------------------
Nozzle        |             PR           Cv          Cfg          Ath         MNth        MNout            V           Fg
OD_TOC.core_nozz|          1.302        0.993        N/A        833.352        0.633        0.633     1006.437     2162.436
OD_TOC.byp_nozz|          2.367        0.994        N/A       1840.763        1.000        1.000     1043.731    17503.095
---------------------------------------------------------------------------------------------------------------------------
                            SHAFT PROPERTIES
---------------------------------------------------------------------------------------------------------------------------
Shaft               |                 Nmech               trqin              trqout               pwrin              pwrout
OD_TOC.hp_shaft     |             15289.508            5748.266           -5662.388           16733.866          -16483.866
OD_TOC.lp_shaft     |             11745.375            6782.066           -6782.066           15166.830          -15166.830
--------------------------------------------------------------------------------------------------------------------
                            BLEED PROPERTIES
--------------------------------------------------------------------------------------------------------------------
Bleed                 |         Wb/Win        Pfrac     Workfrac            W           Tt           ht           Pt
OD_TOC.hpc.cool1      |          0.051        0.500        0.500        3.634      918.297       90.688      101.410
OD_TOC.hpc.cool2      |          0.020        0.550        0.500        1.453      918.297       90.688      110.288
OD_TOC.hpc.cust       |          0.044        0.500        0.500        3.189      918.297       90.688      101.410
OD_TOC.bld3.cool3     |          0.067        1.000        1.000        4.261     1261.413      176.952      190.188
OD_TOC.bld3.cool4     |          0.061        1.000        1.000        3.883     1261.413      176.952      190.188
OD_TOC.byp_bld.bypBld |          0.005        1.000        1.000        2.385      543.771       -0.159       11.477



----------------------------------------------------------------------------
                              POINT: OD_SLS
----------------------------------------------------------------------------
                       PERFORMANCE CHARACTERISTICS
    Mach      Alt       W      Fn      Fg    Fram     OPR     TSFC      BPR 
 0.00001      0.0 1334.249 50017.0 50017.5     0.5  47.426  0.38183    5.200
------------------------------------------------------------------------------------------------------------------------------------------------
                            FLOW STATIONS
------------------------------------------------------------------------------------------------------------------------------------------------
------------------------------------------------------------------------------------------------------------------------------------------------
Flow Station           |          tot:P        tot:T        tot:h        tot:S       stat:P       stat:W      stat:MN       stat:V    stat:area
------------------------------------------------------------------------------------------------------------------------------------------------
OD_SLS.fc.Fl_O         |         14.696      518.670       -6.182        1.631       14.696     1334.249        0.000        0.011225016301.352
OD_SLS.inlet.Fl_O      |         14.681      518.670       -6.182        1.631       14.176     1334.249        0.224      249.014    10354.940
OD_SLS.fan.Fl_O        |         29.687      660.526       27.924        1.641       28.997     1334.249        0.184      230.495     6988.040
OD_SLS.splitter.Fl_O1  |         29.687      660.526       27.924        1.641       29.089      215.213        0.171      214.558     1208.163
OD_SLS.splitter.Fl_O2  |         29.687      660.526       27.924        1.641       29.225     1119.036        0.150      188.460     7128.162
OD_SLS.duct4.Fl_O      |         29.544      660.526       27.924        1.642       28.867      215.213        0.182      228.901     1140.222
OD_SLS.lpc.Fl_O        |         38.918      721.046       42.546        1.644       38.334      215.213        0.147      193.195     1113.116
OD_SLS.duct6.Fl_O      |         38.525      721.046       42.546        1.645       37.676      215.213        0.179      234.500      931.183
OD_SLS.hpc.Fl_O        |        696.266     1674.839      285.783        1.659      690.046      190.360        0.116      227.014      108.336
OD_SLS.bld3.Fl_O       |        696.266     1674.839      285.783        1.659      685.267      165.904        0.154      302.281       71.277
OD_SLS.burner.Fl_O     |        658.668     3547.498      276.928        1.921      658.613      171.209        0.011       31.741     1550.003
OD_SLS.hpt.Fl_O        |        150.245     2535.920       26.280        1.912      148.944      195.665        0.116      274.958      645.054
OD_SLS.duct11.Fl_O     |        149.479     2535.919       26.280        1.913      148.390      195.665        0.106      252.106      706.371
OD_SLS.lpt.Fl_O        |         21.826     1658.556     -193.703        1.919       21.216      210.941        0.207      400.837     2179.380
OD_SLS.duct13.Fl_O     |         21.592     1658.556     -193.703        1.920       20.878      210.941        0.226      436.709     2030.129
OD_SLS.core_nozz.Fl_O  |         21.592     1658.556     -193.703        1.920       15.133      210.941        0.747     1392.027      811.484
OD_SLS.byp_bld.Fl_O    |         29.687      660.526       27.924        1.641       29.225     1113.441        0.150      188.460     7092.521
OD_SLS.duct15.Fl_O     |         29.245      660.526       27.924        1.642       28.441     1113.441        0.200      250.849     5456.411
OD_SLS.byp_nozz.Fl_O   |         29.245      660.526       27.924        1.642       15.450     1113.441        1.000     1150.274     1840.763
------------------------------------------------------------------------------------------------------------------------------------------------
-------------------------------------------------------------------------------------------------------------------------------------------------------------------------------------------------------
                          COMPRESSOR PROPERTIES
-------------------------------------------------------------------------------------------------------------------------------------------------------------------------------------------------------
Compressor    |           Wc         Pr      eta_a      eta_p         Nc        pwr   RlineMap      NcMap      WcMap      PRmap   alphaMap        SMN        SMW     effMap
-------------------------------------------------------------------------------------------------------------------------------------------------------------------------------------------------------
OD_SLS.fan    |     1335.589      2.022      0.813      0.831  17352.017 -64384.038      3.019      1.205      1.778    854.383      0.000     30.814     29.015      0.808
OD_SLS.lpc    |      120.806      1.317      0.888      0.892  15376.256  -4452.320      1.000      1.193      2.483     98.185      0.000     -0.000      1.159      0.888
OD_SLS.hpc    |       96.797     18.073      0.901      0.930  15124.826 -69787.804      2.166      0.995     10.285     53.192      0.000     19.857     19.777      0.865
-------------------------------------------------------------------------------------------------------------------------------------------------------------------------------------------------------
---------------------------------------------------------------------------
                            BURNER PROPERTIES
---------------------------------------------------------------------------
Burner              |           dPqP        TtOut        Wfuel          FAR
OD_SLS.burner       |         0.0540      3547.50       5.3050      0.03198
--------------------------------------------------------------------------------------------------------------------------------------
                            TURBINE PROPERTIES
--------------------------------------------------------------------------------------------------------------------------------------
Turbine       |             Wp           PR        eff_a        eff_p           Np          pwr        NpMap        PRmap     alphaMap
OD_SLS.hpt    |         15.482        4.384        0.902        0.886      299.409    69694.958      100.260        5.855        1.000
OD_SLS.lpt    |         65.918        6.849        0.896        0.872      344.574    68634.188      114.826        5.764        1.000
-------------------------------------------------------------------------------------------------------------------------
                            NOZZLE PROPERTIES
-------------------------------------------------------------------------------------------------------------------------
Nozzle        |             PR           Cv          Cfg          Ath         MNth        MNout            V           Fg
OD_SLS.core_nozz|          1.427        0.993        N/A        811.484        0.747        0.747     1392.027     9065.335
OD_SLS.byp_nozz|          1.990        0.994        N/A       1840.763        1.000        1.000     1150.274    40952.152
---------------------------------------------------------------------------------------------------------------------------
                            SHAFT PROPERTIES
---------------------------------------------------------------------------------------------------------------------------
Shaft               |                 Nmech               trqin              trqout               pwrin              pwrout
OD_SLS.hp_shaft     |             17833.082           20526.210          -20553.555           69694.916          -69787.762
OD_SLS.lp_shaft     |             17352.017           20774.203          -20835.395           68634.147          -68836.317
--------------------------------------------------------------------------------------------------------------------
                            BLEED PROPERTIES
--------------------------------------------------------------------------------------------------------------------
Bleed                 |         Wb/Win        Pfrac     Workfrac            W           Tt           ht           Pt
OD_SLS.hpc.cool1      |          0.051        0.500        0.500       10.913     1211.458      164.165      367.395
OD_SLS.hpc.cool2      |          0.020        0.550        0.500        4.363     1211.458      164.165      400.283
OD_SLS.hpc.cust       |          0.044        0.500        0.500        9.577     1211.458      164.165      367.395
OD_SLS.bld3.cool3     |          0.067        1.000        1.000       12.795     1674.839      285.783      696.266
OD_SLS.bld3.cool4     |          0.061        1.000        1.000       11.661     1674.839      285.783      696.266
OD_SLS.byp_bld.bypBld |          0.005        1.000        1.000        5.595      660.526       27.924       29.687
