


----------------------------------------------------------------------------
                              POINT: DESIGN
----------------------------------------------------------------------------
                       PERFORMANCE CHARACTERISTICS
    Mach      Alt       W      Fn      Fg    Fram     OPR     TSFC      BPR 
 0.74000  28000.0 456.731  6750.0 17292.7 10542.7  38.421  0.55437    7.000
------------------------------------------------------------------------------------------------------------------------------------------------
                            FLOW STATIONS
------------------------------------------------------------------------------------------------------------------------------------------------
------------------------------------------------------------------------------------------------------------------------------------------------
Flow Station           |          tot:P        tot:T        tot:h        tot:S       stat:P       stat:W      stat:MN       stat:V    stat:area
------------------------------------------------------------------------------------------------------------------------------------------------
DESIGN.fc.Fl_O         |          6.873      464.798      -19.097        1.657        4.776      456.731        0.740      742.670     2876.969
DESIGN.inlet.Fl_O      |          6.867      464.798      -19.097        1.657        4.949      456.731        0.700      706.205     2950.558
DESIGN.fan.Fl_O        |         11.673      549.399        1.192        1.661       10.159      456.731        0.450      506.919     2498.505
DESIGN.splitter.Fl_O1  |         11.673      549.399        1.192        1.661       10.874       57.091        0.320      363.976      414.342
DESIGN.splitter.Fl_O2  |         11.673      549.399        1.192        1.661       10.034      399.639        0.470      528.519     2115.436
DESIGN.duct4.Fl_O      |         11.617      549.399        1.192        1.661       10.773       57.091        0.330      375.113      405.268
DESIGN.lpc.Fl_O        |         16.264      609.291       15.584        1.663       15.280       57.091        0.300      359.649      331.750
DESIGN.duct6.Fl_O      |         16.100      609.291       15.584        1.664       14.793       57.091        0.350      418.273      292.786
DESIGN.hpc.Fl_O        |        263.819     1393.417      211.129        1.677      255.332       50.498        0.220      394.646       36.937
DESIGN.bld3.Fl_O       |        263.819     1393.417      211.129        1.677      249.287       44.011        0.290      518.675       24.930
DESIGN.burner.Fl_O     |        249.572     2880.000      206.257        1.913      247.977       45.050        0.100      251.727      110.722
DESIGN.hpt.Fl_O        |         54.263     2008.493       -0.666        1.907       50.104       51.538        0.350      737.947      146.533
DESIGN.duct11.Fl_O     |         53.986     2008.493       -0.666        1.908       50.782       51.538        0.306      647.158      165.593
DESIGN.lpt.Fl_O        |          7.839     1281.998     -173.829        1.915        7.083       55.590        0.390      663.865      787.517
DESIGN.duct13.Fl_O     |          7.755     1281.998     -173.829        1.916        6.896       55.590        0.420      713.531      749.438
DESIGN.core_nozz.Fl_O  |          7.755     1281.998     -173.829        1.916        4.776       55.590        0.872     1415.487      495.278
DESIGN.byp_bld.Fl_O    |         11.673      549.399        1.192        1.661       10.034      397.641        0.470      528.519     2104.859
DESIGN.duct15.Fl_O     |         11.499      549.399        1.192        1.662        9.758      397.641        0.490      550.004     2072.164
DESIGN.byp_nozz.Fl_O   |         11.499      549.399        1.192        1.662        6.073      397.641        1.000     1049.117     1524.125
------------------------------------------------------------------------------------------------------------------------------------------------
-------------------------------------------------------------------------------------------------------------------------------------------------------------------------------------------------------
                          COMPRESSOR PROPERTIES
-------------------------------------------------------------------------------------------------------------------------------------------------------------------------------------------------------
Compressor    |           Wc         Pr      eta_a      eta_p         Nc        pwr   RlineMap      NcMap      WcMap      PRmap   alphaMap        SMN        SMW     effMap
-------------------------------------------------------------------------------------------------------------------------------------------------------------------------------------------------------
DESIGN.fan    |      925.348      1.700      0.900      0.907  14260.913 -13110.796      2.200      0.990      1.685    803.556      0.000     36.641     29.886      0.895
DESIGN.lpc    |       74.331      1.400      0.924      0.928  13117.029  -1162.527      2.150      1.000      1.935     87.666      0.000     15.987     15.644      0.924
DESIGN.hpc    |       56.483     16.387      0.907      0.935  14807.479 -14883.271      2.050      0.976      9.374     49.454      0.000     22.598     22.468      0.871
-------------------------------------------------------------------------------------------------------------------------------------------------------------------------------------------------------
---------------------------------------------------------------------------
                            BURNER PROPERTIES
---------------------------------------------------------------------------
Burner              |           dPqP        TtOut        Wfuel          FAR
DESIGN.burner       |         0.0540      2880.00       1.0394      0.02362
--------------------------------------------------------------------------------------------------------------------------------------
                            TURBINE PROPERTIES
--------------------------------------------------------------------------------------------------------------------------------------
Turbine       |             Wp           PR        eff_a        eff_p           Np          pwr        NpMap        PRmap     alphaMap
DESIGN.hpt    |          9.687        4.599        0.900        0.883      299.055    15133.272      100.000        6.000        1.000
DESIGN.lpt    |         42.784        6.887        0.900        0.875      301.230    14273.323      100.000        6.000        1.000
-------------------------------------------------------------------------------------------------------------------------
                            NOZZLE PROPERTIES
-------------------------------------------------------------------------------------------------------------------------
Nozzle        |             PR           Cv          Cfg          Ath         MNth        MNout            V           Fg
DESIGN.core_nozz|          1.624        0.993        N/A        495.278        0.872        0.872     1415.487     2429.293
DESIGN.byp_nozz|          2.407        0.994        N/A       1524.125        1.000        1.000     1049.117    14863.369
---------------------------------------------------------------------------------------------------------------------------
                            SHAFT PROPERTIES
---------------------------------------------------------------------------------------------------------------------------
Shaft               |                 Nmech               trqin              trqout               pwrin              pwrout
DESIGN.hp_shaft     |             16049.000            4952.434           -4870.620           15133.263          -14883.263
DESIGN.lp_shaft     |             13500.000            5552.968           -5552.968           14273.315          -14273.315
--------------------------------------------------------------------------------------------------------------------
                            BLEED PROPERTIES
--------------------------------------------------------------------------------------------------------------------
Bleed                 |         Wb/Win        Pfrac     Workfrac            W           Tt           ht           Pt
DESIGN.hpc.cool1      |          0.051        0.500        0.500        2.895     1009.839      113.356      139.959
DESIGN.hpc.cool2      |          0.020        0.550        0.500        1.157     1009.839      113.356      152.345
DESIGN.hpc.cust       |          0.044        0.500        0.500        2.541     1009.839      113.356      139.959
DESIGN.bld3.cool3     |          0.067        1.000        1.000        3.394     1393.417      211.129      263.819
DESIGN.bld3.cool4     |          0.061        1.000        1.000        3.093     1393.417      211.129      263.819
DESIGN.byp_bld.bypBld |          0.005        1.000        1.000        1.998      549.399        1.192       11.673
