


----------------------------------------------------------------------------
                              POINT: DESIGN
----------------------------------------------------------------------------
                       PERFORMANCE CHARACTERISTICS
    Mach      Alt       W      Fn      Fg    Fram     OPR     TSFC      BPR 
 0.74000  28000.0 607.437  6755.2 20776.6 14021.4  38.421  0.53595   10.000
------------------------------------------------------------------------------------------------------------------------------------------------
                            FLOW STATIONS
------------------------------------------------------------------------------------------------------------------------------------------------
------------------------------------------------------------------------------------------------------------------------------------------------
Flow Station           |          tot:P        tot:T        tot:h        tot:S       stat:P       stat:W      stat:MN       stat:V    stat:area
------------------------------------------------------------------------------------------------------------------------------------------------
DESIGN.fc.Fl_O         |          6.873      464.798      -19.097        1.657        4.776      607.437        0.740      742.670     3826.274
DESIGN.inlet.Fl_O      |          6.867      464.798      -19.097        1.657        4.949      607.437        0.700      706.205     3924.145
DESIGN.fan.Fl_O        |         10.300      528.287       -3.875        1.660        8.963      607.437        0.450      497.123     3692.616
DESIGN.splitter.Fl_O1  |         10.300      528.287       -3.875        1.660        9.594       55.222        0.320      356.948      445.353
DESIGN.splitter.Fl_O2  |         10.300      528.287       -3.875        1.660        8.853      552.215        0.470      518.304     3248.284
DESIGN.duct4.Fl_O      |         10.250      528.287       -3.875        1.660        9.506       55.222        0.330      367.869      435.600
DESIGN.lpc.Fl_O        |         17.426      621.727       18.576        1.663       16.372       55.222        0.300      363.267      302.562
DESIGN.duct6.Fl_O      |         17.250      621.727       18.576        1.664       15.850       55.222        0.350      422.482      267.025
DESIGN.hpc.Fl_O        |        263.819     1392.978      211.014        1.677      255.332       48.844        0.220      394.587       35.721
DESIGN.bld3.Fl_O       |        263.819     1392.978      211.014        1.677      249.287       42.569        0.290      518.597       24.110
DESIGN.burner.Fl_O     |        249.572     2880.000      206.144        1.913      247.977       43.575        0.100      251.726      107.097
DESIGN.hpt.Fl_O        |         55.776     2019.321        2.348        1.907       51.503       49.850        0.350      739.825      138.281
DESIGN.duct11.Fl_O     |         55.492     2019.321        2.348        1.907       52.199       49.850        0.306      648.804      156.268
DESIGN.lpt.Fl_O        |          6.936     1248.623     -182.731        1.917        6.266       53.770        0.390      655.620      848.996
DESIGN.duct13.Fl_O     |          6.862     1248.623     -182.731        1.917        6.101       53.770        0.420      704.660      807.953
DESIGN.core_nozz.Fl_O  |          6.862     1248.623     -182.731        1.917        4.898       53.770        0.721     1176.333      569.053
DESIGN.byp_bld.Fl_O    |         10.300      528.287       -3.875        1.660        8.853      549.454        0.470      518.304     3232.042
DESIGN.duct15.Fl_O     |         10.146      528.287       -3.875        1.661        8.610      549.454        0.490      539.372     3181.846
DESIGN.byp_nozz.Fl_O   |         10.146      528.287       -3.875        1.661        5.358      549.454        1.000     1028.766     2340.392
------------------------------------------------------------------------------------------------------------------------------------------------
-------------------------------------------------------------------------------------------------------------------------------------------------------------------------------------------------------
                          COMPRESSOR PROPERTIES
-------------------------------------------------------------------------------------------------------------------------------------------------------------------------------------------------------
Compressor    |           Wc         Pr      eta_a      eta_p         Nc        pwr   RlineMap      NcMap      WcMap      PRmap   alphaMap        SMN        SMW     effMap
-------------------------------------------------------------------------------------------------------------------------------------------------------------------------------------------------------
DESIGN.fan    |     1230.683      1.500      0.900      0.906  14260.913 -13082.470      2.200      0.990      1.685    803.556      0.000     36.641     29.886      0.895
DESIGN.lpc    |       79.901      1.700      0.924      0.930  13376.562  -1754.114      2.150      1.000      1.935     87.666      0.000     15.987     15.644      0.924
DESIGN.hpc    |       51.509     15.294      0.907      0.934  14658.644 -14167.087      2.050      0.976      9.374     49.454      0.000     22.598     22.468      0.871
-------------------------------------------------------------------------------------------------------------------------------------------------------------------------------------------------------
---------------------------------------------------------------------------
                            BURNER PROPERTIES
---------------------------------------------------------------------------
Burner              |           dPqP        TtOut        Wfuel          FAR
DESIGN.burner       |         0.0540      2880.00       1.0057      0.02362
--------------------------------------------------------------------------------------------------------------------------------------
                            TURBINE PROPERTIES
--------------------------------------------------------------------------------------------------------------------------------------
Turbine       |             Wp           PR        eff_a        eff_p           Np          pwr        NpMap        PRmap     alphaMap
DESIGN.hpt    |          9.370        4.475        0.900        0.883      299.055    14417.087      100.000        6.000        1.000
DESIGN.lpt    |         40.368        8.000        0.900        0.873      300.422    14703.826      100.000        6.000        1.000
-------------------------------------------------------------------------------------------------------------------------
                            NOZZLE PROPERTIES
-------------------------------------------------------------------------------------------------------------------------
Nozzle        |             PR           Cv          Cfg          Ath         MNth        MNout            V           Fg
DESIGN.core_nozz|          1.401        0.993        N/A        569.053        0.721        0.721     1176.333     1952.740
DESIGN.byp_nozz|          2.124        0.994        N/A       2340.392        1.000        1.000     1028.766    18823.878
---------------------------------------------------------------------------------------------------------------------------
                            SHAFT PROPERTIES
---------------------------------------------------------------------------------------------------------------------------
Shaft               |                 Nmech               trqin              trqout               pwrin              pwrout
DESIGN.hp_shaft     |             16049.000            4718.059           -4636.245           14417.078          -14167.078
DESIGN.lp_shaft     |             13500.000            5720.453           -5772.102           14703.817          -14836.575
--------------------------------------------------------------------------------------------------------------------
                            BLEED PROPERTIES
--------------------------------------------------------------------------------------------------------------------
Bleed                 |         Wb/Win        Pfrac     Workfrac            W           Tt           ht           Pt
DESIGN.hpc.cool1      |          0.051        0.500        0.500        2.800     1015.618      114.795      140.534
DESIGN.hpc.cool2      |          0.020        0.550        0.500        1.120     1015.618      114.795      152.863
DESIGN.hpc.cust       |          0.044        0.500        0.500        2.457     1015.618      114.795      140.534
DESIGN.bld3.cool3     |          0.067        1.000        1.000        3.283     1392.978      211.014      263.819
DESIGN.bld3.cool4     |          0.061        1.000        1.000        2.992     1392.978      211.014      263.819
DESIGN.byp_bld.bypBld |          0.005        1.000        1.000        2.761      528.287       -3.875       10.300



----------------------------------------------------------------------------
                              POINT: OD_TOfail
----------------------------------------------------------------------------
                       PERFORMANCE CHARACTERISTICS
    Mach      Alt       W      Fn      Fg    Fram     OPR     TSFC      BPR 
 0.18000      0.0 1503.771 45609.5 55002.8  9393.3  35.790  0.28191    9.000
------------------------------------------------------------------------------------------------------------------------------------------------
                            FLOW STATIONS
------------------------------------------------------------------------------------------------------------------------------------------------
------------------------------------------------------------------------------------------------------------------------------------------------
Flow Station           |          tot:P        tot:T        tot:h        tot:S       stat:P       stat:W      stat:MN       stat:V    stat:area
------------------------------------------------------------------------------------------------------------------------------------------------
OD_TOfail.fc.Fl_O      |         15.032      522.033       -5.375        1.631       14.696     1503.771        0.180      200.974    14089.197
OD_TOfail.inlet.Fl_O   |         15.017      522.033       -5.375        1.631      -88.918     1503.771      -68.224  1157408.565     3924.145
OD_TOfail.fan.Fl_O     |         21.022      585.331        9.823        1.636       15.810     1503.771        0.651      741.544     3692.616
OD_TOfail.splitter.Fl_O|         21.022      585.331        9.823        1.636       17.890      150.377        0.486      562.886      445.353
OD_TOfail.splitter.Fl_O|         21.022      585.331        9.823        1.636       15.412     1353.394        0.681      772.627     3248.284
OD_TOfail.duct4.Fl_O   |         20.921      585.331        9.823        1.636       17.588      150.377        0.504      583.345      435.600
OD_TOfail.lpc.Fl_O     |         36.088      691.218       35.333        1.639       31.553      150.377        0.443      559.150      302.562
OD_TOfail.duct6.Fl_O   |         35.723      691.218       35.333        1.639       29.455      150.377        0.533      667.467      267.025
OD_TOfail.hpc.Fl_O     |        537.454     1530.016      247.071        1.653      502.155      133.011        0.319      594.741       35.721
OD_TOfail.bld3.Fl_O    |        537.454     1530.016      247.071        1.653      474.792      115.923        0.432      800.508       24.110
OD_TOfail.burner.Fl_O  |        508.431     3374.224      239.686        1.921      508.399      119.495        0.010       27.296     1550.003
OD_TOfail.hpt.Fl_O     |        113.628     2389.147       -0.249        1.913       91.840      136.583        0.579     1305.340      138.281
OD_TOfail.duct11.Fl_O  |        113.048     2389.147       -0.249        1.913       97.071      136.583        0.489     1108.180      156.268
OD_TOfail.lpt.Fl_O     |         14.131     1500.661     -220.499        1.921       10.368      147.257        0.693     1238.752      848.996
OD_TOfail.duct13.Fl_O  |         13.980     1500.661     -220.499        1.922        9.255      147.257        0.805     1420.675      807.953
OD_TOfail.core_nozz.Fl_|         13.980     1500.661     -220.499        1.922        7.511      147.257        1.000     1721.026      779.012
OD_TOfail.byp_bld.Fl_O |         21.022      585.331        9.823        1.636       15.412     1346.627        0.681      772.627     3232.042
OD_TOfail.duct15.Fl_O  |         20.709      585.331        9.823        1.637       14.554     1346.627        0.728      821.103     3181.846
OD_TOfail.byp_nozz.Fl_O|         20.709      585.331        9.823        1.637       10.938     1346.627        1.000     1082.870     2958.623
------------------------------------------------------------------------------------------------------------------------------------------------
-------------------------------------------------------------------------------------------------------------------------------------------------------------------------------------------------------
                          COMPRESSOR PROPERTIES
-------------------------------------------------------------------------------------------------------------------------------------------------------------------------------------------------------
Compressor    |           Wc         Pr      eta_a      eta_p         Nc        pwr   RlineMap      NcMap      WcMap      PRmap   alphaMap        SMN        SMW     effMap
-------------------------------------------------------------------------------------------------------------------------------------------------------------------------------------------------------
OD_TOfail.fan |     1476.392      1.400      0.832      0.839   9967.740 -32335.140      2.606      0.990      1.548    803.620      0.000     48.760     17.297      0.827
OD_TOfail.lpc |      112.214      1.725      0.928      0.933   9413.359  -5427.532      2.005      1.000      1.968     87.467      0.000     13.766      9.704      0.928
OD_TOfail.hpc |       71.415     15.045      0.905      0.933  12315.330 -42448.486      2.116      0.976      9.228     49.497      0.000     24.647     20.775      0.869
-------------------------------------------------------------------------------------------------------------------------------------------------------------------------------------------------------
---------------------------------------------------------------------------
                            BURNER PROPERTIES
---------------------------------------------------------------------------
Burner              |           dPqP        TtOut        Wfuel          FAR
OD_TOfail.burner    |         0.0540      3374.22       3.5716      0.03081
--------------------------------------------------------------------------------------------------------------------------------------
                            TURBINE PROPERTIES
--------------------------------------------------------------------------------------------------------------------------------------
Turbine       |             Wp           PR        eff_a        eff_p           Np          pwr        NpMap        PRmap     alphaMap
OD_TOfail.hpt |         13.652        4.475        0.900        0.884      244.749    46544.737      100.000        6.000        1.000
OD_TOfail.lpt |         59.055        8.000        0.900        0.874      204.587    48024.631      100.000        6.000        1.000
-------------------------------------------------------------------------------------------------------------------------
                            NOZZLE PROPERTIES
-------------------------------------------------------------------------------------------------------------------------
Nozzle        |             PR           Cv          Cfg          Ath         MNth        MNout            V           Fg
OD_TOfail.core_nozz|          2.000        0.993        N/A        779.012        1.000        1.000     1721.026     8230.132
OD_TOfail.byp_nozz|          2.000        0.994        N/A       2958.623        1.000        1.000     1082.870    46772.635
---------------------------------------------------------------------------------------------------------------------------
                            SHAFT PROPERTIES
---------------------------------------------------------------------------------------------------------------------------
Shaft               |                 Nmech               trqin              trqout               pwrin              pwrout
OD_TOfail.hp_shaft  |             14217.000           17194.772          -15681.516           46544.709          -42448.461
OD_TOfail.lp_shaft  |             10000.000           25223.064          -19833.370           48024.602          -37762.649
-----------------------------------------------------------------------------------------------------------------------
                            BLEED PROPERTIES
-----------------------------------------------------------------------------------------------------------------------
Bleed                    |         Wb/Win        Pfrac     Workfrac            W           Tt           ht           Pt
OD_TOfail.hpc.cool1      |          0.051        0.500        0.500        7.625     1120.958      141.202      286.589
OD_TOfail.hpc.cool2      |          0.020        0.550        0.500        3.049     1120.958      141.202      311.675
OD_TOfail.hpc.cust       |          0.044        0.500        0.500        6.692     1120.958      141.202      286.589
OD_TOfail.bld3.cool3     |          0.067        1.000        1.000        8.940     1530.016      247.071      537.454
OD_TOfail.bld3.cool4     |          0.061        1.000        1.000        8.148     1530.016      247.071      537.454
OD_TOfail.byp_bld.bypBld |          0.005        1.000        1.000        6.767      585.331        9.823       21.022
