


----------------------------------------------------------------------------
                              POINT: DESIGN
----------------------------------------------------------------------------
                       PERFORMANCE CHARACTERISTICS
    Mach      Alt       W      Fn      Fg    Fram     OPR     TSFC      BPR 
 0.74000  28000.0 650.000 11001.5 26005.4 15003.9  37.436  0.56516    5.900
------------------------------------------------------------------------------------------------------------------------------------------------
                            FLOW STATIONS
------------------------------------------------------------------------------------------------------------------------------------------------
------------------------------------------------------------------------------------------------------------------------------------------------
Flow Station           |          tot:P        tot:T        tot:h        tot:S       stat:P       stat:W      stat:MN       stat:V    stat:area
------------------------------------------------------------------------------------------------------------------------------------------------
DESIGN.fc.Fl_O         |          6.873      464.798      -19.097        1.657        4.776      650.000        0.740      742.670     4094.380
DESIGN.inlet.Fl_O      |          6.867      464.798      -19.097        1.657        4.949      650.000        0.700      706.205     4199.110
DESIGN.fan.Fl_O        |         12.016      554.395        2.391        1.661       10.458      650.000        0.450      509.208     3469.918
DESIGN.splitter.Fl_O1  |         12.016      554.395        2.391        1.661       11.193       94.203        0.320      365.618      667.176
DESIGN.splitter.Fl_O2  |         12.016      554.395        2.391        1.661       10.329      555.797        0.470      530.906     2871.002
DESIGN.duct4.Fl_O      |         11.959      554.395        2.391        1.661       11.090       94.203        0.330      376.805      652.565
DESIGN.lpc.Fl_O        |         14.351      586.433       10.088        1.662       13.482       94.203        0.300      352.893      608.542
DESIGN.duct6.Fl_O      |         14.206      586.433       10.088        1.663       13.052       94.203        0.350      410.413      537.073
DESIGN.hpc.Fl_O        |        257.054     1382.246      208.215        1.677      248.781       83.324        0.220      393.152       62.286
DESIGN.bld3.Fl_O       |        257.054     1382.246      208.215        1.677      242.889       72.620        0.290      516.709       42.039
DESIGN.burner.Fl_O     |        243.173     2880.000      203.378        1.915      241.619       74.347        0.100      251.717      187.541
DESIGN.hpt.Fl_O        |         52.151     2002.226       -5.055        1.909       48.154       85.051        0.350      736.832      251.206
DESIGN.duct11.Fl_O     |         51.885     2002.226       -5.055        1.910       48.805       85.051        0.306      646.182      283.880
DESIGN.lpt.Fl_O        |          9.913     1354.924     -156.887        1.914        8.960       91.738        0.390      681.452     1058.141
DESIGN.duct13.Fl_O     |          9.807     1354.924     -156.887        1.915        8.724       91.738        0.420      732.454     1006.953
DESIGN.core_nozz.Fl_O  |          9.807     1354.924     -156.887        1.915        5.249       91.738        1.000     1638.372      655.297
DESIGN.byp_bld.Fl_O    |         12.016      554.395        2.391        1.661       10.329      553.018        0.470      530.906     2856.647
DESIGN.duct15.Fl_O     |         11.837      554.395        2.391        1.662       10.045      553.018        0.490      552.488     2812.274
DESIGN.byp_nozz.Fl_O   |         11.837      554.395        2.391        1.662        6.252      553.018        1.000     1053.875     2068.477
------------------------------------------------------------------------------------------------------------------------------------------------
-------------------------------------------------------------------------------------------------------------------------------------------------------------------------------------------------------
                          COMPRESSOR PROPERTIES
-------------------------------------------------------------------------------------------------------------------------------------------------------------------------------------------------------
Compressor    |           Wc         Pr      eta_a      eta_p         Nc        pwr   RlineMap      NcMap      WcMap      PRmap   alphaMap        SMN        SMW     effMap
-------------------------------------------------------------------------------------------------------------------------------------------------------------------------------------------------------
DESIGN.fan    |     1316.917      1.750      0.900      0.908   5281.820 -19761.849      2.200      0.990      1.685    803.556      0.000     36.641     29.886      0.895
DESIGN.lpc    |      119.685      1.200      0.924      0.926   4836.218  -1025.762      2.150      1.000      1.935     87.666      0.000     15.987     15.644      0.924
DESIGN.hpc    |      103.625     18.095      0.907      0.936  12225.867 -24882.315      2.050      0.976      9.374     49.454      0.000     22.598     22.468      0.871
-------------------------------------------------------------------------------------------------------------------------------------------------------------------------------------------------------
---------------------------------------------------------------------------
                            BURNER PROPERTIES
---------------------------------------------------------------------------
Burner              |           dPqP        TtOut        Wfuel          FAR
DESIGN.burner       |         0.0540      2880.00       1.7271      0.02378
--------------------------------------------------------------------------------------------------------------------------------------
                            TURBINE PROPERTIES
--------------------------------------------------------------------------------------------------------------------------------------
Turbine       |             Wp           PR        eff_a        eff_p           Np          pwr        NpMap        PRmap     alphaMap
DESIGN.hpt    |         16.407        4.663        0.900        0.882      242.241    25155.095      100.000        6.000        1.000
DESIGN.lpt    |         73.349        5.234        0.900        0.879      111.741    20787.611      100.000        6.000        1.000
-------------------------------------------------------------------------------------------------------------------------
                            NOZZLE PROPERTIES
-------------------------------------------------------------------------------------------------------------------------
Nozzle        |             PR           Cv          Cfg          Ath         MNth        MNout            V           Fg
DESIGN.core_nozz|          2.053        0.993        N/A        655.297        1.000        1.000     1638.372     4949.777
DESIGN.byp_nozz|          2.478        0.994        N/A       2068.477        1.000        1.000     1053.875    21055.666
---------------------------------------------------------------------------------------------------------------------------
                            SHAFT PROPERTIES
---------------------------------------------------------------------------------------------------------------------------
Shaft               |                 Nmech               trqin              trqout               pwrin              pwrout
DESIGN.hp_shaft     |             13000.000           10162.871          -10052.666           25155.080          -24882.300
DESIGN.lp_shaft     |              5000.000           21835.764          -21835.764           20787.599          -20787.599
--------------------------------------------------------------------------------------------------------------------
                            BLEED PROPERTIES
--------------------------------------------------------------------------------------------------------------------
Bleed                 |         Wb/Win        Pfrac     Workfrac            W           Tt           ht           Pt
DESIGN.hpc.cool1      |          0.051        0.500        0.500        4.777      992.929      109.151      135.630
DESIGN.hpc.cool2      |          0.020        0.550        0.500        1.910      992.929      109.151      147.772
DESIGN.hpc.cust       |          0.044        0.500        0.500        4.192      992.929      109.151      135.630
DESIGN.bld3.cool3     |          0.067        1.000        1.000        5.601     1382.246      208.215      257.054
DESIGN.bld3.cool4     |          0.061        1.000        1.000        5.104     1382.246      208.215      257.054
DESIGN.byp_bld.bypBld |          0.005        1.000        1.000        2.779      554.395        2.391       12.016



----------------------------------------------------------------------------
                              POINT: OD_TOfail
----------------------------------------------------------------------------
                       PERFORMANCE CHARACTERISTICS
    Mach      Alt       W      Fn      Fg    Fram     OPR     TSFC      BPR 
 0.18000      0.0 1394.677 42427.7 51139.5  8711.8  43.269  0.42930    5.423
------------------------------------------------------------------------------------------------------------------------------------------------
                            FLOW STATIONS
------------------------------------------------------------------------------------------------------------------------------------------------
------------------------------------------------------------------------------------------------------------------------------------------------
Flow Station           |          tot:P        tot:T        tot:h        tot:S       stat:P       stat:W      stat:MN       stat:V    stat:area
------------------------------------------------------------------------------------------------------------------------------------------------
OD_TOfail.fc.Fl_O      |         15.032      522.033       -5.375        1.631       14.696     1394.677        0.180      200.974    13067.065
OD_TOfail.inlet.Fl_O   |         15.017      522.033       -5.375        1.631       10.154     1394.677        0.769      814.595     4199.110
OD_TOfail.fan.Fl_O     |         27.327      637.539       22.384        1.638       23.681     1394.677        0.457      554.243     3469.918
OD_TOfail.splitter.Fl_O|         27.327      637.539       22.384        1.638       25.080      217.148        0.353      430.755      667.176
OD_TOfail.splitter.Fl_O|         27.327      637.539       22.384        1.638       23.498     1177.528        0.470      568.704     2871.002
OD_TOfail.duct4.Fl_O   |         27.196      637.539       22.384        1.639       24.822      217.148        0.364      444.283      652.565
OD_TOfail.lpc.Fl_O     |         34.078      685.384       33.923        1.641       31.790      217.148        0.317      402.431      608.542
OD_TOfail.duct6.Fl_O   |         33.734      685.384       33.923        1.641       30.684      217.148        0.371      469.038      537.073
OD_TOfail.hpc.Fl_O     |        649.764     1625.582      272.549        1.656      629.322      192.072        0.219      421.507       62.286
OD_TOfail.bld3.Fl_O    |        649.764     1625.582      272.549        1.656      614.775      167.396        0.288      553.830       42.039
OD_TOfail.burner.Fl_O  |        614.676     3420.000      264.553        1.912      614.619      172.456        0.012       33.027     1550.003
OD_TOfail.hpt.Fl_O     |        133.838     2416.611       16.979        1.905      123.741      197.131        0.349      803.022      251.206
OD_TOfail.duct11.Fl_O  |        133.155     2416.611       16.979        1.905      125.375      197.131        0.306      704.266      283.880
OD_TOfail.lpt.Fl_O     |         25.671     1662.905     -167.078        1.908       23.246      212.545        0.389      748.027     1058.141
OD_TOfail.duct13.Fl_O  |         25.397     1662.905     -167.078        1.909       22.641      212.545        0.419      803.954     1006.953
OD_TOfail.core_nozz.Fl_|         25.397     1662.905     -167.078        1.909       14.696      212.545        0.937     1708.940      655.297
OD_TOfail.byp_bld.Fl_O |         27.327      637.539       22.384        1.638       23.498     1171.641        0.470      568.704     2856.647
OD_TOfail.duct15.Fl_O  |         26.920      637.539       22.384        1.639       22.853     1171.641        0.490      591.813     2812.274
OD_TOfail.byp_nozz.Fl_O|         26.920      637.539       22.384        1.639       14.696     1171.641        0.972     1103.115     2068.477
------------------------------------------------------------------------------------------------------------------------------------------------
-------------------------------------------------------------------------------------------------------------------------------------------------------------------------------------------------------
                          COMPRESSOR PROPERTIES
-------------------------------------------------------------------------------------------------------------------------------------------------------------------------------------------------------
Compressor    |           Wc         Pr      eta_a      eta_p         Nc        pwr   RlineMap      NcMap      WcMap      PRmap   alphaMap        SMN        SMW     effMap
-------------------------------------------------------------------------------------------------------------------------------------------------------------------------------------------------------
OD_TOfail.fan |     1369.284      1.820      0.842      0.855   5967.600 -54775.593      2.613      1.119      1.749    835.509      0.000     32.887     28.935      0.837
OD_TOfail.lpc |      130.093      1.253      0.882      0.886   5400.018  -3545.336      6.891      1.117      2.183     95.290      0.000     10.750     10.668      0.882
OD_TOfail.hpc |      108.746     19.262      0.903      0.932  12379.529 -69080.371      2.132      0.988      9.946     51.897      0.000     21.039     20.942      0.866
-------------------------------------------------------------------------------------------------------------------------------------------------------------------------------------------------------
---------------------------------------------------------------------------
                            BURNER PROPERTIES
---------------------------------------------------------------------------
Burner              |           dPqP        TtOut        Wfuel          FAR
OD_TOfail.burner    |         0.0540      3420.00       5.0594      0.03022
--------------------------------------------------------------------------------------------------------------------------------------
                            TURBINE PROPERTIES
--------------------------------------------------------------------------------------------------------------------------------------
Turbine       |             Wp           PR        eff_a        eff_p           Np          pwr        NpMap        PRmap     alphaMap
OD_TOfail.hpt |         16.408        4.593        0.901        0.885      243.339    69330.372      100.454        5.904        1.000
OD_TOfail.lpt |         72.778        5.187        0.900        0.880      121.787    58320.929      108.990        5.945        1.000
-------------------------------------------------------------------------------------------------------------------------
                            NOZZLE PROPERTIES
-------------------------------------------------------------------------------------------------------------------------
Nozzle        |             PR           Cv          Cfg          Ath         MNth        MNout            V           Fg
OD_TOfail.core_nozz|          1.728        0.993        N/A        655.297        0.937        0.937     1708.940    11213.791
OD_TOfail.byp_nozz|          1.832        0.994        N/A       2068.477        0.972        0.972     1103.115    39925.734
---------------------------------------------------------------------------------------------------------------------------
                            SHAFT PROPERTIES
---------------------------------------------------------------------------------------------------------------------------
Shaft               |                 Nmech               trqin              trqout               pwrin              pwrout
OD_TOfail.hp_shaft  |             14230.672           25587.739          -25495.472           69330.330          -69080.330
OD_TOfail.lp_shaft  |              5986.913           51162.916          -51162.916           58320.894          -58320.894
-----------------------------------------------------------------------------------------------------------------------
                            BLEED PROPERTIES
-----------------------------------------------------------------------------------------------------------------------
Bleed                    |         Wb/Win        Pfrac     Workfrac            W           Tt           ht           Pt
OD_TOfail.hpc.cool1      |          0.051        0.500        0.500       11.011     1168.515      153.236      341.749
OD_TOfail.hpc.cool2      |          0.020        0.550        0.500        4.402     1168.515      153.236      372.550
OD_TOfail.hpc.cust       |          0.044        0.500        0.500        9.663     1168.515      153.236      341.749
OD_TOfail.bld3.cool3     |          0.067        1.000        1.000       12.910     1625.582      272.549      649.764
OD_TOfail.bld3.cool4     |          0.061        1.000        1.000       11.766     1625.582      272.549      649.764
OD_TOfail.byp_bld.bypBld |          0.005        1.000        1.000        5.888      637.539       22.384       27.327



----------------------------------------------------------------------------
                              POINT: OD_TOC
----------------------------------------------------------------------------
                       PERFORMANCE CHARACTERISTICS
    Mach      Alt       W      Fn      Fg    Fram     OPR     TSFC      BPR 
 0.74000  28000.0 663.850 12000.0 27323.6 15323.6  40.461  0.57837    5.642
------------------------------------------------------------------------------------------------------------------------------------------------
                            FLOW STATIONS
------------------------------------------------------------------------------------------------------------------------------------------------
------------------------------------------------------------------------------------------------------------------------------------------------
Flow Station           |          tot:P        tot:T        tot:h        tot:S       stat:P       stat:W      stat:MN       stat:V    stat:area
------------------------------------------------------------------------------------------------------------------------------------------------
OD_TOC.fc.Fl_O         |          6.873      464.798      -19.097        1.657        4.776      663.850        0.740      742.670     4181.623
OD_TOC.inlet.Fl_O      |          6.867      464.798      -19.097        1.657        2.436      663.850        1.312     1196.229     4199.110
OD_TOC.fan.Fl_O        |         12.264      560.953        3.966        1.663       10.648      663.850        0.454      516.475     3469.918
OD_TOC.splitter.Fl_O1  |         12.264      560.953        3.966        1.663       11.338       99.949        0.337      386.677      667.176
OD_TOC.splitter.Fl_O2  |         12.264      560.953        3.966        1.663       10.542      563.901        0.470      534.030     2871.002
OD_TOC.duct4.Fl_O      |         12.205      560.953        3.966        1.663       11.227       99.949        0.348      398.665      652.565
OD_TOC.lpc.Fl_O        |         15.131      600.014       13.353        1.664       14.180       99.949        0.306      363.988      608.542
OD_TOC.duct6.Fl_O      |         14.978      600.014       13.353        1.665       13.713       99.949        0.357      423.632      537.073
OD_TOC.hpc.Fl_O        |        277.828     1422.668      218.777        1.679      268.961       88.406        0.219      397.163       62.286
OD_TOC.bld3.Fl_O       |        277.828     1422.668      218.777        1.679      262.649       77.049        0.289      521.911       42.039
OD_TOC.burner.Fl_O     |        262.825     2981.373      213.436        1.922      262.800       78.977        0.012       30.835     1550.003
OD_TOC.hpt.Fl_O        |         56.678     2079.852       -2.012        1.916       52.371       90.334        0.349      747.728      251.206
OD_TOC.duct11.Fl_O     |         56.389     2079.852       -2.012        1.916       53.070       90.334        0.305      655.800      283.880
OD_TOC.lpt.Fl_O        |         10.754     1410.740     -160.187        1.920        9.721       97.429        0.390      694.689     1058.141
OD_TOC.duct13.Fl_O     |         10.639     1410.740     -160.187        1.921        9.465       97.429        0.420      746.690     1006.953
OD_TOC.core_nozz.Fl_O  |         10.639     1410.740     -160.187        1.921        5.701       97.429        1.000     1670.800      655.297
OD_TOC.byp_bld.Fl_O    |         12.264      560.953        3.966        1.663       10.542      561.082        0.470      534.030     2856.647
OD_TOC.duct15.Fl_O     |         12.081      560.953        3.966        1.664       10.252      561.082        0.490      555.739     2812.274
OD_TOC.byp_nozz.Fl_O   |         12.081      560.953        3.966        1.664        6.381      561.082        1.000     1060.088     2068.477
------------------------------------------------------------------------------------------------------------------------------------------------
-------------------------------------------------------------------------------------------------------------------------------------------------------------------------------------------------------
                          COMPRESSOR PROPERTIES
-------------------------------------------------------------------------------------------------------------------------------------------------------------------------------------------------------
Compressor    |           Wc         Pr      eta_a      eta_p         Nc        pwr   RlineMap      NcMap      WcMap      PRmap   alphaMap        SMN        SMW     effMap
-------------------------------------------------------------------------------------------------------------------------------------------------------------------------------------------------------
OD_TOC.fan    |     1344.978      1.786      0.872      0.882   5629.929 -21661.889      2.397      1.055      1.718    820.678      0.000     34.732     29.462      0.867
OD_TOC.lpc    |      125.158      1.240      0.908      0.911   5124.739  -1327.381      2.413      1.060      2.121     91.675      0.000     10.101      9.944      0.908
OD_TOC.hpc    |      105.477     18.549      0.906      0.935  12281.675 -27372.236      2.071      0.980      9.597     50.337      0.000     21.812     21.696      0.869
-------------------------------------------------------------------------------------------------------------------------------------------------------------------------------------------------------
---------------------------------------------------------------------------
                            BURNER PROPERTIES
---------------------------------------------------------------------------
Burner              |           dPqP        TtOut        Wfuel          FAR
OD_TOC.burner       |         0.0540      2981.37       1.9279      0.02502
--------------------------------------------------------------------------------------------------------------------------------------
                            TURBINE PROPERTIES
--------------------------------------------------------------------------------------------------------------------------------------
Turbine       |             Wp           PR        eff_a        eff_p           Np          pwr        NpMap        PRmap     alphaMap
OD_TOC.hpt    |         16.407        4.637        0.900        0.883      241.927    27622.236       99.871        5.965        1.000
OD_TOC.lpt    |         73.059        5.244        0.900        0.880      116.862    22989.270      104.583        6.012        1.000
-------------------------------------------------------------------------------------------------------------------------
                            NOZZLE PROPERTIES
-------------------------------------------------------------------------------------------------------------------------
Nozzle        |             PR           Cv          Cfg          Ath         MNth        MNout            V           Fg
OD_TOC.core_nozz|          2.227        0.993        N/A        655.297        1.000        1.000     1670.800     5631.412
OD_TOC.byp_nozz|          2.529        0.994        N/A       2068.477        1.000        1.000     1060.088    21692.189
---------------------------------------------------------------------------------------------------------------------------
                            SHAFT PROPERTIES
---------------------------------------------------------------------------------------------------------------------------
Shaft               |                 Nmech               trqin              trqout               pwrin              pwrout
OD_TOC.hp_shaft     |             13209.694           10982.466          -10883.067           27622.219          -27372.219
OD_TOC.lp_shaft     |              5329.535           22655.292          -22655.292           22989.256          -22989.256
--------------------------------------------------------------------------------------------------------------------
                            BLEED PROPERTIES
--------------------------------------------------------------------------------------------------------------------
Bleed                 |         Wb/Win        Pfrac     Workfrac            W           Tt           ht           Pt
OD_TOC.hpc.cool1      |          0.051        0.500        0.500        5.068     1020.712      116.065      146.403
OD_TOC.hpc.cool2      |          0.020        0.550        0.500        2.026     1020.712      116.065      159.545
OD_TOC.hpc.cust       |          0.044        0.500        0.500        4.448     1020.712      116.065      146.403
OD_TOC.bld3.cool3     |          0.067        1.000        1.000        5.942     1422.668      218.777      277.828
OD_TOC.bld3.cool4     |          0.061        1.000        1.000        5.415     1422.668      218.777      277.828
OD_TOC.byp_bld.bypBld |          0.005        1.000        1.000        2.820      560.953        3.966       12.264



----------------------------------------------------------------------------
                              POINT: OD_SLS
----------------------------------------------------------------------------
                       PERFORMANCE CHARACTERISTICS
    Mach      Alt       W      Fn      Fg    Fram     OPR     TSFC      BPR 
 0.00001      0.0 1395.251 52020.5 52021.0     0.5  47.597  0.37821    5.223
------------------------------------------------------------------------------------------------------------------------------------------------
                            FLOW STATIONS
------------------------------------------------------------------------------------------------------------------------------------------------
------------------------------------------------------------------------------------------------------------------------------------------------
Flow Station           |          tot:P        tot:T        tot:h        tot:S       stat:P       stat:W      stat:MN       stat:V    stat:area
------------------------------------------------------------------------------------------------------------------------------------------------
OD_SLS.fc.Fl_O         |         14.696      518.670       -6.182        1.631       14.696     1395.251        0.000        0.011235304114.276
OD_SLS.inlet.Fl_O      |         14.681      518.670       -6.182        1.631        9.473     1395.251        0.816      856.322     4199.110
OD_SLS.fan.Fl_O        |         27.262      641.350       23.302        1.640       23.572     1395.251        0.461      560.006     3469.918
OD_SLS.splitter.Fl_O1  |         27.262      641.350       23.302        1.640       24.825      224.202        0.368      450.997      667.176
OD_SLS.splitter.Fl_O2  |         27.262      641.350       23.302        1.640       23.443     1171.050        0.470      570.317     2871.002
OD_SLS.duct4.Fl_O      |         27.131      641.350       23.302        1.640       24.555      224.202        0.380      465.360      652.565
OD_SLS.lpc.Fl_O        |         35.688      699.777       37.401        1.643       33.311      224.202        0.316      404.922      608.542
OD_SLS.duct6.Fl_O      |         35.328      699.777       37.401        1.643       32.161      224.202        0.369      471.859      537.073
OD_SLS.hpc.Fl_O        |        698.785     1669.490      284.343        1.658      678.015      198.310        0.212      415.059       62.286
OD_SLS.bld3.Fl_O       |        698.785     1669.490      284.343        1.658      663.292      172.833        0.280      544.793       42.039
OD_SLS.burner.Fl_O     |        661.051     3525.497      275.627        1.918      660.992      178.299        0.012       32.731     1550.003
OD_SLS.hpt.Fl_O        |        144.920     2500.562       20.961        1.910      134.669      203.776        0.338      790.255      251.206
OD_SLS.duct11.Fl_O     |        144.181     2500.562       20.961        1.911      136.270      203.776        0.296      693.739      283.880
OD_SLS.lpt.Fl_O        |         27.614     1725.059     -169.889        1.914       25.129      219.690        0.380      743.025     1058.141
OD_SLS.duct13.Fl_O     |         27.319     1725.059     -169.889        1.915       24.498      219.690        0.409      798.042     1006.953
OD_SLS.core_nozz.Fl_O  |         27.319     1725.059     -169.889        1.915       15.085      219.690        0.980     1808.942      639.898
OD_SLS.byp_bld.Fl_O    |         27.262      641.350       23.302        1.640       23.443     1165.195        0.470      570.317     2856.647
OD_SLS.duct15.Fl_O     |         26.855      641.350       23.302        1.641       22.799     1165.195        0.490      593.489     2812.274
OD_SLS.byp_nozz.Fl_O   |         26.855      641.350       23.302        1.641       14.696     1165.195        0.969     1104.391     2068.477
------------------------------------------------------------------------------------------------------------------------------------------------
-------------------------------------------------------------------------------------------------------------------------------------------------------------------------------------------------------
                          COMPRESSOR PROPERTIES
-------------------------------------------------------------------------------------------------------------------------------------------------------------------------------------------------------
Compressor    |           Wc         Pr      eta_a      eta_p         Nc        pwr   RlineMap      NcMap      WcMap      PRmap   alphaMap        SMN        SMW     effMap
-------------------------------------------------------------------------------------------------------------------------------------------------------------------------------------------------------
OD_SLS.fan    |     1396.653      1.857      0.816      0.832   6373.810 -58203.092      2.936      1.195      1.783    852.210      0.000     30.439     28.422      0.812
OD_SLS.lpc    |      135.045      1.315      0.889      0.893   5731.879  -4472.455      1.000      1.185      2.475     97.814      0.000      0.000      1.025      0.889
OD_SLS.hpc    |      108.332     19.780      0.901      0.932  12392.783 -73809.874      2.152      0.993     10.200     52.839      0.000     20.084     19.999      0.865
-------------------------------------------------------------------------------------------------------------------------------------------------------------------------------------------------------
---------------------------------------------------------------------------
                            BURNER PROPERTIES
---------------------------------------------------------------------------
Burner              |           dPqP        TtOut        Wfuel          FAR
OD_SLS.burner       |         0.0540      3525.50       5.4652      0.03162
--------------------------------------------------------------------------------------------------------------------------------------
                            TURBINE PROPERTIES
--------------------------------------------------------------------------------------------------------------------------------------
Turbine       |             Wp           PR        eff_a        eff_p           Np          pwr        NpMap        PRmap     alphaMap
OD_SLS.hpt    |         16.015        4.561        0.902        0.886      242.434    73737.501      100.206        5.862        1.000
OD_SLS.lpt    |         70.675        5.221        0.897        0.877      127.462    62472.174      114.238        5.985        1.000
-------------------------------------------------------------------------------------------------------------------------
                            NOZZLE PROPERTIES
-------------------------------------------------------------------------------------------------------------------------
Nozzle        |             PR           Cv          Cfg          Ath         MNth        MNout            V           Fg
OD_SLS.core_nozz|          1.811        0.993        N/A        639.898        0.980        0.980     1808.942    12269.018
OD_SLS.byp_nozz|          1.827        0.994        N/A       2068.477        0.969        0.969     1104.391    39752.002
---------------------------------------------------------------------------------------------------------------------------
                            SHAFT PROPERTIES
---------------------------------------------------------------------------------------------------------------------------
Shaft               |                 Nmech               trqin              trqout               pwrin              pwrout
OD_SLS.hp_shaft     |             14394.721           26904.132          -26930.538           73737.457          -73809.830
OD_SLS.lp_shaft     |              6373.810           51477.960          -51645.543           62472.137          -62675.510
--------------------------------------------------------------------------------------------------------------------
                            BLEED PROPERTIES
--------------------------------------------------------------------------------------------------------------------
Bleed                 |         Wb/Win        Pfrac     Workfrac            W           Tt           ht           Pt
OD_SLS.hpc.cool1      |          0.051        0.500        0.500       11.369     1198.544      160.872      367.056
OD_SLS.hpc.cool2      |          0.020        0.550        0.500        4.545     1198.544      160.872      400.229
OD_SLS.hpc.cust       |          0.044        0.500        0.500        9.977     1198.544      160.872      367.056
OD_SLS.bld3.cool3     |          0.067        1.000        1.000       13.329     1669.490      284.343      698.785
OD_SLS.bld3.cool4     |          0.061        1.000        1.000       12.148     1669.490      284.343      698.785
OD_SLS.byp_bld.bypBld |          0.005        1.000        1.000        5.855      641.350       23.302       27.262
