


----------------------------------------------------------------------------
                              POINT: DESIGN
----------------------------------------------------------------------------
                       PERFORMANCE CHARACTERISTICS
    Mach      Alt       W      Fn      Fg    Fram     OPR     TSFC      BPR 
 0.74000  28000.0 510.741  6750.0 18539.4 11789.4  38.421  0.55120    8.000
------------------------------------------------------------------------------------------------------------------------------------------------
                            FLOW STATIONS
------------------------------------------------------------------------------------------------------------------------------------------------
------------------------------------------------------------------------------------------------------------------------------------------------
Flow Station           |          tot:P        tot:T        tot:h        tot:S       stat:P       stat:W      stat:MN       stat:V    stat:area
------------------------------------------------------------------------------------------------------------------------------------------------
DESIGN.fc.Fl_O         |          6.873      464.798      -19.097        1.657        4.776      510.741        0.740      742.670     3217.184
DESIGN.inlet.Fl_O      |          6.867      464.798      -19.097        1.657        4.949      510.741        0.700      706.205     3299.475
DESIGN.fan.Fl_O        |         10.300      528.287       -3.875        1.660        8.963      510.741        0.450      497.123     3104.802
DESIGN.splitter.Fl_O1  |         10.300      528.287       -3.875        1.660        9.594       56.749        0.320      356.948      457.672
DESIGN.splitter.Fl_O2  |         10.300      528.287       -3.875        1.660        8.853      453.992        0.470      518.304     2670.508
DESIGN.duct4.Fl_O      |         10.250      528.287       -3.875        1.660        9.506       56.749        0.330      367.869      447.649
DESIGN.lpc.Fl_O        |         17.426      621.727       18.576        1.663       16.372       56.749        0.300      363.267      310.931
DESIGN.duct6.Fl_O      |         17.250      621.727       18.576        1.664       15.850       56.749        0.350      422.482      274.411
DESIGN.hpc.Fl_O        |        263.819     1392.978      211.014        1.677      255.332       50.196        0.220      394.587       36.709
DESIGN.bld3.Fl_O       |        263.819     1392.978      211.014        1.677      249.287       43.747        0.290      518.597       24.776
DESIGN.burner.Fl_O     |        249.572     2880.000      206.144        1.913      247.977       44.780        0.100      251.726      110.059
DESIGN.hpt.Fl_O        |         55.823     2019.653        2.444        1.907       51.546       51.229        0.350      739.882      141.999
DESIGN.duct11.Fl_O     |         55.538     2019.653        2.444        1.907       52.243       51.229        0.306      648.854      160.470
DESIGN.lpt.Fl_O        |         10.331     1360.255     -153.122        1.912        9.337       55.257        0.390      682.738      612.845
DESIGN.duct13.Fl_O     |         10.220     1360.255     -153.122        1.913        9.091       55.257        0.420      733.837      583.198
DESIGN.core_nozz.Fl_O  |         10.220     1360.255     -153.122        1.913        5.470       55.257        1.000     1641.540      379.521
DESIGN.byp_bld.Fl_O    |         10.300      528.287       -3.875        1.660        8.853      451.722        0.470      518.304     2657.156
DESIGN.duct15.Fl_O     |         10.146      528.287       -3.875        1.661        8.610      451.722        0.490      539.372     2615.888
DESIGN.byp_nozz.Fl_O   |         10.146      528.287       -3.875        1.661        5.358      451.722        1.000     1028.766     1924.104
------------------------------------------------------------------------------------------------------------------------------------------------
-------------------------------------------------------------------------------------------------------------------------------------------------------------------------------------------------------
                          COMPRESSOR PROPERTIES
-------------------------------------------------------------------------------------------------------------------------------------------------------------------------------------------------------
Compressor    |           Wc         Pr      eta_a      eta_p         Nc        pwr   RlineMap      NcMap      WcMap      PRmap   alphaMap        SMN        SMW     effMap
-------------------------------------------------------------------------------------------------------------------------------------------------------------------------------------------------------
DESIGN.fan    |     1034.775      1.500      0.900      0.906  14260.913 -10999.922      2.200      0.990      1.685    803.556      0.000     36.641     29.886      0.895
DESIGN.lpc    |       82.112      1.700      0.924      0.930  13376.562  -1802.635      2.150      1.000      1.935     87.666      0.000     15.987     15.644      0.924
DESIGN.hpc    |       52.933     15.294      0.907      0.934  14658.644 -14558.967      2.050      0.976      9.374     49.454      0.000     22.598     22.468      0.871
-------------------------------------------------------------------------------------------------------------------------------------------------------------------------------------------------------
---------------------------------------------------------------------------
                            BURNER PROPERTIES
---------------------------------------------------------------------------
Burner              |           dPqP        TtOut        Wfuel          FAR
DESIGN.burner       |         0.0540      2880.00       1.0335      0.02362
--------------------------------------------------------------------------------------------------------------------------------------
                            TURBINE PROPERTIES
--------------------------------------------------------------------------------------------------------------------------------------
Turbine       |             Wp           PR        eff_a        eff_p           Np          pwr        NpMap        PRmap     alphaMap
DESIGN.hpt    |          9.629        4.471        0.900        0.883      299.055    14808.967      100.000        6.000        1.000
DESIGN.lpt    |         41.454        5.376        0.900        0.879      300.397    12802.557      100.000        6.000        1.000
-------------------------------------------------------------------------------------------------------------------------
                            NOZZLE PROPERTIES
-------------------------------------------------------------------------------------------------------------------------
Nozzle        |             PR           Cv          Cfg          Ath         MNth        MNout            V           Fg
DESIGN.core_nozz|          2.140        0.993        N/A        379.521        1.000        1.000     1641.540     3063.726
DESIGN.byp_nozz|          2.124        0.994        N/A       1924.104        1.000        1.000     1028.766    15475.657
---------------------------------------------------------------------------------------------------------------------------
                            SHAFT PROPERTIES
---------------------------------------------------------------------------------------------------------------------------
Shaft               |                 Nmech               trqin              trqout               pwrin              pwrout
DESIGN.hp_shaft     |             16049.000            4846.303           -4764.490           14808.958          -14558.958
DESIGN.lp_shaft     |             13500.000            4980.773           -4980.773           12802.549          -12802.549
--------------------------------------------------------------------------------------------------------------------
                            BLEED PROPERTIES
--------------------------------------------------------------------------------------------------------------------
Bleed                 |         Wb/Win        Pfrac     Workfrac            W           Tt           ht           Pt
DESIGN.hpc.cool1      |          0.051        0.500        0.500        2.878     1015.618      114.795      140.534
DESIGN.hpc.cool2      |          0.020        0.550        0.500        1.151     1015.618      114.795      152.863
DESIGN.hpc.cust       |          0.044        0.500        0.500        2.525     1015.618      114.795      140.534
DESIGN.bld3.cool3     |          0.067        1.000        1.000        3.374     1392.978      211.014      263.819
DESIGN.bld3.cool4     |          0.061        1.000        1.000        3.075     1392.978      211.014      263.819
DESIGN.byp_bld.bypBld |          0.005        1.000        1.000        2.270      528.287       -3.875       10.300



----------------------------------------------------------------------------
                              POINT: OD_TOfail
----------------------------------------------------------------------------
                       PERFORMANCE CHARACTERISTICS
    Mach      Alt       W      Fn      Fg    Fram     OPR     TSFC      BPR 
 0.18000      0.0 1503.771 46650.0 56043.3  9393.3  35.790  0.33167    7.310
------------------------------------------------------------------------------------------------------------------------------------------------
                            FLOW STATIONS
------------------------------------------------------------------------------------------------------------------------------------------------
------------------------------------------------------------------------------------------------------------------------------------------------
Flow Station           |          tot:P        tot:T        tot:h        tot:S       stat:P       stat:W      stat:MN       stat:V    stat:area
------------------------------------------------------------------------------------------------------------------------------------------------
OD_TOfail.fc.Fl_O      |         15.032      522.033       -5.375        1.631       14.696     1503.771        0.180      200.974    14089.197
OD_TOfail.inlet.Fl_O   |         15.017      522.033       -5.375        1.631     -328.497     1503.771       28.997    57543.150     3299.475
OD_TOfail.fan.Fl_O     |         21.022      585.331        9.823        1.636        6.429     1503.771        1.498     1551.650     3104.802
OD_TOfail.splitter.Fl_O|         21.022      585.331        9.823        1.636       16.256      180.959        0.617      705.812      457.672
OD_TOfail.splitter.Fl_O|         21.022      585.331        9.823        1.636   -29777.103     1322.812        0.022       23.454     2670.508
OD_TOfail.duct4.Fl_O   |         20.921      585.331        9.823        1.636       15.776      180.959        0.648      738.257      447.649
OD_TOfail.lpc.Fl_O     |         36.088      691.218       35.333        1.639       29.365      180.959        0.551      689.312      310.931
OD_TOfail.duct6.Fl_O   |         35.723      691.218       35.333        1.639       25.782      180.959        0.699      859.741      274.411
OD_TOfail.hpc.Fl_O     |        537.454     1530.016      247.071        1.653      487.414      160.062        0.383      711.966       36.709
OD_TOfail.bld3.Fl_O    |        537.454     1530.016      247.071        1.653      445.073      139.499        0.535      983.282       24.776
OD_TOfail.burner.Fl_O  |        508.431     3374.224      239.686        1.921      508.384      143.797        0.012       32.848     1550.003
OD_TOfail.hpt.Fl_O     |        113.723     2389.524       -0.136        1.913       76.770      164.360        0.795     1755.546      141.999
OD_TOfail.duct11.Fl_O  |        113.143     2389.524       -0.136        1.913       88.779      164.360        0.619     1390.965      160.470
OD_TOfail.lpt.Fl_O     |         21.046     1629.682     -184.846        1.916       12.312      177.204        0.928     1676.145      612.845
OD_TOfail.duct13.Fl_O  |         20.821     1629.682     -184.846        1.917        0.739      177.204        4.340   -11982.100      583.198
OD_TOfail.core_nozz.Fl_|         20.821     1629.682     -184.846        1.917       11.212      177.204        1.000     1791.495      657.106
OD_TOfail.byp_bld.Fl_O |         21.022      585.331        9.823        1.636       13.443     1316.198        0.832      949.336     2657.156
OD_TOfail.duct15.Fl_O  |         20.709      585.331        9.823        1.637        8.047     1316.198       -1.903    -1462.671     2615.888
OD_TOfail.byp_nozz.Fl_O|         20.709      585.331        9.823        1.637       10.938     1316.198        1.000     1082.870     2891.768
------------------------------------------------------------------------------------------------------------------------------------------------
-------------------------------------------------------------------------------------------------------------------------------------------------------------------------------------------------------
                          COMPRESSOR PROPERTIES
-------------------------------------------------------------------------------------------------------------------------------------------------------------------------------------------------------
Compressor    |           Wc         Pr      eta_a      eta_p         Nc        pwr   RlineMap      NcMap      WcMap      PRmap   alphaMap        SMN        SMW     effMap
-------------------------------------------------------------------------------------------------------------------------------------------------------------------------------------------------------
OD_TOfail.fan |     1476.392      1.400      0.832      0.839   9967.740 -32335.140      2.606      0.990      1.548    803.620      0.000     48.760     17.297      0.827
OD_TOfail.lpc |      135.035      1.725      0.928      0.933   9413.359  -6531.326      2.005      1.000      1.968     87.467      0.000     13.766      9.704      0.928
OD_TOfail.hpc |       85.939     15.045      0.905      0.933  12315.330 -51081.211      2.116      0.976      9.228     49.497      0.000     24.647     20.775      0.869
-------------------------------------------------------------------------------------------------------------------------------------------------------------------------------------------------------
---------------------------------------------------------------------------
                            BURNER PROPERTIES
---------------------------------------------------------------------------
Burner              |           dPqP        TtOut        Wfuel          FAR
OD_TOfail.burner    |         0.0540      3374.22       4.2980      0.03081
--------------------------------------------------------------------------------------------------------------------------------------
                            TURBINE PROPERTIES
--------------------------------------------------------------------------------------------------------------------------------------
Turbine       |             Wp           PR        eff_a        eff_p           Np          pwr        NpMap        PRmap     alphaMap
OD_TOfail.hpt |         16.429        4.471        0.900        0.884      244.749    55984.161      100.000        6.000        1.000
OD_TOfail.lpt |         71.011        5.376        0.900        0.880      204.571    48878.895      100.000        6.000        1.000
-------------------------------------------------------------------------------------------------------------------------
                            NOZZLE PROPERTIES
-------------------------------------------------------------------------------------------------------------------------
Nozzle        |             PR           Cv          Cfg          Ath         MNth        MNout            V           Fg
OD_TOfail.core_nozz|          2.000        0.993        N/A        657.106        1.000        1.000     1791.495    10327.582
OD_TOfail.byp_nozz|          2.000        0.994        N/A       2891.768        1.000        1.000     1082.870    45715.732
---------------------------------------------------------------------------------------------------------------------------
                            SHAFT PROPERTIES
---------------------------------------------------------------------------------------------------------------------------
Shaft               |                 Nmech               trqin              trqout               pwrin              pwrout
OD_TOfail.hp_shaft  |             14217.000           20681.928          -18870.658           55984.128          -51081.180
OD_TOfail.lp_shaft  |             10000.000           25671.733          -20413.095           48878.866          -38866.442
-----------------------------------------------------------------------------------------------------------------------
                            BLEED PROPERTIES
-----------------------------------------------------------------------------------------------------------------------
Bleed                    |         Wb/Win        Pfrac     Workfrac            W           Tt           ht           Pt
OD_TOfail.hpc.cool1      |          0.051        0.500        0.500        9.176     1120.958      141.202      286.589
OD_TOfail.hpc.cool2      |          0.020        0.550        0.500        3.669     1120.958      141.202      311.675
OD_TOfail.hpc.cust       |          0.044        0.500        0.500        8.053     1120.958      141.202      286.589
OD_TOfail.bld3.cool3     |          0.067        1.000        1.000       10.758     1530.016      247.071      537.454
OD_TOfail.bld3.cool4     |          0.061        1.000        1.000        9.805     1530.016      247.071      537.454
OD_TOfail.byp_bld.bypBld |          0.005        1.000        1.000        6.614      585.331        9.823       21.022
