


----------------------------------------------------------------------------
                              POINT: DESIGN
----------------------------------------------------------------------------
                       PERFORMANCE CHARACTERISTICS
    Mach      Alt       W      Fn      Fg    Fram     OPR     TSFC      BPR 
 0.74000  28000.0 641.312 10000.0 24803.4 14803.4  42.250  0.59367    5.900
------------------------------------------------------------------------------------------------------------------------------------------------
                            FLOW STATIONS
------------------------------------------------------------------------------------------------------------------------------------------------
------------------------------------------------------------------------------------------------------------------------------------------------
Flow Station           |          tot:P        tot:T        tot:h        tot:S       stat:P       stat:W      stat:MN       stat:V    stat:area
------------------------------------------------------------------------------------------------------------------------------------------------
DESIGN.fc.Fl_O         |          6.873      464.798      -19.097        1.657        4.776      641.312        0.740      742.670     4039.653
DESIGN.inlet.Fl_O      |          6.867      464.798      -19.097        1.657        4.949      641.312        0.700      706.205     4142.983
DESIGN.fan.Fl_O        |         10.310      528.828       -3.745        1.660        8.973      641.312        0.450      497.376     3896.513
DESIGN.splitter.Fl_O1  |         10.310      528.828       -3.745        1.660        9.604       92.944        0.320      357.130      749.187
DESIGN.splitter.Fl_O2  |         10.310      528.828       -3.745        1.660        8.862      548.368        0.470      518.569     3223.974
DESIGN.duct4.Fl_O      |         10.261      528.828       -3.745        1.661        9.516       92.944        0.330      368.057      732.780
DESIGN.lpc.Fl_O        |         30.793      738.942       46.881        1.666       28.936       92.944        0.300      395.554      314.552
DESIGN.duct6.Fl_O      |         30.482      738.942       46.881        1.667       28.014       92.944        0.350      460.060      277.593
DESIGN.hpc.Fl_O        |        290.114     1434.039      221.757        1.678      280.797       82.210        0.220      400.023       55.520
DESIGN.bld3.Fl_O       |        290.114     1434.039      221.757        1.678      274.160       71.649        0.290      525.752       37.472
DESIGN.burner.Fl_O     |        274.448     2880.000      216.768        1.906      272.693       73.298        0.100      251.763      163.797
DESIGN.hpt.Fl_O        |         71.316     2091.293       32.661        1.900       65.861       83.859        0.350      752.279      185.297
DESIGN.duct11.Fl_O     |         70.953     2091.293       32.661        1.900       66.750       83.859        0.306      659.717      209.402
DESIGN.lpt.Fl_O        |         14.721     1447.213     -120.784        1.904       13.309       90.457        0.390      703.101      727.387
DESIGN.duct13.Fl_O     |         14.563     1447.213     -120.784        1.905       12.959       90.457        0.420      755.745      692.183
DESIGN.core_nozz.Fl_O  |         14.563     1447.213     -120.784        1.905        7.806       90.457        1.000     1692.020      450.279
DESIGN.byp_bld.Fl_O    |         10.310      528.828       -3.745        1.660        8.862      545.626        0.470      518.569     3207.855
DESIGN.duct15.Fl_O     |         10.157      528.828       -3.745        1.661        8.619      545.626        0.490      539.647     3158.034
DESIGN.byp_nozz.Fl_O   |         10.157      528.828       -3.745        1.661        5.364      545.626        1.000     1029.292     2322.875
------------------------------------------------------------------------------------------------------------------------------------------------
-------------------------------------------------------------------------------------------------------------------------------------------------------------------------------------------------------
                          COMPRESSOR PROPERTIES
-------------------------------------------------------------------------------------------------------------------------------------------------------------------------------------------------------
Compressor    |           Wc         Pr      eta_a      eta_p         Nc        pwr   RlineMap      NcMap      WcMap      PRmap   alphaMap        SMN        SMW     effMap
-------------------------------------------------------------------------------------------------------------------------------------------------------------------------------------------------------
DESIGN.fan    |     1299.314      1.502      0.895      0.901   4225.456 -13929.840      2.200      0.990      1.685    803.556      0.000     36.641     29.886      0.895
DESIGN.lpc    |      134.412      3.001      0.924      0.935   3961.398  -6657.405      2.150      1.000      1.935     87.666      0.000     15.987     15.644      0.924
DESIGN.hpc    |       53.485      9.517      0.907      0.930  10891.399 -21668.654      2.050      0.976      9.374     49.454      0.000     22.598     22.468      0.871
-------------------------------------------------------------------------------------------------------------------------------------------------------------------------------------------------------
---------------------------------------------------------------------------
                            BURNER PROPERTIES
---------------------------------------------------------------------------
Burner              |           dPqP        TtOut        Wfuel          FAR
DESIGN.burner       |         0.0540      2880.00       1.6491      0.02302
--------------------------------------------------------------------------------------------------------------------------------------
                            TURBINE PROPERTIES
--------------------------------------------------------------------------------------------------------------------------------------
Turbine       |             Wp           PR        eff_a        eff_p           Np          pwr        NpMap        PRmap     alphaMap
DESIGN.hpt    |         14.333        3.848        0.889        0.872      242.241    21918.655      100.000        6.000        1.000
DESIGN.lpt    |         54.049        4.820        0.900        0.880       87.469    20587.245      100.000        6.000        1.000
-------------------------------------------------------------------------------------------------------------------------
                            NOZZLE PROPERTIES
-------------------------------------------------------------------------------------------------------------------------
Nozzle        |             PR           Cv          Cfg          Ath         MNth        MNout            V           Fg
DESIGN.core_nozz|          3.049        0.993        N/A        450.279        1.000        1.000     1692.020     6089.559
DESIGN.byp_nozz|          2.126        0.994        N/A       2322.875        1.000        1.000     1029.292    18713.792
---------------------------------------------------------------------------------------------------------------------------
                            SHAFT PROPERTIES
---------------------------------------------------------------------------------------------------------------------------
Shaft               |                 Nmech               trqin              trqout               pwrin              pwrout
DESIGN.hp_shaft     |             13000.000            8855.322           -8754.320           21918.642          -21668.642
DESIGN.lp_shaft     |              4000.000           27031.619          -27031.619           20587.233          -20587.233
--------------------------------------------------------------------------------------------------------------------
                            BLEED PROPERTIES
--------------------------------------------------------------------------------------------------------------------
Bleed                 |         Wb/Win        Pfrac     Workfrac            W           Tt           ht           Pt
DESIGN.hpc.cool1      |          0.051        0.500        0.500        4.713     1093.633      134.319      160.298
DESIGN.hpc.cool2      |          0.020        0.550        0.500        1.884     1093.633      134.319      173.280
DESIGN.hpc.cust       |          0.044        0.500        0.500        4.136     1093.633      134.319      160.298
DESIGN.bld3.cool3     |          0.067        1.000        1.000        5.526     1434.039      221.757      290.114
DESIGN.bld3.cool4     |          0.061        1.000        1.000        5.036     1434.039      221.757      290.114
DESIGN.byp_bld.bypBld |          0.005        1.000        1.000        2.742      528.828       -3.745       10.310
