


----------------------------------------------------------------------------
                              POINT: DESIGN
----------------------------------------------------------------------------
                       PERFORMANCE CHARACTERISTICS
    Mach      Alt       W      Fn      Fg    Fram     OPR     TSFC      BPR 
 0.74000  28000.0 779.134 12000.0 29984.7 17984.7  32.318  0.68446    5.900
------------------------------------------------------------------------------------------------------------------------------------------------
                            FLOW STATIONS
------------------------------------------------------------------------------------------------------------------------------------------------
------------------------------------------------------------------------------------------------------------------------------------------------
Flow Station           |          tot:P        tot:T        tot:h        tot:S       stat:P       stat:W      stat:MN       stat:V    stat:area
------------------------------------------------------------------------------------------------------------------------------------------------
DESIGN.fc.Fl_O         |          6.873      464.798      -19.097        1.657        4.776      779.134        0.740      742.670     4907.802
DESIGN.inlet.Fl_O      |          6.867      464.798      -19.097        1.657        4.949      779.134        0.700      706.205     5033.338
DESIGN.fan.Fl_O        |          9.270      511.083       -8.001        1.659        8.067      779.134        0.450      488.988     5175.932
DESIGN.splitter.Fl_O1  |          9.270      511.083       -8.001        1.659        8.635      112.918        0.320      351.111      995.173
DESIGN.splitter.Fl_O2  |          9.270      511.083       -8.001        1.659        7.968      666.216        0.470      509.822     4282.572
DESIGN.duct4.Fl_O      |          9.225      511.083       -8.001        1.660        8.555      112.918        0.330      361.853      973.380
DESIGN.lpc.Fl_O        |         24.908      692.044       35.532        1.664       23.404      112.918        0.300      383.008      456.946
DESIGN.duct6.Fl_O      |         24.657      692.044       35.532        1.665       22.658      112.918        0.350      445.456      403.265
DESIGN.hpc.Fl_O        |        221.912     1328.415      194.230        1.677      214.754       99.878        0.220      385.861       84.685
DESIGN.bld3.Fl_O       |        221.912     1328.415      194.230        1.677      209.656       87.047        0.290      507.111       57.159
DESIGN.burner.Fl_O     |        209.929     2970.000      189.269        1.937      208.591       89.328        0.100      255.229      265.469
DESIGN.hpt.Fl_O        |         66.939     2228.323       22.881        1.925       61.842      102.160        0.350      774.729      248.828
DESIGN.duct11.Fl_O     |         66.597     2228.323       22.881        1.925       62.671      102.160        0.306      679.376      281.207
DESIGN.lpt.Fl_O        |         22.944     1717.032      -93.509        1.922       20.768      110.175        0.390      761.792      622.453
DESIGN.duct13.Fl_O     |         22.699     1717.032      -93.509        1.923       20.225      110.175        0.420      818.899      592.285
DESIGN.core_nozz.Fl_O  |         22.699     1717.032      -93.509        1.923       12.231      110.175        1.000     1838.291      384.864
DESIGN.byp_bld.Fl_O    |          9.270      511.083       -8.001        1.659        7.968      662.885        0.470      509.822     4261.159
DESIGN.duct15.Fl_O     |          9.132      511.083       -8.001        1.660        7.749      662.885        0.490      530.543     4194.986
DESIGN.byp_nozz.Fl_O   |          9.132      511.083       -8.001        1.660        4.823      662.885        1.000     1011.878     3085.666
------------------------------------------------------------------------------------------------------------------------------------------------
-------------------------------------------------------------------------------------------------------------------------------------------------------------------------------------------------------
                          COMPRESSOR PROPERTIES
-------------------------------------------------------------------------------------------------------------------------------------------------------------------------------------------------------
Compressor    |           Wc         Pr      eta_a      eta_p         Nc        pwr   RlineMap      NcMap      WcMap      PRmap   alphaMap        SMN        SMW     effMap
-------------------------------------------------------------------------------------------------------------------------------------------------------------------------------------------------------
DESIGN.fan    |     1578.546      1.350      0.900      0.904   4225.456 -12231.162      2.200      0.990      1.685    803.556      0.000     36.641     29.886      0.895
DESIGN.lpc    |      178.557      2.700      0.924      0.934   4029.582  -6955.075      2.150      1.000      1.935     87.666      0.000     15.987     15.644      0.924
DESIGN.hpc    |       77.740      9.000      0.907      0.930  12120.112 -23889.930      2.050      0.976      9.374     49.454      0.000     22.598     22.468      0.871
-------------------------------------------------------------------------------------------------------------------------------------------------------------------------------------------------------
---------------------------------------------------------------------------
                            BURNER PROPERTIES
---------------------------------------------------------------------------
Burner              |           dPqP        TtOut        Wfuel          FAR
DESIGN.burner       |         0.0540      2970.00       2.2815      0.02621
--------------------------------------------------------------------------------------------------------------------------------------
                            TURBINE PROPERTIES
--------------------------------------------------------------------------------------------------------------------------------------
Turbine       |             Wp           PR        eff_a        eff_p           Np          pwr        NpMap        PRmap     alphaMap
DESIGN.hpt    |         23.190        3.136        0.900        0.888      256.892    24139.931      100.000        6.000        1.000
DESIGN.lpt    |         72.412        2.903        0.900        0.888       84.737    19186.236      100.000        6.000        1.000
-------------------------------------------------------------------------------------------------------------------------
                            NOZZLE PROPERTIES
-------------------------------------------------------------------------------------------------------------------------
Nozzle        |             PR           Cv          Cfg          Ath         MNth        MNout            V           Fg
DESIGN.core_nozz|          4.752        0.993        N/A        384.864        1.000        1.000     1838.291     9121.786
DESIGN.byp_nozz|          1.912        0.994        N/A       3085.666        1.000        1.000     1011.878    20862.906
---------------------------------------------------------------------------------------------------------------------------
                            SHAFT PROPERTIES
---------------------------------------------------------------------------------------------------------------------------
Shaft               |                 Nmech               trqin              trqout               pwrin              pwrout
DESIGN.hp_shaft     |             14000.000            9056.112           -8962.324           24139.916          -23889.916
DESIGN.lp_shaft     |              4000.000           25192.056          -25192.056           19186.225          -19186.225
--------------------------------------------------------------------------------------------------------------------
                            BLEED PROPERTIES
--------------------------------------------------------------------------------------------------------------------
Bleed                 |         Wb/Win        Pfrac     Workfrac            W           Tt           ht           Pt
DESIGN.hpc.cool1      |          0.051        0.500        0.500        5.726     1015.963      114.881      123.284
DESIGN.hpc.cool2      |          0.020        0.550        0.500        2.289     1015.963      114.881      133.147
DESIGN.hpc.cust       |          0.044        0.500        0.500        5.025     1015.963      114.881      123.284
DESIGN.bld3.cool3     |          0.067        1.000        1.000        6.713     1328.415      194.230      221.912
DESIGN.bld3.cool4     |          0.061        1.000        1.000        6.118     1328.415      194.230      221.912
DESIGN.byp_bld.bypBld |          0.005        1.000        1.000        3.331      511.083       -8.001        9.270



----------------------------------------------------------------------------
                              POINT: OD_TOfail
----------------------------------------------------------------------------
                       PERFORMANCE CHARACTERISTICS
    Mach      Alt       W      Fn      Fg    Fram     OPR     TSFC      BPR 
 0.18000      0.0 1563.720 43286.9 53054.6  9767.7  34.156  0.49665    5.466
------------------------------------------------------------------------------------------------------------------------------------------------
                            FLOW STATIONS
------------------------------------------------------------------------------------------------------------------------------------------------
------------------------------------------------------------------------------------------------------------------------------------------------
Flow Station           |          tot:P        tot:T        tot:h        tot:S       stat:P       stat:W      stat:MN       stat:V    stat:area
------------------------------------------------------------------------------------------------------------------------------------------------
OD_TOfail.fc.Fl_O      |         15.032      522.033       -5.375        1.631       14.696     1563.720        0.180      200.974    14650.876
OD_TOfail.inlet.Fl_O   |         15.017      522.033       -5.375        1.631       11.193     1563.720        0.662      710.716     5033.338
OD_TOfail.fan.Fl_O     |         21.151      581.459        8.892        1.634       18.787     1563.720        0.415      482.266     5175.932
OD_TOfail.splitter.Fl_O|         21.151      581.459        8.892        1.634       19.698      241.844        0.321      375.034      995.173
OD_TOfail.splitter.Fl_O|         21.151      581.459        8.892        1.634       18.666     1321.876        0.426      495.000     4282.572
OD_TOfail.duct4.Fl_O   |         21.049      581.459        8.892        1.634       19.516      241.844        0.331      386.513      973.380
OD_TOfail.lpc.Fl_O     |         53.932      777.077       56.138        1.640       50.326      241.844        0.317      427.576      456.946
OD_TOfail.duct6.Fl_O   |         53.387      777.077       56.138        1.640       48.581      241.844        0.370      498.345      403.265
OD_TOfail.hpc.Fl_O     |        512.915     1508.911      241.480        1.652      496.789      213.916        0.218      405.954       84.685
OD_TOfail.bld3.Fl_O    |        512.915     1508.911      241.480        1.652      485.319      186.434        0.287      533.327       57.159
OD_TOfail.burner.Fl_O  |        485.217     3420.000      233.985        1.930      485.127      192.406        0.017       46.683     1550.003
OD_TOfail.hpt.Fl_O     |        155.195     2590.369       42.039        1.917      143.341      219.887        0.352      836.809      248.828
OD_TOfail.duct11.Fl_O  |        154.404     2590.368       42.039        1.917      145.274      219.887        0.308      733.651      281.207
OD_TOfail.lpt.Fl_O     |         53.723     2016.143      -92.542        1.913       48.668      237.054        0.391      822.150      622.453
OD_TOfail.duct13.Fl_O  |         53.148     2016.143      -92.542        1.914       47.403      237.054        0.421      883.817      592.285
OD_TOfail.core_nozz.Fl_|         53.148     2016.143      -92.542        1.914       28.796      237.054        1.000     1986.514      384.864
OD_TOfail.byp_bld.Fl_O |         21.151      581.459        8.892        1.634       18.666     1315.267        0.426      495.000     4261.159
OD_TOfail.duct15.Fl_O  |         20.836      581.459        8.892        1.635       18.205     1315.267        0.443      514.076     4194.986
OD_TOfail.byp_nozz.Fl_O|         20.836      581.459        8.892        1.635       14.696     1315.267        0.724      814.410     3085.666
------------------------------------------------------------------------------------------------------------------------------------------------
-------------------------------------------------------------------------------------------------------------------------------------------------------------------------------------------------------
                          COMPRESSOR PROPERTIES
-------------------------------------------------------------------------------------------------------------------------------------------------------------------------------------------------------
Compressor    |           Wc         Pr      eta_a      eta_p         Nc        pwr   RlineMap      NcMap      WcMap      PRmap   alphaMap        SMN        SMW     effMap
-------------------------------------------------------------------------------------------------------------------------------------------------------------------------------------------------------
OD_TOfail.fan |     1535.249      1.408      0.903      0.907   4246.236 -31564.935      1.724      0.995      1.799    781.516      0.000     24.222     19.091      0.897
OD_TOfail.lpc |      178.777      2.562      0.910      0.921   4023.404 -16166.260      2.425      0.998      1.859     87.774      0.000     20.883     20.497      0.910
OD_TOfail.hpc |       81.486      9.608      0.903      0.927  12270.008 -59757.545      2.093      0.988     10.010     51.837      0.000     20.121     20.027      0.867
-------------------------------------------------------------------------------------------------------------------------------------------------------------------------------------------------------
---------------------------------------------------------------------------
                            BURNER PROPERTIES
---------------------------------------------------------------------------
Burner              |           dPqP        TtOut        Wfuel          FAR
OD_TOfail.burner    |         0.0540      3420.00       5.9718      0.03203
--------------------------------------------------------------------------------------------------------------------------------------
                            TURBINE PROPERTIES
--------------------------------------------------------------------------------------------------------------------------------------
Turbine       |             Wp           PR        eff_a        eff_p           Np          pwr        NpMap        PRmap     alphaMap
OD_TOfail.hpt |         23.190        3.126        0.900        0.888      256.814    60007.545       99.970        5.977        1.000
OD_TOfail.lpt |         72.481        2.874        0.899        0.887       83.700    47731.195       98.777        5.925        1.000
-------------------------------------------------------------------------------------------------------------------------
                            NOZZLE PROPERTIES
-------------------------------------------------------------------------------------------------------------------------
Nozzle        |             PR           Cv          Cfg          Ath         MNth        MNout            V           Fg
OD_TOfail.core_nozz|          3.617        0.993        N/A        384.864        1.000        1.000     1986.514    19964.799
OD_TOfail.byp_nozz|          1.418        0.994        N/A       3085.666        0.724        0.724      814.410    33089.844
---------------------------------------------------------------------------------------------------------------------------
                            SHAFT PROPERTIES
---------------------------------------------------------------------------------------------------------------------------
Shaft               |                 Nmech               trqin              trqout               pwrin              pwrout
OD_TOfail.hp_shaft  |             15018.666           20984.968          -20897.541           60007.510          -59757.510
OD_TOfail.lp_shaft  |              4259.978           58847.595          -58847.595           47731.167          -47731.167
-----------------------------------------------------------------------------------------------------------------------
                            BLEED PROPERTIES
-----------------------------------------------------------------------------------------------------------------------
Bleed                    |         Wb/Win        Pfrac     Workfrac            W           Tt           ht           Pt
OD_TOfail.hpc.cool1      |          0.051        0.500        0.500       12.263     1151.053      148.809      283.151
OD_TOfail.hpc.cool2      |          0.020        0.550        0.500        4.903     1151.053      148.809      306.127
OD_TOfail.hpc.cust       |          0.044        0.500        0.500       10.762     1151.053      148.809      283.151
OD_TOfail.bld3.cool3     |          0.067        1.000        1.000       14.378     1508.911      241.480      512.915
OD_TOfail.bld3.cool4     |          0.061        1.000        1.000       13.104     1508.911      241.480      512.915
OD_TOfail.byp_bld.bypBld |          0.005        1.000        1.000        6.609      581.459        8.892       21.151
