


----------------------------------------------------------------------------
                              POINT: DESIGN
----------------------------------------------------------------------------
                       PERFORMANCE CHARACTERISTICS
    Mach      Alt       W      Fn      Fg    Fram     OPR     TSFC      BPR 
 0.74000  28000.0 555.028  6750.0 19561.7 12811.7  38.421  0.53910    9.000
------------------------------------------------------------------------------------------------------------------------------------------------
                            FLOW STATIONS
------------------------------------------------------------------------------------------------------------------------------------------------
------------------------------------------------------------------------------------------------------------------------------------------------
Flow Station           |          tot:P        tot:T        tot:h        tot:S       stat:P       stat:W      stat:MN       stat:V    stat:area
------------------------------------------------------------------------------------------------------------------------------------------------
DESIGN.fc.Fl_O         |          6.873      464.798      -19.097        1.657        4.776      555.028        0.740      742.670     3496.149
DESIGN.inlet.Fl_O      |          6.867      464.798      -19.097        1.657        4.949      555.028        0.700      706.205     3585.576
DESIGN.fan.Fl_O        |         10.300      528.287       -3.875        1.660        8.963      555.028        0.450      497.123     3374.023
DESIGN.splitter.Fl_O1  |         10.300      528.287       -3.875        1.660        9.594       55.503        0.320      356.948      447.622
DESIGN.splitter.Fl_O2  |         10.300      528.287       -3.875        1.660        8.853      499.525        0.470      518.304     2938.347
DESIGN.duct4.Fl_O      |         10.250      528.287       -3.875        1.660        9.506       55.503        0.330      367.869      437.819
DESIGN.lpc.Fl_O        |         17.426      621.727       18.576        1.663       16.372       55.503        0.300      363.267      304.103
DESIGN.duct6.Fl_O      |         17.250      621.727       18.576        1.664       15.850       55.503        0.350      422.482      268.385
DESIGN.hpc.Fl_O        |        263.819     1392.978      211.014        1.677      255.332       49.093        0.220      394.587       35.903
DESIGN.bld3.Fl_O       |        263.819     1392.978      211.014        1.677      249.287       42.786        0.290      518.597       24.232
DESIGN.burner.Fl_O     |        249.572     2880.000      206.144        1.913      247.977       43.797        0.100      251.726      107.642
DESIGN.hpt.Fl_O        |         55.785     2019.384        2.366        1.907       51.511       50.104        0.350      739.836      138.966
DESIGN.duct11.Fl_O     |         55.500     2019.384        2.366        1.907       52.207       50.104        0.306      648.813      157.041
DESIGN.lpt.Fl_O        |          8.406     1301.250     -168.827        1.914        7.596       54.044        0.390      668.566      719.591
DESIGN.duct13.Fl_O     |          8.316     1301.250     -168.827        1.915        7.395       54.044        0.420      718.589      684.792
DESIGN.core_nozz.Fl_O  |          8.316     1301.250     -168.827        1.915        4.776       54.044        0.937     1518.668      447.331
DESIGN.byp_bld.Fl_O    |         10.300      528.287       -3.875        1.660        8.853      497.028        0.470      518.304     2923.655
DESIGN.duct15.Fl_O     |         10.146      528.287       -3.875        1.661        8.610      497.028        0.490      539.372     2878.248
DESIGN.byp_nozz.Fl_O   |         10.146      528.287       -3.875        1.661        5.358      497.028        1.000     1028.766     2117.082
------------------------------------------------------------------------------------------------------------------------------------------------
-------------------------------------------------------------------------------------------------------------------------------------------------------------------------------------------------------
                          COMPRESSOR PROPERTIES
-------------------------------------------------------------------------------------------------------------------------------------------------------------------------------------------------------
Compressor    |           Wc         Pr      eta_a      eta_p         Nc        pwr   RlineMap      NcMap      WcMap      PRmap   alphaMap        SMN        SMW     effMap
-------------------------------------------------------------------------------------------------------------------------------------------------------------------------------------------------------
DESIGN.fan    |     1124.502      1.500      0.900      0.906  14260.913 -11953.736      2.200      0.990      1.685    803.556      0.000     36.641     29.886      0.895
DESIGN.lpc    |       80.308      1.700      0.924      0.930  13376.562  -1763.049      2.150      1.000      1.935     87.666      0.000     15.987     15.644      0.924
DESIGN.hpc    |       51.771     15.294      0.907      0.934  14658.644 -14239.251      2.050      0.976      9.374     49.454      0.000     22.598     22.468      0.871
-------------------------------------------------------------------------------------------------------------------------------------------------------------------------------------------------------
---------------------------------------------------------------------------
                            BURNER PROPERTIES
---------------------------------------------------------------------------
Burner              |           dPqP        TtOut        Wfuel          FAR
DESIGN.burner       |         0.0540      2880.00       1.0108      0.02362
--------------------------------------------------------------------------------------------------------------------------------------
                            TURBINE PROPERTIES
--------------------------------------------------------------------------------------------------------------------------------------
Turbine       |             Wp           PR        eff_a        eff_p           Np          pwr        NpMap        PRmap     alphaMap
DESIGN.hpt    |          9.418        4.474        0.900        0.883      299.055    14489.251      100.000        6.000        1.000
DESIGN.lpt    |         40.568        6.602        0.900        0.876      300.417    13716.785      100.000        6.000        1.000
-------------------------------------------------------------------------------------------------------------------------
                            NOZZLE PROPERTIES
-------------------------------------------------------------------------------------------------------------------------
Nozzle        |             PR           Cv          Cfg          Ath         MNth        MNout            V           Fg
DESIGN.core_nozz|          1.741        0.993        N/A        447.331        0.937        0.937     1518.668     2533.867
DESIGN.byp_nozz|          2.124        0.994        N/A       2117.082        1.000        1.000     1028.766    17027.787
---------------------------------------------------------------------------------------------------------------------------
                            SHAFT PROPERTIES
---------------------------------------------------------------------------------------------------------------------------
Shaft               |                 Nmech               trqin              trqout               pwrin              pwrout
DESIGN.hp_shaft     |             16049.000            4741.675           -4659.861           14489.242          -14239.242
DESIGN.lp_shaft     |             13500.000            5336.449           -5336.449           13716.777          -13716.777
--------------------------------------------------------------------------------------------------------------------
                            BLEED PROPERTIES
--------------------------------------------------------------------------------------------------------------------
Bleed                 |         Wb/Win        Pfrac     Workfrac            W           Tt           ht           Pt
DESIGN.hpc.cool1      |          0.051        0.500        0.500        2.814     1015.618      114.795      140.534
DESIGN.hpc.cool2      |          0.020        0.550        0.500        1.125     1015.618      114.795      152.863
DESIGN.hpc.cust       |          0.044        0.500        0.500        2.470     1015.618      114.795      140.534
DESIGN.bld3.cool3     |          0.067        1.000        1.000        3.300     1392.978      211.014      263.819
DESIGN.bld3.cool4     |          0.061        1.000        1.000        3.007     1392.978      211.014      263.819
DESIGN.byp_bld.bypBld |          0.005        1.000        1.000        2.498      528.287       -3.875       10.300
