


----------------------------------------------------------------------------
                              POINT: DESIGN
----------------------------------------------------------------------------
                       PERFORMANCE CHARACTERISTICS
    Mach      Alt       W      Fn      Fg    Fram     OPR     TSFC      BPR 
 0.74000  28000.0 789.935  9278.0 27512.0 18234.0  36.835  0.70449    7.000
------------------------------------------------------------------------------------------------------------------------------------------------
                            FLOW STATIONS
------------------------------------------------------------------------------------------------------------------------------------------------
------------------------------------------------------------------------------------------------------------------------------------------------
Flow Station           |          tot:P        tot:T        tot:h        tot:S       stat:P       stat:W      stat:MN       stat:V    stat:area
------------------------------------------------------------------------------------------------------------------------------------------------
DESIGN.fc.Fl_O         |          6.873      464.798      -19.097        1.657        4.776      789.935        0.740      742.670     4975.838
DESIGN.inlet.Fl_O      |          6.867      464.798      -19.097        1.657        4.949      789.935        0.700      706.205     5103.114
DESIGN.fan.Fl_O        |         13.046      568.793        5.849        1.662       11.354      789.935        0.450      515.745     3934.394
DESIGN.splitter.Fl_O1  |         13.046      568.793        5.849        1.662       12.153       98.742        0.320      370.307      652.474
DESIGN.splitter.Fl_O2  |         13.046      568.793        5.849        1.662       11.215      691.193        0.470      537.723     3331.168
DESIGN.duct4.Fl_O      |         12.984      568.793        5.849        1.662       12.041       98.742        0.330      381.638      638.183
DESIGN.lpc.Fl_O        |         15.581      601.645       13.745        1.663       14.638       98.742        0.300      357.405      595.138
DESIGN.duct6.Fl_O      |         15.423      601.645       13.745        1.664       14.171       98.742        0.350      415.662      525.241
DESIGN.hpc.Fl_O        |        252.928     1377.533      206.987        1.677      244.786       87.339        0.220      392.520       66.232
DESIGN.bld3.Fl_O       |        252.928     1377.533      206.987        1.677      238.987       76.119        0.290      515.877       44.703
DESIGN.burner.Fl_O     |        239.270     2880.000      202.165        1.916      237.740       77.934        0.100      251.713      199.802
DESIGN.hpt.Fl_O        |         53.802     2020.537       -0.875        1.910       49.680       89.155        0.350      740.001      256.475
DESIGN.duct11.Fl_O     |         53.528     2020.537       -0.875        1.910       50.352       89.155        0.306      648.958      289.836
DESIGN.lpt.Fl_O        |          6.691     1248.707     -186.085        1.919        6.045       96.163        0.390      655.615     1574.192
DESIGN.duct13.Fl_O     |          6.619     1248.707     -186.085        1.920        5.885       96.163        0.420      704.655     1498.090
DESIGN.core_nozz.Fl_O  |          6.619     1248.707     -186.085        1.920        6.619       96.163        0.001        2.069   467638.934
DESIGN.byp_bld.Fl_O    |         13.046      568.793        5.849        1.662       11.215      687.737        0.470      537.723     3314.512
DESIGN.duct15.Fl_O     |         12.852      568.793        5.849        1.663       10.907      687.737        0.490      559.583     3263.021
DESIGN.byp_nozz.Fl_O   |         12.852      568.793        5.849        1.663        6.788      687.737        1.000     1067.468     2399.952
------------------------------------------------------------------------------------------------------------------------------------------------
-------------------------------------------------------------------------------------------------------------------------------------------------------------------------------------------------------
                          COMPRESSOR PROPERTIES
-------------------------------------------------------------------------------------------------------------------------------------------------------------------------------------------------------
Compressor    |           Wc         Pr      eta_a      eta_p         Nc        pwr   RlineMap      NcMap      WcMap      PRmap   alphaMap        SMN        SMW     effMap
-------------------------------------------------------------------------------------------------------------------------------------------------------------------------------------------------------
DESIGN.fan    |     1600.429      1.900      0.900      0.909  14260.913 -27880.560      2.200      0.990      1.685    803.556      0.000     36.641     29.886      0.895
DESIGN.lpc    |      117.038      1.200      0.924      0.926  12891.467  -1103.095      2.150      1.000      1.935     87.666      0.000     15.987     15.644      0.924
DESIGN.hpc    |      101.332     16.399      0.907      0.935  14901.272 -25438.106      2.050      0.976      9.374     49.454      0.000     22.598     22.468      0.871
-------------------------------------------------------------------------------------------------------------------------------------------------------------------------------------------------------
---------------------------------------------------------------------------
                            BURNER PROPERTIES
---------------------------------------------------------------------------
Burner              |           dPqP        TtOut        Wfuel          FAR
DESIGN.burner       |         0.0540      2880.00       1.8156      0.02385
--------------------------------------------------------------------------------------------------------------------------------------
                            TURBINE PROPERTIES
--------------------------------------------------------------------------------------------------------------------------------------
Turbine       |             Wp           PR        eff_a        eff_p           Np          pwr        NpMap        PRmap     alphaMap
DESIGN.hpt    |         17.480        4.447        0.900        0.883      299.055    25688.105      100.000        6.000        1.000
DESIGN.lpt    |         74.868        8.000        0.900        0.873      300.331    26302.347      100.000        6.000        1.000
-------------------------------------------------------------------------------------------------------------------------
                            NOZZLE PROPERTIES
-------------------------------------------------------------------------------------------------------------------------
Nozzle        |             PR           Cv          Cfg          Ath         MNth        MNout            V           Fg
DESIGN.core_nozz|          1.000        0.993        N/A     467638.934        0.001        0.001        2.069        6.144
DESIGN.byp_nozz|          2.691        0.994        N/A       2399.952        1.000        1.000     1067.468    27505.869
---------------------------------------------------------------------------------------------------------------------------
                            SHAFT PROPERTIES
---------------------------------------------------------------------------------------------------------------------------
Shaft               |                 Nmech               trqin              trqout               pwrin              pwrout
DESIGN.hp_shaft     |             16049.000            8406.552           -8324.739           25688.090          -25438.091
DESIGN.lp_shaft     |             13500.000           10232.801          -11275.951           26302.331          -28983.637
--------------------------------------------------------------------------------------------------------------------
                            BLEED PROPERTIES
--------------------------------------------------------------------------------------------------------------------
Bleed                 |         Wb/Win        Pfrac     Workfrac            W           Tt           ht           Pt
DESIGN.hpc.cool1      |          0.051        0.500        0.500        5.007      997.817      110.366      134.175
DESIGN.hpc.cool2      |          0.020        0.550        0.500        2.002      997.817      110.366      146.051
DESIGN.hpc.cust       |          0.044        0.500        0.500        4.394      997.817      110.366      134.175
DESIGN.bld3.cool3     |          0.067        1.000        1.000        5.870     1377.533      206.987      252.928
DESIGN.bld3.cool4     |          0.061        1.000        1.000        5.350     1377.533      206.987      252.928
DESIGN.byp_bld.bypBld |          0.005        1.000        1.000        3.456      568.793        5.849       13.046
