


----------------------------------------------------------------------------
                              POINT: DESIGN
----------------------------------------------------------------------------
                       PERFORMANCE CHARACTERISTICS
    Mach      Alt       W      Fn      Fg    Fram     OPR     TSFC      BPR 
 0.74000  28000.0 791.899 12003.2 30282.5 18279.3  62.328  0.54669    5.900
------------------------------------------------------------------------------------------------------------------------------------------------
                            FLOW STATIONS
------------------------------------------------------------------------------------------------------------------------------------------------
------------------------------------------------------------------------------------------------------------------------------------------------
Flow Station           |          tot:P        tot:T        tot:h        tot:S       stat:P       stat:W      stat:MN       stat:V    stat:area
------------------------------------------------------------------------------------------------------------------------------------------------
DESIGN.fc.Fl_O         |          6.873      464.798      -19.097        1.657        4.776      791.899        0.740      742.670     4988.208
DESIGN.inlet.Fl_O      |          6.867      464.798      -19.097        1.657        4.949      791.899        0.700      706.205     5115.800
DESIGN.fan.Fl_O        |         11.501      546.853        0.581        1.661       10.009      791.899        0.450      505.748     4386.621
DESIGN.splitter.Fl_O1  |         11.501      546.853        0.581        1.661       10.713      114.768        0.320      363.136      843.431
DESIGN.splitter.Fl_O2  |         11.501      546.853        0.581        1.661        9.886      677.131        0.470      527.299     3629.483
DESIGN.duct4.Fl_O      |         11.446      546.853        0.581        1.661       10.614      114.768        0.330      374.247      824.959
DESIGN.lpc.Fl_O        |         30.968      740.519       47.263        1.666       29.100      114.768        0.300      395.968      386.644
DESIGN.duct6.Fl_O      |         30.655      740.519       47.263        1.667       28.173      114.768        0.350      460.541      341.214
DESIGN.hpc.Fl_O        |        427.977     1595.030      264.374        1.680      414.318      101.514        0.220      420.575       49.164
DESIGN.bld3.Fl_O       |        427.977     1595.030      264.374        1.680      404.584       88.473        0.290      552.803       33.180
DESIGN.burner.Fl_O     |        404.866     2880.000      259.037        1.877      402.274       90.296        0.100      251.907      136.704
DESIGN.hpt.Fl_O        |         73.179     1952.777       30.797        1.877       67.555      103.337        0.350      728.640      214.525
DESIGN.duct11.Fl_O     |         72.806     1952.777       30.797        1.877       68.472      103.337        0.306      639.012      242.423
DESIGN.lpt.Fl_O        |          9.101     1211.796     -147.532        1.889        8.219      111.484        0.390      646.721     1319.993
DESIGN.duct13.Fl_O     |          9.003     1211.796     -147.532        1.889        8.002      111.484        0.420      695.079     1256.206
DESIGN.core_nozz.Fl_O  |          9.003     1211.796     -147.532        1.889        4.804      111.484        1.000     1551.664      818.198
DESIGN.byp_bld.Fl_O    |         11.501      546.853        0.581        1.661        9.886      673.745        0.470      527.299     3611.336
DESIGN.duct15.Fl_O     |         11.330      546.853        0.581        1.662        9.614      673.745        0.490      548.733     3555.242
DESIGN.byp_nozz.Fl_O   |         11.330      546.853        0.581        1.662        5.984      673.745        1.000     1046.684     2614.974
------------------------------------------------------------------------------------------------------------------------------------------------
-------------------------------------------------------------------------------------------------------------------------------------------------------------------------------------------------------
                          COMPRESSOR PROPERTIES
-------------------------------------------------------------------------------------------------------------------------------------------------------------------------------------------------------
Compressor    |           Wc         Pr      eta_a      eta_p         Nc        pwr   RlineMap      NcMap      WcMap      PRmap   alphaMap        SMN        SMW     effMap
-------------------------------------------------------------------------------------------------------------------------------------------------------------------------------------------------------
DESIGN.fan    |     1604.407      1.675      0.900      0.907   5281.820 -22047.391      2.200      0.990      1.685    803.556      0.000     36.641     29.886      0.895
DESIGN.lpc    |      151.308      2.706      0.924      0.934   4869.453  -7580.263      2.150      1.000      1.935     87.666      0.000     15.987     15.644      0.924
DESIGN.hpc    |       65.741     13.961      0.907      0.933  11716.709 -33218.794      2.050      0.976      9.374     49.454      0.000     22.598     22.468      0.871
-------------------------------------------------------------------------------------------------------------------------------------------------------------------------------------------------------
---------------------------------------------------------------------------
                            BURNER PROPERTIES
---------------------------------------------------------------------------
Burner              |           dPqP        TtOut        Wfuel          FAR
DESIGN.burner       |         0.0540      2880.00       1.8228      0.02060
--------------------------------------------------------------------------------------------------------------------------------------
                            TURBINE PROPERTIES
--------------------------------------------------------------------------------------------------------------------------------------
Turbine       |             Wp           PR        eff_a        eff_p           Np          pwr        NpMap        PRmap     alphaMap
DESIGN.hpt    |         11.969        5.533        0.900        0.880      260.875    33468.795      100.000        6.000        1.000
DESIGN.lpt    |         62.721        8.000        0.900        0.873      113.147    29569.382      100.000        6.000        1.000
-------------------------------------------------------------------------------------------------------------------------
                            NOZZLE PROPERTIES
-------------------------------------------------------------------------------------------------------------------------
Nozzle        |             PR           Cv          Cfg          Ath         MNth        MNout            V           Fg
DESIGN.core_nozz|          1.875        0.993        N/A        818.198        1.000        1.000     1551.664     5341.402
DESIGN.byp_nozz|          2.372        0.994        N/A       2614.974        1.000        1.000     1046.684    24941.094
---------------------------------------------------------------------------------------------------------------------------
                            SHAFT PROPERTIES
---------------------------------------------------------------------------------------------------------------------------
Shaft               |                 Nmech               trqin              trqout               pwrin              pwrout
DESIGN.hp_shaft     |             14000.000           12555.842          -12462.054           33468.775          -33218.774
DESIGN.lp_shaft     |              5000.000           31060.329          -31121.540           29569.364          -29627.637
--------------------------------------------------------------------------------------------------------------------
                            BLEED PROPERTIES
--------------------------------------------------------------------------------------------------------------------
Bleed                 |         Wb/Win        Pfrac     Workfrac            W           Tt           ht           Pt
DESIGN.hpc.cool1      |          0.051        0.500        0.500        5.820     1178.684      155.819      229.316
DESIGN.hpc.cool2      |          0.020        0.550        0.500        2.327     1178.684      155.819      249.182
DESIGN.hpc.cust       |          0.044        0.500        0.500        5.107     1178.684      155.819      229.316
DESIGN.bld3.cool3     |          0.067        1.000        1.000        6.823     1595.030      264.374      427.977
DESIGN.bld3.cool4     |          0.061        1.000        1.000        6.218     1595.030      264.374      427.977
DESIGN.byp_bld.bypBld |          0.005        1.000        1.000        3.386      546.853        0.581       11.501



----------------------------------------------------------------------------
                              POINT: OD_TOfail
----------------------------------------------------------------------------
                       PERFORMANCE CHARACTERISTICS
    Mach      Alt       W      Fn      Fg    Fram     OPR     TSFC      BPR 
 0.18000      0.0 1682.902 47065.6 57577.8 10512.2  70.521  0.40149    5.493
------------------------------------------------------------------------------------------------------------------------------------------------
                            FLOW STATIONS
------------------------------------------------------------------------------------------------------------------------------------------------
------------------------------------------------------------------------------------------------------------------------------------------------
Flow Station           |          tot:P        tot:T        tot:h        tot:S       stat:P       stat:W      stat:MN       stat:V    stat:area
------------------------------------------------------------------------------------------------------------------------------------------------
OD_TOfail.fc.Fl_O      |         15.032      522.033       -5.375        1.631       14.696     1682.902        0.180      200.974    15767.516
OD_TOfail.inlet.Fl_O   |         15.017      522.033       -5.375        1.631       10.341     1682.902        0.750      796.328     5115.800
OD_TOfail.fan.Fl_O     |         25.975      624.742       19.302        1.637       22.558     1682.902        0.454      544.531     4386.621
OD_TOfail.splitter.Fl_O|         25.975      624.742       19.302        1.637       23.917      259.169        0.346      418.272      843.431
OD_TOfail.splitter.Fl_O|         25.975      624.742       19.302        1.637       22.370     1423.733        0.467      560.111     3629.483
OD_TOfail.duct4.Fl_O   |         25.850      624.742       19.302        1.637       23.677      259.169        0.357      431.332      824.959
OD_TOfail.lpc.Fl_O     |         72.886      871.399       79.162        1.647       68.092      259.169        0.314      449.025      386.644
OD_TOfail.duct6.Fl_O   |         72.150      871.399       79.162        1.648       65.763      259.169        0.368      523.206      341.214
OD_TOfail.hpc.Fl_O     |       1059.016     1875.937      340.507        1.661     1025.923      229.239        0.219      451.281       49.164
OD_TOfail.bld3.Fl_O    |       1059.016     1875.937      340.507        1.661     1002.360      199.789        0.288      593.026       33.180
OD_TOfail.burner.Fl_O  |       1001.829     3420.000      331.790        1.875     1001.780      205.038        0.009       24.092     1550.003
OD_TOfail.hpt.Fl_O     |        183.326     2356.858       59.958        1.873      169.371      234.488        0.351      796.706      214.525
OD_TOfail.duct11.Fl_O  |        182.391     2356.858       59.958        1.873      171.639      234.488        0.307      698.673      242.423
OD_TOfail.lpt.Fl_O     |         23.548     1498.748     -154.709        1.883       21.390      252.885        0.381      698.953     1319.993
OD_TOfail.duct13.Fl_O  |         23.296     1498.748     -154.709        1.884       20.847      252.885        0.410      750.747     1256.206
OD_TOfail.core_nozz.Fl_|         23.296     1498.748     -154.709        1.884       14.696      252.885        0.853     1495.778      818.198
OD_TOfail.byp_bld.Fl_O |         25.975      624.742       19.302        1.637       22.370     1416.614        0.467      560.111     3611.336
OD_TOfail.duct15.Fl_O  |         25.588      624.742       19.302        1.638       21.760     1416.614        0.487      582.795     3555.242
OD_TOfail.byp_nozz.Fl_O|         25.588      624.742       19.302        1.638       14.696     1416.614        0.926     1048.871     2614.974
------------------------------------------------------------------------------------------------------------------------------------------------
-------------------------------------------------------------------------------------------------------------------------------------------------------------------------------------------------------
                          COMPRESSOR PROPERTIES
-------------------------------------------------------------------------------------------------------------------------------------------------------------------------------------------------------
Compressor    |           Wc         Pr      eta_a      eta_p         Nc        pwr   RlineMap      NcMap      WcMap      PRmap   alphaMap        SMN        SMW     effMap
-------------------------------------------------------------------------------------------------------------------------------------------------------------------------------------------------------
OD_TOfail.fan |     1652.261      1.730      0.860      0.871   5781.750 -58757.887      2.462      1.084      1.741    827.523      0.000     33.320     28.587      0.855
OD_TOfail.lpc |      161.703      2.820      0.862      0.880   5285.158 -21949.751      4.862      1.085      1.997     93.689      0.000     19.219     19.079      0.862
OD_TOfail.hpc |       68.423     14.678      0.903      0.930  11838.134 -90298.069      2.120      0.986      9.838     51.471      0.000     21.403     21.301      0.867
-------------------------------------------------------------------------------------------------------------------------------------------------------------------------------------------------------
---------------------------------------------------------------------------
                            BURNER PROPERTIES
---------------------------------------------------------------------------
Burner              |           dPqP        TtOut        Wfuel          FAR
OD_TOfail.burner    |         0.0540      3420.00       5.2489      0.02627
--------------------------------------------------------------------------------------------------------------------------------------
                            TURBINE PROPERTIES
--------------------------------------------------------------------------------------------------------------------------------------
Turbine       |             Wp           PR        eff_a        eff_p           Np          pwr        NpMap        PRmap     alphaMap
OD_TOfail.hpt |         11.969        5.465        0.901        0.883      262.381    90548.069      100.578        5.925        1.000
OD_TOfail.lpt |         62.414        7.745        0.900        0.874      119.480    80707.637      105.597        5.818        1.000
-------------------------------------------------------------------------------------------------------------------------
                            NOZZLE PROPERTIES
-------------------------------------------------------------------------------------------------------------------------
Nozzle        |             PR           Cv          Cfg          Ath         MNth        MNout            V           Fg
OD_TOfail.core_nozz|          1.585        0.993        N/A        818.198        0.853        0.853     1495.778    11677.902
OD_TOfail.byp_nozz|          1.741        0.994        N/A       2614.974        0.926        0.926     1048.871    45899.859
---------------------------------------------------------------------------------------------------------------------------
                            SHAFT PROPERTIES
---------------------------------------------------------------------------------------------------------------------------
Shaft               |                 Nmech               trqin              trqout               pwrin              pwrout
OD_TOfail.hp_shaft  |             15344.266           30993.233          -30907.662           90548.015          -90298.015
OD_TOfail.lp_shaft  |              5800.462           73077.865          -73077.866           80707.589          -80707.590
-----------------------------------------------------------------------------------------------------------------------
                            BLEED PROPERTIES
-----------------------------------------------------------------------------------------------------------------------
Bleed                    |         Wb/Win        Pfrac     Workfrac            W           Tt           ht           Pt
OD_TOfail.hpc.cool1      |          0.051        0.500        0.500       13.142     1388.455      209.835      565.583
OD_TOfail.hpc.cool2      |          0.020        0.550        0.500        5.254     1388.455      209.835      614.926
OD_TOfail.hpc.cust       |          0.044        0.500        0.500       11.533     1388.455      209.835      565.583
OD_TOfail.bld3.cool3     |          0.067        1.000        1.000       15.408     1875.937      340.507     1059.016
OD_TOfail.bld3.cool4     |          0.061        1.000        1.000       14.042     1875.937      340.507     1059.016
OD_TOfail.byp_bld.bypBld |          0.005        1.000        1.000        7.119      624.742       19.302       25.975
