


----------------------------------------------------------------------------
                              POINT: DESIGN
----------------------------------------------------------------------------
                       PERFORMANCE CHARACTERISTICS
    Mach      Alt       W      Fn      Fg    Fram     OPR     TSFC      BPR 
 0.74000  28000.0 650.000 11126.3 26130.2 15003.9  33.968  0.57148    5.900
------------------------------------------------------------------------------------------------------------------------------------------------
                            FLOW STATIONS
------------------------------------------------------------------------------------------------------------------------------------------------
------------------------------------------------------------------------------------------------------------------------------------------------
Flow Station           |          tot:P        tot:T        tot:h        tot:S       stat:P       stat:W      stat:MN       stat:V    stat:area
------------------------------------------------------------------------------------------------------------------------------------------------
DESIGN.fc.Fl_O         |          6.873      464.798      -19.097        1.657        4.776      650.000        0.740      742.670     4094.380
DESIGN.inlet.Fl_O      |          6.867      464.798      -19.097        1.657        4.949      650.000        0.700      706.205     4199.110
DESIGN.fan.Fl_O        |         12.016      554.395        2.391        1.661       10.458      650.000        0.450      509.208     3469.918
DESIGN.splitter.Fl_O1  |         12.016      554.395        2.391        1.661       11.193       94.203        0.320      365.618      667.176
DESIGN.splitter.Fl_O2  |         12.016      554.395        2.391        1.661       10.329      555.797        0.470      530.906     2871.002
DESIGN.duct4.Fl_O      |         11.959      554.395        2.391        1.661       11.090       94.203        0.330      376.805      652.565
DESIGN.lpc.Fl_O        |         14.351      586.433       10.088        1.662       13.482       94.203        0.300      352.893      608.542
DESIGN.duct6.Fl_O      |         14.206      586.433       10.088        1.663       13.052       94.203        0.350      410.413      537.073
DESIGN.hpc.Fl_O        |        233.243     1345.674      198.704        1.676      225.725       83.324        0.220      388.216       67.678
DESIGN.bld3.Fl_O       |        233.243     1345.674      198.704        1.676      220.370       72.620        0.290      510.211       45.679
DESIGN.burner.Fl_O     |        220.648     2880.000      193.985        1.922      219.237       74.386        0.100      251.685      206.822
DESIGN.hpt.Fl_O        |         51.588     2033.550       -4.466        1.915       47.638       85.090        0.350      742.182      256.179
DESIGN.duct11.Fl_O     |         51.325     2033.550       -4.466        1.915       48.281       85.090        0.306      650.867      289.502
DESIGN.lpt.Fl_O        |         10.124     1385.611     -156.623        1.919        9.151       91.777        0.390      688.639     1048.994
DESIGN.duct13.Fl_O     |         10.016     1385.611     -156.623        1.919        8.910       91.777        0.420      740.188      998.238
DESIGN.core_nozz.Fl_O  |         10.016     1385.611     -156.623        1.919        5.364       91.777        1.000     1656.310      649.519
DESIGN.byp_bld.Fl_O    |         12.016      554.395        2.391        1.661       10.329      553.018        0.470      530.906     2856.647
DESIGN.duct15.Fl_O     |         11.837      554.395        2.391        1.662       10.045      553.018        0.490      552.488     2812.274
DESIGN.byp_nozz.Fl_O   |         11.837      554.395        2.391        1.662        6.252      553.018        1.000     1053.875     2068.477
------------------------------------------------------------------------------------------------------------------------------------------------
-------------------------------------------------------------------------------------------------------------------------------------------------------------------------------------------------------
                          COMPRESSOR PROPERTIES
-------------------------------------------------------------------------------------------------------------------------------------------------------------------------------------------------------
Compressor    |           Wc         Pr      eta_a      eta_p         Nc        pwr   RlineMap      NcMap      WcMap      PRmap   alphaMap        SMN        SMW     effMap
-------------------------------------------------------------------------------------------------------------------------------------------------------------------------------------------------------
DESIGN.fan    |     1316.917      1.750      0.900      0.908   5281.820 -19761.849      2.200      0.990      1.685    803.556      0.000     36.641     29.886      0.895
DESIGN.lpc    |      119.685      1.200      0.924      0.926   4836.218  -1025.762      2.150      1.000      1.935     87.666      0.000     15.987     15.644      0.924
DESIGN.hpc    |      103.625     16.419      0.907      0.935  12225.867 -23687.782      2.050      0.976      9.374     49.454      0.000     22.598     22.468      0.871
-------------------------------------------------------------------------------------------------------------------------------------------------------------------------------------------------------
---------------------------------------------------------------------------
                            BURNER PROPERTIES
---------------------------------------------------------------------------
Burner              |           dPqP        TtOut        Wfuel          FAR
DESIGN.burner       |         0.0540      2880.00       1.7662      0.02432
--------------------------------------------------------------------------------------------------------------------------------------
                            TURBINE PROPERTIES
--------------------------------------------------------------------------------------------------------------------------------------
Turbine       |             Wp           PR        eff_a        eff_p           Np          pwr        NpMap        PRmap     alphaMap
DESIGN.hpt    |         18.092        4.277        0.900        0.884      242.241    23963.116      100.000        6.000        1.000
DESIGN.lpt    |         74.762        5.070        0.900        0.880      110.877    20787.611      100.000        6.000        1.000
-------------------------------------------------------------------------------------------------------------------------
                            NOZZLE PROPERTIES
-------------------------------------------------------------------------------------------------------------------------
Nozzle        |             PR           Cv          Cfg          Ath         MNth        MNout            V           Fg
DESIGN.core_nozz|          2.097        0.993        N/A        649.519        1.000        1.000     1656.310     5074.551
DESIGN.byp_nozz|          2.478        0.994        N/A       2068.477        1.000        1.000     1053.875    21055.666
---------------------------------------------------------------------------------------------------------------------------
                            SHAFT PROPERTIES
---------------------------------------------------------------------------------------------------------------------------
Shaft               |                 Nmech               trqin              trqout               pwrin              pwrout
DESIGN.hp_shaft     |             13000.000            9681.302           -9570.064           23963.102          -23687.767
DESIGN.lp_shaft     |              5000.000           21835.764          -21835.764           20787.599          -20787.599
--------------------------------------------------------------------------------------------------------------------
                            BLEED PROPERTIES
--------------------------------------------------------------------------------------------------------------------
Bleed                 |         Wb/Win        Pfrac     Workfrac            W           Tt           ht           Pt
DESIGN.hpc.cool1      |          0.051        0.500        0.500        4.777      973.765      104.396      123.724
DESIGN.hpc.cool2      |          0.020        0.550        0.500        1.910      973.765      104.396      134.676
DESIGN.hpc.cust       |          0.044        0.500        0.500        4.192      973.765      104.396      123.724
DESIGN.bld3.cool3     |          0.067        1.000        1.000        5.601     1345.674      198.704      233.243
DESIGN.bld3.cool4     |          0.061        1.000        1.000        5.104     1345.674      198.704      233.243
DESIGN.byp_bld.bypBld |          0.005        1.000        1.000        2.779      554.395        2.391       12.016



----------------------------------------------------------------------------
                              POINT: OD_TOfail
----------------------------------------------------------------------------
                       PERFORMANCE CHARACTERISTICS
    Mach      Alt       W      Fn      Fg    Fram     OPR     TSFC      BPR 
 0.18000      0.0 1373.796 40702.9 49284.2  8581.4  37.148  0.42138    5.591
------------------------------------------------------------------------------------------------------------------------------------------------
                            FLOW STATIONS
------------------------------------------------------------------------------------------------------------------------------------------------
------------------------------------------------------------------------------------------------------------------------------------------------
Flow Station           |          tot:P        tot:T        tot:h        tot:S       stat:P       stat:W      stat:MN       stat:V    stat:area
------------------------------------------------------------------------------------------------------------------------------------------------
OD_TOfail.fc.Fl_O      |         15.032      522.033       -5.375        1.631       14.696     1373.796        0.180      200.974    12871.427
OD_TOfail.inlet.Fl_O   |         15.017      522.033       -5.375        1.631       10.440     1373.796        0.740      786.592     4199.110
OD_TOfail.fan.Fl_O     |         26.930      631.194       20.856        1.637       23.383     1373.796        0.454      547.704     3469.918
OD_TOfail.splitter.Fl_O|         26.930      631.194       20.856        1.637       24.863      208.447        0.340      413.657      667.176
OD_TOfail.splitter.Fl_O|         26.930      631.194       20.856        1.637       23.163     1165.348        0.469      565.319     2871.002
OD_TOfail.duct4.Fl_O   |         26.801      631.194       20.856        1.637       24.617      208.447        0.351      426.513      652.565
OD_TOfail.lpc.Fl_O     |         32.937      674.037       31.184        1.639       30.797      208.447        0.312      392.415      608.542
OD_TOfail.duct6.Fl_O   |         32.604      674.037       31.184        1.640       29.755      208.447        0.364      457.038      537.073
OD_TOfail.hpc.Fl_O     |        557.849     1549.689      252.294        1.654      540.129      184.376        0.219      413.556       67.678
OD_TOfail.bld3.Fl_O    |        557.849     1549.689      252.294        1.654      527.514      160.689        0.289      543.445       45.679
OD_TOfail.burner.Fl_O  |        527.725     3330.000      245.029        1.913      527.666      165.453        0.013       35.936     1550.003
OD_TOfail.hpt.Fl_O     |        124.682     2381.888       15.394        1.905      115.222      189.140        0.350      799.580      256.179
OD_TOfail.duct11.Fl_O  |        124.046     2381.888       15.394        1.905      116.758      189.140        0.307      701.187      289.502
OD_TOfail.lpt.Fl_O     |         24.846     1648.623     -162.697        1.908       22.522      203.936        0.387      741.003     1048.994
OD_TOfail.duct13.Fl_O  |         24.580     1648.623     -162.697        1.908       21.940      203.936        0.416      796.289      998.238
OD_TOfail.core_nozz.Fl_|         24.580     1648.623     -162.697        1.908       14.696      203.936        0.906     1653.154      649.519
OD_TOfail.byp_bld.Fl_O |         26.930      631.194       20.856        1.637       23.163     1159.522        0.469      565.319     2856.647
OD_TOfail.duct15.Fl_O  |         26.529      631.194       20.856        1.638       22.528     1159.522        0.489      588.275     2812.274
OD_TOfail.byp_nozz.Fl_O|         26.529      631.194       20.856        1.638       14.696     1159.522        0.959     1085.335     2068.477
------------------------------------------------------------------------------------------------------------------------------------------------
-------------------------------------------------------------------------------------------------------------------------------------------------------------------------------------------------------
                          COMPRESSOR PROPERTIES
-------------------------------------------------------------------------------------------------------------------------------------------------------------------------------------------------------
Compressor    |           Wc         Pr      eta_a      eta_p         Nc        pwr   RlineMap      NcMap      WcMap      PRmap   alphaMap        SMN        SMW     effMap
-------------------------------------------------------------------------------------------------------------------------------------------------------------------------------------------------------
OD_TOfail.fan |     1348.783      1.793      0.867      0.878   5681.430 -50985.203      2.422      1.065      1.725    823.000      0.000     34.327     29.241      0.862
OD_TOfail.lpc |      126.091      1.229      0.890      0.893   5166.841  -3046.032      3.072      1.068      2.070     92.359      0.000     13.542     13.390      0.890
OD_TOfail.hpc |      107.107     17.110      0.904      0.933  12330.115 -61444.980      2.109      0.984      9.750     51.115      0.000     21.684     21.577      0.868
-------------------------------------------------------------------------------------------------------------------------------------------------------------------------------------------------------
---------------------------------------------------------------------------
                            BURNER PROPERTIES
---------------------------------------------------------------------------
Burner              |           dPqP        TtOut        Wfuel          FAR
OD_TOfail.burner    |         0.0540      3330.00       4.7642      0.02965
--------------------------------------------------------------------------------------------------------------------------------------
                            TURBINE PROPERTIES
--------------------------------------------------------------------------------------------------------------------------------------
Turbine       |             Wp           PR        eff_a        eff_p           Np          pwr        NpMap        PRmap     alphaMap
OD_TOfail.hpt |         18.092        4.233        0.901        0.886      243.580    61694.981      100.553        5.932        1.000
OD_TOfail.lpt |         74.415        4.993        0.900        0.881      116.789    54031.236      105.331        5.905        1.000
-------------------------------------------------------------------------------------------------------------------------
                            NOZZLE PROPERTIES
-------------------------------------------------------------------------------------------------------------------------
Nozzle        |             PR           Cv          Cfg          Ath         MNth        MNout            V           Fg
OD_TOfail.core_nozz|          1.673        0.993        N/A        649.519        0.906        0.906     1653.154    10408.353
OD_TOfail.byp_nozz|          1.805        0.994        N/A       2068.477        0.959        0.959     1085.335    38875.883
---------------------------------------------------------------------------------------------------------------------------
                            SHAFT PROPERTIES
---------------------------------------------------------------------------------------------------------------------------
Shaft               |                 Nmech               trqin              trqout               pwrin              pwrout
OD_TOfail.hp_shaft  |             14056.054           23052.617          -22959.203           61694.944          -61444.944
OD_TOfail.lp_shaft  |              5699.817           49787.208          -49787.207           54031.204          -54031.203
-----------------------------------------------------------------------------------------------------------------------
                            BLEED PROPERTIES
-----------------------------------------------------------------------------------------------------------------------
Bleed                    |         Wb/Win        Pfrac     Workfrac            W           Tt           ht           Pt
OD_TOfail.hpc.cool1      |          0.051        0.500        0.500       10.570     1123.087      141.739      295.227
OD_TOfail.hpc.cool2      |          0.020        0.550        0.500        4.226     1123.087      141.739      321.489
OD_TOfail.hpc.cust       |          0.044        0.500        0.500        9.276     1123.087      141.739      295.227
OD_TOfail.bld3.cool3     |          0.067        1.000        1.000       12.393     1549.689      252.294      557.849
OD_TOfail.bld3.cool4     |          0.061        1.000        1.000       11.294     1549.689      252.294      557.849
OD_TOfail.byp_bld.bypBld |          0.005        1.000        1.000        5.827      631.194       20.856       26.930



----------------------------------------------------------------------------
                              POINT: OD_TOC
----------------------------------------------------------------------------
                       PERFORMANCE CHARACTERISTICS
    Mach      Alt       W      Fn      Fg    Fram     OPR     TSFC      BPR 
 0.74000  28000.0 578.694  7200.0 20557.9 13357.9  24.844  0.56576    6.823
------------------------------------------------------------------------------------------------------------------------------------------------
                            FLOW STATIONS
------------------------------------------------------------------------------------------------------------------------------------------------
------------------------------------------------------------------------------------------------------------------------------------------------
Flow Station           |          tot:P        tot:T        tot:h        tot:S       stat:P       stat:W      stat:MN       stat:V    stat:area
------------------------------------------------------------------------------------------------------------------------------------------------
OD_TOC.fc.Fl_O         |          6.873      464.798      -19.097        1.657        4.776      578.694        0.740      742.670     3645.219
OD_TOC.inlet.Fl_O      |          6.867      464.798      -19.097        1.657        1.679      578.694        1.574     1360.039     4199.110
OD_TOC.fan.Fl_O        |         10.690      532.052       -2.971        1.659        9.366      578.694        0.439      486.703     3469.918
OD_TOC.splitter.Fl_O1  |         10.690      532.052       -2.971        1.659       10.153       73.972        0.272      305.443      667.176
OD_TOC.splitter.Fl_O2  |         10.690      532.052       -2.971        1.659        9.188      504.722        0.470      520.118     2871.002
OD_TOC.duct4.Fl_O      |         10.638      532.052       -2.971        1.660       10.073       73.972        0.280      314.488      652.565
OD_TOC.lpc.Fl_O        |         12.168      554.312        2.371        1.660       11.579       73.972        0.267      306.096      608.542
OD_TOC.duct6.Fl_O      |         12.045      554.312        2.371        1.661       11.267       73.972        0.310      354.688      537.073
OD_TOC.hpc.Fl_O        |        170.596     1220.093      166.369        1.673      164.841       65.429        0.225      378.269       67.678
OD_TOC.bld3.Fl_O       |        170.596     1220.093      166.369        1.673      160.730       57.024        0.296      497.543       45.679
OD_TOC.burner.Fl_O     |        161.384     2520.739      163.132        1.899      161.365       58.155        0.013       31.266     1550.003
OD_TOC.hpt.Fl_O        |         37.381     1762.608      -10.847        1.893       34.489       66.561        0.350      694.482      256.179
OD_TOC.duct11.Fl_O     |         37.190     1762.608      -10.847        1.894       34.962       66.561        0.306      609.033      289.502
OD_TOC.lpt.Fl_O        |          7.541     1199.830     -139.337        1.898        6.854       71.811        0.377      623.429     1048.994
OD_TOC.duct13.Fl_O     |          7.460     1199.830     -139.337        1.899        6.680       71.811        0.406      669.491      998.238
OD_TOC.core_nozz.Fl_O  |          7.460     1199.830     -139.337        1.899        4.776       71.811        0.833     1316.165      649.519
OD_TOC.byp_bld.Fl_O    |         10.690      532.052       -2.971        1.659        9.188      502.199        0.470      520.118     2856.647
OD_TOC.duct15.Fl_O     |         10.530      532.052       -2.971        1.660        8.936      502.199        0.490      541.261     2812.274
OD_TOC.byp_nozz.Fl_O   |         10.530      532.052       -2.971        1.660        5.561      502.199        1.000     1032.425     2068.477
------------------------------------------------------------------------------------------------------------------------------------------------
-------------------------------------------------------------------------------------------------------------------------------------------------------------------------------------------------------
                          COMPRESSOR PROPERTIES
-------------------------------------------------------------------------------------------------------------------------------------------------------------------------------------------------------
Compressor    |           Wc         Pr      eta_a      eta_p         Nc        pwr   RlineMap      NcMap      WcMap      PRmap   alphaMap        SMN        SMW     effMap
-------------------------------------------------------------------------------------------------------------------------------------------------------------------------------------------------------
OD_TOC.fan    |     1172.448      1.557      0.932      0.937   4603.145 -13203.134      1.973      0.863      1.509    715.405      0.000     46.227     32.848      0.927
OD_TOC.lpc    |      103.497      1.144      0.935      0.936   4302.388   -559.165      1.763      0.890      1.672     75.809      0.000     17.827     16.878      0.935
OD_TOC.hpc    |       93.304     14.164      0.914      0.939  11910.620 -16172.785      2.030      0.951      8.149     44.528      0.000     25.899     26.325      0.877
-------------------------------------------------------------------------------------------------------------------------------------------------------------------------------------------------------
---------------------------------------------------------------------------
                            BURNER PROPERTIES
---------------------------------------------------------------------------
Burner              |           dPqP        TtOut        Wfuel          FAR
OD_TOC.burner       |         0.0540      2520.74       1.1315      0.01984
--------------------------------------------------------------------------------------------------------------------------------------
                            TURBINE PROPERTIES
--------------------------------------------------------------------------------------------------------------------------------------
Turbine       |             Wp           PR        eff_a        eff_p           Np          pwr        NpMap        PRmap     alphaMap
OD_TOC.hpt    |         18.092        4.317        0.900        0.883      245.246    16422.785      101.241        6.061        1.000
OD_TOC.lpt    |         75.140        4.932        0.895        0.874      103.792    13762.299       93.610        5.831        1.000
-------------------------------------------------------------------------------------------------------------------------
                            NOZZLE PROPERTIES
-------------------------------------------------------------------------------------------------------------------------
Nozzle        |             PR           Cv          Cfg          Ath         MNth        MNout            V           Fg
OD_TOC.core_nozz|          1.562        0.993        N/A        649.519        0.833        0.833     1316.165     2917.958
OD_TOC.byp_nozz|          2.205        0.994        N/A       2068.477        1.000        1.000     1032.425    17639.985
---------------------------------------------------------------------------------------------------------------------------
                            SHAFT PROPERTIES
---------------------------------------------------------------------------------------------------------------------------
Shaft               |                 Nmech               trqin              trqout               pwrin              pwrout
OD_TOC.hp_shaft     |             12313.057            7005.106           -6898.469           16422.775          -16172.775
OD_TOC.lp_shaft     |              4357.537           16587.607          -16587.607           13762.291          -13762.290
--------------------------------------------------------------------------------------------------------------------
                            BLEED PROPERTIES
--------------------------------------------------------------------------------------------------------------------
Bleed                 |         Wb/Win        Pfrac     Workfrac            W           Tt           ht           Pt
OD_TOC.hpc.cool1      |          0.051        0.500        0.500        3.751      892.619       84.370       91.320
OD_TOC.hpc.cool2      |          0.020        0.550        0.500        1.500      892.619       84.370       99.248
OD_TOC.hpc.cust       |          0.044        0.500        0.500        3.292      892.619       84.370       91.320
OD_TOC.bld3.cool3     |          0.067        1.000        1.000        4.398     1220.093      166.369      170.596
OD_TOC.bld3.cool4     |          0.061        1.000        1.000        4.008     1220.093      166.369      170.596
OD_TOC.byp_bld.bypBld |          0.005        1.000        1.000        2.524      532.052       -2.971       10.690



----------------------------------------------------------------------------
                              POINT: OD_SLS
----------------------------------------------------------------------------
                       PERFORMANCE CHARACTERISTICS
    Mach      Alt       W      Fn      Fg    Fram     OPR     TSFC      BPR 
 0.00001      0.0 1254.899 40000.0 40000.4     0.4  30.611  0.32131    6.160
------------------------------------------------------------------------------------------------------------------------------------------------
                            FLOW STATIONS
------------------------------------------------------------------------------------------------------------------------------------------------
------------------------------------------------------------------------------------------------------------------------------------------------
Flow Station           |          tot:P        tot:T        tot:h        tot:S       stat:P       stat:W      stat:MN       stat:V    stat:area
------------------------------------------------------------------------------------------------------------------------------------------------
OD_SLS.fc.Fl_O         |         14.696      518.670       -6.182        1.631       14.696     1254.899        0.000        0.011211634168.820
OD_SLS.inlet.Fl_O      |         14.681      518.670       -6.182        1.631       11.163     1254.899        0.638      685.002     4199.110
OD_SLS.fan.Fl_O        |         24.768      608.862       15.481        1.634       21.693     1254.899        0.439      521.465     3469.918
OD_SLS.splitter.Fl_O1  |         24.768      608.862       15.481        1.634       23.263      175.263        0.301      360.317      667.176
OD_SLS.splitter.Fl_O2  |         24.768      608.862       15.481        1.634       21.393     1079.636        0.462      547.654     2871.002
OD_SLS.duct4.Fl_O      |         24.649      608.862       15.481        1.634       23.062      175.263        0.310      371.189      652.565
OD_SLS.lpc.Fl_O        |         27.368      631.228       20.864        1.636       25.669      175.263        0.304      371.024      608.542
OD_SLS.duct6.Fl_O      |         27.092      631.228       20.864        1.637       24.832      175.263        0.355      431.721      537.073
OD_SLS.hpc.Fl_O        |        449.411     1445.808      224.846        1.650      434.897      155.023        0.221      402.809       67.678
OD_SLS.bld3.Fl_O       |        449.411     1445.808      224.846        1.650      424.555      135.107        0.291      529.453       45.679
OD_SLS.burner.Fl_O     |        425.143     3076.372      219.058        1.900      425.095      138.677        0.013       34.539     1550.003
OD_SLS.hpt.Fl_O        |         99.270     2183.063        6.264        1.892       91.605      158.593        0.352      772.355      256.179
OD_SLS.duct11.Fl_O     |         98.763     2183.063        6.264        1.893       92.860      158.593        0.308      677.183      289.502
OD_SLS.lpt.Fl_O        |         21.180     1525.188     -149.712        1.895       19.431      171.034        0.361      668.094     1048.994
OD_SLS.duct13.Fl_O     |         20.954     1525.188     -149.712        1.896       18.972      171.034        0.388      716.677      998.238
OD_SLS.core_nozz.Fl_O  |         20.954     1525.188     -149.712        1.896       14.696      171.034        0.744     1332.929      649.519
OD_SLS.byp_bld.Fl_O    |         24.768      608.862       15.481        1.634       21.393     1074.238        0.462      547.654     2856.647
OD_SLS.duct15.Fl_O     |         24.399      608.862       15.481        1.635       20.816     1074.238        0.482      569.699     2812.274
OD_SLS.byp_nozz.Fl_O   |         24.399      608.862       15.481        1.635       14.696     1074.238        0.883      993.294     2068.477
------------------------------------------------------------------------------------------------------------------------------------------------
-------------------------------------------------------------------------------------------------------------------------------------------------------------------------------------------------------
                          COMPRESSOR PROPERTIES
-------------------------------------------------------------------------------------------------------------------------------------------------------------------------------------------------------
Compressor    |           Wc         Pr      eta_a      eta_p         Nc        pwr   RlineMap      NcMap      WcMap      PRmap   alphaMap        SMN        SMW     effMap
-------------------------------------------------------------------------------------------------------------------------------------------------------------------------------------------------------
OD_SLS.fan    |     1256.159      1.687      0.926      0.931   4940.528 -38461.456      2.000      0.926      1.628    766.483      0.000     39.018     29.759      0.920
OD_SLS.lpc    |      113.214      1.110      0.824      0.826   4559.945  -1334.877      2.758      0.943      1.516     82.927      0.000     40.939     40.210      0.824
OD_SLS.hpc    |      104.882     16.589      0.905      0.934  12262.718 -47661.018      2.089      0.979      9.466     50.053      0.000     22.820     22.697      0.869
-------------------------------------------------------------------------------------------------------------------------------------------------------------------------------------------------------
---------------------------------------------------------------------------
                            BURNER PROPERTIES
---------------------------------------------------------------------------
Burner              |           dPqP        TtOut        Wfuel          FAR
OD_SLS.burner       |         0.0540      3076.37       3.5701      0.02642
--------------------------------------------------------------------------------------------------------------------------------------
                            TURBINE PROPERTIES
--------------------------------------------------------------------------------------------------------------------------------------
Turbine       |             Wp           PR        eff_a        eff_p           Np          pwr        NpMap        PRmap     alphaMap
OD_SLS.hpt    |         18.092        4.283        0.900        0.884      243.902    47911.019      100.686        6.009        1.000
OD_SLS.lpt    |         75.028        4.663        0.897        0.877      105.740    39796.333       95.367        5.500        1.000
-------------------------------------------------------------------------------------------------------------------------
                            NOZZLE PROPERTIES
-------------------------------------------------------------------------------------------------------------------------
Nozzle        |             PR           Cv          Cfg          Ath         MNth        MNout            V           Fg
OD_SLS.core_nozz|          1.426        0.993        N/A        649.519        0.744        0.744     1332.929     7038.236
OD_SLS.byp_nozz|          1.660        0.994        N/A       2068.477        0.883        0.883      993.294    32962.200
---------------------------------------------------------------------------------------------------------------------------
                            SHAFT PROPERTIES
---------------------------------------------------------------------------------------------------------------------------
Shaft               |                 Nmech               trqin              trqout               pwrin              pwrout
OD_SLS.hp_shaft     |             13528.021           18600.943          -18503.883           47910.990          -47660.990
OD_SLS.lp_shaft     |              4940.528           42306.150          -42306.150           39796.309          -39796.309
--------------------------------------------------------------------------------------------------------------------
                            BLEED PROPERTIES
--------------------------------------------------------------------------------------------------------------------
Bleed                 |         Wb/Win        Pfrac     Workfrac            W           Tt           ht           Pt
OD_SLS.hpc.cool1      |          0.051        0.500        0.500        8.887     1047.912      122.855      238.251
OD_SLS.hpc.cool2      |          0.020        0.550        0.500        3.553     1047.912      122.855      259.367
OD_SLS.hpc.cust       |          0.044        0.500        0.500        7.799     1047.912      122.855      238.251
OD_SLS.bld3.cool3     |          0.067        1.000        1.000       10.420     1445.808      224.846      449.411
OD_SLS.bld3.cool4     |          0.061        1.000        1.000        9.496     1445.808      224.846      449.411
OD_SLS.byp_bld.bypBld |          0.005        1.000        1.000        5.398      608.862       15.481       24.768
