

OVERALL PRESSURE RATIO CAPPED AT 45.

----------------------------------------------------------------------------
                              POINT: DESIGN
----------------------------------------------------------------------------
                       PERFORMANCE CHARACTERISTICS
    Mach      Alt       W      Fn      Fg    Fram     OPR     TSFC      BPR 
 0.74000  28000.0 734.490 12041.1 28995.3 16954.2  44.332  0.55714    5.900
------------------------------------------------------------------------------------------------------------------------------------------------
                            FLOW STATIONS
------------------------------------------------------------------------------------------------------------------------------------------------
------------------------------------------------------------------------------------------------------------------------------------------------
Flow Station           |          tot:P        tot:T        tot:h        tot:S       stat:P       stat:W      stat:MN       stat:V    stat:area
------------------------------------------------------------------------------------------------------------------------------------------------
DESIGN.fc.Fl_O         |          6.873      464.798      -19.097        1.657        4.776      734.490        0.740      742.670     4626.590
DESIGN.inlet.Fl_O      |          6.867      464.798      -19.097        1.657        4.949      734.490        0.700      706.205     4744.933
DESIGN.fan.Fl_O        |         12.218      557.277        3.083        1.661       10.633      734.490        0.450      510.524     3866.412
DESIGN.splitter.Fl_O1  |         12.218      557.277        3.083        1.661       11.381      106.448        0.320      366.562      743.414
DESIGN.splitter.Fl_O2  |         12.218      557.277        3.083        1.661       10.502      628.043        0.470      532.278     3199.059
DESIGN.duct4.Fl_O      |         12.159      557.277        3.083        1.662       11.276      106.448        0.330      377.778      727.132
DESIGN.lpc.Fl_O        |         32.768      753.598       50.435        1.666       30.792      106.448        0.300      399.381      341.950
DESIGN.duct6.Fl_O      |         32.437      753.598       50.435        1.667       29.812      106.448        0.350      464.515      301.769
DESIGN.hpc.Fl_O        |        304.406     1454.688      227.179        1.679      294.638       94.155        0.220      402.725       61.062
DESIGN.bld3.Fl_O       |        304.406     1454.688      227.179        1.679      287.680       82.059        0.290      529.309       41.211
DESIGN.burner.Fl_O     |        287.968     2880.000      222.135        1.902      286.126       83.922        0.100      251.781      178.721
DESIGN.hpt.Fl_O        |         75.258     2087.260       36.302        1.895       69.500       96.019        0.350      751.639      200.837
DESIGN.duct11.Fl_O     |         74.874     2087.260       36.302        1.896       70.437       96.019        0.306      659.157      226.962
DESIGN.lpt.Fl_O        |          9.359     1296.466     -156.546        1.905        8.456      103.574        0.390      667.509     1236.080
DESIGN.duct13.Fl_O     |          9.259     1296.466     -156.546        1.906        8.233      103.574        0.420      717.450     1176.309
DESIGN.core_nozz.Fl_O  |          9.259     1296.466     -156.546        1.906        5.174      103.574        0.961     1550.044      766.763
DESIGN.byp_bld.Fl_O    |         12.218      557.277        3.083        1.661       10.502      624.902        0.470      532.278     3183.064
DESIGN.duct15.Fl_O     |         12.036      557.277        3.083        1.662       10.214      624.902        0.490      553.916     3133.619
DESIGN.byp_nozz.Fl_O   |         12.036      557.277        3.083        1.662        6.357      624.902        1.000     1056.610     2304.822
------------------------------------------------------------------------------------------------------------------------------------------------
-------------------------------------------------------------------------------------------------------------------------------------------------------------------------------------------------------
                          COMPRESSOR PROPERTIES
-------------------------------------------------------------------------------------------------------------------------------------------------------------------------------------------------------
Compressor    |           Wc         Pr      eta_a      eta_p         Nc        pwr   RlineMap      NcMap      WcMap      PRmap   alphaMap        SMN        SMW     effMap
-------------------------------------------------------------------------------------------------------------------------------------------------------------------------------------------------------
DESIGN.fan    |     1488.097      1.779      0.900      0.908   5281.820 -23049.690      2.200      0.990      1.685    803.556      0.000     36.641     29.886      0.895
DESIGN.lpc    |      133.359      2.695      0.924      0.934   4823.697  -7131.571      2.150      1.000      1.935     87.666      0.000     15.987     15.644      0.924
DESIGN.hpc    |       58.132      9.384      0.907      0.930  11614.589 -25082.066      2.050      0.976      9.374     49.454      0.000     22.598     22.468      0.871
-------------------------------------------------------------------------------------------------------------------------------------------------------------------------------------------------------
---------------------------------------------------------------------------
                            BURNER PROPERTIES
---------------------------------------------------------------------------
Burner              |           dPqP        TtOut        Wfuel          FAR
DESIGN.burner       |         0.0540      2880.00       1.8635      0.02271
--------------------------------------------------------------------------------------------------------------------------------------
                            TURBINE PROPERTIES
--------------------------------------------------------------------------------------------------------------------------------------
Turbine       |             Wp           PR        eff_a        eff_p           Np          pwr        NpMap        PRmap     alphaMap
DESIGN.hpt    |         15.640        3.826        0.900        0.885      260.875    25332.066      100.000        6.000        1.000
DESIGN.lpt    |         58.589        8.000        0.900        0.873      109.441    29356.347      100.000        6.000        1.000
-------------------------------------------------------------------------------------------------------------------------
                            NOZZLE PROPERTIES
-------------------------------------------------------------------------------------------------------------------------
Nozzle        |             PR           Cv          Cfg          Ath         MNth        MNout            V           Fg
DESIGN.core_nozz|          1.789        0.993        N/A        766.763        0.961        0.961     1550.044     4956.465
DESIGN.byp_nozz|          2.520        0.994        N/A       2304.822        1.000        1.000     1056.610    24038.870
---------------------------------------------------------------------------------------------------------------------------
                            SHAFT PROPERTIES
---------------------------------------------------------------------------------------------------------------------------
Shaft               |                 Nmech               trqin              trqout               pwrin              pwrout
DESIGN.hp_shaft     |             14000.000            9503.343           -9409.555           25332.051          -25082.051
DESIGN.lp_shaft     |              5000.000           30836.553          -31703.061           29356.330          -30181.244
--------------------------------------------------------------------------------------------------------------------
                            BLEED PROPERTIES
--------------------------------------------------------------------------------------------------------------------
Bleed                 |         Wb/Win        Pfrac     Workfrac            W           Tt           ht           Pt
DESIGN.hpc.cool1      |          0.051        0.500        0.500        5.398     1111.462      138.807      168.422
DESIGN.hpc.cool2      |          0.020        0.550        0.500        2.158     1111.462      138.807      182.020
DESIGN.hpc.cust       |          0.044        0.500        0.500        4.737     1111.462      138.807      168.422
DESIGN.bld3.cool3     |          0.067        1.000        1.000        6.329     1454.688      227.179      304.406
DESIGN.bld3.cool4     |          0.061        1.000        1.000        5.768     1454.688      227.179      304.406
DESIGN.byp_bld.bypBld |          0.005        1.000        1.000        3.140      557.277        3.083       12.218



----------------------------------------------------------------------------
                              POINT: OD_TOfail
----------------------------------------------------------------------------
                       PERFORMANCE CHARACTERISTICS
    Mach      Alt       W      Fn      Fg    Fram     OPR     TSFC      BPR 
 0.18000      0.0 1548.957 45648.3 55323.8  9675.5  48.889  0.41423    5.616
------------------------------------------------------------------------------------------------------------------------------------------------
                            FLOW STATIONS
------------------------------------------------------------------------------------------------------------------------------------------------
------------------------------------------------------------------------------------------------------------------------------------------------
Flow Station           |          tot:P        tot:T        tot:h        tot:S       stat:P       stat:W      stat:MN       stat:V    stat:area
------------------------------------------------------------------------------------------------------------------------------------------------
OD_TOfail.fc.Fl_O      |         15.032      522.033       -5.375        1.631       14.696     1548.957        0.180      200.974    14512.553
OD_TOfail.inlet.Fl_O   |         15.017      522.033       -5.375        1.631        5.340     1548.957        1.310     1266.513     4744.933
OD_TOfail.fan.Fl_O     |         27.299      633.530       21.418        1.637       23.703     1548.957        0.454      548.740     3866.412
OD_TOfail.splitter.Fl_O|         27.299      633.530       21.418        1.637       25.221      234.129        0.338      412.652      743.414
OD_TOfail.splitter.Fl_O|         27.299      633.530       21.418        1.637       23.474     1314.828        0.470      566.884     3199.059
OD_TOfail.duct4.Fl_O   |         27.168      633.530       21.418        1.637       24.974      234.129        0.349      425.461      727.132
OD_TOfail.lpc.Fl_O     |         73.602      871.128       79.096        1.646       68.641      234.129        0.319      454.630      341.950
OD_TOfail.duct6.Fl_O   |         72.859      871.128       79.096        1.647       66.243      234.129        0.373      530.024      301.769
OD_TOfail.hpc.Fl_O     |        734.167     1697.357      291.856        1.659      711.324      207.091        0.218      428.311       61.062
OD_TOfail.bld3.Fl_O    |        734.167     1697.357      291.856        1.659      695.076      180.486        0.287      562.696       41.211
OD_TOfail.burner.Fl_O  |        694.522     3420.000      283.603        1.903      694.463      185.739        0.012       31.482     1550.003
OD_TOfail.hpt.Fl_O     |        183.076     2511.389       62.762        1.894      169.137      212.344        0.351      822.538      200.837
OD_TOfail.duct11.Fl_O  |        182.142     2511.389       62.762        1.894      171.405      212.344        0.307      721.243      226.962
OD_TOfail.lpt.Fl_O     |         23.534     1598.821     -168.569        1.902       21.379      228.963        0.382      721.571     1236.080
OD_TOfail.duct13.Fl_O  |         23.282     1598.821     -168.569        1.903       20.836      228.963        0.411      775.111     1176.309
OD_TOfail.core_nozz.Fl_|         23.282     1598.821     -168.569        1.903       14.696      228.963        0.854     1544.569      766.763
OD_TOfail.byp_bld.Fl_O |         27.299      633.530       21.418        1.637       23.474     1308.253        0.470      566.884     3183.064
OD_TOfail.duct15.Fl_O  |         26.893      633.530       21.418        1.638       22.830     1308.253        0.490      589.918     3133.619
OD_TOfail.byp_nozz.Fl_O|         26.893      633.530       21.418        1.638       14.696     1308.253        0.971     1098.777     2304.822
------------------------------------------------------------------------------------------------------------------------------------------------
-------------------------------------------------------------------------------------------------------------------------------------------------------------------------------------------------------
                          COMPRESSOR PROPERTIES
-------------------------------------------------------------------------------------------------------------------------------------------------------------------------------------------------------
Compressor    |           Wc         Pr      eta_a      eta_p         Nc        pwr   RlineMap      NcMap      WcMap      PRmap   alphaMap        SMN        SMW     effMap
-------------------------------------------------------------------------------------------------------------------------------------------------------------------------------------------------------
OD_TOfail.fan |     1520.755      1.818      0.871      0.881   5641.305 -58718.600      2.404      1.057      1.719    821.191      0.000     34.677     29.447      0.865
OD_TOfail.lpc |      139.968      2.709      0.867      0.884   5120.885 -19106.180      3.624      1.062      1.943     92.011      0.000     20.604     20.415      0.867
OD_TOfail.hpc |       61.202     10.077      0.903      0.927  11771.893 -66409.110      2.100      0.989     10.066     52.065      0.000     19.968     19.876      0.867
-------------------------------------------------------------------------------------------------------------------------------------------------------------------------------------------------------
---------------------------------------------------------------------------
                            BURNER PROPERTIES
---------------------------------------------------------------------------
Burner              |           dPqP        TtOut        Wfuel          FAR
OD_TOfail.burner    |         0.0540      3420.00       5.2525      0.02910
--------------------------------------------------------------------------------------------------------------------------------------
                            TURBINE PROPERTIES
--------------------------------------------------------------------------------------------------------------------------------------
Turbine       |             Wp           PR        eff_a        eff_p           Np          pwr        NpMap        PRmap     alphaMap
OD_TOfail.hpt |         15.640        3.794        0.901        0.887      260.873    66659.111       99.999        5.942        1.000
OD_TOfail.lpt |         58.423        7.740        0.900        0.875      112.934    77824.780      103.192        5.814        1.000
-------------------------------------------------------------------------------------------------------------------------
                            NOZZLE PROPERTIES
-------------------------------------------------------------------------------------------------------------------------
Nozzle        |             PR           Cv          Cfg          Ath         MNth        MNout            V           Fg
OD_TOfail.core_nozz|          1.584        0.993        N/A        766.763        0.854        0.854     1544.569    10918.118
OD_TOfail.byp_nozz|          1.830        0.994        N/A       2304.822        0.971        0.971     1098.777    44405.726
---------------------------------------------------------------------------------------------------------------------------
                            SHAFT PROPERTIES
---------------------------------------------------------------------------------------------------------------------------
Shaft               |                 Nmech               trqin              trqout               pwrin              pwrout
OD_TOfail.hp_shaft  |             15256.040           22948.352          -22862.286           66659.071          -66409.071
OD_TOfail.lp_shaft  |              5659.563           72221.888          -72221.888           77824.734          -77824.734
-----------------------------------------------------------------------------------------------------------------------
                            BLEED PROPERTIES
-----------------------------------------------------------------------------------------------------------------------
Bleed                    |         Wb/Win        Pfrac     Workfrac            W           Tt           ht           Pt
OD_TOfail.hpc.cool1      |          0.051        0.500        0.500       11.872     1294.536      185.476      403.513
OD_TOfail.hpc.cool2      |          0.020        0.550        0.500        4.747     1294.536      185.476      436.578
OD_TOfail.hpc.cust       |          0.044        0.500        0.500       10.419     1294.536      185.476      403.513
OD_TOfail.bld3.cool3     |          0.067        1.000        1.000       13.919     1697.357      291.856      734.167
OD_TOfail.bld3.cool4     |          0.061        1.000        1.000       12.686     1697.357      291.856      734.167
OD_TOfail.byp_bld.bypBld |          0.005        1.000        1.000        6.574      633.530       21.418       27.299
