


----------------------------------------------------------------------------
                              POINT: DESIGN
----------------------------------------------------------------------------
                       PERFORMANCE CHARACTERISTICS
    Mach      Alt       W      Fn      Fg    Fram     OPR     TSFC      BPR 
 0.74000  28000.0 805.153 12000.0 30585.3 18585.3  32.318  0.66318    5.900
------------------------------------------------------------------------------------------------------------------------------------------------
                            FLOW STATIONS
------------------------------------------------------------------------------------------------------------------------------------------------
------------------------------------------------------------------------------------------------------------------------------------------------
Flow Station           |          tot:P        tot:T        tot:h        tot:S       stat:P       stat:W      stat:MN       stat:V    stat:area
------------------------------------------------------------------------------------------------------------------------------------------------
DESIGN.fc.Fl_O         |          6.873      464.798      -19.097        1.657        4.776      805.153        0.740      742.670     5071.695
DESIGN.inlet.Fl_O      |          6.867      464.798      -19.097        1.657        4.949      805.153        0.700      706.205     5201.423
DESIGN.fan.Fl_O        |          9.270      511.083       -8.001        1.659        8.067      805.153        0.450      488.988     5348.779
DESIGN.splitter.Fl_O1  |          9.270      511.083       -8.001        1.659        8.635      116.689        0.320      351.111     1028.406
DESIGN.splitter.Fl_O2  |          9.270      511.083       -8.001        1.659        7.968      688.464        0.470      509.822     4425.586
DESIGN.duct4.Fl_O      |          9.225      511.083       -8.001        1.660        8.555      116.689        0.330      361.853     1005.885
DESIGN.lpc.Fl_O        |         24.908      692.044       35.532        1.664       23.404      116.689        0.300      383.008      472.206
DESIGN.duct6.Fl_O      |         24.657      692.044       35.532        1.665       22.658      116.689        0.350      445.456      416.732
DESIGN.hpc.Fl_O        |        221.912     1328.415      194.230        1.677      214.754      103.213        0.220      385.861       87.513
DESIGN.bld3.Fl_O       |        221.912     1328.415      194.230        1.677      209.656       89.954        0.290      507.111       59.068
DESIGN.burner.Fl_O     |        209.929     2880.000      189.571        1.926      208.587       92.164        0.100      251.670      269.353
DESIGN.hpt.Fl_O        |         64.836     2146.375       24.310        1.915       59.887      105.424        0.350      761.355      259.841
DESIGN.duct11.Fl_O     |         64.506     2146.375       24.310        1.915       60.692      105.424        0.306      667.664      293.648
DESIGN.lpt.Fl_O        |         21.168     1635.220      -92.335        1.913       19.153      113.707        0.390      744.642      678.413
DESIGN.duct13.Fl_O     |         20.941     1635.220      -92.335        1.914       18.651      113.707        0.420      800.443      645.547
DESIGN.core_nozz.Fl_O  |         20.941     1635.220      -92.335        1.914       11.266      113.707        1.000     1795.433      419.614
DESIGN.byp_bld.Fl_O    |          9.270      511.083       -8.001        1.659        7.968      685.022        0.470      509.822     4403.458
DESIGN.duct15.Fl_O     |          9.132      511.083       -8.001        1.660        7.749      685.022        0.490      530.543     4335.075
DESIGN.byp_nozz.Fl_O   |          9.132      511.083       -8.001        1.660        4.823      685.022        1.000     1011.878     3188.710
------------------------------------------------------------------------------------------------------------------------------------------------
-------------------------------------------------------------------------------------------------------------------------------------------------------------------------------------------------------
                          COMPRESSOR PROPERTIES
-------------------------------------------------------------------------------------------------------------------------------------------------------------------------------------------------------
Compressor    |           Wc         Pr      eta_a      eta_p         Nc        pwr   RlineMap      NcMap      WcMap      PRmap   alphaMap        SMN        SMW     effMap
-------------------------------------------------------------------------------------------------------------------------------------------------------------------------------------------------------
DESIGN.fan    |     1631.260      1.350      0.900      0.904   4225.456 -12639.614      2.200      0.990      1.685    803.556      0.000     36.641     29.886      0.895
DESIGN.lpc    |      184.520      2.700      0.924      0.934   4029.582  -7187.335      2.150      1.000      1.935     87.666      0.000     15.987     15.644      0.924
DESIGN.hpc    |       80.336      9.000      0.907      0.930  12120.112 -24687.720      2.050      0.976      9.374     49.454      0.000     22.598     22.468      0.871
-------------------------------------------------------------------------------------------------------------------------------------------------------------------------------------------------------
---------------------------------------------------------------------------
                            BURNER PROPERTIES
---------------------------------------------------------------------------
Burner              |           dPqP        TtOut        Wfuel          FAR
DESIGN.burner       |         0.0540      2880.00       2.2106      0.02458
--------------------------------------------------------------------------------------------------------------------------------------
                            TURBINE PROPERTIES
--------------------------------------------------------------------------------------------------------------------------------------
Turbine       |             Wp           PR        eff_a        eff_p           Np          pwr        NpMap        PRmap     alphaMap
DESIGN.hpt    |         23.561        3.238        0.900        0.887      260.875    24737.720      100.000        6.000        1.000
DESIGN.lpt    |         75.717        3.047        0.900        0.887       86.339    19826.949      100.000        6.000        1.000
-------------------------------------------------------------------------------------------------------------------------
                            NOZZLE PROPERTIES
-------------------------------------------------------------------------------------------------------------------------
Nozzle        |             PR           Cv          Cfg          Ath         MNth        MNout            V           Fg
DESIGN.core_nozz|          4.384        0.993        N/A        419.614        1.000        1.000     1795.433     9025.670
DESIGN.byp_nozz|          1.912        0.994        N/A       3188.710        1.000        1.000     1011.878    21559.610
---------------------------------------------------------------------------------------------------------------------------
                            SHAFT PROPERTIES
---------------------------------------------------------------------------------------------------------------------------
Shaft               |                 Nmech               trqin              trqout               pwrin              pwrout
DESIGN.hp_shaft     |             14000.000            9280.374           -9261.616           24737.706          -24687.706
DESIGN.lp_shaft     |              4000.000           26033.330          -26033.330           19826.938          -19826.938
--------------------------------------------------------------------------------------------------------------------
                            BLEED PROPERTIES
--------------------------------------------------------------------------------------------------------------------
Bleed                 |         Wb/Win        Pfrac     Workfrac            W           Tt           ht           Pt
DESIGN.hpc.cool1      |          0.051        0.500        0.500        5.917     1015.963      114.881      123.284
DESIGN.hpc.cool2      |          0.020        0.550        0.500        2.366     1015.963      114.881      133.147
DESIGN.hpc.cust       |          0.044        0.500        0.500        5.193     1015.963      114.881      123.284
DESIGN.bld3.cool3     |          0.067        1.000        1.000        6.937     1328.415      194.230      221.912
DESIGN.bld3.cool4     |          0.061        1.000        1.000        6.322     1328.415      194.230      221.912
DESIGN.byp_bld.bypBld |          0.005        1.000        1.000        3.442      511.083       -8.001        9.270



----------------------------------------------------------------------------
                              POINT: OD_TOfail
----------------------------------------------------------------------------
                       PERFORMANCE CHARACTERISTICS
    Mach      Alt       W      Fn      Fg    Fram     OPR     TSFC      BPR 
 0.18000      0.0 1647.735 46053.3 56345.8 10292.5  35.803  0.49016    5.395
------------------------------------------------------------------------------------------------------------------------------------------------
                            FLOW STATIONS
------------------------------------------------------------------------------------------------------------------------------------------------
------------------------------------------------------------------------------------------------------------------------------------------------
Flow Station           |          tot:P        tot:T        tot:h        tot:S       stat:P       stat:W      stat:MN       stat:V    stat:area
------------------------------------------------------------------------------------------------------------------------------------------------
OD_TOfail.fc.Fl_O      |         15.032      522.033       -5.375        1.631       14.696     1647.735        0.180      200.974    15438.035
OD_TOfail.inlet.Fl_O   |         15.017      522.033       -5.375        1.631       10.941     1647.735        0.688      736.597     5201.423
OD_TOfail.fan.Fl_O     |         21.405      583.704        9.432        1.634       18.960     1647.735        0.420      488.779     5348.779
OD_TOfail.splitter.Fl_O|         21.405      583.704        9.432        1.634       19.867      257.680        0.328      384.497     1028.406
OD_TOfail.splitter.Fl_O|         21.405      583.704        9.432        1.634       18.846     1390.056        0.430      500.496     4425.586
OD_TOfail.duct4.Fl_O   |         21.302      583.704        9.432        1.634       19.678      257.680        0.339      396.335     1005.885
OD_TOfail.lpc.Fl_O     |         55.592      789.978       59.276        1.642       51.806      257.680        0.320      435.209      472.206
OD_TOfail.duct6.Fl_O   |         55.031      789.978       59.276        1.642       49.981      257.680        0.374      507.453      416.732
OD_TOfail.hpc.Fl_O     |        537.656     1539.115      249.485        1.654      520.982      227.922        0.217      407.168       87.513
OD_TOfail.bld3.Fl_O    |        537.656     1539.115      249.485        1.654      509.133      198.641        0.285      534.794       59.068
OD_TOfail.burner.Fl_O  |        508.622     3420.000      241.851        1.926      508.525      204.912        0.017       47.430     1550.003
OD_TOfail.hpt.Fl_O     |        157.857     2578.348       45.453        1.914      145.790      234.193        0.353      835.208      259.841
OD_TOfail.duct11.Fl_O  |        157.052     2578.348       45.453        1.914      147.758      234.193        0.308      732.260      293.648
OD_TOfail.lpt.Fl_O     |         52.088     1987.493      -94.156        1.911       47.180      252.483        0.391      816.917      678.413
OD_TOfail.duct13.Fl_O  |         51.531     1987.493      -94.156        1.912       45.952      252.483        0.421      878.177      645.547
OD_TOfail.core_nozz.Fl_|         51.531     1987.493      -94.156        1.912       27.906      252.483        1.000     1972.823      419.614
OD_TOfail.byp_bld.Fl_O |         21.405      583.704        9.432        1.634       18.846     1383.105        0.430      500.496     4403.458
OD_TOfail.duct15.Fl_O  |         21.086      583.704        9.432        1.635       18.376     1383.105        0.448      519.873     4335.075
OD_TOfail.byp_nozz.Fl_O|         21.086      583.704        9.432        1.635       14.696     1383.105        0.737      829.115     3188.710
------------------------------------------------------------------------------------------------------------------------------------------------
-------------------------------------------------------------------------------------------------------------------------------------------------------------------------------------------------------
                          COMPRESSOR PROPERTIES
-------------------------------------------------------------------------------------------------------------------------------------------------------------------------------------------------------
Compressor    |           Wc         Pr      eta_a      eta_p         Nc        pwr   RlineMap      NcMap      WcMap      PRmap   alphaMap        SMN        SMW     effMap
-------------------------------------------------------------------------------------------------------------------------------------------------------------------------------------------------------
OD_TOfail.fan |     1617.735      1.425      0.902      0.906   4367.610 -34519.029      1.770      1.023      1.833    796.894      0.000     23.491     18.678      0.896
OD_TOfail.lpc |      188.587      2.610      0.886      0.900   4130.439 -18172.053      2.792      1.025      1.885     89.598      0.000     21.394     21.104      0.886
OD_TOfail.hpc |       84.925      9.770      0.903      0.927  12298.670 -65342.179      2.077      0.990     10.181     52.279      0.000     19.080     18.992      0.867
-------------------------------------------------------------------------------------------------------------------------------------------------------------------------------------------------------
---------------------------------------------------------------------------
                            BURNER PROPERTIES
---------------------------------------------------------------------------
Burner              |           dPqP        TtOut        Wfuel          FAR
OD_TOfail.burner    |         0.0540      3420.00       6.2703      0.03157
--------------------------------------------------------------------------------------------------------------------------------------
                            TURBINE PROPERTIES
--------------------------------------------------------------------------------------------------------------------------------------
Turbine       |             Wp           PR        eff_a        eff_p           Np          pwr        NpMap        PRmap     alphaMap
OD_TOfail.hpt |         23.560        3.222        0.900        0.888      259.542    65392.179       99.489        5.965        1.000
OD_TOfail.lpt |         75.718        3.015        0.900        0.888       86.293    52691.082       99.947        5.921        1.000
-------------------------------------------------------------------------------------------------------------------------
                            NOZZLE PROPERTIES
-------------------------------------------------------------------------------------------------------------------------
Nozzle        |             PR           Cv          Cfg          Ath         MNth        MNout            V           Fg
OD_TOfail.core_nozz|          3.506        0.993        N/A        419.614        1.000        1.000     1972.823    20920.984
OD_TOfail.byp_nozz|          1.435        0.994        N/A       3188.710        0.737        0.737      829.115    35424.832
---------------------------------------------------------------------------------------------------------------------------
                            SHAFT PROPERTIES
---------------------------------------------------------------------------------------------------------------------------
Shaft               |                 Nmech               trqin              trqout               pwrin              pwrout
OD_TOfail.hp_shaft  |             15178.198           22627.648          -22610.346           65392.140          -65342.140
OD_TOfail.lp_shaft  |              4381.745           63157.343          -63157.343           52691.051          -52691.051
-----------------------------------------------------------------------------------------------------------------------
                            BLEED PROPERTIES
-----------------------------------------------------------------------------------------------------------------------
Bleed                    |         Wb/Win        Pfrac     Workfrac            W           Tt           ht           Pt
OD_TOfail.hpc.cool1      |          0.051        0.500        0.500       13.066     1173.022      154.380      296.343
OD_TOfail.hpc.cool2      |          0.020        0.550        0.500        5.224     1173.022      154.380      320.474
OD_TOfail.hpc.cust       |          0.044        0.500        0.500       11.467     1173.022      154.380      296.343
OD_TOfail.bld3.cool3     |          0.067        1.000        1.000       15.320     1539.115      249.485      537.656
OD_TOfail.bld3.cool4     |          0.061        1.000        1.000       13.962     1539.115      249.485      537.656
OD_TOfail.byp_bld.bypBld |          0.005        1.000        1.000        6.950      583.704        9.432       21.405
