


----------------------------------------------------------------------------
                              POINT: DESIGN
----------------------------------------------------------------------------
                       PERFORMANCE CHARACTERISTICS
    Mach      Alt       W      Fn      Fg    Fram     OPR     TSFC      BPR 
 0.74000  28000.0 590.870 10000.0 23639.0 13639.0  31.318  0.58667    5.900
------------------------------------------------------------------------------------------------------------------------------------------------
                            FLOW STATIONS
------------------------------------------------------------------------------------------------------------------------------------------------
------------------------------------------------------------------------------------------------------------------------------------------------
Flow Station           |          tot:P        tot:T        tot:h        tot:S       stat:P       stat:W      stat:MN       stat:V    stat:area
------------------------------------------------------------------------------------------------------------------------------------------------
DESIGN.fc.Fl_O         |          6.873      464.798      -19.097        1.657        4.776      590.870        0.740      742.670     3721.917
DESIGN.inlet.Fl_O      |          6.867      464.798      -19.097        1.657        4.949      590.870        0.700      706.205     3817.119
DESIGN.fan.Fl_O        |         11.673      549.890        1.310        1.661       10.159      590.870        0.450      507.144     3233.751
DESIGN.splitter.Fl_O1  |         11.673      549.890        1.310        1.661       10.874       85.633        0.320      364.138      621.766
DESIGN.splitter.Fl_O2  |         11.673      549.890        1.310        1.661       10.034      505.237        0.470      528.754     2675.600
DESIGN.duct4.Fl_O      |         11.617      549.890        1.310        1.661       10.773       85.633        0.330      375.279      608.148
DESIGN.lpc.Fl_O        |         25.558      699.655       37.372        1.665       24.014       85.633        0.300      385.076      339.611
DESIGN.duct6.Fl_O      |         25.300      699.655       37.372        1.666       23.249       85.633        0.350      447.864      299.713
DESIGN.hpc.Fl_O        |        215.046     1320.797      192.258        1.677      208.107       75.744        0.220      384.816       66.072
DESIGN.bld3.Fl_O       |        215.046     1320.797      192.258        1.677      203.165       66.013        0.290      505.736       44.596
DESIGN.burner.Fl_O     |        203.434     2880.000      187.626        1.928      202.134       67.643        0.100      251.663      204.006
DESIGN.hpt.Fl_O        |         62.805     2152.664       24.403        1.918       58.012       77.374        0.350      762.393      197.180
DESIGN.duct11.Fl_O     |         62.485     2152.664       24.403        1.919       58.792       77.374        0.306      668.573      222.835
DESIGN.lpt.Fl_O        |         10.698     1428.351     -150.503        1.923        9.672       83.452        0.390      698.548      917.322
DESIGN.duct13.Fl_O     |         10.583     1428.351     -150.503        1.924        9.418       83.452        0.420      750.851      872.925
DESIGN.core_nozz.Fl_O  |         10.583     1428.351     -150.503        1.924        5.673       83.452        1.000     1680.989      567.866
DESIGN.byp_bld.Fl_O    |         11.673      549.890        1.310        1.661       10.034      502.710        0.470      528.754     2662.222
DESIGN.duct15.Fl_O     |         11.499      549.890        1.310        1.662        9.758      502.710        0.490      550.248     2620.869
DESIGN.byp_nozz.Fl_O   |         11.499      549.890        1.310        1.662        6.073      502.710        1.000     1049.585     1927.709
------------------------------------------------------------------------------------------------------------------------------------------------
-------------------------------------------------------------------------------------------------------------------------------------------------------------------------------------------------------
                          COMPRESSOR PROPERTIES
-------------------------------------------------------------------------------------------------------------------------------------------------------------------------------------------------------
Compressor    |           Wc         Pr      eta_a      eta_p         Nc        pwr   RlineMap      NcMap      WcMap      PRmap   alphaMap        SMN        SMW     effMap
-------------------------------------------------------------------------------------------------------------------------------------------------------------------------------------------------------
DESIGN.fan    |     1197.118      1.700      0.895      0.902   4225.456 -17059.923      2.200      0.990      1.685    803.556      0.000     36.641     29.886      0.895
DESIGN.lpc    |      111.541      2.200      0.924      0.932   3884.791  -4369.207      2.150      1.000      1.935     87.666      0.000     15.987     15.644      0.924
DESIGN.hpc    |       57.773      8.500      0.907      0.929  11193.009 -17682.245      2.050      0.976      9.374     49.454      0.000     22.598     22.468      0.871
-------------------------------------------------------------------------------------------------------------------------------------------------------------------------------------------------------
---------------------------------------------------------------------------
                            BURNER PROPERTIES
---------------------------------------------------------------------------
Burner              |           dPqP        TtOut        Wfuel          FAR
DESIGN.burner       |         0.0540      2880.00       1.6297      0.02469
--------------------------------------------------------------------------------------------------------------------------------------
                            TURBINE PROPERTIES
--------------------------------------------------------------------------------------------------------------------------------------
Turbine       |             Wp           PR        eff_a        eff_p           Np          pwr        NpMap        PRmap     alphaMap
DESIGN.hpt    |         17.844        3.239        0.889        0.875      242.241    17932.246      100.000        6.000        1.000
DESIGN.lpt    |         57.452        5.841        0.900        0.878       86.213    21429.130      100.000        6.000        1.000
-------------------------------------------------------------------------------------------------------------------------
                            NOZZLE PROPERTIES
-------------------------------------------------------------------------------------------------------------------------
Nozzle        |             PR           Cv          Cfg          Ath         MNth        MNout            V           Fg
DESIGN.core_nozz|          2.216        0.993        N/A        567.866        1.000        1.000     1680.989     4839.865
DESIGN.byp_nozz|          2.407        0.994        N/A       1927.709        1.000        1.000     1049.585    18799.137
---------------------------------------------------------------------------------------------------------------------------
                            SHAFT PROPERTIES
---------------------------------------------------------------------------------------------------------------------------
Shaft               |                 Nmech               trqin              trqout               pwrin              pwrout
DESIGN.hp_shaft     |             13000.000            7244.779           -7143.777           17932.235          -17682.235
DESIGN.lp_shaft     |              4000.000           28137.037          -28137.037           21429.117          -21429.117
--------------------------------------------------------------------------------------------------------------------
                            BLEED PROPERTIES
--------------------------------------------------------------------------------------------------------------------
Bleed                 |         Wb/Win        Pfrac     Workfrac            W           Tt           ht           Pt
DESIGN.hpc.cool1      |          0.051        0.500        0.500        4.342     1015.697      114.815      120.173
DESIGN.hpc.cool2      |          0.020        0.550        0.500        1.736     1015.697      114.815      129.660
DESIGN.hpc.cust       |          0.044        0.500        0.500        3.811     1015.697      114.815      120.173
DESIGN.bld3.cool3     |          0.067        1.000        1.000        5.091     1320.797      192.258      215.046
DESIGN.bld3.cool4     |          0.061        1.000        1.000        4.640     1320.797      192.258      215.046
DESIGN.byp_bld.bypBld |          0.005        1.000        1.000        2.526      549.890        1.310       11.673



----------------------------------------------------------------------------
                              POINT: OD_TOfail
----------------------------------------------------------------------------
                       PERFORMANCE CHARACTERISTICS
    Mach      Alt       W      Fn      Fg    Fram     OPR     TSFC      BPR 
 0.18000      0.0 1243.986 36294.1 44064.7  7770.5  33.964  0.43155    5.620
------------------------------------------------------------------------------------------------------------------------------------------------
                            FLOW STATIONS
------------------------------------------------------------------------------------------------------------------------------------------------
------------------------------------------------------------------------------------------------------------------------------------------------
Flow Station           |          tot:P        tot:T        tot:h        tot:S       stat:P       stat:W      stat:MN       stat:V    stat:area
------------------------------------------------------------------------------------------------------------------------------------------------
OD_TOfail.fc.Fl_O      |         15.032      522.033       -5.375        1.631       14.696     1243.986        0.180      200.974    11655.207
OD_TOfail.inlet.Fl_O   |         15.017      522.033       -5.375        1.631        0.001     1243.986     3295.259  2157845.515     3817.119
OD_TOfail.fan.Fl_O     |         26.118      624.644       19.279        1.637       22.706     1243.986        0.452      542.530     3233.751
OD_TOfail.splitter.Fl_O|         26.118      624.644       19.279        1.637       24.148      187.902        0.337      407.850      621.766
OD_TOfail.splitter.Fl_O|         26.118      624.644       19.279        1.637       22.488     1056.084        0.468      560.512     2675.600
OD_TOfail.duct4.Fl_O   |         25.993      624.644       19.279        1.637       23.912      187.902        0.347      420.493      608.148
OD_TOfail.lpc.Fl_O     |         59.111      809.628       64.062        1.643       55.381      187.902        0.307      423.697      339.611
OD_TOfail.duct6.Fl_O   |         58.514      809.628       64.062        1.644       53.552      187.902        0.359      493.234      299.713
OD_TOfail.hpc.Fl_O     |        510.040     1524.490      245.606        1.656      493.784      166.203        0.220      410.880       66.072
OD_TOfail.bld3.Fl_O    |        510.040     1524.490      245.606        1.656      482.210      144.850        0.289      539.946       44.596
OD_TOfail.burner.Fl_O  |        482.498     3330.000      238.444        1.920      482.445      149.201        0.013       35.444     1550.003
OD_TOfail.hpt.Fl_O     |        150.208     2515.977       49.843        1.909      138.822      170.553        0.351      821.443      197.180
OD_TOfail.duct11.Fl_O  |        149.442     2515.977       49.843        1.909      140.670      170.553        0.307      720.314      222.835
OD_TOfail.lpt.Fl_O     |         25.873     1696.033     -155.080        1.913       23.429      183.891        0.389      755.528      917.322
OD_TOfail.duct13.Fl_O  |         25.597     1696.033     -155.080        1.914       22.819      183.891        0.419      812.054      872.925
OD_TOfail.core_nozz.Fl_|         25.597     1696.033     -155.080        1.914       14.696      183.891        0.944     1737.587      567.866
OD_TOfail.byp_bld.Fl_O |         26.118      624.644       19.279        1.637       22.488     1050.804        0.468      560.512     2662.222
OD_TOfail.duct15.Fl_O  |         25.729      624.644       19.279        1.638       21.874     1050.804        0.487      583.224     2620.869
OD_TOfail.byp_nozz.Fl_O|         25.729      624.644       19.279        1.638       14.696     1050.804        0.931     1053.578     1927.709
------------------------------------------------------------------------------------------------------------------------------------------------
-------------------------------------------------------------------------------------------------------------------------------------------------------------------------------------------------------
                          COMPRESSOR PROPERTIES
-------------------------------------------------------------------------------------------------------------------------------------------------------------------------------------------------------
Compressor    |           Wc         Pr      eta_a      eta_p         Nc        pwr   RlineMap      NcMap      WcMap      PRmap   alphaMap        SMN        SMW     effMap
-------------------------------------------------------------------------------------------------------------------------------------------------------------------------------------------------------
OD_TOfail.fan |     1221.337      1.739      0.870      0.880   4488.590 -43392.092      2.360      1.052      1.723    819.813      0.000     34.259     28.943      0.870
OD_TOfail.lpc |      116.585      2.274      0.885      0.897   4103.386 -11905.677      3.101      1.056      1.993     91.631      0.000     17.148     16.954      0.885
OD_TOfail.hpc |       58.961      8.717      0.905      0.928  11251.599 -45477.309      2.080      0.981      9.616     50.471      0.000     21.876     21.760      0.869
-------------------------------------------------------------------------------------------------------------------------------------------------------------------------------------------------------
---------------------------------------------------------------------------
                            BURNER PROPERTIES
---------------------------------------------------------------------------
Burner              |           dPqP        TtOut        Wfuel          FAR
OD_TOfail.burner    |         0.0540      3330.00       4.3508      0.03004
--------------------------------------------------------------------------------------------------------------------------------------
                            TURBINE PROPERTIES
--------------------------------------------------------------------------------------------------------------------------------------
Turbine       |             Wp           PR        eff_a        eff_p           Np          pwr        NpMap        PRmap     alphaMap
OD_TOfail.hpt |         17.844        3.212        0.890        0.877      243.607    45727.310      100.564        5.940        1.000
OD_TOfail.lpt |         57.246        5.776        0.900        0.879       89.776    55297.769      104.133        5.933        1.000
-------------------------------------------------------------------------------------------------------------------------
                            NOZZLE PROPERTIES
-------------------------------------------------------------------------------------------------------------------------
Nozzle        |             PR           Cv          Cfg          Ath         MNth        MNout            V           Fg
OD_TOfail.core_nozz|          1.742        0.993        N/A        567.866        0.944        0.944     1737.587     9864.663
OD_TOfail.byp_nozz|          1.751        0.994        N/A       1927.709        0.931        0.931     1053.578    34200.001
---------------------------------------------------------------------------------------------------------------------------
                            SHAFT PROPERTIES
---------------------------------------------------------------------------------------------------------------------------
Shaft               |                 Nmech               trqin              trqout               pwrin              pwrout
OD_TOfail.hp_shaft  |             14057.613           17084.327          -16990.924           45727.282          -45477.282
OD_TOfail.lp_shaft  |              4503.117           64495.322          -64495.322           55297.736          -55297.736
-----------------------------------------------------------------------------------------------------------------------
                            BLEED PROPERTIES
-----------------------------------------------------------------------------------------------------------------------
Bleed                    |         Wb/Win        Pfrac     Workfrac            W           Tt           ht           Pt
OD_TOfail.hpc.cool1      |          0.051        0.500        0.500        9.528     1174.807      154.834      284.277
OD_TOfail.hpc.cool2      |          0.020        0.550        0.500        3.810     1174.807      154.834      306.854
OD_TOfail.hpc.cust       |          0.044        0.500        0.500        8.362     1174.807      154.834      284.277
OD_TOfail.bld3.cool3     |          0.067        1.000        1.000       11.171     1524.490      245.606      510.040
OD_TOfail.bld3.cool4     |          0.061        1.000        1.000       10.181     1524.490      245.606      510.040
OD_TOfail.byp_bld.bypBld |          0.005        1.000        1.000        5.280      624.644       19.279       26.118
