


----------------------------------------------------------------------------
                              POINT: DESIGN
----------------------------------------------------------------------------
                       PERFORMANCE CHARACTERISTICS
    Mach      Alt       W      Fn      Fg    Fram     OPR     TSFC      BPR 
 0.74000  28000.0 532.305  6750.0 19037.1 12287.2  38.421  0.54424    8.500
------------------------------------------------------------------------------------------------------------------------------------------------
                            FLOW STATIONS
------------------------------------------------------------------------------------------------------------------------------------------------
------------------------------------------------------------------------------------------------------------------------------------------------
Flow Station           |          tot:P        tot:T        tot:h        tot:S       stat:P       stat:W      stat:MN       stat:V    stat:area
------------------------------------------------------------------------------------------------------------------------------------------------
DESIGN.fc.Fl_O         |          6.873      464.798      -19.097        1.657        4.776      532.305        0.740      742.670     3353.016
DESIGN.inlet.Fl_O      |          6.867      464.798      -19.097        1.657        4.949      532.305        0.700      706.205     3438.783
DESIGN.fan.Fl_O        |         10.300      528.287       -3.875        1.660        8.963      532.305        0.450      497.123     3235.890
DESIGN.splitter.Fl_O1  |         10.300      528.287       -3.875        1.660        9.594       56.032        0.320      356.948      451.891
DESIGN.splitter.Fl_O2  |         10.300      528.287       -3.875        1.660        8.853      476.273        0.470      518.304     2801.571
DESIGN.duct4.Fl_O      |         10.250      528.287       -3.875        1.660        9.506       56.032        0.330      367.869      441.994
DESIGN.lpc.Fl_O        |         17.426      621.727       18.576        1.663       16.372       56.032        0.300      363.267      307.003
DESIGN.duct6.Fl_O      |         17.250      621.727       18.576        1.664       15.850       56.032        0.350      422.482      270.945
DESIGN.hpc.Fl_O        |        263.819     1392.978      211.014        1.677      255.332       49.561        0.220      394.587       36.246
DESIGN.bld3.Fl_O       |        263.819     1392.978      211.014        1.677      249.287       43.194        0.290      518.597       24.463
DESIGN.burner.Fl_O     |        249.572     2880.000      206.144        1.913      247.977       44.215        0.100      251.726      108.669
DESIGN.hpt.Fl_O        |         55.801     2019.499        2.400        1.907       51.526       50.582        0.350      739.856      140.254
DESIGN.duct11.Fl_O     |         55.517     2019.499        2.400        1.907       52.222       50.582        0.306      648.831      158.497
DESIGN.lpt.Fl_O        |          9.331     1330.790     -160.979        1.913        8.433       54.559        0.390      675.704      662.237
DESIGN.duct13.Fl_O     |          9.231     1330.791     -160.979        1.914        8.210       54.559        0.420      726.269      630.206
DESIGN.core_nozz.Fl_O  |          9.231     1330.791     -160.979        1.914        4.938       54.559        1.000     1624.070      410.170
DESIGN.byp_bld.Fl_O    |         10.300      528.287       -3.875        1.660        8.853      473.892        0.470      518.304     2787.563
DESIGN.duct15.Fl_O     |         10.146      528.287       -3.875        1.661        8.610      473.892        0.490      539.372     2744.270
DESIGN.byp_nozz.Fl_O   |         10.146      528.287       -3.875        1.661        5.358      473.892        1.000     1028.766     2018.535
------------------------------------------------------------------------------------------------------------------------------------------------
-------------------------------------------------------------------------------------------------------------------------------------------------------------------------------------------------------
                          COMPRESSOR PROPERTIES
-------------------------------------------------------------------------------------------------------------------------------------------------------------------------------------------------------
Compressor    |           Wc         Pr      eta_a      eta_p         Nc        pwr   RlineMap      NcMap      WcMap      PRmap   alphaMap        SMN        SMW     effMap
-------------------------------------------------------------------------------------------------------------------------------------------------------------------------------------------------------
DESIGN.fan    |     1078.464      1.500      0.900      0.906  14260.913 -11464.349      2.200      0.990      1.685    803.556      0.000     36.641     29.886      0.895
DESIGN.lpc    |       81.074      1.700      0.924      0.930  13376.562  -1779.863      2.150      1.000      1.935     87.666      0.000     15.987     15.644      0.924
DESIGN.hpc    |       52.265     15.294      0.907      0.934  14658.644 -14375.047      2.050      0.976      9.374     49.454      0.000     22.598     22.468      0.871
-------------------------------------------------------------------------------------------------------------------------------------------------------------------------------------------------------
---------------------------------------------------------------------------
                            BURNER PROPERTIES
---------------------------------------------------------------------------
Burner              |           dPqP        TtOut        Wfuel          FAR
DESIGN.burner       |         0.0540      2880.00       1.0204      0.02362
--------------------------------------------------------------------------------------------------------------------------------------
                            TURBINE PROPERTIES
--------------------------------------------------------------------------------------------------------------------------------------
Turbine       |             Wp           PR        eff_a        eff_p           Np          pwr        NpMap        PRmap     alphaMap
DESIGN.hpt    |          9.508        4.473        0.900        0.883      299.055    14625.047      100.000        6.000        1.000
DESIGN.lpt    |         40.944        5.950        0.900        0.877      300.408    13244.212      100.000        6.000        1.000
-------------------------------------------------------------------------------------------------------------------------
                            NOZZLE PROPERTIES
-------------------------------------------------------------------------------------------------------------------------
Nozzle        |             PR           Cv          Cfg          Ath         MNth        MNout            V           Fg
DESIGN.core_nozz|          1.933        0.993        N/A        410.170        1.000        1.000     1624.070     2801.976
DESIGN.byp_nozz|          2.124        0.994        N/A       2018.535        1.000        1.000     1028.766    16235.167
---------------------------------------------------------------------------------------------------------------------------
                            SHAFT PROPERTIES
---------------------------------------------------------------------------------------------------------------------------
Shaft               |                 Nmech               trqin              trqout               pwrin              pwrout
DESIGN.hp_shaft     |             16049.000            4786.115           -4704.301           14625.038          -14375.038
DESIGN.lp_shaft     |             13500.000            5152.597           -5152.597           13244.204          -13244.204
--------------------------------------------------------------------------------------------------------------------
                            BLEED PROPERTIES
--------------------------------------------------------------------------------------------------------------------
Bleed                 |         Wb/Win        Pfrac     Workfrac            W           Tt           ht           Pt
DESIGN.hpc.cool1      |          0.051        0.500        0.500        2.841     1015.618      114.795      140.534
DESIGN.hpc.cool2      |          0.020        0.550        0.500        1.136     1015.618      114.795      152.863
DESIGN.hpc.cust       |          0.044        0.500        0.500        2.493     1015.618      114.795      140.534
DESIGN.bld3.cool3     |          0.067        1.000        1.000        3.331     1392.978      211.014      263.819
DESIGN.bld3.cool4     |          0.061        1.000        1.000        3.036     1392.978      211.014      263.819
DESIGN.byp_bld.bypBld |          0.005        1.000        1.000        2.381      528.287       -3.875       10.300
