


----------------------------------------------------------------------------
                              POINT: DESIGN
----------------------------------------------------------------------------
                       PERFORMANCE CHARACTERISTICS
    Mach      Alt       W      Fn      Fg    Fram     OPR     TSFC      BPR 
 0.74000  28000.0 438.536  6763.1 16885.8 10122.7  36.835  0.58003    6.400
------------------------------------------------------------------------------------------------------------------------------------------------
                            FLOW STATIONS
------------------------------------------------------------------------------------------------------------------------------------------------
------------------------------------------------------------------------------------------------------------------------------------------------
Flow Station           |          tot:P        tot:T        tot:h        tot:S       stat:P       stat:W      stat:MN       stat:V    stat:area
------------------------------------------------------------------------------------------------------------------------------------------------
DESIGN.fc.Fl_O         |          6.873      464.798      -19.097        1.657        4.776      438.536        0.740      742.670     2762.361
DESIGN.inlet.Fl_O      |          6.867      464.798      -19.097        1.657        4.949      438.536        0.700      706.205     2833.019
DESIGN.fan.Fl_O        |         13.046      568.793        5.849        1.662       11.354      438.536        0.450      515.745     2184.198
DESIGN.splitter.Fl_O1  |         13.046      568.793        5.849        1.662       12.153       59.262        0.320      370.307      391.593
DESIGN.splitter.Fl_O2  |         13.046      568.793        5.849        1.662       11.215      379.275        0.470      537.723     1827.893
DESIGN.duct4.Fl_O      |         12.984      568.793        5.849        1.662       12.041       59.262        0.330      381.638      383.017
DESIGN.lpc.Fl_O        |         15.581      601.645       13.745        1.663       14.638       59.262        0.300      357.405      357.183
DESIGN.duct6.Fl_O      |         15.423      601.645       13.745        1.664       14.171       59.262        0.350      415.662      315.232
DESIGN.hpc.Fl_O        |        252.928     1377.533      206.987        1.677      244.786       52.418        0.220      392.520       39.750
DESIGN.bld3.Fl_O       |        252.928     1377.533      206.987        1.677      238.987       45.684        0.290      515.877       26.829
DESIGN.burner.Fl_O     |        239.270     2880.000      202.165        1.916      237.740       46.774        0.100      251.713      119.914
DESIGN.hpt.Fl_O        |         53.183     2015.952       -2.195        1.910       49.108       53.508        0.350      739.207      155.535
DESIGN.duct11.Fl_O     |         52.911     2015.952       -2.195        1.910       49.772       53.508        0.306      648.262      175.766
DESIGN.lpt.Fl_O        |          6.614     1245.752     -186.863        1.919        5.975       57.714        0.390      654.879      954.593
DESIGN.duct13.Fl_O     |          6.543     1245.752     -186.863        1.920        5.817       57.714        0.420      703.863      908.445
DESIGN.core_nozz.Fl_O  |          6.543     1245.752     -186.863        1.920        5.125       57.714        0.610     1006.108      697.799
DESIGN.byp_bld.Fl_O    |         13.046      568.793        5.849        1.662       11.215      377.378        0.470      537.723     1818.754
DESIGN.duct15.Fl_O     |         12.852      568.793        5.849        1.663       10.907      377.378        0.490      559.583     1790.499
DESIGN.byp_nozz.Fl_O   |         12.852      568.793        5.849        1.663        6.788      377.378        1.000     1067.468     1316.913
------------------------------------------------------------------------------------------------------------------------------------------------
-------------------------------------------------------------------------------------------------------------------------------------------------------------------------------------------------------
                          COMPRESSOR PROPERTIES
-------------------------------------------------------------------------------------------------------------------------------------------------------------------------------------------------------
Compressor    |           Wc         Pr      eta_a      eta_p         Nc        pwr   RlineMap      NcMap      WcMap      PRmap   alphaMap        SMN        SMW     effMap
-------------------------------------------------------------------------------------------------------------------------------------------------------------------------------------------------------
DESIGN.fan    |      888.486      1.900      0.900      0.909  14260.913 -15478.028      2.200      0.990      1.685    803.556      0.000     36.641     29.886      0.895
DESIGN.lpc    |       70.242      1.200      0.924      0.926  12891.467   -662.041      2.150      1.000      1.935     87.666      0.000     15.987     15.644      0.924
DESIGN.hpc    |       60.816     16.399      0.907      0.935  14901.272 -15267.122      2.050      0.976      9.374     49.454      0.000     22.598     22.468      0.871
-------------------------------------------------------------------------------------------------------------------------------------------------------------------------------------------------------
---------------------------------------------------------------------------
                            BURNER PROPERTIES
---------------------------------------------------------------------------
Burner              |           dPqP        TtOut        Wfuel          FAR
DESIGN.burner       |         0.0540      2880.00       1.0897      0.02385
--------------------------------------------------------------------------------------------------------------------------------------
                            TURBINE PROPERTIES
--------------------------------------------------------------------------------------------------------------------------------------
Turbine       |             Wp           PR        eff_a        eff_p           Np          pwr        NpMap        PRmap     alphaMap
DESIGN.hpt    |         10.491        4.499        0.900        0.883      299.055    15517.122      100.000        6.000        1.000
DESIGN.lpt    |         45.405        8.000        0.900        0.873      300.672    15749.386      100.000        6.000        1.000
-------------------------------------------------------------------------------------------------------------------------
                            NOZZLE PROPERTIES
-------------------------------------------------------------------------------------------------------------------------
Nozzle        |             PR           Cv          Cfg          Ath         MNth        MNout            V           Fg
DESIGN.core_nozz|          1.277        0.993        N/A        697.799        0.610        0.610     1006.108     1792.680
DESIGN.byp_nozz|          2.691        0.994        N/A       1316.913        1.000        1.000     1067.468    15093.143
---------------------------------------------------------------------------------------------------------------------------
                            SHAFT PROPERTIES
---------------------------------------------------------------------------------------------------------------------------
Shaft               |                 Nmech               trqin              trqout               pwrin              pwrout
DESIGN.hp_shaft     |             16049.000            5078.050           -4996.237           15517.112          -15267.112
DESIGN.lp_shaft     |             13500.000            6127.223           -6279.216           15749.377          -16140.060
--------------------------------------------------------------------------------------------------------------------
                            BLEED PROPERTIES
--------------------------------------------------------------------------------------------------------------------
Bleed                 |         Wb/Win        Pfrac     Workfrac            W           Tt           ht           Pt
DESIGN.hpc.cool1      |          0.051        0.500        0.500        3.005      997.817      110.366      134.175
DESIGN.hpc.cool2      |          0.020        0.550        0.500        1.201      997.817      110.366      146.051
DESIGN.hpc.cust       |          0.044        0.500        0.500        2.637      997.817      110.366      134.175
DESIGN.bld3.cool3     |          0.067        1.000        1.000        3.523     1377.533      206.987      252.928
DESIGN.bld3.cool4     |          0.061        1.000        1.000        3.211     1377.533      206.987      252.928
DESIGN.byp_bld.bypBld |          0.005        1.000        1.000        1.896      568.793        5.849       13.046
