


----------------------------------------------------------------------------
                              POINT: DESIGN
----------------------------------------------------------------------------
                       PERFORMANCE CHARACTERISTICS
    Mach      Alt       W      Fn      Fg    Fram     OPR     TSFC      BPR 
 0.74000  28000.0 588.550 10000.0 23585.5 13585.5  22.757  0.66261    5.500
------------------------------------------------------------------------------------------------------------------------------------------------
                            FLOW STATIONS
------------------------------------------------------------------------------------------------------------------------------------------------
------------------------------------------------------------------------------------------------------------------------------------------------
Flow Station           |          tot:P        tot:T        tot:h        tot:S       stat:P       stat:W      stat:MN       stat:V    stat:area
------------------------------------------------------------------------------------------------------------------------------------------------
DESIGN.fc.Fl_O         |          6.873      464.798      -19.097        1.657        4.776      588.550        0.740      742.670     3707.306
DESIGN.inlet.Fl_O      |          6.867      464.798      -19.097        1.657        4.945      588.550        0.701      707.124     3799.619
DESIGN.fan.Fl_O        |         10.300      528.655       -3.786        1.660        8.921      588.550        0.458      505.572     3532.455
DESIGN.splitter.Fl_O1  |         10.300      528.655       -3.786        1.660        9.634       90.546        0.310      346.564      750.415
DESIGN.splitter.Fl_O2  |         10.300      528.655       -3.786        1.660        8.954      498.004        0.452      499.207     3019.190
DESIGN.duct4.Fl_O      |         10.250      528.655       -3.786        1.661        9.581       90.546        0.312      348.426      750.394
DESIGN.lpc.Fl_O        |         22.551      672.805       30.887        1.664       21.137       90.546        0.306      385.018      392.102
DESIGN.duct6.Fl_O      |         22.323      672.805       30.887        1.665       20.451       90.546        0.356      447.022      346.781
DESIGN.hpc.Fl_O        |        156.262     1205.124      162.549        1.676      150.047       80.090        0.244      408.655       83.067
DESIGN.bld3.Fl_O       |        156.262     1205.124      162.549        1.676      147.000       69.801        0.300      500.724       59.976
DESIGN.burner.Fl_O     |        147.824     2880.000      158.373        1.951      146.832       71.641        0.102      257.843      290.291
DESIGN.hpt.Fl_O        |         55.455     2225.666       19.634        1.938       50.882       81.930        0.365      806.839      232.238
DESIGN.duct11.Fl_O     |         55.172     2225.666       19.634        1.938       51.919       81.930        0.306      678.971      272.063
DESIGN.lpt.Fl_O        |         16.363     1658.031     -112.275        1.936       14.634       88.357        0.413      791.810      656.081
DESIGN.duct13.Fl_O     |         16.188     1658.031     -112.275        1.937       14.210       88.357        0.446      854.417      623.267
DESIGN.core_nozz.Fl_O  |         16.188     1658.031     -112.275        1.937        8.715       88.357        1.000     1807.281      424.970
DESIGN.byp_bld.Fl_O    |         10.300      528.655       -3.786        1.660        8.969      495.514        0.449      496.127     3018.953
DESIGN.duct15.Fl_O     |         10.146      528.655       -3.786        1.661        8.782      495.514        0.459      506.738     3013.551
DESIGN.byp_nozz.Fl_O   |         10.146      528.655       -3.786        1.661        5.358      495.514        1.000     1029.124     2111.373
------------------------------------------------------------------------------------------------------------------------------------------------
-------------------------------------------------------------------------------------------------------------------------------------------------------------------------------------------------------
                          COMPRESSOR PROPERTIES
-------------------------------------------------------------------------------------------------------------------------------------------------------------------------------------------------------
Compressor    |           Wc         Pr      eta_a      eta_p         Nc        pwr   RlineMap      NcMap      WcMap      PRmap   alphaMap        SMN        SMW     effMap
-------------------------------------------------------------------------------------------------------------------------------------------------------------------------------------------------------
DESIGN.fan    |     1192.418      1.500      0.895      0.901   4225.456 -12749.371      2.200      0.990      1.685    803.556      0.000     36.641     29.886      0.895
DESIGN.lpc    |      131.059      2.200      0.924      0.932   3962.043  -4441.912      2.150      1.000      1.935     87.666      0.000     15.987     15.644      0.924
DESIGN.hpc    |       67.891      7.000      0.907      0.928  11414.173 -15893.288      2.050      0.976      9.374     49.454      0.000     22.598     22.468      0.871
-------------------------------------------------------------------------------------------------------------------------------------------------------------------------------------------------------
---------------------------------------------------------------------------
                            BURNER PROPERTIES
---------------------------------------------------------------------------
Burner              |           dPqP        TtOut        Wfuel          FAR
DESIGN.burner       |         0.0540      2880.00       1.8406      0.02637
--------------------------------------------------------------------------------------------------------------------------------------
                            TURBINE PROPERTIES
--------------------------------------------------------------------------------------------------------------------------------------
Turbine       |             Wp           PR        eff_a        eff_p           Np          pwr        NpMap        PRmap     alphaMap
DESIGN.hpt    |         26.008        2.666        0.889        0.877      242.241    16143.288      100.000        6.000        1.000
DESIGN.lpt    |         70.057        3.372        0.900        0.885       84.787    17191.283      100.000        6.000        1.000
-------------------------------------------------------------------------------------------------------------------------
                            NOZZLE PROPERTIES
-------------------------------------------------------------------------------------------------------------------------
Nozzle        |             PR           Cv          Cfg          Ath         MNth        MNout            V           Fg
DESIGN.core_nozz|          3.389        0.993        N/A        424.970        1.000        1.000     1807.281     6603.604
DESIGN.byp_nozz|          2.124        0.994        N/A       2111.373        1.000        1.000     1029.124    16981.859
---------------------------------------------------------------------------------------------------------------------------
                            SHAFT PROPERTIES
---------------------------------------------------------------------------------------------------------------------------
Shaft               |                 Nmech               trqin              trqout               pwrin              pwrout
DESIGN.hp_shaft     |             13000.000            6522.025           -6421.023           16143.278          -15893.278
DESIGN.lp_shaft     |              4000.000           22572.627          -22572.627           17191.272          -17191.272
--------------------------------------------------------------------------------------------------------------------
                            BLEED PROPERTIES
--------------------------------------------------------------------------------------------------------------------
Bleed                 |         Wb/Win        Pfrac     Workfrac            W           Tt           ht           Pt
DESIGN.hpc.cool1      |          0.051        0.500        0.500        4.591      942.737       96.718       89.292
DESIGN.hpc.cool2      |          0.020        0.550        0.500        1.836      942.737       96.718       95.989
DESIGN.hpc.cust       |          0.044        0.500        0.500        4.029      942.737       96.718       89.292
DESIGN.bld3.cool3     |          0.067        1.000        1.000        5.383     1205.124      162.549      156.262
DESIGN.bld3.cool4     |          0.061        1.000        1.000        4.906     1205.124      162.549      156.262
DESIGN.byp_bld.bypBld |          0.005        1.000        1.000        2.490      528.655       -3.786       10.300



----------------------------------------------------------------------------
                              POINT: OD_TOfail
----------------------------------------------------------------------------
                       PERFORMANCE CHARACTERISTICS
    Mach      Alt       W      Fn      Fg    Fram     OPR     TSFC      BPR 
 0.18000      0.0 1226.005 36062.6 43720.8  7658.2  24.477  0.48813    5.225
------------------------------------------------------------------------------------------------------------------------------------------------
                            FLOW STATIONS
------------------------------------------------------------------------------------------------------------------------------------------------
------------------------------------------------------------------------------------------------------------------------------------------------
Flow Station           |          tot:P        tot:T        tot:h        tot:S       stat:P       stat:W      stat:MN       stat:V    stat:area
------------------------------------------------------------------------------------------------------------------------------------------------
OD_TOfail.fc.Fl_O      |         15.032      522.033       -5.375        1.631       14.696     1226.005        0.180      200.974    11486.742
OD_TOfail.inlet.Fl_O   |         15.017      522.033       -5.375        1.631       10.671     1226.005        0.716      763.783     3799.619
OD_TOfail.fan.Fl_O     |         23.330      600.247       13.409        1.635       20.354     1226.005        0.446      525.221     3532.455
OD_TOfail.splitter.Fl_O|         23.330      600.247       13.409        1.635       21.746      196.953        0.319      378.841      750.415
OD_TOfail.splitter.Fl_O|         23.330      600.247       13.409        1.635       20.479     1029.052        0.436      513.541     3019.190
OD_TOfail.duct4.Fl_O   |         23.218      600.247       13.409        1.635       21.625      196.953        0.320      380.889      750.394
OD_TOfail.lpc.Fl_O     |         50.633      766.547       53.579        1.641       47.218      196.953        0.318      426.557      392.102
OD_TOfail.duct6.Fl_O   |         50.122      766.547       53.579        1.641       45.591      196.953        0.371      496.015      346.781
OD_TOfail.hpc.Fl_O     |        367.564     1381.960      208.141        1.652      353.237      174.208        0.243      433.182       83.067
OD_TOfail.bld3.Fl_O    |        367.564     1381.960      208.141        1.652      346.220      151.828        0.298      530.665       59.976
OD_TOfail.burner.Fl_O  |        347.716     3330.000      201.646        1.944      347.634      156.718        0.019       51.665     1550.003
OD_TOfail.hpt.Fl_O     |        131.088     2596.679       41.315        1.929      120.293      179.098        0.367      871.049      232.238
OD_TOfail.duct11.Fl_O  |        130.420     2596.678       41.315        1.929      122.743      179.098        0.308      732.853      272.063
OD_TOfail.lpt.Fl_O     |         39.008     1956.028     -112.449        1.927       34.920      193.078        0.413      856.491      656.081
OD_TOfail.duct13.Fl_O  |         38.591     1956.028     -112.449        1.927       33.914      193.078        0.447      924.255      623.267
OD_TOfail.core_nozz.Fl_|         38.591     1956.028     -112.449        1.927       20.892      193.078        1.000     1957.468      424.970
OD_TOfail.byp_bld.Fl_O |         23.330      600.247       13.409        1.635       20.512     1023.907        0.433      510.427     3018.953
OD_TOfail.duct15.Fl_O  |         22.983      600.247       13.409        1.636       20.094     1023.907        0.442      521.148     3013.551
OD_TOfail.byp_nozz.Fl_O|         22.983      600.247       13.409        1.636       14.696     1023.907        0.825      930.122     2111.373
------------------------------------------------------------------------------------------------------------------------------------------------
-------------------------------------------------------------------------------------------------------------------------------------------------------------------------------------------------------
                          COMPRESSOR PROPERTIES
-------------------------------------------------------------------------------------------------------------------------------------------------------------------------------------------------------
Compressor    |           Wc         Pr      eta_a      eta_p         Nc        pwr   RlineMap      NcMap      WcMap      PRmap   alphaMap        SMN        SMW     effMap
-------------------------------------------------------------------------------------------------------------------------------------------------------------------------------------------------------
OD_TOfail.fan |     1203.683      1.554      0.895      0.901   4362.730 -32582.332      2.095      1.022      1.759    811.148      0.000     31.027     25.355      0.894
OD_TOfail.lpc |      134.106      2.181      0.894      0.905   4068.575 -11193.882      2.685      1.027      1.920     89.704      0.000     19.325     19.048      0.894
OD_TOfail.hpc |       70.204      7.333      0.905      0.926  11514.193 -40583.171      2.072      0.985      9.840     51.138      0.000     20.618     20.514      0.868
-------------------------------------------------------------------------------------------------------------------------------------------------------------------------------------------------------
---------------------------------------------------------------------------
                            BURNER PROPERTIES
---------------------------------------------------------------------------
Burner              |           dPqP        TtOut        Wfuel          FAR
OD_TOfail.burner    |         0.0540      3330.00       4.8898      0.03221
--------------------------------------------------------------------------------------------------------------------------------------
                            TURBINE PROPERTIES
--------------------------------------------------------------------------------------------------------------------------------------
Turbine       |             Wp           PR        eff_a        eff_p           Np          pwr        NpMap        PRmap     alphaMap
OD_TOfail.hpt |         26.009        2.653        0.889        0.878      242.569    40833.171      100.136        5.961        1.000
OD_TOfail.lpt |         69.977        3.343        0.900        0.886       85.892    43776.214      101.303        5.940        1.000
-------------------------------------------------------------------------------------------------------------------------
                            NOZZLE PROPERTIES
-------------------------------------------------------------------------------------------------------------------------
Nozzle        |             PR           Cv          Cfg          Ath         MNth        MNout            V           Fg
OD_TOfail.core_nozz|          2.626        0.993        N/A        424.970        1.000        1.000     1957.468    14301.160
OD_TOfail.byp_nozz|          1.564        0.994        N/A       2111.373        0.825        0.825      930.122    29419.689
---------------------------------------------------------------------------------------------------------------------------
                            SHAFT PROPERTIES
---------------------------------------------------------------------------------------------------------------------------
Shaft               |                 Nmech               trqin              trqout               pwrin              pwrout
OD_TOfail.hp_shaft  |             13997.723           15321.085          -15227.282           40833.147          -40583.147
OD_TOfail.lp_shaft  |              4376.850           52530.358          -52530.358           43776.188          -43776.188
-----------------------------------------------------------------------------------------------------------------------
                            BLEED PROPERTIES
-----------------------------------------------------------------------------------------------------------------------
Bleed                    |         Wb/Win        Pfrac     Workfrac            W           Tt           ht           Pt
OD_TOfail.hpc.cool1      |          0.051        0.500        0.500        9.987     1079.864      130.860      208.843
OD_TOfail.hpc.cool2      |          0.020        0.550        0.500        3.993     1079.864      130.860      224.715
OD_TOfail.hpc.cust       |          0.044        0.500        0.500        8.764     1079.864      130.860      208.843
OD_TOfail.bld3.cool3     |          0.067        1.000        1.000       11.709     1381.960      208.141      367.564
OD_TOfail.bld3.cool4     |          0.061        1.000        1.000       10.671     1381.960      208.141      367.564
OD_TOfail.byp_bld.bypBld |          0.005        1.000        1.000        5.145      600.247       13.409       23.330
