


----------------------------------------------------------------------------
                              POINT: DESIGN
----------------------------------------------------------------------------
                       PERFORMANCE CHARACTERISTICS
    Mach      Alt       W      Fn      Fg    Fram     OPR     TSFC      BPR 
 0.74000  28000.0 806.226 12021.3 30631.4 18610.1  66.143  0.54525    5.900
------------------------------------------------------------------------------------------------------------------------------------------------
                            FLOW STATIONS
------------------------------------------------------------------------------------------------------------------------------------------------
------------------------------------------------------------------------------------------------------------------------------------------------
Flow Station           |          tot:P        tot:T        tot:h        tot:S       stat:P       stat:W      stat:MN       stat:V    stat:area
------------------------------------------------------------------------------------------------------------------------------------------------
DESIGN.fc.Fl_O         |          6.873      464.798      -19.097        1.657        4.776      806.226        0.740      742.670     5078.458
DESIGN.inlet.Fl_O      |          6.867      464.798      -19.097        1.657        4.949      806.226        0.700      706.205     5208.359
DESIGN.fan.Fl_O        |         11.503      546.879        0.587        1.661       10.010      806.226        0.450      505.760     4465.427
DESIGN.splitter.Fl_O1  |         11.503      546.879        0.587        1.661       10.715      116.844        0.320      363.144      858.583
DESIGN.splitter.Fl_O2  |         11.503      546.879        0.587        1.661        9.887      689.382        0.470      527.311     3694.687
DESIGN.duct4.Fl_O      |         11.447      546.879        0.587        1.661       10.616      116.844        0.330      374.256      839.779
DESIGN.lpc.Fl_O        |         30.846      739.645       47.051        1.666       28.985      116.844        0.300      395.739      394.956
DESIGN.duct6.Fl_O      |         30.534      739.645       47.051        1.667       28.062      116.844        0.350      460.275      348.549
DESIGN.hpc.Fl_O        |        454.178     1620.716      271.244        1.680      439.695      103.351        0.220      423.752       47.567
DESIGN.bld3.Fl_O       |        454.178     1620.716      271.244        1.680      429.375       90.073        0.290      556.984       32.101
DESIGN.burner.Fl_O     |        429.652     2880.000      265.870        1.873      426.901       91.894        0.100      251.931      131.087
DESIGN.hpt.Fl_O        |         72.547     1929.010       30.175        1.874       66.967      105.172        0.350      724.492      218.801
DESIGN.duct11.Fl_O     |         72.177     1929.010       30.175        1.874       67.878      105.172        0.306      635.379      247.253
DESIGN.lpt.Fl_O        |          9.022     1196.987     -145.601        1.886        8.147      113.466        0.390      643.001     1346.342
DESIGN.duct13.Fl_O     |          8.926     1196.987     -145.601        1.886        7.932      113.466        0.420      691.075     1281.290
DESIGN.core_nozz.Fl_O  |          8.926     1196.987     -145.601        1.886        4.961      113.466        0.964     1494.872      835.552
DESIGN.byp_bld.Fl_O    |         11.503      546.879        0.587        1.661        9.887      685.935        0.470      527.311     3676.213
DESIGN.duct15.Fl_O     |         11.331      546.879        0.587        1.662        9.616      685.935        0.490      548.746     3619.112
DESIGN.byp_nozz.Fl_O   |         11.331      546.879        0.587        1.662        5.984      685.935        1.000     1046.708     2661.952
------------------------------------------------------------------------------------------------------------------------------------------------
-------------------------------------------------------------------------------------------------------------------------------------------------------------------------------------------------------
                          COMPRESSOR PROPERTIES
-------------------------------------------------------------------------------------------------------------------------------------------------------------------------------------------------------
Compressor    |           Wc         Pr      eta_a      eta_p         Nc        pwr   RlineMap      NcMap      WcMap      PRmap   alphaMap        SMN        SMW     effMap
-------------------------------------------------------------------------------------------------------------------------------------------------------------------------------------------------------
DESIGN.fan    |     1633.436      1.675      0.900      0.907   5281.820 -22453.255      2.200      0.990      1.685    803.556      0.000     36.641     29.886      0.895
DESIGN.lpc    |      154.027      2.695      0.924      0.934   4869.340  -7681.387      2.150      1.000      1.935     87.666      0.000     15.987     15.644      0.924
DESIGN.hpc    |       67.156     14.874      0.907      0.934  11723.627 -34923.005      2.050      0.976      9.374     49.454      0.000     22.598     22.468      0.871
-------------------------------------------------------------------------------------------------------------------------------------------------------------------------------------------------------
---------------------------------------------------------------------------
                            BURNER PROPERTIES
---------------------------------------------------------------------------
Burner              |           dPqP        TtOut        Wfuel          FAR
DESIGN.burner       |         0.0540      2880.00       1.8207      0.02021
--------------------------------------------------------------------------------------------------------------------------------------
                            TURBINE PROPERTIES
--------------------------------------------------------------------------------------------------------------------------------------
Turbine       |             Wp           PR        eff_a        eff_p           Np          pwr        NpMap        PRmap     alphaMap
DESIGN.hpt    |         11.478        5.922        0.900        0.879      260.875    35173.005      100.000        6.000        1.000
DESIGN.lpt    |         63.998        8.000        0.900        0.872      113.842    29732.080      100.000        6.000        1.000
-------------------------------------------------------------------------------------------------------------------------
                            NOZZLE PROPERTIES
-------------------------------------------------------------------------------------------------------------------------
Nozzle        |             PR           Cv          Cfg          Ath         MNth        MNout            V           Fg
DESIGN.core_nozz|          1.799        0.993        N/A        835.552        0.964        0.964     1494.872     5236.527
DESIGN.byp_nozz|          2.372        0.994        N/A       2661.952        1.000        1.000     1046.708    25394.830
---------------------------------------------------------------------------------------------------------------------------
                            SHAFT PROPERTIES
---------------------------------------------------------------------------------------------------------------------------
Shaft               |                 Nmech               trqin              trqout               pwrin              pwrout
DESIGN.hp_shaft     |             14000.000           13195.178          -13101.390           35172.985          -34922.985
DESIGN.lp_shaft     |              5000.000           31231.231          -31654.091           29732.062          -30134.624
--------------------------------------------------------------------------------------------------------------------
                            BLEED PROPERTIES
--------------------------------------------------------------------------------------------------------------------
Bleed                 |         Wb/Win        Pfrac     Workfrac            W           Tt           ht           Pt
DESIGN.hpc.cool1      |          0.051        0.500        0.500        5.925     1191.774      159.148      242.356
DESIGN.hpc.cool2      |          0.020        0.550        0.500        2.369     1191.774      159.148      263.538
DESIGN.hpc.cust       |          0.044        0.500        0.500        5.200     1191.774      159.148      242.356
DESIGN.bld3.cool3     |          0.067        1.000        1.000        6.947     1620.716      271.244      454.178
DESIGN.bld3.cool4     |          0.061        1.000        1.000        6.331     1620.716      271.244      454.178
DESIGN.byp_bld.bypBld |          0.005        1.000        1.000        3.447      546.879        0.587       11.503



----------------------------------------------------------------------------
                              POINT: OD_TOfail
----------------------------------------------------------------------------
                       PERFORMANCE CHARACTERISTICS
    Mach      Alt       W      Fn      Fg    Fram     OPR     TSFC      BPR 
 0.18000      0.0 1706.628 47255.9 57916.3 10660.4  73.974  0.39684    5.544
------------------------------------------------------------------------------------------------------------------------------------------------
                            FLOW STATIONS
------------------------------------------------------------------------------------------------------------------------------------------------
------------------------------------------------------------------------------------------------------------------------------------------------
Flow Station           |          tot:P        tot:T        tot:h        tot:S       stat:P       stat:W      stat:MN       stat:V    stat:area
------------------------------------------------------------------------------------------------------------------------------------------------
OD_TOfail.fc.Fl_O      |         15.032      522.033       -5.375        1.631       14.696     1706.628        0.180      200.974    15989.816
OD_TOfail.inlet.Fl_O   |         15.017      522.033       -5.375        1.631        5.409     1706.628        1.301     1259.794     5208.359
OD_TOfail.fan.Fl_O     |         25.891      623.244       18.942        1.637       22.500     1706.628        0.453      542.658     4465.427
OD_TOfail.splitter.Fl_O|         25.891      623.244       18.942        1.637       23.883      260.802        0.342      413.293      858.583
OD_TOfail.splitter.Fl_O|         25.891      623.244       18.942        1.637       22.302     1445.826        0.467      559.164     3694.687
OD_TOfail.duct4.Fl_O   |         25.767      623.244       18.942        1.637       23.646      260.802        0.353      426.157      839.779
OD_TOfail.lpc.Fl_O     |         70.421      861.498       76.736        1.646       65.649      260.802        0.319      453.318      394.956
OD_TOfail.duct6.Fl_O   |         69.709      861.498       76.736        1.647       63.346      260.802        0.374      528.548      348.549
OD_TOfail.hpc.Fl_O     |       1110.866     1898.572      346.734        1.661     1076.330      230.684        0.218      452.821       47.567
OD_TOfail.bld3.Fl_O    |       1110.866     1898.572      346.734        1.661     1051.747      201.048        0.287      595.004       32.101
OD_TOfail.burner.Fl_O  |       1050.879     3420.000      337.977        1.871     1050.831      206.257        0.008       23.104     1550.003
OD_TOfail.hpt.Fl_O     |        179.442     2328.231       57.056        1.870      165.737      235.893        0.351      793.206      218.801
OD_TOfail.duct11.Fl_O  |        178.527     2328.231       57.056        1.871      167.968      235.893        0.307      695.580      247.253
OD_TOfail.lpt.Fl_O     |         23.172     1481.626     -154.059        1.881       21.065      254.405        0.380      692.157     1346.342
OD_TOfail.duct13.Fl_O  |         22.924     1481.626     -154.059        1.882       20.532      254.405        0.408      743.352     1281.290
OD_TOfail.core_nozz.Fl_|         22.924     1481.626     -154.059        1.882       14.696      254.405        0.836     1462.318      835.552
OD_TOfail.byp_bld.Fl_O |         25.891      623.244       18.942        1.637       22.302     1438.597        0.467      559.164     3676.213
OD_TOfail.duct15.Fl_O  |         25.506      623.244       18.942        1.638       21.694     1438.597        0.487      581.802     3619.112
OD_TOfail.byp_nozz.Fl_O|         25.506      623.244       18.942        1.638       14.696     1438.597        0.924     1044.795     2661.952
------------------------------------------------------------------------------------------------------------------------------------------------
-------------------------------------------------------------------------------------------------------------------------------------------------------------------------------------------------------
                          COMPRESSOR PROPERTIES
-------------------------------------------------------------------------------------------------------------------------------------------------------------------------------------------------------
Compressor    |           Wc         Pr      eta_a      eta_p         Nc        pwr   RlineMap      NcMap      WcMap      PRmap   alphaMap        SMN        SMW     effMap
-------------------------------------------------------------------------------------------------------------------------------------------------------------------------------------------------------
OD_TOfail.fan |     1675.556      1.724      0.868      0.877   5709.742 -58715.554      2.416      1.070      1.735    824.277      0.000     33.606     28.638      0.862
OD_TOfail.lpc |      163.052      2.733      0.860      0.878   5225.603 -21325.807      4.186      1.073      1.956     92.803      0.000     20.700     20.537      0.860
OD_TOfail.hpc |       70.860     15.936      0.902      0.930  11888.166 -93875.692      2.141      0.990     10.015     52.181      0.000     20.834     20.741      0.866
-------------------------------------------------------------------------------------------------------------------------------------------------------------------------------------------------------
---------------------------------------------------------------------------
                            BURNER PROPERTIES
---------------------------------------------------------------------------
Burner              |           dPqP        TtOut        Wfuel          FAR
OD_TOfail.burner    |         0.0540      3420.00       5.2092      0.02591
--------------------------------------------------------------------------------------------------------------------------------------
                            TURBINE PROPERTIES
--------------------------------------------------------------------------------------------------------------------------------------
Turbine       |             Wp           PR        eff_a        eff_p           Np          pwr        NpMap        PRmap     alphaMap
OD_TOfail.hpt |         11.478        5.856        0.901        0.882      261.989    94125.692      100.427        5.933        1.000
OD_TOfail.lpt |         63.757        7.705        0.900        0.874      118.715    80041.361      104.281        5.789        1.000
-------------------------------------------------------------------------------------------------------------------------
                            NOZZLE PROPERTIES
-------------------------------------------------------------------------------------------------------------------------
Nozzle        |             PR           Cv          Cfg          Ath         MNth        MNout            V           Fg
OD_TOfail.core_nozz|          1.560        0.993        N/A        835.552        0.836        0.836     1462.318    11485.323
OD_TOfail.byp_nozz|          1.736        0.994        N/A       2661.952        0.924        0.924     1044.795    46430.981
---------------------------------------------------------------------------------------------------------------------------
                            SHAFT PROPERTIES
---------------------------------------------------------------------------------------------------------------------------
Shaft               |                 Nmech               trqin              trqout               pwrin              pwrout
OD_TOfail.hp_shaft  |             15321.327           32266.035          -32180.336           94125.636          -93875.636
OD_TOfail.lp_shaft  |              5728.221           73388.581          -73388.581           80041.313          -80041.313
-----------------------------------------------------------------------------------------------------------------------
                            BLEED PROPERTIES
-----------------------------------------------------------------------------------------------------------------------
Bleed                    |         Wb/Win        Pfrac     Workfrac            W           Tt           ht           Pt
OD_TOfail.hpc.cool1      |          0.051        0.500        0.500       13.225     1395.737      211.735      590.287
OD_TOfail.hpc.cool2      |          0.020        0.550        0.500        5.287     1395.737      211.735      642.345
OD_TOfail.hpc.cust       |          0.044        0.500        0.500       11.606     1395.737      211.735      590.287
OD_TOfail.bld3.cool3     |          0.067        1.000        1.000       15.505     1898.572      346.734     1110.866
OD_TOfail.bld3.cool4     |          0.061        1.000        1.000       14.131     1898.572      346.734     1110.866
OD_TOfail.byp_bld.bypBld |          0.005        1.000        1.000        7.229      623.244       18.942       25.891
