


----------------------------------------------------------------------------
                              POINT: DESIGN
----------------------------------------------------------------------------
                       PERFORMANCE CHARACTERISTICS
    Mach      Alt       W      Fn      Fg    Fram     OPR     TSFC      BPR 
 0.74000  28000.0 403.278  6750.0 16058.8  9308.8  36.835  0.57316    5.900
------------------------------------------------------------------------------------------------------------------------------------------------
                            FLOW STATIONS
------------------------------------------------------------------------------------------------------------------------------------------------
------------------------------------------------------------------------------------------------------------------------------------------------
Flow Station           |          tot:P        tot:T        tot:h        tot:S       stat:P       stat:W      stat:MN       stat:V    stat:area
------------------------------------------------------------------------------------------------------------------------------------------------
DESIGN.fc.Fl_O         |          6.873      464.798      -19.097        1.657        4.776      403.278        0.740      742.670     2540.265
DESIGN.inlet.Fl_O      |          6.867      464.798      -19.097        1.657        6.659      403.278        0.210      221.031     6735.349
DESIGN.fan.Fl_O        |         13.046      568.793        5.849        1.662       12.755      403.278        0.180      209.730     4545.356
DESIGN.splitter.Fl_O1  |         13.046      568.793        5.849        1.662       12.843       58.446        0.150      174.946      785.847
DESIGN.splitter.Fl_O2  |         13.046      568.793        5.849        1.662       12.843      344.832        0.150      174.946     4636.498
DESIGN.duct4.Fl_O      |         12.984      568.793        5.849        1.662       12.754       58.446        0.160      186.551      741.655
DESIGN.lpc.Fl_O        |         15.581      601.645       13.745        1.663       15.369       58.446        0.140      167.941      724.024
DESIGN.duct6.Fl_O      |         15.423      601.645       13.745        1.664       15.116       58.446        0.170      203.742      605.686
DESIGN.hpc.Fl_O        |        252.928     1377.533      206.987        1.677      250.471       51.697        0.120      214.711       70.467
DESIGN.bld3.Fl_O       |        252.928     1377.533      206.987        1.677      248.580       45.055        0.160      286.013       46.362
DESIGN.burner.Fl_O     |        239.270     2880.000      202.165        1.916      237.740       46.130        0.100      251.713      118.264
DESIGN.hpt.Fl_O        |         53.161     2015.792       -2.241        1.910       52.662       52.771        0.120      255.441      420.907
DESIGN.duct11.Fl_O     |         52.890     2015.792       -2.241        1.910       52.472       52.771        0.110      234.194      460.918
DESIGN.lpt.Fl_O        |          7.395     1276.004     -178.883        1.918        7.159       56.920        0.220      376.809     1424.321
DESIGN.duct13.Fl_O     |          7.316     1276.004     -178.883        1.919        7.038       56.920        0.240      410.755     1326.780
DESIGN.core_nozz.Fl_O  |          7.316     1276.004     -178.883        1.919        4.776       56.920        0.815     1329.511      545.703
DESIGN.byp_bld.Fl_O    |         13.046      568.793        5.849        1.662       12.843      343.107        0.150      174.946     4613.315
DESIGN.duct15.Fl_O     |         12.852      568.793        5.849        1.663       12.499      343.107        0.200      232.859     3549.111
DESIGN.byp_nozz.Fl_O   |         12.852      568.793        5.849        1.663        6.788      343.107        1.000     1067.468     1197.320
------------------------------------------------------------------------------------------------------------------------------------------------
-------------------------------------------------------------------------------------------------------------------------------------------------------------------------------------------------------
                          COMPRESSOR PROPERTIES
-------------------------------------------------------------------------------------------------------------------------------------------------------------------------------------------------------
Compressor    |           Wc         Pr      eta_a      eta_p         Nc        pwr   RlineMap      NcMap      WcMap      PRmap   alphaMap        SMN        SMW     effMap
-------------------------------------------------------------------------------------------------------------------------------------------------------------------------------------------------------
DESIGN.fan    |      817.051      1.900      0.900      0.909  14260.913 -14233.583      2.200      0.990      1.685    803.556      0.000     36.641     29.886      0.895
DESIGN.lpc    |       69.276      1.200      0.924      0.926  12891.467   -652.930      2.150      1.000      1.935     87.666      0.000     15.987     15.644      0.924
DESIGN.hpc    |       59.979     16.399      0.907      0.935  14901.272 -15056.999      2.050      0.976      9.374     49.454      0.000     22.598     22.468      0.871
-------------------------------------------------------------------------------------------------------------------------------------------------------------------------------------------------------
---------------------------------------------------------------------------
                            BURNER PROPERTIES
---------------------------------------------------------------------------
Burner              |           dPqP        TtOut        Wfuel          FAR
DESIGN.burner       |         0.0540      2880.00       1.0747      0.02385
--------------------------------------------------------------------------------------------------------------------------------------
                            TURBINE PROPERTIES
--------------------------------------------------------------------------------------------------------------------------------------
Turbine       |             Wp           PR        eff_a        eff_p           Np          pwr        NpMap        PRmap     alphaMap
DESIGN.hpt    |         10.346        4.501        0.900        0.883      299.055    15306.999      100.000        6.000        1.000
DESIGN.lpt    |         44.797        7.152        0.900        0.875      300.684    14886.513      100.000        6.000        1.000
-------------------------------------------------------------------------------------------------------------------------
                            NOZZLE PROPERTIES
-------------------------------------------------------------------------------------------------------------------------
Nozzle        |             PR           Cv          Cfg          Ath         MNth        MNout            V           Fg
DESIGN.core_nozz|          1.532        0.993        N/A        545.703        0.815        0.815     1329.511     2336.315
DESIGN.byp_nozz|          2.691        0.994        N/A       1197.320        1.000        1.000     1067.468    13722.492
---------------------------------------------------------------------------------------------------------------------------
                            SHAFT PROPERTIES
---------------------------------------------------------------------------------------------------------------------------
Shaft               |                 Nmech               trqin              trqout               pwrin              pwrout
DESIGN.hp_shaft     |             16049.000            5009.287           -4927.473           15306.990          -15056.990
DESIGN.lp_shaft     |             13500.000            5791.526           -5791.526           14886.504          -14886.504
--------------------------------------------------------------------------------------------------------------------
                            BLEED PROPERTIES
--------------------------------------------------------------------------------------------------------------------
Bleed                 |         Wb/Win        Pfrac     Workfrac            W           Tt           ht           Pt
DESIGN.hpc.cool1      |          0.051        0.500        0.500        2.964      997.817      110.366      134.175
DESIGN.hpc.cool2      |          0.020        0.550        0.500        1.185      997.817      110.366      146.051
DESIGN.hpc.cust       |          0.044        0.500        0.500        2.601      997.817      110.366      134.175
DESIGN.bld3.cool3     |          0.067        1.000        1.000        3.475     1377.533      206.987      252.928
DESIGN.bld3.cool4     |          0.061        1.000        1.000        3.167     1377.533      206.987      252.928
DESIGN.byp_bld.bypBld |          0.005        1.000        1.000        1.724      568.793        5.849       13.046



----------------------------------------------------------------------------
                              POINT: OD_TOfail
----------------------------------------------------------------------------
                       PERFORMANCE CHARACTERISTICS
    Mach      Alt       W      Fn      Fg    Fram     OPR     TSFC      BPR 
 0.18000      0.0 838.678 24362.7 29601.5  5238.8  38.472  0.41278    5.791
------------------------------------------------------------------------------------------------------------------------------------------------
                            FLOW STATIONS
------------------------------------------------------------------------------------------------------------------------------------------------
------------------------------------------------------------------------------------------------------------------------------------------------
Flow Station           |          tot:P        tot:T        tot:h        tot:S       stat:P       stat:W      stat:MN       stat:V    stat:area
------------------------------------------------------------------------------------------------------------------------------------------------
OD_TOfail.fc.Fl_O      |         15.032      522.033       -5.375        1.631       14.696      838.678        0.180      200.974     7857.781
OD_TOfail.inlet.Fl_O   |         15.017      522.033       -5.375        1.631       14.555      838.678        0.212      236.155     6735.349
OD_TOfail.fan.Fl_O     |         28.745      641.560       23.352        1.636       28.100      838.678        0.181      223.310     4545.356
OD_TOfail.splitter.Fl_O|         28.745      641.560       23.352        1.636       28.280      123.491        0.153      189.316      785.847
OD_TOfail.splitter.Fl_O|         28.745      641.560       23.352        1.636       28.297      715.187        0.150      185.751     4636.498
OD_TOfail.duct4.Fl_O   |         28.607      641.560       23.352        1.637       28.081      123.491        0.163      201.888      741.655
OD_TOfail.lpc.Fl_O     |         32.036      669.160       30.007        1.639       31.524      123.491        0.152      192.280      724.024
OD_TOfail.duct6.Fl_O   |         31.713      669.160       30.007        1.640       30.967      123.491        0.185      233.472      605.686
OD_TOfail.hpc.Fl_O     |        577.729     1569.487      257.561        1.655      572.259      109.230        0.119      226.259       70.467
OD_TOfail.bld3.Fl_O    |        577.729     1569.487      257.561        1.655      568.051       95.197        0.159      301.365       46.362
OD_TOfail.burner.Fl_O  |        546.531     3330.000      250.219        1.911      546.511       97.991        0.008       20.550     1550.003
OD_TOfail.hpt.Fl_O     |        122.131     2358.881       13.197        1.903      120.984      112.023        0.121      276.219      420.907
OD_TOfail.duct11.Fl_O  |        121.508     2358.881       13.197        1.903      120.548      112.023        0.111      253.241      460.918
OD_TOfail.lpt.Fl_O     |         19.363     1557.204     -183.594        1.909       18.870      120.789        0.197      370.943     1424.321
OD_TOfail.duct13.Fl_O  |         19.156     1557.204     -183.594        1.909       18.578      120.789        0.215      403.981     1326.780
OD_TOfail.core_nozz.Fl_|         19.156     1557.204     -183.594        1.909       14.696      120.789        0.640     1170.878      545.703
OD_TOfail.byp_bld.Fl_O |         28.745      641.560       23.352        1.636       28.297      711.611        0.150      185.751     4613.315
OD_TOfail.duct15.Fl_O  |         28.317      641.560       23.352        1.637       27.539      711.611        0.200      247.243     3549.111
OD_TOfail.byp_nozz.Fl_O|         28.317      641.560       23.352        1.637       14.958      711.611        1.000     1133.656     1197.320
------------------------------------------------------------------------------------------------------------------------------------------------
-------------------------------------------------------------------------------------------------------------------------------------------------------------------------------------------------------
                          COMPRESSOR PROPERTIES
-------------------------------------------------------------------------------------------------------------------------------------------------------------------------------------------------------
Compressor    |           Wc         Pr      eta_a      eta_p         Nc        pwr   RlineMap      NcMap      WcMap      PRmap   alphaMap        SMN        SMW     effMap
-------------------------------------------------------------------------------------------------------------------------------------------------------------------------------------------------------
OD_TOfail.fan |      823.408      1.914      0.889      0.898  14572.693 -34088.236      2.267      1.012      1.696    809.809      0.000     35.967     29.823      0.884
OD_TOfail.lpc |       70.556      1.120      0.761      0.764  13145.290  -1162.686      3.896      1.020      1.560     89.286      0.000     46.231     45.857      0.761
OD_TOfail.hpc |       65.001     18.218      0.900      0.930  15219.169 -37462.919      2.191      0.997     10.363     53.594      0.000     19.816     19.690      0.864
-------------------------------------------------------------------------------------------------------------------------------------------------------------------------------------------------------
---------------------------------------------------------------------------
                            BURNER PROPERTIES
---------------------------------------------------------------------------
Burner              |           dPqP        TtOut        Wfuel          FAR
OD_TOfail.burner    |         0.0540      3330.00       2.7935      0.02934
--------------------------------------------------------------------------------------------------------------------------------------
                            TURBINE PROPERTIES
--------------------------------------------------------------------------------------------------------------------------------------
Turbine       |             Wp           PR        eff_a        eff_p           Np          pwr        NpMap        PRmap     alphaMap
OD_TOfail.hpt |         10.346        4.475        0.901        0.884      299.563    37712.919      100.170        5.963        1.000
OD_TOfail.lpt |         44.777        6.275        0.899        0.877      301.016    35250.922      100.110        5.288        1.000
-------------------------------------------------------------------------------------------------------------------------
                            NOZZLE PROPERTIES
-------------------------------------------------------------------------------------------------------------------------
Nozzle        |             PR           Cv          Cfg          Ath         MNth        MNout            V           Fg
OD_TOfail.core_nozz|          1.304        0.993        N/A        545.703        0.640        0.640     1170.878     4366.306
OD_TOfail.byp_nozz|          1.927        0.994        N/A       1197.320        1.000        1.000     1133.656    25235.204
---------------------------------------------------------------------------------------------------------------------------
                            SHAFT PROPERTIES
---------------------------------------------------------------------------------------------------------------------------
Shaft               |                 Nmech               trqin              trqout               pwrin              pwrout
OD_TOfail.hp_shaft  |             17286.627           11458.129          -11382.173           37712.897          -37462.897
OD_TOfail.lp_shaft  |             14619.856           12663.717          -12663.717           35250.901          -35250.901
-----------------------------------------------------------------------------------------------------------------------
                            BLEED PROPERTIES
-----------------------------------------------------------------------------------------------------------------------
Bleed                    |         Wb/Win        Pfrac     Workfrac            W           Tt           ht           Pt
OD_TOfail.hpc.cool1      |          0.051        0.500        0.500        6.262     1131.187      143.784      304.721
OD_TOfail.hpc.cool2      |          0.020        0.550        0.500        2.504     1131.187      143.784      332.021
OD_TOfail.hpc.cust       |          0.044        0.500        0.500        5.495     1131.187      143.784      304.721
OD_TOfail.bld3.cool3     |          0.067        1.000        1.000        7.342     1569.487      257.561      577.729
OD_TOfail.bld3.cool4     |          0.061        1.000        1.000        6.691     1569.487      257.561      577.729
OD_TOfail.byp_bld.bypBld |          0.005        1.000        1.000        3.576      641.560       23.352       28.745



----------------------------------------------------------------------------
                              POINT: OD_TOC
----------------------------------------------------------------------------
                       PERFORMANCE CHARACTERISTICS
    Mach      Alt       W      Fn      Fg    Fram     OPR     TSFC      BPR 
 0.74000  28000.0 407.229  7000.0 16400.0  9400.0  38.067  0.57833    5.793
------------------------------------------------------------------------------------------------------------------------------------------------
                            FLOW STATIONS
------------------------------------------------------------------------------------------------------------------------------------------------
------------------------------------------------------------------------------------------------------------------------------------------------
Flow Station           |          tot:P        tot:T        tot:h        tot:S       stat:P       stat:W      stat:MN       stat:V    stat:area
------------------------------------------------------------------------------------------------------------------------------------------------
OD_TOC.fc.Fl_O         |          6.873      464.798      -19.097        1.657        4.776      407.229        0.740      742.670     2565.157
OD_TOC.inlet.Fl_O      |          6.867      464.798      -19.097        1.657        6.654      407.229        0.212      223.298     6735.349
OD_TOC.fan.Fl_O        |         13.179      572.220        6.672        1.662       12.883      407.229        0.181      210.943     4545.356
OD_TOC.splitter.Fl_O1  |         13.179      572.220        6.672        1.662       12.965       59.951        0.153      178.798      785.847
OD_TOC.splitter.Fl_O2  |         13.179      572.220        6.672        1.662       12.973      347.278        0.150      175.470     4636.498
OD_TOC.duct4.Fl_O      |         13.115      572.220        6.672        1.663       12.874       59.951        0.163      190.671      741.655
OD_TOC.lpc.Fl_O        |         16.010      608.638       15.427        1.664       15.790       59.951        0.141      169.612      724.024
OD_TOC.duct6.Fl_O      |         15.848      608.638       15.427        1.665       15.529       59.951        0.171      205.777      605.686
OD_TOC.hpc.Fl_O        |        261.391     1394.809      211.492        1.678      258.858       53.028        0.120      215.779       70.467
OD_TOC.bld3.Fl_O       |        261.391     1394.809      211.492        1.678      256.910       46.215        0.160      287.433       46.362
OD_TOC.burner.Fl_O     |        247.276     2920.718      206.468        1.919      247.267       47.340        0.008       19.245     1550.003
OD_TOC.hpt.Fl_O        |         55.073     2047.202       -0.690        1.912       54.557       54.152        0.120      256.966      420.907
OD_TOC.duct11.Fl_O     |         54.792     2047.202       -0.690        1.913       54.360       54.152        0.110      235.593      460.918
OD_TOC.lpt.Fl_O        |          7.582     1294.696     -181.027        1.920        7.335       58.408        0.222      382.851     1424.321
OD_TOC.duct13.Fl_O     |          7.501     1294.696     -181.027        1.921        7.211       58.408        0.242      417.379     1326.780
OD_TOC.core_nozz.Fl_O  |          7.501     1294.696     -181.027        1.921        4.776       58.408        0.840     1375.647      545.703
OD_TOC.byp_bld.Fl_O    |         13.179      572.220        6.672        1.662       12.973      345.542        0.150      175.470     4613.315
OD_TOC.duct15.Fl_O     |         12.982      572.220        6.672        1.663       12.625      345.542        0.200      233.557     3549.111
OD_TOC.byp_nozz.Fl_O   |         12.982      572.220        6.672        1.663        6.857      345.542        1.000     1070.678     1197.320
------------------------------------------------------------------------------------------------------------------------------------------------
-------------------------------------------------------------------------------------------------------------------------------------------------------------------------------------------------------
                          COMPRESSOR PROPERTIES
-------------------------------------------------------------------------------------------------------------------------------------------------------------------------------------------------------
Compressor    |           Wc         Pr      eta_a      eta_p         Nc        pwr   RlineMap      NcMap      WcMap      PRmap   alphaMap        SMN        SMW     effMap
-------------------------------------------------------------------------------------------------------------------------------------------------------------------------------------------------------
OD_TOC.fan    |      825.057      1.919      0.886      0.896  14665.954 -14847.450      2.284      1.018      1.700    811.430      0.000     35.730     29.725      0.881
OD_TOC.lpc    |       70.558      1.221      0.919      0.922  13217.847   -742.583      2.132      1.025      2.032     89.289      0.000     12.261     12.029      0.920
OD_TOC.hpc    |       60.222     16.494      0.907      0.935  14916.705 -15670.362      2.054      0.977      9.426     49.654      0.000     22.403     22.276      0.870
-------------------------------------------------------------------------------------------------------------------------------------------------------------------------------------------------------
---------------------------------------------------------------------------
                            BURNER PROPERTIES
---------------------------------------------------------------------------
Burner              |           dPqP        TtOut        Wfuel          FAR
OD_TOC.burner       |         0.0540      2920.72       1.1245      0.02433
--------------------------------------------------------------------------------------------------------------------------------------
                            TURBINE PROPERTIES
--------------------------------------------------------------------------------------------------------------------------------------
Turbine       |             Wp           PR        eff_a        eff_p           Np          pwr        NpMap        PRmap     alphaMap
OD_TOC.hpt    |         10.346        4.490        0.900        0.883      298.994    15920.362       99.979        5.985        1.000
OD_TOC.lpt    |         44.718        7.227        0.900        0.875      306.843    15590.034      102.048        6.061        1.000
-------------------------------------------------------------------------------------------------------------------------
                            NOZZLE PROPERTIES
-------------------------------------------------------------------------------------------------------------------------
Nozzle        |             PR           Cv          Cfg          Ath         MNth        MNout            V           Fg
OD_TOC.core_nozz|          1.570        0.993        N/A        545.703        0.840        0.840     1375.647     2480.580
OD_TOC.byp_nozz|          2.718        0.994        N/A       1197.320        1.000        1.000     1070.678    13919.463
---------------------------------------------------------------------------------------------------------------------------
                            SHAFT PROPERTIES
---------------------------------------------------------------------------------------------------------------------------
Shaft               |                 Nmech               trqin              trqout               pwrin              pwrout
OD_TOC.hp_shaft     |             16158.722            5174.635           -5093.377           15920.352          -15670.352
OD_TOC.lp_shaft     |             13883.429            5897.720           -5897.720           15590.024          -15590.024
--------------------------------------------------------------------------------------------------------------------
                            BLEED PROPERTIES
--------------------------------------------------------------------------------------------------------------------
Bleed                 |         Wb/Win        Pfrac     Workfrac            W           Tt           ht           Pt
OD_TOC.hpc.cool1      |          0.051        0.500        0.500        3.040     1010.253      113.459      138.619
OD_TOC.hpc.cool2      |          0.020        0.550        0.500        1.215     1010.253      113.459      150.897
OD_TOC.hpc.cust       |          0.044        0.500        0.500        2.668     1010.253      113.459      138.619
OD_TOC.bld3.cool3     |          0.067        1.000        1.000        3.564     1394.809      211.492      261.391
OD_TOC.bld3.cool4     |          0.061        1.000        1.000        3.248     1394.809      211.492      261.391
OD_TOC.byp_bld.bypBld |          0.005        1.000        1.000        1.736      572.220        6.672       13.179



----------------------------------------------------------------------------
                              POINT: OD_SLS
----------------------------------------------------------------------------
                       PERFORMANCE CHARACTERISTICS
    Mach      Alt       W      Fn      Fg    Fram     OPR     TSFC      BPR 
 0.00001      0.0 978.804 77706.7 77707.0     0.3 -29.681  0.19633    5.761
------------------------------------------------------------------------------------------------------------------------------------------------
                            FLOW STATIONS
------------------------------------------------------------------------------------------------------------------------------------------------
------------------------------------------------------------------------------------------------------------------------------------------------
Flow Station           |          tot:P        tot:T        tot:h        tot:S       stat:P       stat:W      stat:MN       stat:V    stat:area
------------------------------------------------------------------------------------------------------------------------------------------------
OD_SLS.fc.Fl_O         |         14.696      518.670       -6.182        1.631       14.696      978.804        0.000        0.011165071689.542
OD_SLS.inlet.Fl_O      |         14.681      518.670       -6.182        1.631       14.032      978.804        0.255      282.908     6735.349
OD_SLS.fan.Fl_O        |         31.838      661.733       28.215        1.637       31.016      978.804        0.194      243.302     4545.356
OD_SLS.splitter.Fl_O1  |         31.838      661.733       28.215        1.637       31.241      144.763        0.165      207.057      785.847
OD_SLS.splitter.Fl_O2  |         31.838      661.733       28.215        1.637       31.269      834.040        0.161      202.063     4636.498
OD_SLS.duct4.Fl_O      |         31.685      661.733       28.215        1.637       31.010      144.763        0.176      220.867      741.655
OD_SLS.lpc.Fl_O        |         37.314      696.927       36.712        1.638       36.684      144.763        0.156      201.683      724.024
OD_SLS.duct6.Fl_O      |         36.937      696.927       36.712        1.639       36.019      144.763        0.190      244.969      605.686
OD_SLS.hpc.Fl_O        |       -435.754     2326.965      -13.073          nan     -370.716      128.046       -0.265     -608.277       70.467
OD_SLS.bld3.Fl_O       |       -435.754     2326.965      466.397          nan     -370.716      111.596       -0.351     -805.515       46.362
OD_SLS.burner.Fl_O     |       -412.224     9290.676      449.333          nan     -348.619      115.833       -0.033     -218.743     1550.003
OD_SLS.hpt.Fl_O        |       -128.209     8922.273    10282.438          nan     -109.789      132.283       -0.443    -2782.765      420.907
OD_SLS.duct11.Fl_O     |       -127.555     8922.259    10282.438          nan     -109.229      132.283       -0.407    -2554.239      460.918
OD_SLS.lpt.Fl_O        |        -16.713     8254.671    10216.522          nan      -14.542      142.559       -1.069    -5990.133     1424.321
OD_SLS.duct13.Fl_O     |        -16.534     8251.597    10216.522          nan      -14.387      142.559       -1.160    -6494.692     1326.780
OD_SLS.core_nozz.Fl_O  |        -16.534     8251.597    10216.522          nan       24.616      142.559        1.000     4588.413      669.691
OD_SLS.byp_bld.Fl_O    |         31.838      661.733       28.215        1.637       31.269      829.870        0.161      202.063     4613.315
OD_SLS.duct15.Fl_O     |         31.363      661.733       28.215        1.638       30.373      829.870        0.215      269.320     3549.111
OD_SLS.byp_nozz.Fl_O   |         31.363      661.733       28.215        1.638       16.569      829.870        1.000     1151.323     1280.451
------------------------------------------------------------------------------------------------------------------------------------------------
-------------------------------------------------------------------------------------------------------------------------------------------------------------------------------------------------------
                          COMPRESSOR PROPERTIES
-------------------------------------------------------------------------------------------------------------------------------------------------------------------------------------------------------
Compressor    |           Wc         Pr      eta_a      eta_p         Nc        pwr   RlineMap      NcMap      WcMap      PRmap   alphaMap        SMN        SMW     effMap
-------------------------------------------------------------------------------------------------------------------------------------------------------------------------------------------------------
OD_SLS.fan    |      979.787      2.169      0.896      0.906  15371.450 -47635.093      1.795      1.067      1.890    813.279      0.000     21.099     30.454      0.890
OD_SLS.lpc    |       75.840      1.178      0.894      0.896  13608.779  -1740.349      1.003      0.896      1.831     70.610      0.000      0.073    -23.304      0.894
OD_SLS.hpc    |       66.763    -11.797     -4.748        nan  12004.114   9608.248     15.170      0.646     -5.959     16.557      0.000   -157.533   -181.866     -4.558
-------------------------------------------------------------------------------------------------------------------------------------------------------------------------------------------------------
---------------------------------------------------------------------------
                            BURNER PROPERTIES
---------------------------------------------------------------------------
Burner              |           dPqP        TtOut        Wfuel          FAR
OD_SLS.burner       |         0.0540      9290.68       4.2378      0.03797
--------------------------------------------------------------------------------------------------------------------------------------
                            TURBINE PROPERTIES
--------------------------------------------------------------------------------------------------------------------------------------
Turbine       |             Wp           PR        eff_a        eff_p           Np          pwr        NpMap        PRmap     alphaMap
OD_SLS.hpt    |        -27.085        3.215        0.782          nan      144.363 -1839981.775       47.466        4.164        1.000
OD_SLS.lpt    |        -97.959        7.632        0.679          nan      162.734  -136023.340       33.483        6.390        1.000
-------------------------------------------------------------------------------------------------------------------------
                            NOZZLE PROPERTIES
-------------------------------------------------------------------------------------------------------------------------
Nozzle        |             PR           Cv          Cfg          Ath         MNth        MNout            V           Fg
OD_SLS.core_nozz|          1.663        0.993        N/A        669.691        1.000        1.000     4588.413    43336.582
OD_SLS.byp_nozz|          2.455        0.994        N/A       1280.451        1.000        1.000     1151.323    34370.452
---------------------------------------------------------------------------------------------------------------------------
                            SHAFT PROPERTIES
---------------------------------------------------------------------------------------------------------------------------
Shaft               |                 Nmech               trqin              trqout               pwrin              pwrout
OD_SLS.hp_shaft     |             13914.840            3626.601         -694494.998            9608.242        -1839980.681
OD_SLS.lp_shaft     |             15371.450               0.000          -63346.969               0.000         -185398.671
--------------------------------------------------------------------------------------------------------------------
                            BLEED PROPERTIES
--------------------------------------------------------------------------------------------------------------------
Bleed                 |         Wb/Win        Pfrac     Workfrac            W           Tt           ht           Pt
OD_SLS.hpc.cool1      |          0.051        0.500        0.500        7.341     1547.839       11.819     -199.409
OD_SLS.hpc.cool2      |          0.020        0.550        0.500        2.935     1547.839       11.819     -223.043
OD_SLS.hpc.cust       |          0.044        0.500        0.500        6.442     1547.839       11.819     -199.409
OD_SLS.bld3.cool3     |          0.067        1.000        1.000        8.606     2326.965      466.397     -435.754
OD_SLS.bld3.cool4     |          0.061        1.000        1.000        7.844     2326.965      466.397     -435.754
OD_SLS.byp_bld.bypBld |          0.005        1.000        1.000        4.170      661.733       28.215       31.838
