


----------------------------------------------------------------------------
                              POINT: DESIGN
----------------------------------------------------------------------------
                       PERFORMANCE CHARACTERISTICS
    Mach      Alt       W      Fn      Fg    Fram     OPR     TSFC      BPR 
 0.74000  28000.0 634.720 10000.0 24651.2 14651.2  33.555  0.62167    5.900
------------------------------------------------------------------------------------------------------------------------------------------------
                            FLOW STATIONS
------------------------------------------------------------------------------------------------------------------------------------------------
------------------------------------------------------------------------------------------------------------------------------------------------
Flow Station           |          tot:P        tot:T        tot:h        tot:S       stat:P       stat:W      stat:MN       stat:V    stat:area
------------------------------------------------------------------------------------------------------------------------------------------------
DESIGN.fc.Fl_O         |          6.873      464.798      -19.097        1.657        4.776      634.720        0.740      742.670     3998.133
DESIGN.inlet.Fl_O      |          6.867      464.798      -19.097        1.657        4.949      634.720        0.700      706.205     4100.401
DESIGN.fan.Fl_O        |          9.957      522.695       -5.216        1.660        8.665      634.720        0.450      494.494     3970.265
DESIGN.splitter.Fl_O1  |          9.957      522.695       -5.216        1.660        9.274       91.988        0.320      355.062      763.365
DESIGN.splitter.Fl_O2  |          9.957      522.695       -5.216        1.660        8.558      542.732        0.470      515.563     3284.998
DESIGN.duct4.Fl_O      |          9.909      522.695       -5.216        1.660        9.189       91.988        0.330      365.925      746.648
DESIGN.lpc.Fl_O        |         26.754      707.646       39.304        1.665       25.138       91.988        0.300      387.234      350.524
DESIGN.duct6.Fl_O      |         26.483      707.646       39.304        1.666       24.338       91.988        0.350      450.375      309.343
DESIGN.hpc.Fl_O        |        230.405     1343.597      198.165        1.677      222.978       81.365        0.220      387.933       66.846
DESIGN.bld3.Fl_O       |        230.405     1343.597      198.165        1.677      217.688       70.912        0.290      509.839       45.118
DESIGN.burner.Fl_O     |        222.571     2880.000      193.454        1.922      221.149       72.639        0.100      251.683      200.222
DESIGN.hpt.Fl_O        |         67.663     2140.954       26.206        1.911       62.496       83.092        0.350      760.478      195.975
DESIGN.duct11.Fl_O     |         67.318     2140.954       26.206        1.912       63.337       83.092        0.306      666.896      221.472
DESIGN.lpt.Fl_O        |         17.637     1555.326     -111.055        1.912       15.953       89.622        0.390      727.260      624.996
DESIGN.duct13.Fl_O     |         17.448     1555.326     -111.055        1.913       15.535       89.622        0.420      781.741      594.729
DESIGN.core_nozz.Fl_O  |         17.448     1555.326     -111.055        1.913        9.373       89.622        1.000     1752.244      386.696
DESIGN.byp_bld.Fl_O    |          9.957      522.695       -5.216        1.660        8.558      540.018        0.470      515.563     3268.573
DESIGN.duct15.Fl_O     |          9.808      522.695       -5.216        1.661        8.323      540.018        0.490      536.519     3217.811
DESIGN.byp_nozz.Fl_O   |          9.808      522.695       -5.216        1.661        5.180      540.018        1.000     1023.308     2366.863
------------------------------------------------------------------------------------------------------------------------------------------------
-------------------------------------------------------------------------------------------------------------------------------------------------------------------------------------------------------
                          COMPRESSOR PROPERTIES
-------------------------------------------------------------------------------------------------------------------------------------------------------------------------------------------------------
Compressor    |           Wc         Pr      eta_a      eta_p         Nc        pwr   RlineMap      NcMap      WcMap      PRmap   alphaMap        SMN        SMW     effMap
-------------------------------------------------------------------------------------------------------------------------------------------------------------------------------------------------------
DESIGN.fan    |     1285.960      1.450      0.900      0.905   4225.456 -12465.414      2.200      0.990      1.685    803.556      0.000     36.641     29.886      0.895
DESIGN.lpc    |      136.959      2.700      0.924      0.934   3984.569  -5794.297      2.150      1.000      1.935     87.666      0.000     15.987     15.644      0.924
DESIGN.hpc    |       59.624      8.700      0.907      0.930  11985.756 -19481.908      2.050      0.976      9.374     49.454      0.000     22.598     22.468      0.871
-------------------------------------------------------------------------------------------------------------------------------------------------------------------------------------------------------
---------------------------------------------------------------------------
                            BURNER PROPERTIES
---------------------------------------------------------------------------
Burner              |           dPqP        TtOut        Wfuel          FAR
DESIGN.burner       |         0.0340      2880.00       1.7269      0.02435
--------------------------------------------------------------------------------------------------------------------------------------
                            TURBINE PROPERTIES
--------------------------------------------------------------------------------------------------------------------------------------
Turbine       |             Wp           PR        eff_a        eff_p           Np          pwr        NpMap        PRmap     alphaMap
DESIGN.hpt    |         17.515        3.289        0.900        0.887      260.875    19731.909      100.000        6.000        1.000
DESIGN.lpt    |         57.113        3.817        0.900        0.884       86.448    18259.711      100.000        6.000        1.000
-------------------------------------------------------------------------------------------------------------------------
                            NOZZLE PROPERTIES
-------------------------------------------------------------------------------------------------------------------------
Nozzle        |             PR           Cv          Cfg          Ath         MNth        MNout            V           Fg
DESIGN.core_nozz|          3.653        0.993        N/A        386.696        1.000        1.000     1752.244     6625.695
DESIGN.byp_nozz|          2.053        0.994        N/A       2366.863        1.000        1.000     1023.308    18025.504
---------------------------------------------------------------------------------------------------------------------------
                            SHAFT PROPERTIES
---------------------------------------------------------------------------------------------------------------------------
Shaft               |                 Nmech               trqin              trqout               pwrin              pwrout
DESIGN.hp_shaft     |             14000.000            7402.440           -7308.652           19731.897          -19481.897
DESIGN.lp_shaft     |              4000.000           23975.502          -23975.502           18259.700          -18259.700
--------------------------------------------------------------------------------------------------------------------
                            BLEED PROPERTIES
--------------------------------------------------------------------------------------------------------------------
Bleed                 |         Wb/Win        Pfrac     Workfrac            W           Tt           ht           Pt
DESIGN.hpc.cool1      |          0.051        0.500        0.500        4.665     1031.417      118.734      128.444
DESIGN.hpc.cool2      |          0.020        0.550        0.500        1.865     1031.417      118.734      138.640
DESIGN.hpc.cust       |          0.044        0.500        0.500        4.093     1031.417      118.734      128.444
DESIGN.bld3.cool3     |          0.067        1.000        1.000        5.469     1343.597      198.165      230.405
DESIGN.bld3.cool4     |          0.061        1.000        1.000        4.984     1343.597      198.165      230.405
DESIGN.byp_bld.bypBld |          0.005        1.000        1.000        2.714      522.695       -5.216        9.957



----------------------------------------------------------------------------
                              POINT: OD_TOfail
----------------------------------------------------------------------------
                       PERFORMANCE CHARACTERISTICS
    Mach      Alt       W      Fn      Fg    Fram     OPR     TSFC      BPR 
 0.18000      0.0 1334.852 38700.3 47038.4  8338.1  37.818  0.46071    5.458
------------------------------------------------------------------------------------------------------------------------------------------------
                            FLOW STATIONS
------------------------------------------------------------------------------------------------------------------------------------------------
------------------------------------------------------------------------------------------------------------------------------------------------
Flow Station           |          tot:P        tot:T        tot:h        tot:S       stat:P       stat:W      stat:MN       stat:V    stat:area
------------------------------------------------------------------------------------------------------------------------------------------------
OD_TOfail.fc.Fl_O      |         15.032      522.033       -5.375        1.631       14.696     1334.852        0.180      200.974    12506.553
OD_TOfail.inlet.Fl_O   |         15.017      522.033       -5.375        1.631       10.526     1334.852        0.731      778.132     4100.401
OD_TOfail.fan.Fl_O     |         22.901      596.724       12.562        1.635       20.088     1334.852        0.437      513.287     3970.265
OD_TOfail.splitter.Fl_O|         22.901      596.724       12.562        1.635       21.177      206.710        0.336      398.097      763.365
OD_TOfail.splitter.Fl_O|         22.901      596.724       12.562        1.635       19.943     1128.142        0.449      527.016     3284.998
OD_TOfail.duct4.Fl_O   |         22.791      596.724       12.562        1.635       20.971      206.710        0.347      410.432      746.648
OD_TOfail.lpc.Fl_O     |         61.538      818.854       66.311        1.643       57.402      206.710        0.318      440.126      350.524
OD_TOfail.duct6.Fl_O   |         60.916      818.854       66.311        1.644       55.402      206.710        0.372      513.050      309.343
OD_TOfail.hpc.Fl_O     |        567.911     1570.476      257.825        1.656      550.139      182.839        0.218      413.183       66.846
OD_TOfail.bld3.Fl_O    |        567.911     1570.476      257.825        1.656      537.500      159.349        0.287      542.805       45.118
OD_TOfail.burner.Fl_O  |        548.602     3420.000      250.053        1.921      548.544      164.302        0.013       35.256     1550.003
OD_TOfail.hpt.Fl_O     |        168.063     2573.762       51.449        1.909      155.280      187.791        0.352      832.291      195.975
OD_TOfail.duct11.Fl_O  |        167.206     2573.762       51.449        1.909      157.360      187.791        0.308      729.769      221.472
OD_TOfail.lpt.Fl_O     |         44.214     1895.456     -113.668        1.908       40.036      202.464        0.391      798.895      624.996
OD_TOfail.duct13.Fl_O  |         43.741     1895.456     -113.668        1.909       38.993      202.464        0.421      858.786      594.729
OD_TOfail.core_nozz.Fl_|         43.741     1895.456     -113.668        1.909       23.655      202.464        1.000     1927.955      386.696
OD_TOfail.byp_bld.Fl_O |         22.901      596.724       12.562        1.635       19.943     1122.501        0.449      527.016     3268.573
OD_TOfail.duct15.Fl_O  |         22.559      596.724       12.562        1.636       19.423     1122.501        0.467      547.873     3217.811
OD_TOfail.byp_nozz.Fl_O|         22.559      596.724       12.562        1.636       14.696     1122.501        0.807      909.083     2366.863
------------------------------------------------------------------------------------------------------------------------------------------------
-------------------------------------------------------------------------------------------------------------------------------------------------------------------------------------------------------
                          COMPRESSOR PROPERTIES
-------------------------------------------------------------------------------------------------------------------------------------------------------------------------------------------------------
Compressor    |           Wc         Pr      eta_a      eta_p         Nc        pwr   RlineMap      NcMap      WcMap      PRmap   alphaMap        SMN        SMW     effMap
-------------------------------------------------------------------------------------------------------------------------------------------------------------------------------------------------------
OD_TOfail.fan |     1310.548      1.525      0.895      0.901   4489.969 -33875.423      2.094      1.052      1.799    818.921      0.000     28.459     23.413      0.890
OD_TOfail.lpc |      142.969      2.700      0.874      0.890   4199.574 -15719.926      3.348      1.054      1.935     91.513      0.000     20.508     20.298      0.874
OD_TOfail.hpc |       62.659      9.323      0.903      0.927  12142.411 -52776.657      2.093      0.989     10.052     51.971      0.000     19.924     19.831      0.867
-------------------------------------------------------------------------------------------------------------------------------------------------------------------------------------------------------
---------------------------------------------------------------------------
                            BURNER PROPERTIES
---------------------------------------------------------------------------
Burner              |           dPqP        TtOut        Wfuel          FAR
OD_TOfail.burner    |         0.0340      3420.00       4.9527      0.03108
--------------------------------------------------------------------------------------------------------------------------------------
                            TURBINE PROPERTIES
--------------------------------------------------------------------------------------------------------------------------------------
Turbine       |             Wp           PR        eff_a        eff_p           Np          pwr        NpMap        PRmap     alphaMap
OD_TOfail.hpt |         17.515        3.264        0.901        0.888      260.885    53026.658      100.004        5.945        1.000
OD_TOfail.lpt |         56.978        3.782        0.900        0.885       88.790    49595.350      102.708        5.937        1.000
-------------------------------------------------------------------------------------------------------------------------
                            NOZZLE PROPERTIES
-------------------------------------------------------------------------------------------------------------------------
Nozzle        |             PR           Cv          Cfg          Ath         MNth        MNout            V           Fg
OD_TOfail.core_nozz|          2.976        0.993        N/A        386.696        1.000        1.000     1927.955    15515.343
OD_TOfail.byp_nozz|          1.535        0.994        N/A       2366.863        0.807        0.807      909.083    31523.036
---------------------------------------------------------------------------------------------------------------------------
                            SHAFT PROPERTIES
---------------------------------------------------------------------------------------------------------------------------
Shaft               |                 Nmech               trqin              trqout               pwrin              pwrout
OD_TOfail.hp_shaft  |             15256.772           18254.309          -18168.247           53026.626          -52776.626
OD_TOfail.lp_shaft  |              4504.500           57826.672          -57826.672           49595.320          -49595.320
-----------------------------------------------------------------------------------------------------------------------
                            BLEED PROPERTIES
-----------------------------------------------------------------------------------------------------------------------
Bleed                    |         Wb/Win        Pfrac     Workfrac            W           Tt           ht           Pt
OD_TOfail.hpc.cool1      |          0.051        0.500        0.500       10.482     1203.237      162.068      314.414
OD_TOfail.hpc.cool2      |          0.020        0.550        0.500        4.191     1203.237      162.068      339.763
OD_TOfail.hpc.cust       |          0.044        0.500        0.500        9.199     1203.237      162.068      314.414
OD_TOfail.bld3.cool3     |          0.067        1.000        1.000       12.289     1570.476      257.825      567.911
OD_TOfail.bld3.cool4     |          0.061        1.000        1.000       11.200     1570.476      257.825      567.911
OD_TOfail.byp_bld.bypBld |          0.005        1.000        1.000        5.641      596.724       12.562       22.901
