


----------------------------------------------------------------------------
                              POINT: DESIGN
----------------------------------------------------------------------------
                       PERFORMANCE CHARACTERISTICS
    Mach      Alt       W      Fn      Fg    Fram     OPR     TSFC      BPR 
 0.74000  28000.0 620.000 10400.6 24712.0 14311.4  36.835  0.57189    5.900
------------------------------------------------------------------------------------------------------------------------------------------------
                            FLOW STATIONS
------------------------------------------------------------------------------------------------------------------------------------------------
------------------------------------------------------------------------------------------------------------------------------------------------
Flow Station           |          tot:P        tot:T        tot:h        tot:S       stat:P       stat:W      stat:MN       stat:V    stat:area
------------------------------------------------------------------------------------------------------------------------------------------------
DESIGN.fc.Fl_O         |          6.873      464.798      -19.097        1.657        4.776      620.000        0.740      742.670     3905.409
DESIGN.inlet.Fl_O      |          6.867      464.798      -19.097        1.657        4.949      620.000        0.700      706.205     4005.305
DESIGN.fan.Fl_O        |         13.046      568.793        5.849        1.662       11.354      620.000        0.450      515.745     3088.006
DESIGN.splitter.Fl_O1  |         13.046      568.793        5.849        1.662       12.153       89.855        0.320      370.307      593.751
DESIGN.splitter.Fl_O2  |         13.046      568.793        5.849        1.662       11.215      530.145        0.470      537.723     2555.005
DESIGN.duct4.Fl_O      |         12.984      568.793        5.849        1.662       12.041       89.855        0.330      381.638      580.747
DESIGN.lpc.Fl_O        |         15.581      601.645       13.745        1.663       14.638       89.855        0.300      357.405      541.575
DESIGN.duct6.Fl_O      |         15.423      601.645       13.745        1.664       14.171       89.855        0.350      415.662      477.969
DESIGN.hpc.Fl_O        |        252.928     1377.533      206.987        1.677      244.786       79.478        0.220      392.520       60.271
DESIGN.bld3.Fl_O       |        252.928     1377.533      206.987        1.677      238.987       69.268        0.290      515.877       40.679
DESIGN.burner.Fl_O     |        239.270     2880.000      202.165        1.916      237.740       70.920        0.100      251.713      181.819
DESIGN.hpt.Fl_O        |         53.350     2017.192       -1.838        1.910       49.262       81.131        0.350      739.422      235.167
DESIGN.duct11.Fl_O     |         53.078     2017.192       -1.838        1.910       49.928       81.131        0.306      648.450      265.756
DESIGN.lpt.Fl_O        |          7.435     1277.418     -178.509        1.918        6.717       87.509        0.390      662.714     1304.686
DESIGN.duct13.Fl_O     |          7.355     1277.418     -178.509        1.919        6.540       87.509        0.420      712.293     1241.601
DESIGN.core_nozz.Fl_O  |          7.355     1277.418     -178.509        1.919        4.776       87.509        0.820     1338.090      833.352
DESIGN.byp_bld.Fl_O    |         13.046      568.793        5.849        1.662       11.215      527.494        0.470      537.723     2542.229
DESIGN.duct15.Fl_O     |         12.852      568.793        5.849        1.663       10.907      527.494        0.490      559.583     2502.736
DESIGN.byp_nozz.Fl_O   |         12.852      568.793        5.849        1.663        6.788      527.494        1.000     1067.468     1840.763
------------------------------------------------------------------------------------------------------------------------------------------------
-------------------------------------------------------------------------------------------------------------------------------------------------------------------------------------------------------
                          COMPRESSOR PROPERTIES
-------------------------------------------------------------------------------------------------------------------------------------------------------------------------------------------------------
Compressor    |           Wc         Pr      eta_a      eta_p         Nc        pwr   RlineMap      NcMap      WcMap      PRmap   alphaMap        SMN        SMW     effMap
-------------------------------------------------------------------------------------------------------------------------------------------------------------------------------------------------------
DESIGN.fan    |     1256.136      1.900      0.900      0.909  14260.913 -21882.743      2.200      0.990      1.685    803.556      0.000     36.641     29.886      0.895
DESIGN.lpc    |      106.505      1.200      0.924      0.926  12891.467  -1003.816      2.150      1.000      1.935     87.666      0.000     15.987     15.644      0.924
DESIGN.hpc    |       92.212     16.399      0.907      0.935  14901.272 -23148.664      2.050      0.976      9.374     49.454      0.000     22.598     22.468      0.871
-------------------------------------------------------------------------------------------------------------------------------------------------------------------------------------------------------
---------------------------------------------------------------------------
                            BURNER PROPERTIES
---------------------------------------------------------------------------
Burner              |           dPqP        TtOut        Wfuel          FAR
DESIGN.burner       |         0.0540      2880.00       1.6522      0.02385
--------------------------------------------------------------------------------------------------------------------------------------
                            TURBINE PROPERTIES
--------------------------------------------------------------------------------------------------------------------------------------
Turbine       |             Wp           PR        eff_a        eff_p           Np          pwr        NpMap        PRmap     alphaMap
DESIGN.hpt    |         15.907        4.485        0.900        0.883      299.055    23486.745      100.000        6.000        1.000
DESIGN.lpt    |         68.651        7.139        0.900        0.875      300.580    22886.558      100.000        6.000        1.000
-------------------------------------------------------------------------------------------------------------------------
                            NOZZLE PROPERTIES
-------------------------------------------------------------------------------------------------------------------------
Nozzle        |             PR           Cv          Cfg          Ath         MNth        MNout            V           Fg
DESIGN.core_nozz|          1.540        0.993        N/A        833.352        0.820        0.820     1338.090     3615.031
DESIGN.byp_nozz|          2.691        0.994        N/A       1840.763        1.000        1.000     1067.468    21096.990
---------------------------------------------------------------------------------------------------------------------------
                            SHAFT PROPERTIES
---------------------------------------------------------------------------------------------------------------------------
Shaft               |                 Nmech               trqin              trqout               pwrin              pwrout
DESIGN.hp_shaft     |             16049.000            7686.147           -7575.508           23486.731          -23148.650
DESIGN.lp_shaft     |             13500.000            8903.905           -8903.905           22886.545          -22886.545
--------------------------------------------------------------------------------------------------------------------
                            BLEED PROPERTIES
--------------------------------------------------------------------------------------------------------------------
Bleed                 |         Wb/Win        Pfrac     Workfrac            W           Tt           ht           Pt
DESIGN.hpc.cool1      |          0.051        0.500        0.500        4.556      997.817      110.366      134.175
DESIGN.hpc.cool2      |          0.020        0.550        0.500        1.822      997.817      110.366      146.051
DESIGN.hpc.cust       |          0.044        0.500        0.500        3.999      997.817      110.366      134.175
DESIGN.bld3.cool3     |          0.067        1.000        1.000        5.342     1377.533      206.987      252.928
DESIGN.bld3.cool4     |          0.061        1.000        1.000        4.869     1377.533      206.987      252.928
DESIGN.byp_bld.bypBld |          0.005        1.000        1.000        2.651      568.793        5.849       13.046



----------------------------------------------------------------------------
                              POINT: OD_TOfail
----------------------------------------------------------------------------
                       PERFORMANCE CHARACTERISTICS
    Mach      Alt       W      Fn      Fg    Fram     OPR     TSFC      BPR 
 0.18000      0.0 1290.098 37548.0 45606.6  8058.6  38.529  0.41225    5.784
------------------------------------------------------------------------------------------------------------------------------------------------
                            FLOW STATIONS
------------------------------------------------------------------------------------------------------------------------------------------------
------------------------------------------------------------------------------------------------------------------------------------------------
Flow Station           |          tot:P        tot:T        tot:h        tot:S       stat:P       stat:W      stat:MN       stat:V    stat:area
------------------------------------------------------------------------------------------------------------------------------------------------
OD_TOfail.fc.Fl_O      |         15.032      522.033       -5.375        1.631       14.696     1290.098        0.180      200.974    12087.239
OD_TOfail.inlet.Fl_O   |         15.017      522.033       -5.375        1.631       10.698     1290.098        0.713      761.039     4005.305
OD_TOfail.fan.Fl_O     |         28.760      641.770       23.403        1.636       25.005     1290.098        0.452      549.723     3088.006
OD_TOfail.splitter.Fl_O|         28.760      641.770       23.403        1.636       26.705      190.160        0.327      402.059      593.751
OD_TOfail.splitter.Fl_O|         28.760      641.770       23.403        1.636       24.724     1099.937        0.470      571.073     2555.005
OD_TOfail.duct4.Fl_O   |         28.622      641.770       23.403        1.637       26.452      190.160        0.338      414.431      580.747
OD_TOfail.lpc.Fl_O     |         32.121      669.766       30.153        1.639       29.811      190.160        0.329      412.040      541.575
OD_TOfail.duct6.Fl_O   |         31.797      669.766       30.153        1.640       28.711      190.160        0.385      480.997      477.969
OD_TOfail.hpc.Fl_O     |        578.591     1570.260      257.767        1.655      560.432      168.200        0.218      413.759       60.271
OD_TOfail.bld3.Fl_O    |        578.591     1570.260      257.767        1.655      547.514      146.591        0.287      543.601       40.679
OD_TOfail.burner.Fl_O  |        547.347     3329.974      250.422        1.910      547.299      150.891        0.012       31.597     1550.003
OD_TOfail.hpt.Fl_O     |        122.765     2360.538       13.884        1.903      113.358      172.500        0.352      800.038      235.167
OD_TOfail.duct11.Fl_O  |        122.139     2360.538       13.884        1.903      114.893      172.500        0.308      701.486      265.756
OD_TOfail.lpt.Fl_O     |         19.442     1557.998     -183.194        1.909       17.965      185.998        0.346      646.676     1304.686
OD_TOfail.duct13.Fl_O  |         19.234     1557.998     -183.194        1.909       17.564      185.998        0.371      693.022     1241.601
OD_TOfail.core_nozz.Fl_|         19.234     1557.998     -183.194        1.909       14.695      185.998        0.645     1179.851      833.528
OD_TOfail.byp_bld.Fl_O |         28.760      641.770       23.403        1.636       24.724     1094.438        0.470      571.073     2542.229
OD_TOfail.duct15.Fl_O  |         28.332      641.770       23.403        1.637       24.044     1094.438        0.490      594.292     2502.736
OD_TOfail.byp_nozz.Fl_O|         28.332      641.770       23.403        1.637       14.966     1094.438        1.000     1133.842     1840.787
------------------------------------------------------------------------------------------------------------------------------------------------
-------------------------------------------------------------------------------------------------------------------------------------------------------------------------------------------------------
                          COMPRESSOR PROPERTIES
-------------------------------------------------------------------------------------------------------------------------------------------------------------------------------------------------------
Compressor    |           Wc         Pr      eta_a      eta_p         Nc        pwr   RlineMap      NcMap      WcMap      PRmap   alphaMap        SMN        SMW     effMap
-------------------------------------------------------------------------------------------------------------------------------------------------------------------------------------------------------
OD_TOfail.fan |     1266.609      1.915      0.888      0.898  14597.258 -52529.035      2.272      1.013      1.697    810.245      0.000     35.925     29.814      0.883
OD_TOfail.lpc |      108.608      1.122      0.764      0.768  13165.285  -1816.088      3.903      1.021      1.572     89.393      0.000     45.349     44.983      0.764
OD_TOfail.hpc |       99.874     18.197      0.900      0.930  15216.387 -57703.292      2.191      0.997     10.352     53.558      0.000     19.872     19.748      0.864
-------------------------------------------------------------------------------------------------------------------------------------------------------------------------------------------------------
---------------------------------------------------------------------------
                            BURNER PROPERTIES
---------------------------------------------------------------------------
Burner              |           dPqP        TtOut        Wfuel          FAR
OD_TOfail.burner    |         0.0540      3329.97       4.2997      0.02933
--------------------------------------------------------------------------------------------------------------------------------------
                            TURBINE PROPERTIES
--------------------------------------------------------------------------------------------------------------------------------------
Turbine       |             Wp           PR        eff_a        eff_p           Np          pwr        NpMap        PRmap     alphaMap
OD_TOfail.hpt |         15.908        4.459        0.901        0.884      299.645    57954.668      100.198        5.962        1.000
OD_TOfail.lpt |         68.619        6.282        0.899        0.877      301.418    54347.089      100.282        5.302        1.000
-------------------------------------------------------------------------------------------------------------------------
                            NOZZLE PROPERTIES
-------------------------------------------------------------------------------------------------------------------------
Nozzle        |             PR           Cv          Cfg          Ath         MNth        MNout            V           Fg
OD_TOfail.core_nozz|          1.309        0.993        N/A        833.528        0.645        0.645     1179.851     6775.017
OD_TOfail.byp_nozz|          1.928        0.994        N/A       1840.787        1.000        1.000     1133.842    38831.537
---------------------------------------------------------------------------------------------------------------------------
                            SHAFT PROPERTIES
---------------------------------------------------------------------------------------------------------------------------
Shaft               |                 Nmech               trqin              trqout               pwrin              pwrout
OD_TOfail.hp_shaft  |             17291.298           17603.323          -17526.969           57954.633          -57703.258
OD_TOfail.lp_shaft  |             14644.500           19491.064          -19490.359           54347.057          -54345.091
-----------------------------------------------------------------------------------------------------------------------
                            BLEED PROPERTIES
-----------------------------------------------------------------------------------------------------------------------
Bleed                    |         Wb/Win        Pfrac     Workfrac            W           Tt           ht           Pt
OD_TOfail.hpc.cool1      |          0.051        0.500        0.500        9.643     1131.884      143.960      305.194
OD_TOfail.hpc.cool2      |          0.020        0.550        0.500        3.855     1131.884      143.960      332.533
OD_TOfail.hpc.cust       |          0.044        0.500        0.500        8.462     1131.884      143.960      305.194
OD_TOfail.bld3.cool3     |          0.067        1.000        1.000       11.305     1570.260      257.767      578.591
OD_TOfail.bld3.cool4     |          0.061        1.000        1.000       10.303     1570.260      257.767      578.591
OD_TOfail.byp_bld.bypBld |          0.005        1.000        1.000        5.500      641.770       23.403       28.760



----------------------------------------------------------------------------
                              POINT: OD_TOC
----------------------------------------------------------------------------
                       PERFORMANCE CHARACTERISTICS
    Mach      Alt       W      Fn      Fg    Fram     OPR     TSFC      BPR 
 0.74000  28000.0 643.501 11999.5 26853.4 14853.9  41.992  0.59329    5.473
------------------------------------------------------------------------------------------------------------------------------------------------
                            FLOW STATIONS
------------------------------------------------------------------------------------------------------------------------------------------------
------------------------------------------------------------------------------------------------------------------------------------------------
Flow Station           |          tot:P        tot:T        tot:h        tot:S       stat:P       stat:W      stat:MN       stat:V    stat:area
------------------------------------------------------------------------------------------------------------------------------------------------
OD_TOC.fc.Fl_O         |          6.873      464.798      -19.097        1.657        4.776      643.501        0.740      742.670     4053.446
OD_TOC.inlet.Fl_O      |          6.867      464.798      -19.097        1.657        2.577      643.501        1.271     1167.686     4005.305
OD_TOC.fan.Fl_O        |         13.556      583.023        9.268        1.665       11.750      643.501        0.457      529.589     3088.006
OD_TOC.splitter.Fl_O1  |         13.556      583.023        9.268        1.665       12.462       99.409        0.349      407.969      593.751
OD_TOC.splitter.Fl_O2  |         13.556      583.023        9.268        1.665       11.653      544.093        0.470      544.404     2555.005
OD_TOC.duct4.Fl_O      |         13.491      583.023        9.268        1.665       12.335       99.409        0.360      420.743      580.747
OD_TOC.lpc.Fl_O        |         17.301      630.551       20.701        1.667       16.209       99.409        0.307      373.958      541.575
OD_TOC.duct6.Fl_O      |         17.126      630.551       20.701        1.668       15.673       99.409        0.358      435.279      477.969
OD_TOC.hpc.Fl_O        |        288.338     1450.388      226.049        1.681      279.137       87.929        0.219      401.014       60.271
OD_TOC.bld3.Fl_O       |        288.338     1450.388      226.049        1.681      272.585       76.633        0.289      526.982       40.679
OD_TOC.burner.Fl_O     |        272.768     3046.583      220.362        1.927      272.744       78.610        0.012       30.220     1550.003
OD_TOC.hpt.Fl_O        |         61.452     2146.482        5.170        1.920       56.820       89.906        0.348      756.378      235.167
OD_TOC.duct11.Fl_O     |         61.139     2146.482        5.170        1.920       57.569       89.906        0.304      663.451      265.756
OD_TOC.lpt.Fl_O        |          8.288     1356.866     -186.193        1.928        7.443       96.963        0.403      703.088     1304.686
OD_TOC.duct13.Fl_O     |          8.200     1356.866     -186.193        1.928        7.237       96.963        0.434      756.410     1241.601
OD_TOC.core_nozz.Fl_O  |          8.200     1356.866     -186.193        1.928        4.776       96.963        0.925     1532.790      833.383
OD_TOC.byp_bld.Fl_O    |         13.556      583.023        9.268        1.665       11.653      541.372        0.470      544.404     2542.229
OD_TOC.duct15.Fl_O     |         13.355      583.023        9.268        1.666       11.333      541.372        0.490      566.537     2502.736
OD_TOC.byp_nozz.Fl_O   |         13.355      583.023        9.268        1.666        7.053      541.372        1.000     1080.734     1840.797
------------------------------------------------------------------------------------------------------------------------------------------------
-------------------------------------------------------------------------------------------------------------------------------------------------------------------------------------------------------
                          COMPRESSOR PROPERTIES
-------------------------------------------------------------------------------------------------------------------------------------------------------------------------------------------------------
Compressor    |           Wc         Pr      eta_a      eta_p         Nc        pwr   RlineMap      NcMap      WcMap      PRmap   alphaMap        SMN        SMW     effMap
-------------------------------------------------------------------------------------------------------------------------------------------------------------------------------------------------------
OD_TOC.fan    |     1303.751      1.974      0.844      0.858  16011.856 -25825.156      2.600      1.112      1.742    833.988      0.000     33.444     29.284      0.839
OD_TOC.lpc    |      114.805      1.282      0.901      0.905  14296.533  -1608.007      2.560      1.109      2.320     94.493      0.000      3.370      3.333      0.901
OD_TOC.hpc    |       94.055     16.836      0.905      0.934  14976.929 -27214.294      2.078      0.981      9.612     50.440      0.000     21.856     21.740      0.869
-------------------------------------------------------------------------------------------------------------------------------------------------------------------------------------------------------
---------------------------------------------------------------------------
                            BURNER PROPERTIES
---------------------------------------------------------------------------
Burner              |           dPqP        TtOut        Wfuel          FAR
OD_TOC.burner       |         0.0540      3046.58       1.9776      0.02581
--------------------------------------------------------------------------------------------------------------------------------------
                            TURBINE PROPERTIES
--------------------------------------------------------------------------------------------------------------------------------------
Turbine       |             Wp           PR        eff_a        eff_p           Np          pwr        NpMap        PRmap     alphaMap
OD_TOC.hpt    |         15.907        4.439        0.901        0.884      299.179    27464.318      100.042        5.934        1.000
OD_TOC.lpt    |         68.130        7.376        0.901        0.875      327.163    27432.798      108.849        6.193        1.000
-------------------------------------------------------------------------------------------------------------------------
                            NOZZLE PROPERTIES
-------------------------------------------------------------------------------------------------------------------------
Nozzle        |             PR           Cv          Cfg          Ath         MNth        MNout            V           Fg
OD_TOC.core_nozz|          1.717        0.993        N/A        833.383        0.925        0.925     1532.790     4588.409
OD_TOC.byp_nozz|          2.796        0.994        N/A       1840.797        1.000        1.000     1080.734    22264.974
---------------------------------------------------------------------------------------------------------------------------
                            SHAFT PROPERTIES
---------------------------------------------------------------------------------------------------------------------------
Shaft               |                 Nmech               trqin              trqout               pwrin              pwrout
OD_TOC.hp_shaft     |             16513.429            8735.050           -8655.529           27464.302          -27214.278
OD_TOC.lp_shaft     |             15157.519            9505.518           -9505.645           27432.781          -27433.146
--------------------------------------------------------------------------------------------------------------------
                            BLEED PROPERTIES
--------------------------------------------------------------------------------------------------------------------
Bleed                 |         Wb/Win        Pfrac     Workfrac            W           Tt           ht           Pt
OD_TOC.hpc.cool1      |          0.051        0.500        0.500        5.041     1049.992      123.375      152.732
OD_TOC.hpc.cool2      |          0.020        0.550        0.500        2.015     1049.992      123.375      166.293
OD_TOC.hpc.cust       |          0.044        0.500        0.500        4.424     1049.992      123.375      152.732
OD_TOC.bld3.cool3     |          0.067        1.000        1.000        5.910     1450.388      226.049      288.338
OD_TOC.bld3.cool4     |          0.061        1.000        1.000        5.386     1450.388      226.049      288.338
OD_TOC.byp_bld.bypBld |          0.005        1.000        1.000        2.720      583.023        9.268       13.556



----------------------------------------------------------------------------
                              POINT: OD_SLS
----------------------------------------------------------------------------
                       PERFORMANCE CHARACTERISTICS
    Mach      Alt       W      Fn      Fg    Fram     OPR     TSFC      BPR 
 0.00001      0.0 1334.249 50017.0 50017.5     0.5  47.426  0.38183    5.200
------------------------------------------------------------------------------------------------------------------------------------------------
                            FLOW STATIONS
------------------------------------------------------------------------------------------------------------------------------------------------
------------------------------------------------------------------------------------------------------------------------------------------------
Flow Station           |          tot:P        tot:T        tot:h        tot:S       stat:P       stat:W      stat:MN       stat:V    stat:area
------------------------------------------------------------------------------------------------------------------------------------------------
OD_SLS.fc.Fl_O         |         14.696      518.670       -6.182        1.631       14.696     1334.249        0.000        0.011225016300.420
OD_SLS.inlet.Fl_O      |         14.681      518.670       -6.182        1.631        9.404     1334.249        0.824      863.005     4005.305
OD_SLS.fan.Fl_O        |         29.687      660.526       27.924        1.641       25.656     1334.249        0.462      569.353     3088.006
OD_SLS.splitter.Fl_O1  |         29.687      660.526       27.924        1.641       27.003      215.213        0.371      460.455      593.751
OD_SLS.splitter.Fl_O2  |         29.687      660.526       27.924        1.641       25.521     1119.036        0.470      579.308     2555.005
OD_SLS.duct4.Fl_O      |         29.544      660.526       27.924        1.642       26.706      215.213        0.383      475.151      580.747
OD_SLS.lpc.Fl_O        |         38.918      721.046       42.546        1.644       36.303      215.213        0.317      412.874      541.575
OD_SLS.duct6.Fl_O      |         38.525      721.046       42.546        1.645       35.040      215.213        0.371      481.225      477.969
OD_SLS.hpc.Fl_O        |        696.266     1674.839      285.783        1.659      675.692      190.360        0.212      414.495       60.271
OD_SLS.bld3.Fl_O       |        696.266     1674.839      285.783        1.659      661.113      165.904        0.279      543.995       40.679
OD_SLS.burner.Fl_O     |        658.668     3547.498      276.928        1.921      658.613      171.209        0.011       31.741     1550.003
OD_SLS.hpt.Fl_O        |        150.245     2535.920       26.280        1.912      139.702      195.665        0.337      792.550      235.167
OD_SLS.duct11.Fl_O     |        149.479     2535.919       26.280        1.913      141.342      195.665        0.295      695.825      265.756
OD_SLS.lpt.Fl_O        |         21.826     1658.556     -193.703        1.919       20.008      210.941        0.364      699.844     1304.686
OD_SLS.duct13.Fl_O     |         21.592     1658.556     -193.703        1.920       19.533      210.941        0.391      750.846     1241.601
OD_SLS.core_nozz.Fl_O  |         21.592     1658.556     -193.703        1.920       15.133      210.941        0.747     1392.027      811.484
OD_SLS.byp_bld.Fl_O    |         29.687      660.526       27.924        1.641       25.521     1113.441        0.470      579.308     2542.229
OD_SLS.duct15.Fl_O     |         29.245      660.526       27.924        1.642       24.820     1113.441        0.490      602.863     2502.736
OD_SLS.byp_nozz.Fl_O   |         29.245      660.526       27.924        1.642       15.450     1113.441        1.000     1150.274     1840.763
------------------------------------------------------------------------------------------------------------------------------------------------
-------------------------------------------------------------------------------------------------------------------------------------------------------------------------------------------------------
                          COMPRESSOR PROPERTIES
-------------------------------------------------------------------------------------------------------------------------------------------------------------------------------------------------------
Compressor    |           Wc         Pr      eta_a      eta_p         Nc        pwr   RlineMap      NcMap      WcMap      PRmap   alphaMap        SMN        SMW     effMap
-------------------------------------------------------------------------------------------------------------------------------------------------------------------------------------------------------
OD_SLS.fan    |     1335.589      2.022      0.813      0.831  17352.016 -64384.038      3.019      1.205      1.778    854.383      0.000     30.814     29.015      0.808
OD_SLS.lpc    |      120.806      1.317      0.888      0.892  15376.256  -4452.320      1.000      1.193      2.483     98.185      0.000     -0.000      1.159      0.888
OD_SLS.hpc    |       96.797     18.073      0.901      0.930  15124.826 -69787.802      2.166      0.995     10.285     53.192      0.000     19.857     19.777      0.865
-------------------------------------------------------------------------------------------------------------------------------------------------------------------------------------------------------
---------------------------------------------------------------------------
                            BURNER PROPERTIES
---------------------------------------------------------------------------
Burner              |           dPqP        TtOut        Wfuel          FAR
OD_SLS.burner       |         0.0540      3547.50       5.3050      0.03198
--------------------------------------------------------------------------------------------------------------------------------------
                            TURBINE PROPERTIES
--------------------------------------------------------------------------------------------------------------------------------------
Turbine       |             Wp           PR        eff_a        eff_p           Np          pwr        NpMap        PRmap     alphaMap
OD_SLS.hpt    |         15.482        4.384        0.902        0.886      299.409    69694.956      100.260        5.855        1.000
OD_SLS.lpt    |         65.918        6.849        0.896        0.872      344.574    68634.187      114.826        5.764        1.000
-------------------------------------------------------------------------------------------------------------------------
                            NOZZLE PROPERTIES
-------------------------------------------------------------------------------------------------------------------------
Nozzle        |             PR           Cv          Cfg          Ath         MNth        MNout            V           Fg
OD_SLS.core_nozz|          1.427        0.993        N/A        811.484        0.747        0.747     1392.027     9065.335
OD_SLS.byp_nozz|          1.990        0.994        N/A       1840.763        1.000        1.000     1150.274    40952.152
---------------------------------------------------------------------------------------------------------------------------
                            SHAFT PROPERTIES
---------------------------------------------------------------------------------------------------------------------------
Shaft               |                 Nmech               trqin              trqout               pwrin              pwrout
OD_SLS.hp_shaft     |             17833.082           20526.210          -20553.554           69694.915          -69787.761
OD_SLS.lp_shaft     |             17352.016           20774.203          -20835.395           68634.146          -68836.316
--------------------------------------------------------------------------------------------------------------------
                            BLEED PROPERTIES
--------------------------------------------------------------------------------------------------------------------
Bleed                 |         Wb/Win        Pfrac     Workfrac            W           Tt           ht           Pt
OD_SLS.hpc.cool1      |          0.051        0.500        0.500       10.913     1211.458      164.165      367.395
OD_SLS.hpc.cool2      |          0.020        0.550        0.500        4.363     1211.458      164.165      400.283
OD_SLS.hpc.cust       |          0.044        0.500        0.500        9.577     1211.458      164.165      367.395
OD_SLS.bld3.cool3     |          0.067        1.000        1.000       12.795     1674.839      285.783      696.266
OD_SLS.bld3.cool4     |          0.061        1.000        1.000       11.661     1674.839      285.783      696.266
OD_SLS.byp_bld.bypBld |          0.005        1.000        1.000        5.595      660.526       27.924       29.687
