


----------------------------------------------------------------------------
                              POINT: DESIGN
----------------------------------------------------------------------------
                       PERFORMANCE CHARACTERISTICS
    Mach      Alt       W      Fn      Fg    Fram     OPR     TSFC      BPR 
 0.74000  28000.0 403.278  6750.0 16058.8  9308.8  36.835  0.57316    5.900
------------------------------------------------------------------------------------------------------------------------------------------------
                            FLOW STATIONS
------------------------------------------------------------------------------------------------------------------------------------------------
------------------------------------------------------------------------------------------------------------------------------------------------
Flow Station           |          tot:P        tot:T        tot:h        tot:S       stat:P       stat:W      stat:MN       stat:V    stat:area
------------------------------------------------------------------------------------------------------------------------------------------------
DESIGN.fc.Fl_O         |          6.873      464.798      -19.097        1.657        4.776      403.278        0.740      742.670     2540.265
DESIGN.inlet.Fl_O      |          6.867      464.798      -19.097        1.657        4.949      403.278        0.700      706.205     2605.242
DESIGN.fan.Fl_O        |         13.046      568.793        5.849        1.662       11.354      403.278        0.450      515.745     2008.587
DESIGN.splitter.Fl_O1  |         13.046      568.793        5.849        1.662       12.153       58.446        0.320      370.307      386.204
DESIGN.splitter.Fl_O2  |         13.046      568.793        5.849        1.662       11.215      344.832        0.470      537.723     1661.897
DESIGN.duct4.Fl_O      |         12.984      568.793        5.849        1.662       12.041       58.446        0.330      381.638      377.745
DESIGN.lpc.Fl_O        |         15.581      601.645       13.745        1.663       14.638       58.446        0.300      357.405      352.267
DESIGN.duct6.Fl_O      |         15.423      601.645       13.745        1.664       14.171       58.446        0.350      415.662      310.894
DESIGN.hpc.Fl_O        |        252.928     1377.533      206.987        1.677      244.786       51.697        0.220      392.520       39.203
DESIGN.bld3.Fl_O       |        252.928     1377.533      206.987        1.677      238.987       45.055        0.290      515.877       26.460
DESIGN.burner.Fl_O     |        239.270     2880.000      202.165        1.916      237.740       46.130        0.100      251.713      118.264
DESIGN.hpt.Fl_O        |         53.161     2015.792       -2.241        1.910       49.088       52.771        0.350      739.179      153.450
DESIGN.duct11.Fl_O     |         52.890     2015.792       -2.241        1.910       49.752       52.771        0.306      648.238      173.410
DESIGN.lpt.Fl_O        |          7.395     1276.004     -178.883        1.918        6.682       56.920        0.390      662.366      852.672
DESIGN.duct13.Fl_O     |          7.316     1276.004     -178.883        1.919        6.505       56.920        0.420      711.919      811.443
DESIGN.core_nozz.Fl_O  |          7.316     1276.004     -178.883        1.919        4.776       56.920        0.815     1329.511      545.703
DESIGN.byp_bld.Fl_O    |         13.046      568.793        5.849        1.662       11.215      343.107        0.470      537.723     1653.588
DESIGN.duct15.Fl_O     |         12.852      568.793        5.849        1.663       10.907      343.107        0.490      559.583     1627.899
DESIGN.byp_nozz.Fl_O   |         12.852      568.793        5.849        1.663        6.788      343.107        1.000     1067.468     1197.320
------------------------------------------------------------------------------------------------------------------------------------------------
-------------------------------------------------------------------------------------------------------------------------------------------------------------------------------------------------------
                          COMPRESSOR PROPERTIES
-------------------------------------------------------------------------------------------------------------------------------------------------------------------------------------------------------
Compressor    |           Wc         Pr      eta_a      eta_p         Nc        pwr   RlineMap      NcMap      WcMap      PRmap   alphaMap        SMN        SMW     effMap
-------------------------------------------------------------------------------------------------------------------------------------------------------------------------------------------------------
DESIGN.fan    |      817.051      1.900      0.900      0.909  14260.913 -14233.583      2.200      0.990      1.685    803.556      0.000     36.641     29.886      0.895
DESIGN.lpc    |       69.276      1.200      0.924      0.926  12891.467   -652.930      2.150      1.000      1.935     87.666      0.000     15.987     15.644      0.924
DESIGN.hpc    |       59.979     16.399      0.907      0.935  14901.272 -15056.999      2.050      0.976      9.374     49.454      0.000     22.598     22.468      0.871
-------------------------------------------------------------------------------------------------------------------------------------------------------------------------------------------------------
---------------------------------------------------------------------------
                            BURNER PROPERTIES
---------------------------------------------------------------------------
Burner              |           dPqP        TtOut        Wfuel          FAR
DESIGN.burner       |         0.0540      2880.00       1.0747      0.02385
--------------------------------------------------------------------------------------------------------------------------------------
                            TURBINE PROPERTIES
--------------------------------------------------------------------------------------------------------------------------------------
Turbine       |             Wp           PR        eff_a        eff_p           Np          pwr        NpMap        PRmap     alphaMap
DESIGN.hpt    |         10.346        4.501        0.900        0.883      299.055    15306.999      100.000        6.000        1.000
DESIGN.lpt    |         44.797        7.152        0.900        0.875      300.684    14886.513      100.000        6.000        1.000
-------------------------------------------------------------------------------------------------------------------------
                            NOZZLE PROPERTIES
-------------------------------------------------------------------------------------------------------------------------
Nozzle        |             PR           Cv          Cfg          Ath         MNth        MNout            V           Fg
DESIGN.core_nozz|          1.532        0.993        N/A        545.703        0.815        0.815     1329.511     2336.315
DESIGN.byp_nozz|          2.691        0.994        N/A       1197.320        1.000        1.000     1067.468    13722.492
---------------------------------------------------------------------------------------------------------------------------
                            SHAFT PROPERTIES
---------------------------------------------------------------------------------------------------------------------------
Shaft               |                 Nmech               trqin              trqout               pwrin              pwrout
DESIGN.hp_shaft     |             16049.000            5009.287           -4927.473           15306.990          -15056.990
DESIGN.lp_shaft     |             13500.000            5791.526           -5791.526           14886.504          -14886.504
--------------------------------------------------------------------------------------------------------------------
                            BLEED PROPERTIES
--------------------------------------------------------------------------------------------------------------------
Bleed                 |         Wb/Win        Pfrac     Workfrac            W           Tt           ht           Pt
DESIGN.hpc.cool1      |          0.051        0.500        0.500        2.964      997.817      110.366      134.175
DESIGN.hpc.cool2      |          0.020        0.550        0.500        1.185      997.817      110.366      146.051
DESIGN.hpc.cust       |          0.044        0.500        0.500        2.601      997.817      110.366      134.175
DESIGN.bld3.cool3     |          0.067        1.000        1.000        3.475     1377.533      206.987      252.928
DESIGN.bld3.cool4     |          0.061        1.000        1.000        3.167     1377.533      206.987      252.928
DESIGN.byp_bld.bypBld |          0.005        1.000        1.000        1.724      568.793        5.849       13.046



----------------------------------------------------------------------------
                              POINT: OD_TOfail
----------------------------------------------------------------------------
                       PERFORMANCE CHARACTERISTICS
    Mach      Alt       W      Fn      Fg    Fram     OPR     TSFC      BPR 
 0.18000      0.0 1503.771 48923.0 58316.3  9393.3  32.990  0.40867    5.431
------------------------------------------------------------------------------------------------------------------------------------------------
                            FLOW STATIONS
------------------------------------------------------------------------------------------------------------------------------------------------
------------------------------------------------------------------------------------------------------------------------------------------------
Flow Station           |          tot:P        tot:T        tot:h        tot:S       stat:P       stat:W      stat:MN       stat:V    stat:area
------------------------------------------------------------------------------------------------------------------------------------------------
OD_TOfail.fc.Fl_O      |         15.032      522.033       -5.375        1.631       14.696     1503.771        0.180      200.974    14089.197
OD_TOfail.inlet.Fl_O   |         15.017      522.033       -5.375        1.631       12.500     1503.771        0.872     1010.917     2605.242
OD_TOfail.fan.Fl_O     |         25.826      627.087       19.867        1.638        1.164     1503.771        7.124     6131.184     2008.587
OD_TOfail.splitter.Fl_O|         25.826      627.087       19.867        1.638    -1055.807      233.832       -0.015      -18.835      386.204
OD_TOfail.splitter.Fl_O|         25.826      627.087       19.867        1.638        4.221     1269.939        2.936     2944.383     1661.897
OD_TOfail.duct4.Fl_O   |         25.702      627.087       19.867        1.639        8.646      233.832        1.224     1375.117      377.745
OD_TOfail.lpc.Fl_O     |         31.026      664.270       28.827        1.640        2.348      233.832        4.292     3838.579      352.267
OD_TOfail.duct6.Fl_O   |         30.712      664.270       28.827        1.640        0.043      233.832       42.000   129851.586      310.894
OD_TOfail.hpc.Fl_O     |        495.414     1503.602      240.076        1.654      408.549      206.828        0.540      985.195       39.203
OD_TOfail.bld3.Fl_O    |        495.414     1503.602      240.076        1.654      265.462      180.257        0.997     1728.274       26.460
OD_TOfail.burner.Fl_O  |        468.661     3353.373      232.901        1.925      468.576      185.811        0.017       45.765     1550.003
OD_TOfail.hpt.Fl_O     |        104.128     2369.242       -6.219        1.916       -3.876      212.382     -263.226   181233.103      153.450
OD_TOfail.duct11.Fl_O  |        103.597     2369.242       -6.219        1.917       -6.620      212.382      131.358   180900.834      173.410
OD_TOfail.lpt.Fl_O     |         14.486     1521.249     -214.847        1.923       -3.962      228.980       -2.665    -3050.881      852.672
OD_TOfail.duct13.Fl_O  |         14.331     1521.249     -214.847        1.924        0.873      228.980        8.679     8349.176      811.443
OD_TOfail.core_nozz.Fl_|         14.331     1521.249     -214.847        1.924        7.702      228.980        1.000     1732.481     1190.124
OD_TOfail.byp_bld.Fl_O |         25.826      627.087       19.867        1.638        4.978     1263.590      147.639  -309548.990     1653.588
OD_TOfail.duct15.Fl_O  |         25.441      627.087       19.867        1.639        7.739     1263.590        2.025     2073.335     1627.899
OD_TOfail.byp_nozz.Fl_O|         25.441      627.087       19.867        1.639       13.439     1263.590        1.000     1120.807     2339.341
------------------------------------------------------------------------------------------------------------------------------------------------
-------------------------------------------------------------------------------------------------------------------------------------------------------------------------------------------------------
                          COMPRESSOR PROPERTIES
-------------------------------------------------------------------------------------------------------------------------------------------------------------------------------------------------------
Compressor    |           Wc         Pr      eta_a      eta_p         Nc        pwr   RlineMap      NcMap      WcMap      PRmap   alphaMap        SMN        SMW     effMap
-------------------------------------------------------------------------------------------------------------------------------------------------------------------------------------------------------
OD_TOfail.fan |     1476.392      1.720      0.832      0.844   9967.740 -53705.198      2.606      0.990      1.548    803.620      0.000     48.760     17.297      0.827
OD_TOfail.lpc |      147.010      1.207      0.928      0.930   9094.556  -2964.424      2.005      1.000      1.968     87.467      0.000     13.766      9.704      0.928
OD_TOfail.hpc |      126.623     16.131      0.905      0.933  12562.650 -65853.563      2.116      0.976      9.228     49.497      0.000     24.647     20.775      0.869
-------------------------------------------------------------------------------------------------------------------------------------------------------------------------------------------------------
---------------------------------------------------------------------------
                            BURNER PROPERTIES
---------------------------------------------------------------------------
Burner              |           dPqP        TtOut        Wfuel          FAR
OD_TOfail.burner    |         0.0540      3353.37       5.5537      0.03081
--------------------------------------------------------------------------------------------------------------------------------------
                            TURBINE PROPERTIES
--------------------------------------------------------------------------------------------------------------------------------------
Turbine       |             Wp           PR        eff_a        eff_p           Np          pwr        NpMap        PRmap     alphaMap
OD_TOfail.hpt |         22.959        4.501        0.900        0.884      245.509    72122.764      100.000        6.000        1.000
OD_TOfail.lpt |         99.788        7.152        0.900        0.876      205.445    70893.025      100.000        6.000        1.000
-------------------------------------------------------------------------------------------------------------------------
                            NOZZLE PROPERTIES
-------------------------------------------------------------------------------------------------------------------------
Nozzle        |             PR           Cv          Cfg          Ath         MNth        MNout            V           Fg
OD_TOfail.core_nozz|          2.000        0.993        N/A       1190.124        1.000        1.000     1732.481    12886.464
OD_TOfail.byp_nozz|          2.000        0.994        N/A       2339.341        1.000        1.000     1120.807    45429.853
---------------------------------------------------------------------------------------------------------------------------
                            SHAFT PROPERTIES
---------------------------------------------------------------------------------------------------------------------------
Shaft               |                 Nmech               trqin              trqout               pwrin              pwrout
OD_TOfail.hp_shaft  |             14217.000           26643.926          -24327.928           72122.722          -65853.524
OD_TOfail.lp_shaft  |             10000.000           37233.796          -29763.509           70892.983          -56669.588
-----------------------------------------------------------------------------------------------------------------------
                            BLEED PROPERTIES
-----------------------------------------------------------------------------------------------------------------------
Bleed                    |         Wb/Win        Pfrac     Workfrac            W           Tt           ht           Pt
OD_TOfail.hpc.cool1      |          0.051        0.500        0.500       11.857     1094.160      134.452      263.063
OD_TOfail.hpc.cool2      |          0.020        0.550        0.500        4.741     1094.160      134.452      286.298
OD_TOfail.hpc.cust       |          0.044        0.500        0.500       10.406     1094.160      134.452      263.063
OD_TOfail.bld3.cool3     |          0.067        1.000        1.000       13.902     1503.602      240.076      495.414
OD_TOfail.bld3.cool4     |          0.061        1.000        1.000       12.669     1503.602      240.076      495.414
OD_TOfail.byp_bld.bypBld |          0.005        1.000        1.000        6.350      627.087       19.867       25.826



----------------------------------------------------------------------------
                              POINT: OD_SLS
----------------------------------------------------------------------------
                       PERFORMANCE CHARACTERISTICS
    Mach      Alt       W      Fn      Fg    Fram     OPR     TSFC      BPR 
 0.00001      0.0 1300.000 50514.1 50514.6     0.5  34.835  0.34474    5.300
------------------------------------------------------------------------------------------------------------------------------------------------
                            FLOW STATIONS
------------------------------------------------------------------------------------------------------------------------------------------------
------------------------------------------------------------------------------------------------------------------------------------------------
Flow Station           |          tot:P        tot:T        tot:h        tot:S       stat:P       stat:W      stat:MN       stat:V    stat:area
------------------------------------------------------------------------------------------------------------------------------------------------
OD_SLS.fc.Fl_O         |         14.696      518.670       -6.182        1.631       14.696     1300.000        0.000        0.011219240306.799
OD_SLS.inlet.Fl_O      |         14.681      518.670       -6.182        1.631        4.315     1300.000        0.907     1009.394     2605.242
OD_SLS.fan.Fl_O        |         26.696      628.913       20.307        1.637       -2.096     1300.000      154.432   202903.831     2008.587
OD_SLS.splitter.Fl_O1  |         26.696      628.913       20.307        1.637       18.281      206.349        0.756      880.299      386.204
OD_SLS.splitter.Fl_O2  |         26.696      628.913       20.307        1.637        6.114     1093.651        1.374     1490.095     1661.897
OD_SLS.duct4.Fl_O      |         26.568      628.913       20.307        1.637       17.111      206.349        0.818      944.865      377.745
OD_SLS.lpc.Fl_O        |         31.937      665.450       29.112        1.638       23.772      206.349        0.664      804.329      352.267
OD_SLS.duct6.Fl_O      |         31.614      665.450       29.112        1.639       14.758      206.349        1.100     1259.101      310.894
OD_SLS.hpc.Fl_O        |        511.426     1506.962      240.965        1.652      450.414      182.520        0.437      804.054       39.203
OD_SLS.bld3.Fl_O       |        511.426     1506.962      240.965        1.652      392.800      159.071        0.635     1148.686       26.460
OD_SLS.burner.Fl_O     |        483.809     3335.438      233.853        1.920      483.745      163.909        0.014       38.896     1550.003
OD_SLS.hpt.Fl_O        |        107.493     2356.259       -3.969        1.912      -35.584      187.357     -153.837   -30314.684      153.450
OD_SLS.duct11.Fl_O     |        106.945     2356.259       -3.969        1.912       74.349      187.357        0.763     1679.486      173.410
OD_SLS.lpt.Fl_O        |         14.954     1512.306     -211.479        1.919       -1.119      202.004       -5.642    -7494.752      852.672
OD_SLS.duct13.Fl_O     |         14.794     1512.306     -211.479        1.920       -0.150      202.004     -381.903   -85780.227      811.443
OD_SLS.core_nozz.Fl_O  |         14.794     1512.306     -211.479        1.920        7.949      202.004        1.000     1727.575     1013.867
OD_SLS.byp_bld.Fl_O    |         26.696      628.913       20.307        1.637       -7.156     1088.183       -3.091    -2226.994     1653.588
OD_SLS.duct15.Fl_O     |         26.298      628.913       20.307        1.638        4.929     1088.183        2.313     2378.342     1627.899
OD_SLS.byp_nozz.Fl_O   |         26.298      628.913       20.307        1.638       13.892     1088.183        1.000     1122.437     1951.825
------------------------------------------------------------------------------------------------------------------------------------------------
-------------------------------------------------------------------------------------------------------------------------------------------------------------------------------------------------------
                          COMPRESSOR PROPERTIES
-------------------------------------------------------------------------------------------------------------------------------------------------------------------------------------------------------
Compressor    |           Wc         Pr      eta_a      eta_p         Nc        pwr   RlineMap      NcMap      WcMap      PRmap   alphaMap        SMN        SMW     effMap
-------------------------------------------------------------------------------------------------------------------------------------------------------------------------------------------------------
OD_SLS.fan    |     1301.306      1.818      0.875      0.885  10000.000 -48720.001      2.397      0.990      1.623    803.619      0.000     41.883     11.874      0.870
OD_SLS.lpc    |      125.689      1.202      0.925      0.927   9081.345  -2570.798      2.107      1.000      1.945     87.608      0.000     15.327     11.031      0.925
OD_SLS.hpc    |      108.650     16.177      0.906      0.933  13242.864 -58279.891      2.105      0.976      9.254     49.490      0.000     24.288     20.446      0.869
-------------------------------------------------------------------------------------------------------------------------------------------------------------------------------------------------------
---------------------------------------------------------------------------
                            BURNER PROPERTIES
---------------------------------------------------------------------------
Burner              |           dPqP        TtOut        Wfuel          FAR
OD_SLS.burner       |         0.0540      3335.44       4.8374      0.03041
--------------------------------------------------------------------------------------------------------------------------------------
                            TURBINE PROPERTIES
--------------------------------------------------------------------------------------------------------------------------------------
Turbine       |             Wp           PR        eff_a        eff_p           Np          pwr        NpMap        PRmap     alphaMap
OD_SLS.hpt    |         19.566        4.501        0.900        0.884      259.727    63278.608      100.000        6.000        1.000
OD_SLS.lpt    |         85.040        7.152        0.900        0.876      206.010    62188.135      100.000        6.000        1.000
-------------------------------------------------------------------------------------------------------------------------
                            NOZZLE PROPERTIES
-------------------------------------------------------------------------------------------------------------------------
Nozzle        |             PR           Cv          Cfg          Ath         MNth        MNout            V           Fg
OD_SLS.core_nozz|          2.000        0.993        N/A       1013.867        1.000        1.000     1727.575    11334.125
OD_SLS.byp_nozz|          2.000        0.994        N/A       1951.825        1.000        1.000     1122.437    39180.476
---------------------------------------------------------------------------------------------------------------------------
                            SHAFT PROPERTIES
---------------------------------------------------------------------------------------------------------------------------
Shaft               |                 Nmech               trqin              trqout               pwrin              pwrout
OD_SLS.hp_shaft     |             15000.100           22156.266          -20406.024           63278.570          -58279.856
OD_SLS.lp_shaft     |             10000.000           32661.892          -26938.492           62188.098          -51290.768
--------------------------------------------------------------------------------------------------------------------
                            BLEED PROPERTIES
--------------------------------------------------------------------------------------------------------------------
Bleed                 |         Wb/Win        Pfrac     Workfrac            W           Tt           ht           Pt
OD_SLS.hpc.cool1      |          0.051        0.500        0.500       10.464     1096.493      135.038      271.520
OD_SLS.hpc.cool2      |          0.020        0.550        0.500        4.184     1096.493      135.038      295.511
OD_SLS.hpc.cust       |          0.044        0.500        0.500        9.183     1096.493      135.038      271.520
OD_SLS.bld3.cool3     |          0.067        1.000        1.000       12.268     1506.962      240.965      511.426
OD_SLS.bld3.cool4     |          0.061        1.000        1.000       11.180     1506.962      240.965      511.426
OD_SLS.byp_bld.bypBld |          0.005        1.000        1.000        5.468      628.913       20.307       26.696
