


----------------------------------------------------------------------------
                              POINT: DESIGN
----------------------------------------------------------------------------
                       PERFORMANCE CHARACTERISTICS
    Mach      Alt       W      Fn      Fg    Fram     OPR     TSFC      BPR 
 0.74000  28000.0 650.000 10908.2 25912.1 15003.9  36.835  0.57166    5.900
------------------------------------------------------------------------------------------------------------------------------------------------
                            FLOW STATIONS
------------------------------------------------------------------------------------------------------------------------------------------------
------------------------------------------------------------------------------------------------------------------------------------------------
Flow Station           |          tot:P        tot:T        tot:h        tot:S       stat:P       stat:W      stat:MN       stat:V    stat:area
------------------------------------------------------------------------------------------------------------------------------------------------
DESIGN.fc.Fl_O         |          6.873      464.798      -19.097        1.657        4.776      650.000        0.740      742.670     4094.380
DESIGN.inlet.Fl_O      |          6.867      464.798      -19.097        1.657        4.949      650.000        0.700      706.205     4199.110
DESIGN.fan.Fl_O        |         13.046      568.793        5.849        1.662       11.354      650.000        0.450      515.745     3237.426
DESIGN.splitter.Fl_O1  |         13.046      568.793        5.849        1.662       12.153       94.203        0.320      370.307      622.481
DESIGN.splitter.Fl_O2  |         13.046      568.793        5.849        1.662       11.215      555.797        0.470      537.723     2678.634
DESIGN.duct4.Fl_O      |         12.984      568.793        5.849        1.662       12.041       94.203        0.330      381.638      608.847
DESIGN.lpc.Fl_O        |         15.581      601.645       13.745        1.663       14.638       94.203        0.300      357.405      567.781
DESIGN.duct6.Fl_O      |         15.423      601.645       13.745        1.664       14.171       94.203        0.350      415.662      501.096
DESIGN.hpc.Fl_O        |        252.928     1377.533      206.987        1.677      244.786       83.324        0.220      392.520       63.188
DESIGN.bld3.Fl_O       |        252.928     1377.533      206.987        1.677      238.987       72.620        0.290      515.877       42.648
DESIGN.burner.Fl_O     |        239.270     2880.000      202.165        1.916      237.740       74.352        0.100      251.713      190.617
DESIGN.hpt.Fl_O        |         53.384     2017.445       -1.765        1.910       49.294       85.056        0.350      739.466      246.405
DESIGN.duct11.Fl_O     |         53.111     2017.445       -1.765        1.910       49.960       85.056        0.306      648.489      278.455
DESIGN.lpt.Fl_O        |          7.442     1277.673     -178.442        1.918        6.724       91.743        0.390      662.777     1366.643
DESIGN.duct13.Fl_O     |          7.363     1277.673     -178.442        1.919        6.546       91.743        0.420      712.360     1300.562
DESIGN.core_nozz.Fl_O  |          7.363     1277.673     -178.442        1.919        4.776       91.743        0.821     1339.634      872.624
DESIGN.byp_bld.Fl_O    |         13.046      568.793        5.849        1.662       11.215      553.018        0.470      537.723     2665.241
DESIGN.duct15.Fl_O     |         12.852      568.793        5.849        1.663       10.907      553.018        0.490      559.583     2623.836
DESIGN.byp_nozz.Fl_O   |         12.852      568.793        5.849        1.663        6.788      553.018        1.000     1067.468     1929.832
------------------------------------------------------------------------------------------------------------------------------------------------
-------------------------------------------------------------------------------------------------------------------------------------------------------------------------------------------------------
                          COMPRESSOR PROPERTIES
-------------------------------------------------------------------------------------------------------------------------------------------------------------------------------------------------------
Compressor    |           Wc         Pr      eta_a      eta_p         Nc        pwr   RlineMap      NcMap      WcMap      PRmap   alphaMap        SMN        SMW     effMap
-------------------------------------------------------------------------------------------------------------------------------------------------------------------------------------------------------
DESIGN.fan    |     1316.917      1.900      0.900      0.909  14260.913 -22941.585      2.200      0.990      1.685    803.556      0.000     36.641     29.886      0.895
DESIGN.lpc    |      111.658      1.200      0.924      0.926  12891.467  -1052.387      2.150      1.000      1.935     87.666      0.000     15.987     15.644      0.924
DESIGN.hpc    |       96.674     16.399      0.907      0.935  14901.272 -24268.760      2.050      0.976      9.374     49.454      0.000     22.598     22.468      0.871
-------------------------------------------------------------------------------------------------------------------------------------------------------------------------------------------------------
---------------------------------------------------------------------------
                            BURNER PROPERTIES
---------------------------------------------------------------------------
Burner              |           dPqP        TtOut        Wfuel          FAR
DESIGN.burner       |         0.0540      2880.00       1.7322      0.02385
--------------------------------------------------------------------------------------------------------------------------------------
                            TURBINE PROPERTIES
--------------------------------------------------------------------------------------------------------------------------------------
Turbine       |             Wp           PR        eff_a        eff_p           Np          pwr        NpMap        PRmap     alphaMap
DESIGN.hpt    |         16.676        4.482        0.900        0.883      299.055    24614.433      100.000        6.000        1.000
DESIGN.lpt    |         71.931        7.137        0.900        0.875      300.561    23993.972      100.000        6.000        1.000
-------------------------------------------------------------------------------------------------------------------------
                            NOZZLE PROPERTIES
-------------------------------------------------------------------------------------------------------------------------
Nozzle        |             PR           Cv          Cfg          Ath         MNth        MNout            V           Fg
DESIGN.core_nozz|          1.541        0.993        N/A        872.624        0.821        0.821     1339.634     3794.325
DESIGN.byp_nozz|          2.691        0.994        N/A       1929.832        1.000        1.000     1067.468    22117.812
---------------------------------------------------------------------------------------------------------------------------
                            SHAFT PROPERTIES
---------------------------------------------------------------------------------------------------------------------------
Shaft               |                 Nmech               trqin              trqout               pwrin              pwrout
DESIGN.hp_shaft     |             16049.000            8055.188           -7942.065           24614.419          -24268.746
DESIGN.lp_shaft     |             13500.000            9334.739           -9334.739           23993.958          -23993.958
--------------------------------------------------------------------------------------------------------------------
                            BLEED PROPERTIES
--------------------------------------------------------------------------------------------------------------------
Bleed                 |         Wb/Win        Pfrac     Workfrac            W           Tt           ht           Pt
DESIGN.hpc.cool1      |          0.051        0.500        0.500        4.777      997.817      110.366      134.175
DESIGN.hpc.cool2      |          0.020        0.550        0.500        1.910      997.817      110.366      146.051
DESIGN.hpc.cust       |          0.044        0.500        0.500        4.192      997.817      110.366      134.175
DESIGN.bld3.cool3     |          0.067        1.000        1.000        5.601     1377.533      206.987      252.928
DESIGN.bld3.cool4     |          0.061        1.000        1.000        5.104     1377.533      206.987      252.928
DESIGN.byp_bld.bypBld |          0.005        1.000        1.000        2.779      568.793        5.849       13.046



----------------------------------------------------------------------------
                              POINT: OD_TOfail
----------------------------------------------------------------------------
                       PERFORMANCE CHARACTERISTICS
    Mach      Alt       W      Fn      Fg    Fram     OPR     TSFC      BPR 
 0.18000      0.0 1503.771 48931.3 58324.6  9393.3  32.990  0.40860    5.431
------------------------------------------------------------------------------------------------------------------------------------------------
                            FLOW STATIONS
------------------------------------------------------------------------------------------------------------------------------------------------
------------------------------------------------------------------------------------------------------------------------------------------------
Flow Station           |          tot:P        tot:T        tot:h        tot:S       stat:P       stat:W      stat:MN       stat:V    stat:area
------------------------------------------------------------------------------------------------------------------------------------------------
OD_TOfail.fc.Fl_O      |         15.032      522.033       -5.375        1.631       14.696     1503.771        0.180      200.974    14089.197
OD_TOfail.inlet.Fl_O   |         15.017      522.033       -5.375        1.631      -40.599     1503.771      -37.070   398873.256     4199.110
OD_TOfail.fan.Fl_O     |         25.826      627.087       19.867        1.638       20.142     1503.771        0.607      718.750     3237.426
OD_TOfail.splitter.Fl_O|         25.826      627.087       19.867        1.638       22.536      233.832        0.446      536.432      622.481
OD_TOfail.splitter.Fl_O|         25.826      627.087       19.867        1.638       19.790     1269.939        0.629      742.934     2678.634
OD_TOfail.duct4.Fl_O   |         25.702      627.087       19.867        1.639       22.210      233.832        0.462      554.954      608.847
OD_TOfail.lpc.Fl_O     |         31.026      664.270       28.827        1.640       27.612      233.832        0.412      511.354      567.781
OD_TOfail.duct6.Fl_O   |         30.712      664.270       28.827        1.640       26.047      233.832        0.491      605.839      501.096
OD_TOfail.hpc.Fl_O     |        495.414     1503.602      240.076        1.654      466.593      206.828        0.299      554.067       63.188
OD_TOfail.bld3.Fl_O    |        495.414     1503.602      240.076        1.654      444.713      180.257        0.402      741.327       42.648
OD_TOfail.burner.Fl_O  |        468.661     3353.373      232.901        1.925      468.576      185.811        0.017       45.765     1550.003
OD_TOfail.hpt.Fl_O     |        104.564     2371.116       -5.658        1.916       87.350      212.382        0.532     1197.613      246.405
OD_TOfail.duct11.Fl_O  |        104.030     2371.116       -5.658        1.917       91.228      212.382        0.453     1026.121      278.455
OD_TOfail.lpt.Fl_O     |         14.577     1523.173     -214.318        1.923       11.347      228.980        0.622     1126.757     1366.643
OD_TOfail.duct13.Fl_O  |         14.421     1523.173     -214.318        1.924       10.551      228.980        0.697     1253.509     1300.562
OD_TOfail.core_nozz.Fl_|         14.421     1523.173     -214.318        1.924        7.751      228.980        1.000     1733.548     1183.432
OD_TOfail.byp_bld.Fl_O |         25.826      627.087       19.867        1.638       19.790     1263.590        0.629      742.934     2665.241
OD_TOfail.duct15.Fl_O  |         25.441      627.087       19.867        1.639       18.901     1263.590        0.666      783.190     2623.836
OD_TOfail.byp_nozz.Fl_O|         25.441      627.087       19.867        1.639       13.439     1263.590        1.000     1120.807     2339.341
------------------------------------------------------------------------------------------------------------------------------------------------
-------------------------------------------------------------------------------------------------------------------------------------------------------------------------------------------------------
                          COMPRESSOR PROPERTIES
-------------------------------------------------------------------------------------------------------------------------------------------------------------------------------------------------------
Compressor    |           Wc         Pr      eta_a      eta_p         Nc        pwr   RlineMap      NcMap      WcMap      PRmap   alphaMap        SMN        SMW     effMap
-------------------------------------------------------------------------------------------------------------------------------------------------------------------------------------------------------
OD_TOfail.fan |     1476.392      1.720      0.832      0.844   5958.297 -53705.198      2.606      0.990      1.548    803.620      0.000     48.760     17.297      0.827
OD_TOfail.lpc |      147.010      1.207      0.928      0.930   5436.344  -2964.424      2.005      1.000      1.968     87.467      0.000     13.766      9.704      0.928
OD_TOfail.hpc |      126.623     16.131      0.905      0.933  12562.650 -65853.563      2.116      0.976      9.228     49.497      0.000     24.647     20.775      0.869
-------------------------------------------------------------------------------------------------------------------------------------------------------------------------------------------------------
---------------------------------------------------------------------------
                            BURNER PROPERTIES
---------------------------------------------------------------------------
Burner              |           dPqP        TtOut        Wfuel          FAR
OD_TOfail.burner    |         0.0540      3353.37       5.5537      0.03081
--------------------------------------------------------------------------------------------------------------------------------------
                            TURBINE PROPERTIES
--------------------------------------------------------------------------------------------------------------------------------------
Turbine       |             Wp           PR        eff_a        eff_p           Np          pwr        NpMap        PRmap     alphaMap
OD_TOfail.hpt |         22.959        4.482        0.900        0.884      245.509    71954.038      100.000        6.000        1.000
OD_TOfail.lpt |         99.411        7.137        0.900        0.876      122.758    70890.383      100.000        6.000        1.000
-------------------------------------------------------------------------------------------------------------------------
                            NOZZLE PROPERTIES
-------------------------------------------------------------------------------------------------------------------------
Nozzle        |             PR           Cv          Cfg          Ath         MNth        MNout            V           Fg
OD_TOfail.core_nozz|          2.000        0.993        N/A       1183.432        1.000        1.000     1733.548    12894.739
OD_TOfail.byp_nozz|          2.000        0.994        N/A       2339.341        1.000        1.000     1120.807    45429.853
---------------------------------------------------------------------------------------------------------------------------
                            SHAFT PROPERTIES
---------------------------------------------------------------------------------------------------------------------------
Shaft               |                 Nmech               trqin              trqout               pwrin              pwrout
OD_TOfail.hp_shaft  |             14217.000           26581.594          -24327.928           71953.995          -65853.524
OD_TOfail.lp_shaft  |              5977.580           62286.760          -49791.904           70890.341          -56669.588
-----------------------------------------------------------------------------------------------------------------------
                            BLEED PROPERTIES
-----------------------------------------------------------------------------------------------------------------------
Bleed                    |         Wb/Win        Pfrac     Workfrac            W           Tt           ht           Pt
OD_TOfail.hpc.cool1      |          0.051        0.500        0.500       11.857     1094.160      134.452      263.063
OD_TOfail.hpc.cool2      |          0.020        0.550        0.500        4.741     1094.160      134.452      286.298
OD_TOfail.hpc.cust       |          0.044        0.500        0.500       10.406     1094.160      134.452      263.063
OD_TOfail.bld3.cool3     |          0.067        1.000        1.000       13.902     1503.602      240.076      495.414
OD_TOfail.bld3.cool4     |          0.061        1.000        1.000       12.669     1503.602      240.076      495.414
OD_TOfail.byp_bld.bypBld |          0.005        1.000        1.000        6.350      627.087       19.867       25.826



----------------------------------------------------------------------------
                              POINT: OD_TOC
----------------------------------------------------------------------------
                       PERFORMANCE CHARACTERISTICS
    Mach      Alt       W      Fn      Fg    Fram     OPR     TSFC      BPR 
 0.74000  28000.0 567.259  7000.0 20094.0 13094.0  26.863  0.57730    6.733
------------------------------------------------------------------------------------------------------------------------------------------------
                            FLOW STATIONS
------------------------------------------------------------------------------------------------------------------------------------------------
------------------------------------------------------------------------------------------------------------------------------------------------
Flow Station           |          tot:P        tot:T        tot:h        tot:S       stat:P       stat:W      stat:MN       stat:V    stat:area
------------------------------------------------------------------------------------------------------------------------------------------------
OD_TOC.fc.Fl_O         |          6.873      464.798      -19.097        1.657        4.776      567.259        0.740      742.670     3573.190
OD_TOC.inlet.Fl_O      |          6.867      464.798      -19.097        1.657        0.001      567.259     1365.947   894467.540     4199.110
OD_TOC.fan.Fl_O        |         11.309      541.324       -0.746        1.660        9.904      567.259        0.440      491.938     3237.426
OD_TOC.splitter.Fl_O1  |         11.309      541.324       -0.746        1.660       10.726       73.351        0.276      312.517      622.481
OD_TOC.splitter.Fl_O2  |         11.309      541.324       -0.746        1.660        9.721      493.907        0.470      524.605     2678.634
OD_TOC.duct4.Fl_O      |         11.255      541.324       -0.746        1.660       10.640       73.351        0.284      321.794      608.847
OD_TOC.lpc.Fl_O        |         12.541      559.845        3.700        1.660       11.887       73.351        0.278      319.691      567.781
OD_TOC.duct6.Fl_O      |         12.415      559.845        3.700        1.661       11.549       73.351        0.323      370.856      501.096
OD_TOC.hpc.Fl_O        |        184.455     1249.973      174.017        1.674      178.306       64.881        0.223      380.565       63.188
OD_TOC.bld3.Fl_O       |        184.455     1249.973      174.017        1.674      173.917       56.545        0.295      500.461       42.648
OD_TOC.burner.Fl_O     |        174.494     2546.230      170.629        1.896      174.477       57.668        0.012       28.964     1550.003
OD_TOC.hpt.Fl_O        |         38.517     1766.249       -9.969        1.892       35.528       66.003        0.351      696.449      246.405
OD_TOC.duct11.Fl_O     |         38.321     1766.249       -9.969        1.892       36.018       66.003        0.307      610.724      278.455
OD_TOC.lpt.Fl_O        |          6.204     1145.758     -153.504        1.900        5.752       71.210        0.335      542.670     1366.643
OD_TOC.duct13.Fl_O     |          6.138     1145.758     -153.504        1.901        5.627       71.210        0.359      581.188     1300.562
OD_TOC.core_nozz.Fl_O  |          6.138     1145.758     -153.504        1.901        4.776       71.210        0.616      976.806      872.624
OD_TOC.byp_bld.Fl_O    |         11.309      541.324       -0.746        1.660        9.721      491.438        0.470      524.605     2665.241
OD_TOC.duct15.Fl_O     |         11.141      541.324       -0.746        1.661        9.454      491.438        0.490      545.931     2623.836
OD_TOC.byp_nozz.Fl_O   |         11.141      541.324       -0.746        1.661        5.884      491.438        1.000     1041.380     1929.832
------------------------------------------------------------------------------------------------------------------------------------------------
-------------------------------------------------------------------------------------------------------------------------------------------------------------------------------------------------------
                          COMPRESSOR PROPERTIES
-------------------------------------------------------------------------------------------------------------------------------------------------------------------------------------------------------
Compressor    |           Wc         Pr      eta_a      eta_p         Nc        pwr   RlineMap      NcMap      WcMap      PRmap   alphaMap        SMN        SMW     effMap
-------------------------------------------------------------------------------------------------------------------------------------------------------------------------------------------------------
OD_TOC.fan    |     1149.281      1.647      0.931      0.936  12250.757 -14727.943      1.939      0.850      1.493    701.268      0.000     46.280     32.081      0.926
OD_TOC.lpc    |       97.844      1.114      0.917      0.918  11351.844   -461.459      2.224      0.881      1.534     76.821      0.000     30.442     28.948      0.917
OD_TOC.hpc    |       90.212     14.858      0.912      0.937  14643.084 -16655.094      2.041      0.959      8.536     46.148      0.000     24.966     25.336      0.875
-------------------------------------------------------------------------------------------------------------------------------------------------------------------------------------------------------
---------------------------------------------------------------------------
                            BURNER PROPERTIES
---------------------------------------------------------------------------
Burner              |           dPqP        TtOut        Wfuel          FAR
OD_TOC.burner       |         0.0540      2546.23       1.1225      0.01985
--------------------------------------------------------------------------------------------------------------------------------------
                            TURBINE PROPERTIES
--------------------------------------------------------------------------------------------------------------------------------------
Turbine       |             Wp           PR        eff_a        eff_p           Np          pwr        NpMap        PRmap     alphaMap
OD_TOC.hpt    |         16.676        4.530        0.900        0.882      301.490    16905.094      100.814        6.069        1.000
OD_TOC.lpt    |         72.386        6.177        0.895        0.869      275.946    15189.402       91.810        5.218        1.000
-------------------------------------------------------------------------------------------------------------------------
                            NOZZLE PROPERTIES
-------------------------------------------------------------------------------------------------------------------------
Nozzle        |             PR           Cv          Cfg          Ath         MNth        MNout            V           Fg
OD_TOC.core_nozz|          1.285        0.993        N/A        872.624        0.616        0.616      976.806     2147.453
OD_TOC.byp_nozz|          2.332        0.994        N/A       1929.832        1.000        1.000     1041.380    17946.537
---------------------------------------------------------------------------------------------------------------------------
                            SHAFT PROPERTIES
---------------------------------------------------------------------------------------------------------------------------
Shaft               |                 Nmech               trqin              trqout               pwrin              pwrout
OD_TOC.hp_shaft     |             15213.216            5836.203           -5749.894           16905.084          -16655.084
OD_TOC.lp_shaft     |             11597.099            6878.997           -6878.997           15189.393          -15189.393
--------------------------------------------------------------------------------------------------------------------
                            BLEED PROPERTIES
--------------------------------------------------------------------------------------------------------------------
Bleed                 |         Wb/Win        Pfrac     Workfrac            W           Tt           ht           Pt
OD_TOC.hpc.cool1      |          0.051        0.500        0.500        3.720      910.867       88.858       98.435
OD_TOC.hpc.cool2      |          0.020        0.550        0.500        1.487      910.867       88.858      107.037
OD_TOC.hpc.cust       |          0.044        0.500        0.500        3.264      910.867       88.858       98.435
OD_TOC.bld3.cool3     |          0.067        1.000        1.000        4.361     1249.973      174.017      184.455
OD_TOC.bld3.cool4     |          0.061        1.000        1.000        3.974     1249.973      174.017      184.455
OD_TOC.byp_bld.bypBld |          0.005        1.000        1.000        2.470      541.324       -0.746       11.309



----------------------------------------------------------------------------
                              POINT: OD_SLS
----------------------------------------------------------------------------
                       PERFORMANCE CHARACTERISTICS
    Mach      Alt       W      Fn      Fg    Fram     OPR     TSFC      BPR 
 0.00001      0.0 1371.758 50000.0 50000.5     0.5  43.363  0.36920    5.384
------------------------------------------------------------------------------------------------------------------------------------------------
                            FLOW STATIONS
------------------------------------------------------------------------------------------------------------------------------------------------
------------------------------------------------------------------------------------------------------------------------------------------------
Flow Station           |          tot:P        tot:T        tot:h        tot:S       stat:P       stat:W      stat:MN       stat:V    stat:area
------------------------------------------------------------------------------------------------------------------------------------------------
OD_SLS.fc.Fl_O         |         14.696      518.670       -6.182        1.631       14.696     1371.758        0.000        0.011231342084.080
OD_SLS.inlet.Fl_O      |         14.681      518.670       -6.182        1.631        9.869     1371.758        0.775      817.620     4199.110
OD_SLS.fan.Fl_O        |         29.098      652.630       26.020        1.640       25.199     1371.758        0.458      561.999     3237.426
OD_SLS.splitter.Fl_O1  |         29.098      652.630       26.020        1.640       26.663      214.880        0.356      439.721      622.481
OD_SLS.splitter.Fl_O2  |         29.098      652.630       26.020        1.640       25.014     1156.878        0.470      575.852     2678.634
OD_SLS.duct4.Fl_O      |         28.958      652.630       26.020        1.640       26.385      214.880        0.367      453.570      608.847
OD_SLS.lpc.Fl_O        |         35.452      697.451       36.839        1.642       32.922      214.880        0.327      418.859      567.781
OD_SLS.duct6.Fl_O      |         35.094      697.451       36.839        1.643       31.715      214.880        0.384      488.875      501.096
OD_SLS.hpc.Fl_O        |        636.619     1627.245      272.994        1.658      616.753      190.065        0.218      419.988       63.188
OD_SLS.bld3.Fl_O       |        636.619     1627.245      272.994        1.658      602.624      165.648        0.287      551.747       42.648
OD_SLS.burner.Fl_O     |        602.241     3458.528      264.797        1.918      602.183      170.775        0.012       33.757     1550.003
OD_SLS.hpt.Fl_O        |        136.466     2463.668       19.955        1.910      126.179      195.193        0.349      810.523      246.405
OD_SLS.duct11.Fl_O     |        135.770     2463.667       19.955        1.910      127.843      195.193        0.306      710.835      278.455
OD_SLS.lpt.Fl_O        |         20.453     1614.414     -191.214        1.916       18.740      210.446        0.365      692.533     1366.643
OD_SLS.duct13.Fl_O     |         20.234     1614.414     -191.214        1.916       18.293      210.446        0.392      743.040     1300.562
OD_SLS.core_nozz.Fl_O  |         20.234     1614.414     -191.214        1.916       14.696      210.446        0.707     1305.339      872.624
OD_SLS.byp_bld.Fl_O    |         29.098      652.630       26.020        1.640       25.014     1151.094        0.470      575.852     2665.241
OD_SLS.duct15.Fl_O     |         28.664      652.630       26.020        1.641       24.327     1151.094        0.490      599.266     2623.836
OD_SLS.byp_nozz.Fl_O   |         28.664      652.630       26.020        1.641       15.143     1151.094        1.000     1143.386     1929.832
------------------------------------------------------------------------------------------------------------------------------------------------
-------------------------------------------------------------------------------------------------------------------------------------------------------------------------------------------------------
                          COMPRESSOR PROPERTIES
-------------------------------------------------------------------------------------------------------------------------------------------------------------------------------------------------------
Compressor    |           Wc         Pr      eta_a      eta_p         Nc        pwr   RlineMap      NcMap      WcMap      PRmap   alphaMap        SMN        SMW     effMap
-------------------------------------------------------------------------------------------------------------------------------------------------------------------------------------------------------
OD_SLS.fan    |     1373.136      1.982      0.834      0.849  16266.900 -62498.908      2.672      1.129      1.747    837.860      0.000     32.982     29.313      0.829
OD_SLS.lpc    |      122.324      1.224      0.861      0.865  14501.633  -3289.125     15.267      1.125      2.048     96.040      0.000     18.911     18.790      0.861
OD_SLS.hpc    |      104.345     18.140      0.900      0.930  15202.740 -67651.202      2.177      0.996     10.321     53.378      0.000     19.836     19.737      0.864
-------------------------------------------------------------------------------------------------------------------------------------------------------------------------------------------------------
---------------------------------------------------------------------------
                            BURNER PROPERTIES
---------------------------------------------------------------------------
Burner              |           dPqP        TtOut        Wfuel          FAR
OD_SLS.burner       |         0.0540      3458.53       5.1278      0.03096
--------------------------------------------------------------------------------------------------------------------------------------
                            TURBINE PROPERTIES
--------------------------------------------------------------------------------------------------------------------------------------
Turbine       |             Wp           PR        eff_a        eff_p           Np          pwr        NpMap        PRmap     alphaMap
OD_SLS.hpt    |         16.676        4.413        0.901        0.886      299.770    67901.202      100.239        5.901        1.000
OD_SLS.lpt    |         71.360        6.638        0.899        0.875      327.728    65788.033      109.039        5.594        1.000
-------------------------------------------------------------------------------------------------------------------------
                            NOZZLE PROPERTIES
-------------------------------------------------------------------------------------------------------------------------
Nozzle        |             PR           Cv          Cfg          Ath         MNth        MNout            V           Fg
OD_SLS.core_nozz|          1.377        0.993        N/A        872.624        0.707        0.707     1305.339     8480.842
OD_SLS.byp_nozz|          1.950        0.994        N/A       1929.832        1.000        1.000     1143.386    41519.634
---------------------------------------------------------------------------------------------------------------------------
                            SHAFT PROPERTIES
---------------------------------------------------------------------------------------------------------------------------
Shaft               |                 Nmech               trqin              trqout               pwrin              pwrout
OD_SLS.hp_shaft     |             17629.226           20229.168          -20154.688           67901.162          -67651.161
OD_SLS.lp_shaft     |             16266.900           21241.047          -21241.047           65787.994          -65787.994
--------------------------------------------------------------------------------------------------------------------
                            BLEED PROPERTIES
--------------------------------------------------------------------------------------------------------------------
Bleed                 |         Wb/Win        Pfrac     Workfrac            W           Tt           ht           Pt
OD_SLS.hpc.cool1      |          0.051        0.500        0.500       10.896     1175.134      154.917      335.856
OD_SLS.hpc.cool2      |          0.020        0.550        0.500        4.356     1175.134      154.917      365.933
OD_SLS.hpc.cust       |          0.044        0.500        0.500        9.562     1175.134      154.917      335.856
OD_SLS.bld3.cool3     |          0.067        1.000        1.000       12.775     1627.245      272.994      636.619
OD_SLS.bld3.cool4     |          0.061        1.000        1.000       11.643     1627.245      272.994      636.619
OD_SLS.byp_bld.bypBld |          0.005        1.000        1.000        5.784      652.630       26.020       29.098
