


----------------------------------------------------------------------------
                              POINT: DESIGN
----------------------------------------------------------------------------
                       PERFORMANCE CHARACTERISTICS
    Mach      Alt       W      Fn      Fg    Fram     OPR     TSFC      BPR 
 0.74000  28000.0 695.677 10000.0 26058.3 16058.3  30.083  0.69867    5.900
------------------------------------------------------------------------------------------------------------------------------------------------
                            FLOW STATIONS
------------------------------------------------------------------------------------------------------------------------------------------------
------------------------------------------------------------------------------------------------------------------------------------------------
Flow Station           |          tot:P        tot:T        tot:h        tot:S       stat:P       stat:W      stat:MN       stat:V    stat:area
------------------------------------------------------------------------------------------------------------------------------------------------
DESIGN.fc.Fl_O         |          6.873      464.798      -19.097        1.657        4.776      695.677        0.740      742.670     4382.102
DESIGN.inlet.Fl_O      |          6.867      464.798      -19.097        1.657        4.949      695.677        0.700      706.205     4494.191
DESIGN.fan.Fl_O        |          8.927      505.044       -9.450        1.659        7.768      695.677        0.450      486.099     4770.736
DESIGN.splitter.Fl_O1  |          8.927      505.044       -9.450        1.659        8.315      100.823        0.320      349.037      917.263
DESIGN.splitter.Fl_O2  |          8.927      505.044       -9.450        1.659        7.673      594.854        0.470      506.809     3947.314
DESIGN.duct4.Fl_O      |          8.884      505.044       -9.450        1.659        8.238      100.823        0.330      359.716      897.176
DESIGN.lpc.Fl_O        |         23.986      683.925       33.571        1.664       22.537      100.823        0.300      380.788      421.163
DESIGN.duct6.Fl_O      |         23.744      683.925       33.571        1.665       21.819      100.823        0.350      442.872      371.687
DESIGN.hpc.Fl_O        |        206.570     1301.416      187.250        1.676      199.899       89.180        0.220      382.142       80.354
DESIGN.bld3.Fl_O       |        206.570     1301.416      187.250        1.676      195.148       77.723        0.290      502.216       54.236
DESIGN.burner.Fl_O     |        195.415     2880.000      182.689        1.931      194.167       79.663        0.100      251.646      250.134
DESIGN.hpt.Fl_O        |         62.137     2156.482       21.099        1.920       57.395       91.120        0.350      762.989      234.942
DESIGN.duct11.Fl_O     |         61.820     2156.482       21.099        1.920       58.167       91.120        0.306      669.095      265.510
DESIGN.lpt.Fl_O        |         22.775     1683.180      -84.823        1.917       20.611       98.277        0.390      754.827      553.388
DESIGN.duct13.Fl_O     |         22.531     1683.180      -84.823        1.917       20.072       98.277        0.420      811.403      526.573
DESIGN.core_nozz.Fl_O  |         22.531     1683.180      -84.823        1.917       12.132       98.277        1.000     1820.783      342.219
DESIGN.byp_bld.Fl_O    |          8.927      505.044       -9.450        1.659        7.673      591.880        0.470      506.809     3927.577
DESIGN.duct15.Fl_O     |          8.794      505.044       -9.450        1.660        7.462      591.880        0.490      527.408     3866.586
DESIGN.byp_nozz.Fl_O   |          8.794      505.044       -9.450        1.660        4.776      591.880        0.976      985.386     2845.549
------------------------------------------------------------------------------------------------------------------------------------------------
-------------------------------------------------------------------------------------------------------------------------------------------------------------------------------------------------------
                          COMPRESSOR PROPERTIES
-------------------------------------------------------------------------------------------------------------------------------------------------------------------------------------------------------
Compressor    |           Wc         Pr      eta_a      eta_p         Nc        pwr   RlineMap      NcMap      WcMap      PRmap   alphaMap        SMN        SMW     effMap
-------------------------------------------------------------------------------------------------------------------------------------------------------------------------------------------------------
DESIGN.fan    |     1409.459      1.300      0.900      0.904   4225.456  -9495.546      2.200      0.990      1.685    803.556      0.000     36.641     29.886      0.895
DESIGN.lpc    |      164.582      2.700      0.924      0.934   4053.602  -6136.897      2.150      1.000      1.935     87.666      0.000     15.987     15.644      0.924
DESIGN.hpc    |       71.658      8.700      0.907      0.930  11320.997 -20656.438      2.050      0.976      9.374     49.454      0.000     22.598     22.468      0.871
-------------------------------------------------------------------------------------------------------------------------------------------------------------------------------------------------------
---------------------------------------------------------------------------
                            BURNER PROPERTIES
---------------------------------------------------------------------------
Burner              |           dPqP        TtOut        Wfuel          FAR
DESIGN.burner       |         0.0540      2880.00       1.9408      0.02497
--------------------------------------------------------------------------------------------------------------------------------------
                            TURBINE PROPERTIES
--------------------------------------------------------------------------------------------------------------------------------------
Turbine       |             Wp           PR        eff_a        eff_p           Np          pwr        NpMap        PRmap     alphaMap
DESIGN.hpt    |         21.877        3.145        0.900        0.887      242.241    20906.438      100.000        6.000        1.000
DESIGN.lpt    |         68.448        2.714        0.900        0.888       86.136    15632.443      100.000        6.000        1.000
-------------------------------------------------------------------------------------------------------------------------
                            NOZZLE PROPERTIES
-------------------------------------------------------------------------------------------------------------------------
Nozzle        |             PR           Cv          Cfg          Ath         MNth        MNout            V           Fg
DESIGN.core_nozz|          4.717        0.993        N/A        342.219        1.000        1.000     1820.783     8041.454
DESIGN.byp_nozz|          1.841        0.994        N/A       2845.549        0.976        0.976      985.386    18016.802
---------------------------------------------------------------------------------------------------------------------------
                            SHAFT PROPERTIES
---------------------------------------------------------------------------------------------------------------------------
Shaft               |                 Nmech               trqin              trqout               pwrin              pwrout
DESIGN.hp_shaft     |             13000.000            8446.378           -8345.376           20906.426          -20656.426
DESIGN.lp_shaft     |              4000.000           20525.828          -20525.828           15632.434          -15632.434
--------------------------------------------------------------------------------------------------------------------
                            BLEED PROPERTIES
--------------------------------------------------------------------------------------------------------------------
Bleed                 |         Wb/Win        Pfrac     Workfrac            W           Tt           ht           Pt
DESIGN.hpc.cool1      |          0.051        0.500        0.500        5.113      997.997      110.411      115.157
DESIGN.hpc.cool2      |          0.020        0.550        0.500        2.044      997.997      110.411      124.298
DESIGN.hpc.cust       |          0.044        0.500        0.500        4.487      997.997      110.411      115.157
DESIGN.bld3.cool3     |          0.067        1.000        1.000        5.994     1301.416      187.250      206.570
DESIGN.bld3.cool4     |          0.061        1.000        1.000        5.463     1301.416      187.250      206.570
DESIGN.byp_bld.bypBld |          0.005        1.000        1.000        2.974      505.044       -9.450        8.927



----------------------------------------------------------------------------
                              POINT: OD_TOfail
----------------------------------------------------------------------------
                       PERFORMANCE CHARACTERISTICS
    Mach      Alt       W      Fn      Fg    Fram     OPR     TSFC      BPR 
 0.18000      0.0 1365.969 36240.0 44772.5  8532.5  31.809  0.50683    5.335
------------------------------------------------------------------------------------------------------------------------------------------------
                            FLOW STATIONS
------------------------------------------------------------------------------------------------------------------------------------------------
------------------------------------------------------------------------------------------------------------------------------------------------
Flow Station           |          tot:P        tot:T        tot:h        tot:S       stat:P       stat:W      stat:MN       stat:V    stat:area
------------------------------------------------------------------------------------------------------------------------------------------------
OD_TOfail.fc.Fl_O      |         15.032      522.033       -5.375        1.631       14.696     1365.969        0.180      200.974    12798.099
OD_TOfail.inlet.Fl_O   |         15.017      522.033       -5.375        1.631       11.445     1365.969        0.635      684.362     4494.191
OD_TOfail.fan.Fl_O     |         20.392      575.462        7.451        1.634       18.227     1365.969        0.404      467.075     4770.736
OD_TOfail.splitter.Fl_O|         20.392      575.462        7.451        1.634       18.997      215.613        0.320      372.294      917.263
OD_TOfail.splitter.Fl_O|         20.392      575.462        7.451        1.634       18.138     1150.356        0.413      477.085     3947.314
OD_TOfail.duct4.Fl_O   |         20.294      575.462        7.451        1.634       18.822      215.613        0.330      383.683      897.176
OD_TOfail.lpc.Fl_O     |         51.563      767.535       53.819        1.640       48.074      215.613        0.319      427.530      421.163
OD_TOfail.duct6.Fl_O   |         51.042      767.535       53.819        1.640       46.391      215.613        0.373      498.416      371.687
OD_TOfail.hpc.Fl_O     |        477.672     1481.377      234.207        1.652      462.664      190.714        0.218      402.085       80.354
OD_TOfail.bld3.Fl_O    |        477.672     1481.377      234.207        1.652      451.992      166.213        0.287      528.219       54.236
OD_TOfail.burner.Fl_O  |        451.877     3330.000      227.232        1.925      451.803      171.315        0.016       43.456     1550.003
OD_TOfail.hpt.Fl_O     |        144.087     2516.924       40.045        1.912      133.050      195.816        0.353      826.029      234.942
OD_TOfail.duct11.Fl_O  |        143.352     2516.924       40.045        1.912      134.852      195.816        0.309      724.206      265.510
OD_TOfail.lpt.Fl_O     |         53.344     1983.603      -82.759        1.908       48.318      211.120        0.391      816.062      553.388
OD_TOfail.duct13.Fl_O  |         52.773     1983.603      -82.759        1.909       47.060      211.120        0.421      877.263      526.573
OD_TOfail.core_nozz.Fl_|         52.773     1983.603      -82.759        1.909       28.573      211.120        1.000     1971.098      342.219
OD_TOfail.byp_bld.Fl_O |         20.392      575.462        7.451        1.634       18.138     1144.604        0.413      477.085     3927.577
OD_TOfail.duct15.Fl_O  |         20.088      575.462        7.451        1.635       17.703     1144.604        0.429      495.194     3866.586
OD_TOfail.byp_nozz.Fl_O|         20.088      575.462        7.451        1.635       14.696     1144.604        0.683      768.590     2845.549
------------------------------------------------------------------------------------------------------------------------------------------------
-------------------------------------------------------------------------------------------------------------------------------------------------------------------------------------------------------
                          COMPRESSOR PROPERTIES
-------------------------------------------------------------------------------------------------------------------------------------------------------------------------------------------------------
Compressor    |           Wc         Pr      eta_a      eta_p         Nc        pwr   RlineMap      NcMap      WcMap      PRmap   alphaMap        SMN        SMW     effMap
-------------------------------------------------------------------------------------------------------------------------------------------------------------------------------------------------------
OD_TOfail.fan |     1341.099      1.358      0.892      0.897   4241.119 -24788.643      1.584      0.994      1.817    764.583      0.000     20.390     15.993      0.887
OD_TOfail.lpc |      164.464      2.541      0.909      0.920   4039.438 -14144.952      2.438      0.997      1.847     87.603      0.000     21.438     21.044      0.909
OD_TOfail.hpc |       75.517      9.358      0.903      0.927  11477.542 -51851.980      2.096      0.989     10.090     52.117      0.000     19.787     19.696      0.867
-------------------------------------------------------------------------------------------------------------------------------------------------------------------------------------------------------
---------------------------------------------------------------------------
                            BURNER PROPERTIES
---------------------------------------------------------------------------
Burner              |           dPqP        TtOut        Wfuel          FAR
OD_TOfail.burner    |         0.0540      3330.00       5.1021      0.03070
--------------------------------------------------------------------------------------------------------------------------------------
                            TURBINE PROPERTIES
--------------------------------------------------------------------------------------------------------------------------------------
Turbine       |             Wp           PR        eff_a        eff_p           Np          pwr        NpMap        PRmap     alphaMap
OD_TOfail.hpt |         21.877        3.136        0.900        0.888      241.953    52101.980       99.881        5.980        1.000
OD_TOfail.lpt |         68.530        2.687        0.899        0.888       84.810    38933.595       98.460        5.921        1.000
-------------------------------------------------------------------------------------------------------------------------
                            NOZZLE PROPERTIES
-------------------------------------------------------------------------------------------------------------------------
Nozzle        |             PR           Cv          Cfg          Ath         MNth        MNout            V           Fg
OD_TOfail.core_nozz|          3.591        0.993        N/A        342.219        1.000        1.000     1971.098    17596.338
OD_TOfail.byp_nozz|          1.367        0.994        N/A       2845.549        0.683        0.683      768.590    27176.131
---------------------------------------------------------------------------------------------------------------------------
                            SHAFT PROPERTIES
---------------------------------------------------------------------------------------------------------------------------
Shaft               |                 Nmech               trqin              trqout               pwrin              pwrout
OD_TOfail.hp_shaft  |             13962.152           19599.080          -19505.038           52101.949          -51851.949
OD_TOfail.lp_shaft  |              4254.845           48058.980          -48058.980           38933.572          -38933.572
-----------------------------------------------------------------------------------------------------------------------
                            BLEED PROPERTIES
-----------------------------------------------------------------------------------------------------------------------
Bleed                    |         Wb/Win        Pfrac     Workfrac            W           Tt           ht           Pt
OD_TOfail.hpc.cool1      |          0.051        0.500        0.500       10.933     1132.093      144.013      264.357
OD_TOfail.hpc.cool2      |          0.020        0.550        0.500        4.371     1132.093      144.013      285.688
OD_TOfail.hpc.cust       |          0.044        0.500        0.500        9.595     1132.093      144.013      264.357
OD_TOfail.bld3.cool3     |          0.067        1.000        1.000       12.819     1481.377      234.207      477.672
OD_TOfail.bld3.cool4     |          0.061        1.000        1.000       11.682     1481.377      234.207      477.672
OD_TOfail.byp_bld.bypBld |          0.005        1.000        1.000        5.752      575.462        7.451       20.392
