


----------------------------------------------------------------------------
                              POINT: DESIGN
----------------------------------------------------------------------------
                       PERFORMANCE CHARACTERISTICS
    Mach      Alt       W      Fn      Fg    Fram     OPR     TSFC      BPR 
 0.74000  28000.0 650.000 11126.3 26130.2 15003.9  33.968  0.57148    5.900
------------------------------------------------------------------------------------------------------------------------------------------------
                            FLOW STATIONS
------------------------------------------------------------------------------------------------------------------------------------------------
------------------------------------------------------------------------------------------------------------------------------------------------
Flow Station           |          tot:P        tot:T        tot:h        tot:S       stat:P       stat:W      stat:MN       stat:V    stat:area
------------------------------------------------------------------------------------------------------------------------------------------------
DESIGN.fc.Fl_O         |          6.873      464.798      -19.097        1.657        4.776      650.000        0.740      742.670     4094.380
DESIGN.inlet.Fl_O      |          6.867      464.798      -19.097        1.657        4.949      650.000        0.700      706.205     4199.110
DESIGN.fan.Fl_O        |         12.016      554.395        2.391        1.661       10.458      650.000        0.450      509.208     3469.918
DESIGN.splitter.Fl_O1  |         12.016      554.395        2.391        1.661       11.193       94.203        0.320      365.618      667.176
DESIGN.splitter.Fl_O2  |         12.016      554.395        2.391        1.661       10.329      555.797        0.470      530.906     2871.002
DESIGN.duct4.Fl_O      |         11.959      554.395        2.391        1.661       11.090       94.203        0.330      376.805      652.565
DESIGN.lpc.Fl_O        |         14.351      586.433       10.088        1.662       13.482       94.203        0.300      352.893      608.542
DESIGN.duct6.Fl_O      |         14.206      586.433       10.088        1.663       13.052       94.203        0.350      410.413      537.073
DESIGN.hpc.Fl_O        |        233.243     1345.674      198.704        1.676      225.725       83.324        0.220      388.216       67.678
DESIGN.bld3.Fl_O       |        233.243     1345.674      198.704        1.676      220.370       72.620        0.290      510.211       45.679
DESIGN.burner.Fl_O     |        220.648     2880.000      193.985        1.922      219.237       74.386        0.100      251.685      206.822
DESIGN.hpt.Fl_O        |         51.588     2033.550       -4.466        1.915       47.638       85.090        0.350      742.182      256.179
DESIGN.duct11.Fl_O     |         51.325     2033.550       -4.466        1.915       48.281       85.090        0.306      650.867      289.502
DESIGN.lpt.Fl_O        |         10.124     1385.611     -156.623        1.919        9.151       91.777        0.390      688.639     1048.994
DESIGN.duct13.Fl_O     |         10.016     1385.611     -156.623        1.919        8.910       91.777        0.420      740.188      998.238
DESIGN.core_nozz.Fl_O  |         10.016     1385.611     -156.623        1.919        5.364       91.777        1.000     1656.310      649.519
DESIGN.byp_bld.Fl_O    |         12.016      554.395        2.391        1.661       10.329      553.018        0.470      530.906     2856.647
DESIGN.duct15.Fl_O     |         11.837      554.395        2.391        1.662       10.045      553.018        0.490      552.488     2812.274
DESIGN.byp_nozz.Fl_O   |         11.837      554.395        2.391        1.662        6.252      553.018        1.000     1053.875     2068.477
------------------------------------------------------------------------------------------------------------------------------------------------
-------------------------------------------------------------------------------------------------------------------------------------------------------------------------------------------------------
                          COMPRESSOR PROPERTIES
-------------------------------------------------------------------------------------------------------------------------------------------------------------------------------------------------------
Compressor    |           Wc         Pr      eta_a      eta_p         Nc        pwr   RlineMap      NcMap      WcMap      PRmap   alphaMap        SMN        SMW     effMap
-------------------------------------------------------------------------------------------------------------------------------------------------------------------------------------------------------
DESIGN.fan    |     1316.917      1.750      0.900      0.908   5281.820 -19761.849      2.200      0.990      1.685    803.556      0.000     36.641     29.886      0.895
DESIGN.lpc    |      119.685      1.200      0.924      0.926   4836.218  -1025.762      2.150      1.000      1.935     87.666      0.000     15.987     15.644      0.924
DESIGN.hpc    |      103.625     16.419      0.907      0.935  12225.867 -23687.782      2.050      0.976      9.374     49.454      0.000     22.598     22.468      0.871
-------------------------------------------------------------------------------------------------------------------------------------------------------------------------------------------------------
---------------------------------------------------------------------------
                            BURNER PROPERTIES
---------------------------------------------------------------------------
Burner              |           dPqP        TtOut        Wfuel          FAR
DESIGN.burner       |         0.0540      2880.00       1.7662      0.02432
--------------------------------------------------------------------------------------------------------------------------------------
                            TURBINE PROPERTIES
--------------------------------------------------------------------------------------------------------------------------------------
Turbine       |             Wp           PR        eff_a        eff_p           Np          pwr        NpMap        PRmap     alphaMap
DESIGN.hpt    |         18.092        4.277        0.900        0.884      242.241    23963.116      100.000        6.000        1.000
DESIGN.lpt    |         74.762        5.070        0.900        0.880      110.877    20787.611      100.000        6.000        1.000
-------------------------------------------------------------------------------------------------------------------------
                            NOZZLE PROPERTIES
-------------------------------------------------------------------------------------------------------------------------
Nozzle        |             PR           Cv          Cfg          Ath         MNth        MNout            V           Fg
DESIGN.core_nozz|          2.097        0.993        N/A        649.519        1.000        1.000     1656.310     5074.551
DESIGN.byp_nozz|          2.478        0.994        N/A       2068.477        1.000        1.000     1053.875    21055.666
---------------------------------------------------------------------------------------------------------------------------
                            SHAFT PROPERTIES
---------------------------------------------------------------------------------------------------------------------------
Shaft               |                 Nmech               trqin              trqout               pwrin              pwrout
DESIGN.hp_shaft     |             13000.000            9681.302           -9570.064           23963.102          -23687.767
DESIGN.lp_shaft     |              5000.000           21835.764          -21835.764           20787.599          -20787.599
--------------------------------------------------------------------------------------------------------------------
                            BLEED PROPERTIES
--------------------------------------------------------------------------------------------------------------------
Bleed                 |         Wb/Win        Pfrac     Workfrac            W           Tt           ht           Pt
DESIGN.hpc.cool1      |          0.051        0.500        0.500        4.777      973.765      104.396      123.724
DESIGN.hpc.cool2      |          0.020        0.550        0.500        1.910      973.765      104.396      134.676
DESIGN.hpc.cust       |          0.044        0.500        0.500        4.192      973.765      104.396      123.724
DESIGN.bld3.cool3     |          0.067        1.000        1.000        5.601     1345.674      198.704      233.243
DESIGN.bld3.cool4     |          0.061        1.000        1.000        5.104     1345.674      198.704      233.243
DESIGN.byp_bld.bypBld |          0.005        1.000        1.000        2.779      554.395        2.391       12.016



----------------------------------------------------------------------------
                              POINT: OD_TOfail
----------------------------------------------------------------------------
                       PERFORMANCE CHARACTERISTICS
    Mach      Alt       W      Fn      Fg    Fram     OPR     TSFC      BPR 
 0.18000      0.0 1373.855 40703.9 49285.6  8581.8  37.146  0.42142    5.590
------------------------------------------------------------------------------------------------------------------------------------------------
                            FLOW STATIONS
------------------------------------------------------------------------------------------------------------------------------------------------
------------------------------------------------------------------------------------------------------------------------------------------------
Flow Station           |          tot:P        tot:T        tot:h        tot:S       stat:P       stat:W      stat:MN       stat:V    stat:area
------------------------------------------------------------------------------------------------------------------------------------------------
OD_TOfail.fc.Fl_O      |         15.032      522.033       -5.375        1.631       14.696     1373.855        0.180      200.974    12871.985
OD_TOfail.inlet.Fl_O   |         15.017      522.033       -5.375        1.631       10.440     1373.855        0.740      786.667     4199.110
OD_TOfail.fan.Fl_O     |         26.928      631.190       20.855        1.637       23.381     1373.855        0.454      547.767     3469.918
OD_TOfail.splitter.Fl_O|         26.928      631.190       20.855        1.637       24.861      208.475        0.340      413.741      667.176
OD_TOfail.splitter.Fl_O|         26.928      631.190       20.855        1.637       23.161     1165.381        0.469      565.375     2871.002
OD_TOfail.duct4.Fl_O   |         26.799      631.190       20.855        1.637       24.615      208.475        0.351      426.600      652.565
OD_TOfail.lpc.Fl_O     |         32.938      674.047       31.186        1.639       30.797      208.475        0.312      392.462      608.542
OD_TOfail.duct6.Fl_O   |         32.605      674.047       31.186        1.640       29.755      208.475        0.364      457.095      537.073
OD_TOfail.hpc.Fl_O     |        557.826     1549.678      252.291        1.654      540.100      184.399        0.219      413.627       67.678
OD_TOfail.bld3.Fl_O    |        557.826     1549.678      252.291        1.654      527.481      160.710        0.289      543.542       45.679
OD_TOfail.burner.Fl_O  |        527.703     3329.995      245.026        1.913      527.644      165.475        0.013       35.942     1550.003
OD_TOfail.hpt.Fl_O     |        124.677     2381.882       15.391        1.905      115.214      189.164        0.350      799.734      256.179
OD_TOfail.duct11.Fl_O  |        124.041     2381.882       15.391        1.905      116.750      189.164        0.307      701.318      289.502
OD_TOfail.lpt.Fl_O     |         24.844     1648.603     -162.704        1.908       22.519      203.962        0.387      741.183     1048.994
OD_TOfail.duct13.Fl_O  |         24.578     1648.603     -162.704        1.908       21.937      203.962        0.417      796.488      998.238
OD_TOfail.core_nozz.Fl_|         24.578     1648.603     -162.704        1.908       14.695      203.962        0.906     1653.065      649.662
OD_TOfail.byp_bld.Fl_O |         26.928      631.190       20.855        1.637       23.161     1159.554        0.469      565.375     2856.647
OD_TOfail.duct15.Fl_O  |         26.527      631.190       20.855        1.638       22.526     1159.554        0.489      588.335     2812.274
OD_TOfail.byp_nozz.Fl_O|         26.527      631.190       20.855        1.638       14.695     1159.554        0.959     1085.321     2068.643
------------------------------------------------------------------------------------------------------------------------------------------------
-------------------------------------------------------------------------------------------------------------------------------------------------------------------------------------------------------
                          COMPRESSOR PROPERTIES
-------------------------------------------------------------------------------------------------------------------------------------------------------------------------------------------------------
Compressor    |           Wc         Pr      eta_a      eta_p         Nc        pwr   RlineMap      NcMap      WcMap      PRmap   alphaMap        SMN        SMW     effMap
-------------------------------------------------------------------------------------------------------------------------------------------------------------------------------------------------------
OD_TOfail.fan |     1348.841      1.793      0.867      0.878   5681.759 -50985.346      2.422      1.065      1.725    823.005      0.000     34.334     29.232      0.862
OD_TOfail.lpc |      126.114      1.229      0.890      0.893   5167.158  -3047.458      3.069      1.068      2.071     92.360      0.000     13.514     13.362      0.890
OD_TOfail.hpc |      107.118     17.109      0.904      0.933  12330.154 -61451.433      2.109      0.984      9.749     51.114      0.000     21.689     21.581      0.868
-------------------------------------------------------------------------------------------------------------------------------------------------------------------------------------------------------
---------------------------------------------------------------------------
                            BURNER PROPERTIES
---------------------------------------------------------------------------
Burner              |           dPqP        TtOut        Wfuel          FAR
OD_TOfail.burner    |         0.0540      3329.99       4.7649      0.02965
--------------------------------------------------------------------------------------------------------------------------------------
                            TURBINE PROPERTIES
--------------------------------------------------------------------------------------------------------------------------------------
Turbine       |             Wp           PR        eff_a        eff_p           Np          pwr        NpMap        PRmap     alphaMap
OD_TOfail.hpt |         18.095        4.233        0.901        0.886      243.583    61702.947      100.553        5.932        1.000
OD_TOfail.lpt |         74.428        4.993        0.900        0.881      116.795    54039.420      105.334        5.906        1.000
-------------------------------------------------------------------------------------------------------------------------
                            NOZZLE PROPERTIES
-------------------------------------------------------------------------------------------------------------------------
Nozzle        |             PR           Cv          Cfg          Ath         MNth        MNout            V           Fg
OD_TOfail.core_nozz|          1.672        0.993        N/A        649.662        0.906        0.906     1653.065    10409.144
OD_TOfail.byp_nozz|          1.805        0.994        N/A       2068.643        0.959        0.959     1085.321    38876.476
---------------------------------------------------------------------------------------------------------------------------
                            SHAFT PROPERTIES
---------------------------------------------------------------------------------------------------------------------------
Shaft               |                 Nmech               trqin              trqout               pwrin              pwrout
OD_TOfail.hp_shaft  |             14056.203           23055.348          -22961.370           61702.911          -61451.396
OD_TOfail.lp_shaft  |              5700.147           49791.867          -49785.771           54039.388          -54032.772
-----------------------------------------------------------------------------------------------------------------------
                            BLEED PROPERTIES
-----------------------------------------------------------------------------------------------------------------------
Bleed                    |         Wb/Win        Pfrac     Workfrac            W           Tt           ht           Pt
OD_TOfail.hpc.cool1      |          0.051        0.500        0.500       10.571     1123.086      141.739      295.216
OD_TOfail.hpc.cool2      |          0.020        0.550        0.500        4.227     1123.085      141.739      321.477
OD_TOfail.hpc.cust       |          0.044        0.500        0.500        9.277     1123.086      141.739      295.216
OD_TOfail.bld3.cool3     |          0.067        1.000        1.000       12.394     1549.678      252.291      557.826
OD_TOfail.bld3.cool4     |          0.061        1.000        1.000       11.296     1549.678      252.291      557.826
OD_TOfail.byp_bld.bypBld |          0.005        1.000        1.000        5.827      631.190       20.855       26.928



----------------------------------------------------------------------------
                              POINT: OD_TOC
----------------------------------------------------------------------------
                       PERFORMANCE CHARACTERISTICS
    Mach      Alt       W      Fn      Fg    Fram     OPR     TSFC      BPR 
 0.74000  28000.0 662.062 12000.0 27282.3 15282.3  36.346  0.58308    5.675
------------------------------------------------------------------------------------------------------------------------------------------------
                            FLOW STATIONS
------------------------------------------------------------------------------------------------------------------------------------------------
------------------------------------------------------------------------------------------------------------------------------------------------
Flow Station           |          tot:P        tot:T        tot:h        tot:S       stat:P       stat:W      stat:MN       stat:V    stat:area
------------------------------------------------------------------------------------------------------------------------------------------------
OD_TOC.fc.Fl_O         |          6.873      464.798      -19.097        1.657        4.776      662.062        0.740      742.670     4170.361
OD_TOC.inlet.Fl_O      |          6.867      464.798      -19.097        1.657        2.414      662.062        1.319     1200.653     4199.110
OD_TOC.fan.Fl_O        |         12.232      560.082        3.757        1.662       10.623      662.062        0.453      515.498     3469.918
OD_TOC.splitter.Fl_O1  |         12.232      560.082        3.757        1.662       11.320       99.179        0.335      383.809      667.176
OD_TOC.splitter.Fl_O2  |         12.232      560.082        3.757        1.662       10.514      562.883        0.470      533.617     2871.002
OD_TOC.duct4.Fl_O      |         12.173      560.082        3.757        1.663       11.211       99.179        0.345      395.685      652.565
OD_TOC.lpc.Fl_O        |         15.024      598.136       12.901        1.664       14.084       99.179        0.305      362.542      608.542
OD_TOC.duct6.Fl_O      |         14.872      598.136       12.901        1.665       13.622       99.179        0.356      421.908      537.073
OD_TOC.hpc.Fl_O        |        249.574     1379.888      207.600        1.678      241.590       87.726        0.219      391.632       67.678
OD_TOC.bld3.Fl_O       |        249.574     1379.888      207.600        1.678      235.906       76.456        0.289      514.639       45.679
OD_TOC.burner.Fl_O     |        236.097     2968.438      202.454        1.928      236.071       78.399        0.013       33.928     1550.003
OD_TOC.hpt.Fl_O        |         55.462     2102.090       -1.783        1.920       51.246       89.670        0.349      751.776      256.179
OD_TOC.duct11.Fl_O     |         55.179     2102.090       -1.783        1.921       51.930       89.670        0.306      659.335      289.502
OD_TOC.lpt.Fl_O        |         10.867     1435.215     -159.461        1.924        9.825       96.709        0.390      700.270     1048.994
OD_TOC.duct13.Fl_O     |         10.751     1435.215     -159.461        1.925        9.566       96.709        0.420      752.696      998.238
OD_TOC.core_nozz.Fl_O  |         10.751     1435.215     -159.461        1.925        5.764       96.709        1.000     1684.816      649.518
OD_TOC.byp_bld.Fl_O    |         12.232      560.082        3.757        1.662       10.514      560.068        0.470      533.617     2856.647
OD_TOC.duct15.Fl_O     |         12.050      560.082        3.757        1.663       10.226      560.068        0.490      555.309     2812.274
OD_TOC.byp_nozz.Fl_O   |         12.050      560.082        3.757        1.663        6.364      560.068        1.000     1059.265     2068.477
------------------------------------------------------------------------------------------------------------------------------------------------
-------------------------------------------------------------------------------------------------------------------------------------------------------------------------------------------------------
                          COMPRESSOR PROPERTIES
-------------------------------------------------------------------------------------------------------------------------------------------------------------------------------------------------------
Compressor    |           Wc         Pr      eta_a      eta_p         Nc        pwr   RlineMap      NcMap      WcMap      PRmap   alphaMap        SMN        SMW     effMap
-------------------------------------------------------------------------------------------------------------------------------------------------------------------------------------------------------
OD_TOC.fan    |     1341.355      1.781      0.875      0.885   5581.737 -21407.677      2.367      1.046      1.714    818.468      0.000     34.955     29.513      0.870
OD_TOC.lpc    |      124.419      1.234      0.911      0.913   5084.820  -1283.143      2.347      1.051      2.095     91.134      0.000     10.892     10.714      0.911
OD_TOC.hpc    |      105.246     16.782      0.906      0.934  12274.767 -25743.473      2.067      0.980      9.571     50.227      0.000     21.879     21.761      0.869
-------------------------------------------------------------------------------------------------------------------------------------------------------------------------------------------------------
---------------------------------------------------------------------------
                            BURNER PROPERTIES
---------------------------------------------------------------------------
Burner              |           dPqP        TtOut        Wfuel          FAR
OD_TOC.burner       |         0.0540      2968.44       1.9436      0.02542
--------------------------------------------------------------------------------------------------------------------------------------
                            TURBINE PROPERTIES
--------------------------------------------------------------------------------------------------------------------------------------
Turbine       |             Wp           PR        eff_a        eff_p           Np          pwr        NpMap        PRmap     alphaMap
OD_TOC.hpt    |         18.092        4.257        0.900        0.884      241.938    25993.467       99.875        5.969        1.000
OD_TOC.lpt    |         74.507        5.078        0.900        0.880      115.247    22690.823      103.941        6.010        1.000
-------------------------------------------------------------------------------------------------------------------------
                            NOZZLE PROPERTIES
-------------------------------------------------------------------------------------------------------------------------
Nozzle        |             PR           Cv          Cfg          Ath         MNth        MNout            V           Fg
OD_TOC.core_nozz|          2.251        0.993        N/A        649.518        1.000        1.000     1684.816     5671.684
OD_TOC.byp_nozz|          2.523        0.994        N/A       2068.477        1.000        1.000     1059.265    21610.642
---------------------------------------------------------------------------------------------------------------------------
                            SHAFT PROPERTIES
---------------------------------------------------------------------------------------------------------------------------
Shaft               |                 Nmech               trqin              trqout               pwrin              pwrout
OD_TOC.hp_shaft     |             13181.590           10356.910          -10257.302           25993.452          -25743.458
OD_TOC.lp_shaft     |              5283.915           22554.242          -22554.239           22690.809          -22690.807
--------------------------------------------------------------------------------------------------------------------
                            BLEED PROPERTIES
--------------------------------------------------------------------------------------------------------------------
Bleed                 |         Wb/Win        Pfrac     Workfrac            W           Tt           ht           Pt
OD_TOC.hpc.cool1      |          0.051        0.500        0.500        5.029      997.354      110.251      132.223
OD_TOC.hpc.cool2      |          0.020        0.550        0.500        2.011      997.353      110.251      143.958
OD_TOC.hpc.cust       |          0.044        0.500        0.500        4.413      997.354      110.251      132.223
OD_TOC.bld3.cool3     |          0.067        1.000        1.000        5.896     1379.888      207.600      249.574
OD_TOC.bld3.cool4     |          0.061        1.000        1.000        5.374     1379.888      207.600      249.574
OD_TOC.byp_bld.bypBld |          0.005        1.000        1.000        2.814      560.082        3.757       12.232



----------------------------------------------------------------------------
                              POINT: OD_SLS
----------------------------------------------------------------------------
                       PERFORMANCE CHARACTERISTICS
    Mach      Alt       W      Fn      Fg    Fram     OPR     TSFC      BPR 
 0.00001      0.0 1391.745 52020.2 52020.7     0.5  42.881  0.38279    5.247
------------------------------------------------------------------------------------------------------------------------------------------------
                            FLOW STATIONS
------------------------------------------------------------------------------------------------------------------------------------------------
------------------------------------------------------------------------------------------------------------------------------------------------
Flow Station           |          tot:P        tot:T        tot:h        tot:S       stat:P       stat:W      stat:MN       stat:V    stat:area
------------------------------------------------------------------------------------------------------------------------------------------------
OD_SLS.fc.Fl_O         |         14.696      518.670       -6.182        1.631       14.696     1391.745        0.000        0.011234712751.260
OD_SLS.inlet.Fl_O      |         14.681      518.670       -6.182        1.631        9.538     1391.745        0.810      849.992     4199.110
OD_SLS.fan.Fl_O        |         27.200      640.599       23.121        1.640       23.526     1391.745        0.460      559.087     3469.918
OD_SLS.splitter.Fl_O1  |         27.200      640.599       23.121        1.640       24.794      222.789        0.366      448.323      667.176
OD_SLS.splitter.Fl_O2  |         27.200      640.599       23.121        1.640       23.390     1168.956        0.470      569.906     2871.002
OD_SLS.duct4.Fl_O      |         27.069      640.599       23.121        1.640       24.526      222.789        0.378      462.575      652.565
OD_SLS.lpc.Fl_O        |         35.548      698.475       37.086        1.642       33.197      222.789        0.315      403.062      608.542
OD_SLS.duct6.Fl_O      |         35.189      698.475       37.086        1.643       32.057      222.789        0.368      469.618      537.073
OD_SLS.hpc.Fl_O        |        629.542     1622.075      271.609        1.658      610.808      197.061        0.212      409.362       67.678
OD_SLS.bld3.Fl_O       |        629.542     1622.075      271.609        1.658      597.529      171.744        0.280      537.300       45.679
OD_SLS.burner.Fl_O     |        595.546     3517.529      263.134        1.925      595.482      177.276        0.013       36.042     1550.003
OD_SLS.hpt.Fl_O        |        142.152     2531.421       21.397        1.916      132.096      202.592        0.338      795.153      256.179
OD_SLS.duct11.Fl_O     |        141.427     2531.421       21.397        1.916      133.667      202.592        0.297      698.023      289.502
OD_SLS.lpt.Fl_O        |         27.967     1757.259     -169.274        1.919       25.454      218.406        0.380      749.445     1048.994
OD_SLS.duct13.Fl_O     |         27.668     1757.259     -169.274        1.919       24.815      218.406        0.408      804.946      998.238
OD_SLS.core_nozz.Fl_O  |         27.668     1757.259     -169.274        1.919       15.089      218.406        0.991     1843.691      634.079
OD_SLS.byp_bld.Fl_O    |         27.200      640.599       23.121        1.640       23.390     1163.112        0.470      569.906     2856.647
OD_SLS.duct15.Fl_O     |         26.794      640.599       23.121        1.641       22.749     1163.112        0.490      593.059     2812.274
OD_SLS.byp_nozz.Fl_O   |         26.794      640.599       23.121        1.641       14.696     1163.112        0.967     1101.835     2068.477
------------------------------------------------------------------------------------------------------------------------------------------------
-------------------------------------------------------------------------------------------------------------------------------------------------------------------------------------------------------
                          COMPRESSOR PROPERTIES
-------------------------------------------------------------------------------------------------------------------------------------------------------------------------------------------------------
Compressor    |           Wc         Pr      eta_a      eta_p         Nc        pwr   RlineMap      NcMap      WcMap      PRmap   alphaMap        SMN        SMW     effMap
-------------------------------------------------------------------------------------------------------------------------------------------------------------------------------------------------------
OD_SLS.fan    |     1393.143      1.853      0.818      0.833   6321.714 -57700.463      2.887      1.185      1.779    850.068      0.000     30.695     28.451      0.813
OD_SLS.lpc    |      134.420      1.313      0.891      0.895   5688.362  -4402.060      1.000      1.176      2.464     97.372      0.000     -0.000      1.016      0.891
OD_SLS.hpc    |      107.974     17.891      0.902      0.931  12382.673 -69656.124      2.140      0.992     10.174     52.676      0.000     20.036     19.950      0.865
-------------------------------------------------------------------------------------------------------------------------------------------------------------------------------------------------------
---------------------------------------------------------------------------
                            BURNER PROPERTIES
---------------------------------------------------------------------------
Burner              |           dPqP        TtOut        Wfuel          FAR
OD_SLS.burner       |         0.0540      3517.53       5.5314      0.03221
--------------------------------------------------------------------------------------------------------------------------------------
                            TURBINE PROPERTIES
--------------------------------------------------------------------------------------------------------------------------------------
Turbine       |             Wp           PR        eff_a        eff_p           Np          pwr        NpMap        PRmap     alphaMap
OD_SLS.hpt    |         17.654        4.190        0.902        0.887      242.284    69594.531      100.142        5.866        1.000
OD_SLS.lpt    |         72.073        5.057        0.898        0.878      125.647    61894.429      113.485        5.984        1.000
-------------------------------------------------------------------------------------------------------------------------
                            NOZZLE PROPERTIES
-------------------------------------------------------------------------------------------------------------------------
Nozzle        |             PR           Cv          Cfg          Ath         MNth        MNout            V           Fg
OD_SLS.core_nozz|          1.834        0.993        N/A        634.079        0.991        0.991     1843.691    12431.624
OD_SLS.byp_nozz|          1.823        0.994        N/A       2068.477        0.967        0.967     1101.835    39589.106
---------------------------------------------------------------------------------------------------------------------------
                            SHAFT PROPERTIES
---------------------------------------------------------------------------------------------------------------------------
Shaft               |                 Nmech               trqin              trqout               pwrin              pwrout
OD_SLS.hp_shaft     |             14369.585           25436.930          -25459.442           69594.490          -69656.082
OD_SLS.lp_shaft     |              6321.714           51422.184          -51595.069           61894.392          -62102.486
--------------------------------------------------------------------------------------------------------------------
                            BLEED PROPERTIES
--------------------------------------------------------------------------------------------------------------------
Bleed                 |         Wb/Win        Pfrac     Workfrac            W           Tt           ht           Pt
OD_SLS.hpc.cool1      |          0.051        0.500        0.500       11.297     1172.894      154.348      332.365
OD_SLS.hpc.cool2      |          0.020        0.550        0.500        4.517     1172.894      154.348      362.083
OD_SLS.hpc.cust       |          0.044        0.500        0.500        9.914     1172.894      154.348      332.365
OD_SLS.bld3.cool3     |          0.067        1.000        1.000       13.245     1622.075      271.609      629.542
OD_SLS.bld3.cool4     |          0.061        1.000        1.000       12.071     1622.075      271.609      629.542
OD_SLS.byp_bld.bypBld |          0.005        1.000        1.000        5.845      640.599       23.121       27.200
