


----------------------------------------------------------------------------
                              POINT: DESIGN
----------------------------------------------------------------------------
                       PERFORMANCE CHARACTERISTICS
    Mach      Alt       W      Fn      Fg    Fram     OPR     TSFC      BPR 
 0.74000  28000.0 562.599 12000.0 24986.4 12986.4  53.100  0.72265    2.900
------------------------------------------------------------------------------------------------------------------------------------------------
                            FLOW STATIONS
------------------------------------------------------------------------------------------------------------------------------------------------
------------------------------------------------------------------------------------------------------------------------------------------------
Flow Station           |          tot:P        tot:T        tot:h        tot:S       stat:P       stat:W      stat:MN       stat:V    stat:area
------------------------------------------------------------------------------------------------------------------------------------------------
DESIGN.fc.Fl_O         |          6.873      464.798      -19.097        1.657        4.776      562.599        0.740      742.670     3543.836
DESIGN.inlet.Fl_O      |          6.867      464.798      -19.097        1.657        4.949      562.599        0.700      706.205     3634.483
DESIGN.fan.Fl_O        |          9.613      516.963       -6.591        1.660        8.366      562.599        0.450      491.784     3624.710
DESIGN.splitter.Fl_O1  |          9.613      516.963       -6.591        1.660        8.955      144.256        0.320      353.117     1233.017
DESIGN.splitter.Fl_O2  |          9.613      516.963       -6.591        1.660        8.263      418.343        0.470      512.738     2608.072
DESIGN.duct4.Fl_O      |          9.567      516.963       -6.591        1.660        8.872      144.256        0.330      363.921     1206.015
DESIGN.lpc.Fl_O        |         33.485      756.537       51.148        1.666       31.466      144.256        0.300      400.144      454.389
DESIGN.duct6.Fl_O      |         33.146      756.537       51.148        1.666       30.464      144.256        0.350      465.402      400.995
DESIGN.hpc.Fl_O        |        364.611     1524.791      245.685        1.679      352.943      127.597        0.220      411.749       70.828
DESIGN.bld3.Fl_O       |        364.611     1524.791      245.685        1.679      344.630      111.205        0.290      541.187       47.802
DESIGN.burner.Fl_O     |        344.922     2880.000      240.476        1.889      342.715      113.614        0.100      251.844      201.950
DESIGN.hpt.Fl_O        |         77.219     2030.501       36.378        1.885       71.299      130.006        0.350      742.055      261.143
DESIGN.duct11.Fl_O     |         76.825     2030.501       36.378        1.885       72.264      130.006        0.306      650.763      295.109
DESIGN.lpt.Fl_O        |         27.318     1578.840      -65.000        1.884       24.711      140.246        0.390      732.790      636.128
DESIGN.duct13.Fl_O     |         27.026     1578.840      -65.000        1.885       24.062      140.246        0.420      787.684      605.323
DESIGN.core_nozz.Fl_O  |         27.026     1578.840      -65.000        1.885       14.517      140.246        1.000     1765.506      393.591
DESIGN.byp_bld.Fl_O    |          9.613      516.963       -6.591        1.660        8.263      416.251        0.470      512.738     2595.032
DESIGN.duct15.Fl_O     |          9.470      516.963       -6.591        1.661        8.036      416.251        0.490      533.578     2554.731
DESIGN.byp_nozz.Fl_O   |          9.470      516.963       -6.591        1.661        5.001      416.251        1.000     1017.682     1879.147
------------------------------------------------------------------------------------------------------------------------------------------------
-------------------------------------------------------------------------------------------------------------------------------------------------------------------------------------------------------
                          COMPRESSOR PROPERTIES
-------------------------------------------------------------------------------------------------------------------------------------------------------------------------------------------------------
Compressor    |           Wc         Pr      eta_a      eta_p         Nc        pwr   RlineMap      NcMap      WcMap      PRmap   alphaMap        SMN        SMW     effMap
-------------------------------------------------------------------------------------------------------------------------------------------------------------------------------------------------------
DESIGN.fan    |     1139.840      1.400      0.900      0.905   4225.456  -9954.592      2.200      0.990      1.685    803.556      0.000     36.641     29.886      0.895
DESIGN.lpc    |      221.227      3.500      0.924      0.936   4006.597 -11784.702      2.150      1.000      1.935     87.666      0.000     15.987     15.644      0.924
DESIGN.hpc    |       77.244     11.000      0.907      0.931  11592.006 -37412.520      2.050      0.976      9.374     49.454      0.000     22.598     22.468      0.871
-------------------------------------------------------------------------------------------------------------------------------------------------------------------------------------------------------
---------------------------------------------------------------------------
                            BURNER PROPERTIES
---------------------------------------------------------------------------
Burner              |           dPqP        TtOut        Wfuel          FAR
DESIGN.burner       |         0.0540      2880.00       2.4088      0.02166
--------------------------------------------------------------------------------------------------------------------------------------
                            TURBINE PROPERTIES
--------------------------------------------------------------------------------------------------------------------------------------
Turbine       |             Wp           PR        eff_a        eff_p           Np          pwr        NpMap        PRmap     alphaMap
DESIGN.hpt    |         17.677        4.467        0.900        0.883      260.875    37662.520      100.000        6.000        1.000
DESIGN.lpt    |         76.254        2.812        0.900        0.888       88.768    21739.295      100.000        6.000        1.000
-------------------------------------------------------------------------------------------------------------------------
                            NOZZLE PROPERTIES
-------------------------------------------------------------------------------------------------------------------------
Nozzle        |             PR           Cv          Cfg          Ath         MNth        MNout            V           Fg
DESIGN.core_nozz|          5.658        0.993        N/A        393.591        1.000        1.000     1765.506    11478.162
DESIGN.byp_nozz|          1.983        0.994        N/A       1879.147        1.000        1.000     1017.682    13508.261
---------------------------------------------------------------------------------------------------------------------------
                            SHAFT PROPERTIES
---------------------------------------------------------------------------------------------------------------------------
Shaft               |                 Nmech               trqin              trqout               pwrin              pwrout
DESIGN.hp_shaft     |             14000.000           14129.121          -14035.334           37662.498          -37412.498
DESIGN.lp_shaft     |              4000.000           28544.292          -28544.292           21739.282          -21739.282
--------------------------------------------------------------------------------------------------------------------
                            BLEED PROPERTIES
--------------------------------------------------------------------------------------------------------------------
Bleed                 |         Wb/Win        Pfrac     Workfrac            W           Tt           ht           Pt
DESIGN.hpc.cool1      |          0.051        0.500        0.500        7.315     1149.504      148.417      198.879
DESIGN.hpc.cool2      |          0.020        0.550        0.500        2.925     1149.504      148.417      215.452
DESIGN.hpc.cust       |          0.044        0.500        0.500        6.419     1149.504      148.417      198.879
DESIGN.bld3.cool3     |          0.067        1.000        1.000        8.576     1524.791      245.685      364.611
DESIGN.bld3.cool4     |          0.061        1.000        1.000        7.816     1524.791      245.685      364.611
DESIGN.byp_bld.bypBld |          0.005        1.000        1.000        2.092      516.963       -6.591        9.613



----------------------------------------------------------------------------
                              POINT: OD_TOfail
----------------------------------------------------------------------------
                       PERFORMANCE CHARACTERISTICS
    Mach      Alt       W      Fn      Fg    Fram     OPR     TSFC      BPR 
 0.18000      0.0 1180.779 43037.6 50413.3  7375.7  59.693  0.58023    2.650
------------------------------------------------------------------------------------------------------------------------------------------------
                            FLOW STATIONS
------------------------------------------------------------------------------------------------------------------------------------------------
------------------------------------------------------------------------------------------------------------------------------------------------
Flow Station           |          tot:P        tot:T        tot:h        tot:S       stat:P       stat:W      stat:MN       stat:V    stat:area
------------------------------------------------------------------------------------------------------------------------------------------------
OD_TOfail.fc.Fl_O      |         15.032      522.033       -5.375        1.631       14.696     1180.779        0.180      200.974    11063.008
OD_TOfail.inlet.Fl_O   |         15.017      522.033       -5.375        1.631       10.560     1180.779        0.727      774.772     3634.483
OD_TOfail.fan.Fl_O     |         22.122      589.989       10.942        1.634       19.423     1180.779        0.435      508.686     3624.710
OD_TOfail.splitter.Fl_O|         22.122      589.989       10.942        1.634       20.468      323.507        0.335      394.649     1233.017
OD_TOfail.splitter.Fl_O|         22.122      589.989       10.942        1.634       19.365      857.272        0.440      514.374     2608.072
OD_TOfail.duct4.Fl_O   |         22.016      589.989       10.942        1.635       20.269      323.507        0.346      406.866     1206.015
OD_TOfail.lpc.Fl_O     |         76.485      874.644       79.958        1.645       71.299      323.507        0.320      456.900      454.389
OD_TOfail.duct6.Fl_O   |         75.712      874.644       79.958        1.645       68.796      323.507        0.374      532.742      400.995
OD_TOfail.hpc.Fl_O     |        896.404     1778.962      313.981        1.658      868.580      286.148        0.218      437.963       70.828
OD_TOfail.bld3.Fl_O    |        896.404     1778.962      313.981        1.658      848.786      249.387        0.287      575.399       47.802
OD_TOfail.burner.Fl_O  |        847.998     3420.000      305.484        1.888      847.907      256.323        0.013       35.583     1550.003
OD_TOfail.hpt.Fl_O     |        191.400     2445.096       62.547        1.882      176.772      293.085        0.352      813.198      261.143
OD_TOfail.duct11.Fl_O  |        190.424     2445.096       62.547        1.882      179.156      293.085        0.308      713.043      295.109
OD_TOfail.lpt.Fl_O     |         68.244     1920.446      -59.294        1.880       61.793      316.048        0.391      804.295      636.128
OD_TOfail.duct13.Fl_O  |         67.514     1920.446      -59.294        1.881       60.182      316.048        0.421      864.587      605.323
OD_TOfail.core_nozz.Fl_|         67.514     1920.446      -59.294        1.881       36.503      316.048        1.000     1940.834      393.591
OD_TOfail.byp_bld.Fl_O |         22.122      589.989       10.942        1.634       19.365      852.986        0.440      514.374     2595.032
OD_TOfail.duct15.Fl_O  |         21.793      589.989       10.942        1.635       18.871      852.986        0.458      534.521     2554.731
OD_TOfail.byp_nozz.Fl_O|         21.793      589.989       10.942        1.635       14.696      852.986        0.772      868.804     1879.147
------------------------------------------------------------------------------------------------------------------------------------------------
-------------------------------------------------------------------------------------------------------------------------------------------------------------------------------------------------------
                          COMPRESSOR PROPERTIES
-------------------------------------------------------------------------------------------------------------------------------------------------------------------------------------------------------
Compressor    |           Wc         Pr      eta_a      eta_p         Nc        pwr   RlineMap      NcMap      WcMap      PRmap   alphaMap        SMN        SMW     effMap
-------------------------------------------------------------------------------------------------------------------------------------------------------------------------------------------------------
OD_TOfail.fan |     1159.281      1.473      0.899      0.904   4472.545 -27260.309      2.029      1.048      1.810    817.262      0.000     27.519     22.464      0.893
OD_TOfail.lpc |      230.312      3.474      0.876      0.895   4207.087 -31589.516      3.260      1.050      1.925     91.266      0.000     20.833     20.611      0.876
OD_TOfail.hpc |       81.543     11.840      0.903      0.928  11757.062-100931.056      2.115      0.990     10.078     52.206      0.000     20.138     20.047      0.866
-------------------------------------------------------------------------------------------------------------------------------------------------------------------------------------------------------
---------------------------------------------------------------------------
                            BURNER PROPERTIES
---------------------------------------------------------------------------
Burner              |           dPqP        TtOut        Wfuel          FAR
OD_TOfail.burner    |         0.0540      3420.00       6.9366      0.02781
--------------------------------------------------------------------------------------------------------------------------------------
                            TURBINE PROPERTIES
--------------------------------------------------------------------------------------------------------------------------------------
Turbine       |             Wp           PR        eff_a        eff_p           Np          pwr        NpMap        PRmap     alphaMap
OD_TOfail.hpt |         17.677        4.430        0.901        0.885      261.069   101181.056      100.075        5.948        1.000
OD_TOfail.lpt |         76.106        2.790        0.900        0.888       90.742    58849.824      102.224        5.940        1.000
-------------------------------------------------------------------------------------------------------------------------
                            NOZZLE PROPERTIES
-------------------------------------------------------------------------------------------------------------------------
Nozzle        |             PR           Cv          Cfg          Ath         MNth        MNout            V           Fg
OD_TOfail.core_nozz|          4.594        0.993        N/A        393.591        1.000        1.000     1940.834    27520.407
OD_TOfail.byp_nozz|          1.483        0.994        N/A       1879.147        0.772        0.772      868.804    22892.925
---------------------------------------------------------------------------------------------------------------------------
                            SHAFT PROPERTIES
---------------------------------------------------------------------------------------------------------------------------
Shaft               |                 Nmech               trqin              trqout               pwrin              pwrout
OD_TOfail.hp_shaft  |             15267.538           34806.794          -34720.793          101180.996         -100930.996
OD_TOfail.lp_shaft  |              4487.019           68884.425          -68884.425           58849.789          -58849.789
-----------------------------------------------------------------------------------------------------------------------
                            BLEED PROPERTIES
-----------------------------------------------------------------------------------------------------------------------
Bleed                    |         Wb/Win        Pfrac     Workfrac            W           Tt           ht           Pt
OD_TOfail.hpc.cool1      |          0.051        0.500        0.500       16.404     1338.987      196.970      486.058
OD_TOfail.hpc.cool2      |          0.020        0.550        0.500        6.559     1338.987      196.970      527.093
OD_TOfail.hpc.cust       |          0.044        0.500        0.500       14.396     1338.987      196.970      486.058
OD_TOfail.bld3.cool3     |          0.067        1.000        1.000       19.233     1778.962      313.981      896.404
OD_TOfail.bld3.cool4     |          0.061        1.000        1.000       17.528     1778.962      313.981      896.404
OD_TOfail.byp_bld.bypBld |          0.005        1.000        1.000        4.286      589.989       10.942       22.122
