


----------------------------------------------------------------------------
                              POINT: DESIGN
----------------------------------------------------------------------------
                       PERFORMANCE CHARACTERISTICS
    Mach      Alt       W      Fn      Fg    Fram     OPR     TSFC      BPR 
 0.74000  28000.0 600.000 10269.6 24119.3 13849.8  33.968  0.57152    5.900
------------------------------------------------------------------------------------------------------------------------------------------------
                            FLOW STATIONS
------------------------------------------------------------------------------------------------------------------------------------------------
------------------------------------------------------------------------------------------------------------------------------------------------
Flow Station           |          tot:P        tot:T        tot:h        tot:S       stat:P       stat:W      stat:MN       stat:V    stat:area
------------------------------------------------------------------------------------------------------------------------------------------------
DESIGN.fc.Fl_O         |          6.873      464.798      -19.097        1.657        4.776      600.000        0.740      742.670     3779.428
DESIGN.inlet.Fl_O      |          6.867      464.798      -19.097        1.657        4.949      600.000        0.700      706.205     3876.101
DESIGN.fan.Fl_O        |         12.016      554.395        2.391        1.661       10.458      600.000        0.450      509.208     3203.001
DESIGN.splitter.Fl_O1  |         12.016      554.395        2.391        1.661       11.193       86.957        0.320      365.618      615.855
DESIGN.splitter.Fl_O2  |         12.016      554.395        2.391        1.661       10.329      513.043        0.470      530.906     2650.156
DESIGN.duct4.Fl_O      |         11.959      554.395        2.391        1.661       11.090       86.957        0.330      376.805      602.367
DESIGN.lpc.Fl_O        |         14.351      586.433       10.088        1.662       13.482       86.957        0.300      352.893      561.731
DESIGN.duct6.Fl_O      |         14.206      586.433       10.088        1.663       13.052       86.957        0.350      410.413      495.760
DESIGN.hpc.Fl_O        |        233.243     1345.674      198.704        1.676      225.725       76.915        0.220      388.216       62.472
DESIGN.bld3.Fl_O       |        233.243     1345.674      198.704        1.676      220.370       67.033        0.290      510.211       42.165
DESIGN.burner.Fl_O     |        220.648     2880.000      193.985        1.922      219.237       68.664        0.100      251.685      190.913
DESIGN.hpt.Fl_O        |         51.578     2033.475       -4.488        1.915       47.629       78.545        0.350      742.169      236.513
DESIGN.duct11.Fl_O     |         51.315     2033.475       -4.488        1.915       48.272       78.545        0.306      650.856      267.278
DESIGN.lpt.Fl_O        |         10.121     1385.536     -156.643        1.919        9.149       84.717        0.390      688.621      968.529
DESIGN.duct13.Fl_O     |         10.013     1385.536     -156.643        1.919        8.908       84.717        0.420      740.169      921.667
DESIGN.core_nozz.Fl_O  |         10.013     1385.536     -156.643        1.919        5.362       84.717        1.000     1656.267      599.697
DESIGN.byp_bld.Fl_O    |         12.016      554.395        2.391        1.661       10.329      510.478        0.470      530.906     2636.905
DESIGN.duct15.Fl_O     |         11.837      554.395        2.391        1.662       10.045      510.478        0.490      552.488     2595.945
DESIGN.byp_nozz.Fl_O   |         11.837      554.395        2.391        1.662        6.252      510.478        1.000     1053.875     1909.364
------------------------------------------------------------------------------------------------------------------------------------------------
-------------------------------------------------------------------------------------------------------------------------------------------------------------------------------------------------------
                          COMPRESSOR PROPERTIES
-------------------------------------------------------------------------------------------------------------------------------------------------------------------------------------------------------
Compressor    |           Wc         Pr      eta_a      eta_p         Nc        pwr   RlineMap      NcMap      WcMap      PRmap   alphaMap        SMN        SMW     effMap
-------------------------------------------------------------------------------------------------------------------------------------------------------------------------------------------------------
DESIGN.fan    |     1215.615      1.750      0.900      0.908   5281.820 -18241.707      2.200      0.990      1.685    803.556      0.000     36.641     29.886      0.895
DESIGN.lpc    |      110.478      1.200      0.924      0.926   4836.218   -946.857      2.150      1.000      1.935     87.666      0.000     15.987     15.644      0.924
DESIGN.hpc    |       95.654     16.419      0.907      0.935  12225.867 -21865.644      2.050      0.976      9.374     49.454      0.000     22.598     22.468      0.871
-------------------------------------------------------------------------------------------------------------------------------------------------------------------------------------------------------
---------------------------------------------------------------------------
                            BURNER PROPERTIES
---------------------------------------------------------------------------
Burner              |           dPqP        TtOut        Wfuel          FAR
DESIGN.burner       |         0.0540      2880.00       1.6304      0.02432
--------------------------------------------------------------------------------------------------------------------------------------
                            TURBINE PROPERTIES
--------------------------------------------------------------------------------------------------------------------------------------
Turbine       |             Wp           PR        eff_a        eff_p           Np          pwr        NpMap        PRmap     alphaMap
DESIGN.hpt    |         16.700        4.278        0.900        0.884      242.241    22122.209      100.000        6.000        1.000
DESIGN.lpt    |         69.023        5.070        0.900        0.880      110.879    19188.564      100.000        6.000        1.000
-------------------------------------------------------------------------------------------------------------------------
                            NOZZLE PROPERTIES
-------------------------------------------------------------------------------------------------------------------------
Nozzle        |             PR           Cv          Cfg          Ath         MNth        MNout            V           Fg
DESIGN.core_nozz|          2.096        0.993        N/A        599.697        1.000        1.000     1656.267     4683.319
DESIGN.byp_nozz|          2.478        0.994        N/A       1909.364        1.000        1.000     1053.875    19436.000
---------------------------------------------------------------------------------------------------------------------------
                            SHAFT PROPERTIES
---------------------------------------------------------------------------------------------------------------------------
Shaft               |                 Nmech               trqin              trqout               pwrin              pwrout
DESIGN.hp_shaft     |             13000.000            8937.560           -8833.905           22122.196          -21865.631
DESIGN.lp_shaft     |              5000.000           20156.090          -20156.090           19188.553          -19188.553
--------------------------------------------------------------------------------------------------------------------
                            BLEED PROPERTIES
--------------------------------------------------------------------------------------------------------------------
Bleed                 |         Wb/Win        Pfrac     Workfrac            W           Tt           ht           Pt
DESIGN.hpc.cool1      |          0.051        0.500        0.500        4.409      973.765      104.396      123.724
DESIGN.hpc.cool2      |          0.020        0.550        0.500        1.763      973.765      104.396      134.676
DESIGN.hpc.cust       |          0.044        0.500        0.500        3.870      973.765      104.396      123.724
DESIGN.bld3.cool3     |          0.067        1.000        1.000        5.170     1345.674      198.704      233.243
DESIGN.bld3.cool4     |          0.061        1.000        1.000        4.711     1345.674      198.704      233.243
DESIGN.byp_bld.bypBld |          0.005        1.000        1.000        2.565      554.395        2.391       12.016



----------------------------------------------------------------------------
                              POINT: OD_TOfail
----------------------------------------------------------------------------
                       PERFORMANCE CHARACTERISTICS
    Mach      Alt       W      Fn      Fg    Fram     OPR     TSFC      BPR 
 0.18000      0.0 1287.102 39419.1 47459.0  8039.8  39.230  0.43554    5.427
------------------------------------------------------------------------------------------------------------------------------------------------
                            FLOW STATIONS
------------------------------------------------------------------------------------------------------------------------------------------------
------------------------------------------------------------------------------------------------------------------------------------------------
Flow Station           |          tot:P        tot:T        tot:h        tot:S       stat:P       stat:W      stat:MN       stat:V    stat:area
------------------------------------------------------------------------------------------------------------------------------------------------
OD_TOfail.fc.Fl_O      |         15.032      522.033       -5.375        1.631       14.696     1287.102        0.180      200.974    12059.172
OD_TOfail.inlet.Fl_O   |         15.017      522.033       -5.375        1.631        0.001     1287.102     3357.589  2198661.589     3876.101
OD_TOfail.fan.Fl_O     |         27.323      637.438       22.360        1.638       23.678     1287.102        0.457      554.106     3203.001
OD_TOfail.splitter.Fl_O|         27.323      637.438       22.360        1.638       25.080      200.262        0.352      430.320      615.855
OD_TOfail.splitter.Fl_O|         27.323      637.438       22.360        1.638       23.494     1086.840        0.470      568.654     2650.156
OD_TOfail.duct4.Fl_O   |         27.192      637.438       22.360        1.639       24.822      200.262        0.364      443.830      602.367
OD_TOfail.lpc.Fl_O     |         34.151      685.678       33.995        1.641       31.872      200.262        0.316      401.245      561.731
OD_TOfail.duct6.Fl_O   |         33.806      685.678       33.995        1.641       30.769      200.262        0.370      467.593      495.760
OD_TOfail.hpc.Fl_O     |        589.110     1582.658      261.072        1.656      570.551      177.135        0.218      416.185       62.472
OD_TOfail.bld3.Fl_O    |        589.110     1582.658      261.072        1.656      557.346      154.379        0.288      546.824       42.165
OD_TOfail.burner.Fl_O  |        557.298     3420.000      253.249        1.919      557.245      159.148        0.012       33.617     1550.003
OD_TOfail.hpt.Fl_O     |        132.218     2452.951       17.697        1.910      122.253      181.905        0.349      808.658      236.513
OD_TOfail.duct11.Fl_O  |        131.544     2452.951       17.697        1.911      123.865      181.905        0.306      709.202      267.278
OD_TOfail.lpt.Fl_O     |         26.131     1698.534     -166.791        1.913       23.657      196.120        0.390      756.919      968.529
OD_TOfail.duct13.Fl_O  |         25.851     1698.534     -166.791        1.914       23.040      196.120        0.420      813.567      921.667
OD_TOfail.core_nozz.Fl_|         25.851     1698.534     -166.791        1.914       14.696      196.120        0.953     1753.315      599.697
OD_TOfail.byp_bld.Fl_O |         27.323      637.438       22.360        1.638       23.494     1081.406        0.470      568.654     2636.905
OD_TOfail.duct15.Fl_O  |         26.916      637.438       22.360        1.639       22.849     1081.406        0.490      591.760     2595.945
OD_TOfail.byp_nozz.Fl_O|         26.916      637.438       22.360        1.639       14.696     1081.406        0.971     1102.884     1909.364
------------------------------------------------------------------------------------------------------------------------------------------------
-------------------------------------------------------------------------------------------------------------------------------------------------------------------------------------------------------
                          COMPRESSOR PROPERTIES
-------------------------------------------------------------------------------------------------------------------------------------------------------------------------------------------------------
Compressor    |           Wc         Pr      eta_a      eta_p         Nc        pwr   RlineMap      NcMap      WcMap      PRmap   alphaMap        SMN        SMW     effMap
-------------------------------------------------------------------------------------------------------------------------------------------------------------------------------------------------------
OD_TOfail.fan |     1263.668      1.819      0.842      0.855   5962.992 -50506.488      2.609      1.118      1.749    835.320      0.000     32.910     28.934      0.837
OD_TOfail.lpc |      119.987      1.256      0.884      0.888   5396.274  -3296.657      6.346      1.116      2.197     95.212      0.000      9.976      9.899      0.884
OD_TOfail.hpc |      100.095     17.426      0.903      0.932  12370.412 -60625.398      2.122      0.988      9.921     51.750      0.000     21.004     20.906      0.867
-------------------------------------------------------------------------------------------------------------------------------------------------------------------------------------------------------
---------------------------------------------------------------------------
                            BURNER PROPERTIES
---------------------------------------------------------------------------
Burner              |           dPqP        TtOut        Wfuel          FAR
OD_TOfail.burner    |         0.0540      3420.00       4.7691      0.03089
--------------------------------------------------------------------------------------------------------------------------------------
                            TURBINE PROPERTIES
--------------------------------------------------------------------------------------------------------------------------------------
Turbine       |             Wp           PR        eff_a        eff_p           Np          pwr        NpMap        PRmap     alphaMap
OD_TOfail.hpt |         16.700        4.215        0.901        0.886      243.212    60875.399      100.401        5.904        1.000
OD_TOfail.lpt |         68.489        5.034        0.900        0.881      120.788    53803.145      108.936        5.956        1.000
-------------------------------------------------------------------------------------------------------------------------
                            NOZZLE PROPERTIES
-------------------------------------------------------------------------------------------------------------------------
Nozzle        |             PR           Cv          Cfg          Ath         MNth        MNout            V           Fg
OD_TOfail.core_nozz|          1.759        0.993        N/A        599.697        0.953        0.953     1753.315    10615.884
OD_TOfail.byp_nozz|          1.832        0.994        N/A       1909.364        0.971        0.971     1102.884    36843.088
---------------------------------------------------------------------------------------------------------------------------
                            SHAFT PROPERTIES
---------------------------------------------------------------------------------------------------------------------------
Shaft               |                 Nmech               trqin              trqout               pwrin              pwrout
OD_TOfail.hp_shaft  |             14223.246           22478.995          -22386.680           60875.362          -60625.362
OD_TOfail.lp_shaft  |              5982.291           47236.093          -47236.093           53803.113          -53803.113
-----------------------------------------------------------------------------------------------------------------------
                            BLEED PROPERTIES
-----------------------------------------------------------------------------------------------------------------------
Bleed                    |         Wb/Win        Pfrac     Workfrac            W           Tt           ht           Pt
OD_TOfail.hpc.cool1      |          0.051        0.500        0.500       10.155     1146.014      147.533      311.458
OD_TOfail.hpc.cool2      |          0.020        0.550        0.500        4.060     1146.014      147.533      339.224
OD_TOfail.hpc.cust       |          0.044        0.500        0.500        8.912     1146.014      147.533      311.458
OD_TOfail.bld3.cool3     |          0.067        1.000        1.000       11.906     1582.658      261.072      589.110
OD_TOfail.bld3.cool4     |          0.061        1.000        1.000       10.851     1582.658      261.072      589.110
OD_TOfail.byp_bld.bypBld |          0.005        1.000        1.000        5.434      637.438       22.360       27.323



----------------------------------------------------------------------------
                              POINT: OD_TOC
----------------------------------------------------------------------------
                       PERFORMANCE CHARACTERISTICS
    Mach      Alt       W      Fn      Fg    Fram     OPR     TSFC      BPR 
 0.74000  28000.0 622.701 12000.0 26373.8 14373.8  39.065  0.59971    5.455
------------------------------------------------------------------------------------------------------------------------------------------------
                            FLOW STATIONS
------------------------------------------------------------------------------------------------------------------------------------------------
------------------------------------------------------------------------------------------------------------------------------------------------
Flow Station           |          tot:P        tot:T        tot:h        tot:S       stat:P       stat:W      stat:MN       stat:V    stat:area
------------------------------------------------------------------------------------------------------------------------------------------------
OD_TOC.fc.Fl_O         |          6.873      464.798      -19.097        1.657        4.776      622.701        0.740      742.670     3922.422
OD_TOC.inlet.Fl_O      |          6.867      464.798      -19.097        1.657        0.001      622.701     1624.404  1063714.117     3876.101
OD_TOC.fan.Fl_O        |         12.466      567.049        5.430        1.664       10.803      622.701        0.457      522.642     3203.001
OD_TOC.splitter.Fl_O1  |         12.466      567.049        5.430        1.664       11.452       96.462        0.350      403.870      615.855
OD_TOC.splitter.Fl_O2  |         12.466      567.049        5.430        1.664       10.715      526.239        0.470      536.918     2650.156
OD_TOC.duct4.Fl_O      |         12.406      567.049        5.430        1.664       11.335       96.462        0.361      416.529      602.367
OD_TOC.lpc.Fl_O        |         15.700      611.202       16.044        1.666       14.677       96.462        0.312      374.277      561.731
OD_TOC.duct6.Fl_O      |         15.541      611.202       16.044        1.667       14.179       96.462        0.365      435.933      495.760
OD_TOC.hpc.Fl_O        |        268.242     1419.828      218.033        1.681      259.759       85.322        0.218      394.945       62.472
OD_TOC.bld3.Fl_O       |        268.242     1419.828      218.033        1.681      253.724       74.361        0.288      518.893       42.165
OD_TOC.burner.Fl_O     |        253.757     3079.983      212.325        1.936      253.732       76.360        0.012       31.901     1550.003
OD_TOC.hpt.Fl_O        |         59.914     2188.598        0.769        1.928       55.396       87.321        0.348      763.999      236.513
OD_TOC.duct11.Fl_O     |         59.608     2188.598        0.769        1.928       56.126       87.321        0.305      670.111      267.278
OD_TOC.lpt.Fl_O        |         11.722     1498.091     -163.837        1.931       10.600       94.168        0.390      714.694      968.529
OD_TOC.duct13.Fl_O     |         11.597     1498.091     -163.837        1.932       10.322       94.168        0.420      768.210      921.667
OD_TOC.core_nozz.Fl_O  |         11.597     1498.091     -163.837        1.932        6.226       94.168        1.000     1720.170      599.697
OD_TOC.byp_bld.Fl_O    |         12.466      567.049        5.430        1.664       10.715      523.608        0.470      536.918     2636.905
OD_TOC.duct15.Fl_O     |         12.280      567.049        5.430        1.665       10.421      523.608        0.490      558.744     2595.945
OD_TOC.byp_nozz.Fl_O   |         12.280      567.049        5.430        1.665        6.486      523.608        1.000     1065.831     1909.364
------------------------------------------------------------------------------------------------------------------------------------------------
-------------------------------------------------------------------------------------------------------------------------------------------------------------------------------------------------------
                          COMPRESSOR PROPERTIES
-------------------------------------------------------------------------------------------------------------------------------------------------------------------------------------------------------
Compressor    |           Wc         Pr      eta_a      eta_p         Nc        pwr   RlineMap      NcMap      WcMap      PRmap   alphaMap        SMN        SMW     effMap
-------------------------------------------------------------------------------------------------------------------------------------------------------------------------------------------------------
OD_TOC.fan    |     1261.608      1.815      0.845      0.857   5929.877 -21609.052      2.589      1.111      1.745    833.959      0.000     33.197     29.044      0.840
OD_TOC.lpc    |      119.478      1.266      0.892      0.896   5368.678  -1448.537      4.331      1.110      2.241     94.808      0.000      7.352      7.287      0.892
OD_TOC.hpc    |       99.017     17.260      0.904      0.933  12336.046 -25975.618      2.084      0.985      9.831     51.193      0.000     20.849     20.745      0.868
-------------------------------------------------------------------------------------------------------------------------------------------------------------------------------------------------------
---------------------------------------------------------------------------
                            BURNER PROPERTIES
---------------------------------------------------------------------------
Burner              |           dPqP        TtOut        Wfuel          FAR
OD_TOC.burner       |         0.0540      3079.98       1.9990      0.02688
--------------------------------------------------------------------------------------------------------------------------------------
                            TURBINE PROPERTIES
--------------------------------------------------------------------------------------------------------------------------------------
Turbine       |             Wp           PR        eff_a        eff_p           Np          pwr        NpMap        PRmap     alphaMap
OD_TOC.hpt    |         16.700        4.235        0.900        0.884      241.295    26225.618       99.610        5.935        1.000
OD_TOC.lpt    |         68.533        5.085        0.900        0.880      119.991    23057.589      108.218        6.019        1.000
-------------------------------------------------------------------------------------------------------------------------
                            NOZZLE PROPERTIES
-------------------------------------------------------------------------------------------------------------------------
Nozzle        |             PR           Cv          Cfg          Ath         MNth        MNout            V           Fg
OD_TOC.core_nozz|          2.428        0.993        N/A        599.697        1.000        1.000     1720.170     5870.263
OD_TOC.byp_nozz|          2.571        0.994        N/A       1909.364        1.000        1.000     1065.831    20503.492
---------------------------------------------------------------------------------------------------------------------------
                            SHAFT PROPERTIES
---------------------------------------------------------------------------------------------------------------------------
Shaft               |                 Nmech               trqin              trqout               pwrin              pwrout
OD_TOC.hp_shaft     |             13391.304           10285.767          -10187.716           26225.602          -25975.602
OD_TOC.lp_shaft     |              5613.479           21573.252          -21573.252           23057.575          -23057.575
--------------------------------------------------------------------------------------------------------------------
                            BLEED PROPERTIES
--------------------------------------------------------------------------------------------------------------------
Bleed                 |         Wb/Win        Pfrac     Workfrac            W           Tt           ht           Pt
OD_TOC.hpc.cool1      |          0.051        0.500        0.500        4.891     1024.618      117.038      141.892
OD_TOC.hpc.cool2      |          0.020        0.550        0.500        1.956     1024.618      117.038      154.527
OD_TOC.hpc.cust       |          0.044        0.500        0.500        4.293     1024.618      117.038      141.892
OD_TOC.bld3.cool3     |          0.067        1.000        1.000        5.735     1419.828      218.033      268.242
OD_TOC.bld3.cool4     |          0.061        1.000        1.000        5.227     1419.828      218.033      268.242
OD_TOC.byp_bld.bypBld |          0.005        1.000        1.000        2.631      567.049        5.430       12.466



----------------------------------------------------------------------------
                              POINT: OD_SLS
----------------------------------------------------------------------------
                       PERFORMANCE CHARACTERISTICS
    Mach      Alt       W      Fn      Fg    Fram     OPR     TSFC      BPR 
 0.00001      0.0 1526.928 145634.6 145635.2     0.5 -43.338  2.24335    7.904
------------------------------------------------------------------------------------------------------------------------------------------------
                            FLOW STATIONS
------------------------------------------------------------------------------------------------------------------------------------------------
------------------------------------------------------------------------------------------------------------------------------------------------
Flow Station           |          tot:P        tot:T        tot:h        tot:S       stat:P       stat:W      stat:MN       stat:V    stat:area
------------------------------------------------------------------------------------------------------------------------------------------------
OD_SLS.fc.Fl_O         |         14.696      518.670       -6.182        1.631       14.696     1526.928        0.000        0.011257510941.589
OD_SLS.inlet.Fl_O      |         14.681      518.670       -6.182        1.631        0.001     1526.928     3983.211  2608339.346     3876.101
OD_SLS.fan.Fl_O        |        106.962      799.753       61.655        1.600      105.533     1526.928        0.139      192.015     3203.001
OD_SLS.splitter.Fl_O1  |        106.962      799.753       61.655        1.600      106.479      171.481        0.081      111.436      615.855
OD_SLS.splitter.Fl_O2  |        106.962      799.753       61.655        1.600      105.313     1355.447        0.150      206.317     2650.156
OD_SLS.duct4.Fl_O      |        106.449      799.753       61.655        1.600      105.941      171.481        0.083      114.501      602.367
OD_SLS.lpc.Fl_O        |         -8.610      318.896      238.324          nan       -7.258      171.481       -0.799     -684.109      561.731
OD_SLS.duct6.Fl_O      |         -8.523      318.896      238.324          nan       -7.184      171.481       -0.901     -759.801      495.760
OD_SLS.hpc.Fl_O        |       -636.260     1003.332      638.340          nan     -537.550      151.678       -0.156     -240.562       62.472
OD_SLS.bld3.Fl_O       |       -636.260     1003.332      111.737          nan     -537.550      132.192       -0.202     -309.513       42.165
OD_SLS.burner.Fl_O     |       -601.902     2204.348       66.253          nan     -519.500      222.945       -0.017      -39.960     1550.003
OD_SLS.hpt.Fl_O        |       -124.509     1870.453      114.902          nan     -107.709      242.431       -0.539    -1142.114      236.513
OD_SLS.duct11.Fl_O     |       -123.874     1870.441      114.902          nan     -107.159      242.431       -0.480    -1022.243      267.278
OD_SLS.lpt.Fl_O        |        -47.302     1716.377     -108.518          nan      -41.070      254.603       -0.351     -700.768      968.529
OD_SLS.duct13.Fl_O     |        -46.796     1716.364     -108.518          nan      -40.631      254.603       -0.372     -741.429      921.667
OD_SLS.core_nozz.Fl_O  |        -46.796     1716.364     -108.518          nan        7.200      254.603        1.000     1913.365     1712.570
OD_SLS.byp_bld.Fl_O    |        106.962      799.753       61.655        1.600      105.313     1348.670        0.150      206.317     2636.905
OD_SLS.duct15.Fl_O     |        105.368      799.753       61.655        1.601      103.639     1348.670        0.154      212.896     2595.945
OD_SLS.byp_nozz.Fl_O   |        105.368      799.753       61.655        1.601       55.710     1348.670        1.000     1265.433      681.587
------------------------------------------------------------------------------------------------------------------------------------------------
-------------------------------------------------------------------------------------------------------------------------------------------------------------------------------------------------------
                          COMPRESSOR PROPERTIES
-------------------------------------------------------------------------------------------------------------------------------------------------------------------------------------------------------
Compressor    |           Wc         Pr      eta_a      eta_p         Nc        pwr   RlineMap      NcMap      WcMap      PRmap   alphaMap        SMN        SMW     effMap
-------------------------------------------------------------------------------------------------------------------------------------------------------------------------------------------------------
OD_SLS.fan    |     1528.462      7.286      1.399      1.304  24877.672-146553.412      1.000      4.027      6.741   3002.540      0.000     -0.000     80.017      1.391
OD_SLS.lpc    |       29.397     -0.081     -0.653        nan  20034.452 -42863.613      1.000     -8.828     -4.053   -625.086      0.000      0.000   -230.212     -0.654
OD_SLS.hpc    |     -231.842     74.651     -0.487        nan  11657.268 -91448.129      2.269      2.860     41.001    108.064      0.000    -42.088    -42.422     -0.467
-------------------------------------------------------------------------------------------------------------------------------------------------------------------------------------------------------
---------------------------------------------------------------------------
                            BURNER PROPERTIES
---------------------------------------------------------------------------
Burner              |           dPqP        TtOut        Wfuel          FAR
OD_SLS.burner       |         0.0540      2204.35      90.7525      0.68652
--------------------------------------------------------------------------------------------------------------------------------------
                            TURBINE PROPERTIES
--------------------------------------------------------------------------------------------------------------------------------------
Turbine       |             Wp           PR        eff_a        eff_p           Np          pwr        NpMap        PRmap     alphaMap
OD_SLS.hpt    |        -17.390        4.834        0.930          nan      194.686   -15432.781      149.879        6.849        1.000
OD_SLS.lpt    |        -84.641        2.619        0.833          nan      575.225    86051.336      112.544        2.989        1.000
-------------------------------------------------------------------------------------------------------------------------
                            NOZZLE PROPERTIES
-------------------------------------------------------------------------------------------------------------------------
Nozzle        |             PR           Cv          Cfg          Ath         MNth        MNout            V           Fg
OD_SLS.core_nozz|          1.734        0.993        N/A       1712.570        1.000        1.000     1913.365    73595.001
OD_SLS.byp_nozz|          3.850        0.994        N/A        681.587        1.000        1.000     1265.433    72040.168
---------------------------------------------------------------------------------------------------------------------------
                            SHAFT PROPERTIES
---------------------------------------------------------------------------------------------------------------------------
Shaft               |                 Nmech               trqin              trqout               pwrin              pwrout
OD_SLS.hp_shaft     |              9140.616               0.000          -61412.741               0.000         -106880.847
OD_SLS.lp_shaft     |             24877.672           18166.936          -39989.234           86051.284         -189416.912
--------------------------------------------------------------------------------------------------------------------
                            BLEED PROPERTIES
--------------------------------------------------------------------------------------------------------------------
Bleed                 |         Wb/Win        Pfrac     Workfrac            W           Tt           ht           Pt
OD_SLS.hpc.cool1      |          0.051        0.500        0.500        8.695      675.934      438.332     -322.392
OD_SLS.hpc.cool2      |          0.020        0.550        0.500        3.477      675.934      438.332     -353.779
OD_SLS.hpc.cust       |          0.044        0.500        0.500        7.631      675.934      438.332     -322.392
OD_SLS.bld3.cool3     |          0.067        1.000        1.000       10.195     1003.332      111.737     -636.260
OD_SLS.bld3.cool4     |          0.061        1.000        1.000        9.291     1003.332      111.737     -636.260
OD_SLS.byp_bld.bypBld |          0.005        1.000        1.000        6.777      799.753       61.655      106.962
