


----------------------------------------------------------------------------
                              POINT: DESIGN
----------------------------------------------------------------------------
                       PERFORMANCE CHARACTERISTICS
    Mach      Alt       W      Fn      Fg    Fram     OPR     TSFC      BPR 
 0.74000  28000.0 403.278  6750.0 16058.8  9308.8  36.835  0.57316    5.900
------------------------------------------------------------------------------------------------------------------------------------------------
                            FLOW STATIONS
------------------------------------------------------------------------------------------------------------------------------------------------
------------------------------------------------------------------------------------------------------------------------------------------------
Flow Station           |          tot:P        tot:T        tot:h        tot:S       stat:P       stat:W      stat:MN       stat:V    stat:area
------------------------------------------------------------------------------------------------------------------------------------------------
DESIGN.fc.Fl_O         |          6.873      464.798      -19.097        1.657        4.776      403.278        0.740      742.670     2540.265
DESIGN.inlet.Fl_O      |          6.867      464.798      -19.097        1.657        4.949      403.278        0.700      706.205     2605.242
DESIGN.fan.Fl_O        |         13.046      568.793        5.849        1.662       11.354      403.278        0.450      515.745     2008.587
DESIGN.splitter.Fl_O1  |         13.046      568.793        5.849        1.662       12.153       58.446        0.320      370.307      386.204
DESIGN.splitter.Fl_O2  |         13.046      568.793        5.849        1.662       11.215      344.832        0.470      537.723     1661.897
DESIGN.duct4.Fl_O      |         12.984      568.793        5.849        1.662       12.041       58.446        0.330      381.638      377.745
DESIGN.lpc.Fl_O        |         15.581      601.645       13.745        1.663       14.638       58.446        0.300      357.405      352.267
DESIGN.duct6.Fl_O      |         15.423      601.645       13.745        1.664       14.171       58.446        0.350      415.662      310.894
DESIGN.hpc.Fl_O        |        252.928     1377.533      206.987        1.677      244.786       51.697        0.220      392.520       39.203
DESIGN.bld3.Fl_O       |        252.928     1377.533      206.987        1.677      238.987       45.055        0.290      515.877       26.460
DESIGN.burner.Fl_O     |        239.270     2880.000      202.165        1.916      237.740       46.130        0.100      251.713      118.264
DESIGN.hpt.Fl_O        |         53.161     2015.792       -2.241        1.910       49.088       52.771        0.350      739.179      153.450
DESIGN.duct11.Fl_O     |         52.890     2015.792       -2.241        1.910       49.752       52.771        0.306      648.238      173.410
DESIGN.lpt.Fl_O        |          7.395     1276.004     -178.883        1.918        6.682       56.920        0.390      662.366      852.672
DESIGN.duct13.Fl_O     |          7.316     1276.004     -178.883        1.919        6.505       56.920        0.420      711.919      811.443
DESIGN.core_nozz.Fl_O  |          7.316     1276.004     -178.883        1.919        4.776       56.920        0.815     1329.511      545.703
DESIGN.byp_bld.Fl_O    |         13.046      568.793        5.849        1.662       11.215      343.107        0.470      537.723     1653.588
DESIGN.duct15.Fl_O     |         12.852      568.793        5.849        1.663       10.907      343.107        0.490      559.583     1627.899
DESIGN.byp_nozz.Fl_O   |         12.852      568.793        5.849        1.663        6.788      343.107        1.000     1067.468     1197.320
------------------------------------------------------------------------------------------------------------------------------------------------
-------------------------------------------------------------------------------------------------------------------------------------------------------------------------------------------------------
                          COMPRESSOR PROPERTIES
-------------------------------------------------------------------------------------------------------------------------------------------------------------------------------------------------------
Compressor    |           Wc         Pr      eta_a      eta_p         Nc        pwr   RlineMap      NcMap      WcMap      PRmap   alphaMap        SMN        SMW     effMap
-------------------------------------------------------------------------------------------------------------------------------------------------------------------------------------------------------
DESIGN.fan    |      817.051      1.900      0.900      0.909  14260.913 -14233.583      2.200      0.990      1.685    803.556      0.000     36.641     29.886      0.895
DESIGN.lpc    |       69.276      1.200      0.924      0.926  12891.467   -652.930      2.150      1.000      1.935     87.666      0.000     15.987     15.644      0.924
DESIGN.hpc    |       59.979     16.399      0.907      0.935  14901.272 -15056.999      2.050      0.976      9.374     49.454      0.000     22.598     22.468      0.871
-------------------------------------------------------------------------------------------------------------------------------------------------------------------------------------------------------
---------------------------------------------------------------------------
                            BURNER PROPERTIES
---------------------------------------------------------------------------
Burner              |           dPqP        TtOut        Wfuel          FAR
DESIGN.burner       |         0.0540      2880.00       1.0747      0.02385
--------------------------------------------------------------------------------------------------------------------------------------
                            TURBINE PROPERTIES
--------------------------------------------------------------------------------------------------------------------------------------
Turbine       |             Wp           PR        eff_a        eff_p           Np          pwr        NpMap        PRmap     alphaMap
DESIGN.hpt    |         10.346        4.501        0.900        0.883      299.055    15306.999      100.000        6.000        1.000
DESIGN.lpt    |         44.797        7.152        0.900        0.875      300.684    14886.513      100.000        6.000        1.000
-------------------------------------------------------------------------------------------------------------------------
                            NOZZLE PROPERTIES
-------------------------------------------------------------------------------------------------------------------------
Nozzle        |             PR           Cv          Cfg          Ath         MNth        MNout            V           Fg
DESIGN.core_nozz|          1.532        0.993        N/A        545.703        0.815        0.815     1329.511     2336.315
DESIGN.byp_nozz|          2.691        0.994        N/A       1197.320        1.000        1.000     1067.468    13722.492
---------------------------------------------------------------------------------------------------------------------------
                            SHAFT PROPERTIES
---------------------------------------------------------------------------------------------------------------------------
Shaft               |                 Nmech               trqin              trqout               pwrin              pwrout
DESIGN.hp_shaft     |             16049.000            5009.287           -4927.473           15306.990          -15056.990
DESIGN.lp_shaft     |             13500.000            5791.526           -5791.526           14886.504          -14886.504
--------------------------------------------------------------------------------------------------------------------
                            BLEED PROPERTIES
--------------------------------------------------------------------------------------------------------------------
Bleed                 |         Wb/Win        Pfrac     Workfrac            W           Tt           ht           Pt
DESIGN.hpc.cool1      |          0.051        0.500        0.500        2.964      997.817      110.366      134.175
DESIGN.hpc.cool2      |          0.020        0.550        0.500        1.185      997.817      110.366      146.051
DESIGN.hpc.cust       |          0.044        0.500        0.500        2.601      997.817      110.366      134.175
DESIGN.bld3.cool3     |          0.067        1.000        1.000        3.475     1377.533      206.987      252.928
DESIGN.bld3.cool4     |          0.061        1.000        1.000        3.167     1377.533      206.987      252.928
DESIGN.byp_bld.bypBld |          0.005        1.000        1.000        1.724      568.793        5.849       13.046
