


----------------------------------------------------------------------------
                              POINT: DESIGN
----------------------------------------------------------------------------
                       PERFORMANCE CHARACTERISTICS
    Mach      Alt       W      Fn      Fg    Fram     OPR     TSFC      BPR 
 0.74000  28000.0 650.000 14066.7 29070.6 15003.9  35.143  0.61869    4.000
------------------------------------------------------------------------------------------------------------------------------------------------
                            FLOW STATIONS
------------------------------------------------------------------------------------------------------------------------------------------------
------------------------------------------------------------------------------------------------------------------------------------------------
Flow Station           |          tot:P        tot:T        tot:h        tot:S       stat:P       stat:W      stat:MN       stat:V    stat:area
------------------------------------------------------------------------------------------------------------------------------------------------
DESIGN.fc.Fl_O         |          6.873      464.798      -19.097        1.657        4.776      650.000        0.740      742.670     4094.380
DESIGN.inlet.Fl_O      |          6.867      464.798      -19.097        1.657        4.949      650.000        0.700      706.205     4199.110
DESIGN.fan.Fl_O        |         12.703      564.087        4.719        1.661       11.055      650.000        0.450      513.619     3311.068
DESIGN.splitter.Fl_O1  |         12.703      564.087        4.719        1.661       11.833      130.000        0.320      368.782      878.561
DESIGN.splitter.Fl_O2  |         12.703      564.087        4.719        1.661       10.919      520.000        0.470      535.505     2563.120
DESIGN.duct4.Fl_O      |         12.642      564.087        4.719        1.662       11.724      130.000        0.330      380.066      859.319
DESIGN.lpc.Fl_O        |         14.979      594.343       11.989        1.663       14.072      130.000        0.300      355.247      810.029
DESIGN.duct6.Fl_O      |         14.827      594.343       11.989        1.663       13.624      130.000        0.350      413.152      714.895
DESIGN.hpc.Fl_O        |        241.314     1359.190      202.214        1.677      233.540      114.987        0.220      390.048       90.750
DESIGN.bld3.Fl_O       |        241.314     1359.190      202.214        1.677      228.004      100.215        0.290      512.623       61.251
DESIGN.burner.Fl_O     |        228.283     2880.000      197.451        1.920      226.824      102.632        0.100      251.697      275.801
DESIGN.hpt.Fl_O        |         52.768     2030.064       -2.361        1.913       48.727      117.405        0.350      741.610      345.235
DESIGN.duct11.Fl_O     |         52.499     2030.064       -2.361        1.913       49.385      117.405        0.306      650.366      390.142
DESIGN.lpt.Fl_O        |         14.850     1495.201     -124.093        1.913       13.430      126.632        0.390      713.875     1027.143
DESIGN.duct13.Fl_O     |         14.691     1495.201     -124.093        1.914       13.077      126.632        0.420      767.340      977.415
DESIGN.core_nozz.Fl_O  |         14.691     1495.201     -124.093        1.914        7.883      126.632        1.000     1718.966      635.675
DESIGN.byp_bld.Fl_O    |         12.703      564.087        4.719        1.661       10.919      517.400        0.470      535.505     2550.305
DESIGN.duct15.Fl_O     |         12.514      564.087        4.719        1.662       10.619      517.400        0.490      557.275     2510.687
DESIGN.byp_nozz.Fl_O   |         12.514      564.087        4.719        1.662        6.609      517.400        1.000     1063.045     1846.626
------------------------------------------------------------------------------------------------------------------------------------------------
-------------------------------------------------------------------------------------------------------------------------------------------------------------------------------------------------------
                          COMPRESSOR PROPERTIES
-------------------------------------------------------------------------------------------------------------------------------------------------------------------------------------------------------
Compressor    |           Wc         Pr      eta_a      eta_p         Nc        pwr   RlineMap      NcMap      WcMap      PRmap   alphaMap        SMN        SMW     effMap
-------------------------------------------------------------------------------------------------------------------------------------------------------------------------------------------------------
DESIGN.fan    |     1316.917      1.850      0.900      0.908   5281.820 -21902.265      2.200      0.990      1.685    803.556      0.000     36.641     29.886      0.895
DESIGN.lpc    |      157.597      1.185      0.924      0.926   4794.489  -1337.207      2.150      1.000      1.935     87.666      0.000     15.987     15.644      0.924
DESIGN.hpc    |      137.928     16.275      0.907      0.935  12144.239 -32967.946      2.050      0.976      9.374     49.454      0.000     22.598     22.468      0.871
-------------------------------------------------------------------------------------------------------------------------------------------------------------------------------------------------------
---------------------------------------------------------------------------
                            BURNER PROPERTIES
---------------------------------------------------------------------------
Burner              |           dPqP        TtOut        Wfuel          FAR
DESIGN.burner       |         0.0540      2880.00       2.4175      0.02412
--------------------------------------------------------------------------------------------------------------------------------------
                            TURBINE PROPERTIES
--------------------------------------------------------------------------------------------------------------------------------------
Turbine       |             Wp           PR        eff_a        eff_p           Np          pwr        NpMap        PRmap     alphaMap
DESIGN.hpt    |         24.127        4.326        0.900        0.883      242.241    33290.379      100.000        6.000        1.000
DESIGN.lpt    |        100.760        3.535        0.900        0.885      110.972    23239.471      100.000        6.000        1.000
-------------------------------------------------------------------------------------------------------------------------
                            NOZZLE PROPERTIES
-------------------------------------------------------------------------------------------------------------------------
Nozzle        |             PR           Cv          Cfg          Ath         MNth        MNout            V           Fg
DESIGN.core_nozz|          3.076        0.993        N/A        635.675        1.000        1.000     1718.966     8695.326
DESIGN.byp_nozz|          2.620        0.994        N/A       1846.626        1.000        1.000     1063.045    20375.258
---------------------------------------------------------------------------------------------------------------------------
                            SHAFT PROPERTIES
---------------------------------------------------------------------------------------------------------------------------
Shaft               |                 Nmech               trqin              trqout               pwrin              pwrout
DESIGN.hp_shaft     |             13000.000           13449.595          -13319.329           33290.359          -32967.926
DESIGN.lp_shaft     |              5000.000           24411.252          -24411.252           23239.457          -23239.457
--------------------------------------------------------------------------------------------------------------------
                            BLEED PROPERTIES
--------------------------------------------------------------------------------------------------------------------
Bleed                 |         Wb/Win        Pfrac     Workfrac            W           Tt           ht           Pt
DESIGN.hpc.cool1      |          0.051        0.500        0.500        6.592      984.674      107.101      128.071
DESIGN.hpc.cool2      |          0.020        0.550        0.500        2.636      984.674      107.101      139.395
DESIGN.hpc.cust       |          0.044        0.500        0.500        5.785      984.674      107.101      128.071
DESIGN.bld3.cool3     |          0.067        1.000        1.000        7.729     1359.190      202.214      241.314
DESIGN.bld3.cool4     |          0.061        1.000        1.000        7.044     1359.190      202.214      241.314
DESIGN.byp_bld.bypBld |          0.005        1.000        1.000        2.600      564.087        4.719       12.703



----------------------------------------------------------------------------
                              POINT: OD_TOfail
----------------------------------------------------------------------------
                       PERFORMANCE CHARACTERISTICS
    Mach      Alt       W      Fn      Fg    Fram     OPR     TSFC      BPR 
 0.18000      0.0 1503.771 49751.3 59144.5  9393.3  31.563  0.40187    5.431
------------------------------------------------------------------------------------------------------------------------------------------------
                            FLOW STATIONS
------------------------------------------------------------------------------------------------------------------------------------------------
------------------------------------------------------------------------------------------------------------------------------------------------
Flow Station           |          tot:P        tot:T        tot:h        tot:S       stat:P       stat:W      stat:MN       stat:V    stat:area
------------------------------------------------------------------------------------------------------------------------------------------------
OD_TOfail.fc.Fl_O      |         15.032      522.033       -5.375        1.631       14.696     1503.771        0.180      200.974    14089.197
OD_TOfail.inlet.Fl_O   |         15.017      522.033       -5.375        1.631     -319.560     1503.771      184.554   284083.409     4199.110
OD_TOfail.fan.Fl_O     |         25.226      622.193       18.689        1.638       19.720     1503.771        0.604      712.675     3311.068
OD_TOfail.splitter.Fl_O|         25.226      622.193       18.689        1.638       23.675      233.832        0.303      366.495      878.561
OD_TOfail.splitter.Fl_O|         25.226      622.193       18.689        1.638       17.974     1269.939        0.713      830.759     2563.120
OD_TOfail.duct4.Fl_O   |         25.105      622.193       18.689        1.638       23.469      233.832        0.312      377.569      859.319
OD_TOfail.lpc.Fl_O     |         29.910      656.462       26.944        1.639       28.300      233.832        0.282      351.674      810.029
OD_TOfail.duct6.Fl_O   |         29.607      656.462       26.944        1.640       27.476      233.832        0.329      408.166      714.895
OD_TOfail.hpc.Fl_O     |        473.978     1484.344      234.990        1.654      460.036      206.828        0.211      389.300       90.750
OD_TOfail.bld3.Fl_O    |        473.978     1484.344      234.990        1.654      450.164      180.257        0.277      510.818       61.251
OD_TOfail.burner.Fl_O  |        448.383     3338.201      227.966        1.926      448.295      185.811        0.018       47.619     1550.003
OD_TOfail.hpt.Fl_O     |        103.645     2374.412       -4.670        1.917       95.768      212.382        0.351      799.041      345.235
OD_TOfail.duct11.Fl_O  |        103.116     2374.412       -4.670        1.918       97.047      212.382        0.307      700.693      390.142
OD_TOfail.lpt.Fl_O     |         29.168     1763.969     -147.175        1.916       26.374      228.980        0.393      776.153     1027.143
OD_TOfail.duct13.Fl_O  |         28.856     1763.969     -147.175        1.917       25.679      228.980        0.423      834.449      977.415
OD_TOfail.core_nozz.Fl_|         28.856     1763.969     -147.175        1.917       15.573      228.980        1.000     1861.792      638.510
OD_TOfail.byp_bld.Fl_O |         25.226      622.193       18.689        1.638       17.974     1263.590        0.713      830.759     2550.305
OD_TOfail.duct15.Fl_O  |         24.850      622.193       18.689        1.639       16.805     1263.590        0.769      889.194     2510.687
OD_TOfail.byp_nozz.Fl_O|         24.850      622.193       18.689        1.639       13.126     1263.590        1.000     1116.428     2385.618
------------------------------------------------------------------------------------------------------------------------------------------------
-------------------------------------------------------------------------------------------------------------------------------------------------------------------------------------------------------
                          COMPRESSOR PROPERTIES
-------------------------------------------------------------------------------------------------------------------------------------------------------------------------------------------------------
Compressor    |           Wc         Pr      eta_a      eta_p         Nc        pwr   RlineMap      NcMap      WcMap      PRmap   alphaMap        SMN        SMW     effMap
-------------------------------------------------------------------------------------------------------------------------------------------------------------------------------------------------------
OD_TOfail.fan |     1476.392      1.680      0.832      0.843   5958.297 -51198.433      2.606      0.990      1.548    803.620      0.000     48.760     17.297      0.827
OD_TOfail.lpc |      149.921      1.191      0.928      0.930   5457.683  -2731.213      2.005      1.000      1.968     87.467      0.000     13.766      9.704      0.928
OD_TOfail.hpc |      130.575     16.009      0.905      0.933  12637.142 -64855.024      2.116      0.976      9.228     49.497      0.000     24.647     20.775      0.869
-------------------------------------------------------------------------------------------------------------------------------------------------------------------------------------------------------
---------------------------------------------------------------------------
                            BURNER PROPERTIES
---------------------------------------------------------------------------
Burner              |           dPqP        TtOut        Wfuel          FAR
OD_TOfail.burner    |         0.0540      3338.20       5.5537      0.03081
--------------------------------------------------------------------------------------------------------------------------------------
                            TURBINE PROPERTIES
--------------------------------------------------------------------------------------------------------------------------------------
Turbine       |             Wp           PR        eff_a        eff_p           Np          pwr        NpMap        PRmap     alphaMap
OD_TOfail.hpt |         23.943        4.326        0.900        0.884      246.066    70168.654      100.000        6.000        1.000
OD_TOfail.lpt |        100.362        3.535        0.900        0.885      122.673    49352.952      100.000        6.000        1.000
-------------------------------------------------------------------------------------------------------------------------
                            NOZZLE PROPERTIES
-------------------------------------------------------------------------------------------------------------------------
Nozzle        |             PR           Cv          Cfg          Ath         MNth        MNout            V           Fg
OD_TOfail.core_nozz|          2.000        0.993        N/A        638.510        1.000        1.000     1861.792    13892.696
OD_TOfail.byp_nozz|          2.000        0.994        N/A       2385.618        1.000        1.000     1116.428    45251.848
---------------------------------------------------------------------------------------------------------------------------
                            SHAFT PROPERTIES
---------------------------------------------------------------------------------------------------------------------------
Shaft               |                 Nmech               trqin              trqout               pwrin              pwrout
OD_TOfail.hp_shaft  |             14217.000           25922.029          -23959.044           70168.613          -64854.986
OD_TOfail.lp_shaft  |              5977.580           43363.223          -47384.465           49352.922          -53929.613
-----------------------------------------------------------------------------------------------------------------------
                            BLEED PROPERTIES
-----------------------------------------------------------------------------------------------------------------------
Bleed                    |         Wb/Win        Pfrac     Workfrac            W           Tt           ht           Pt
OD_TOfail.hpc.cool1      |          0.051        0.500        0.500       11.857     1080.290      130.967      251.793
OD_TOfail.hpc.cool2      |          0.020        0.550        0.500        4.741     1080.290      130.967      274.011
OD_TOfail.hpc.cust       |          0.044        0.500        0.500       10.406     1080.290      130.967      251.793
OD_TOfail.bld3.cool3     |          0.067        1.000        1.000       13.902     1484.344      234.990      473.978
OD_TOfail.bld3.cool4     |          0.061        1.000        1.000       12.669     1484.344      234.990      473.978
OD_TOfail.byp_bld.bypBld |          0.005        1.000        1.000        6.350      622.193       18.689       25.226



----------------------------------------------------------------------------
                              POINT: OD_TOC
----------------------------------------------------------------------------
                       PERFORMANCE CHARACTERISTICS
    Mach      Alt       W      Fn      Fg    Fram     OPR     TSFC      BPR 
 0.74000  28000.0 634.783 13000.0 27652.7 14652.7  32.787  0.60738    4.154
------------------------------------------------------------------------------------------------------------------------------------------------
                            FLOW STATIONS
------------------------------------------------------------------------------------------------------------------------------------------------
------------------------------------------------------------------------------------------------------------------------------------------------
Flow Station           |          tot:P        tot:T        tot:h        tot:S       stat:P       stat:W      stat:MN       stat:V    stat:area
------------------------------------------------------------------------------------------------------------------------------------------------
OD_TOC.fc.Fl_O         |          6.873      464.798      -19.097        1.657        4.776      634.783        0.740      742.670     3998.530
OD_TOC.inlet.Fl_O      |          6.867      464.798      -19.097        1.657        5.095      634.783        0.667      675.512     4199.110
OD_TOC.fan.Fl_O        |         12.437      558.624        3.407        1.661       10.852      634.783        0.446      506.408     3311.068
OD_TOC.splitter.Fl_O1  |         12.437      558.624        3.407        1.661       11.652      123.174        0.307      351.983      878.561
OD_TOC.splitter.Fl_O2  |         12.437      558.624        3.407        1.661       10.691      511.609        0.470      532.912     2563.120
OD_TOC.duct4.Fl_O      |         12.378      558.624        3.407        1.661       11.549      123.174        0.316      362.648      859.319
OD_TOC.lpc.Fl_O        |         14.205      583.121        9.292        1.662       13.365      123.174        0.296      347.868      810.029
OD_TOC.duct6.Fl_O      |         14.061      583.121        9.292        1.662       12.946      123.174        0.346      404.400      714.895
OD_TOC.hpc.Fl_O        |        225.135     1328.833      194.338        1.676      217.820      108.950        0.221      387.349       90.750
OD_TOC.bld3.Fl_O       |        225.135     1328.833      194.338        1.676      212.607       94.953        0.291      509.149       61.251
OD_TOC.burner.Fl_O     |        212.978     2797.904      189.950        1.914      212.935       97.146        0.018       43.930     1550.003
OD_TOC.hpt.Fl_O        |         49.071     1967.384       -4.323        1.908       45.296      111.143        0.350      731.757      345.235
OD_TOC.duct11.Fl_O     |         48.820     1967.384       -4.323        1.908       45.912      111.143        0.307      641.701      390.142
OD_TOC.lpt.Fl_O        |         13.824     1448.042     -121.783        1.909       12.500      119.886        0.390      703.073     1027.143
OD_TOC.duct13.Fl_O     |         13.676     1448.042     -121.783        1.909       12.171      119.886        0.420      755.723      977.415
OD_TOC.core_nozz.Fl_O  |         13.676     1448.042     -121.783        1.909        7.331      119.886        1.000     1692.481      635.675
OD_TOC.byp_bld.Fl_O    |         12.437      558.624        3.407        1.661       10.691      509.051        0.470      532.912     2550.305
OD_TOC.duct15.Fl_O     |         12.252      558.624        3.407        1.662       10.397      509.051        0.490      554.576     2510.687
OD_TOC.byp_nozz.Fl_O   |         12.252      558.624        3.407        1.662        6.471      509.051        1.000     1057.886     1846.626
------------------------------------------------------------------------------------------------------------------------------------------------
-------------------------------------------------------------------------------------------------------------------------------------------------------------------------------------------------------
                          COMPRESSOR PROPERTIES
-------------------------------------------------------------------------------------------------------------------------------------------------------------------------------------------------------
Compressor    |           Wc         Pr      eta_a      eta_p         Nc        pwr   RlineMap      NcMap      WcMap      PRmap   alphaMap        SMN        SMW     effMap
-------------------------------------------------------------------------------------------------------------------------------------------------------------------------------------------------------
OD_TOC.fan    |     1286.088      1.811      0.917      0.924   5058.697 -20211.178      2.075      0.948      1.654    784.745      0.000     38.228     29.982      0.911
OD_TOC.lpc    |      151.773      1.148      0.914      0.916   4614.353  -1025.550      2.307      0.962      1.747     84.427      0.000     24.208     23.720      0.914
OD_TOC.hpc    |      136.496     16.011      0.908      0.935  12111.465 -30386.576      2.051      0.973      9.230     48.940      0.000     23.184     23.143      0.871
-------------------------------------------------------------------------------------------------------------------------------------------------------------------------------------------------------
---------------------------------------------------------------------------
                            BURNER PROPERTIES
---------------------------------------------------------------------------
Burner              |           dPqP        TtOut        Wfuel          FAR
OD_TOC.burner       |         0.0540      2797.90       2.1933      0.02310
--------------------------------------------------------------------------------------------------------------------------------------
                            TURBINE PROPERTIES
--------------------------------------------------------------------------------------------------------------------------------------
Turbine       |             Wp           PR        eff_a        eff_p           Np          pwr        NpMap        PRmap     alphaMap
OD_TOC.hpt    |         24.127        4.340        0.900        0.883      242.781    30636.576      100.223        6.021        1.000
OD_TOC.lpt    |        100.977        3.532        0.898        0.882      107.964    21236.728       97.289        5.993        1.000
-------------------------------------------------------------------------------------------------------------------------
                            NOZZLE PROPERTIES
-------------------------------------------------------------------------------------------------------------------------
Nozzle        |             PR           Cv          Cfg          Ath         MNth        MNout            V           Fg
OD_TOC.core_nozz|          2.863        0.993        N/A        635.675        1.000        1.000     1692.481     7888.206
OD_TOC.byp_nozz|          2.565        0.994        N/A       1846.626        1.000        1.000     1057.886    19764.450
---------------------------------------------------------------------------------------------------------------------------
                            SHAFT PROPERTIES
---------------------------------------------------------------------------------------------------------------------------
Shaft               |                 Nmech               trqin              trqout               pwrin              pwrout
OD_TOC.hp_shaft     |             12841.937           12529.782          -12427.536           30636.558          -30386.558
OD_TOC.lp_shaft     |              4788.782           23291.439          -23291.439           21236.715          -21236.715
--------------------------------------------------------------------------------------------------------------------
                            BLEED PROPERTIES
--------------------------------------------------------------------------------------------------------------------
Bleed                 |         Wb/Win        Pfrac     Workfrac            W           Tt           ht           Pt
OD_TOC.hpc.cool1      |          0.051        0.500        0.500        6.246      963.348      101.815      119.598
OD_TOC.hpc.cool2      |          0.020        0.550        0.500        2.497      963.348      101.815      130.152
OD_TOC.hpc.cust       |          0.044        0.500        0.500        5.481      963.348      101.815      119.598
OD_TOC.bld3.cool3     |          0.067        1.000        1.000        7.323     1328.833      194.338      225.135
OD_TOC.bld3.cool4     |          0.061        1.000        1.000        6.674     1328.833      194.338      225.135
OD_TOC.byp_bld.bypBld |          0.005        1.000        1.000        2.558      558.624        3.407       12.437



----------------------------------------------------------------------------
                              POINT: OD_SLS
----------------------------------------------------------------------------
                       PERFORMANCE CHARACTERISTICS
    Mach      Alt       W      Fn      Fg    Fram     OPR     TSFC      BPR 
 0.00001      0.0 1388.891 60031.7 60032.2     0.5  43.630  0.44701    3.577
------------------------------------------------------------------------------------------------------------------------------------------------
                            FLOW STATIONS
------------------------------------------------------------------------------------------------------------------------------------------------
------------------------------------------------------------------------------------------------------------------------------------------------
Flow Station           |          tot:P        tot:T        tot:h        tot:S       stat:P       stat:W      stat:MN       stat:V    stat:area
------------------------------------------------------------------------------------------------------------------------------------------------
OD_SLS.fc.Fl_O         |         14.696      518.670       -6.182        1.631       14.696     1388.891        0.000        0.011234231490.800
OD_SLS.inlet.Fl_O      |         14.681      518.670       -6.182        1.631        9.589     1388.891        0.804      845.008     4199.110
OD_SLS.fan.Fl_O        |         28.504      651.450       25.736        1.641       24.595     1388.891        0.464      568.390     3311.068
OD_SLS.splitter.Fl_O1  |         28.504      651.450       25.736        1.641       26.009      303.476        0.364      449.714      878.561
OD_SLS.splitter.Fl_O2  |         28.504      651.450       25.736        1.641       24.504     1085.415        0.470      575.340     2563.120
OD_SLS.duct4.Fl_O      |         28.368      651.450       25.736        1.641       25.730      303.476        0.376      463.986      859.319
OD_SLS.lpc.Fl_O        |         36.529      705.795       38.856        1.643       34.108      303.476        0.315      405.643      810.029
OD_SLS.duct6.Fl_O      |         36.160      705.795       38.856        1.644       32.935      303.476        0.368      472.652      714.895
OD_SLS.hpc.Fl_O        |        640.543     1632.994      274.536        1.658      621.412      268.430        0.213      411.501       90.750
OD_SLS.bld3.Fl_O       |        640.543     1632.994      274.536        1.658      607.848      233.945        0.280      540.151       61.251
OD_SLS.burner.Fl_O     |        605.954     3508.812      266.058        1.923      605.837      241.399        0.017       48.119     1550.003
OD_SLS.hpt.Fl_O        |        142.884     2519.976       23.171        1.914      132.710      275.884        0.339      796.057      345.235
OD_SLS.duct11.Fl_O     |        142.156     2519.976       23.171        1.914      134.305      275.884        0.297      698.752      390.142
OD_SLS.lpt.Fl_O        |         40.234     1881.721     -128.870        1.913       36.613      297.426        0.381      776.135     1027.143
OD_SLS.duct13.Fl_O     |         39.804     1881.721     -128.870        1.914       35.693      297.426        0.410      833.702      977.415
OD_SLS.core_nozz.Fl_O  |         39.804     1881.721     -128.870        1.914       21.524      297.426        1.000     1921.018      621.964
OD_SLS.byp_bld.Fl_O    |         28.504      651.450       25.736        1.641       24.504     1079.988        0.470      575.340     2550.305
OD_SLS.duct15.Fl_O     |         28.080      651.450       25.736        1.642       23.831     1079.988        0.490      598.733     2510.687
OD_SLS.byp_nozz.Fl_O   |         28.080      651.450       25.736        1.642       14.834     1079.988        1.000     1142.352     1846.626
------------------------------------------------------------------------------------------------------------------------------------------------
-------------------------------------------------------------------------------------------------------------------------------------------------------------------------------------------------------
                          COMPRESSOR PROPERTIES
-------------------------------------------------------------------------------------------------------------------------------------------------------------------------------------------------------
Compressor    |           Wc         Pr      eta_a      eta_p         Nc        pwr   RlineMap      NcMap      WcMap      PRmap   alphaMap        SMN        SMW     effMap
-------------------------------------------------------------------------------------------------------------------------------------------------------------------------------------------------------
OD_SLS.fan    |     1390.286      1.942      0.814      0.830   6279.318 -62720.394      2.906      1.177      1.759    848.325      0.000     32.163     29.706      0.809
OD_SLS.lpc    |      176.195      1.288      0.892      0.896   5602.962  -5633.548      1.000      1.169      2.456     97.000      0.000     -0.000      0.950      0.893
OD_SLS.hpc    |      143.874     17.714      0.902      0.931  12301.632 -95351.699      2.137      0.992     10.163     52.626      0.000     20.047     19.961      0.866
-------------------------------------------------------------------------------------------------------------------------------------------------------------------------------------------------------
---------------------------------------------------------------------------
                            BURNER PROPERTIES
---------------------------------------------------------------------------
Burner              |           dPqP        TtOut        Wfuel          FAR
OD_SLS.burner       |         0.0540      3508.81       7.4540      0.03186
--------------------------------------------------------------------------------------------------------------------------------------
                            TURBINE PROPERTIES
--------------------------------------------------------------------------------------------------------------------------------------
Turbine       |             Wp           PR        eff_a        eff_p           Np          pwr        NpMap        PRmap     alphaMap
OD_SLS.hpt    |         23.598        4.241        0.902        0.886      242.257    95221.419      100.119        5.872        1.000
OD_SLS.lpt    |         97.423        3.533        0.898        0.884      125.088    68050.393      112.867        5.996        1.000
-------------------------------------------------------------------------------------------------------------------------
                            NOZZLE PROPERTIES
-------------------------------------------------------------------------------------------------------------------------
Nozzle        |             PR           Cv          Cfg          Ath         MNth        MNout            V           Fg
OD_SLS.core_nozz|          2.645        0.993        N/A        621.964        1.000        1.000     1921.018    21666.038
OD_SLS.byp_nozz|          1.911        0.994        N/A       1846.626        1.000        1.000     1142.352    38366.186
---------------------------------------------------------------------------------------------------------------------------
                            SHAFT PROPERTIES
---------------------------------------------------------------------------------------------------------------------------
Shaft               |                 Nmech               trqin              trqout               pwrin              pwrout
OD_SLS.hp_shaft     |             14350.151           34850.739          -34898.421           95221.362          -95351.643
OD_SLS.lp_shaft     |              6279.318           56918.307          -57172.200           68050.352          -68353.901
--------------------------------------------------------------------------------------------------------------------
                            BLEED PROPERTIES
--------------------------------------------------------------------------------------------------------------------
Bleed                 |         Wb/Win        Pfrac     Workfrac            W           Tt           ht           Pt
OD_SLS.hpc.cool1      |          0.051        0.500        0.500       15.389     1182.135      156.696      338.352
OD_SLS.hpc.cool2      |          0.020        0.550        0.500        6.153     1182.135      156.696      368.571
OD_SLS.hpc.cust       |          0.044        0.500        0.500       13.505     1182.135      156.696      338.352
OD_SLS.bld3.cool3     |          0.067        1.000        1.000       18.042     1632.994      274.536      640.543
OD_SLS.bld3.cool4     |          0.061        1.000        1.000       16.443     1632.994      274.536      640.543
OD_SLS.byp_bld.bypBld |          0.005        1.000        1.000        5.427      651.450       25.736       28.504
