


----------------------------------------------------------------------------
                              POINT: DESIGN
----------------------------------------------------------------------------
                       PERFORMANCE CHARACTERISTICS
    Mach      Alt       W      Fn      Fg    Fram     OPR     TSFC      BPR 
 0.74000  28000.0 634.950 10011.9 24668.4 14656.5  50.243  0.55960    5.900
------------------------------------------------------------------------------------------------------------------------------------------------
                            FLOW STATIONS
------------------------------------------------------------------------------------------------------------------------------------------------
------------------------------------------------------------------------------------------------------------------------------------------------
Flow Station           |          tot:P        tot:T        tot:h        tot:S       stat:P       stat:W      stat:MN       stat:V    stat:area
------------------------------------------------------------------------------------------------------------------------------------------------
DESIGN.fc.Fl_O         |          6.873      464.798      -19.097        1.657        4.776      634.950        0.740      742.670     3999.581
DESIGN.inlet.Fl_O      |          6.867      464.798      -19.097        1.657        4.945      634.950        0.701      707.124     4099.171
DESIGN.fan.Fl_O        |         11.673      549.890        1.310        1.661       10.110      634.950        0.458      515.586     3429.747
DESIGN.splitter.Fl_O1  |         11.673      549.890        1.310        1.661       10.919       92.022        0.310      353.422      686.370
DESIGN.splitter.Fl_O2  |         11.673      549.890        1.310        1.661       10.148      542.928        0.452      509.094     2962.306
DESIGN.duct4.Fl_O      |         11.617      549.890        1.310        1.661       10.859       92.022        0.312      355.321      686.350
DESIGN.lpc.Fl_O        |         34.851      767.972       53.925        1.667       32.671       92.022        0.306      410.882      275.796
DESIGN.duct6.Fl_O      |         34.499      767.972       53.925        1.667       31.612       92.022        0.356      477.076      243.906
DESIGN.hpc.Fl_O        |        344.994     1506.275      240.783        1.679      331.444       81.395        0.244      454.003       43.020
DESIGN.bld3.Fl_O       |        344.994     1506.275      240.783        1.679      324.796       70.938        0.300      556.365       31.057
DESIGN.burner.Fl_O     |        326.364     2880.000      235.614        1.893      324.170       72.494        0.102      258.114      132.913
DESIGN.hpt.Fl_O        |         76.143     2054.118       38.814        1.889       69.826       82.951        0.365      777.454      164.022
DESIGN.duct11.Fl_O     |         75.754     2054.118       38.814        1.890       71.260       82.951        0.306      654.292      192.137
DESIGN.lpt.Fl_O        |          9.469     1276.512     -150.400        1.900        8.453       89.483        0.413      700.254      999.484
DESIGN.duct13.Fl_O     |          9.368     1276.512     -150.400        1.901        8.205       89.483        0.446      755.501      949.617
DESIGN.core_nozz.Fl_O  |          9.368     1276.512     -150.400        1.901        5.005       89.483        1.000     1591.552      648.570
DESIGN.byp_bld.Fl_O    |         11.673      549.890        1.310        1.661       10.165      540.214        0.449      505.953     2962.074
DESIGN.duct15.Fl_O     |         11.499      549.890        1.310        1.662        9.953      540.214        0.459      516.775     2956.770
DESIGN.byp_nozz.Fl_O   |         11.499      549.890        1.310        1.662        6.073      540.214        1.000     1049.585     2071.521
------------------------------------------------------------------------------------------------------------------------------------------------
-------------------------------------------------------------------------------------------------------------------------------------------------------------------------------------------------------
                          COMPRESSOR PROPERTIES
-------------------------------------------------------------------------------------------------------------------------------------------------------------------------------------------------------
Compressor    |           Wc         Pr      eta_a      eta_p         Nc        pwr   RlineMap      NcMap      WcMap      PRmap   alphaMap        SMN        SMW     effMap
-------------------------------------------------------------------------------------------------------------------------------------------------------------------------------------------------------
DESIGN.fan    |     1286.426      1.700      0.895      0.902   4225.456 -18332.637      2.200      0.990      1.685    803.556      0.000     36.641     29.886      0.895
DESIGN.lpc    |      119.862      3.000      0.924      0.935   3884.791  -6850.359      2.150      1.000      1.935     87.666      0.000     15.987     15.644      0.924
DESIGN.hpc    |       47.698     10.000      0.907      0.930  10683.566 -22923.608      2.050      0.976      9.374     49.454      0.000     22.598     22.468      0.871
-------------------------------------------------------------------------------------------------------------------------------------------------------------------------------------------------------
---------------------------------------------------------------------------
                            BURNER PROPERTIES
---------------------------------------------------------------------------
Burner              |           dPqP        TtOut        Wfuel          FAR
DESIGN.burner       |         0.0540      2880.00       1.5563      0.02194
--------------------------------------------------------------------------------------------------------------------------------------
                            TURBINE PROPERTIES
--------------------------------------------------------------------------------------------------------------------------------------
Turbine       |             Wp           PR        eff_a        eff_p           Np          pwr        NpMap        PRmap     alphaMap
DESIGN.hpt    |         11.921        4.286        0.889        0.871      242.241    23173.608      100.000        6.000        1.000
DESIGN.lpt    |         49.628        8.000        0.900        0.872       88.257    24958.599      100.000        6.000        1.000
-------------------------------------------------------------------------------------------------------------------------
                            NOZZLE PROPERTIES
-------------------------------------------------------------------------------------------------------------------------
Nozzle        |             PR           Cv          Cfg          Ath         MNth        MNout            V           Fg
DESIGN.core_nozz|          1.913        0.993        N/A        648.570        1.000        1.000     1591.552     4466.822
DESIGN.byp_nozz|          2.407        0.994        N/A       2071.521        1.000        1.000     1049.585    20201.600
---------------------------------------------------------------------------------------------------------------------------
                            SHAFT PROPERTIES
---------------------------------------------------------------------------------------------------------------------------
Shaft               |                 Nmech               trqin              trqout               pwrin              pwrout
DESIGN.hp_shaft     |             13000.000            9362.334           -9261.332           23173.594          -22923.594
DESIGN.lp_shaft     |              4000.000           32771.327          -33065.966           24958.584          -25182.981
--------------------------------------------------------------------------------------------------------------------
                            BLEED PROPERTIES
--------------------------------------------------------------------------------------------------------------------
Bleed                 |         Wb/Win        Pfrac     Workfrac            W           Tt           ht           Pt
DESIGN.hpc.cool1      |          0.051        0.500        0.500        4.666     1145.306      147.354      189.746
DESIGN.hpc.cool2      |          0.020        0.550        0.500        1.866     1145.306      147.354      205.271
DESIGN.hpc.cust       |          0.044        0.500        0.500        4.095     1145.306      147.354      189.746
DESIGN.bld3.cool3     |          0.067        1.000        1.000        5.471     1506.275      240.783      344.994
DESIGN.bld3.cool4     |          0.061        1.000        1.000        4.986     1506.275      240.783      344.994
DESIGN.byp_bld.bypBld |          0.005        1.000        1.000        2.715      549.890        1.310       11.673



----------------------------------------------------------------------------
                              POINT: OD_TOfail
----------------------------------------------------------------------------
                       PERFORMANCE CHARACTERISTICS
    Mach      Alt       W      Fn      Fg    Fram     OPR     TSFC      BPR 
 0.18000      0.0 1327.850 36896.2 45190.6  8294.4  53.474  0.40121    5.698
------------------------------------------------------------------------------------------------------------------------------------------------
                            FLOW STATIONS
------------------------------------------------------------------------------------------------------------------------------------------------
------------------------------------------------------------------------------------------------------------------------------------------------
Flow Station           |          tot:P        tot:T        tot:h        tot:S       stat:P       stat:W      stat:MN       stat:V    stat:area
------------------------------------------------------------------------------------------------------------------------------------------------
OD_TOfail.fc.Fl_O      |         15.032      522.033       -5.375        1.631       14.696     1327.850        0.180      200.974    12440.946
OD_TOfail.inlet.Fl_O   |         15.017      522.033       -5.375        1.631       10.608     1327.850        0.722      770.001     4099.171
OD_TOfail.fan.Fl_O     |         25.969      622.489       18.760        1.636       22.491     1327.850        0.458      548.736     3429.747
OD_TOfail.splitter.Fl_O|         25.969      622.489       18.760        1.636       24.179      198.231        0.321      388.702      686.370
OD_TOfail.splitter.Fl_O|         25.969      622.489       18.760        1.636       22.615     1129.618        0.449      538.360     2962.306
OD_TOfail.duct4.Fl_O   |         25.845      622.489       18.760        1.636       24.044      198.231        0.323      390.806      686.350
OD_TOfail.lpc.Fl_O     |         77.285      877.115       80.564        1.645       72.039      198.231        0.320      457.808      275.796
OD_TOfail.duct6.Fl_O   |         76.504      877.115       80.564        1.645       69.541      198.231        0.373      532.497      243.906
OD_TOfail.hpc.Fl_O     |        803.016     1726.097      299.627        1.658      772.077      175.339        0.243      481.328       43.020
OD_TOfail.bld3.Fl_O    |        803.016     1726.097      299.627        1.658      756.909      152.813        0.298      589.738       31.057
OD_TOfail.burner.Fl_O  |        759.653     3330.000      291.776        1.886      759.616      156.925        0.009       23.676     1550.003
OD_TOfail.hpt.Fl_O     |        178.456     2402.562       63.760        1.881      163.690      179.451        0.366      839.798      164.022
OD_TOfail.duct11.Fl_O  |        177.546     2402.562       63.760        1.881      167.044      179.451        0.308      706.636      192.137
OD_TOfail.lpt.Fl_O     |         23.099     1528.274     -155.964        1.890       20.783      193.522        0.400      739.681      999.484
OD_TOfail.duct13.Fl_O  |         22.852     1528.274     -155.964        1.891       20.207      193.522        0.432      797.229      949.617
OD_TOfail.core_nozz.Fl_|         22.852     1528.274     -155.964        1.891       14.696      193.522        0.834     1480.484      648.570
OD_TOfail.byp_bld.Fl_O |         25.969      622.489       18.760        1.636       22.654     1123.970        0.446      535.048     2962.074
OD_TOfail.duct15.Fl_O  |         25.582      622.489       18.760        1.637       22.183     1123.970        0.456      546.457     2956.770
OD_TOfail.byp_nozz.Fl_O|         25.582      622.489       18.760        1.637       14.696     1123.970        0.926     1046.784     2071.521
------------------------------------------------------------------------------------------------------------------------------------------------
-------------------------------------------------------------------------------------------------------------------------------------------------------------------------------------------------------
                          COMPRESSOR PROPERTIES
-------------------------------------------------------------------------------------------------------------------------------------------------------------------------------------------------------
Compressor    |           Wc         Pr      eta_a      eta_p         Nc        pwr   RlineMap      NcMap      WcMap      PRmap   alphaMap        SMN        SMW     effMap
-------------------------------------------------------------------------------------------------------------------------------------------------------------------------------------------------------
OD_TOfail.fan |     1303.673      1.729      0.879      0.888   4394.878 -45342.843      2.290      1.030      1.714    814.330      0.000     34.750     29.012      0.879
OD_TOfail.lpc |      123.487      2.990      0.887      0.903   4024.665 -17334.034      2.840      1.036      1.930     90.317      0.000     19.394     19.140      0.887
OD_TOfail.hpc |       49.518     10.496      0.904      0.928  10787.540 -57892.794      2.102      0.985      9.836     51.341      0.000     21.122     21.019      0.868
-------------------------------------------------------------------------------------------------------------------------------------------------------------------------------------------------------
---------------------------------------------------------------------------
                            BURNER PROPERTIES
---------------------------------------------------------------------------
Burner              |           dPqP        TtOut        Wfuel          FAR
OD_TOfail.burner    |         0.0540      3330.00       4.1120      0.02691
--------------------------------------------------------------------------------------------------------------------------------------
                            TURBINE PROPERTIES
--------------------------------------------------------------------------------------------------------------------------------------
Turbine       |             Wp           PR        eff_a        eff_p           Np          pwr        NpMap        PRmap     alphaMap
OD_TOfail.hpt |         11.921        4.257        0.890        0.872      243.099    58142.794      100.354        5.955        1.000
OD_TOfail.lpt |         49.542        7.686        0.899        0.874       89.952    62676.877      101.921        5.776        1.000
-------------------------------------------------------------------------------------------------------------------------
                            NOZZLE PROPERTIES
-------------------------------------------------------------------------------------------------------------------------
Nozzle        |             PR           Cv          Cfg          Ath         MNth        MNout            V           Fg
OD_TOfail.core_nozz|          1.555        0.993        N/A        648.570        0.834        0.834     1480.484     8845.245
OD_TOfail.byp_nozz|          1.741        0.994        N/A       2071.521        0.926        0.926     1046.784    36345.383
---------------------------------------------------------------------------------------------------------------------------
                            SHAFT PROPERTIES
---------------------------------------------------------------------------------------------------------------------------
Shaft               |                 Nmech               trqin              trqout               pwrin              pwrout
OD_TOfail.hp_shaft  |             14028.298           21768.310          -21674.712           58142.760          -57892.760
OD_TOfail.lp_shaft  |              4409.102           74660.524          -74660.524           62676.840          -62676.840
-----------------------------------------------------------------------------------------------------------------------
                            BLEED PROPERTIES
-----------------------------------------------------------------------------------------------------------------------
Bleed                    |         Wb/Win        Pfrac     Workfrac            W           Tt           ht           Pt
OD_TOfail.hpc.cool1      |          0.051        0.500        0.500       10.052     1312.432      190.096      439.760
OD_TOfail.hpc.cool2      |          0.020        0.550        0.500        4.019     1312.432      190.096      476.086
OD_TOfail.hpc.cust       |          0.044        0.500        0.500        8.821     1312.432      190.096      439.760
OD_TOfail.bld3.cool3     |          0.067        1.000        1.000       11.785     1726.097      299.627      803.016
OD_TOfail.bld3.cool4     |          0.061        1.000        1.000       10.741     1726.097      299.627      803.016
OD_TOfail.byp_bld.bypBld |          0.005        1.000        1.000        5.648      622.489       18.760       25.969
