


----------------------------------------------------------------------------
                              POINT: DESIGN
----------------------------------------------------------------------------
                       PERFORMANCE CHARACTERISTICS
    Mach      Alt       W      Fn      Fg    Fram     OPR     TSFC      BPR 
 0.74000  28000.0 650.000 11092.4 26096.3 15003.9  33.968  0.57322    5.900
------------------------------------------------------------------------------------------------------------------------------------------------
                            FLOW STATIONS
------------------------------------------------------------------------------------------------------------------------------------------------
------------------------------------------------------------------------------------------------------------------------------------------------
Flow Station           |          tot:P        tot:T        tot:h        tot:S       stat:P       stat:W      stat:MN       stat:V    stat:area
------------------------------------------------------------------------------------------------------------------------------------------------
DESIGN.fc.Fl_O         |          6.873      464.798      -19.097        1.657        4.776      650.000        0.740      742.670     4094.380
DESIGN.inlet.Fl_O      |          6.867      464.798      -19.097        1.657        4.949      650.000        0.700      706.205     4199.110
DESIGN.fan.Fl_O        |         12.016      554.395        2.391        1.661       10.458      650.000        0.450      509.208     3469.918
DESIGN.splitter.Fl_O1  |         12.016      554.395        2.391        1.661       11.193       94.203        0.320      365.618      667.176
DESIGN.splitter.Fl_O2  |         12.016      554.395        2.391        1.661       10.329      555.797        0.470      530.906     2871.002
DESIGN.duct4.Fl_O      |         11.959      554.395        2.391        1.661       11.090       94.203        0.330      376.805      652.565
DESIGN.lpc.Fl_O        |         14.351      586.433       10.088        1.662       13.482       94.203        0.300      352.893      608.542
DESIGN.duct6.Fl_O      |         14.206      586.433       10.088        1.663       13.052       94.203        0.350      410.413      537.073
DESIGN.hpc.Fl_O        |        233.243     1345.674      198.704        1.676      225.725       83.324        0.220      388.216       67.678
DESIGN.bld3.Fl_O       |        233.243     1345.674      198.704        1.676      220.370       72.620        0.290      510.211       45.679
DESIGN.burner.Fl_O     |        220.648     2880.000      193.985        1.922      219.237       74.386        0.100      251.685      206.822
DESIGN.hpt.Fl_O        |         51.246     2030.894       -5.232        1.915       47.321       85.090        0.350      741.723      257.713
DESIGN.duct11.Fl_O     |         50.984     2030.894       -5.232        1.915       47.961       85.090        0.306      650.466      291.236
DESIGN.lpt.Fl_O        |         10.030     1382.962     -157.333        1.919        9.067       91.777        0.390      688.016     1057.729
DESIGN.duct13.Fl_O     |          9.923     1382.962     -157.333        1.920        8.828       91.777        0.420      739.518     1006.551
DESIGN.core_nozz.Fl_O  |          9.923     1382.962     -157.333        1.920        5.314       91.777        1.000     1654.764      654.936
DESIGN.byp_bld.Fl_O    |         12.016      554.395        2.391        1.661       10.329      553.018        0.470      530.906     2856.647
DESIGN.duct15.Fl_O     |         11.837      554.395        2.391        1.662       10.045      553.018        0.490      552.488     2812.274
DESIGN.byp_nozz.Fl_O   |         11.837      554.395        2.391        1.662        6.252      553.018        1.000     1053.875     2068.477
------------------------------------------------------------------------------------------------------------------------------------------------
-------------------------------------------------------------------------------------------------------------------------------------------------------------------------------------------------------
                          COMPRESSOR PROPERTIES
-------------------------------------------------------------------------------------------------------------------------------------------------------------------------------------------------------
Compressor    |           Wc         Pr      eta_a      eta_p         Nc        pwr   RlineMap      NcMap      WcMap      PRmap   alphaMap        SMN        SMW     effMap
-------------------------------------------------------------------------------------------------------------------------------------------------------------------------------------------------------
DESIGN.fan    |     1316.917      1.750      0.900      0.908   5281.820 -19761.849      2.200      0.990      1.685    803.556      0.000     36.641     29.886      0.895
DESIGN.lpc    |      119.685      1.200      0.924      0.926   4836.218  -1025.762      2.150      1.000      1.935     87.666      0.000     15.987     15.644      0.924
DESIGN.hpc    |      103.625     16.419      0.907      0.935  12225.867 -23687.782      2.050      0.976      9.374     49.454      0.000     22.598     22.468      0.871
-------------------------------------------------------------------------------------------------------------------------------------------------------------------------------------------------------
---------------------------------------------------------------------------
                            BURNER PROPERTIES
---------------------------------------------------------------------------
Burner              |           dPqP        TtOut        Wfuel          FAR
DESIGN.burner       |         0.0540      2880.00       1.7662      0.02432
--------------------------------------------------------------------------------------------------------------------------------------
                            TURBINE PROPERTIES
--------------------------------------------------------------------------------------------------------------------------------------
Turbine       |             Wp           PR        eff_a        eff_p           Np          pwr        NpMap        PRmap     alphaMap
DESIGN.hpt    |         18.092        4.306        0.900        0.883      242.241    24055.383      100.000        6.000        1.000
DESIGN.lpt    |         75.212        5.083        0.900        0.880      110.950    20787.611      100.000        6.000        1.000
-------------------------------------------------------------------------------------------------------------------------
                            NOZZLE PROPERTIES
-------------------------------------------------------------------------------------------------------------------------
Nozzle        |             PR           Cv          Cfg          Ath         MNth        MNout            V           Fg
DESIGN.core_nozz|          2.077        0.993        N/A        654.936        1.000        1.000     1654.764     5040.655
DESIGN.byp_nozz|          2.478        0.994        N/A       2068.477        1.000        1.000     1053.875    21055.666
---------------------------------------------------------------------------------------------------------------------------
                            SHAFT PROPERTIES
---------------------------------------------------------------------------------------------------------------------------
Shaft               |                 Nmech               trqin              trqout               pwrin              pwrout
DESIGN.hp_shaft     |             13000.000            9718.578           -9570.064           24055.369          -23687.767
DESIGN.lp_shaft     |              5000.000           21835.764          -21835.764           20787.599          -20787.599
--------------------------------------------------------------------------------------------------------------------
                            BLEED PROPERTIES
--------------------------------------------------------------------------------------------------------------------
Bleed                 |         Wb/Win        Pfrac     Workfrac            W           Tt           ht           Pt
DESIGN.hpc.cool1      |          0.051        0.500        0.500        4.777      973.765      104.396      123.724
DESIGN.hpc.cool2      |          0.020        0.550        0.500        1.910      973.765      104.396      134.676
DESIGN.hpc.cust       |          0.044        0.500        0.500        4.192      973.765      104.396      123.724
DESIGN.bld3.cool3     |          0.067        1.000        1.000        5.601     1345.674      198.704      233.243
DESIGN.bld3.cool4     |          0.061        1.000        1.000        5.104     1345.674      198.704      233.243
DESIGN.byp_bld.bypBld |          0.005        1.000        1.000        2.779      554.395        2.391       12.016
