


----------------------------------------------------------------------------
                              POINT: DESIGN
----------------------------------------------------------------------------
                       PERFORMANCE CHARACTERISTICS
    Mach      Alt       W      Fn      Fg    Fram     OPR     TSFC      BPR 
 0.74000  28000.0 795.156 12000.0 30354.5 18354.5  39.406  0.62579    5.900
------------------------------------------------------------------------------------------------------------------------------------------------
                            FLOW STATIONS
------------------------------------------------------------------------------------------------------------------------------------------------
------------------------------------------------------------------------------------------------------------------------------------------------
Flow Station           |          tot:P        tot:T        tot:h        tot:S       stat:P       stat:W      stat:MN       stat:V    stat:area
------------------------------------------------------------------------------------------------------------------------------------------------
DESIGN.fc.Fl_O         |          6.873      464.798      -19.097        1.657        4.776      795.156        0.740      742.670     5008.723
DESIGN.inlet.Fl_O      |          6.867      464.798      -19.097        1.657        4.949      795.156        0.700      706.205     5136.841
DESIGN.fan.Fl_O        |          9.613      516.963       -6.591        1.660        8.366      795.156        0.450      491.784     5123.027
DESIGN.splitter.Fl_O1  |          9.613      516.963       -6.591        1.660        8.955      115.240        0.320      353.117      985.004
DESIGN.splitter.Fl_O2  |          9.613      516.963       -6.591        1.660        8.263      679.916        0.470      512.738     4238.796
DESIGN.duct4.Fl_O      |          9.567      516.963       -6.591        1.660        8.872      115.240        0.330      363.921      963.433
DESIGN.lpc.Fl_O        |         19.134      639.272       22.801        1.663       17.977      115.240        0.300      368.304      583.172
DESIGN.duct6.Fl_O      |         18.941      639.272       22.801        1.664       17.404      115.240        0.350      428.344      514.674
DESIGN.hpc.Fl_O        |        270.583     1402.684      213.549        1.677      261.882      101.932        0.220      395.880       72.950
DESIGN.bld3.Fl_O       |        270.583     1402.684      213.549        1.677      255.685       88.837        0.290      520.299       49.236
DESIGN.burner.Fl_O     |        255.972     2880.000      208.650        1.911      254.335       90.923        0.100      251.735      217.872
DESIGN.hpt.Fl_O        |         59.047     2032.670        8.443        1.905       54.524      104.018        0.350      742.156      273.495
DESIGN.duct11.Fl_O     |         58.746     2032.670        8.443        1.905       55.261      104.018        0.306      650.847      309.070
DESIGN.lpt.Fl_O        |         18.842     1540.218     -102.376        1.904       17.042      112.198        0.390      724.029      728.514
DESIGN.duct13.Fl_O     |         18.640     1540.218     -102.376        1.905       16.595      112.198        0.420      778.263      693.238
DESIGN.core_nozz.Fl_O  |         18.640     1540.218     -102.376        1.905       10.009      112.198        1.000     1744.072      450.788
DESIGN.byp_bld.Fl_O    |          9.613      516.963       -6.591        1.660        8.263      676.516        0.470      512.738     4217.602
DESIGN.duct15.Fl_O     |          9.470      516.963       -6.591        1.661        8.036      676.516        0.490      533.578     4152.104
DESIGN.byp_nozz.Fl_O   |          9.470      516.963       -6.591        1.661        5.001      676.516        1.000     1017.682     3054.103
------------------------------------------------------------------------------------------------------------------------------------------------
-------------------------------------------------------------------------------------------------------------------------------------------------------------------------------------------------------
                          COMPRESSOR PROPERTIES
-------------------------------------------------------------------------------------------------------------------------------------------------------------------------------------------------------
Compressor    |           Wc         Pr      eta_a      eta_p         Nc        pwr   RlineMap      NcMap      WcMap      PRmap   alphaMap        SMN        SMW     effMap
-------------------------------------------------------------------------------------------------------------------------------------------------------------------------------------------------------
DESIGN.fan    |     1611.006      1.400      0.900      0.905   5281.820 -14069.443      2.200      0.990      1.685    803.556      0.000     36.641     29.886      0.895
DESIGN.lpc    |      176.729      2.000      0.924      0.931   5008.247  -4792.365      2.150      1.000      1.935     87.666      0.000     15.987     15.644      0.924
DESIGN.hpc    |       99.266     14.286      0.907      0.934  12610.453 -29305.127      2.050      0.976      9.374     49.454      0.000     22.598     22.468      0.871
-------------------------------------------------------------------------------------------------------------------------------------------------------------------------------------------------------
---------------------------------------------------------------------------
                            BURNER PROPERTIES
---------------------------------------------------------------------------
Burner              |           dPqP        TtOut        Wfuel          FAR
DESIGN.burner       |         0.0540      2880.00       2.0860      0.02348
--------------------------------------------------------------------------------------------------------------------------------------
                            TURBINE PROPERTIES
--------------------------------------------------------------------------------------------------------------------------------------
Turbine       |             Wp           PR        eff_a        eff_p           Np          pwr        NpMap        PRmap     alphaMap
DESIGN.hpt    |         19.062        4.335        0.900        0.883      260.875    29555.127      100.000        6.000        1.000
DESIGN.lpt    |         79.829        3.118        0.900        0.886      110.901    18861.809      100.000        6.000        1.000
-------------------------------------------------------------------------------------------------------------------------
                            NOZZLE PROPERTIES
-------------------------------------------------------------------------------------------------------------------------
Nozzle        |             PR           Cv          Cfg          Ath         MNth        MNout            V           Fg
DESIGN.core_nozz|          3.902        0.993        N/A        450.788        1.000        1.000     1744.072     8400.075
DESIGN.byp_nozz|          1.983        0.994        N/A       3054.103        1.000        1.000     1017.682    21954.444
---------------------------------------------------------------------------------------------------------------------------
                            SHAFT PROPERTIES
---------------------------------------------------------------------------------------------------------------------------
Shaft               |                 Nmech               trqin              trqout               pwrin              pwrout
DESIGN.hp_shaft     |             14000.000           11087.627          -10993.839           29555.109          -29305.109
DESIGN.lp_shaft     |              5000.000           19812.859          -19812.859           18861.798          -18861.798
--------------------------------------------------------------------------------------------------------------------
                            BLEED PROPERTIES
--------------------------------------------------------------------------------------------------------------------
Bleed                 |         Wb/Win        Pfrac     Workfrac            W           Tt           ht           Pt
DESIGN.hpc.cool1      |          0.051        0.500        0.500        5.844     1029.176      118.175      144.762
DESIGN.hpc.cool2      |          0.020        0.550        0.500        2.336     1029.176      118.175      157.344
DESIGN.hpc.cust       |          0.044        0.500        0.500        5.128     1029.176      118.175      144.762
DESIGN.bld3.cool3     |          0.067        1.000        1.000        6.851     1402.684      213.549      270.583
DESIGN.bld3.cool4     |          0.061        1.000        1.000        6.244     1402.684      213.549      270.583
DESIGN.byp_bld.bypBld |          0.005        1.000        1.000        3.400      516.963       -6.591        9.613



----------------------------------------------------------------------------
                              POINT: OD_TOfail
----------------------------------------------------------------------------
                       PERFORMANCE CHARACTERISTICS
    Mach      Alt       W      Fn      Fg    Fram     OPR     TSFC      BPR 
 0.18000      0.0 1658.927 46918.6 57281.1 10362.4  44.235  0.45910    5.431
------------------------------------------------------------------------------------------------------------------------------------------------
                            FLOW STATIONS
------------------------------------------------------------------------------------------------------------------------------------------------
------------------------------------------------------------------------------------------------------------------------------------------------
Flow Station           |          tot:P        tot:T        tot:h        tot:S       stat:P       stat:W      stat:MN       stat:V    stat:area
------------------------------------------------------------------------------------------------------------------------------------------------
OD_TOfail.fc.Fl_O      |         15.032      522.033       -5.375        1.631       14.696     1658.927        0.180      200.974    15542.896
OD_TOfail.inlet.Fl_O   |         15.017      522.033       -5.375        1.631       10.657     1658.927        0.717      765.155     5136.841
OD_TOfail.fan.Fl_O     |         22.212      590.552       11.078        1.634       19.562     1658.927        0.430      502.989     5123.027
OD_TOfail.splitter.Fl_O|         22.212      590.552       11.078        1.634       20.570      257.951        0.333      392.422      985.004
OD_TOfail.splitter.Fl_O|         22.212      590.552       11.078        1.634       19.431     1400.977        0.441      515.856     4238.796
OD_TOfail.duct4.Fl_O   |         22.105      590.552       11.078        1.634       20.372      257.951        0.344      404.551      963.433
OD_TOfail.lpc.Fl_O     |         42.629      731.179       45.000        1.641       39.618      257.951        0.326      426.589      583.172
OD_TOfail.duct6.Fl_O   |         42.199      731.179       45.000        1.642       38.178      257.951        0.382      497.791      514.674
OD_TOfail.hpc.Fl_O     |        664.273     1634.172      274.852        1.656      643.602      228.162        0.217      420.278       72.950
OD_TOfail.bld3.Fl_O    |        664.273     1634.172      274.852        1.656      628.904      198.850        0.286      552.108       49.236
OD_TOfail.burner.Fl_O  |        628.402     3420.000      266.823        1.910      628.323      204.833        0.014       38.372     1550.003
OD_TOfail.hpt.Fl_O     |        146.060     2447.982       28.474        1.902      134.891      234.145        0.352      813.919      273.495
OD_TOfail.duct11.Fl_O  |        145.315     2447.982       28.474        1.903      136.712      234.145        0.308      713.652      309.070
OD_TOfail.lpt.Fl_O     |         47.041     1876.586     -104.766        1.901       42.591      252.455        0.391      795.265      728.514
OD_TOfail.duct13.Fl_O  |         46.537     1876.586     -104.766        1.901       41.481      252.455        0.421      854.878      693.238
OD_TOfail.core_nozz.Fl_|         46.537     1876.586     -104.766        1.901       25.156      252.455        1.000     1918.769      450.788
OD_TOfail.byp_bld.Fl_O |         22.212      590.552       11.078        1.634       19.431     1393.972        0.441      515.856     4217.602
OD_TOfail.duct15.Fl_O  |         21.881      590.552       11.078        1.635       18.933     1393.972        0.459      536.087     4152.104
OD_TOfail.byp_nozz.Fl_O|         21.881      590.552       11.078        1.635       14.696     1393.972        0.776      873.422     3054.103
------------------------------------------------------------------------------------------------------------------------------------------------
-------------------------------------------------------------------------------------------------------------------------------------------------------------------------------------------------------
                          COMPRESSOR PROPERTIES
-------------------------------------------------------------------------------------------------------------------------------------------------------------------------------------------------------
Compressor    |           Wc         Pr      eta_a      eta_p         Nc        pwr   RlineMap      NcMap      WcMap      PRmap   alphaMap        SMN        SMW     effMap
-------------------------------------------------------------------------------------------------------------------------------------------------------------------------------------------------------
OD_TOfail.fan |     1628.723      1.479      0.901      0.906   5553.010 -38616.462      1.944      1.041      1.821    812.393      0.000     26.237     21.222      0.896
OD_TOfail.lpc |      182.986      1.928      0.862      0.874   5220.936 -12380.450      3.303      1.042      1.868     90.770      0.000     23.933     23.684      0.862
OD_TOfail.hpc |      106.660     15.742      0.901      0.930  12850.445 -79043.402      2.154      0.995     10.292     53.138      0.000     19.655     19.574      0.865
-------------------------------------------------------------------------------------------------------------------------------------------------------------------------------------------------------
---------------------------------------------------------------------------
                            BURNER PROPERTIES
---------------------------------------------------------------------------
Burner              |           dPqP        TtOut        Wfuel          FAR
OD_TOfail.burner    |         0.0540      3420.00       5.9835      0.03009
--------------------------------------------------------------------------------------------------------------------------------------
                            TURBINE PROPERTIES
--------------------------------------------------------------------------------------------------------------------------------------
Turbine       |             Wp           PR        eff_a        eff_p           Np          pwr        NpMap        PRmap     alphaMap
OD_TOfail.hpt |         19.062        4.302        0.901        0.885      260.898    79293.402      100.009        5.951        1.000
OD_TOfail.lpt |         79.722        3.089        0.900        0.887      112.597    50996.912      101.529        5.932        1.000
-------------------------------------------------------------------------------------------------------------------------
                            NOZZLE PROPERTIES
-------------------------------------------------------------------------------------------------------------------------
Nozzle        |             PR           Cv          Cfg          Ath         MNth        MNout            V           Fg
OD_TOfail.core_nozz|          3.167        0.993        N/A        450.788        1.000        1.000     1918.769    19669.991
OD_TOfail.byp_nozz|          1.489        0.994        N/A       3054.103        0.776        0.776      873.422    37611.069
---------------------------------------------------------------------------------------------------------------------------
                            SHAFT PROPERTIES
---------------------------------------------------------------------------------------------------------------------------
Shaft               |                 Nmech               trqin              trqout               pwrin              pwrout
OD_TOfail.hp_shaft  |             15257.543           27295.199          -27209.141           79293.355          -79043.355
OD_TOfail.lp_shaft  |              5570.982           48077.952          -48077.952           50996.882          -50996.882
-----------------------------------------------------------------------------------------------------------------------
                            BLEED PROPERTIES
-----------------------------------------------------------------------------------------------------------------------
Bleed                    |         Wb/Win        Pfrac     Workfrac            W           Tt           ht           Pt
OD_TOfail.hpc.cool1      |          0.051        0.500        0.500       13.080     1194.829      159.926      353.236
OD_TOfail.hpc.cool2      |          0.020        0.550        0.500        5.230     1194.829      159.926      384.339
OD_TOfail.hpc.cust       |          0.044        0.500        0.500       11.479     1194.829      159.926      353.236
OD_TOfail.bld3.cool3     |          0.067        1.000        1.000       15.336     1634.172      274.852      664.273
OD_TOfail.bld3.cool4     |          0.061        1.000        1.000       13.976     1634.172      274.852      664.273
OD_TOfail.byp_bld.bypBld |          0.005        1.000        1.000        7.005      590.552       11.078       22.212
