


----------------------------------------------------------------------------
                              POINT: DESIGN
----------------------------------------------------------------------------
                       PERFORMANCE CHARACTERISTICS
    Mach      Alt       W      Fn      Fg    Fram     OPR     TSFC      BPR 
 0.74000  28000.0 698.192 10000.0 26116.3 16116.3  30.083  0.70097    5.900
------------------------------------------------------------------------------------------------------------------------------------------------
                            FLOW STATIONS
------------------------------------------------------------------------------------------------------------------------------------------------
------------------------------------------------------------------------------------------------------------------------------------------------
Flow Station           |          tot:P        tot:T        tot:h        tot:S       stat:P       stat:W      stat:MN       stat:V    stat:area
------------------------------------------------------------------------------------------------------------------------------------------------
DESIGN.fc.Fl_O         |          6.873      464.798      -19.097        1.657        4.776      698.192        0.740      742.670     4397.945
DESIGN.inlet.Fl_O      |          6.867      464.798      -19.097        1.657        4.949      698.192        0.700      706.205     4510.439
DESIGN.fan.Fl_O        |          8.927      505.277       -9.394        1.659        7.768      698.192        0.450      486.211     4789.095
DESIGN.splitter.Fl_O1  |          8.927      505.277       -9.394        1.659        8.315      101.187        0.320      349.118      920.793
DESIGN.splitter.Fl_O2  |          8.927      505.277       -9.394        1.659        7.673      597.005        0.470      506.926     3962.505
DESIGN.duct4.Fl_O      |          8.884      505.277       -9.394        1.660        8.238      101.187        0.330      359.799      900.629
DESIGN.lpc.Fl_O        |         23.986      684.239       33.647        1.664       22.537      101.187        0.300      380.874      422.784
DESIGN.duct6.Fl_O      |         23.744      684.239       33.647        1.665       21.819      101.187        0.350      442.972      373.118
DESIGN.hpc.Fl_O        |        206.570     1301.977      187.395        1.676      199.899       89.502        0.220      382.220       80.662
DESIGN.bld3.Fl_O       |        206.570     1301.977      187.395        1.676      195.148       78.004        0.290      502.319       54.444
DESIGN.burner.Fl_O     |        195.415     2880.000      182.831        1.931      194.167       79.951        0.100      251.646      251.036
DESIGN.hpt.Fl_O        |         61.085     2156.309       21.176        1.921       56.424       91.449        0.350      762.962      239.840
DESIGN.duct11.Fl_O     |         60.774     2156.309       21.176        1.921       57.182       91.449        0.306      669.070      271.045
DESIGN.lpt.Fl_O        |         22.282     1681.532      -85.161        1.918       20.165       98.632        0.390      754.479      567.367
DESIGN.duct13.Fl_O     |         22.044     1681.532      -85.161        1.919       19.638       98.632        0.420      811.028      539.875
DESIGN.core_nozz.Fl_O  |         22.044     1681.532      -85.161        1.919       11.869       98.632        1.000     1819.918      350.865
DESIGN.byp_bld.Fl_O    |          8.927      505.277       -9.394        1.659        7.673      594.020        0.470      506.926     3942.692
DESIGN.duct15.Fl_O     |          8.794      505.277       -9.394        1.660        7.462      594.020        0.490      527.530     3881.466
DESIGN.byp_nozz.Fl_O   |          8.794      505.277       -9.394        1.660        4.776      594.020        0.976      985.614     2856.499
------------------------------------------------------------------------------------------------------------------------------------------------
-------------------------------------------------------------------------------------------------------------------------------------------------------------------------------------------------------
                          COMPRESSOR PROPERTIES
-------------------------------------------------------------------------------------------------------------------------------------------------------------------------------------------------------
Compressor    |           Wc         Pr      eta_a      eta_p         Nc        pwr   RlineMap      NcMap      WcMap      PRmap   alphaMap        SMN        SMW     effMap
-------------------------------------------------------------------------------------------------------------------------------------------------------------------------------------------------------
DESIGN.fan    |     1414.555      1.300      0.895      0.899   4225.456  -9585.258      2.200      0.990      1.685    803.556      0.000     36.641     29.886      0.895
DESIGN.lpc    |      165.215      2.700      0.924      0.934   4052.664  -6161.928      2.150      1.000      1.935     87.666      0.000     15.987     15.644      0.924
DESIGN.hpc    |       71.934      8.700      0.907      0.930  11318.396 -20740.398      2.050      0.976      9.374     49.454      0.000     22.598     22.468      0.871
-------------------------------------------------------------------------------------------------------------------------------------------------------------------------------------------------------
---------------------------------------------------------------------------
                            BURNER PROPERTIES
---------------------------------------------------------------------------
Burner              |           dPqP        TtOut        Wfuel          FAR
DESIGN.burner       |         0.0540      2880.00       1.9471      0.02496
--------------------------------------------------------------------------------------------------------------------------------------
                            TURBINE PROPERTIES
--------------------------------------------------------------------------------------------------------------------------------------
Turbine       |             Wp           PR        eff_a        eff_p           Np          pwr        NpMap        PRmap     alphaMap
DESIGN.hpt    |         21.956        3.199        0.889        0.875      242.241    20990.398      100.000        6.000        1.000
DESIGN.lpt    |         69.875        2.727        0.900        0.888       86.140    15747.186      100.000        6.000        1.000
-------------------------------------------------------------------------------------------------------------------------
                            NOZZLE PROPERTIES
-------------------------------------------------------------------------------------------------------------------------
Nozzle        |             PR           Cv          Cfg          Ath         MNth        MNout            V           Fg
DESIGN.core_nozz|          4.615        0.993        N/A        350.865        1.000        1.000     1819.918     8030.186
DESIGN.byp_nozz|          1.841        0.994        N/A       2856.499        0.976        0.976      985.614    18086.128
---------------------------------------------------------------------------------------------------------------------------
                            SHAFT PROPERTIES
---------------------------------------------------------------------------------------------------------------------------
Shaft               |                 Nmech               trqin              trqout               pwrin              pwrout
DESIGN.hp_shaft     |             13000.000            8480.298           -8379.296           20990.386          -20740.386
DESIGN.lp_shaft     |              4000.000           20676.489          -20676.489           15747.177          -15747.177
--------------------------------------------------------------------------------------------------------------------
                            BLEED PROPERTIES
--------------------------------------------------------------------------------------------------------------------
Bleed                 |         Wb/Win        Pfrac     Workfrac            W           Tt           ht           Pt
DESIGN.hpc.cool1      |          0.051        0.500        0.500        5.131      998.441      110.521      115.157
DESIGN.hpc.cool2      |          0.020        0.550        0.500        2.051      998.441      110.521      124.298
DESIGN.hpc.cust       |          0.044        0.500        0.500        4.503      998.441      110.521      115.157
DESIGN.bld3.cool3     |          0.067        1.000        1.000        6.016     1301.977      187.395      206.570
DESIGN.bld3.cool4     |          0.061        1.000        1.000        5.483     1301.977      187.395      206.570
DESIGN.byp_bld.bypBld |          0.005        1.000        1.000        2.985      505.277       -9.394        8.927



----------------------------------------------------------------------------
                              POINT: OD_TOfail
----------------------------------------------------------------------------
                       PERFORMANCE CHARACTERISTICS
    Mach      Alt       W      Fn      Fg    Fram     OPR     TSFC      BPR 
 0.18000      0.0 1370.738 36249.6 44811.8  8562.3  31.802  0.50826    5.336
------------------------------------------------------------------------------------------------------------------------------------------------
                            FLOW STATIONS
------------------------------------------------------------------------------------------------------------------------------------------------
------------------------------------------------------------------------------------------------------------------------------------------------
Flow Station           |          tot:P        tot:T        tot:h        tot:S       stat:P       stat:W      stat:MN       stat:V    stat:area
------------------------------------------------------------------------------------------------------------------------------------------------
OD_TOfail.fc.Fl_O      |         15.032      522.033       -5.375        1.631       14.696     1370.738        0.180      200.974    12842.777
OD_TOfail.inlet.Fl_O   |         15.017      522.033       -5.375        1.631       11.447     1370.738        0.635      684.220     4510.439
OD_TOfail.fan.Fl_O     |         20.391      575.766        7.524        1.634       18.227     1370.738        0.404      467.171     4789.095
OD_TOfail.splitter.Fl_O|         20.391      575.766        7.524        1.634       18.996      216.349        0.320      372.338      920.793
OD_TOfail.splitter.Fl_O|         20.391      575.766        7.524        1.634       18.137     1154.389        0.413      477.191     3962.505
OD_TOfail.duct4.Fl_O   |         20.293      575.766        7.524        1.634       18.821      216.349        0.330      383.729      900.629
OD_TOfail.lpc.Fl_O     |         51.543      767.859       53.898        1.640       48.054      216.349        0.319      427.698      422.784
OD_TOfail.duct6.Fl_O   |         51.022      767.859       53.898        1.641       46.371      216.349        0.373      498.617      373.118
OD_TOfail.hpc.Fl_O     |        477.574     1482.042      234.383        1.653      462.569      191.364        0.218      402.175       80.662
OD_TOfail.bld3.Fl_O    |        477.574     1482.042      234.383        1.653      451.900      166.780        0.287      528.337       54.444
OD_TOfail.burner.Fl_O  |        451.785     3330.000      227.405        1.925      451.709      171.897        0.016       43.613     1550.003
OD_TOfail.hpt.Fl_O     |        141.616     2516.657       40.119        1.913      130.768      196.482        0.353      825.994      239.840
OD_TOfail.duct11.Fl_O  |        140.893     2516.657       40.119        1.914      132.539      196.482        0.309      724.175      271.045
OD_TOfail.lpt.Fl_O     |         52.180     1981.685      -83.168        1.909       47.263      211.839        0.391      815.691      567.367
OD_TOfail.duct13.Fl_O  |         51.622     1981.685      -83.168        1.910       46.033      211.839        0.421      876.863      539.875
OD_TOfail.core_nozz.Fl_|         51.622     1981.685      -83.168        1.910       27.949      211.839        1.000     1970.173      350.865
OD_TOfail.byp_bld.Fl_O |         20.391      575.766        7.524        1.634       18.137     1148.617        0.413      477.191     3942.692
OD_TOfail.duct15.Fl_O  |         20.087      575.766        7.524        1.635       17.703     1148.617        0.429      495.304     3881.466
OD_TOfail.byp_nozz.Fl_O|         20.087      575.766        7.524        1.635       14.696     1148.617        0.683      768.743     2856.499
------------------------------------------------------------------------------------------------------------------------------------------------
-------------------------------------------------------------------------------------------------------------------------------------------------------------------------------------------------------
                          COMPRESSOR PROPERTIES
-------------------------------------------------------------------------------------------------------------------------------------------------------------------------------------------------------
Compressor    |           Wc         Pr      eta_a      eta_p         Nc        pwr   RlineMap      NcMap      WcMap      PRmap   alphaMap        SMN        SMW     effMap
-------------------------------------------------------------------------------------------------------------------------------------------------------------------------------------------------------
OD_TOfail.fan |     1345.781      1.358      0.887      0.892   4240.721 -25016.813      1.583      0.994      1.817    764.488      0.000     20.388     15.991      0.887
OD_TOfail.lpc |      165.075      2.540      0.909      0.920   4037.992 -14194.974      2.437      0.996      1.847     87.592      0.000     21.456     21.062      0.909
OD_TOfail.hpc |       75.820      9.360      0.903      0.927  11475.407 -52056.725      2.096      0.990     10.092     52.126      0.000     19.784     19.693      0.867
-------------------------------------------------------------------------------------------------------------------------------------------------------------------------------------------------------
---------------------------------------------------------------------------
                            BURNER PROPERTIES
---------------------------------------------------------------------------
Burner              |           dPqP        TtOut        Wfuel          FAR
OD_TOfail.burner    |         0.0540      3330.00       5.1178      0.03069
--------------------------------------------------------------------------------------------------------------------------------------
                            TURBINE PROPERTIES
--------------------------------------------------------------------------------------------------------------------------------------
Turbine       |             Wp           PR        eff_a        eff_p           Np          pwr        NpMap        PRmap     alphaMap
OD_TOfail.hpt |         21.956        3.190        0.889        0.876      241.959    52306.725       99.884        5.980        1.000
OD_TOfail.lpt |         69.959        2.700        0.898        0.887       84.807    39211.787       98.452        5.921        1.000
-------------------------------------------------------------------------------------------------------------------------
                            NOZZLE PROPERTIES
-------------------------------------------------------------------------------------------------------------------------
Nozzle        |             PR           Cv          Cfg          Ath         MNth        MNout            V           Fg
OD_TOfail.core_nozz|          3.513        0.993        N/A        350.865        1.000        1.000     1970.173    17534.981
OD_TOfail.byp_nozz|          1.367        0.994        N/A       2856.499        0.683        0.683      768.743    27276.864
---------------------------------------------------------------------------------------------------------------------------
                            SHAFT PROPERTIES
---------------------------------------------------------------------------------------------------------------------------
Shaft               |                 Nmech               trqin              trqout               pwrin              pwrout
OD_TOfail.hp_shaft  |             13962.505           19675.601          -19581.562           52306.694          -52056.694
OD_TOfail.lp_shaft  |              4254.446           48406.916          -48406.916           39211.763          -39211.763
-----------------------------------------------------------------------------------------------------------------------
                            BLEED PROPERTIES
-----------------------------------------------------------------------------------------------------------------------
Bleed                    |         Wb/Win        Pfrac     Workfrac            W           Tt           ht           Pt
OD_TOfail.hpc.cool1      |          0.051        0.500        0.500       10.971     1132.596      144.140      264.298
OD_TOfail.hpc.cool2      |          0.020        0.550        0.500        4.386     1132.596      144.140      285.626
OD_TOfail.hpc.cust       |          0.044        0.500        0.500        9.628     1132.596      144.140      264.298
OD_TOfail.bld3.cool3     |          0.067        1.000        1.000       12.862     1482.042      234.383      477.574
OD_TOfail.bld3.cool4     |          0.061        1.000        1.000       11.722     1482.042      234.383      477.574
OD_TOfail.byp_bld.bypBld |          0.005        1.000        1.000        5.772      575.766        7.524       20.391
