

OPR CAPPED AT 44.


----------------------------------------------------------------------------
                              POINT: DESIGN
----------------------------------------------------------------------------
                       PERFORMANCE CHARACTERISTICS
    Mach      Alt       W      Fn      Fg    Fram     OPR     TSFC      BPR 
 0.74000  28000.0 733.840 12028.9 28968.0 16939.2  44.332  0.55725    5.900
------------------------------------------------------------------------------------------------------------------------------------------------
                            FLOW STATIONS
------------------------------------------------------------------------------------------------------------------------------------------------
------------------------------------------------------------------------------------------------------------------------------------------------
Flow Station           |          tot:P        tot:T        tot:h        tot:S       stat:P       stat:W      stat:MN       stat:V    stat:area
------------------------------------------------------------------------------------------------------------------------------------------------
DESIGN.fc.Fl_O         |          6.873      464.798      -19.097        1.657        4.776      733.840        0.740      742.670     4622.492
DESIGN.inlet.Fl_O      |          6.867      464.798      -19.097        1.657        4.949      733.840        0.700      706.205     4740.730
DESIGN.fan.Fl_O        |         12.160      556.448        2.884        1.661       10.582      733.840        0.450      510.146     3878.569
DESIGN.splitter.Fl_O1  |         12.160      556.448        2.884        1.661       11.327      106.354        0.320      366.290      745.751
DESIGN.splitter.Fl_O2  |         12.160      556.448        2.884        1.661       10.452      627.486        0.470      531.884     3209.119
DESIGN.duct4.Fl_O      |         12.101      556.448        2.884        1.661       11.222      106.354        0.330      377.498      729.418
DESIGN.lpc.Fl_O        |         32.306      750.363       49.651        1.666       30.358      106.354        0.300      398.540      345.776
DESIGN.duct6.Fl_O      |         31.980      750.363       49.651        1.667       29.391      106.354        0.350      463.536      305.146
DESIGN.hpc.Fl_O        |        304.406     1454.587      227.153        1.679      294.638       94.072        0.220      402.712       61.005
DESIGN.bld3.Fl_O       |        304.406     1454.587      227.153        1.679      287.680       81.986        0.290      529.291       41.173
DESIGN.burner.Fl_O     |        287.968     2880.000      222.109        1.902      286.126       83.848        0.100      251.781      178.563
DESIGN.hpt.Fl_O        |         74.755     2084.508       35.483        1.896       69.035       95.934        0.350      751.169      201.869
DESIGN.duct11.Fl_O     |         74.373     2084.508       35.483        1.896       69.966       95.934        0.306      658.745      228.129
DESIGN.lpt.Fl_O        |          9.297     1294.611     -157.059        1.906        8.400      103.483        0.390      667.057     1242.361
DESIGN.duct13.Fl_O     |          9.197     1294.611     -157.059        1.906        8.178      103.483        0.420      716.963     1182.286
DESIGN.core_nozz.Fl_O  |          9.197     1294.611     -157.059        1.906        5.045      103.483        0.978     1571.606      769.992
DESIGN.byp_bld.Fl_O    |         12.160      556.448        2.884        1.661       10.452      624.349        0.470      531.884     3193.073
DESIGN.duct15.Fl_O     |         11.978      556.448        2.884        1.662       10.165      624.349        0.490      553.506     3143.473
DESIGN.byp_nozz.Fl_O   |         11.978      556.448        2.884        1.662        6.326      624.349        1.000     1055.823     2312.073
------------------------------------------------------------------------------------------------------------------------------------------------
-------------------------------------------------------------------------------------------------------------------------------------------------------------------------------------------------------
                          COMPRESSOR PROPERTIES
-------------------------------------------------------------------------------------------------------------------------------------------------------------------------------------------------------
Compressor    |           Wc         Pr      eta_a      eta_p         Nc        pwr   RlineMap      NcMap      WcMap      PRmap   alphaMap        SMN        SMW     effMap
-------------------------------------------------------------------------------------------------------------------------------------------------------------------------------------------------------
DESIGN.fan    |     1486.779      1.771      0.900      0.908   5281.820 -22822.477      2.200      0.990      1.685    803.556      0.000     36.641     29.886      0.895
DESIGN.lpc    |      133.779      2.670      0.924      0.934   4827.291  -7037.142      2.150      1.000      1.935     87.666      0.000     15.987     15.644      0.924
DESIGN.hpc    |       58.785      9.519      0.907      0.930  11639.594 -25167.363      2.050      0.976      9.374     49.454      0.000     22.598     22.468      0.871
-------------------------------------------------------------------------------------------------------------------------------------------------------------------------------------------------------
---------------------------------------------------------------------------
                            BURNER PROPERTIES
---------------------------------------------------------------------------
Burner              |           dPqP        TtOut        Wfuel          FAR
DESIGN.burner       |         0.0540      2880.00       1.8620      0.02271
--------------------------------------------------------------------------------------------------------------------------------------
                            TURBINE PROPERTIES
--------------------------------------------------------------------------------------------------------------------------------------
Turbine       |             Wp           PR        eff_a        eff_p           Np          pwr        NpMap        PRmap     alphaMap
DESIGN.hpt    |         15.626        3.852        0.900        0.885      260.875    25417.363      100.000        6.000        1.000
DESIGN.lpt    |         58.892        8.000        0.900        0.873      109.514    29289.927      100.000        6.000        1.000
-------------------------------------------------------------------------------------------------------------------------
                            NOZZLE PROPERTIES
-------------------------------------------------------------------------------------------------------------------------
Nozzle        |             PR           Cv          Cfg          Ath         MNth        MNout            V           Fg
DESIGN.core_nozz|          1.823        0.993        N/A        769.992        0.978        0.978     1571.606     5020.966
DESIGN.byp_nozz|          2.508        0.994        N/A       2312.073        1.000        1.000     1055.823    23947.075
---------------------------------------------------------------------------------------------------------------------------
                            SHAFT PROPERTIES
---------------------------------------------------------------------------------------------------------------------------
Shaft               |                 Nmech               trqin              trqout               pwrin              pwrout
DESIGN.hp_shaft     |             14000.000            9535.342           -9441.554           25417.348          -25167.348
DESIGN.lp_shaft     |              5000.000           30766.783          -31365.201           29289.909          -29859.602
--------------------------------------------------------------------------------------------------------------------
                            BLEED PROPERTIES
--------------------------------------------------------------------------------------------------------------------
Bleed                 |         Wb/Win        Pfrac     Workfrac            W           Tt           ht           Pt
DESIGN.hpc.cool1      |          0.051        0.500        0.500        5.393     1109.852      138.402      168.193
DESIGN.hpc.cool2      |          0.020        0.550        0.500        2.156     1109.852      138.402      181.814
DESIGN.hpc.cust       |          0.044        0.500        0.500        4.733     1109.852      138.402      168.193
DESIGN.bld3.cool3     |          0.067        1.000        1.000        6.323     1454.587      227.153      304.406
DESIGN.bld3.cool4     |          0.061        1.000        1.000        5.762     1454.587      227.153      304.406
DESIGN.byp_bld.bypBld |          0.005        1.000        1.000        3.137      556.448        2.884       12.160



----------------------------------------------------------------------------
                              POINT: OD_TOfail
----------------------------------------------------------------------------
                       PERFORMANCE CHARACTERISTICS
    Mach      Alt       W      Fn      Fg    Fram     OPR     TSFC      BPR 
 0.18000      0.0 1551.096 45647.9 55336.7  9688.9  49.207  0.41552    5.587
------------------------------------------------------------------------------------------------------------------------------------------------
                            FLOW STATIONS
------------------------------------------------------------------------------------------------------------------------------------------------
------------------------------------------------------------------------------------------------------------------------------------------------
Flow Station           |          tot:P        tot:T        tot:h        tot:S       stat:P       stat:W      stat:MN       stat:V    stat:area
------------------------------------------------------------------------------------------------------------------------------------------------
OD_TOfail.fc.Fl_O      |         15.032      522.033       -5.375        1.631       14.696     1551.096        0.180      200.974    14532.593
OD_TOfail.inlet.Fl_O   |         15.017      522.033       -5.375        1.631        5.381     1551.096        1.305     1262.477     4740.730
OD_TOfail.fan.Fl_O     |         27.234      633.581       21.430        1.637       23.641     1551.096        0.454      549.218     3878.569
OD_TOfail.splitter.Fl_O|         27.234      633.581       21.430        1.637       25.139      235.461        0.340      414.984      745.751
OD_TOfail.splitter.Fl_O|         27.234      633.581       21.430        1.637       23.420     1315.635        0.470      566.829     3209.119
OD_TOfail.duct4.Fl_O   |         27.104      633.581       21.430        1.637       24.890      235.461        0.351      427.886      729.418
OD_TOfail.lpc.Fl_O     |         73.748      872.852       79.518        1.647       68.845      235.461        0.316      451.835      345.776
OD_TOfail.duct6.Fl_O   |         73.003      872.852       79.518        1.647       66.469      235.461        0.370      526.604      305.146
OD_TOfail.hpc.Fl_O     |        738.942     1702.110      293.140        1.660      715.878      208.269        0.218      429.592       61.005
OD_TOfail.bld3.Fl_O    |        738.942     1702.110      293.140        1.660      699.469      181.513        0.287      564.415       41.173
OD_TOfail.burner.Fl_O  |        699.039     3420.000      284.871        1.902      698.980      186.782        0.012       31.454     1550.003
OD_TOfail.hpt.Fl_O     |        183.181     2508.818       63.128        1.893      169.254      213.538        0.351      821.543      201.869
OD_TOfail.duct11.Fl_O  |        182.247     2508.818       63.128        1.894      171.518      213.538        0.307      720.388      228.129
OD_TOfail.lpt.Fl_O     |         23.550     1597.285     -167.907        1.902       21.398      230.252        0.382      720.674     1242.361
OD_TOfail.duct13.Fl_O  |         23.298     1597.285     -167.907        1.903       20.855      230.252        0.411      774.130     1182.286
OD_TOfail.core_nozz.Fl_|         23.298     1597.285     -167.907        1.903       14.696      230.252        0.854     1544.940      769.992
OD_TOfail.byp_bld.Fl_O |         27.234      633.581       21.430        1.637       23.420     1309.057        0.470      566.829     3193.073
OD_TOfail.duct15.Fl_O  |         26.829      633.581       21.430        1.638       22.777     1309.057        0.490      589.859     3143.473
OD_TOfail.byp_nozz.Fl_O|         26.829      633.581       21.430        1.638       14.696     1309.057        0.969     1096.837     2312.073
------------------------------------------------------------------------------------------------------------------------------------------------
-------------------------------------------------------------------------------------------------------------------------------------------------------------------------------------------------------
                          COMPRESSOR PROPERTIES
-------------------------------------------------------------------------------------------------------------------------------------------------------------------------------------------------------
Compressor    |           Wc         Pr      eta_a      eta_p         Nc        pwr   RlineMap      NcMap      WcMap      PRmap   alphaMap        SMN        SMW     effMap
-------------------------------------------------------------------------------------------------------------------------------------------------------------------------------------------------------
OD_TOfail.fan |     1522.855      1.814      0.866      0.877   5682.625 -58826.602      2.428      1.065      1.723    823.054      0.000     34.452     29.366      0.861
OD_TOfail.lpc |      141.105      2.721      0.866      0.883   5158.185 -19351.539      3.841      1.069      1.964     92.467      0.000     19.846     19.675      0.866
OD_TOfail.hpc |       61.489     10.122      0.903      0.928  11776.783 -67057.156      2.097      0.988      9.968     51.729      0.000     20.396     20.299      0.867
-------------------------------------------------------------------------------------------------------------------------------------------------------------------------------------------------------
---------------------------------------------------------------------------
                            BURNER PROPERTIES
---------------------------------------------------------------------------
Burner              |           dPqP        TtOut        Wfuel          FAR
OD_TOfail.burner    |         0.0540      3420.00       5.2688      0.02903
--------------------------------------------------------------------------------------------------------------------------------------
                            TURBINE PROPERTIES
--------------------------------------------------------------------------------------------------------------------------------------
Turbine       |             Wp           PR        eff_a        eff_p           Np          pwr        NpMap        PRmap     alphaMap
OD_TOfail.hpt |         15.626        3.816        0.901        0.887      261.239    67307.156      100.140        5.937        1.000
OD_TOfail.lpt |         58.688        7.739        0.900        0.875      113.820    78178.137      103.932        5.813        1.000
-------------------------------------------------------------------------------------------------------------------------
                            NOZZLE PROPERTIES
-------------------------------------------------------------------------------------------------------------------------
Nozzle        |             PR           Cv          Cfg          Ath         MNth        MNout            V           Fg
OD_TOfail.core_nozz|          1.585        0.993        N/A        769.992        0.854        0.854     1544.940    10982.208
OD_TOfail.byp_nozz|          1.826        0.994        N/A       2312.073        0.969        0.969     1096.837    44354.542
---------------------------------------------------------------------------------------------------------------------------
                            SHAFT PROPERTIES
---------------------------------------------------------------------------------------------------------------------------
Shaft               |                 Nmech               trqin              trqout               pwrin              pwrout
OD_TOfail.hp_shaft  |             15277.465           23138.955          -23053.010           67307.116          -67057.116
OD_TOfail.lp_shaft  |              5701.016           72022.283          -72022.287           78178.090          -78178.094
-----------------------------------------------------------------------------------------------------------------------
                            BLEED PROPERTIES
-----------------------------------------------------------------------------------------------------------------------
Bleed                    |         Wb/Win        Pfrac     Workfrac            W           Tt           ht           Pt
OD_TOfail.hpc.cool1      |          0.051        0.500        0.500       11.940     1297.844      186.329      405.972
OD_TOfail.hpc.cool2      |          0.020        0.550        0.500        4.774     1297.844      186.329      439.269
OD_TOfail.hpc.cust       |          0.044        0.500        0.500       10.478     1297.844      186.329      405.972
OD_TOfail.bld3.cool3     |          0.067        1.000        1.000       13.999     1702.110      293.140      738.942
OD_TOfail.bld3.cool4     |          0.061        1.000        1.000       12.758     1702.110      293.140      738.942
OD_TOfail.byp_bld.bypBld |          0.005        1.000        1.000        6.578      633.581       21.430       27.234
