


----------------------------------------------------------------------------
                              POINT: DESIGN
----------------------------------------------------------------------------
                       PERFORMANCE CHARACTERISTICS
    Mach      Alt       W      Fn      Fg    Fram     OPR     TSFC      BPR 
 0.74000  28000.0 691.507 10000.0 25962.0 15962.0  25.614  0.71768    5.900
------------------------------------------------------------------------------------------------------------------------------------------------
                            FLOW STATIONS
------------------------------------------------------------------------------------------------------------------------------------------------
------------------------------------------------------------------------------------------------------------------------------------------------
Flow Station           |          tot:P        tot:T        tot:h        tot:S       stat:P       stat:W      stat:MN       stat:V    stat:area
------------------------------------------------------------------------------------------------------------------------------------------------
DESIGN.fc.Fl_O         |          6.873      464.798      -19.097        1.657        4.776      691.507        0.740      742.670     4355.838
DESIGN.inlet.Fl_O      |          6.867      464.798      -19.097        1.657        4.949      691.507        0.700      706.205     4467.255
DESIGN.fan.Fl_O        |          8.927      505.277       -9.394        1.659        7.768      691.507        0.450      486.211     4743.244
DESIGN.splitter.Fl_O1  |          8.927      505.277       -9.394        1.659        8.315      100.218        0.320      349.118      911.977
DESIGN.splitter.Fl_O2  |          8.927      505.277       -9.394        1.659        7.673      591.289        0.470      506.926     3924.567
DESIGN.duct4.Fl_O      |          8.884      505.277       -9.394        1.660        8.238      100.218        0.330      359.799      892.006
DESIGN.lpc.Fl_O        |         22.209      668.549       29.860        1.664       20.867      100.218        0.300      376.542      446.949
DESIGN.duct6.Fl_O      |         21.985      668.549       29.860        1.665       20.202      100.218        0.350      437.930      394.446
DESIGN.hpc.Fl_O        |        175.879     1244.160      172.527        1.676      170.185       88.645        0.220      374.111       91.608
DESIGN.bld3.Fl_O       |        175.879     1244.160      172.527        1.676      166.130       77.257        0.290      491.645       61.834
DESIGN.burner.Fl_O     |        166.382     2880.000      168.187        1.943      165.319       79.250        0.100      251.596      292.316
DESIGN.hpt.Fl_O        |         57.086     2190.729       18.145        1.931       52.735       90.639        0.350      768.574      256.540
DESIGN.duct11.Fl_O     |         56.795     2190.729       18.145        1.931       53.443       90.639        0.306      673.985      289.921
DESIGN.lpt.Fl_O        |         22.018     1727.333      -84.697        1.927       19.930       97.752        0.390      764.004      577.277
DESIGN.duct13.Fl_O     |         21.782     1727.333      -84.697        1.927       19.409       97.752        0.420      821.279      549.298
DESIGN.core_nozz.Fl_O  |         21.782     1727.333      -84.697        1.927       11.739       97.752        1.000     1843.711      356.925
DESIGN.byp_bld.Fl_O    |          8.927      505.277       -9.394        1.659        7.673      588.333        0.470      506.926     3904.944
DESIGN.duct15.Fl_O     |          8.794      505.277       -9.394        1.660        7.462      588.333        0.490      527.530     3844.304
DESIGN.byp_nozz.Fl_O   |          8.794      505.277       -9.394        1.660        4.776      588.333        0.976      985.614     2829.150
------------------------------------------------------------------------------------------------------------------------------------------------
-------------------------------------------------------------------------------------------------------------------------------------------------------------------------------------------------------
                          COMPRESSOR PROPERTIES
-------------------------------------------------------------------------------------------------------------------------------------------------------------------------------------------------------
Compressor    |           Wc         Pr      eta_a      eta_p         Nc        pwr   RlineMap      NcMap      WcMap      PRmap   alphaMap        SMN        SMW     effMap
-------------------------------------------------------------------------------------------------------------------------------------------------------------------------------------------------------
DESIGN.fan    |     1401.012      1.300      0.895      0.899   4225.456  -9493.487      2.200      0.990      1.685    803.556      0.000     36.641     29.886      0.895
DESIGN.lpc    |      163.633      2.500      0.924      0.933   4052.664  -5565.891      2.150      1.000      1.935     87.666      0.000     15.987     15.644      0.924
DESIGN.hpc    |       76.058      8.000      0.907      0.929  11450.444 -19061.323      2.050      0.976      9.374     49.454      0.000     22.598     22.468      0.871
-------------------------------------------------------------------------------------------------------------------------------------------------------------------------------------------------------
---------------------------------------------------------------------------
                            BURNER PROPERTIES
---------------------------------------------------------------------------
Burner              |           dPqP        TtOut        Wfuel          FAR
DESIGN.burner       |         0.0540      2880.00       1.9935      0.02580
--------------------------------------------------------------------------------------------------------------------------------------
                            TURBINE PROPERTIES
--------------------------------------------------------------------------------------------------------------------------------------
Turbine       |             Wp           PR        eff_a        eff_p           Np          pwr        NpMap        PRmap     alphaMap
DESIGN.hpt    |         25.562        2.915        0.889        0.876      242.241    19311.323      100.000        6.000        1.000
DESIGN.lpt    |         74.696        2.579        0.900        0.889       85.461    15059.378      100.000        6.000        1.000
-------------------------------------------------------------------------------------------------------------------------
                            NOZZLE PROPERTIES
-------------------------------------------------------------------------------------------------------------------------
Nozzle        |             PR           Cv          Cfg          Ath         MNth        MNout            V           Fg
DESIGN.core_nozz|          4.560        0.993        N/A        356.925        1.000        1.000     1843.711     8049.045
DESIGN.byp_nozz|          1.841        0.994        N/A       2829.150        0.976        0.976      985.614    17912.967
---------------------------------------------------------------------------------------------------------------------------
                            SHAFT PROPERTIES
---------------------------------------------------------------------------------------------------------------------------
Shaft               |                 Nmech               trqin              trqout               pwrin              pwrout
DESIGN.hp_shaft     |             13000.000            7801.938           -7700.936           19311.312          -19061.312
DESIGN.lp_shaft     |              4000.000           19773.378          -19773.378           15059.369          -15059.369
--------------------------------------------------------------------------------------------------------------------
                            BLEED PROPERTIES
--------------------------------------------------------------------------------------------------------------------
Bleed                 |         Wb/Win        Pfrac     Workfrac            W           Tt           ht           Pt
DESIGN.hpc.cool1      |          0.051        0.500        0.500        5.082      960.836      101.193       98.932
DESIGN.hpc.cool2      |          0.020        0.550        0.500        2.032      960.836      101.193      106.627
DESIGN.hpc.cust       |          0.044        0.500        0.500        4.460      960.836      101.193       98.932
DESIGN.bld3.cool3     |          0.067        1.000        1.000        5.958     1244.160      172.527      175.879
DESIGN.bld3.cool4     |          0.061        1.000        1.000        5.430     1244.160      172.527      175.879
DESIGN.byp_bld.bypBld |          0.005        1.000        1.000        2.956      505.277       -9.394        8.927



----------------------------------------------------------------------------
                              POINT: OD_TOfail
----------------------------------------------------------------------------
                       PERFORMANCE CHARACTERISTICS
    Mach      Alt       W      Fn      Fg    Fram     OPR     TSFC      BPR 
 0.18000      0.0 1355.328 35960.2 44426.2  8466.0  27.013  0.52274    5.341
------------------------------------------------------------------------------------------------------------------------------------------------
                            FLOW STATIONS
------------------------------------------------------------------------------------------------------------------------------------------------
------------------------------------------------------------------------------------------------------------------------------------------------
Flow Station           |          tot:P        tot:T        tot:h        tot:S       stat:P       stat:W      stat:MN       stat:V    stat:area
------------------------------------------------------------------------------------------------------------------------------------------------
OD_TOfail.fc.Fl_O      |         15.032      522.033       -5.375        1.631       14.696     1355.328        0.180      200.974    12698.400
OD_TOfail.inlet.Fl_O   |         15.017      522.033       -5.375        1.631       11.465     1355.328        0.633      682.295     4467.255
OD_TOfail.fan.Fl_O     |         20.372      575.599        7.484        1.634       18.215     1355.328        0.403      466.596     4743.244
OD_TOfail.splitter.Fl_O|         20.372      575.599        7.484        1.634       18.984      213.738        0.319      371.563      911.977
OD_TOfail.splitter.Fl_O|         20.372      575.599        7.484        1.634       18.124     1141.590        0.412      476.689     3924.567
OD_TOfail.duct4.Fl_O   |         20.274      575.599        7.484        1.634       18.809      213.738        0.329      382.924      892.006
OD_TOfail.lpc.Fl_O     |         47.630      749.655       49.479        1.639       44.411      213.738        0.318      422.231      446.949
OD_TOfail.duct6.Fl_O   |         47.148      749.655       49.479        1.640       42.858      213.738        0.372      492.215      394.446
OD_TOfail.hpc.Fl_O     |        405.658     1415.999      217.031        1.652      392.887      189.055        0.218      393.513       91.608
OD_TOfail.bld3.Fl_O    |        405.658     1415.999      217.031        1.652      383.808      164.767        0.287      516.934       61.834
OD_TOfail.burner.Fl_O  |        383.753     3330.000      210.364        1.937      383.666      169.989        0.019       50.777     1550.003
OD_TOfail.hpt.Fl_O     |        131.979     2555.519       36.596        1.923      121.879      194.277        0.353      831.977      256.540
OD_TOfail.duct11.Fl_O  |        131.306     2555.519       36.596        1.924      123.527      194.277        0.309      729.409      289.921
OD_TOfail.lpt.Fl_O     |         51.416     2033.985      -82.468        1.919       46.580      209.448        0.391      825.652      577.277
OD_TOfail.duct13.Fl_O  |         50.866     2033.985      -82.468        1.919       45.369      209.448        0.421      887.584      549.298
OD_TOfail.core_nozz.Fl_|         50.866     2033.985      -82.468        1.919       27.564      209.448        1.000     1995.100      356.925
OD_TOfail.byp_bld.Fl_O |         20.372      575.599        7.484        1.634       18.124     1135.882        0.412      476.689     3904.944
OD_TOfail.duct15.Fl_O  |         20.069      575.599        7.484        1.635       17.691     1135.882        0.428      494.775     3844.304
OD_TOfail.byp_nozz.Fl_O|         20.069      575.599        7.484        1.635       14.696     1135.882        0.682      767.548     2829.150
------------------------------------------------------------------------------------------------------------------------------------------------
-------------------------------------------------------------------------------------------------------------------------------------------------------------------------------------------------------
                          COMPRESSOR PROPERTIES
-------------------------------------------------------------------------------------------------------------------------------------------------------------------------------------------------------
Compressor    |           Wc         Pr      eta_a      eta_p         Nc        pwr   RlineMap      NcMap      WcMap      PRmap   alphaMap        SMN        SMW     effMap
-------------------------------------------------------------------------------------------------------------------------------------------------------------------------------------------------------
OD_TOfail.fan |     1330.652      1.357      0.887      0.892   4232.893 -24658.585      1.582      0.992      1.814    763.201      0.000     20.455     16.026      0.887
OD_TOfail.lpc |      163.210      2.349      0.909      0.919   4031.123 -12699.510      2.434      0.995      1.841     87.440      0.000     21.655     21.256      0.909
OD_TOfail.hpc |       80.094      8.604      0.903      0.926  11606.727 -47743.450      2.087      0.989     10.097     52.078      0.000     19.624     19.534      0.867
-------------------------------------------------------------------------------------------------------------------------------------------------------------------------------------------------------
---------------------------------------------------------------------------
                            BURNER PROPERTIES
---------------------------------------------------------------------------
Burner              |           dPqP        TtOut        Wfuel          FAR
OD_TOfail.burner    |         0.0540      3330.00       5.2216      0.03169
--------------------------------------------------------------------------------------------------------------------------------------
                            TURBINE PROPERTIES
--------------------------------------------------------------------------------------------------------------------------------------
Turbine       |             Wp           PR        eff_a        eff_p           Np          pwr        NpMap        PRmap     alphaMap
OD_TOfail.hpt |         25.562        2.908        0.889        0.877      241.809    47993.450       99.822        5.982        1.000
OD_TOfail.lpt |         74.796        2.554        0.898        0.888       84.004    37358.095       98.296        5.919        1.000
-------------------------------------------------------------------------------------------------------------------------
                            NOZZLE PROPERTIES
-------------------------------------------------------------------------------------------------------------------------
Nozzle        |             PR           Cv          Cfg          Ath         MNth        MNout            V           Fg
OD_TOfail.core_nozz|          3.461        0.993        N/A        356.925        1.000        1.000     1995.100    17493.721
OD_TOfail.byp_nozz|          1.366        0.994        N/A       2829.150        0.682        0.682      767.548    26932.475
---------------------------------------------------------------------------------------------------------------------------
                            SHAFT PROPERTIES
---------------------------------------------------------------------------------------------------------------------------
Shaft               |                 Nmech               trqin              trqout               pwrin              pwrout
OD_TOfail.hp_shaft  |             13953.877           18064.289          -17970.192           47993.421          -47743.421
OD_TOfail.lp_shaft  |              4246.592           46203.833          -46203.833           37358.073          -37358.073
-----------------------------------------------------------------------------------------------------------------------
                            BLEED PROPERTIES
-----------------------------------------------------------------------------------------------------------------------
Bleed                    |         Wb/Win        Pfrac     Workfrac            W           Tt           ht           Pt
OD_TOfail.hpc.cool1      |          0.051        0.500        0.500       10.838     1089.399      133.255      226.403
OD_TOfail.hpc.cool2      |          0.020        0.550        0.500        4.333     1089.399      133.255      244.329
OD_TOfail.hpc.cust       |          0.044        0.500        0.500        9.511     1089.399      133.255      226.403
OD_TOfail.bld3.cool3     |          0.067        1.000        1.000       12.707     1415.999      217.031      405.658
OD_TOfail.bld3.cool4     |          0.061        1.000        1.000       11.581     1415.999      217.031      405.658
OD_TOfail.byp_bld.bypBld |          0.005        1.000        1.000        5.708      575.599        7.484       20.372
