


----------------------------------------------------------------------------
                              POINT: DESIGN
----------------------------------------------------------------------------
                       PERFORMANCE CHARACTERISTICS
    Mach      Alt       W      Fn      Fg    Fram     OPR     TSFC      BPR 
 0.74000  28000.0 595.235 10000.0 23739.8 13739.8  33.495  0.58207    5.900
------------------------------------------------------------------------------------------------------------------------------------------------
                            FLOW STATIONS
------------------------------------------------------------------------------------------------------------------------------------------------
------------------------------------------------------------------------------------------------------------------------------------------------
Flow Station           |          tot:P        tot:T        tot:h        tot:S       stat:P       stat:W      stat:MN       stat:V    stat:area
------------------------------------------------------------------------------------------------------------------------------------------------
DESIGN.fc.Fl_O         |          6.873      464.798      -19.097        1.657        4.776      595.235        0.740      742.670     3749.414
DESIGN.inlet.Fl_O      |          6.867      464.798      -19.097        1.657        4.949      595.235        0.700      706.205     3845.320
DESIGN.fan.Fl_O        |         11.673      549.890        1.310        1.661       10.159      595.235        0.450      507.144     3257.642
DESIGN.splitter.Fl_O1  |         11.673      549.890        1.310        1.661       10.874       86.266        0.320      364.138      626.359
DESIGN.splitter.Fl_O2  |         11.673      549.890        1.310        1.661       10.034      508.969        0.470      528.754     2695.367
DESIGN.duct4.Fl_O      |         11.617      549.890        1.310        1.661       10.773       86.266        0.330      375.279      612.642
DESIGN.lpc.Fl_O        |         29.043      727.128       44.019        1.666       27.290       86.266        0.300      392.437      307.019
DESIGN.duct6.Fl_O      |         28.749      727.128       44.019        1.667       26.421       86.266        0.350      456.432      270.946
DESIGN.hpc.Fl_O        |        229.996     1346.231      198.848        1.678      222.582       76.304        0.220      388.291       62.864
DESIGN.bld3.Fl_O       |        229.996     1346.231      198.848        1.678      217.303       66.501        0.290      510.311       42.430
DESIGN.burner.Fl_O     |        217.576     2880.000      194.128        1.923      216.185       68.118        0.100      251.685      192.069
DESIGN.hpt.Fl_O        |         67.233     2155.124       30.940        1.914       62.101       77.921        0.350      762.863      185.595
DESIGN.duct11.Fl_O     |         66.890     2155.124       30.940        1.914       62.936       77.921        0.306      668.985      209.742
DESIGN.lpt.Fl_O        |         10.563     1406.712     -150.834        1.920        9.549       84.044        0.390      693.575      928.072
DESIGN.duct13.Fl_O     |         10.450     1406.712     -150.834        1.921        9.298       84.044        0.420      745.499      883.161
DESIGN.core_nozz.Fl_O  |         10.450     1406.712     -150.834        1.921        5.599       84.044        1.000     1668.573      574.588
DESIGN.byp_bld.Fl_O    |         11.673      549.890        1.310        1.661       10.034      506.424        0.470      528.754     2681.890
DESIGN.duct15.Fl_O     |         11.499      549.890        1.310        1.662        9.758      506.424        0.490      550.248     2640.232
DESIGN.byp_nozz.Fl_O   |         11.499      549.890        1.310        1.662        6.073      506.424        1.000     1049.585     1941.951
------------------------------------------------------------------------------------------------------------------------------------------------
-------------------------------------------------------------------------------------------------------------------------------------------------------------------------------------------------------
                          COMPRESSOR PROPERTIES
-------------------------------------------------------------------------------------------------------------------------------------------------------------------------------------------------------
Compressor    |           Wc         Pr      eta_a      eta_p         Nc        pwr   RlineMap      NcMap      WcMap      PRmap   alphaMap        SMN        SMW     effMap
-------------------------------------------------------------------------------------------------------------------------------------------------------------------------------------------------------
DESIGN.fan    |     1205.962      1.700      0.895      0.902   4225.456 -17185.963      2.200      0.990      1.685    803.556      0.000     36.641     29.886      0.895
DESIGN.lpc    |      112.365      2.500      0.924      0.933   3884.791  -5212.766      2.150      1.000      1.935     87.666      0.000     15.987     15.644      0.924
DESIGN.hpc    |       52.212      8.000      0.907      0.929  10979.527 -17806.358      2.050      0.976      9.374     49.454      0.000     22.598     22.468      0.871
-------------------------------------------------------------------------------------------------------------------------------------------------------------------------------------------------------
---------------------------------------------------------------------------
                            BURNER PROPERTIES
---------------------------------------------------------------------------
Burner              |           dPqP        TtOut        Wfuel          FAR
DESIGN.burner       |         0.0540      2880.00       1.6169      0.02431
--------------------------------------------------------------------------------------------------------------------------------------
                            TURBINE PROPERTIES
--------------------------------------------------------------------------------------------------------------------------------------
Turbine       |             Wp           PR        eff_a        eff_p           Np          pwr        NpMap        PRmap     alphaMap
DESIGN.hpt    |         16.801        3.236        0.889        0.875      242.241    18056.358      100.000        6.000        1.000
DESIGN.lpt    |         54.079        6.333        0.900        0.876       86.164    22398.729      100.000        6.000        1.000
-------------------------------------------------------------------------------------------------------------------------
                            NOZZLE PROPERTIES
-------------------------------------------------------------------------------------------------------------------------
Nozzle        |             PR           Cv          Cfg          Ath         MNth        MNout            V           Fg
DESIGN.core_nozz|          2.188        0.993        N/A        574.588        1.000        1.000     1668.573     4801.742
DESIGN.byp_nozz|          2.407        0.994        N/A       1941.951        1.000        1.000     1049.585    18938.026
---------------------------------------------------------------------------------------------------------------------------
                            SHAFT PROPERTIES
---------------------------------------------------------------------------------------------------------------------------
Shaft               |                 Nmech               trqin              trqout               pwrin              pwrout
DESIGN.hp_shaft     |             13000.000            7294.921           -7193.919           18056.347          -17806.347
DESIGN.lp_shaft     |              4000.000           29410.147          -29410.147           22398.716          -22398.716
--------------------------------------------------------------------------------------------------------------------
                            BLEED PROPERTIES
--------------------------------------------------------------------------------------------------------------------
Bleed                 |         Wb/Win        Pfrac     Workfrac            W           Tt           ht           Pt
DESIGN.hpc.cool1      |          0.051        0.500        0.500        4.374     1042.226      121.433      129.373
DESIGN.hpc.cool2      |          0.020        0.550        0.500        1.749     1042.226      121.433      139.435
DESIGN.hpc.cust       |          0.044        0.500        0.500        3.839     1042.226      121.433      129.373
DESIGN.bld3.cool3     |          0.067        1.000        1.000        5.129     1346.231      198.848      229.996
DESIGN.bld3.cool4     |          0.061        1.000        1.000        4.674     1346.231      198.848      229.996
DESIGN.byp_bld.bypBld |          0.005        1.000        1.000        2.545      549.890        1.310       11.673



----------------------------------------------------------------------------
                              POINT: OD_TOfail
----------------------------------------------------------------------------
                       PERFORMANCE CHARACTERISTICS
    Mach      Alt       W      Fn      Fg    Fram     OPR     TSFC      BPR 
 0.18000      0.0 1252.480 36338.3 44161.9  7823.6  36.268  0.42708    5.627
------------------------------------------------------------------------------------------------------------------------------------------------
                            FLOW STATIONS
------------------------------------------------------------------------------------------------------------------------------------------------
------------------------------------------------------------------------------------------------------------------------------------------------
Flow Station           |          tot:P        tot:T        tot:h        tot:S       stat:P       stat:W      stat:MN       stat:V    stat:area
------------------------------------------------------------------------------------------------------------------------------------------------
OD_TOfail.fc.Fl_O      |         15.032      522.033       -5.375        1.631       14.696     1252.480        0.180      200.974    11734.790
OD_TOfail.inlet.Fl_O   |         15.017      522.033       -5.375        1.631       10.517     1252.480        0.732      779.024     3845.320
OD_TOfail.fan.Fl_O     |         26.106      624.445       19.231        1.636       22.697     1252.480        0.452      542.292     3257.642
OD_TOfail.splitter.Fl_O|         26.106      624.445       19.231        1.636       24.141      189.006        0.336      407.248      626.359
OD_TOfail.splitter.Fl_O|         26.106      624.445       19.231        1.636       22.478     1063.474        0.468      560.384     2695.367
OD_TOfail.duct4.Fl_O   |         25.980      624.445       19.231        1.637       23.906      189.006        0.347      419.868      612.642
OD_TOfail.lpc.Fl_O     |         67.119      841.712       71.894        1.644       62.892      189.006        0.307      431.619      307.019
OD_TOfail.duct6.Fl_O   |         66.442      841.712       71.894        1.645       60.817      189.006        0.359      502.456      270.946
OD_TOfail.hpc.Fl_O     |        544.640     1553.721      253.365        1.656      527.298      167.179        0.220      414.588       62.864
OD_TOfail.bld3.Fl_O    |        544.640     1553.721      253.365        1.656      514.951      145.702        0.289      544.828       42.430
OD_TOfail.burner.Fl_O  |        515.229     3330.000      246.085        1.915      515.179      150.013        0.012       33.372     1550.003
OD_TOfail.hpt.Fl_O     |        160.512     2518.587       57.508        1.904      148.340      171.490        0.351      822.049      185.595
OD_TOfail.duct11.Fl_O  |        159.694     2518.586       57.508        1.904      150.316      171.490        0.307      720.842      209.742
OD_TOfail.lpt.Fl_O     |         25.551     1671.685     -155.366        1.909       23.142      184.906        0.389      749.289      928.072
OD_TOfail.duct13.Fl_O  |         25.277     1671.685     -155.366        1.910       22.540      184.906        0.418      805.305      883.161
OD_TOfail.core_nozz.Fl_|         25.277     1671.685     -155.366        1.910       14.696      184.906        0.932     1706.573      574.588
OD_TOfail.byp_bld.Fl_O |         26.106      624.445       19.231        1.636       22.478     1058.157        0.468      560.384     2681.890
OD_TOfail.duct15.Fl_O  |         25.717      624.445       19.231        1.638       21.864     1058.157        0.487      583.090     2640.232
OD_TOfail.byp_nozz.Fl_O|         25.717      624.445       19.231        1.638       14.696     1058.157        0.931     1052.982     1941.951
------------------------------------------------------------------------------------------------------------------------------------------------
-------------------------------------------------------------------------------------------------------------------------------------------------------------------------------------------------------
                          COMPRESSOR PROPERTIES
-------------------------------------------------------------------------------------------------------------------------------------------------------------------------------------------------------
Compressor    |           Wc         Pr      eta_a      eta_p         Nc        pwr   RlineMap      NcMap      WcMap      PRmap   alphaMap        SMN        SMW     effMap
-------------------------------------------------------------------------------------------------------------------------------------------------------------------------------------------------------
OD_TOfail.fan |     1229.676      1.738      0.871      0.881   4480.545 -43603.499      2.353      1.050      1.723    819.357      0.000     34.302     28.951      0.871
OD_TOfail.lpc |      117.309      2.583      0.886      0.900   4096.684 -14082.926      3.074      1.055      1.987     91.524      0.000     17.365     17.165      0.886
OD_TOfail.hpc |       53.256      8.197      0.905      0.927  11035.451 -45726.255      2.079      0.981      9.610     50.443      0.000     21.884     21.769      0.869
-------------------------------------------------------------------------------------------------------------------------------------------------------------------------------------------------------
---------------------------------------------------------------------------
                            BURNER PROPERTIES
---------------------------------------------------------------------------
Burner              |           dPqP        TtOut        Wfuel          FAR
OD_TOfail.burner    |         0.0540      3330.00       4.3109      0.02959
--------------------------------------------------------------------------------------------------------------------------------------
                            TURBINE PROPERTIES
--------------------------------------------------------------------------------------------------------------------------------------
Turbine       |             Wp           PR        eff_a        eff_p           Np          pwr        NpMap        PRmap     alphaMap
OD_TOfail.hpt |         16.802        3.210        0.890        0.877      243.615    45976.255      100.567        5.941        1.000
OD_TOfail.lpt |         53.893        6.250        0.900        0.877       89.569    57686.425      103.952        5.923        1.000
-------------------------------------------------------------------------------------------------------------------------
                            NOZZLE PROPERTIES
-------------------------------------------------------------------------------------------------------------------------
Nozzle        |             PR           Cv          Cfg          Ath         MNth        MNout            V           Fg
OD_TOfail.core_nozz|          1.720        0.993        N/A        574.588        0.932        0.932     1706.573     9742.071
OD_TOfail.byp_nozz|          1.750        0.994        N/A       1941.951        0.931        0.931     1052.982    34419.816
---------------------------------------------------------------------------------------------------------------------------
                            SHAFT PROPERTIES
---------------------------------------------------------------------------------------------------------------------------
Shaft               |                 Nmech               trqin              trqout               pwrin              pwrout
OD_TOfail.hp_shaft  |             14058.091           17176.753          -17083.352           45976.228          -45726.228
OD_TOfail.lp_shaft  |              4495.046           67402.081          -67402.081           57686.391          -57686.391
-----------------------------------------------------------------------------------------------------------------------
                            BLEED PROPERTIES
-----------------------------------------------------------------------------------------------------------------------
Bleed                    |         Wb/Win        Pfrac     Workfrac            W           Tt           ht           Pt
OD_TOfail.hpc.cool1      |          0.051        0.500        0.500        9.584     1205.440      162.630      305.541
OD_TOfail.hpc.cool2      |          0.020        0.550        0.500        3.832     1205.440      162.630      329.451
OD_TOfail.hpc.cust       |          0.044        0.500        0.500        8.411     1205.440      162.630      305.541
OD_TOfail.bld3.cool3     |          0.067        1.000        1.000       11.237     1553.721      253.365      544.640
OD_TOfail.bld3.cool4     |          0.061        1.000        1.000       10.241     1553.721      253.365      544.640
OD_TOfail.byp_bld.bypBld |          0.005        1.000        1.000        5.317      624.445       19.231       26.106
