


----------------------------------------------------------------------------
                              POINT: DESIGN
----------------------------------------------------------------------------
                       PERFORMANCE CHARACTERISTICS
    Mach      Alt       W      Fn      Fg    Fram     OPR     TSFC      BPR 
 0.74000  28000.0 350.000  5952.7 14031.8  8079.0  33.968  0.57516    5.900
------------------------------------------------------------------------------------------------------------------------------------------------
                            FLOW STATIONS
------------------------------------------------------------------------------------------------------------------------------------------------
------------------------------------------------------------------------------------------------------------------------------------------------
Flow Station           |          tot:P        tot:T        tot:h        tot:S       stat:P       stat:W      stat:MN       stat:V    stat:area
------------------------------------------------------------------------------------------------------------------------------------------------
DESIGN.fc.Fl_O         |          6.873      464.798      -19.097        1.657        4.776      350.000        0.740      742.670     2204.666
DESIGN.inlet.Fl_O      |          6.867      464.798      -19.097        1.657        4.949      350.000        0.700      706.205     2261.059
DESIGN.fan.Fl_O        |         12.016      554.395        2.391        1.661       10.458      350.000        0.450      509.208     1868.417
DESIGN.splitter.Fl_O1  |         12.016      554.395        2.391        1.661       11.193       50.725        0.320      365.618      359.249
DESIGN.splitter.Fl_O2  |         12.016      554.395        2.391        1.661       10.329      299.275        0.470      530.906     1545.924
DESIGN.duct4.Fl_O      |         11.959      554.395        2.391        1.661       11.090       50.725        0.330      376.805      351.381
DESIGN.lpc.Fl_O        |         14.351      586.433       10.088        1.662       13.482       50.725        0.300      352.893      327.677
DESIGN.duct6.Fl_O      |         14.206      586.433       10.088        1.663       13.052       50.725        0.350      410.413      289.193
DESIGN.hpc.Fl_O        |        233.243     1345.674      198.704        1.676      225.725       44.867        0.220      388.216       36.442
DESIGN.bld3.Fl_O       |        233.243     1345.674      198.704        1.676      220.370       39.103        0.290      510.211       24.596
DESIGN.burner.Fl_O     |        220.648     2880.000      193.985        1.922      219.237       40.054        0.100      251.685      111.366
DESIGN.hpt.Fl_O        |         50.873     2027.992       -6.070        1.915       46.978       45.818        0.350      741.222      139.678
DESIGN.duct11.Fl_O     |         50.614     2027.992       -6.070        1.915       47.612       45.818        0.306      650.026      157.847
DESIGN.lpt.Fl_O        |          9.928     1380.067     -158.109        1.919        8.975       49.418        0.390      687.335      574.741
DESIGN.duct13.Fl_O     |          9.822     1380.067     -158.109        1.920        8.738       49.418        0.420      738.785      546.933
DESIGN.core_nozz.Fl_O  |          9.822     1380.067     -158.109        1.920        5.260       49.418        1.000     1653.072      355.879
DESIGN.byp_bld.Fl_O    |         12.016      554.395        2.391        1.661       10.329      297.779        0.470      530.906     1538.195
DESIGN.duct15.Fl_O     |         11.837      554.395        2.391        1.662       10.045      297.779        0.490      552.488     1514.301
DESIGN.byp_nozz.Fl_O   |         11.837      554.395        2.391        1.662        6.252      297.779        1.000     1053.875     1113.795
------------------------------------------------------------------------------------------------------------------------------------------------
-------------------------------------------------------------------------------------------------------------------------------------------------------------------------------------------------------
                          COMPRESSOR PROPERTIES
-------------------------------------------------------------------------------------------------------------------------------------------------------------------------------------------------------
Compressor    |           Wc         Pr      eta_a      eta_p         Nc        pwr   RlineMap      NcMap      WcMap      PRmap   alphaMap        SMN        SMW     effMap
-------------------------------------------------------------------------------------------------------------------------------------------------------------------------------------------------------
DESIGN.fan    |      709.109      1.750      0.900      0.908   5281.820 -10640.996      2.200      0.990      1.685    803.556      0.000     36.641     29.886      0.895
DESIGN.lpc    |       64.446      1.200      0.924      0.926   4836.218   -552.333      2.150      1.000      1.935     87.666      0.000     15.987     15.644      0.924
DESIGN.hpc    |       55.798     16.419      0.907      0.935  12225.867 -12754.959      2.050      0.976      9.374     49.454      0.000     22.598     22.468      0.871
-------------------------------------------------------------------------------------------------------------------------------------------------------------------------------------------------------
---------------------------------------------------------------------------
                            BURNER PROPERTIES
---------------------------------------------------------------------------
Burner              |           dPqP        TtOut        Wfuel          FAR
DESIGN.burner       |         0.0540      2880.00       0.9510      0.02432
--------------------------------------------------------------------------------------------------------------------------------------
                            TURBINE PROPERTIES
--------------------------------------------------------------------------------------------------------------------------------------
Turbine       |             Wp           PR        eff_a        eff_p           Np          pwr        NpMap        PRmap     alphaMap
DESIGN.hpt    |          9.742        4.337        0.900        0.883      242.241    13007.174      100.000        6.000        1.000
DESIGN.lpt    |         40.766        5.098        0.900        0.880      111.029    11193.329      100.000        6.000        1.000
-------------------------------------------------------------------------------------------------------------------------
                            NOZZLE PROPERTIES
-------------------------------------------------------------------------------------------------------------------------
Nozzle        |             PR           Cv          Cfg          Ath         MNth        MNout            V           Fg
DESIGN.core_nozz|          2.056        0.993        N/A        355.879        1.000        1.000     1653.072     2694.086
DESIGN.byp_nozz|          2.478        0.994        N/A       1113.795        1.000        1.000     1053.875    11337.667
---------------------------------------------------------------------------------------------------------------------------
                            SHAFT PROPERTIES
---------------------------------------------------------------------------------------------------------------------------
Shaft               |                 Nmech               trqin              trqout               pwrin              pwrout
DESIGN.hp_shaft     |             13000.000            5255.008           -5153.111           13007.167          -12754.952
DESIGN.lp_shaft     |              5000.000           11757.719          -11757.719           11193.322          -11193.322
--------------------------------------------------------------------------------------------------------------------
                            BLEED PROPERTIES
--------------------------------------------------------------------------------------------------------------------
Bleed                 |         Wb/Win        Pfrac     Workfrac            W           Tt           ht           Pt
DESIGN.hpc.cool1      |          0.051        0.500        0.500        2.572      973.765      104.396      123.724
DESIGN.hpc.cool2      |          0.020        0.550        0.500        1.028      973.765      104.396      134.676
DESIGN.hpc.cust       |          0.044        0.500        0.500        2.257      973.765      104.396      123.724
DESIGN.bld3.cool3     |          0.067        1.000        1.000        3.016     1345.674      198.704      233.243
DESIGN.bld3.cool4     |          0.061        1.000        1.000        2.748     1345.674      198.704      233.243
DESIGN.byp_bld.bypBld |          0.005        1.000        1.000        1.496      554.395        2.391       12.016
