


----------------------------------------------------------------------------
                              POINT: DESIGN
----------------------------------------------------------------------------
                       PERFORMANCE CHARACTERISTICS
    Mach      Alt       W      Fn      Fg    Fram     OPR     TSFC      BPR 
 0.74000  28000.0 620.699 10000.0 24327.5 14327.5  29.924  0.62296    5.900
------------------------------------------------------------------------------------------------------------------------------------------------
                            FLOW STATIONS
------------------------------------------------------------------------------------------------------------------------------------------------
------------------------------------------------------------------------------------------------------------------------------------------------
Flow Station           |          tot:P        tot:T        tot:h        tot:S       stat:P       stat:W      stat:MN       stat:V    stat:area
------------------------------------------------------------------------------------------------------------------------------------------------
DESIGN.fc.Fl_O         |          6.873      464.798      -19.097        1.657        4.776      620.699        0.740      742.670     3909.809
DESIGN.inlet.Fl_O      |          6.867      464.798      -19.097        1.657        4.945      620.699        0.701      707.124     4007.164
DESIGN.fan.Fl_O        |         10.300      528.655       -3.786        1.660        8.921      620.699        0.458      505.572     3725.407
DESIGN.splitter.Fl_O1  |         10.300      528.655       -3.786        1.660        9.634       89.956        0.310      346.564      745.526
DESIGN.splitter.Fl_O2  |         10.300      528.655       -3.786        1.660        8.954      530.742        0.452      499.207     3217.668
DESIGN.duct4.Fl_O      |         10.250      528.655       -3.786        1.661        9.581       89.956        0.312      348.426      745.506
DESIGN.lpc.Fl_O        |         27.676      715.649       41.240        1.665       25.942       89.956        0.306      396.904      327.513
DESIGN.duct6.Fl_O      |         27.397      715.649       41.240        1.666       25.101       89.956        0.356      460.831      289.651
DESIGN.hpc.Fl_O        |        205.474     1302.552      187.544        1.677      197.337       79.568        0.244      423.949       65.388
DESIGN.bld3.Fl_O       |        205.474     1302.552      187.544        1.677      193.346       69.346        0.300      519.490       47.209
DESIGN.burner.Fl_O     |        194.379     2880.000      182.978        1.931      193.074       71.076        0.102      257.929      218.951
DESIGN.hpt.Fl_O        |         64.606     2182.083       28.841        1.920       59.270       81.298        0.365      799.540      195.702
DESIGN.duct11.Fl_O     |         64.277     2182.083       28.841        1.921       60.481       81.298        0.306      672.842      229.258
DESIGN.lpt.Fl_O        |         15.446     1556.734     -119.504        1.922       13.808       87.684        0.413      768.759      666.987
DESIGN.duct13.Fl_O     |         15.281     1556.734     -119.504        1.922       13.407       87.684        0.446      829.512      633.646
DESIGN.core_nozz.Fl_O  |         15.281     1556.734     -119.504        1.922        8.210       87.684        1.000     1752.923      432.215
DESIGN.byp_bld.Fl_O    |         10.300      528.655       -3.786        1.660        8.969      528.089        0.449      496.127     3217.415
DESIGN.duct15.Fl_O     |         10.146      528.655       -3.786        1.661        8.782      528.089        0.459      506.738     3211.657
DESIGN.byp_nozz.Fl_O   |         10.146      528.655       -3.786        1.661        5.358      528.089        1.000     1029.124     2250.171
------------------------------------------------------------------------------------------------------------------------------------------------
-------------------------------------------------------------------------------------------------------------------------------------------------------------------------------------------------------
                          COMPRESSOR PROPERTIES
-------------------------------------------------------------------------------------------------------------------------------------------------------------------------------------------------------
Compressor    |           Wc         Pr      eta_a      eta_p         Nc        pwr   RlineMap      NcMap      WcMap      PRmap   alphaMap        SMN        SMW     effMap
-------------------------------------------------------------------------------------------------------------------------------------------------------------------------------------------------------
DESIGN.fan    |     1257.551      1.500      0.895      0.901   4225.456 -13445.776      2.200      0.990      1.685    803.556      0.000     36.641     29.886      0.895
DESIGN.lpc    |      130.206      2.700      0.924      0.934   3962.043  -5730.702      2.150      1.000      1.935     87.666      0.000     15.987     15.644      0.924
DESIGN.hpc    |       56.681      7.500      0.907      0.928  11067.230 -17545.617      2.050      0.976      9.374     49.454      0.000     22.598     22.468      0.871
-------------------------------------------------------------------------------------------------------------------------------------------------------------------------------------------------------
---------------------------------------------------------------------------
                            BURNER PROPERTIES
---------------------------------------------------------------------------
Burner              |           dPqP        TtOut        Wfuel          FAR
DESIGN.burner       |         0.0540      2880.00       1.7304      0.02495
--------------------------------------------------------------------------------------------------------------------------------------
                            TURBINE PROPERTIES
--------------------------------------------------------------------------------------------------------------------------------------
Turbine       |             Wp           PR        eff_a        eff_p           Np          pwr        NpMap        PRmap     alphaMap
DESIGN.hpt    |         19.623        3.009        0.889        0.876      242.241    17795.617      100.000        6.000        1.000
DESIGN.lpt    |         59.083        4.161        0.900        0.882       85.630    19176.478      100.000        6.000        1.000
-------------------------------------------------------------------------------------------------------------------------
                            NOZZLE PROPERTIES
-------------------------------------------------------------------------------------------------------------------------
Nozzle        |             PR           Cv          Cfg          Ath         MNth        MNout            V           Fg
DESIGN.core_nozz|          3.199        0.993        N/A        432.215        1.000        1.000     1752.923     6229.314
DESIGN.byp_nozz|          2.124        0.994        N/A       2250.171        1.000        1.000     1029.124    18098.223
---------------------------------------------------------------------------------------------------------------------------
                            SHAFT PROPERTIES
---------------------------------------------------------------------------------------------------------------------------
Shaft               |                 Nmech               trqin              trqout               pwrin              pwrout
DESIGN.hp_shaft     |             13000.000            7189.580           -7088.578           17795.607          -17545.607
DESIGN.lp_shaft     |              4000.000           25179.243          -25179.243           19176.466          -19176.466
--------------------------------------------------------------------------------------------------------------------
                            BLEED PROPERTIES
--------------------------------------------------------------------------------------------------------------------
Bleed                 |         Wb/Win        Pfrac     Workfrac            W           Tt           ht           Pt
DESIGN.hpc.cool1      |          0.051        0.500        0.500        4.562     1013.998      114.392      116.435
DESIGN.hpc.cool2      |          0.020        0.550        0.500        1.824     1013.998      114.392      125.339
DESIGN.hpc.cust       |          0.044        0.500        0.500        4.003     1013.998      114.392      116.435
DESIGN.bld3.cool3     |          0.067        1.000        1.000        5.348     1302.552      187.544      205.474
DESIGN.bld3.cool4     |          0.061        1.000        1.000        4.874     1302.552      187.544      205.474
DESIGN.byp_bld.bypBld |          0.005        1.000        1.000        2.654      528.655       -3.786       10.300



----------------------------------------------------------------------------
                              POINT: OD_TOfail
----------------------------------------------------------------------------
                       PERFORMANCE CHARACTERISTICS
    Mach      Alt       W      Fn      Fg    Fram     OPR     TSFC      BPR 
 0.18000      0.0 1293.660 36766.6 44847.4  8080.8  32.230  0.45124    5.601
------------------------------------------------------------------------------------------------------------------------------------------------
                            FLOW STATIONS
------------------------------------------------------------------------------------------------------------------------------------------------
------------------------------------------------------------------------------------------------------------------------------------------------
Flow Station           |          tot:P        tot:T        tot:h        tot:S       stat:P       stat:W      stat:MN       stat:V    stat:area
------------------------------------------------------------------------------------------------------------------------------------------------
OD_TOfail.fc.Fl_O      |         15.032      522.033       -5.375        1.631       14.696     1293.660        0.180      200.974    12120.615
OD_TOfail.inlet.Fl_O   |         15.017      522.033       -5.375        1.631       10.662     1293.660        0.717      764.617     4007.164
OD_TOfail.fan.Fl_O     |         23.348      600.422       13.451        1.635       20.370     1293.660        0.446      525.237     3725.407
OD_TOfail.splitter.Fl_O|         23.348      600.422       13.451        1.635       21.759      195.994        0.319      379.331      745.526
OD_TOfail.splitter.Fl_O|         23.348      600.422       13.451        1.635       20.493     1097.666        0.436      513.778     3217.668
OD_TOfail.duct4.Fl_O   |         23.236      600.422       13.451        1.635       21.638      195.994        0.321      381.382      745.506
OD_TOfail.lpc.Fl_O     |         62.345      817.138       65.893        1.642       58.149      195.994        0.318      439.954      327.513
OD_TOfail.duct6.Fl_O   |         61.715      817.138       65.893        1.643       56.148      195.994        0.371      511.599      289.651
OD_TOfail.hpc.Fl_O     |        483.990     1494.107      237.567        1.654      465.189      173.360        0.243      449.659       65.388
OD_TOfail.bld3.Fl_O    |        483.990     1494.107      237.567        1.654      455.977      151.088        0.298      550.888       47.209
OD_TOfail.burner.Fl_O  |        457.855     3330.000      230.535        1.924      457.794      155.697        0.014       38.978     1550.003
OD_TOfail.hpt.Fl_O     |        153.001     2547.440       52.277        1.912      140.384      177.968        0.367      863.332      195.702
OD_TOfail.duct11.Fl_O  |        152.221     2547.440       52.277        1.912      143.248      177.968        0.308      726.380      229.258
OD_TOfail.lpt.Fl_O     |         36.916     1840.508     -121.002        1.912       33.032      191.880        0.413      832.446      666.987
OD_TOfail.duct13.Fl_O  |         36.521     1840.508     -121.002        1.913       32.078      191.880        0.447      898.276      633.646
OD_TOfail.core_nozz.Fl_|         36.521     1840.508     -121.002        1.913       19.732      191.880        1.000     1900.679      432.215
OD_TOfail.byp_bld.Fl_O |         23.348      600.422       13.451        1.635       20.526     1092.178        0.433      510.663     3217.415
OD_TOfail.duct15.Fl_O  |         23.000      600.422       13.451        1.636       20.107     1092.178        0.443      521.390     3211.657
OD_TOfail.byp_nozz.Fl_O|         23.000      600.422       13.451        1.636       14.696     1092.178        0.826      931.008     2250.171
------------------------------------------------------------------------------------------------------------------------------------------------
-------------------------------------------------------------------------------------------------------------------------------------------------------------------------------------------------------
                          COMPRESSOR PROPERTIES
-------------------------------------------------------------------------------------------------------------------------------------------------------------------------------------------------------
Compressor    |           Wc         Pr      eta_a      eta_p         Nc        pwr   RlineMap      NcMap      WcMap      PRmap   alphaMap        SMN        SMW     effMap
-------------------------------------------------------------------------------------------------------------------------------------------------------------------------------------------------------
OD_TOfail.fan |     1270.106      1.555      0.894      0.901   4369.399 -34457.348      2.097      1.024      1.760    811.579      0.000     30.929     25.289      0.894
OD_TOfail.lpc |      133.369      2.683      0.894      0.908   4074.200 -14542.342      2.690      1.028      1.926     89.796      0.000     19.080     18.807      0.894
OD_TOfail.hpc |       58.580      7.842      0.904      0.926  11162.363 -44856.873      2.079      0.984      9.815     51.111      0.000     20.855     20.750      0.868
-------------------------------------------------------------------------------------------------------------------------------------------------------------------------------------------------------
---------------------------------------------------------------------------
                            BURNER PROPERTIES
---------------------------------------------------------------------------
Burner              |           dPqP        TtOut        Wfuel          FAR
OD_TOfail.burner    |         0.0540      3330.00       4.6085      0.03050
--------------------------------------------------------------------------------------------------------------------------------------
                            TURBINE PROPERTIES
--------------------------------------------------------------------------------------------------------------------------------------
Turbine       |             Wp           PR        eff_a        eff_p           Np          pwr        NpMap        PRmap     alphaMap
OD_TOfail.hpt |         19.623        2.992        0.889        0.877      242.793    45106.873      100.228        5.960        1.000
OD_TOfail.lpt |         59.009        4.123        0.900        0.883       86.851    48999.690      101.426        5.940        1.000
-------------------------------------------------------------------------------------------------------------------------
                            NOZZLE PROPERTIES
-------------------------------------------------------------------------------------------------------------------------
Nozzle        |             PR           Cv          Cfg          Ath         MNth        MNout            V           Fg
OD_TOfail.core_nozz|          2.485        0.993        N/A        432.215        1.000        1.000     1900.679    13436.199
OD_TOfail.byp_nozz|          1.565        0.994        N/A       2250.171        0.826        0.826      931.008    31411.191
---------------------------------------------------------------------------------------------------------------------------
                            SHAFT PROPERTIES
---------------------------------------------------------------------------------------------------------------------------
Shaft               |                 Nmech               trqin              trqout               pwrin              pwrout
OD_TOfail.hp_shaft  |             14010.651           16909.012          -16815.295           45106.846          -44856.846
OD_TOfail.lp_shaft  |              4383.540           58708.665          -58708.665           48999.661          -48999.661
-----------------------------------------------------------------------------------------------------------------------
                            BLEED PROPERTIES
-----------------------------------------------------------------------------------------------------------------------
Bleed                    |         Wb/Win        Pfrac     Workfrac            W           Tt           ht           Pt
OD_TOfail.hpc.cool1      |          0.051        0.500        0.500        9.938     1162.579      151.730      272.853
OD_TOfail.hpc.cool2      |          0.020        0.550        0.500        3.974     1162.579      151.730      293.967
OD_TOfail.hpc.cust       |          0.044        0.500        0.500        8.722     1162.579      151.730      272.853
OD_TOfail.bld3.cool3     |          0.067        1.000        1.000       11.652     1494.107      237.567      483.990
OD_TOfail.bld3.cool4     |          0.061        1.000        1.000       10.619     1494.107      237.567      483.990
OD_TOfail.byp_bld.bypBld |          0.005        1.000        1.000        5.488      600.422       13.451       23.348
