


----------------------------------------------------------------------------
                              POINT: DESIGN
----------------------------------------------------------------------------
                       PERFORMANCE CHARACTERISTICS
    Mach      Alt       W      Fn      Fg    Fram     OPR     TSFC      BPR 
 0.74000  28000.0 611.292  6750.0 20860.4 14110.4  38.421  0.54023   10.000
------------------------------------------------------------------------------------------------------------------------------------------------
                            FLOW STATIONS
------------------------------------------------------------------------------------------------------------------------------------------------
------------------------------------------------------------------------------------------------------------------------------------------------
Flow Station           |          tot:P        tot:T        tot:h        tot:S       stat:P       stat:W      stat:MN       stat:V    stat:area
------------------------------------------------------------------------------------------------------------------------------------------------
DESIGN.fc.Fl_O         |          6.873      464.798      -19.097        1.657        4.776      611.292        0.740      742.670     3850.558
DESIGN.inlet.Fl_O      |          6.867      464.798      -19.097        1.657        4.949      611.292        0.700      706.205     3949.051
DESIGN.fan.Fl_O        |          9.613      516.963       -6.591        1.660        8.366      611.292        0.450      491.784     3938.431
DESIGN.splitter.Fl_O1  |          9.613      516.963       -6.591        1.660        8.955       55.572        0.320      353.117      474.997
DESIGN.splitter.Fl_O2  |          9.613      516.963       -6.591        1.660        8.263      555.720        0.470      512.738     3464.524
DESIGN.duct4.Fl_O      |          9.567      516.963       -6.591        1.660        8.872       55.572        0.330      363.921      464.595
DESIGN.lpc.Fl_O        |         16.264      608.441       15.379        1.663       15.280       55.572        0.300      359.400      322.694
DESIGN.duct6.Fl_O      |         16.100      608.441       15.379        1.663       14.793       55.572        0.350      417.984      284.794
DESIGN.hpc.Fl_O        |        263.819     1391.621      210.660        1.677      255.331       49.154        0.220      394.406       35.930
DESIGN.bld3.Fl_O       |        263.819     1391.621      210.660        1.677      249.286       42.840        0.290      518.359       24.250
DESIGN.burner.Fl_O     |        249.572     2880.000      205.794        1.913      247.977       43.852        0.100      251.725      107.779
DESIGN.hpt.Fl_O        |         54.349     2008.976       -0.944        1.907       50.183       50.167        0.350      738.027      142.430
DESIGN.duct11.Fl_O     |         54.072     2008.976       -0.944        1.908       50.862       50.167        0.306      647.228      160.956
DESIGN.lpt.Fl_O        |          9.931     1348.803     -156.475        1.912        8.975       54.112        0.390      680.012      621.531
DESIGN.duct13.Fl_O     |          9.825     1348.803     -156.475        1.913        8.739       54.112        0.420      730.904      591.465
DESIGN.core_nozz.Fl_O  |          9.825     1348.803     -156.475        1.913        5.258       54.112        1.000     1634.772      384.922
DESIGN.byp_bld.Fl_O    |          9.613      516.963       -6.591        1.660        8.263      552.942        0.470      512.738     3447.201
DESIGN.duct15.Fl_O     |          9.470      516.963       -6.591        1.661        8.036      552.942        0.490      533.578     3393.667
DESIGN.byp_nozz.Fl_O   |          9.470      516.963       -6.591        1.661        5.001      552.942        1.000     1017.682     2496.231
------------------------------------------------------------------------------------------------------------------------------------------------
-------------------------------------------------------------------------------------------------------------------------------------------------------------------------------------------------------
                          COMPRESSOR PROPERTIES
-------------------------------------------------------------------------------------------------------------------------------------------------------------------------------------------------------
Compressor    |           Wc         Pr      eta_a      eta_p         Nc        pwr   RlineMap      NcMap      WcMap      PRmap   alphaMap        SMN        SMW     effMap
-------------------------------------------------------------------------------------------------------------------------------------------------------------------------------------------------------
DESIGN.fan    |     1238.494      1.400      0.900      0.905  14260.913 -10816.171      2.200      0.990      1.685    803.556      0.000     36.641     29.886      0.895
DESIGN.lpc    |       85.224      1.700      0.924      0.930  13522.266  -1727.458      2.150      1.000      1.935     87.666      0.000     15.987     15.644      0.924
DESIGN.hpc    |       54.941     16.387      0.907      0.935  14817.820 -14467.610      2.050      0.976      9.374     49.454      0.000     22.598     22.468      0.871
-------------------------------------------------------------------------------------------------------------------------------------------------------------------------------------------------------
---------------------------------------------------------------------------
                            BURNER PROPERTIES
---------------------------------------------------------------------------
Burner              |           dPqP        TtOut        Wfuel          FAR
DESIGN.burner       |         0.0540      2880.00       1.0129      0.02364
--------------------------------------------------------------------------------------------------------------------------------------
                            TURBINE PROPERTIES
--------------------------------------------------------------------------------------------------------------------------------------
Turbine       |             Wp           PR        eff_a        eff_p           Np          pwr        NpMap        PRmap     alphaMap
DESIGN.hpt    |          9.430        4.592        0.900        0.883      299.055    14717.611      100.000        6.000        1.000
DESIGN.lpt    |         41.585        5.445        0.900        0.879      301.194    12543.628      100.000        6.000        1.000
-------------------------------------------------------------------------------------------------------------------------
                            NOZZLE PROPERTIES
-------------------------------------------------------------------------------------------------------------------------
Nozzle        |             PR           Cv          Cfg          Ath         MNth        MNout            V           Fg
DESIGN.core_nozz|          2.057        0.993        N/A        384.922        1.000        1.000     1634.772     2916.216
DESIGN.byp_nozz|          1.983        0.994        N/A       2496.231        1.000        1.000     1017.682    17944.173
---------------------------------------------------------------------------------------------------------------------------
                            SHAFT PROPERTIES
---------------------------------------------------------------------------------------------------------------------------
Shaft               |                 Nmech               trqin              trqout               pwrin              pwrout
DESIGN.hp_shaft     |             16049.000            4816.407           -4734.593           14717.602          -14467.602
DESIGN.lp_shaft     |             13500.000            4880.038           -4880.038           12543.621          -12543.621
--------------------------------------------------------------------------------------------------------------------
                            BLEED PROPERTIES
--------------------------------------------------------------------------------------------------------------------
Bleed                 |         Wb/Win        Pfrac     Workfrac            W           Tt           ht           Pt
DESIGN.hpc.cool1      |          0.051        0.500        0.500        2.818     1008.487      113.020      139.959
DESIGN.hpc.cool2      |          0.020        0.550        0.500        1.127     1008.487      113.020      152.345
DESIGN.hpc.cust       |          0.044        0.500        0.500        2.473     1008.487      113.020      139.959
DESIGN.bld3.cool3     |          0.067        1.000        1.000        3.304     1391.621      210.660      263.819
DESIGN.bld3.cool4     |          0.061        1.000        1.000        3.011     1391.621      210.660      263.819
DESIGN.byp_bld.bypBld |          0.005        1.000        1.000        2.779      516.963       -6.591        9.613



----------------------------------------------------------------------------
                              POINT: OD_TOfail
----------------------------------------------------------------------------
                       PERFORMANCE CHARACTERISTICS
    Mach      Alt       W      Fn      Fg    Fram     OPR     TSFC      BPR 
 0.18000      0.0 1242.302 27425.3 35185.3  7760.0  40.683  0.35004    9.435
------------------------------------------------------------------------------------------------------------------------------------------------
                            FLOW STATIONS
------------------------------------------------------------------------------------------------------------------------------------------------
------------------------------------------------------------------------------------------------------------------------------------------------
Flow Station           |          tot:P        tot:T        tot:h        tot:S       stat:P       stat:W      stat:MN       stat:V    stat:area
------------------------------------------------------------------------------------------------------------------------------------------------
OD_TOfail.fc.Fl_O      |         15.032      522.033       -5.375        1.631       14.696     1242.302        0.180      200.974    11639.432
OD_TOfail.inlet.Fl_O   |         15.017      522.033       -5.375        1.631        4.762     1242.302        1.393     1324.543     3949.051
OD_TOfail.fan.Fl_O     |         21.888      587.335       10.304        1.634       19.362     1242.302        0.422      492.939     3938.431
OD_TOfail.splitter.Fl_O|         21.888      587.335       10.304        1.634       20.379      119.051        0.321      377.610      474.997
OD_TOfail.splitter.Fl_O|         21.888      587.335       10.304        1.634       19.194     1123.252        0.437      509.830     3464.524
OD_TOfail.duct4.Fl_O   |         21.783      587.335       10.304        1.634       20.190      119.051        0.331      389.173      464.595
OD_TOfail.lpc.Fl_O     |         33.964      678.391       32.235        1.638       31.522      119.051        0.329      414.715      322.694
OD_TOfail.duct6.Fl_O   |         33.621      678.391       32.235        1.639       30.358      119.051        0.385      484.124      284.794
OD_TOfail.hpc.Fl_O     |        610.936     1588.090      262.522        1.654      591.753      105.302        0.218      416.206       35.930
OD_TOfail.bld3.Fl_O    |        610.936     1588.090      262.522        1.654      578.105       91.774        0.287      546.832       24.250
OD_TOfail.burner.Fl_O  |        577.945     3330.000      255.109        1.906      577.928       94.441        0.007       18.729     1550.003
OD_TOfail.hpt.Fl_O     |        126.377     2350.587       15.141        1.899      116.656      107.969        0.353      799.950      142.430
OD_TOfail.duct11.Fl_O  |        125.733     2350.587       15.141        1.900      118.246      107.969        0.309      701.369      160.956
OD_TOfail.lpt.Fl_O     |         23.836     1609.321     -165.001        1.903       21.646      116.419        0.383      725.352      621.531
OD_TOfail.duct13.Fl_O  |         23.581     1609.321     -165.001        1.904       21.095      116.419        0.412      779.236      591.465
OD_TOfail.core_nozz.Fl_|         23.581     1609.321     -165.001        1.904       14.696      116.419        0.866     1569.836      384.922
OD_TOfail.byp_bld.Fl_O |         21.888      587.335       10.304        1.634       19.194     1117.635        0.437      509.830     3447.201
OD_TOfail.duct15.Fl_O  |         21.562      587.335       10.304        1.635       18.707     1117.635        0.455      529.728     3393.667
OD_TOfail.byp_nozz.Fl_O|         21.562      587.335       10.304        1.635       14.696     1117.635        0.761      855.690     2496.231
------------------------------------------------------------------------------------------------------------------------------------------------
-------------------------------------------------------------------------------------------------------------------------------------------------------------------------------------------------------
                          COMPRESSOR PROPERTIES
-------------------------------------------------------------------------------------------------------------------------------------------------------------------------------------------------------
Compressor    |           Wc         Pr      eta_a      eta_p         Nc        pwr   RlineMap      NcMap      WcMap      PRmap   alphaMap        SMN        SMW     effMap
-------------------------------------------------------------------------------------------------------------------------------------------------------------------------------------------------------
OD_TOfail.fan |     1219.684      1.458      0.908      0.913  14335.126 -27559.426      1.824      0.995      1.784    791.352      0.000     26.891     21.291      0.903
OD_TOfail.lpc |       85.469      1.559      0.869      0.877  13514.727  -3693.974      2.819      0.999      1.747     87.919      0.000     28.849     28.433      0.869
OD_TOfail.hpc |       59.512     18.171      0.900      0.930  15131.735 -36549.512      2.196      0.997     10.346     53.568      0.000     19.966     19.842      0.864
-------------------------------------------------------------------------------------------------------------------------------------------------------------------------------------------------------
---------------------------------------------------------------------------
                            BURNER PROPERTIES
---------------------------------------------------------------------------
Burner              |           dPqP        TtOut        Wfuel          FAR
OD_TOfail.burner    |         0.0540      3330.00       2.6666      0.02906
--------------------------------------------------------------------------------------------------------------------------------------
                            TURBINE PROPERTIES
--------------------------------------------------------------------------------------------------------------------------------------
Turbine       |             Wp           PR        eff_a        eff_p           Np          pwr        NpMap        PRmap     alphaMap
OD_TOfail.hpt |          9.430        4.573        0.901        0.884      299.889    36799.512      100.279        5.974        1.000
OD_TOfail.lpt |         41.633        5.275        0.899        0.879      296.631    31253.400       98.485        5.809        1.000
-------------------------------------------------------------------------------------------------------------------------
                            NOZZLE PROPERTIES
-------------------------------------------------------------------------------------------------------------------------
Nozzle        |             PR           Cv          Cfg          Ath         MNth        MNout            V           Fg
OD_TOfail.core_nozz|          1.605        0.993        N/A        384.922        0.866        0.866     1569.836     5642.289
OD_TOfail.byp_nozz|          1.467        0.994        N/A       2496.231        0.761        0.761      855.690    29542.974
---------------------------------------------------------------------------------------------------------------------------
                            SHAFT PROPERTIES
---------------------------------------------------------------------------------------------------------------------------
Shaft               |                 Nmech               trqin              trqout               pwrin              pwrout
OD_TOfail.hp_shaft  |             17305.468           11168.440          -11092.567           36799.490          -36549.490
OD_TOfail.lp_shaft  |             14381.520           11413.696          -11413.696           31253.382          -31253.382
-----------------------------------------------------------------------------------------------------------------------
                            BLEED PROPERTIES
-----------------------------------------------------------------------------------------------------------------------
Bleed                    |         Wb/Win        Pfrac     Workfrac            W           Tt           ht           Pt
OD_TOfail.hpc.cool1      |          0.051        0.500        0.500        6.037     1145.402      147.378      322.279
OD_TOfail.hpc.cool2      |          0.020        0.550        0.500        2.414     1145.402      147.378      351.144
OD_TOfail.hpc.cust       |          0.044        0.500        0.500        5.298     1145.402      147.378      322.279
OD_TOfail.bld3.cool3     |          0.067        1.000        1.000        7.078     1588.090      262.522      610.936
OD_TOfail.bld3.cool4     |          0.061        1.000        1.000        6.450     1588.090      262.522      610.936
OD_TOfail.byp_bld.bypBld |          0.005        1.000        1.000        5.616      587.335       10.304       21.888



----------------------------------------------------------------------------
                              POINT: OD_SLS
----------------------------------------------------------------------------
                       PERFORMANCE CHARACTERISTICS
    Mach      Alt       W      Fn      Fg    Fram     OPR     TSFC      BPR 
 0.00001      0.0 1580.406 49590.0 49590.6     0.5  37.075  0.20944    9.576
------------------------------------------------------------------------------------------------------------------------------------------------
                            FLOW STATIONS
------------------------------------------------------------------------------------------------------------------------------------------------
------------------------------------------------------------------------------------------------------------------------------------------------
Flow Station           |          tot:P        tot:T        tot:h        tot:S       stat:P       stat:W      stat:MN       stat:V    stat:area
------------------------------------------------------------------------------------------------------------------------------------------------
OD_SLS.fc.Fl_O         |         14.696      518.670       -6.182        1.631       14.696     1580.406        0.000        0.011266529788.234
OD_SLS.inlet.Fl_O      |         14.681      518.670       -6.182        1.631        0.001     1580.406     4046.558  2649821.205     3949.051
OD_SLS.fan.Fl_O        |         17.815      565.470        5.051        1.639        9.214     1580.406        1.015     1081.249     3938.431
OD_SLS.splitter.Fl_O1  |         17.815      565.470        5.051        1.639       14.582      149.436        0.543      614.702      474.997
OD_SLS.splitter.Fl_O2  |         17.815      565.470        5.051        1.639        6.940     1430.970        1.290     1320.549     3464.524
OD_SLS.duct4.Fl_O      |         17.730      565.470        5.051        1.639       14.272      149.436        0.565      639.078      464.595
OD_SLS.lpc.Fl_O        |         26.051      640.314       23.052        1.643       20.339      149.436        0.606      724.870      322.694
OD_SLS.duct6.Fl_O      |         25.788      640.314       23.052        1.643       16.676      149.436        0.814      949.287      284.794
OD_SLS.hpc.Fl_O        |        544.306     1629.762      273.669        1.669      508.012      132.179        0.322      618.633       35.930
OD_SLS.bld3.Fl_O       |        544.306     1629.762      273.669        1.669      479.779      115.198        0.437      833.506       24.250
OD_SLS.burner.Fl_O     |        514.913     3152.359      266.983        1.893      514.884      118.083        0.009       24.882     1550.003
OD_SLS.hpt.Fl_O        |        109.219     2217.021       37.683        1.889       90.388      135.064        0.544     1186.934      142.430
OD_SLS.duct11.Fl_O     |        108.662     2217.021       37.683        1.890       94.704      135.064        0.462     1014.725      160.956
OD_SLS.lpt.Fl_O        |         20.528     1523.436     -129.937        1.896       16.070      145.671        0.614     1114.264      621.531
OD_SLS.duct13.Fl_O     |         20.308     1523.436     -129.937        1.897       14.986      145.671        0.686     1236.898      591.465
OD_SLS.core_nozz.Fl_O  |         20.308     1523.436     -129.937        1.897       13.193      145.671        0.824     1461.936      550.249
OD_SLS.byp_bld.Fl_O    |         17.815      565.470        5.051        1.639       74.030     1423.815        0.089      139.344     3447.201
OD_SLS.duct15.Fl_O     |         17.550      565.470        5.051        1.640   -13767.753     1423.815        8.660  -762470.191     3393.667
OD_SLS.byp_nozz.Fl_O   |         17.550      565.470        5.051        1.640       10.319     1423.815        0.905      977.997     3656.918
------------------------------------------------------------------------------------------------------------------------------------------------
-------------------------------------------------------------------------------------------------------------------------------------------------------------------------------------------------------
                          COMPRESSOR PROPERTIES
-------------------------------------------------------------------------------------------------------------------------------------------------------------------------------------------------------
Compressor    |           Wc         Pr      eta_a      eta_p         Nc        pwr   RlineMap      NcMap      WcMap      PRmap   alphaMap        SMN        SMW     effMap
-------------------------------------------------------------------------------------------------------------------------------------------------------------------------------------------------------
OD_SLS.fan    |     1581.994      1.213      0.630      0.640  11084.658 -25116.479      1.000      0.769      1.366    417.738      0.000      0.000     93.317      0.626
OD_SLS.lpc    |      129.333      1.469      0.876      0.883  10616.053  -3806.063      1.000      0.809      1.627     61.013      0.000     -0.000     16.983      0.876
OD_SLS.hpc    |       94.620     21.107      0.842      0.891  15517.384 -49928.242      2.372      1.047     11.944     57.979      0.000     11.571     11.808      0.808
-------------------------------------------------------------------------------------------------------------------------------------------------------------------------------------------------------
---------------------------------------------------------------------------
                            BURNER PROPERTIES
---------------------------------------------------------------------------
Burner              |           dPqP        TtOut        Wfuel          FAR
OD_SLS.burner       |         0.0540      3152.36       2.8850      0.02504
--------------------------------------------------------------------------------------------------------------------------------------
                            TURBINE PROPERTIES
--------------------------------------------------------------------------------------------------------------------------------------
Turbine       |             Wp           PR        eff_a        eff_p           Np          pwr        NpMap        PRmap     alphaMap
OD_SLS.hpt    |         12.876        4.714        0.894        0.876      307.080    43978.727       97.292        6.170        1.000
OD_SLS.lpt    |         58.525        5.293        0.882        0.859      235.417    36208.012       84.189        5.830        1.000
-------------------------------------------------------------------------------------------------------------------------
                            NOZZLE PROPERTIES
-------------------------------------------------------------------------------------------------------------------------
Nozzle        |             PR           Cv          Cfg          Ath         MNth        MNout            V           Fg
OD_SLS.core_nozz|          1.539        0.993        N/A        550.249        0.824        0.824     1461.936     6574.717
OD_SLS.byp_nozz|          1.701        0.994        N/A       3656.918        0.905        0.905      977.997    43015.873
---------------------------------------------------------------------------------------------------------------------------
                            SHAFT PROPERTIES
---------------------------------------------------------------------------------------------------------------------------
Shaft               |                 Nmech               trqin              trqout               pwrin              pwrout
OD_SLS.hp_shaft     |             17241.280           13396.982          -15209.348           43978.701          -49928.213
OD_SLS.lp_shaft     |             11084.658           17156.007          -13704.020           36207.991          -28922.525
--------------------------------------------------------------------------------------------------------------------
                            BLEED PROPERTIES
--------------------------------------------------------------------------------------------------------------------
Bleed                 |         Wb/Win        Pfrac     Workfrac            W           Tt           ht           Pt
OD_SLS.hpc.cool1      |          0.051        0.500        0.500        7.578     1149.282      148.361      285.047
OD_SLS.hpc.cool2      |          0.020        0.550        0.500        3.030     1149.282      148.361      310.973
OD_SLS.hpc.cust       |          0.044        0.500        0.500        6.650     1149.282      148.361      285.047
OD_SLS.bld3.cool3     |          0.067        1.000        1.000        8.884     1629.762      273.669      544.306
OD_SLS.bld3.cool4     |          0.061        1.000        1.000        8.097     1629.762      273.669      544.306
OD_SLS.byp_bld.bypBld |          0.005        1.000        1.000        7.155      565.470        5.051       17.815
