


----------------------------------------------------------------------------
                              POINT: DESIGN
----------------------------------------------------------------------------
                       PERFORMANCE CHARACTERISTICS
    Mach      Alt       W      Fn      Fg    Fram     OPR     TSFC      BPR 
 0.74000  28000.0 510.741  6750.0 18539.4 11789.4  38.421  0.55120    8.000
------------------------------------------------------------------------------------------------------------------------------------------------
                            FLOW STATIONS
------------------------------------------------------------------------------------------------------------------------------------------------
------------------------------------------------------------------------------------------------------------------------------------------------
Flow Station           |          tot:P        tot:T        tot:h        tot:S       stat:P       stat:W      stat:MN       stat:V    stat:area
------------------------------------------------------------------------------------------------------------------------------------------------
DESIGN.fc.Fl_O         |          6.873      464.798      -19.097        1.657        4.776      510.741        0.740      742.670     3217.184
DESIGN.inlet.Fl_O      |          6.867      464.798      -19.097        1.657        4.949      510.741        0.700      706.205     3299.475
DESIGN.fan.Fl_O        |         10.300      528.287       -3.875        1.660        8.963      510.741        0.450      497.123     3104.802
DESIGN.splitter.Fl_O1  |         10.300      528.287       -3.875        1.660        9.594       56.749        0.320      356.948      457.672
DESIGN.splitter.Fl_O2  |         10.300      528.287       -3.875        1.660        8.853      453.992        0.470      518.304     2670.508
DESIGN.duct4.Fl_O      |         10.250      528.287       -3.875        1.660        9.506       56.749        0.330      367.869      447.649
DESIGN.lpc.Fl_O        |         17.426      621.727       18.576        1.663       16.372       56.749        0.300      363.267      310.931
DESIGN.duct6.Fl_O      |         17.250      621.727       18.576        1.664       15.850       56.749        0.350      422.482      274.411
DESIGN.hpc.Fl_O        |        263.819     1392.978      211.014        1.677      255.332       50.196        0.220      394.587       36.709
DESIGN.bld3.Fl_O       |        263.819     1392.978      211.014        1.677      249.287       43.747        0.290      518.597       24.776
DESIGN.burner.Fl_O     |        249.572     2880.000      206.144        1.913      247.977       44.780        0.100      251.726      110.059
DESIGN.hpt.Fl_O        |         55.823     2019.653        2.444        1.907       51.546       51.229        0.350      739.882      141.999
DESIGN.duct11.Fl_O     |         55.538     2019.653        2.444        1.907       52.243       51.229        0.306      648.854      160.470
DESIGN.lpt.Fl_O        |         10.331     1360.255     -153.122        1.912        9.337       55.257        0.390      682.738      612.845
DESIGN.duct13.Fl_O     |         10.220     1360.255     -153.122        1.913        9.091       55.257        0.420      733.837      583.198
DESIGN.core_nozz.Fl_O  |         10.220     1360.255     -153.122        1.913        5.470       55.257        1.000     1641.540      379.521
DESIGN.byp_bld.Fl_O    |         10.300      528.287       -3.875        1.660        8.853      451.722        0.470      518.304     2657.156
DESIGN.duct15.Fl_O     |         10.146      528.287       -3.875        1.661        8.610      451.722        0.490      539.372     2615.888
DESIGN.byp_nozz.Fl_O   |         10.146      528.287       -3.875        1.661        5.358      451.722        1.000     1028.766     1924.104
------------------------------------------------------------------------------------------------------------------------------------------------
-------------------------------------------------------------------------------------------------------------------------------------------------------------------------------------------------------
                          COMPRESSOR PROPERTIES
-------------------------------------------------------------------------------------------------------------------------------------------------------------------------------------------------------
Compressor    |           Wc         Pr      eta_a      eta_p         Nc        pwr   RlineMap      NcMap      WcMap      PRmap   alphaMap        SMN        SMW     effMap
-------------------------------------------------------------------------------------------------------------------------------------------------------------------------------------------------------
DESIGN.fan    |     1034.775      1.500      0.900      0.906  14260.913 -10999.922      2.200      0.990      1.685    803.556      0.000     36.641     29.886      0.895
DESIGN.lpc    |       82.112      1.700      0.924      0.930  13376.562  -1802.635      2.150      1.000      1.935     87.666      0.000     15.987     15.644      0.924
DESIGN.hpc    |       52.933     15.294      0.907      0.934  14658.644 -14558.967      2.050      0.976      9.374     49.454      0.000     22.598     22.468      0.871
-------------------------------------------------------------------------------------------------------------------------------------------------------------------------------------------------------
---------------------------------------------------------------------------
                            BURNER PROPERTIES
---------------------------------------------------------------------------
Burner              |           dPqP        TtOut        Wfuel          FAR
DESIGN.burner       |         0.0540      2880.00       1.0335      0.02362
--------------------------------------------------------------------------------------------------------------------------------------
                            TURBINE PROPERTIES
--------------------------------------------------------------------------------------------------------------------------------------
Turbine       |             Wp           PR        eff_a        eff_p           Np          pwr        NpMap        PRmap     alphaMap
DESIGN.hpt    |          9.629        4.471        0.900        0.883      299.055    14808.967      100.000        6.000        1.000
DESIGN.lpt    |         41.454        5.376        0.900        0.879      300.397    12802.557      100.000        6.000        1.000
-------------------------------------------------------------------------------------------------------------------------
                            NOZZLE PROPERTIES
-------------------------------------------------------------------------------------------------------------------------
Nozzle        |             PR           Cv          Cfg          Ath         MNth        MNout            V           Fg
DESIGN.core_nozz|          2.140        0.993        N/A        379.521        1.000        1.000     1641.540     3063.726
DESIGN.byp_nozz|          2.124        0.994        N/A       1924.104        1.000        1.000     1028.766    15475.657
---------------------------------------------------------------------------------------------------------------------------
                            SHAFT PROPERTIES
---------------------------------------------------------------------------------------------------------------------------
Shaft               |                 Nmech               trqin              trqout               pwrin              pwrout
DESIGN.hp_shaft     |             16049.000            4846.303           -4764.490           14808.958          -14558.958
DESIGN.lp_shaft     |             13500.000            4980.773           -4980.773           12802.549          -12802.549
--------------------------------------------------------------------------------------------------------------------
                            BLEED PROPERTIES
--------------------------------------------------------------------------------------------------------------------
Bleed                 |         Wb/Win        Pfrac     Workfrac            W           Tt           ht           Pt
DESIGN.hpc.cool1      |          0.051        0.500        0.500        2.878     1015.618      114.795      140.534
DESIGN.hpc.cool2      |          0.020        0.550        0.500        1.151     1015.618      114.795      152.863
DESIGN.hpc.cust       |          0.044        0.500        0.500        2.525     1015.618      114.795      140.534
DESIGN.bld3.cool3     |          0.067        1.000        1.000        3.374     1392.978      211.014      263.819
DESIGN.bld3.cool4     |          0.061        1.000        1.000        3.075     1392.978      211.014      263.819
DESIGN.byp_bld.bypBld |          0.005        1.000        1.000        2.270      528.287       -3.875       10.300
