


----------------------------------------------------------------------------
                              POINT: DESIGN
----------------------------------------------------------------------------
                       PERFORMANCE CHARACTERISTICS
    Mach      Alt       W      Fn      Fg    Fram     OPR     TSFC      BPR 
 0.74000  28000.0 701.490 10063.3 26255.7 16192.4  71.100  0.55240    5.900
------------------------------------------------------------------------------------------------------------------------------------------------
                            FLOW STATIONS
------------------------------------------------------------------------------------------------------------------------------------------------
------------------------------------------------------------------------------------------------------------------------------------------------
Flow Station           |          tot:P        tot:T        tot:h        tot:S       stat:P       stat:W      stat:MN       stat:V    stat:area
------------------------------------------------------------------------------------------------------------------------------------------------
DESIGN.fc.Fl_O         |          6.873      464.798      -19.097        1.657        4.776      701.490        0.740      742.670     4418.720
DESIGN.inlet.Fl_O      |          6.867      464.798      -19.097        1.657        4.949      701.490        0.700      706.205     4531.745
DESIGN.fan.Fl_O        |         11.228      543.206       -0.294        1.661        9.771      701.490        0.450      504.066     3967.094
DESIGN.splitter.Fl_O1  |         11.228      543.206       -0.294        1.661       10.458      101.665        0.320      361.929      762.765
DESIGN.splitter.Fl_O2  |         11.228      543.206       -0.294        1.661        9.651      599.825        0.470      525.545     3282.368
DESIGN.duct4.Fl_O      |         11.174      543.206       -0.294        1.661       10.362      101.665        0.330      373.003      746.060
DESIGN.lpc.Fl_O        |         38.763      792.354       59.854        1.667       36.429      101.665        0.300      409.299      283.240
DESIGN.duct6.Fl_O      |         38.372      792.354       59.854        1.668       35.269      101.665        0.350      476.061      249.953
DESIGN.hpc.Fl_O        |        488.213     1654.349      280.269        1.680      472.664       89.925        0.220      427.872       38.922
DESIGN.bld3.Fl_O       |        488.213     1654.349      280.269        1.680      461.583       78.372        0.290      562.408       26.267
DESIGN.burner.Fl_O     |        461.850     2880.000      274.854        1.867      458.892       79.916        0.100      251.961      106.040
DESIGN.hpt.Fl_O        |         78.586     1944.895       42.766        1.870       72.543       91.469        0.350      727.382      176.414
DESIGN.duct11.Fl_O     |         78.185     1944.895       42.766        1.870       73.529       91.469        0.306      637.913      199.355
DESIGN.lpt.Fl_O        |          9.773     1209.287     -134.780        1.883        8.826       98.685        0.390      646.188     1086.712
DESIGN.duct13.Fl_O     |          9.669     1209.287     -134.780        1.883        8.592       98.685        0.420      694.503     1034.201
DESIGN.core_nozz.Fl_O  |          9.669     1209.287     -134.780        1.883        5.484       98.685        0.946     1478.499      675.340
DESIGN.byp_bld.Fl_O    |         11.228      543.206       -0.294        1.661        9.651      596.826        0.470      525.545     3265.956
DESIGN.duct15.Fl_O     |         11.060      543.206       -0.294        1.662        9.386      596.826        0.490      546.908     3215.229
DESIGN.byp_nozz.Fl_O   |         11.060      543.206       -0.294        1.662        5.841      596.826        1.000     1043.189     2364.898
------------------------------------------------------------------------------------------------------------------------------------------------
-------------------------------------------------------------------------------------------------------------------------------------------------------------------------------------------------------
                          COMPRESSOR PROPERTIES
-------------------------------------------------------------------------------------------------------------------------------------------------------------------------------------------------------
Compressor    |           Wc         Pr      eta_a      eta_p         Nc        pwr   RlineMap      NcMap      WcMap      PRmap   alphaMap        SMN        SMW     effMap
-------------------------------------------------------------------------------------------------------------------------------------------------------------------------------------------------------
DESIGN.fan    |     1421.237      1.635      0.895      0.902   4225.456 -18661.549      2.200      0.990      1.685    803.556      0.000     36.641     29.886      0.895
DESIGN.lpc    |      136.840      3.469      0.924      0.936   3908.617  -8651.804      2.150      1.000      1.935     87.666      0.000     15.987     15.644      0.924
DESIGN.hpc    |       48.125     12.723      0.907      0.932  10517.906 -29874.159      2.050      0.976      9.374     49.454      0.000     22.598     22.468      0.871
-------------------------------------------------------------------------------------------------------------------------------------------------------------------------------------------------------
---------------------------------------------------------------------------
                            BURNER PROPERTIES
---------------------------------------------------------------------------
Burner              |           dPqP        TtOut        Wfuel          FAR
DESIGN.burner       |         0.0540      2880.00       1.5441      0.01970
--------------------------------------------------------------------------------------------------------------------------------------
                            TURBINE PROPERTIES
--------------------------------------------------------------------------------------------------------------------------------------
Turbine       |             Wp           PR        eff_a        eff_p           Np          pwr        NpMap        PRmap     alphaMap
DESIGN.hpt    |          9.286        5.877        0.889        0.866      242.241    30124.159      100.000        6.000        1.000
DESIGN.lpt    |         51.594        8.000        0.900        0.872       90.701    26089.535      100.000        6.000        1.000
-------------------------------------------------------------------------------------------------------------------------
                            NOZZLE PROPERTIES
-------------------------------------------------------------------------------------------------------------------------
Nozzle        |             PR           Cv          Cfg          Ath         MNth        MNout            V           Fg
DESIGN.core_nozz|          1.763        0.993        N/A        675.340        0.946        0.946     1478.499     4504.525
DESIGN.byp_nozz|          2.316        0.994        N/A       2364.898        1.000        1.000     1043.189    21751.215
---------------------------------------------------------------------------------------------------------------------------
                            SHAFT PROPERTIES
---------------------------------------------------------------------------------------------------------------------------
Shaft               |                 Nmech               trqin              trqout               pwrin              pwrout
DESIGN.hp_shaft     |             13000.000           12170.415          -12069.413           30124.141          -29874.141
DESIGN.lp_shaft     |              4000.000           34256.277          -35863.183           26089.519          -27313.336
--------------------------------------------------------------------------------------------------------------------
                            BLEED PROPERTIES
--------------------------------------------------------------------------------------------------------------------
Bleed                 |         Wb/Win        Pfrac     Workfrac            W           Tt           ht           Pt
DESIGN.hpc.cool1      |          0.051        0.500        0.500        5.155     1234.532      170.061      263.293
DESIGN.hpc.cool2      |          0.020        0.550        0.500        2.061     1234.532      170.061      285.785
DESIGN.hpc.cust       |          0.044        0.500        0.500        4.524     1234.532      170.061      263.293
DESIGN.bld3.cool3     |          0.067        1.000        1.000        6.044     1654.349      280.269      488.213
DESIGN.bld3.cool4     |          0.061        1.000        1.000        5.508     1654.349      280.269      488.213
DESIGN.byp_bld.bypBld |          0.005        1.000        1.000        2.999      543.206       -0.294       11.228
