


----------------------------------------------------------------------------
                              POINT: DESIGN
----------------------------------------------------------------------------
                       PERFORMANCE CHARACTERISTICS
    Mach      Alt       W      Fn      Fg    Fram     OPR     TSFC      BPR 
 0.74000  28000.0 866.571 12000.0 32003.0 20003.0  68.960  0.58079    5.900
------------------------------------------------------------------------------------------------------------------------------------------------
                            FLOW STATIONS
------------------------------------------------------------------------------------------------------------------------------------------------
------------------------------------------------------------------------------------------------------------------------------------------------
Flow Station           |          tot:P        tot:T        tot:h        tot:S       stat:P       stat:W      stat:MN       stat:V    stat:area
------------------------------------------------------------------------------------------------------------------------------------------------
DESIGN.fc.Fl_O         |          6.873      464.798      -19.097        1.657        4.776      866.571        0.740      742.670     5458.570
DESIGN.inlet.Fl_O      |          6.867      464.798      -19.097        1.657        4.949      866.571        0.700      706.205     5598.194
DESIGN.fan.Fl_O        |          9.613      516.963       -6.591        1.660        8.366      866.571        0.450      491.784     5583.140
DESIGN.splitter.Fl_O1  |          9.613      516.963       -6.591        1.660        8.955      125.590        0.320      353.117     1073.470
DESIGN.splitter.Fl_O2  |          9.613      516.963       -6.591        1.660        8.263      740.981        0.470      512.738     4619.494
DESIGN.duct4.Fl_O      |          9.567      516.963       -6.591        1.660        8.872      125.590        0.330      363.921     1049.962
DESIGN.lpc.Fl_O        |         25.842      700.035       37.464        1.665       24.281      125.590        0.300      385.179      492.733
DESIGN.duct6.Fl_O      |         25.581      700.035       37.464        1.665       23.508      125.590        0.350      447.983      434.846
DESIGN.hpc.Fl_O        |        473.521     1635.032      275.082        1.679      458.429      111.087        0.220      425.511       49.267
DESIGN.bld3.Fl_O       |        473.521     1635.032      275.082        1.679      447.674       96.815        0.290      559.300       33.249
DESIGN.burner.Fl_O     |        447.951     2880.000      269.689        1.869      445.082       98.751        0.100      251.944      135.107
DESIGN.hpt.Fl_O        |         66.272     1881.044       20.013        1.872       61.167      113.023        0.350      715.955      253.990
DESIGN.duct11.Fl_O     |         65.934     1881.044       20.013        1.873       62.000      113.023        0.306      627.900      287.015
DESIGN.lpt.Fl_O        |         15.738     1341.827     -104.275        1.877       14.221      121.937        0.390      678.789      880.839
DESIGN.duct13.Fl_O     |         15.569     1341.827     -104.275        1.878       13.846      121.937        0.420      729.580      838.239
DESIGN.core_nozz.Fl_O  |         15.569     1341.827     -104.275        1.878        8.325      121.937        1.000     1631.146      545.616
DESIGN.byp_bld.Fl_O    |          9.613      516.963       -6.591        1.660        8.263      737.276        0.470      512.738     4596.396
DESIGN.duct15.Fl_O     |          9.470      516.963       -6.591        1.661        8.036      737.276        0.490      533.578     4525.015
DESIGN.byp_nozz.Fl_O   |          9.470      516.963       -6.591        1.661        5.001      737.276        1.000     1017.682     3328.400
------------------------------------------------------------------------------------------------------------------------------------------------
-------------------------------------------------------------------------------------------------------------------------------------------------------------------------------------------------------
                          COMPRESSOR PROPERTIES
-------------------------------------------------------------------------------------------------------------------------------------------------------------------------------------------------------
Compressor    |           Wc         Pr      eta_a      eta_p         Nc        pwr   RlineMap      NcMap      WcMap      PRmap   alphaMap        SMN        SMW     effMap
-------------------------------------------------------------------------------------------------------------------------------------------------------------------------------------------------------
DESIGN.fan    |     1755.695      1.400      0.900      0.905   5281.820 -15333.057      2.200      0.990      1.685    803.556      0.000     36.641     29.886      0.895
DESIGN.lpc    |      192.601      2.701      0.924      0.934   5008.247  -7828.141      2.150      1.000      1.935     87.666      0.000     15.987     15.644      0.924
DESIGN.hpc    |       83.821     18.511      0.907      0.935  12050.736 -39784.708      2.050      0.976      9.374     49.454      0.000     22.598     22.468      0.871
-------------------------------------------------------------------------------------------------------------------------------------------------------------------------------------------------------
---------------------------------------------------------------------------
                            BURNER PROPERTIES
---------------------------------------------------------------------------
Burner              |           dPqP        TtOut        Wfuel          FAR
DESIGN.burner       |         0.0540      2880.00       1.9360      0.02000
--------------------------------------------------------------------------------------------------------------------------------------
                            TURBINE PROPERTIES
--------------------------------------------------------------------------------------------------------------------------------------
Turbine       |             Wp           PR        eff_a        eff_p           Np          pwr        NpMap        PRmap     alphaMap
DESIGN.hpt    |         11.831        6.759        0.900        0.877      260.875    40034.708      100.000        6.000        1.000
DESIGN.lpt    |         74.346        4.190        0.900        0.882      115.284    23161.199      100.000        6.000        1.000
-------------------------------------------------------------------------------------------------------------------------
                            NOZZLE PROPERTIES
-------------------------------------------------------------------------------------------------------------------------
Nozzle        |             PR           Cv          Cfg          Ath         MNth        MNout            V           Fg
DESIGN.core_nozz|          3.260        0.993        N/A        545.616        1.000        1.000     1631.146     8076.756
DESIGN.byp_nozz|          1.983        0.994        N/A       3328.400        1.000        1.000     1017.682    23926.230
---------------------------------------------------------------------------------------------------------------------------
                            SHAFT PROPERTIES
---------------------------------------------------------------------------------------------------------------------------
Shaft               |                 Nmech               trqin              trqout               pwrin              pwrout
DESIGN.hp_shaft     |             14000.000           15019.049          -14925.262           40034.684          -39784.685
DESIGN.lp_shaft     |              5000.000           24329.032          -24329.032           23161.185          -23161.185
--------------------------------------------------------------------------------------------------------------------
                            BLEED PROPERTIES
--------------------------------------------------------------------------------------------------------------------
Bleed                 |         Wb/Win        Pfrac     Workfrac            W           Tt           ht           Pt
DESIGN.hpc.cool1      |          0.051        0.500        0.500        6.368     1180.471      156.273      249.551
DESIGN.hpc.cool2      |          0.020        0.550        0.500        2.546     1180.471      156.273      271.948
DESIGN.hpc.cust       |          0.044        0.500        0.500        5.589     1180.471      156.273      249.551
DESIGN.bld3.cool3     |          0.067        1.000        1.000        7.467     1635.032      275.082      473.521
DESIGN.bld3.cool4     |          0.061        1.000        1.000        6.805     1635.032      275.082      473.521
DESIGN.byp_bld.bypBld |          0.005        1.000        1.000        3.705      516.963       -6.591        9.613



----------------------------------------------------------------------------
                              POINT: OD_TOfail
----------------------------------------------------------------------------
                       PERFORMANCE CHARACTERISTICS
    Mach      Alt       W      Fn      Fg    Fram     OPR     TSFC      BPR 
 0.18000      0.0 1815.316 48790.9 60130.2 11339.3  77.962  0.41500    5.407
------------------------------------------------------------------------------------------------------------------------------------------------
                            FLOW STATIONS
------------------------------------------------------------------------------------------------------------------------------------------------
------------------------------------------------------------------------------------------------------------------------------------------------
Flow Station           |          tot:P        tot:T        tot:h        tot:S       stat:P       stat:W      stat:MN       stat:V    stat:area
------------------------------------------------------------------------------------------------------------------------------------------------
OD_TOfail.fc.Fl_O      |         15.032      522.033       -5.375        1.631       14.696     1815.316        0.180      200.974    17008.140
OD_TOfail.inlet.Fl_O   |         15.017      522.033       -5.375        1.631       10.591     1815.316        0.724      771.681     5598.194
OD_TOfail.fan.Fl_O     |         22.271      591.146       11.221        1.634       19.601     1815.316        0.431      504.442     5583.140
OD_TOfail.splitter.Fl_O|         22.271      591.146       11.221        1.634       20.604      283.347        0.335      395.173     1073.470
OD_TOfail.splitter.Fl_O|         22.271      591.146       11.221        1.634       19.474     1531.969        0.442      516.910     4619.494
OD_TOfail.duct4.Fl_O   |         22.164      591.146       11.221        1.635       20.404      283.347        0.346      407.409     1049.962
OD_TOfail.lpc.Fl_O     |         58.116      805.520       63.060        1.643       54.002      283.347        0.326      448.273      492.733
OD_TOfail.duct6.Fl_O   |         57.529      805.520       63.060        1.644       52.035      283.347        0.382      523.162      434.846
OD_TOfail.hpc.Fl_O     |       1170.743     1908.546      349.482        1.659     1134.502      250.626        0.218      453.017       49.267
OD_TOfail.bld3.Fl_O    |       1170.743     1908.546      349.482        1.659     1108.712      218.428        0.287      595.219       33.249
OD_TOfail.burner.Fl_O  |       1107.522     3420.000      340.709        1.867     1107.469      224.053        0.009       23.813     1550.003
OD_TOfail.hpt.Fl_O     |        165.428     2271.332       42.699        1.868      152.722      256.250        0.352      785.692      253.990
OD_TOfail.duct11.Fl_O  |        164.584     2271.332       42.699        1.869      154.796      256.250        0.308      688.952      287.015
OD_TOfail.lpt.Fl_O     |         39.664     1642.412     -107.556        1.872       35.878      276.363        0.391      747.381      880.839
OD_TOfail.duct13.Fl_O  |         39.239     1642.412     -107.556        1.873       34.937      276.363        0.421      803.346      838.239
OD_TOfail.core_nozz.Fl_|         39.239     1642.412     -107.556        1.873       21.116      276.363        1.000     1799.081      545.616
OD_TOfail.byp_bld.Fl_O |         22.271      591.146       11.221        1.634       19.474     1524.309        0.442      516.910     4596.396
OD_TOfail.duct15.Fl_O  |         21.939      591.146       11.221        1.635       18.975     1524.309        0.460      537.199     4525.015
OD_TOfail.byp_nozz.Fl_O|         21.939      591.146       11.221        1.635       14.696     1524.309        0.779      876.599     3328.400
------------------------------------------------------------------------------------------------------------------------------------------------
-------------------------------------------------------------------------------------------------------------------------------------------------------------------------------------------------------
                          COMPRESSOR PROPERTIES
-------------------------------------------------------------------------------------------------------------------------------------------------------------------------------------------------------
Compressor    |           Wc         Pr      eta_a      eta_p         Nc        pwr   RlineMap      NcMap      WcMap      PRmap   alphaMap        SMN        SMW     effMap
-------------------------------------------------------------------------------------------------------------------------------------------------------------------------------------------------------
OD_TOfail.fan |     1782.265      1.483      0.900      0.905   5597.294 -42624.166      1.965      1.049      1.827    815.717      0.000     26.065     21.153      0.894
OD_TOfail.lpc |      200.572      2.622      0.867      0.884   5259.923 -20782.277      3.449      1.050      1.892     91.294      0.000     23.023     22.796      0.867
OD_TOfail.hpc |       90.203     20.350      0.900      0.931  12284.192-108194.965      2.185      0.995     10.254     53.219      0.000     20.275     20.194      0.864
-------------------------------------------------------------------------------------------------------------------------------------------------------------------------------------------------------
---------------------------------------------------------------------------
                            BURNER PROPERTIES
---------------------------------------------------------------------------
Burner              |           dPqP        TtOut        Wfuel          FAR
OD_TOfail.burner    |         0.0540      3420.00       5.6246      0.02575
--------------------------------------------------------------------------------------------------------------------------------------
                            TURBINE PROPERTIES
--------------------------------------------------------------------------------------------------------------------------------------
Turbine       |             Wp           PR        eff_a        eff_p           Np          pwr        NpMap        PRmap     alphaMap
OD_TOfail.hpt |         11.831        6.695        0.901        0.880      261.774   108444.965      100.345        5.944        1.000
OD_TOfail.lpt |         74.202        4.149        0.900        0.883      117.826    63406.444      102.205        5.937        1.000
-------------------------------------------------------------------------------------------------------------------------
                            NOZZLE PROPERTIES
-------------------------------------------------------------------------------------------------------------------------
Nozzle        |             PR           Cv          Cfg          Ath         MNth        MNout            V           Fg
OD_TOfail.core_nozz|          2.670        0.993        N/A        545.616        1.000        1.000     1799.081    18852.926
OD_TOfail.byp_nozz|          1.493        0.994        N/A       3328.400        0.779        0.779      876.599    41277.318
---------------------------------------------------------------------------------------------------------------------------
                            SHAFT PROPERTIES
---------------------------------------------------------------------------------------------------------------------------
Shaft               |                 Nmech               trqin              trqout               pwrin              pwrout
OD_TOfail.hp_shaft  |             15308.730           37205.234          -37119.464          108444.901         -108194.901
OD_TOfail.lp_shaft  |              5615.409           59304.249          -59304.249           63406.406          -63406.406
-----------------------------------------------------------------------------------------------------------------------
                            BLEED PROPERTIES
-----------------------------------------------------------------------------------------------------------------------
Bleed                    |         Wb/Win        Pfrac     Workfrac            W           Tt           ht           Pt
OD_TOfail.hpc.cool1      |          0.051        0.500        0.500       14.368     1374.783      206.271      614.136
OD_TOfail.hpc.cool2      |          0.020        0.550        0.500        5.745     1374.783      206.271      669.797
OD_TOfail.hpc.cust       |          0.044        0.500        0.500       12.609     1374.783      206.271      614.136
OD_TOfail.bld3.cool3     |          0.067        1.000        1.000       16.846     1908.546      349.482     1170.743
OD_TOfail.bld3.cool4     |          0.061        1.000        1.000       15.352     1908.546      349.482     1170.743
OD_TOfail.byp_bld.bypBld |          0.005        1.000        1.000        7.660      591.146       11.221       22.271
