


----------------------------------------------------------------------------
                              POINT: DESIGN
----------------------------------------------------------------------------
                       PERFORMANCE CHARACTERISTICS
    Mach      Alt       W      Fn      Fg    Fram     OPR     TSFC      BPR 
 0.74000  28000.0 625.000 10697.8 25124.6 14426.8  33.968  0.57151    5.900
------------------------------------------------------------------------------------------------------------------------------------------------
                            FLOW STATIONS
------------------------------------------------------------------------------------------------------------------------------------------------
------------------------------------------------------------------------------------------------------------------------------------------------
Flow Station           |          tot:P        tot:T        tot:h        tot:S       stat:P       stat:W      stat:MN       stat:V    stat:area
------------------------------------------------------------------------------------------------------------------------------------------------
DESIGN.fc.Fl_O         |          6.873      464.798      -19.097        1.657        4.776      625.000        0.740      742.670     3936.904
DESIGN.inlet.Fl_O      |          6.867      464.798      -19.097        1.657        4.949      625.000        0.700      706.205     4037.606
DESIGN.fan.Fl_O        |         12.016      554.395        2.391        1.661       10.458      625.000        0.450      509.208     3336.460
DESIGN.splitter.Fl_O1  |         12.016      554.395        2.391        1.661       11.193       90.580        0.320      365.618      641.516
DESIGN.splitter.Fl_O2  |         12.016      554.395        2.391        1.661       10.329      534.420        0.470      530.906     2760.579
DESIGN.duct4.Fl_O      |         11.959      554.395        2.391        1.661       11.090       90.580        0.330      376.805      627.466
DESIGN.lpc.Fl_O        |         14.351      586.433       10.088        1.662       13.482       90.580        0.300      352.893      585.137
DESIGN.duct6.Fl_O      |         14.206      586.433       10.088        1.663       13.052       90.580        0.350      410.413      516.417
DESIGN.hpc.Fl_O        |        233.243     1345.674      198.704        1.676      225.725       80.119        0.220      388.216       65.075
DESIGN.bld3.Fl_O       |        233.243     1345.674      198.704        1.676      220.370       69.826        0.290      510.211       43.922
DESIGN.burner.Fl_O     |        220.648     2880.000      193.985        1.922      219.237       71.525        0.100      251.685      198.867
DESIGN.hpt.Fl_O        |         51.582     2033.503       -4.480        1.915       47.632       81.818        0.350      742.174      246.352
DESIGN.duct11.Fl_O     |         51.319     2033.503       -4.480        1.915       48.276       81.818        0.306      650.860      278.397
DESIGN.lpt.Fl_O        |         10.122     1385.564     -156.635        1.919        9.150       88.247        0.390      688.628     1008.797
DESIGN.duct13.Fl_O     |         10.014     1385.564     -156.635        1.919        8.909       88.247        0.420      740.176      959.986
DESIGN.core_nozz.Fl_O  |         10.014     1385.564     -156.635        1.919        5.363       88.247        1.000     1656.283      624.630
DESIGN.byp_bld.Fl_O    |         12.016      554.395        2.391        1.661       10.329      531.748        0.470      530.906     2746.776
DESIGN.duct15.Fl_O     |         11.837      554.395        2.391        1.662       10.045      531.748        0.490      552.488     2704.109
DESIGN.byp_nozz.Fl_O   |         11.837      554.395        2.391        1.662        6.252      531.748        1.000     1053.875     1988.920
------------------------------------------------------------------------------------------------------------------------------------------------
-------------------------------------------------------------------------------------------------------------------------------------------------------------------------------------------------------
                          COMPRESSOR PROPERTIES
-------------------------------------------------------------------------------------------------------------------------------------------------------------------------------------------------------
Compressor    |           Wc         Pr      eta_a      eta_p         Nc        pwr   RlineMap      NcMap      WcMap      PRmap   alphaMap        SMN        SMW     effMap
-------------------------------------------------------------------------------------------------------------------------------------------------------------------------------------------------------
DESIGN.fan    |     1266.266      1.750      0.900      0.908   5281.820 -19001.778      2.200      0.990      1.685    803.556      0.000     36.641     29.886      0.895
DESIGN.lpc    |      115.081      1.200      0.924      0.926   4836.218   -986.310      2.150      1.000      1.935     87.666      0.000     15.987     15.644      0.924
DESIGN.hpc    |       99.640     16.419      0.907      0.935  12225.867 -22776.713      2.050      0.976      9.374     49.454      0.000     22.598     22.468      0.871
-------------------------------------------------------------------------------------------------------------------------------------------------------------------------------------------------------
---------------------------------------------------------------------------
                            BURNER PROPERTIES
---------------------------------------------------------------------------
Burner              |           dPqP        TtOut        Wfuel          FAR
DESIGN.burner       |         0.0540      2880.00       1.6983      0.02432
--------------------------------------------------------------------------------------------------------------------------------------
                            TURBINE PROPERTIES
--------------------------------------------------------------------------------------------------------------------------------------
Turbine       |             Wp           PR        eff_a        eff_p           Np          pwr        NpMap        PRmap     alphaMap
DESIGN.hpt    |         17.396        4.278        0.900        0.884      242.241    23043.032      100.000        6.000        1.000
DESIGN.lpt    |         71.894        5.070        0.900        0.880      110.879    19988.088      100.000        6.000        1.000
-------------------------------------------------------------------------------------------------------------------------
                            NOZZLE PROPERTIES
-------------------------------------------------------------------------------------------------------------------------
Nozzle        |             PR           Cv          Cfg          Ath         MNth        MNout            V           Fg
DESIGN.core_nozz|          2.097        0.993        N/A        624.630        1.000        1.000     1656.283     4878.800
DESIGN.byp_nozz|          2.478        0.994        N/A       1988.920        1.000        1.000     1053.875    20245.833
---------------------------------------------------------------------------------------------------------------------------
                            SHAFT PROPERTIES
---------------------------------------------------------------------------------------------------------------------------
Shaft               |                 Nmech               trqin              trqout               pwrin              pwrout
DESIGN.hp_shaft     |             13000.000            9309.580           -9201.985           23043.018          -22776.699
DESIGN.lp_shaft     |              5000.000           20995.927          -20995.927           19988.076          -19988.076
--------------------------------------------------------------------------------------------------------------------
                            BLEED PROPERTIES
--------------------------------------------------------------------------------------------------------------------
Bleed                 |         Wb/Win        Pfrac     Workfrac            W           Tt           ht           Pt
DESIGN.hpc.cool1      |          0.051        0.500        0.500        4.593      973.765      104.396      123.724
DESIGN.hpc.cool2      |          0.020        0.550        0.500        1.836      973.765      104.396      134.676
DESIGN.hpc.cust       |          0.044        0.500        0.500        4.031      973.765      104.396      123.724
DESIGN.bld3.cool3     |          0.067        1.000        1.000        5.385     1345.674      198.704      233.243
DESIGN.bld3.cool4     |          0.061        1.000        1.000        4.908     1345.674      198.704      233.243
DESIGN.byp_bld.bypBld |          0.005        1.000        1.000        2.672      554.395        2.391       12.016



----------------------------------------------------------------------------
                              POINT: OD_TOfail
----------------------------------------------------------------------------
                       PERFORMANCE CHARACTERISTICS
    Mach      Alt       W      Fn      Fg    Fram     OPR     TSFC      BPR 
 0.18000      0.0 1340.770 41065.9 49440.9  8375.1  39.233  0.43552    5.427
------------------------------------------------------------------------------------------------------------------------------------------------
                            FLOW STATIONS
------------------------------------------------------------------------------------------------------------------------------------------------
------------------------------------------------------------------------------------------------------------------------------------------------
Flow Station           |          tot:P        tot:T        tot:h        tot:S       stat:P       stat:W      stat:MN       stat:V    stat:area
------------------------------------------------------------------------------------------------------------------------------------------------
OD_TOfail.fc.Fl_O      |         15.032      522.033       -5.375        1.631       14.696     1340.770        0.180      200.974    12561.997
OD_TOfail.inlet.Fl_O   |         15.017      522.033       -5.375        1.631        0.001     1340.770     3357.685  2198724.529     4037.606
OD_TOfail.fan.Fl_O     |         27.323      637.451       22.363        1.638       23.678     1340.770        0.457      554.121     3336.460
OD_TOfail.splitter.Fl_O|         27.323      637.451       22.363        1.638       25.080      208.626        0.352      430.362      641.516
OD_TOfail.splitter.Fl_O|         27.323      637.451       22.363        1.638       23.495     1132.144        0.470      568.661     2760.579
OD_TOfail.duct4.Fl_O   |         27.192      637.451       22.363        1.639       24.822      208.626        0.364      443.874      627.466
OD_TOfail.lpc.Fl_O     |         34.147      685.666       33.992        1.641       31.867      208.626        0.316      401.339      585.137
OD_TOfail.duct6.Fl_O   |         33.802      685.666       33.992        1.641       30.764      208.626        0.370      467.706      516.417
OD_TOfail.hpc.Fl_O     |        589.164     1582.751      261.097        1.656      570.602      184.533        0.218      416.211       65.075
OD_TOfail.bld3.Fl_O    |        589.164     1582.751      261.097        1.656      557.395      160.826        0.288      546.859       43.922
OD_TOfail.burner.Fl_O  |        557.349     3420.000      253.273        1.919      557.291      165.794        0.013       35.018     1550.003
OD_TOfail.hpt.Fl_O     |        132.241     2452.992       17.731        1.910      122.274      189.501        0.349      808.656      246.352
OD_TOfail.duct11.Fl_O  |        131.566     2452.991       17.731        1.911      123.887      189.501        0.306      709.200      278.397
OD_TOfail.lpt.Fl_O     |         26.135     1698.565     -166.762        1.913       23.661      204.310        0.390      756.938     1008.797
OD_TOfail.duct13.Fl_O  |         25.856     1698.565     -166.762        1.914       23.044      204.310        0.420      813.587      959.986
OD_TOfail.core_nozz.Fl_|         25.856     1698.565     -166.762        1.914       14.696      204.310        0.953     1753.584      624.630
OD_TOfail.byp_bld.Fl_O |         27.323      637.451       22.363        1.638       23.495     1126.483        0.470      568.661     2746.776
OD_TOfail.duct15.Fl_O  |         26.916      637.451       22.363        1.639       22.850     1126.483        0.490      591.767     2704.109
OD_TOfail.byp_nozz.Fl_O|         26.916      637.451       22.363        1.639       14.696     1126.483        0.971     1102.917     1988.920
------------------------------------------------------------------------------------------------------------------------------------------------
-------------------------------------------------------------------------------------------------------------------------------------------------------------------------------------------------------
                          COMPRESSOR PROPERTIES
-------------------------------------------------------------------------------------------------------------------------------------------------------------------------------------------------------
Compressor    |           Wc         Pr      eta_a      eta_p         Nc        pwr   RlineMap      NcMap      WcMap      PRmap   alphaMap        SMN        SMW     effMap
-------------------------------------------------------------------------------------------------------------------------------------------------------------------------------------------------------
OD_TOfail.fan |     1316.358      1.820      0.842      0.855   5963.574 -52618.460      2.610      1.118      1.749    835.344      0.000     32.906     28.934      0.837
OD_TOfail.lpc |      124.996      1.256      0.884      0.888   5396.745  -3432.530      6.393      1.116      2.196     95.219      0.000     10.031      9.954      0.884
OD_TOfail.hpc |      104.288     17.430      0.903      0.932  12371.111 -63165.068      2.122      0.988      9.923     51.761      0.000     21.004     20.906      0.867
-------------------------------------------------------------------------------------------------------------------------------------------------------------------------------------------------------
---------------------------------------------------------------------------
                            BURNER PROPERTIES
---------------------------------------------------------------------------
Burner              |           dPqP        TtOut        Wfuel          FAR
OD_TOfail.burner    |         0.0540      3420.00       4.9680      0.03089
--------------------------------------------------------------------------------------------------------------------------------------
                            TURBINE PROPERTIES
--------------------------------------------------------------------------------------------------------------------------------------
Turbine       |             Wp           PR        eff_a        eff_p           Np          pwr        NpMap        PRmap     alphaMap
OD_TOfail.hpt |         17.396        4.215        0.901        0.886      243.224    63415.068      100.406        5.904        1.000
OD_TOfail.lpt |         71.337        5.034        0.900        0.881      120.799    56050.991      108.947        5.956        1.000
-------------------------------------------------------------------------------------------------------------------------
                            NOZZLE PROPERTIES
-------------------------------------------------------------------------------------------------------------------------
Nozzle        |             PR           Cv          Cfg          Ath         MNth        MNout            V           Fg
OD_TOfail.core_nozz|          1.759        0.993        N/A        624.630        0.953        0.953     1753.584    11060.920
OD_TOfail.byp_nozz|          1.832        0.994        N/A       1988.920        0.971        0.971     1102.917    38380.018
---------------------------------------------------------------------------------------------------------------------------
                            SHAFT PROPERTIES
---------------------------------------------------------------------------------------------------------------------------
Shaft               |                 Nmech               trqin              trqout               pwrin              pwrout
OD_TOfail.hp_shaft  |             14223.925           23415.683          -23323.372           63415.031          -63165.031
OD_TOfail.lp_shaft  |              5982.874           49204.774          -49204.774           56050.958          -56050.958
-----------------------------------------------------------------------------------------------------------------------
                            BLEED PROPERTIES
-----------------------------------------------------------------------------------------------------------------------
Bleed                    |         Wb/Win        Pfrac     Workfrac            W           Tt           ht           Pt
OD_TOfail.hpc.cool1      |          0.051        0.500        0.500       10.579     1146.058      147.544      311.483
OD_TOfail.hpc.cool2      |          0.020        0.550        0.500        4.230     1146.058      147.544      339.251
OD_TOfail.hpc.cust       |          0.044        0.500        0.500        9.284     1146.058      147.544      311.483
OD_TOfail.bld3.cool3     |          0.067        1.000        1.000       12.403     1582.751      261.097      589.164
OD_TOfail.bld3.cool4     |          0.061        1.000        1.000       11.304     1582.751      261.097      589.164
OD_TOfail.byp_bld.bypBld |          0.005        1.000        1.000        5.661      637.451       22.363       27.323



----------------------------------------------------------------------------
                              POINT: OD_TOC
----------------------------------------------------------------------------
                       PERFORMANCE CHARACTERISTICS
    Mach      Alt       W      Fn      Fg    Fram     OPR     TSFC      BPR 
 0.74000  28000.0 802.790 10864.6 29395.3 18530.7  36.003  0.75691    5.800
------------------------------------------------------------------------------------------------------------------------------------------------
                            FLOW STATIONS
------------------------------------------------------------------------------------------------------------------------------------------------
------------------------------------------------------------------------------------------------------------------------------------------------
Flow Station           |          tot:P        tot:T        tot:h        tot:S       stat:P       stat:W      stat:MN       stat:V    stat:area
------------------------------------------------------------------------------------------------------------------------------------------------
OD_TOC.fc.Fl_O         |          6.873      464.798      -19.097        1.657        4.776      802.790        0.740      742.670     5056.812
OD_TOC.inlet.Fl_O      |          6.867      464.798      -19.097        1.657      -27.283      802.790       17.393    19951.687     4037.606
OD_TOC.fan.Fl_O        |         12.499      560.140        3.771        1.661        9.655      802.790        0.619      691.777     3336.460
OD_TOC.splitter.Fl_O1  |         12.499      560.140        3.771        1.661       11.064      118.057        0.421      480.047      641.516
OD_TOC.splitter.Fl_O2  |         12.499      560.140        3.771        1.661        9.380      684.733        0.654      728.018     2760.579
OD_TOC.duct4.Fl_O      |         12.439      560.140        3.771        1.661       10.918      118.057        0.436      496.159      627.466
OD_TOC.lpc.Fl_O        |         14.958      592.833       11.626        1.662       13.459      118.057        0.391      460.073      585.137
OD_TOC.duct6.Fl_O      |         14.806      592.833       11.626        1.663       12.772      118.057        0.465      542.752      516.417
OD_TOC.hpc.Fl_O        |        247.219     1364.403      203.569        1.676      234.741      104.424        0.277      490.856       65.075
OD_TOC.bld3.Fl_O       |        247.219     1364.403      203.569        1.676      225.463       91.009        0.370      652.900       43.922
OD_TOC.burner.Fl_O     |        233.869     2938.242      198.585        1.925      233.831       93.293        0.016       40.345     1550.003
OD_TOC.hpt.Fl_O        |         54.673     2077.146       -4.015        1.918       47.772      106.708        0.457      973.083      246.352
OD_TOC.duct11.Fl_O     |         54.394     2077.146       -4.015        1.918       49.171      106.708        0.395      843.352      278.397
OD_TOC.lpt.Fl_O        |         10.729     1417.427     -159.534        1.921        8.990      115.088        0.519      917.227     1008.797
OD_TOC.duct13.Fl_O     |         10.614     1417.427     -159.534        1.922        8.597      115.088        0.567      999.163      959.986
OD_TOC.core_nozz.Fl_O  |         10.614     1417.427     -159.534        1.922        5.688      115.088        1.000     1674.647      777.803
OD_TOC.byp_bld.Fl_O    |         12.499      560.140        3.771        1.661        9.380      681.309        0.654      728.018     2746.776
OD_TOC.duct15.Fl_O     |         12.313      560.140        3.771        1.662        8.915      681.309        0.695      770.124     2704.109
OD_TOC.byp_nozz.Fl_O   |         12.313      560.140        3.771        1.662        6.503      681.309        1.000     1059.320     2462.623
------------------------------------------------------------------------------------------------------------------------------------------------
-------------------------------------------------------------------------------------------------------------------------------------------------------------------------------------------------------
                          COMPRESSOR PROPERTIES
-------------------------------------------------------------------------------------------------------------------------------------------------------------------------------------------------------
Compressor    |           Wc         Pr      eta_a      eta_p         Nc        pwr   RlineMap      NcMap      WcMap      PRmap   alphaMap        SMN        SMW     effMap
-------------------------------------------------------------------------------------------------------------------------------------------------------------------------------------------------------
OD_TOC.fan    |     1626.473      1.820      0.910      0.918   6395.755 -25973.950      1.950      0.990      1.749    796.714      0.000     30.505      3.794      0.905
OD_TOC.lpc    |      144.945      1.202      0.926      0.927   5826.067  -1312.061      2.100      1.000      1.946     87.597      0.000     15.212     10.932      0.926
OD_TOC.hpc    |      125.273     16.697      0.908      0.936  14030.418 -30209.765      1.980      0.976      9.525     49.403      0.000     20.533     17.013      0.872
-------------------------------------------------------------------------------------------------------------------------------------------------------------------------------------------------------
---------------------------------------------------------------------------
                            BURNER PROPERTIES
---------------------------------------------------------------------------
Burner              |           dPqP        TtOut        Wfuel          FAR
OD_TOC.burner       |         0.0540      2938.24       2.2843      0.02510
--------------------------------------------------------------------------------------------------------------------------------------
                            TURBINE PROPERTIES
--------------------------------------------------------------------------------------------------------------------------------------
Turbine       |             Wp           PR        eff_a        eff_p           Np          pwr        NpMap        PRmap     alphaMap
OD_TOC.hpt    |         21.623        4.278        0.900        0.884      276.724    30682.351      100.000        6.000        1.000
OD_TOC.lpt    |         89.409        5.070        0.900        0.880      132.845    26646.897      100.000        6.000        1.000
-------------------------------------------------------------------------------------------------------------------------
                            NOZZLE PROPERTIES
-------------------------------------------------------------------------------------------------------------------------
Nozzle        |             PR           Cv          Cfg          Ath         MNth        MNout            V           Fg
OD_TOC.core_nozz|          2.000        0.993        N/A        777.803        1.000        1.000     1674.647     6246.853
OD_TOC.byp_nozz|          2.000        0.994        N/A       2462.623        1.000        1.000     1059.320    23148.492
---------------------------------------------------------------------------------------------------------------------------
                            SHAFT PROPERTIES
---------------------------------------------------------------------------------------------------------------------------
Shaft               |                 Nmech               trqin              trqout               pwrin              pwrout
OD_TOC.hp_shaft     |             15000.000           10743.139          -10577.667           30682.333          -30209.747
OD_TOC.lp_shaft     |              6054.500           23115.440          -23669.854           26646.881          -27285.995
--------------------------------------------------------------------------------------------------------------------
                            BLEED PROPERTIES
--------------------------------------------------------------------------------------------------------------------
Bleed                 |         Wb/Win        Pfrac     Workfrac            W           Tt           ht           Pt
OD_TOC.hpc.cool1      |          0.051        0.500        0.500        5.986      986.673      107.598      131.013
OD_TOC.hpc.cool2      |          0.020        0.550        0.500        2.393      986.673      107.598      142.633
OD_TOC.hpc.cust       |          0.044        0.500        0.500        5.254      986.673      107.598      131.013
OD_TOC.bld3.cool3     |          0.067        1.000        1.000        7.019     1364.403      203.569      247.219
OD_TOC.bld3.cool4     |          0.061        1.000        1.000        6.397     1364.403      203.569      247.219
OD_TOC.byp_bld.bypBld |          0.005        1.000        1.000        3.424      560.140        3.771       12.499
