


----------------------------------------------------------------------------
                              POINT: DESIGN
----------------------------------------------------------------------------
                       PERFORMANCE CHARACTERISTICS
    Mach      Alt       W      Fn      Fg    Fram     OPR     TSFC      BPR 
 0.74000  28000.0 730.082 12000.0 28852.4 16852.4  44.332  0.55743    5.900
------------------------------------------------------------------------------------------------------------------------------------------------
                            FLOW STATIONS
------------------------------------------------------------------------------------------------------------------------------------------------
------------------------------------------------------------------------------------------------------------------------------------------------
Flow Station           |          tot:P        tot:T        tot:h        tot:S       stat:P       stat:W      stat:MN       stat:V    stat:area
------------------------------------------------------------------------------------------------------------------------------------------------
DESIGN.fc.Fl_O         |          6.873      464.798      -19.097        1.657        4.776      730.082        0.740      742.670     4598.820
DESIGN.inlet.Fl_O      |          6.867      464.798      -19.097        1.657        4.949      730.082        0.700      706.205     4716.453
DESIGN.fan.Fl_O        |         11.673      549.399        1.192        1.661       10.159      730.082        0.450      506.919     3993.847
DESIGN.splitter.Fl_O1  |         11.673      549.399        1.192        1.661       10.874      105.809        0.320      363.976      767.912
DESIGN.splitter.Fl_O2  |         11.673      549.399        1.192        1.661       10.034      624.273        0.470      528.519     3304.502
DESIGN.duct4.Fl_O      |         11.617      549.399        1.192        1.661       10.773      105.809        0.330      375.113      751.094
DESIGN.lpc.Fl_O        |         17.426      622.280       18.710        1.663       16.372      105.809        0.300      363.426      579.994
DESIGN.duct6.Fl_O      |         17.250      622.280       18.710        1.664       15.850      105.809        0.350      422.669      511.871
DESIGN.hpc.Fl_O        |        304.406     1449.907      225.923        1.678      294.636       93.590        0.220      402.101       60.590
DESIGN.bld3.Fl_O       |        304.406     1449.907      225.923        1.678      287.677       81.566        0.290      528.488       40.893
DESIGN.burner.Fl_O     |        287.968     2880.000      220.891        1.902      286.126       83.425        0.100      251.777      177.664
DESIGN.hpt.Fl_O        |         57.003     1976.274        3.231        1.899       52.629       95.448        0.350      732.448      256.100
DESIGN.duct11.Fl_O     |         56.712     1976.274        3.231        1.899       53.342       95.448        0.306      642.343      289.408
DESIGN.lpt.Fl_O        |         10.335     1325.295     -149.954        1.905        9.339      102.959        0.390      674.484     1125.737
DESIGN.duct13.Fl_O     |         10.224     1325.295     -149.954        1.905        9.093      102.959        0.420      724.954     1071.291
DESIGN.core_nozz.Fl_O  |         10.224     1325.295     -149.954        1.905        5.468      102.959        1.000     1620.905      697.292
DESIGN.byp_bld.Fl_O    |         11.673      549.399        1.192        1.661       10.034      621.152        0.470      528.519     3287.979
DESIGN.duct15.Fl_O     |         11.499      549.399        1.192        1.662        9.758      621.152        0.490      550.004     3236.907
DESIGN.byp_nozz.Fl_O   |         11.499      549.399        1.192        1.662        6.073      621.152        1.000     1049.117     2380.821
------------------------------------------------------------------------------------------------------------------------------------------------
-------------------------------------------------------------------------------------------------------------------------------------------------------------------------------------------------------
                          COMPRESSOR PROPERTIES
-------------------------------------------------------------------------------------------------------------------------------------------------------------------------------------------------------
Compressor    |           Wc         Pr      eta_a      eta_p         Nc        pwr   RlineMap      NcMap      WcMap      PRmap   alphaMap        SMN        SMW     effMap
-------------------------------------------------------------------------------------------------------------------------------------------------------------------------------------------------------
DESIGN.fan    |     1479.165      1.700      0.900      0.907   5281.820 -20957.540      2.200      0.990      1.685    803.556      0.000     36.641     29.886      0.895
DESIGN.lpc    |      137.759      1.500      0.924      0.929   4858.159  -2622.453      2.150      1.000      1.935     87.666      0.000     15.987     15.644      0.924
DESIGN.hpc    |       98.738     17.647      0.907      0.935  12781.469 -29229.498      2.050      0.976      9.374     49.454      0.000     22.598     22.468      0.871
-------------------------------------------------------------------------------------------------------------------------------------------------------------------------------------------------------
---------------------------------------------------------------------------
                            BURNER PROPERTIES
---------------------------------------------------------------------------
Burner              |           dPqP        TtOut        Wfuel          FAR
DESIGN.burner       |         0.0540      2880.00       1.8581      0.02278
--------------------------------------------------------------------------------------------------------------------------------------
                            TURBINE PROPERTIES
--------------------------------------------------------------------------------------------------------------------------------------
Turbine       |             Wp           PR        eff_a        eff_p           Np          pwr        NpMap        PRmap     alphaMap
DESIGN.hpt    |         15.547        5.052        0.900        0.881      260.875    29479.500      100.000        6.000        1.000
DESIGN.lpt    |         74.820        5.488        0.900        0.878      112.473    23579.992      100.000        6.000        1.000
-------------------------------------------------------------------------------------------------------------------------
                            NOZZLE PROPERTIES
-------------------------------------------------------------------------------------------------------------------------
Nozzle        |             PR           Cv          Cfg          Ath         MNth        MNout            V           Fg
DESIGN.core_nozz|          2.141        0.993        N/A        697.292        1.000        1.000     1620.905     5634.499
DESIGN.byp_nozz|          2.407        0.994        N/A       2380.821        1.000        1.000     1049.117    23217.924
---------------------------------------------------------------------------------------------------------------------------
                            SHAFT PROPERTIES
---------------------------------------------------------------------------------------------------------------------------
Shaft               |                 Nmech               trqin              trqout               pwrin              pwrout
DESIGN.hp_shaft     |             14000.000           11059.256          -10965.467           29479.483          -29229.480
DESIGN.lp_shaft     |              5000.000           24768.943          -24768.944           23579.978          -23579.979
--------------------------------------------------------------------------------------------------------------------
                            BLEED PROPERTIES
--------------------------------------------------------------------------------------------------------------------
Bleed                 |         Wb/Win        Pfrac     Workfrac            W           Tt           ht           Pt
DESIGN.hpc.cool1      |          0.051        0.500        0.500        5.365     1045.757      122.316      160.828
DESIGN.hpc.cool2      |          0.020        0.550        0.500        2.145     1045.757      122.316      175.186
DESIGN.hpc.cust       |          0.044        0.500        0.500        4.708     1045.757      122.316      160.828
DESIGN.bld3.cool3     |          0.067        1.000        1.000        6.291     1449.907      225.923      304.406
DESIGN.bld3.cool4     |          0.061        1.000        1.000        5.733     1449.907      225.923      304.406
DESIGN.byp_bld.bypBld |          0.005        1.000        1.000        3.121      549.399        1.192       11.673



----------------------------------------------------------------------------
                              POINT: OD_TOfail
----------------------------------------------------------------------------
                       PERFORMANCE CHARACTERISTICS
    Mach      Alt       W      Fn      Fg    Fram     OPR     TSFC      BPR 
 0.18000      0.0 1564.484 46615.3 56387.8  9772.5  51.280  0.42078    5.408
------------------------------------------------------------------------------------------------------------------------------------------------
                            FLOW STATIONS
------------------------------------------------------------------------------------------------------------------------------------------------
------------------------------------------------------------------------------------------------------------------------------------------------
Flow Station           |          tot:P        tot:T        tot:h        tot:S       stat:P       stat:W      stat:MN       stat:V    stat:area
------------------------------------------------------------------------------------------------------------------------------------------------
OD_TOfail.fc.Fl_O      |         15.032      522.033       -5.375        1.631       14.696     1564.484        0.180      200.974    14658.029
OD_TOfail.inlet.Fl_O   |         15.017      522.033       -5.375        1.631        5.649     1564.484        1.269     1236.328     4716.453
OD_TOfail.fan.Fl_O     |         26.531      630.907       20.787        1.638       23.003     1564.484        0.456      550.371     3993.847
OD_TOfail.splitter.Fl_O|         26.531      630.907       20.787        1.638       24.345      244.158        0.353      428.969      767.912
OD_TOfail.splitter.Fl_O|         26.531      630.907       20.787        1.638       22.830     1320.325        0.469      564.402     3304.502
OD_TOfail.duct4.Fl_O   |         26.404      630.907       20.787        1.638       24.094      244.158        0.364      442.445      751.094
OD_TOfail.lpc.Fl_O     |         41.923      732.008       45.201        1.642       39.162      244.158        0.314      411.781      579.994
OD_TOfail.duct6.Fl_O   |         41.500      732.008       45.201        1.643       37.822      244.158        0.367      479.751      511.871
OD_TOfail.hpc.Fl_O     |        770.066     1707.094      294.486        1.658      745.865      215.962        0.219      431.723       60.590
OD_TOfail.bld3.Fl_O    |        770.066     1707.094      294.486        1.658      728.638      188.218        0.288      567.291       40.893
OD_TOfail.burner.Fl_O  |        728.483     3420.000      286.201        1.899      728.422      193.666        0.011       31.295     1550.003
OD_TOfail.hpt.Fl_O     |        146.370     2386.091       27.418        1.894      135.306      221.411        0.350      798.775      256.100
OD_TOfail.duct11.Fl_O  |        145.624     2386.091       27.418        1.894      137.098      221.411        0.306      700.538      289.408
OD_TOfail.lpt.Fl_O     |         26.706     1626.535     -158.650        1.898       24.163      238.742        0.390      742.939     1125.737
OD_TOfail.duct13.Fl_O  |         26.421     1626.535     -158.650        1.899       23.530      238.742        0.420      798.554     1071.291
OD_TOfail.core_nozz.Fl_|         26.421     1626.535     -158.650        1.899       14.696      238.742        0.971     1745.594      697.292
OD_TOfail.byp_bld.Fl_O |         26.531      630.907       20.787        1.638       22.830     1313.724        0.469      564.402     3287.979
OD_TOfail.duct15.Fl_O  |         26.136      630.907       20.787        1.639       22.206     1313.724        0.488      587.300     3236.907
OD_TOfail.byp_nozz.Fl_O|         26.136      630.907       20.787        1.639       14.696     1313.724        0.945     1072.419     2380.821
------------------------------------------------------------------------------------------------------------------------------------------------
-------------------------------------------------------------------------------------------------------------------------------------------------------------------------------------------------------
                          COMPRESSOR PROPERTIES
-------------------------------------------------------------------------------------------------------------------------------------------------------------------------------------------------------
Compressor    |           Wc         Pr      eta_a      eta_p         Nc        pwr   RlineMap      NcMap      WcMap      PRmap   alphaMap        SMN        SMW     effMap
-------------------------------------------------------------------------------------------------------------------------------------------------------------------------------------------------------
OD_TOfail.fan |     1535.999      1.767      0.845      0.857   5941.379 -57909.242      2.582      1.114      1.750    834.431      0.000     32.770     28.689      0.840
OD_TOfail.lpc |      149.877      1.588      0.875      0.883   5404.473  -8433.826      7.935      1.112      2.099     95.378      0.000     15.299     15.185      0.875
OD_TOfail.hpc |      102.715     18.556      0.903      0.932  12912.231 -81142.891      2.119      0.986      9.832     51.445      0.000     21.418     21.316      0.867
-------------------------------------------------------------------------------------------------------------------------------------------------------------------------------------------------------
---------------------------------------------------------------------------
                            BURNER PROPERTIES
---------------------------------------------------------------------------
Burner              |           dPqP        TtOut        Wfuel          FAR
OD_TOfail.burner    |         0.0540      3420.00       5.4486      0.02895
--------------------------------------------------------------------------------------------------------------------------------------
                            TURBINE PROPERTIES
--------------------------------------------------------------------------------------------------------------------------------------
Turbine       |             Wp           PR        eff_a        eff_p           Np          pwr        NpMap        PRmap     alphaMap
OD_TOfail.hpt |         15.547        4.977        0.902        0.884      262.301    81392.891      100.547        5.908        1.000
OD_TOfail.lpt |         74.269        5.453        0.900        0.880      122.024    66343.067      108.493        5.961        1.000
-------------------------------------------------------------------------------------------------------------------------
                            NOZZLE PROPERTIES
-------------------------------------------------------------------------------------------------------------------------
Nozzle        |             PR           Cv          Cfg          Ath         MNth        MNout            V           Fg
OD_TOfail.core_nozz|          1.798        0.993        N/A        697.292        0.971        0.971     1745.594    12866.106
OD_TOfail.byp_nozz|          1.778        0.994        N/A       2380.821        0.945        0.945     1072.419    43521.717
---------------------------------------------------------------------------------------------------------------------------
                            SHAFT PROPERTIES
---------------------------------------------------------------------------------------------------------------------------
Shaft               |                 Nmech               trqin              trqout               pwrin              pwrout
OD_TOfail.hp_shaft  |             15339.585           27868.056          -27782.459           81392.843          -81142.843
OD_TOfail.lp_shaft  |              5960.607           58457.314          -58457.314           66343.028          -66343.028
-----------------------------------------------------------------------------------------------------------------------
                            BLEED PROPERTIES
-----------------------------------------------------------------------------------------------------------------------
Bleed                    |         Wb/Win        Pfrac     Workfrac            W           Tt           ht           Pt
OD_TOfail.hpc.cool1      |          0.051        0.500        0.500       12.381     1233.681      169.844      405.783
OD_TOfail.hpc.cool2      |          0.020        0.550        0.500        4.950     1233.681      169.844      442.211
OD_TOfail.hpc.cust       |          0.044        0.500        0.500       10.865     1233.681      169.844      405.783
OD_TOfail.bld3.cool3     |          0.067        1.000        1.000       14.516     1707.094      294.486      770.066
OD_TOfail.bld3.cool4     |          0.061        1.000        1.000       13.229     1707.094      294.486      770.066
OD_TOfail.byp_bld.bypBld |          0.005        1.000        1.000        6.602      630.907       20.787       26.531
