


----------------------------------------------------------------------------
                              POINT: DESIGN
----------------------------------------------------------------------------
                       PERFORMANCE CHARACTERISTICS
    Mach      Alt       W      Fn      Fg    Fram     OPR     TSFC      BPR 
 0.74000  28000.0 840.988 12000.0 31412.5 19412.5  32.318  0.64731    5.900
------------------------------------------------------------------------------------------------------------------------------------------------
                            FLOW STATIONS
------------------------------------------------------------------------------------------------------------------------------------------------
------------------------------------------------------------------------------------------------------------------------------------------------
Flow Station           |          tot:P        tot:T        tot:h        tot:S       stat:P       stat:W      stat:MN       stat:V    stat:area
------------------------------------------------------------------------------------------------------------------------------------------------
DESIGN.fc.Fl_O         |          6.873      464.798      -19.097        1.657        4.776      840.988        0.740      742.670     5297.422
DESIGN.inlet.Fl_O      |          6.867      464.798      -19.097        1.657        4.949      840.988        0.700      706.205     5432.924
DESIGN.fan.Fl_O        |          9.270      511.083       -8.001        1.659        8.067      840.988        0.450      488.988     5586.838
DESIGN.splitter.Fl_O1  |          9.270      511.083       -8.001        1.659        8.635      121.882        0.320      351.111     1074.178
DESIGN.splitter.Fl_O2  |          9.270      511.083       -8.001        1.659        7.968      719.106        0.470      509.822     4622.556
DESIGN.duct4.Fl_O      |          9.225      511.083       -8.001        1.660        8.555      121.882        0.330      361.853     1050.654
DESIGN.lpc.Fl_O        |         24.908      692.044       35.532        1.664       23.404      121.882        0.300      383.008      493.222
DESIGN.duct6.Fl_O      |         24.657      692.044       35.532        1.665       22.658      121.882        0.350      445.456      435.279
DESIGN.hpc.Fl_O        |        221.912     1328.415      194.230        1.677      214.754      107.807        0.220      385.861       91.408
DESIGN.bld3.Fl_O       |        221.912     1328.415      194.230        1.677      209.656       93.957        0.290      507.111       61.697
DESIGN.burner.Fl_O     |        209.929     2790.000      189.870        1.914      208.584       96.115        0.100      248.042      276.102
DESIGN.hpt.Fl_O        |         61.252     2055.341       23.072        1.905       56.563      109.965        0.350      746.139      280.326
DESIGN.duct11.Fl_O     |         60.940     2055.341       23.072        1.906       57.327      109.965        0.306      654.337      316.791
DESIGN.lpt.Fl_O        |         18.847     1544.408      -93.631        1.905       17.047      118.616        0.390      725.026      771.003
DESIGN.duct13.Fl_O     |         18.645     1544.408      -93.631        1.905       16.599      118.616        0.420      779.335      733.670
DESIGN.core_nozz.Fl_O  |         18.645     1544.408      -93.631        1.905       10.012      118.616        1.000     1746.460      477.081
DESIGN.byp_bld.Fl_O    |          9.270      511.083       -8.001        1.659        7.968      715.510        0.470      509.822     4599.444
DESIGN.duct15.Fl_O     |          9.132      511.083       -8.001        1.660        7.749      715.510        0.490      530.543     4528.017
DESIGN.byp_nozz.Fl_O   |          9.132      511.083       -8.001        1.660        4.823      715.510        1.000     1011.878     3330.631
------------------------------------------------------------------------------------------------------------------------------------------------
-------------------------------------------------------------------------------------------------------------------------------------------------------------------------------------------------------
                          COMPRESSOR PROPERTIES
-------------------------------------------------------------------------------------------------------------------------------------------------------------------------------------------------------
Compressor    |           Wc         Pr      eta_a      eta_p         Nc        pwr   RlineMap      NcMap      WcMap      PRmap   alphaMap        SMN        SMW     effMap
-------------------------------------------------------------------------------------------------------------------------------------------------------------------------------------------------------
DESIGN.fan    |     1703.863      1.350      0.900      0.904   4225.456 -13202.168      2.200      0.990      1.685    803.556      0.000     36.641     29.886      0.895
DESIGN.lpc    |      192.733      2.700      0.924      0.934   4029.582  -7507.223      2.150      1.000      1.935     87.666      0.000     15.987     15.644      0.924
DESIGN.hpc    |       83.911      9.000      0.907      0.930  12120.112 -25786.501      2.050      0.976      9.374     49.454      0.000     22.598     22.468      0.871
-------------------------------------------------------------------------------------------------------------------------------------------------------------------------------------------------------
---------------------------------------------------------------------------
                            BURNER PROPERTIES
---------------------------------------------------------------------------
Burner              |           dPqP        TtOut        Wfuel          FAR
DESIGN.burner       |         0.0540      2790.00       2.1577      0.02296
--------------------------------------------------------------------------------------------------------------------------------------
                            TURBINE PROPERTIES
--------------------------------------------------------------------------------------------------------------------------------------
Turbine       |             Wp           PR        eff_a        eff_p           Np          pwr        NpMap        PRmap     alphaMap
DESIGN.hpt    |         24.184        3.427        0.900        0.886      265.049    26036.501      100.000        6.000        1.000
DESIGN.lpt    |         81.807        3.233        0.900        0.886       88.230    20709.391      100.000        6.000        1.000
-------------------------------------------------------------------------------------------------------------------------
                            NOZZLE PROPERTIES
-------------------------------------------------------------------------------------------------------------------------
Nozzle        |             PR           Cv          Cfg          Ath         MNth        MNout            V           Fg
DESIGN.core_nozz|          3.904        0.993        N/A        477.081        1.000        1.000     1746.460     8893.291
DESIGN.byp_nozz|          1.912        0.994        N/A       3330.631        1.000        1.000     1011.878    22519.168
---------------------------------------------------------------------------------------------------------------------------
                            SHAFT PROPERTIES
---------------------------------------------------------------------------------------------------------------------------
Shaft               |                 Nmech               trqin              trqout               pwrin              pwrout
DESIGN.hp_shaft     |             14000.000            9767.612           -9673.824           26036.486          -25786.486
DESIGN.lp_shaft     |              4000.000           27192.000          -27192.000           20709.379          -20709.379
--------------------------------------------------------------------------------------------------------------------
                            BLEED PROPERTIES
--------------------------------------------------------------------------------------------------------------------
Bleed                 |         Wb/Win        Pfrac     Workfrac            W           Tt           ht           Pt
DESIGN.hpc.cool1      |          0.051        0.500        0.500        6.180     1015.963      114.881      123.284
DESIGN.hpc.cool2      |          0.020        0.550        0.500        2.471     1015.963      114.881      133.147
DESIGN.hpc.cust       |          0.044        0.500        0.500        5.424     1015.963      114.881      123.284
DESIGN.bld3.cool3     |          0.067        1.000        1.000        7.246     1328.415      194.230      221.912
DESIGN.bld3.cool4     |          0.061        1.000        1.000        6.604     1328.415      194.230      221.912
DESIGN.byp_bld.bypBld |          0.005        1.000        1.000        3.596      511.083       -8.001        9.270



----------------------------------------------------------------------------
                              POINT: OD_TOfail
----------------------------------------------------------------------------
                       PERFORMANCE CHARACTERISTICS
    Mach      Alt       W      Fn      Fg    Fram     OPR     TSFC      BPR 
 0.18000      0.0 1760.077 49584.9 60579.2 10994.3  37.864  0.48496    5.289
------------------------------------------------------------------------------------------------------------------------------------------------
                            FLOW STATIONS
------------------------------------------------------------------------------------------------------------------------------------------------
------------------------------------------------------------------------------------------------------------------------------------------------
Flow Station           |          tot:P        tot:T        tot:h        tot:S       stat:P       stat:W      stat:MN       stat:V    stat:area
------------------------------------------------------------------------------------------------------------------------------------------------
OD_TOfail.fc.Fl_O      |         15.032      522.033       -5.375        1.631       14.696     1760.077        0.180      200.974    16490.594
OD_TOfail.inlet.Fl_O   |         15.017      522.033       -5.375        1.631       10.607     1760.077        0.722      770.169     5432.924
OD_TOfail.fan.Fl_O     |         21.703      586.601       10.128        1.634       19.159     1760.077        0.426      496.638     5586.838
OD_TOfail.splitter.Fl_O|         21.703      586.601       10.128        1.634       20.046      279.881        0.339      397.677     1074.178
OD_TOfail.splitter.Fl_O|         21.703      586.601       10.128        1.634       19.060     1480.196        0.435      506.662     4622.556
OD_TOfail.duct4.Fl_O   |         21.598      586.601       10.128        1.634       19.848      279.881        0.350      410.024     1050.654
OD_TOfail.lpc.Fl_O     |         56.937      803.450       62.556        1.644       52.854      279.881        0.329      450.671      493.222
OD_TOfail.duct6.Fl_O   |         56.362      803.450       62.556        1.645       50.907      279.881        0.385      526.120      435.279
OD_TOfail.hpc.Fl_O     |        568.601     1578.369      259.928        1.657      551.122      247.560        0.216      410.500       91.408
OD_TOfail.bld3.Fl_O    |        568.601     1578.369      259.928        1.657      538.707      215.756        0.284      539.096       61.697
OD_TOfail.burner.Fl_O  |        537.897     3420.000      252.123        1.922      537.788      222.435        0.018       48.684     1550.003
OD_TOfail.hpt.Fl_O     |        158.195     2555.253       47.671        1.910      146.113      254.239        0.352      831.047      280.326
OD_TOfail.duct11.Fl_O  |        157.388     2555.252       47.671        1.911      148.082      254.239        0.308      728.652      316.791
OD_TOfail.lpt.Fl_O     |         49.199     1946.751      -97.177        1.909       44.553      274.106        0.391      809.302      771.003
OD_TOfail.duct13.Fl_O  |         48.672     1946.751      -97.177        1.909       43.393      274.106        0.421      869.973      733.670
OD_TOfail.core_nozz.Fl_|         48.672     1946.751      -97.177        1.909       26.340      274.106        1.000     1953.165      477.081
OD_TOfail.byp_bld.Fl_O |         21.703      586.601       10.128        1.634       19.060     1472.795        0.435      506.662     4599.444
OD_TOfail.duct15.Fl_O  |         21.379      586.601       10.128        1.635       18.580     1472.795        0.452      526.377     4528.017
OD_TOfail.byp_nozz.Fl_O|         21.379      586.601       10.128        1.635       14.696     1472.795        0.752      846.114     3330.631
------------------------------------------------------------------------------------------------------------------------------------------------
-------------------------------------------------------------------------------------------------------------------------------------------------------------------------------------------------------
                          COMPRESSOR PROPERTIES
-------------------------------------------------------------------------------------------------------------------------------------------------------------------------------------------------------
Compressor    |           Wc         Pr      eta_a      eta_p         Nc        pwr   RlineMap      NcMap      WcMap      PRmap   alphaMap        SMN        SMW     effMap
-------------------------------------------------------------------------------------------------------------------------------------------------------------------------------------------------------
OD_TOfail.fan |     1728.032      1.445      0.896      0.902   4539.630 -38606.177      1.856      1.064      1.871    814.954      0.000     22.612     18.213      0.891
OD_TOfail.lpc |      202.524      2.636      0.856      0.874   4282.505 -20760.992      3.958      1.063      1.900     92.120      0.000     23.464     23.270      0.856
OD_TOfail.hpc |       90.828     10.088      0.901      0.926  12377.393 -73644.640      2.104      0.997     10.514     53.530      0.000     17.963     17.850      0.865
-------------------------------------------------------------------------------------------------------------------------------------------------------------------------------------------------------
---------------------------------------------------------------------------
                            BURNER PROPERTIES
---------------------------------------------------------------------------
Burner              |           dPqP        TtOut        Wfuel          FAR
OD_TOfail.burner    |         0.0540      3420.00       6.6796      0.03096
--------------------------------------------------------------------------------------------------------------------------------------
                            TURBINE PROPERTIES
--------------------------------------------------------------------------------------------------------------------------------------
Turbine       |             Wp           PR        eff_a        eff_p           Np          pwr        NpMap        PRmap     alphaMap
OD_TOfail.hpt |         24.183        3.400        0.900        0.887      263.421    73894.641       99.386        5.944        1.000
OD_TOfail.lpt |         81.656        3.199        0.900        0.887       90.096    59367.169      102.115        5.923        1.000
-------------------------------------------------------------------------------------------------------------------------
                            NOZZLE PROPERTIES
-------------------------------------------------------------------------------------------------------------------------
Nozzle        |             PR           Cv          Cfg          Ath         MNth        MNout            V           Fg
OD_TOfail.core_nozz|          3.312        0.993        N/A        477.081        1.000        1.000     1953.165    22083.772
OD_TOfail.byp_nozz|          1.455        0.994        N/A       3330.631        0.752        0.752      846.114    38495.396
---------------------------------------------------------------------------------------------------------------------------
                            SHAFT PROPERTIES
---------------------------------------------------------------------------------------------------------------------------
Shaft               |                 Nmech               trqin              trqout               pwrin              pwrout
OD_TOfail.hp_shaft  |             15405.048           25193.222          -25107.988           73894.597          -73644.597
OD_TOfail.lp_shaft  |              4554.322           68463.083          -68463.083           59367.134          -59367.134
-----------------------------------------------------------------------------------------------------------------------
                            BLEED PROPERTIES
-----------------------------------------------------------------------------------------------------------------------
Bleed                    |         Wb/Win        Pfrac     Workfrac            W           Tt           ht           Pt
OD_TOfail.hpc.cool1      |          0.051        0.500        0.500       14.192     1199.996      161.242      312.482
OD_TOfail.hpc.cool2      |          0.020        0.550        0.500        5.674     1199.996      161.242      338.094
OD_TOfail.hpc.cust       |          0.044        0.500        0.500       12.455     1199.996      161.242      312.482
OD_TOfail.bld3.cool3     |          0.067        1.000        1.000       16.639     1578.369      259.928      568.601
OD_TOfail.bld3.cool4     |          0.061        1.000        1.000       15.165     1578.369      259.928      568.601
OD_TOfail.byp_bld.bypBld |          0.005        1.000        1.000        7.401      586.601       10.128       21.703
