


----------------------------------------------------------------------------
                              POINT: DESIGN
----------------------------------------------------------------------------
                       PERFORMANCE CHARACTERISTICS
    Mach      Alt       W      Fn      Fg    Fram     OPR     TSFC      BPR 
 0.74000  28000.0 695.677 10000.0 26058.3 16058.3  30.083  0.69867    5.900
------------------------------------------------------------------------------------------------------------------------------------------------
                            FLOW STATIONS
------------------------------------------------------------------------------------------------------------------------------------------------
------------------------------------------------------------------------------------------------------------------------------------------------
Flow Station           |          tot:P        tot:T        tot:h        tot:S       stat:P       stat:W      stat:MN       stat:V    stat:area
------------------------------------------------------------------------------------------------------------------------------------------------
DESIGN.fc.Fl_O         |          6.873      464.798      -19.097        1.657        4.776      695.677        0.740      742.670     4382.102
DESIGN.inlet.Fl_O      |          6.867      464.798      -19.097        1.657        4.949      695.677        0.700      706.205     4494.191
DESIGN.fan.Fl_O        |          8.927      505.044       -9.450        1.659        7.768      695.677        0.450      486.099     4770.736
DESIGN.splitter.Fl_O1  |          8.927      505.044       -9.450        1.659        8.315      100.823        0.320      349.037      917.263
DESIGN.splitter.Fl_O2  |          8.927      505.044       -9.450        1.659        7.673      594.854        0.470      506.809     3947.314
DESIGN.duct4.Fl_O      |          8.884      505.044       -9.450        1.659        8.238      100.823        0.330      359.716      897.176
DESIGN.lpc.Fl_O        |         23.986      683.925       33.571        1.664       22.537      100.823        0.300      380.788      421.163
DESIGN.duct6.Fl_O      |         23.744      683.925       33.571        1.665       21.819      100.823        0.350      442.872      371.687
DESIGN.hpc.Fl_O        |        206.570     1301.416      187.250        1.676      199.899       89.180        0.220      382.142       80.354
DESIGN.bld3.Fl_O       |        206.570     1301.416      187.250        1.676      195.148       77.723        0.290      502.216       54.236
DESIGN.burner.Fl_O     |        195.415     2880.000      182.689        1.931      194.167       79.663        0.100      251.646      250.134
DESIGN.hpt.Fl_O        |         62.137     2156.482       21.099        1.920       57.395       91.120        0.350      762.989      234.942
DESIGN.duct11.Fl_O     |         61.820     2156.482       21.099        1.920       58.167       91.120        0.306      669.095      265.510
DESIGN.lpt.Fl_O        |         22.775     1683.180      -84.823        1.917       20.611       98.277        0.390      754.827      553.388
DESIGN.duct13.Fl_O     |         22.531     1683.180      -84.823        1.917       20.072       98.277        0.420      811.403      526.573
DESIGN.core_nozz.Fl_O  |         22.531     1683.180      -84.823        1.917       12.132       98.277        1.000     1820.783      342.219
DESIGN.byp_bld.Fl_O    |          8.927      505.044       -9.450        1.659        7.673      591.880        0.470      506.809     3927.577
DESIGN.duct15.Fl_O     |          8.794      505.044       -9.450        1.660        7.462      591.880        0.490      527.408     3866.586
DESIGN.byp_nozz.Fl_O   |          8.794      505.044       -9.450        1.660        4.776      591.880        0.976      985.386     2845.549
------------------------------------------------------------------------------------------------------------------------------------------------
-------------------------------------------------------------------------------------------------------------------------------------------------------------------------------------------------------
                          COMPRESSOR PROPERTIES
-------------------------------------------------------------------------------------------------------------------------------------------------------------------------------------------------------
Compressor    |           Wc         Pr      eta_a      eta_p         Nc        pwr   RlineMap      NcMap      WcMap      PRmap   alphaMap        SMN        SMW     effMap
-------------------------------------------------------------------------------------------------------------------------------------------------------------------------------------------------------
DESIGN.fan    |     1409.459      1.300      0.900      0.904   4225.456  -9495.546      2.200      0.990      1.685    803.556      0.000     36.641     29.886      0.895
DESIGN.lpc    |      164.582      2.700      0.924      0.934   4053.602  -6136.897      2.150      1.000      1.935     87.666      0.000     15.987     15.644      0.924
DESIGN.hpc    |       71.658      8.700      0.907      0.930  11320.997 -20656.438      2.050      0.976      9.374     49.454      0.000     22.598     22.468      0.871
-------------------------------------------------------------------------------------------------------------------------------------------------------------------------------------------------------
---------------------------------------------------------------------------
                            BURNER PROPERTIES
---------------------------------------------------------------------------
Burner              |           dPqP        TtOut        Wfuel          FAR
DESIGN.burner       |         0.0540      2880.00       1.9408      0.02497
--------------------------------------------------------------------------------------------------------------------------------------
                            TURBINE PROPERTIES
--------------------------------------------------------------------------------------------------------------------------------------
Turbine       |             Wp           PR        eff_a        eff_p           Np          pwr        NpMap        PRmap     alphaMap
DESIGN.hpt    |         21.877        3.145        0.900        0.887      242.241    20906.438      100.000        6.000        1.000
DESIGN.lpt    |         68.448        2.714        0.900        0.888       86.136    15632.443      100.000        6.000        1.000
-------------------------------------------------------------------------------------------------------------------------
                            NOZZLE PROPERTIES
-------------------------------------------------------------------------------------------------------------------------
Nozzle        |             PR           Cv          Cfg          Ath         MNth        MNout            V           Fg
DESIGN.core_nozz|          4.717        0.993        N/A        342.219        1.000        1.000     1820.783     8041.454
DESIGN.byp_nozz|          1.841        0.994        N/A       2845.549        0.976        0.976      985.386    18016.802
---------------------------------------------------------------------------------------------------------------------------
                            SHAFT PROPERTIES
---------------------------------------------------------------------------------------------------------------------------
Shaft               |                 Nmech               trqin              trqout               pwrin              pwrout
DESIGN.hp_shaft     |             13000.000            8446.378           -8345.376           20906.426          -20656.426
DESIGN.lp_shaft     |              4000.000           20525.828          -20525.828           15632.434          -15632.434
--------------------------------------------------------------------------------------------------------------------
                            BLEED PROPERTIES
--------------------------------------------------------------------------------------------------------------------
Bleed                 |         Wb/Win        Pfrac     Workfrac            W           Tt           ht           Pt
DESIGN.hpc.cool1      |          0.051        0.500        0.500        5.113      997.997      110.411      115.157
DESIGN.hpc.cool2      |          0.020        0.550        0.500        2.044      997.997      110.411      124.298
DESIGN.hpc.cust       |          0.044        0.500        0.500        4.487      997.997      110.411      115.157
DESIGN.bld3.cool3     |          0.067        1.000        1.000        5.994     1301.416      187.250      206.570
DESIGN.bld3.cool4     |          0.061        1.000        1.000        5.463     1301.416      187.250      206.570
DESIGN.byp_bld.bypBld |          0.005        1.000        1.000        2.974      505.044       -9.450        8.927



----------------------------------------------------------------------------
                              POINT: OD_TOfail
----------------------------------------------------------------------------
                       PERFORMANCE CHARACTERISTICS
    Mach      Alt       W      Fn      Fg    Fram     OPR     TSFC      BPR 
 0.18000      0.0 1391.513 38023.4 46715.4  8692.1  33.152  0.51770    5.284
------------------------------------------------------------------------------------------------------------------------------------------------
                            FLOW STATIONS
------------------------------------------------------------------------------------------------------------------------------------------------
------------------------------------------------------------------------------------------------------------------------------------------------
Flow Station           |          tot:P        tot:T        tot:h        tot:S       stat:P       stat:W      stat:MN       stat:V    stat:area
------------------------------------------------------------------------------------------------------------------------------------------------
OD_TOfail.fc.Fl_O      |         15.032      522.033       -5.375        1.631       14.696     1391.513        0.180      200.974    13037.425
OD_TOfail.inlet.Fl_O   |         15.017      522.033       -5.375        1.631       11.234     1391.513        0.657      706.480     4494.191
OD_TOfail.fan.Fl_O     |         20.605      577.304        7.894        1.634       18.368     1391.513        0.409      473.310     4770.736
OD_TOfail.splitter.Fl_O|         20.605      577.304        7.894        1.634       19.139      221.452        0.326      380.431      917.263
OD_TOfail.splitter.Fl_O|         20.605      577.304        7.894        1.634       18.283     1170.061        0.417      482.601     3947.314
OD_TOfail.duct4.Fl_O   |         20.506      577.304        7.894        1.634       18.959      221.452        0.337      392.127      897.176
OD_TOfail.lpc.Fl_O     |         52.424      776.912       56.098        1.641       48.749      221.452        0.325      438.003      421.163
OD_TOfail.duct6.Fl_O   |         51.894      776.912       56.098        1.642       46.989      221.452        0.380      511.042      371.687
OD_TOfail.hpc.Fl_O     |        497.838     1509.048      241.517        1.655      482.370      195.878        0.217      403.551       80.354
OD_TOfail.bld3.Fl_O    |        497.838     1509.048      241.517        1.655      471.378      170.714        0.285      530.042       54.236
OD_TOfail.burner.Fl_O  |        470.955     3420.000      234.021        1.932      470.877      176.182        0.016       44.041     1550.003
OD_TOfail.hpt.Fl_O     |        150.400     2589.901       41.921        1.919      138.896      201.346        0.353      837.331      234.942
OD_TOfail.duct11.Fl_O  |        149.633     2589.901       41.921        1.919      140.773      201.346        0.309      734.107      265.510
OD_TOfail.lpt.Fl_O     |         55.713     2043.470      -84.577        1.915       50.472      217.065        0.391      827.643      553.388
OD_TOfail.duct13.Fl_O  |         55.117     2043.470      -84.577        1.915       49.160      217.065        0.421      889.718      526.573
OD_TOfail.core_nozz.Fl_|         55.117     2043.470      -84.577        1.915       29.873      217.065        1.000     1999.556      342.219
OD_TOfail.byp_bld.Fl_O |         20.605      577.304        7.894        1.634       18.283     1164.211        0.417      482.601     3927.577
OD_TOfail.duct15.Fl_O  |         20.298      577.304        7.894        1.635       17.841     1164.211        0.433      501.004     3866.586
OD_TOfail.byp_nozz.Fl_O|         20.298      577.304        7.894        1.635       14.696     1164.211        0.695      781.936     2845.549
------------------------------------------------------------------------------------------------------------------------------------------------
-------------------------------------------------------------------------------------------------------------------------------------------------------------------------------------------------------
                          COMPRESSOR PROPERTIES
-------------------------------------------------------------------------------------------------------------------------------------------------------------------------------------------------------
Compressor    |           Wc         Pr      eta_a      eta_p         Nc        pwr   RlineMap      NcMap      WcMap      PRmap   alphaMap        SMN        SMW     effMap
-------------------------------------------------------------------------------------------------------------------------------------------------------------------------------------------------------
OD_TOfail.fan |     1366.178      1.372      0.893      0.898   4342.725 -26123.274      1.608      1.017      1.850    778.881      0.000     19.739     15.563      0.888
OD_TOfail.lpc |      167.439      2.557      0.883      0.898   4129.609 -15103.382      2.782      1.019      1.856     89.188      0.000     22.811     22.497      0.884
OD_TOfail.hpc |       76.754      9.593      0.902      0.926  11528.131 -54741.401      2.101      0.994     10.346     52.970      0.000     18.668     18.589      0.866
-------------------------------------------------------------------------------------------------------------------------------------------------------------------------------------------------------
---------------------------------------------------------------------------
                            BURNER PROPERTIES
---------------------------------------------------------------------------
Burner              |           dPqP        TtOut        Wfuel          FAR
OD_TOfail.burner    |         0.0540      3420.00       5.4680      0.03203
--------------------------------------------------------------------------------------------------------------------------------------
                            TURBINE PROPERTIES
--------------------------------------------------------------------------------------------------------------------------------------
Turbine       |             Wp           PR        eff_a        eff_p           Np          pwr        NpMap        PRmap     alphaMap
OD_TOfail.hpt |         21.877        3.131        0.900        0.888      241.261    54991.401       99.595        5.968        1.000
OD_TOfail.lpt |         68.479        2.686        0.899        0.889       85.610    41226.656       99.389        5.917        1.000
-------------------------------------------------------------------------------------------------------------------------
                            NOZZLE PROPERTIES
-------------------------------------------------------------------------------------------------------------------------
Nozzle        |             PR           Cv          Cfg          Ath         MNth        MNout            V           Fg
OD_TOfail.core_nozz|          3.750        0.993        N/A        342.219        1.000        1.000     1999.556    18593.787
OD_TOfail.byp_nozz|          1.381        0.994        N/A       2845.549        0.695        0.695      781.936    28121.617
---------------------------------------------------------------------------------------------------------------------------
                            SHAFT PROPERTIES
---------------------------------------------------------------------------------------------------------------------------
Shaft               |                 Nmech               trqin              trqout               pwrin              pwrout
OD_TOfail.hp_shaft  |             14109.102           20470.536          -20377.473           54991.368          -54741.368
OD_TOfail.lp_shaft  |              4356.780           49698.845          -49698.845           41226.631          -41226.631
-----------------------------------------------------------------------------------------------------------------------
                            BLEED PROPERTIES
-----------------------------------------------------------------------------------------------------------------------
Bleed                    |         Wb/Win        Pfrac     Workfrac            W           Tt           ht           Pt
OD_TOfail.hpc.cool1      |          0.051        0.500        0.500       11.229     1151.046      148.807      274.866
OD_TOfail.hpc.cool2      |          0.020        0.550        0.500        4.490     1151.046      148.807      297.163
OD_TOfail.hpc.cust       |          0.044        0.500        0.500        9.855     1151.046      148.807      274.866
OD_TOfail.bld3.cool3     |          0.067        1.000        1.000       13.166     1509.048      241.517      497.838
OD_TOfail.bld3.cool4     |          0.061        1.000        1.000       11.999     1509.048      241.517      497.838
OD_TOfail.byp_bld.bypBld |          0.005        1.000        1.000        5.850      577.304        7.894       20.605
