


----------------------------------------------------------------------------
                              POINT: DESIGN
----------------------------------------------------------------------------
                       PERFORMANCE CHARACTERISTICS
    Mach      Alt       W      Fn      Fg    Fram     OPR     TSFC      BPR 
 0.74000  28000.0 526.314  6773.6 18922.5 12148.9  38.421  0.56587    8.000
------------------------------------------------------------------------------------------------------------------------------------------------
                            FLOW STATIONS
------------------------------------------------------------------------------------------------------------------------------------------------
------------------------------------------------------------------------------------------------------------------------------------------------
Flow Station           |          tot:P        tot:T        tot:h        tot:S       stat:P       stat:W      stat:MN       stat:V    stat:area
------------------------------------------------------------------------------------------------------------------------------------------------
DESIGN.fc.Fl_O         |          6.873      464.798      -19.097        1.657        4.776      526.314        0.740      742.670     3315.276
DESIGN.inlet.Fl_O      |          6.867      464.798      -19.097        1.657        4.949      526.314        0.700      706.205     3400.077
DESIGN.fan.Fl_O        |         11.673      549.399        1.192        1.661       10.159      526.314        0.450      506.919     2879.153
DESIGN.splitter.Fl_O1  |         11.673      549.399        1.192        1.661       10.874       58.479        0.320      363.976      424.415
DESIGN.splitter.Fl_O2  |         11.673      549.399        1.192        1.661       10.034      467.835        0.470      528.519     2476.417
DESIGN.duct4.Fl_O      |         11.617      549.399        1.192        1.661       10.773       58.479        0.330      375.113      415.120
DESIGN.lpc.Fl_O        |         16.264      609.291       15.584        1.663       15.280       58.479        0.300      359.649      339.815
DESIGN.duct6.Fl_O      |         16.100      609.291       15.584        1.664       14.793       58.479        0.350      418.273      299.904
DESIGN.hpc.Fl_O        |        263.819     1393.417      211.129        1.677      255.332       51.726        0.220      394.646       37.835
DESIGN.bld3.Fl_O       |        263.819     1393.417      211.129        1.677      249.287       45.081        0.290      518.675       25.536
DESIGN.burner.Fl_O     |        249.572     2880.000      206.257        1.913      247.977       46.145        0.100      251.727      113.414
DESIGN.hpt.Fl_O        |         54.302     2008.776       -0.585        1.907       50.140       52.791        0.350      737.996      149.999
DESIGN.duct11.Fl_O     |         54.025     2008.776       -0.585        1.908       50.818       52.791        0.306      647.202      169.510
DESIGN.lpt.Fl_O        |          6.753     1241.540     -184.500        1.917        6.100       56.942        0.390      653.855      920.726
DESIGN.duct13.Fl_O     |          6.681     1241.540     -184.500        1.918        5.939       56.942        0.420      702.761      876.218
DESIGN.core_nozz.Fl_O  |          6.681     1241.540     -184.500        1.918        5.579       56.942        0.522      866.226      744.448
DESIGN.byp_bld.Fl_O    |         11.673      549.399        1.192        1.661       10.034      465.495        0.470      528.519     2464.035
DESIGN.duct15.Fl_O     |         11.499      549.399        1.192        1.662        9.758      465.495        0.490      550.004     2425.761
DESIGN.byp_nozz.Fl_O   |         11.499      549.399        1.192        1.662        6.073      465.495        1.000     1049.117     1784.204
------------------------------------------------------------------------------------------------------------------------------------------------
-------------------------------------------------------------------------------------------------------------------------------------------------------------------------------------------------------
                          COMPRESSOR PROPERTIES
-------------------------------------------------------------------------------------------------------------------------------------------------------------------------------------------------------
Compressor    |           Wc         Pr      eta_a      eta_p         Nc        pwr   RlineMap      NcMap      WcMap      PRmap   alphaMap        SMN        SMW     effMap
-------------------------------------------------------------------------------------------------------------------------------------------------------------------------------------------------------
DESIGN.fan    |     1066.326      1.700      0.900      0.907  14260.913 -15108.229      2.200      0.990      1.685    803.556      0.000     36.641     29.886      0.895
DESIGN.lpc    |       76.138      1.400      0.924      0.928  13117.029  -1190.790      2.150      1.000      1.935     87.666      0.000     15.987     15.644      0.924
DESIGN.hpc    |       57.856     16.387      0.907      0.935  14807.479 -15245.104      2.050      0.976      9.374     49.454      0.000     22.598     22.468      0.871
-------------------------------------------------------------------------------------------------------------------------------------------------------------------------------------------------------
---------------------------------------------------------------------------
                            BURNER PROPERTIES
---------------------------------------------------------------------------
Burner              |           dPqP        TtOut        Wfuel          FAR
DESIGN.burner       |         0.0540      2880.00       1.0647      0.02362
--------------------------------------------------------------------------------------------------------------------------------------
                            TURBINE PROPERTIES
--------------------------------------------------------------------------------------------------------------------------------------
Turbine       |             Wp           PR        eff_a        eff_p           Np          pwr        NpMap        PRmap     alphaMap
DESIGN.hpt    |          9.923        4.596        0.900        0.883      299.055    15495.104      100.000        6.000        1.000
DESIGN.lpt    |         43.796        8.000        0.900        0.873      301.209    15486.101      100.000        6.000        1.000
-------------------------------------------------------------------------------------------------------------------------
                            NOZZLE PROPERTIES
-------------------------------------------------------------------------------------------------------------------------
Nozzle        |             PR           Cv          Cfg          Ath         MNth        MNout            V           Fg
DESIGN.core_nozz|          1.198        0.993        N/A        744.448        0.522        0.522      866.226     1522.780
DESIGN.byp_nozz|          2.407        0.994        N/A       1784.204        1.000        1.000     1049.117    17399.677
---------------------------------------------------------------------------------------------------------------------------
                            SHAFT PROPERTIES
---------------------------------------------------------------------------------------------------------------------------
Shaft               |                 Nmech               trqin              trqout               pwrin              pwrout
DESIGN.hp_shaft     |             16049.000            5070.845           -4989.031           15495.095          -15245.095
DESIGN.lp_shaft     |             13500.000            6024.793           -6341.055           15486.092          -16299.009
--------------------------------------------------------------------------------------------------------------------
                            BLEED PROPERTIES
--------------------------------------------------------------------------------------------------------------------
Bleed                 |         Wb/Win        Pfrac     Workfrac            W           Tt           ht           Pt
DESIGN.hpc.cool1      |          0.051        0.500        0.500        2.965     1009.839      113.356      139.959
DESIGN.hpc.cool2      |          0.020        0.550        0.500        1.186     1009.839      113.356      152.345
DESIGN.hpc.cust       |          0.044        0.500        0.500        2.602     1009.839      113.356      139.959
DESIGN.bld3.cool3     |          0.067        1.000        1.000        3.477     1393.417      211.129      263.819
DESIGN.bld3.cool4     |          0.061        1.000        1.000        3.169     1393.417      211.129      263.819
DESIGN.byp_bld.bypBld |          0.005        1.000        1.000        2.339      549.399        1.192       11.673
