


----------------------------------------------------------------------------
                              POINT: DESIGN
----------------------------------------------------------------------------
                       PERFORMANCE CHARACTERISTICS
    Mach      Alt       W      Fn      Fg    Fram     OPR     TSFC      BPR 
 0.74000  28000.0 469.180 10000.0 20830.0 10830.0  53.100  0.72318    2.900
------------------------------------------------------------------------------------------------------------------------------------------------
                            FLOW STATIONS
------------------------------------------------------------------------------------------------------------------------------------------------
------------------------------------------------------------------------------------------------------------------------------------------------
Flow Station           |          tot:P        tot:T        tot:h        tot:S       stat:P       stat:W      stat:MN       stat:V    stat:area
------------------------------------------------------------------------------------------------------------------------------------------------
DESIGN.fc.Fl_O         |          6.873      464.798      -19.097        1.657        4.776      469.180        0.740      742.670     2955.385
DESIGN.inlet.Fl_O      |          6.867      464.798      -19.097        1.657        4.949      469.180        0.700      706.205     3030.981
DESIGN.fan.Fl_O        |          9.613      516.963       -6.591        1.660        8.366      469.180        0.450      491.784     3022.830
DESIGN.splitter.Fl_O1  |          9.613      516.963       -6.591        1.660        8.955      120.303        0.320      353.117     1028.276
DESIGN.splitter.Fl_O2  |          9.613      516.963       -6.591        1.660        8.263      348.877        0.470      512.738     2175.004
DESIGN.duct4.Fl_O      |          9.567      516.963       -6.591        1.660        8.872      120.303        0.330      363.921     1005.757
DESIGN.lpc.Fl_O        |         33.485      756.537       51.148        1.666       31.466      120.303        0.300      400.144      378.938
DESIGN.duct6.Fl_O      |         33.146      756.537       51.148        1.666       30.464      120.303        0.350      465.402      334.411
DESIGN.hpc.Fl_O        |        364.611     1524.791      245.685        1.679      352.943      106.410        0.220      411.749       59.067
DESIGN.bld3.Fl_O       |        364.611     1524.791      245.685        1.679      344.630       92.739        0.290      541.187       39.864
DESIGN.burner.Fl_O     |        344.922     2880.000      240.476        1.889      342.715       94.748        0.100      251.844      168.417
DESIGN.hpt.Fl_O        |         77.036     2029.559       36.107        1.885       71.131      108.419        0.350      741.892      218.244
DESIGN.duct11.Fl_O     |         76.643     2029.559       36.107        1.885       72.093      108.419        0.306      650.620      246.630
DESIGN.lpt.Fl_O        |         27.239     1577.924      -65.251        1.885       24.639      116.958        0.390      732.589      531.883
DESIGN.duct13.Fl_O     |         26.947     1577.924      -65.251        1.885       23.992      116.958        0.420      787.468      506.126
DESIGN.core_nozz.Fl_O  |         26.947     1577.924      -65.251        1.885       14.475      116.958        1.000     1765.007      329.092
DESIGN.byp_bld.Fl_O    |          9.613      516.963       -6.591        1.660        8.263      347.133        0.470      512.738     2164.129
DESIGN.duct15.Fl_O     |          9.470      516.963       -6.591        1.661        8.036      347.133        0.490      533.578     2130.521
DESIGN.byp_nozz.Fl_O   |          9.470      516.963       -6.591        1.661        5.001      347.133        1.000     1017.682     1567.116
------------------------------------------------------------------------------------------------------------------------------------------------
-------------------------------------------------------------------------------------------------------------------------------------------------------------------------------------------------------
                          COMPRESSOR PROPERTIES
-------------------------------------------------------------------------------------------------------------------------------------------------------------------------------------------------------
Compressor    |           Wc         Pr      eta_a      eta_p         Nc        pwr   RlineMap      NcMap      WcMap      PRmap   alphaMap        SMN        SMW     effMap
-------------------------------------------------------------------------------------------------------------------------------------------------------------------------------------------------------
DESIGN.fan    |      950.570      1.400      0.900      0.905   4225.456  -8301.642      2.200      0.990      1.685    803.556      0.000     36.641     29.886      0.895
DESIGN.lpc    |      184.493      3.500      0.924      0.936   4006.597  -9827.864      2.150      1.000      1.935     87.666      0.000     15.987     15.644      0.924
DESIGN.hpc    |       64.418     11.000      0.907      0.931  11592.006 -31200.208      2.050      0.976      9.374     49.454      0.000     22.598     22.468      0.871
-------------------------------------------------------------------------------------------------------------------------------------------------------------------------------------------------------
---------------------------------------------------------------------------
                            BURNER PROPERTIES
---------------------------------------------------------------------------
Burner              |           dPqP        TtOut        Wfuel          FAR
DESIGN.burner       |         0.0540      2880.00       2.0088      0.02166
--------------------------------------------------------------------------------------------------------------------------------------
                            TURBINE PROPERTIES
--------------------------------------------------------------------------------------------------------------------------------------
Turbine       |             Wp           PR        eff_a        eff_p           Np          pwr        NpMap        PRmap     alphaMap
DESIGN.hpt    |         14.742        4.477        0.900        0.883      260.875    31450.208      100.000        6.000        1.000
DESIGN.lpt    |         63.728        2.814        0.900        0.888       88.789    18129.506      100.000        6.000        1.000
-------------------------------------------------------------------------------------------------------------------------
                            NOZZLE PROPERTIES
-------------------------------------------------------------------------------------------------------------------------
Nozzle        |             PR           Cv          Cfg          Ath         MNth        MNout            V           Fg
DESIGN.core_nozz|          5.642        0.993        N/A        329.092        1.000        1.000     1765.007     9564.812
DESIGN.byp_nozz|          1.983        0.994        N/A       1567.116        1.000        1.000     1017.682    11265.228
---------------------------------------------------------------------------------------------------------------------------
                            SHAFT PROPERTIES
---------------------------------------------------------------------------------------------------------------------------
Shaft               |                 Nmech               trqin              trqout               pwrin              pwrout
DESIGN.hp_shaft     |             14000.000           11798.568          -11704.780           31450.189          -31200.189
DESIGN.lp_shaft     |              4000.000           23804.540          -23804.540           18129.495          -18129.495
--------------------------------------------------------------------------------------------------------------------
                            BLEED PROPERTIES
--------------------------------------------------------------------------------------------------------------------
Bleed                 |         Wb/Win        Pfrac     Workfrac            W           Tt           ht           Pt
DESIGN.hpc.cool1      |          0.051        0.500        0.500        6.100     1149.504      148.417      198.879
DESIGN.hpc.cool2      |          0.020        0.550        0.500        2.439     1149.504      148.417      215.452
DESIGN.hpc.cust       |          0.044        0.500        0.500        5.353     1149.504      148.417      198.879
DESIGN.bld3.cool3     |          0.067        1.000        1.000        7.152     1524.791      245.685      364.611
DESIGN.bld3.cool4     |          0.061        1.000        1.000        6.518     1524.791      245.685      364.611
DESIGN.byp_bld.bypBld |          0.005        1.000        1.000        1.744      516.963       -6.591        9.613



----------------------------------------------------------------------------
                              POINT: OD_TOfail
----------------------------------------------------------------------------
                       PERFORMANCE CHARACTERISTICS
    Mach      Alt       W      Fn      Fg    Fram     OPR     TSFC      BPR 
 0.18000      0.0 984.864 35882.8 42034.7  6151.9  59.712  0.58031    2.649
------------------------------------------------------------------------------------------------------------------------------------------------
                            FLOW STATIONS
------------------------------------------------------------------------------------------------------------------------------------------------
------------------------------------------------------------------------------------------------------------------------------------------------
Flow Station           |          tot:P        tot:T        tot:h        tot:S       stat:P       stat:W      stat:MN       stat:V    stat:area
------------------------------------------------------------------------------------------------------------------------------------------------
OD_TOfail.fc.Fl_O      |         15.032      522.033       -5.375        1.631       14.696      984.864        0.180      200.974     9227.429
OD_TOfail.inlet.Fl_O   |         15.017      522.033       -5.375        1.631       10.558      984.864        0.728      775.025     3030.981
OD_TOfail.fan.Fl_O     |         22.124      590.013       10.948        1.634       19.424      984.864        0.435      508.761     3022.830
OD_TOfail.splitter.Fl_O|         22.124      590.013       10.948        1.634       20.468      269.880        0.335      394.782     1028.276
OD_TOfail.splitter.Fl_O|         22.124      590.013       10.948        1.634       19.366      714.984        0.440      514.407     2175.004
OD_TOfail.duct4.Fl_O   |         22.018      590.013       10.948        1.635       20.269      269.880        0.346      407.006     1005.757
OD_TOfail.lpc.Fl_O     |         76.415      874.664       79.963        1.645       71.220      269.880        0.320      457.545      378.938
OD_TOfail.duct6.Fl_O   |         75.644      874.664       79.963        1.645       68.714      269.880        0.374      533.526      334.411
OD_TOfail.hpc.Fl_O     |        896.694     1779.715      314.186        1.658      868.847      238.713        0.218      438.159       59.067
OD_TOfail.bld3.Fl_O    |        896.694     1779.715      314.186        1.658      849.037      208.046        0.287      575.662       39.864
OD_TOfail.burner.Fl_O  |        848.272     3420.000      305.687        1.888      848.209      213.830        0.011       29.674     1550.003
OD_TOfail.hpt.Fl_O     |        191.020     2444.062       62.420        1.882      176.421      244.498        0.352      813.005      218.244
OD_TOfail.duct11.Fl_O  |        190.046     2444.062       62.420        1.882      178.800      244.498        0.308      712.875      246.630
OD_TOfail.lpt.Fl_O     |         68.070     1919.420      -59.414        1.880       61.635      263.654        0.391      804.093      531.883
OD_TOfail.duct13.Fl_O  |         67.341     1919.420      -59.414        1.881       60.028      263.654        0.421      864.371      506.126
OD_TOfail.core_nozz.Fl_|         67.341     1919.420      -59.414        1.881       36.409      263.654        1.000     1940.332      329.092
OD_TOfail.byp_bld.Fl_O |         22.124      590.013       10.948        1.634       19.366      711.409        0.440      514.407     2164.129
OD_TOfail.duct15.Fl_O  |         21.794      590.013       10.948        1.635       18.872      711.409        0.458      534.555     2130.521
OD_TOfail.byp_nozz.Fl_O|         21.794      590.013       10.948        1.635       14.696      711.409        0.772      868.896     1567.116
------------------------------------------------------------------------------------------------------------------------------------------------
-------------------------------------------------------------------------------------------------------------------------------------------------------------------------------------------------------
                          COMPRESSOR PROPERTIES
-------------------------------------------------------------------------------------------------------------------------------------------------------------------------------------------------------
Compressor    |           Wc         Pr      eta_a      eta_p         Nc        pwr   RlineMap      NcMap      WcMap      PRmap   alphaMap        SMN        SMW     effMap
-------------------------------------------------------------------------------------------------------------------------------------------------------------------------------------------------------
OD_TOfail.fan |      966.932      1.473      0.898      0.904   4474.324 -22745.181      2.031      1.048      1.811    817.388      0.000     27.514     22.466      0.893
OD_TOfail.lpc |      192.123      3.471      0.875      0.894   4208.677 -26352.570      3.281      1.050      1.924     91.292      0.000     20.943     20.722      0.875
OD_TOfail.hpc |       68.088     11.854      0.902      0.928  11760.923 -84271.828      2.119      0.990     10.090     52.271      0.000     20.138     20.048      0.866
-------------------------------------------------------------------------------------------------------------------------------------------------------------------------------------------------------
---------------------------------------------------------------------------
                            BURNER PROPERTIES
---------------------------------------------------------------------------
Burner              |           dPqP        TtOut        Wfuel          FAR
OD_TOfail.burner    |         0.0540      3420.00       5.7842      0.02780
--------------------------------------------------------------------------------------------------------------------------------------
                            TURBINE PROPERTIES
--------------------------------------------------------------------------------------------------------------------------------------
Turbine       |             Wp           PR        eff_a        eff_p           Np          pwr        NpMap        PRmap     alphaMap
OD_TOfail.hpt |         14.742        4.441        0.901        0.885      261.158    84521.829      100.109        5.947        1.000
OD_TOfail.lpt |         63.602        2.792        0.900        0.888       90.798    49097.752      102.262        5.940        1.000
-------------------------------------------------------------------------------------------------------------------------
                            NOZZLE PROPERTIES
-------------------------------------------------------------------------------------------------------------------------
Nozzle        |             PR           Cv          Cfg          Ath         MNth        MNout            V           Fg
OD_TOfail.core_nozz|          4.582        0.993        N/A        329.092        1.000        1.000     1940.332    22939.470
OD_TOfail.byp_nozz|          1.483        0.994        N/A       1567.116        0.772        0.772      868.896    19095.238
---------------------------------------------------------------------------------------------------------------------------
                            SHAFT PROPERTIES
---------------------------------------------------------------------------------------------------------------------------
Shaft               |                 Nmech               trqin              trqout               pwrin              pwrout
OD_TOfail.hp_shaft  |             15272.721           29066.068          -28980.096           84521.778          -84271.778
OD_TOfail.lp_shaft  |              4488.805           57446.645          -57446.645           49097.722          -49097.722
-----------------------------------------------------------------------------------------------------------------------
                            BLEED PROPERTIES
-----------------------------------------------------------------------------------------------------------------------
Bleed                    |         Wb/Win        Pfrac     Workfrac            W           Tt           ht           Pt
OD_TOfail.hpc.cool1      |          0.051        0.500        0.500       13.685     1339.392      197.075      486.169
OD_TOfail.hpc.cool2      |          0.020        0.550        0.500        5.472     1339.392      197.075      527.221
OD_TOfail.hpc.cust       |          0.044        0.500        0.500       12.010     1339.392      197.075      486.169
OD_TOfail.bld3.cool3     |          0.067        1.000        1.000       16.045     1779.715      314.186      896.694
OD_TOfail.bld3.cool4     |          0.061        1.000        1.000       14.623     1779.715      314.186      896.694
OD_TOfail.byp_bld.bypBld |          0.005        1.000        1.000        3.575      590.013       10.948       22.124
