


----------------------------------------------------------------------------
                              POINT: DESIGN
----------------------------------------------------------------------------
                       PERFORMANCE CHARACTERISTICS
    Mach      Alt       W      Fn      Fg    Fram     OPR     TSFC      BPR 
 0.74000  28000.0 583.258 12000.0 25463.3 13463.3  49.307  0.76575    2.900
------------------------------------------------------------------------------------------------------------------------------------------------
                            FLOW STATIONS
------------------------------------------------------------------------------------------------------------------------------------------------
------------------------------------------------------------------------------------------------------------------------------------------------
Flow Station           |          tot:P        tot:T        tot:h        tot:S       stat:P       stat:W      stat:MN       stat:V    stat:area
------------------------------------------------------------------------------------------------------------------------------------------------
DESIGN.fc.Fl_O         |          6.873      464.798      -19.097        1.657        4.776      583.258        0.740      742.670     3673.970
DESIGN.inlet.Fl_O      |          6.867      464.798      -19.097        1.657        4.949      583.258        0.700      706.205     3767.946
DESIGN.fan.Fl_O        |          8.927      505.044       -9.450        1.659        7.768      583.258        0.450      486.099     3999.802
DESIGN.splitter.Fl_O1  |          8.927      505.044       -9.450        1.659        8.315      149.553        0.320      349.037     1360.604
DESIGN.splitter.Fl_O2  |          8.927      505.044       -9.450        1.659        7.673      433.705        0.470      506.809     2877.963
DESIGN.duct4.Fl_O      |          8.884      505.044       -9.450        1.659        8.238      149.553        0.330      359.716     1330.808
DESIGN.lpc.Fl_O        |         31.093      739.284       46.964        1.665       29.217      149.553        0.300      395.644      501.379
DESIGN.duct6.Fl_O      |         30.779      739.284       46.964        1.666       28.287      149.553        0.350      460.164      442.468
DESIGN.hpc.Fl_O        |        338.567     1492.814      237.225        1.678      327.720      132.283        0.220      407.661       78.196
DESIGN.bld3.Fl_O       |        338.567     1492.814      237.225        1.678      319.991      115.288        0.290      535.805       52.775
DESIGN.burner.Fl_O     |        320.285     2880.000      232.087        1.895      318.235      117.841        0.100      251.815      225.602
DESIGN.hpt.Fl_O        |         74.549     2043.454       32.579        1.890       68.837      134.835        0.350      744.218      281.511
DESIGN.duct11.Fl_O     |         74.169     2043.454       32.579        1.890       69.768      134.835        0.306      652.657      318.128
DESIGN.lpt.Fl_O        |         30.389     1636.845      -56.118        1.887       27.495      145.451        0.390      745.321      604.522
DESIGN.duct13.Fl_O     |         30.064     1636.845      -56.118        1.888       26.774      145.451        0.420      801.168      575.239
DESIGN.core_nozz.Fl_O  |         30.064     1636.845      -56.118        1.888       16.167      145.451        1.000     1796.689      373.946
DESIGN.byp_bld.Fl_O    |          8.927      505.044       -9.450        1.659        7.673      431.536        0.470      506.809     2863.574
DESIGN.duct15.Fl_O     |          8.794      505.044       -9.450        1.660        7.462      431.536        0.490      527.408     2819.106
DESIGN.byp_nozz.Fl_O   |          8.794      505.044       -9.450        1.660        4.776      431.536        0.976      985.386     2074.673
------------------------------------------------------------------------------------------------------------------------------------------------
-------------------------------------------------------------------------------------------------------------------------------------------------------------------------------------------------------
                          COMPRESSOR PROPERTIES
-------------------------------------------------------------------------------------------------------------------------------------------------------------------------------------------------------
Compressor    |           Wc         Pr      eta_a      eta_p         Nc        pwr   RlineMap      NcMap      WcMap      PRmap   alphaMap        SMN        SMW     effMap
-------------------------------------------------------------------------------------------------------------------------------------------------------------------------------------------------------
DESIGN.fan    |     1181.696      1.300      0.900      0.904   4225.456  -7961.100      2.200      0.990      1.685    803.556      0.000     36.641     29.886      0.895
DESIGN.lpc    |      244.129      3.500      0.924      0.936   4053.602 -11936.880      2.150      1.000      1.935     87.666      0.000     15.987     15.644      0.924
DESIGN.hpc    |       85.251     11.000      0.907      0.931  11726.491 -37934.007      2.050      0.976      9.374     49.454      0.000     22.598     22.468      0.871
-------------------------------------------------------------------------------------------------------------------------------------------------------------------------------------------------------
---------------------------------------------------------------------------
                            BURNER PROPERTIES
---------------------------------------------------------------------------
Burner              |           dPqP        TtOut        Wfuel          FAR
DESIGN.burner       |         0.0540      2880.00       2.5525      0.02214
--------------------------------------------------------------------------------------------------------------------------------------
                            TURBINE PROPERTIES
--------------------------------------------------------------------------------------------------------------------------------------
Turbine       |             Wp           PR        eff_a        eff_p           Np          pwr        NpMap        PRmap     alphaMap
DESIGN.hpt    |         19.745        4.296        0.900        0.883      260.875    38184.007      100.000        6.000        1.000
DESIGN.lpt    |         82.180        2.441        0.900        0.890       88.487    19897.981      100.000        6.000        1.000
-------------------------------------------------------------------------------------------------------------------------
                            NOZZLE PROPERTIES
-------------------------------------------------------------------------------------------------------------------------
Nozzle        |             PR           Cv          Cfg          Ath         MNth        MNout            V           Fg
DESIGN.core_nozz|          6.294        0.993        N/A        373.946        1.000        1.000     1796.689    12327.355
DESIGN.byp_nozz|          1.841        0.994        N/A       2074.673        0.976        0.976      985.386    13135.945
---------------------------------------------------------------------------------------------------------------------------
                            SHAFT PROPERTIES
---------------------------------------------------------------------------------------------------------------------------
Shaft               |                 Nmech               trqin              trqout               pwrin              pwrout
DESIGN.hp_shaft     |             14000.000           14324.757          -14230.970           38183.984          -37933.984
DESIGN.lp_shaft     |              4000.000           26126.596          -26126.596           19897.969          -19897.969
--------------------------------------------------------------------------------------------------------------------
                            BLEED PROPERTIES
--------------------------------------------------------------------------------------------------------------------
Bleed                 |         Wb/Win        Pfrac     Workfrac            W           Tt           ht           Pt
DESIGN.hpc.cool1      |          0.051        0.500        0.500        7.584     1124.496      142.095      184.673
DESIGN.hpc.cool2      |          0.020        0.550        0.500        3.032     1124.496      142.095      200.062
DESIGN.hpc.cust       |          0.044        0.500        0.500        6.655     1124.496      142.095      184.673
DESIGN.bld3.cool3     |          0.067        1.000        1.000        8.891     1492.814      237.225      338.567
DESIGN.bld3.cool4     |          0.061        1.000        1.000        8.103     1492.814      237.225      338.567
DESIGN.byp_bld.bypBld |          0.005        1.000        1.000        2.169      505.044       -9.450        8.927



----------------------------------------------------------------------------
                              POINT: OD_TOfail
----------------------------------------------------------------------------
                       PERFORMANCE CHARACTERISTICS
    Mach      Alt       W      Fn      Fg    Fram     OPR     TSFC      BPR 
 0.18000      0.0 1187.481 42518.7 49936.3  7417.6  54.915  0.61750    2.574
------------------------------------------------------------------------------------------------------------------------------------------------
                            FLOW STATIONS
------------------------------------------------------------------------------------------------------------------------------------------------
------------------------------------------------------------------------------------------------------------------------------------------------
Flow Station           |          tot:P        tot:T        tot:h        tot:S       stat:P       stat:W      stat:MN       stat:V    stat:area
------------------------------------------------------------------------------------------------------------------------------------------------
OD_TOfail.fc.Fl_O      |         15.032      522.033       -5.375        1.631       14.696     1187.481        0.180      200.974    11125.800
OD_TOfail.inlet.Fl_O   |         15.017      522.033       -5.375        1.631       11.011     1187.481        0.681      729.476     3767.946
OD_TOfail.fan.Fl_O     |         20.635      577.335        7.901        1.634       18.309     1187.481        0.417      482.691     3999.802
OD_TOfail.splitter.Fl_O|         20.635      577.335        7.901        1.634       19.135      332.217        0.330      384.667     1360.604
OD_TOfail.splitter.Fl_O|         20.635      577.335        7.901        1.634       18.304      855.264        0.417      483.265     2877.963
OD_TOfail.duct4.Fl_O   |         20.536      577.335        7.901        1.634       18.952      332.217        0.341      396.528     1330.808
OD_TOfail.lpc.Fl_O     |         69.560      848.695       73.602        1.644       64.761      332.217        0.322      454.085      501.379
OD_TOfail.duct6.Fl_O   |         68.857      848.695       73.602        1.644       62.454      332.217        0.377      529.652      442.468
OD_TOfail.hpc.Fl_O     |        824.655     1736.986      302.578        1.658      799.107      293.852        0.217      432.341       78.196
OD_TOfail.bld3.Fl_O    |        824.655     1736.986      302.578        1.658      780.937      256.101        0.286      567.969       52.775
OD_TOfail.burner.Fl_O  |        780.124     3420.000      294.200        1.894      780.019      263.394        0.015       39.747     1550.003
OD_TOfail.hpt.Fl_O     |        182.759     2459.381       56.647        1.887      168.755      301.145        0.352      816.661      281.511
OD_TOfail.duct11.Fl_O  |        181.827     2459.381       56.647        1.888      171.041      301.145        0.308      716.039      318.128
OD_TOfail.lpt.Fl_O     |         75.146     1987.713      -49.573        1.884       68.057      324.727        0.391      817.386      604.522
OD_TOfail.duct13.Fl_O  |         74.342     1987.713      -49.573        1.885       66.285      324.727        0.421      878.674      575.239
OD_TOfail.core_nozz.Fl_|         74.342     1987.713      -49.573        1.885       40.237      324.727        1.000     1973.474      373.946
OD_TOfail.byp_bld.Fl_O |         20.635      577.335        7.901        1.634       18.304      850.988        0.417      483.265     2863.574
OD_TOfail.duct15.Fl_O  |         20.327      577.335        7.901        1.635       17.861      850.988        0.434      501.705     2819.106
OD_TOfail.byp_nozz.Fl_O|         20.327      577.335        7.901        1.635       14.696      850.988        0.697      783.648     2074.673
------------------------------------------------------------------------------------------------------------------------------------------------
-------------------------------------------------------------------------------------------------------------------------------------------------------------------------------------------------------
                          COMPRESSOR PROPERTIES
-------------------------------------------------------------------------------------------------------------------------------------------------------------------------------------------------------
Compressor    |           Wc         Pr      eta_a      eta_p         Nc        pwr   RlineMap      NcMap      WcMap      PRmap   alphaMap        SMN        SMW     effMap
-------------------------------------------------------------------------------------------------------------------------------------------------------------------------------------------------------
OD_TOfail.fan |     1165.861      1.374      0.897      0.901   4400.105 -22305.564      1.699      1.031      1.854    792.788      0.000     21.211     16.830      0.892
OD_TOfail.lpc |      250.828      3.387      0.879      0.897   4184.060 -30881.747      2.915      1.032      1.893     90.072      0.000     21.479     21.209      0.879
OD_TOfail.hpc |       90.699     11.976      0.902      0.928  11918.391-101413.007      2.122      0.992     10.192     52.614      0.000     19.681     19.596      0.866
-------------------------------------------------------------------------------------------------------------------------------------------------------------------------------------------------------
---------------------------------------------------------------------------
                            BURNER PROPERTIES
---------------------------------------------------------------------------
Burner              |           dPqP        TtOut        Wfuel          FAR
OD_TOfail.burner    |         0.0540      3420.00       7.2932      0.02848
--------------------------------------------------------------------------------------------------------------------------------------
                            TURBINE PROPERTIES
--------------------------------------------------------------------------------------------------------------------------------------
Turbine       |             Wp           PR        eff_a        eff_p           Np          pwr        NpMap        PRmap     alphaMap
OD_TOfail.hpt |         19.745        4.269        0.900        0.885      260.696   101663.007       99.932        5.958        1.000
OD_TOfail.lpt |         82.135        2.420        0.900        0.890       89.013    53187.312      100.595        5.927        1.000
-------------------------------------------------------------------------------------------------------------------------
                            NOZZLE PROPERTIES
-------------------------------------------------------------------------------------------------------------------------
Nozzle        |             PR           Cv          Cfg          Ath         MNth        MNout            V           Fg
OD_TOfail.core_nozz|          5.059        0.993        N/A        373.946        1.000        1.000     1973.474    29335.616
OD_TOfail.byp_nozz|          1.383        0.994        N/A       2074.673        0.697        0.697      783.648    20600.693
---------------------------------------------------------------------------------------------------------------------------
                            SHAFT PROPERTIES
---------------------------------------------------------------------------------------------------------------------------
Shaft               |                 Nmech               trqin              trqout               pwrin              pwrout
OD_TOfail.hp_shaft  |             15245.720           35022.636          -34936.512          101662.946         -101412.946
OD_TOfail.lp_shaft  |              4414.345           63281.324          -63281.324           53187.280          -53187.280
-----------------------------------------------------------------------------------------------------------------------
                            BLEED PROPERTIES
-----------------------------------------------------------------------------------------------------------------------
Bleed                    |         Wb/Win        Pfrac     Workfrac            W           Tt           ht           Pt
OD_TOfail.hpc.cool1      |          0.051        0.500        0.500       16.846     1304.666      188.090      446.756
OD_TOfail.hpc.cool2      |          0.020        0.550        0.500        6.735     1304.666      188.090      484.546
OD_TOfail.hpc.cust       |          0.044        0.500        0.500       14.784     1304.666      188.090      446.756
OD_TOfail.bld3.cool3     |          0.067        1.000        1.000       19.751     1736.986      302.578      824.655
OD_TOfail.bld3.cool4     |          0.061        1.000        1.000       18.000     1736.986      302.578      824.655
OD_TOfail.byp_bld.bypBld |          0.005        1.000        1.000        4.276      577.335        7.901       20.635
