


----------------------------------------------------------------------------
                              POINT: CRZ
----------------------------------------------------------------------------
                       PERFORMANCE CHARACTERISTICS
    Mach      Alt       W      Fn      Fg    Fram     OPR     TSFC      BPR 
 0.80000  35000.0 820.441  6246.1 26101.0 19854.9  52.300  0.44014   23.945
------------------------------------------------------------------------------------------------------------------------------------------------
                            FLOW STATIONS
------------------------------------------------------------------------------------------------------------------------------------------------
------------------------------------------------------------------------------------------------------------------------------------------------
Flow Station           |          tot:P        tot:T        tot:h        tot:S       stat:P       stat:W      stat:MN       stat:V    stat:area
------------------------------------------------------------------------------------------------------------------------------------------------
CRZ.fc.Fl_O            |          5.273      444.404      -23.983        1.665        3.458      820.441        0.800      778.619     6402.926
CRZ.inlet.Fl_O         |          5.262      444.404      -23.983        1.665        4.043      820.441        0.625      622.229     7170.220
CRZ.fan.Fl_O           |          6.841      480.163      -15.415        1.665        5.953      820.441        0.450      474.003     7158.237
CRZ.splitter.Fl_O1     |          6.841      480.163      -15.415        1.665        5.953       32.890        0.450      474.003      286.959
CRZ.duct2.Fl_O         |          6.772      480.163      -15.415        1.666        5.893       32.890        0.450      474.003      289.858
CRZ.lpc.Fl_O           |         20.317      678.872       32.351        1.674       17.685       32.890        0.450      563.037      115.007
CRZ.bld25.Fl_O         |         20.317      678.872       32.351        1.674       17.685       32.890        0.450      563.037      115.007
CRZ.duct25.Fl_O        |         20.012      678.872       32.351        1.675       17.420       32.890        0.450      563.037      116.759
CRZ.hpc.Fl_O           |        275.210     1517.980      243.880        1.697      259.105       32.232        0.300      558.401       17.762
CRZ.bld3.Fl_O          |        275.210     1517.980      243.880        1.697      259.105       28.590        0.300      558.401       15.755
CRZ.burner.Fl_O        |        264.202     3150.000      237.536        1.940      262.525       29.353        0.100      262.316       71.529
CRZ.hpt.Fl_O           |         66.729     2276.497       21.997        1.932       62.955       32.996        0.300      672.218       93.415
CRZ.duct45.Fl_O        |         66.396     2276.497       21.997        1.933       58.301       32.996        0.450     1000.418       66.658
CRZ.lpt.Fl_O           |          6.348     1341.881     -233.888        1.944        5.851       33.653        0.350      609.666      661.371
CRZ.duct5.Fl_O         |          6.285     1341.881     -233.888        1.945        6.027       33.653        0.250      437.566      903.696
CRZ.core_nozz.Fl_O     |          6.285     1341.881     -233.888        1.945        3.458       33.653        0.976     1596.962      373.675
CRZ.splitter.Fl_O2     |          6.841      480.163      -15.415        1.665        5.953      787.551        0.450      474.003     6871.278
CRZ.byp_bld.Fl_O       |          6.841      480.163      -15.415        1.665        5.953      787.551        0.450      474.003     6871.278
CRZ.duct17.Fl_O        |          6.738      480.163      -15.415        1.666        5.864      787.551        0.450      474.003     6975.917
CRZ.byp_nozz.Fl_O      |          6.738      480.163      -15.415        1.666        3.558      787.551        1.000      980.795     4815.384
------------------------------------------------------------------------------------------------------------------------------------------------
-------------------------------------------------------------------------------------------------------------------------------------------------------------------------------------------------------
                          COMPRESSOR PROPERTIES
-------------------------------------------------------------------------------------------------------------------------------------------------------------------------------------------------------
Compressor    |           Wc         Pr      eta_a      eta_p         Nc        pwr   RlineMap      NcMap      WcMap      PRmap   alphaMap        SMN        SMW     effMap
-------------------------------------------------------------------------------------------------------------------------------------------------------------------------------------------------------
CRZ.fan       |     2120.943      1.300      0.969      0.970   2359.981  -9946.272      2.000      1.000      1.390   2737.145     -0.000     14.985     14.525      0.935
CRZ.lpc       |       68.670      3.000      0.889      0.905   7038.309  -2222.740      2.200      1.100      1.457    226.037      0.000     42.500     39.684      0.872
CRZ.hpc       |       27.632     13.752      0.849      0.892  18242.942  -9744.923      2.000      1.000     23.000    206.000      0.000     18.000     17.955      0.852
-------------------------------------------------------------------------------------------------------------------------------------------------------------------------------------------------------
--------------------------------------------------------------------------------------------------------------------------------------
                            TURBINE PROPERTIES
--------------------------------------------------------------------------------------------------------------------------------------
Turbine       |             Wp           PR        eff_a        eff_p           Np          pwr        NpMap        PRmap     alphaMap
CRZ.hpt       |          6.236        3.959        0.922        0.910      371.867    10094.923      100.000        5.000        1.000
CRZ.lpt       |         23.711       10.459        0.940        0.920      141.933    12291.932      100.000        7.500        1.000
-------------------------------------------------------------------------------------------------------------------------
                            NOZZLE PROPERTIES
-------------------------------------------------------------------------------------------------------------------------
Nozzle        |             PR           Cv          Cfg          Ath         MNth        MNout            V           Fg
CRZ.core_nozz |          1.817        1.000        N/A        373.675        0.976        0.976     1596.962     1670.229
CRZ.byp_nozz  |          1.949        0.998        N/A       4815.384        1.000        1.000      980.795    24430.786
---------------------------------------------------------------------------------------------------------------------------
                            SHAFT PROPERTIES
---------------------------------------------------------------------------------------------------------------------------
Shaft               |                 Nmech               trqin              trqout               pwrin              pwrout
CRZ.hp_shaft        |             20871.000            2540.350           -2452.274           10094.917           -9744.917
CRZ.lp_shaft        |              6772.000            9533.162           -9437.831           12291.924          -12169.005
CRZ.fan_shaft       |              2184.500           23913.443          -23913.443            9946.266           -9946.266
-----------------------------------------------------------------------------------------------------------------
                            BLEED PROPERTIES
-----------------------------------------------------------------------------------------------------------------
Bleed              |         Wb/Win        Pfrac     Workfrac            W           Tt           ht           Pt
CRZ.hpc.bld_inlet  |          0.000        0.146        0.500        0.000     1108.718      138.116       57.399
CRZ.hpc.bld_exit   |          0.020        0.146        0.500        0.658     1108.718      138.116       57.399
CRZ.hpc.cust       |          0.000        0.146        0.350        0.000      981.792      106.386       57.399
CRZ.bld3.bld_inlet |          0.055        1.000        1.000        1.769     1517.980      243.880      275.210
CRZ.bld3.bld_exit  |          0.058        1.000        1.000        1.874     1517.980      243.880      275.210
CRZ.bld3.bld_inlet |          0.055        1.000        1.000        1.769     1517.980      243.880      275.210
CRZ.bld3.bld_exit  |          0.058        1.000        1.000        1.874     1517.980      243.880      275.210
CRZ.bld25.sbv      |         -0.000        1.000        1.000       -0.000      678.872       32.351       20.317



----------------------------------------------------------------------------
                              POINT: RTO
----------------------------------------------------------------------------
                       PERFORMANCE CHARACTERISTICS
    Mach      Alt       W      Fn      Fg    Fram     OPR     TSFC      BPR 
 0.25000      0.0 1887.021 22800.0 39589.6 16789.6  39.116  0.25874   26.020
------------------------------------------------------------------------------------------------------------------------------------------------
                            FLOW STATIONS
------------------------------------------------------------------------------------------------------------------------------------------------
------------------------------------------------------------------------------------------------------------------------------------------------
Flow Station           |          tot:P        tot:T        tot:h        tot:S       stat:P       stat:W      stat:MN       stat:V    stat:area
------------------------------------------------------------------------------------------------------------------------------------------------
RTO.fc.Fl_O            |         15.349      552.487        1.933        1.643       14.696     1887.021        0.250      286.264    13058.490
RTO.inlet.Fl_O         |         15.303      552.487        1.933        1.644       12.786     1887.021        0.513      576.340     7170.220
RTO.fan.Fl_O           |         18.439      583.750        9.443        1.644       16.365     1887.021        0.416      484.889     7158.237
RTO.splitter.Fl_O1     |         18.439      583.750        9.443        1.644       16.711       69.837        0.378      441.011      286.959
RTO.duct2.Fl_O         |         18.439      583.750        9.443        1.644       16.749       69.837        0.373      435.882      289.858
RTO.lpc.Fl_O           |         48.539      784.428       57.925        1.649       42.891       69.837        0.425      572.183      115.007
RTO.bld25.Fl_O         |         48.539      784.428       57.925        1.649       42.891       69.837        0.425      572.183      115.007
RTO.duct25.Fl_O        |         48.539      784.428       57.925        1.649       43.087       69.837        0.417      561.768      116.759
RTO.hpc.Fl_O           |        598.583     1677.198      286.419        1.670      561.532       68.440        0.310      604.100       17.762
RTO.bld3.Fl_O          |        598.583     1677.198      286.419        1.670      561.532       60.706        0.310      604.099       15.755
RTO.burner.Fl_O        |        574.640     3294.468      278.890        1.902      571.002       62.345        0.100      267.910       71.529
RTO.hpt.Fl_O           |        143.212     2388.181       50.764        1.894      134.872       70.079        0.305      698.925       93.415
RTO.duct45.Fl_O        |        143.212     2388.181       50.764        1.894      125.384       70.079        0.456     1036.039       66.658
RTO.lpt.Fl_O           |         17.876     1501.996     -194.965        1.904       17.016       71.476        0.273      502.641      661.371
RTO.duct5.Fl_O         |         17.876     1501.996     -194.965        1.904       17.428       71.476        0.195      361.331      903.696
RTO.core_nozz.Fl_O     |         17.876     1501.996     -194.965        1.904       14.696       71.476        0.548      992.736      373.675
RTO.splitter.Fl_O2     |         18.439      583.750        9.443        1.644       16.350     1817.184        0.418      486.773     6871.278
RTO.byp_bld.Fl_O       |         18.439      583.750        9.443        1.644       16.350     1817.184        0.418      486.773     6871.278
RTO.duct17.Fl_O        |         18.439      583.750        9.443        1.644       16.421     1817.184        0.410      477.973     6975.917
RTO.byp_nozz.Fl_O      |         18.439      583.750        9.443        1.644       14.696     1817.184        0.579      663.565     5439.587
------------------------------------------------------------------------------------------------------------------------------------------------
-------------------------------------------------------------------------------------------------------------------------------------------------------------------------------------------------------
                          COMPRESSOR PROPERTIES
-------------------------------------------------------------------------------------------------------------------------------------------------------------------------------------------------------
Compressor    |           Wc         Pr      eta_a      eta_p         Nc        pwr   RlineMap      NcMap      WcMap      PRmap   alphaMap        SMN        SMW     effMap
-------------------------------------------------------------------------------------------------------------------------------------------------------------------------------------------------------
RTO.fan       |     1870.332      1.205      0.966      0.967   2026.096 -20048.541      1.750      0.859      1.266   2413.723      0.000     18.081     11.637      0.932
RTO.lpc       |       59.049      2.632      0.920      0.930   6110.443  -4790.531      1.967      0.955      1.373    194.368      0.000     37.071     29.518      0.902
RTO.hpc       |       26.003     12.332      0.852      0.891  17940.865 -22351.528      2.050      0.983     20.550    193.855      0.000     23.880     24.033      0.855
-------------------------------------------------------------------------------------------------------------------------------------------------------------------------------------------------------
--------------------------------------------------------------------------------------------------------------------------------------
                            TURBINE PROPERTIES
--------------------------------------------------------------------------------------------------------------------------------------
Turbine       |             Wp           PR        eff_a        eff_p           Np          pwr        NpMap        PRmap     alphaMap
RTO.hpt       |          6.227        4.013        0.923        0.911      384.398    22701.528      103.370        5.072        1.000
RTO.lpt       |         23.914        8.011        0.940        0.924      132.650    25089.972       93.459        5.818        1.000
-------------------------------------------------------------------------------------------------------------------------
                            NOZZLE PROPERTIES
-------------------------------------------------------------------------------------------------------------------------
Nozzle        |             PR           Cv          Cfg          Ath         MNth        MNout            V           Fg
RTO.core_nozz |          1.216        1.000        N/A        373.675        0.548        0.548      992.736     2205.186
RTO.byp_nozz  |          1.255        0.998        N/A       5439.587        0.579        0.579      663.565    37384.370
---------------------------------------------------------------------------------------------------------------------------
                            SHAFT PROPERTIES
---------------------------------------------------------------------------------------------------------------------------
Shaft               |                 Nmech               trqin              trqout               pwrin              pwrout
RTO.hp_shaft        |             22063.494            5403.991           -5320.675           22701.514          -22351.514
RTO.lp_shaft        |              6482.469           20327.947          -20124.668           25089.957          -24839.058
RTO.fan_shaft       |              2091.104           50354.818          -50354.818           20048.530          -20048.530
-----------------------------------------------------------------------------------------------------------------
                            BLEED PROPERTIES
-----------------------------------------------------------------------------------------------------------------
Bleed              |         Wb/Win        Pfrac     Workfrac            W           Tt           ht           Pt
RTO.hpc.bld_inlet  |          0.000        0.146        0.500        0.000     1242.775      172.172      129.121
RTO.hpc.bld_exit   |          0.020        0.146        0.500        1.397     1242.775      172.172      129.121
RTO.hpc.cust       |          0.000        0.146        0.350        0.000     1107.853      137.898      129.121
RTO.bld3.bld_inlet |          0.055        1.000        1.000        3.756     1677.198      286.419      598.583
RTO.bld3.bld_exit  |          0.058        1.000        1.000        3.978     1677.198      286.419      598.583
RTO.bld3.bld_inlet |          0.055        1.000        1.000        3.756     1677.198      286.419      598.583
RTO.bld3.bld_exit  |          0.058        1.000        1.000        3.978     1677.198      286.419      598.583
RTO.bld25.sbv      |         -0.000        1.000        1.000       -0.000      784.428       57.925       48.539



----------------------------------------------------------------------------
                              POINT: SLS
----------------------------------------------------------------------------
                       PERFORMANCE CHARACTERISTICS
    Mach      Alt       W      Fn      Fg    Fram     OPR     TSFC      BPR 
 0.00000      0.0 1706.665 28620.8 28620.9     0.1  33.398  0.15668   27.858
------------------------------------------------------------------------------------------------------------------------------------------------
                            FLOW STATIONS
------------------------------------------------------------------------------------------------------------------------------------------------
------------------------------------------------------------------------------------------------------------------------------------------------
Flow Station           |          tot:P        tot:T        tot:h        tot:S       stat:P       stat:W      stat:MN       stat:V    stat:area
------------------------------------------------------------------------------------------------------------------------------------------------
SLS.fc.Fl_O            |         14.696      545.670        0.297        1.643       14.696     1706.665        0.000        0.0012952598333.483
SLS.inlet.Fl_O         |         14.622      545.670        0.297        1.644       12.557     1706.665        0.471      528.339     7170.220
SLS.fan.Fl_O           |         17.017      570.839        6.340        1.644       15.237     1706.665        0.401      461.754     7158.237
SLS.splitter.Fl_O1     |         17.017      570.839        6.340        1.644       15.732       59.141        0.337      390.133      286.959
SLS.duct2.Fl_O         |         17.017      570.839        6.340        1.644       15.760       59.141        0.333      385.742      289.858
SLS.lpc.Fl_O           |         41.772      751.738       49.984        1.649       37.315       59.141        0.405      535.348      115.007
SLS.bld25.Fl_O         |         41.772      751.738       49.984        1.649       37.315       59.141        0.405      535.348      115.007
SLS.duct25.Fl_O        |         41.772      751.738       49.984        1.649       37.467       59.141        0.398      525.787      116.759
SLS.hpc.Fl_O           |        488.354     1587.262      262.300        1.669      457.492       57.958        0.313      593.941       17.762
SLS.bld3.Fl_O          |        488.354     1587.262      262.300        1.669      457.492       51.409        0.313      593.940       15.755
SLS.burner.Fl_O        |        468.820     3073.447      256.095        1.891      465.853       52.654        0.100      258.719       71.529
SLS.hpt.Fl_O           |        115.865     2213.546       42.633        1.884      109.043       59.204        0.306      676.645       93.415
SLS.duct45.Fl_O        |        115.865     2213.546       42.633        1.884      101.272       59.204        0.457     1003.457       66.658
SLS.lpt.Fl_O           |         16.839     1430.319     -170.849        1.893       16.227       60.387        0.236      425.322      661.371
SLS.duct5.Fl_O         |         16.839     1430.319     -170.849        1.893       16.518       60.387        0.170      307.177      903.696
SLS.core_nozz.Fl_O     |         16.839     1430.319     -170.849        1.893       14.696       60.387        0.454      810.497      373.675
SLS.splitter.Fl_O2     |         17.017      570.839        6.340        1.644       15.214     1647.524        0.403      464.874     6871.278
SLS.byp_bld.Fl_O       |         17.017      570.839        6.340        1.644       15.214     1647.524        0.403      464.874     6871.278
SLS.duct17.Fl_O        |         17.017      570.839        6.340        1.644       15.275     1647.524        0.396      456.588     6975.917
SLS.byp_nozz.Fl_O      |         17.017      570.839        6.340        1.644       14.696     1647.524        0.463      530.551     6171.423
------------------------------------------------------------------------------------------------------------------------------------------------
-------------------------------------------------------------------------------------------------------------------------------------------------------------------------------------------------------
                          COMPRESSOR PROPERTIES
-------------------------------------------------------------------------------------------------------------------------------------------------------------------------------------------------------
Compressor    |           Wc         Pr      eta_a      eta_p         Nc        pwr   RlineMap      NcMap      WcMap      PRmap   alphaMap        SMN        SMW     effMap
-------------------------------------------------------------------------------------------------------------------------------------------------------------------------------------------------------
SLS.fan       |     1759.325      1.164      0.960      0.960   1866.930 -14593.252      1.750      0.791      1.213   2270.466      0.000     21.693     11.554      0.926
SLS.lpc       |       53.581      2.455      0.918      0.927   5658.499  -3651.912      1.830      0.884      1.333    176.367      0.000     33.285     23.537      0.900
SLS.hpc       |       25.049     11.691      0.855      0.893  17767.996 -17588.088      2.026      0.974     19.444    186.743      0.000     25.820     26.054      0.857
-------------------------------------------------------------------------------------------------------------------------------------------------------------------------------------------------------
--------------------------------------------------------------------------------------------------------------------------------------
                            TURBINE PROPERTIES
--------------------------------------------------------------------------------------------------------------------------------------
Turbine       |             Wp           PR        eff_a        eff_p           Np          pwr        NpMap        PRmap     alphaMap
SLS.hpt       |          6.226        4.046        0.923        0.911      385.845    17938.088      103.759        5.118        1.000
SLS.lpt       |         24.040        6.881        0.939        0.924      126.173    18429.459       88.896        5.041        1.000
-------------------------------------------------------------------------------------------------------------------------
                            NOZZLE PROPERTIES
-------------------------------------------------------------------------------------------------------------------------
Nozzle        |             PR           Cv          Cfg          Ath         MNth        MNout            V           Fg
SLS.core_nozz |          1.146        1.000        N/A        373.675        0.454        0.454      810.497     1521.050
SLS.byp_nozz  |          1.158        0.998        N/A       6171.423        0.463        0.463      530.551    27099.851
---------------------------------------------------------------------------------------------------------------------------
                            SHAFT PROPERTIES
---------------------------------------------------------------------------------------------------------------------------
Shaft               |                 Nmech               trqin              trqout               pwrin              pwrout
SLS.hp_shaft        |             21390.754            4404.371           -4318.435           17938.078          -17588.078
SLS.lp_shaft        |              5936.252           16305.498          -16142.443           18429.448          -18245.154
SLS.fan_shaft       |              1914.906           40025.657          -40025.657           14593.244          -14593.244
-----------------------------------------------------------------------------------------------------------------
                            BLEED PROPERTIES
-----------------------------------------------------------------------------------------------------------------
Bleed              |         Wb/Win        Pfrac     Workfrac            W           Tt           ht           Pt
SLS.hpc.bld_inlet  |          0.000        0.146        0.500        0.000     1179.958      156.142      107.196
SLS.hpc.bld_exit   |          0.020        0.146        0.500        1.183     1179.958      156.142      107.196
SLS.hpc.cust       |          0.000        0.146        0.350        0.000     1053.668      124.295      107.196
SLS.bld3.bld_inlet |          0.055        1.000        1.000        3.181     1587.262      262.300      488.354
SLS.bld3.bld_exit  |          0.058        1.000        1.000        3.369     1587.262      262.300      488.354
SLS.bld3.bld_inlet |          0.055        1.000        1.000        3.181     1587.262      262.300      488.354
SLS.bld3.bld_exit  |          0.058        1.000        1.000        3.369     1587.262      262.300      488.354
SLS.bld25.sbv      |         -0.000        1.000        1.000       -0.000      751.738       49.984       41.772



----------------------------------------------------------------------------
                              POINT: ToC
----------------------------------------------------------------------------
                       PERFORMANCE CHARACTERISTICS
    Mach      Alt       W      Fn      Fg    Fram     OPR     TSFC      BPR 
 0.74000  28000.0 956.220  5510.7 27583.1 22072.3  38.824  0.41931   27.243
------------------------------------------------------------------------------------------------------------------------------------------------
                            FLOW STATIONS
------------------------------------------------------------------------------------------------------------------------------------------------
------------------------------------------------------------------------------------------------------------------------------------------------
Flow Station           |          tot:P        tot:T        tot:h        tot:S       stat:P       stat:W      stat:MN       stat:V    stat:area
------------------------------------------------------------------------------------------------------------------------------------------------
ToC.fc.Fl_O            |          6.873      464.798      -19.097        1.657        4.776      956.220        0.740      742.670     6023.273
ToC.inlet.Fl_O         |          6.860      464.798      -19.097        1.657        5.621      956.220        0.541      555.726     7170.220
ToC.fan.Fl_O           |          8.238      490.759      -12.875        1.658        7.222      956.220        0.438      466.382     7158.237
ToC.splitter.Fl_O1     |          8.238      490.759      -12.875        1.658        7.475       33.857        0.375      401.965      286.959
ToC.duct2.Fl_O         |          8.238      490.759      -12.875        1.658        7.492       33.857        0.371      397.299      289.858
ToC.lpc.Fl_O           |         23.247      674.117       31.203        1.663       20.912       33.857        0.392      491.306      115.007
ToC.bld25.Fl_O         |         23.247      674.117       31.203        1.663       20.912       33.857        0.392      491.306      115.007
ToC.duct25.Fl_O        |         23.247      674.117       31.203        1.663       20.991       33.857        0.385      482.637      116.759
ToC.hpc.Fl_O           |        266.323     1425.914      219.627        1.682      249.682       33.180        0.310      559.630       17.762
ToC.bld3.Fl_O          |        266.323     1425.914      219.627        1.682      249.682       29.431        0.310      559.630       15.755
ToC.burner.Fl_O        |        255.670     2805.606      214.939        1.902      254.050       30.073        0.099      247.333       71.529
ToC.hpt.Fl_O           |         63.479     2007.662       21.411        1.896       59.798       33.822        0.302      639.282       93.415
ToC.duct45.Fl_O        |         63.479     2007.662       21.411        1.896       55.625       33.822        0.452      946.545       66.658
ToC.lpt.Fl_O           |          6.615     1196.811     -194.447        1.909        6.175       34.499        0.320      529.673      661.371
ToC.duct5.Fl_O         |          6.615     1196.811     -194.447        1.909        6.388       34.499        0.228      378.058      903.696
ToC.core_nozz.Fl_O     |          6.615     1196.811     -194.447        1.909        4.776       34.499        0.707     1132.415      373.675
ToC.splitter.Fl_O2     |          8.238      490.759      -12.875        1.658        7.211      922.362        0.440      469.200     6871.278
ToC.byp_bld.Fl_O       |          8.238      490.759      -12.875        1.658        7.211      922.362        0.440      469.200     6871.278
ToC.duct17.Fl_O        |          8.238      490.759      -12.875        1.658        7.247      922.362        0.432      460.526     6975.917
ToC.byp_nozz.Fl_O      |          8.238      490.759      -12.875        1.658        4.776      922.362        0.918      922.111     4691.350
------------------------------------------------------------------------------------------------------------------------------------------------
-------------------------------------------------------------------------------------------------------------------------------------------------------------------------------------------------------
                          COMPRESSOR PROPERTIES
-------------------------------------------------------------------------------------------------------------------------------------------------------------------------------------------------------
Compressor    |           Wc         Pr      eta_a      eta_p         Nc        pwr   RlineMap      NcMap      WcMap      PRmap   alphaMap        SMN        SMW     effMap
-------------------------------------------------------------------------------------------------------------------------------------------------------------------------------------------------------
ToC.fan       |     1939.267      1.201      0.963      0.964   2053.446  -8418.133      1.940      0.870      1.261   2502.687      0.000     22.035     15.593      0.929
ToC.lpc       |       58.752      2.822      0.922      0.932   6195.070  -2111.474      1.831      0.968      1.417    193.390      0.000     31.345     25.005      0.904
ToC.hpc       |       24.401     11.456      0.857      0.895  17662.181  -8935.867      1.984      0.968     19.039    181.909      0.000     24.775     25.245      0.860
-------------------------------------------------------------------------------------------------------------------------------------------------------------------------------------------------------
--------------------------------------------------------------------------------------------------------------------------------------
                            TURBINE PROPERTIES
--------------------------------------------------------------------------------------------------------------------------------------
Turbine       |             Wp           PR        eff_a        eff_p           Np          pwr        NpMap        PRmap     alphaMap
ToC.hpt       |          6.230        4.028        0.923        0.910      380.148     9285.868      102.227        5.092        1.000
ToC.lpt       |         23.874        9.595        0.932        0.910      134.490    10635.967       94.756        6.907        1.000
-------------------------------------------------------------------------------------------------------------------------
                            NOZZLE PROPERTIES
-------------------------------------------------------------------------------------------------------------------------
Nozzle        |             PR           Cv          Cfg          Ath         MNth        MNout            V           Fg
ToC.core_nozz |          1.385        1.000        N/A        373.675        0.707        0.707     1132.415     1214.136
ToC.byp_nozz  |          1.725        0.998        N/A       4691.350        0.918        0.918      922.111    26368.939
---------------------------------------------------------------------------------------------------------------------------
                            SHAFT PROPERTIES
---------------------------------------------------------------------------------------------------------------------------
Shaft               |                 Nmech               trqin              trqout               pwrin              pwrout
ToC.hp_shaft        |             20135.680            2422.089           -2330.796            9285.862           -8935.862
ToC.lp_shaft        |              6026.077            9269.923           -9177.224           10635.961          -10529.601
ToC.fan_shaft       |              1943.881           22744.681          -22744.681            8418.128           -8418.128
-----------------------------------------------------------------------------------------------------------------
                            BLEED PROPERTIES
-----------------------------------------------------------------------------------------------------------------
Bleed              |         Wb/Win        Pfrac     Workfrac            W           Tt           ht           Pt
ToC.hpc.bld_inlet  |          0.000        0.146        0.500        0.000     1058.145      125.415       58.858
ToC.hpc.bld_exit   |          0.020        0.146        0.500        0.677     1058.145      125.415       58.858
ToC.hpc.cust       |          0.000        0.146        0.350        0.000      944.494       97.152       58.858
ToC.bld3.bld_inlet |          0.055        1.000        1.000        1.821     1425.914      219.627      266.323
ToC.bld3.bld_exit  |          0.058        1.000        1.000        1.929     1425.914      219.627      266.323
ToC.bld3.bld_inlet |          0.055        1.000        1.000        1.821     1425.914      219.627      266.323
ToC.bld3.bld_exit  |          0.058        1.000        1.000        1.929     1425.914      219.627      266.323
ToC.bld25.sbv      |         -0.000        1.000        1.000       -0.000      674.117       31.203       23.247
