


----------------------------------------------------------------------------
                              POINT: CRZ
----------------------------------------------------------------------------
                       PERFORMANCE CHARACTERISTICS
    Mach      Alt       W      Fn      Fg    Fram     OPR     TSFC      BPR 
 0.74000  28000.0 1200.000 11102.9 38802.4 27699.5  39.006  0.47515   14.945
------------------------------------------------------------------------------------------------------------------------------------------------
                            FLOW STATIONS
------------------------------------------------------------------------------------------------------------------------------------------------
------------------------------------------------------------------------------------------------------------------------------------------------
Flow Station           |          tot:P        tot:T        tot:h        tot:S       stat:P       stat:W      stat:MN       stat:V    stat:area
------------------------------------------------------------------------------------------------------------------------------------------------
CRZ.fc.Fl_O            |          6.873      464.798      -19.097        1.657        4.776     1200.000        0.740      742.670     7558.856
CRZ.inlet.Fl_O         |          6.860      464.798      -19.097        1.657        5.271     1200.000        0.625      636.331     8227.676
CRZ.fan.Fl_O           |          8.918      502.184      -10.135        1.658        7.760     1200.000        0.450      484.724     8214.052
CRZ.splitter.Fl_O1     |          8.918      502.184      -10.135        1.658        7.760       75.258        0.450      484.724      515.144
CRZ.duct2.Fl_O         |          8.828      502.184      -10.135        1.658        7.683       75.258        0.450      484.724      520.348
CRZ.lpc.Fl_O           |         10.594      531.951       -2.995        1.660        9.219       75.258        0.450      498.838      446.333
CRZ.bld25.Fl_O         |         10.594      531.951       -2.995        1.660        9.219       75.258        0.450      498.838      446.333
CRZ.duct25.Fl_O        |         10.435      531.951       -2.995        1.661        9.081       75.258        0.450      498.838      453.130
CRZ.hpc.Fl_O           |        267.569     1429.550      220.580        1.683      251.857       73.753        0.300      542.814       40.498
CRZ.bld3.Fl_O          |        267.569     1429.550      220.580        1.683      251.857       63.485        0.300      542.814       34.861
CRZ.burner.Fl_O        |        256.866     2880.004      215.603        1.911      255.223       64.951        0.100      251.758      155.082
CRZ.hpt.Fl_O           |         49.438     1936.379       -8.463        1.903       46.612       75.218        0.300      623.274      263.689
CRZ.duct45.Fl_O        |         49.191     1936.379       -8.463        1.903       43.134       75.218        0.450      927.246      188.218
CRZ.lpt.Fl_O           |         11.464     1382.105     -154.816        1.909       10.566       76.723        0.350      618.742      847.364
CRZ.duct5.Fl_O         |         11.349     1382.105     -154.816        1.910       10.885       76.723        0.250      444.079     1157.837
CRZ.core_nozz.Fl_O     |         11.349     1382.105     -154.816        1.910        6.078       76.723        1.000     1654.290      478.524
CRZ.splitter.Fl_O2     |          8.918      502.184      -10.135        1.658        7.760     1124.742        0.450      484.724     7698.907
CRZ.byp_bld.Fl_O       |          8.918      502.184      -10.135        1.658        7.760     1124.742        0.450      484.724     7698.907
CRZ.duct17.Fl_O        |          8.784      502.184      -10.135        1.659        7.644     1124.742        0.450      484.724     7816.149
CRZ.byp_nozz.Fl_O      |          8.784      502.184      -10.135        1.659        4.776     1124.742        0.975      981.778     5398.176
------------------------------------------------------------------------------------------------------------------------------------------------
-------------------------------------------------------------------------------------------------------------------------------------------------------------------------------------------------------
                          COMPRESSOR PROPERTIES
-------------------------------------------------------------------------------------------------------------------------------------------------------------------------------------------------------
Compressor    |           Wc         Pr      eta_a      eta_p         Nc        pwr   RlineMap      NcMap      WcMap      PRmap   alphaMap        SMN        SMW     effMap
-------------------------------------------------------------------------------------------------------------------------------------------------------------------------------------------------------
CRZ.fan       |     2433.667      1.300      0.969      0.970   2307.627 -15215.096      2.000      1.000      1.390   2737.145     -0.000     14.985     14.525      0.935
CRZ.lpc       |      123.269      1.200      0.903      0.905   6882.259   -760.253      2.200      1.100      1.457    226.037      0.000     42.500     39.684      0.872
CRZ.hpc       |      107.335     25.641      0.865      0.910  20608.809 -23568.032      2.000      1.000     23.000    206.000      0.000     18.000     17.955      0.852
-------------------------------------------------------------------------------------------------------------------------------------------------------------------------------------------------------
--------------------------------------------------------------------------------------------------------------------------------------
                            TURBINE PROPERTIES
--------------------------------------------------------------------------------------------------------------------------------------
Turbine       |             Wp           PR        eff_a        eff_p           Np          pwr        NpMap        PRmap     alphaMap
CRZ.hpt       |         13.570        5.196        0.925        0.910      388.908    23918.033      100.000        5.000        1.000
CRZ.lpt       |         67.287        4.291        0.933        0.920      153.894    16136.716      100.000        7.500        1.000
-------------------------------------------------------------------------------------------------------------------------
                            NOZZLE PROPERTIES
-------------------------------------------------------------------------------------------------------------------------
Nozzle        |             PR           Cv          Cfg          Ath         MNth        MNout            V           Fg
CRZ.core_nozz |          2.376        1.000        N/A        478.524        1.000        1.000     1654.290     4567.142
CRZ.byp_nozz  |          1.839        0.998        N/A       5398.176        0.975        0.975      981.778    34235.284
---------------------------------------------------------------------------------------------------------------------------
                            SHAFT PROPERTIES
---------------------------------------------------------------------------------------------------------------------------
Shaft               |                 Nmech               trqin              trqout               pwrin              pwrout
CRZ.hp_shaft        |             20871.000            6018.884           -5930.808           23918.018          -23568.018
CRZ.lp_shaft        |              6772.000           12515.034          -12389.883           16136.707          -15975.340
CRZ.fan_shaft       |              2184.500           36581.075          -36581.075           15215.087          -15215.087
-----------------------------------------------------------------------------------------------------------------
                            BLEED PROPERTIES
-----------------------------------------------------------------------------------------------------------------
Bleed              |         Wb/Win        Pfrac     Workfrac            W           Tt           ht           Pt
CRZ.hpc.bld_inlet  |          0.000        0.146        0.500        0.000      991.484      108.792       48.105
CRZ.hpc.bld_exit   |          0.020        0.146        0.500        1.505      991.484      108.792       48.105
CRZ.hpc.cust       |         -0.000        0.146        0.350       -0.000      855.455       75.256       48.105
CRZ.bld3.bld_inlet |          0.067        1.000        1.000        4.948     1429.550      220.580      267.569
CRZ.bld3.bld_exit  |          0.072        1.000        1.000        5.319     1429.550      220.580      267.569
CRZ.bld3.bld_inlet |          0.067        1.000        1.000        4.948     1429.550      220.580      267.569
CRZ.bld3.bld_exit  |          0.072        1.000        1.000        5.319     1429.550      220.580      267.569
CRZ.bld25.sbv      |         -0.000        1.000        1.000       -0.000      531.951       -2.995       10.594



----------------------------------------------------------------------------
                              POINT: RTO
----------------------------------------------------------------------------
                       PERFORMANCE CHARACTERISTICS
    Mach      Alt       W      Fn      Fg    Fram     OPR     TSFC      BPR 
 0.25000      0.0 2437.315 45000.0 66685.7 21685.7  41.882  0.32668   13.937
------------------------------------------------------------------------------------------------------------------------------------------------
                            FLOW STATIONS
------------------------------------------------------------------------------------------------------------------------------------------------
------------------------------------------------------------------------------------------------------------------------------------------------
Flow Station           |          tot:P        tot:T        tot:h        tot:S       stat:P       stat:W      stat:MN       stat:V    stat:area
------------------------------------------------------------------------------------------------------------------------------------------------
RTO.fc.Fl_O            |         15.349      552.487        1.933        1.643       14.696     2437.315        0.250      286.264    16866.610
RTO.inlet.Fl_O         |         15.303      552.487        1.933        1.644       11.834     2437.315        0.617      685.589     8227.676
RTO.fan.Fl_O           |         20.472      602.111       13.857        1.644       18.007     2437.315        0.432      510.322     8214.052
RTO.splitter.Fl_O1     |         20.472      602.111       13.857        1.644       17.591      163.176        0.471      553.956      515.144
RTO.duct2.Fl_O         |         20.472      602.111       13.857        1.644       17.660      163.176        0.464      546.876      520.348
RTO.lpc.Fl_O           |         24.188      637.437       22.359        1.647       20.740      163.176        0.474      573.787      446.333
RTO.bld25.Fl_O         |         24.188      637.437       22.359        1.647       20.740      163.176        0.474      573.787      446.333
RTO.duct25.Fl_O        |         24.188      637.437       22.359        1.647       20.865      163.176        0.465      562.772      453.130
RTO.hpc.Fl_O           |        640.910     1717.657      297.342        1.672      603.872      159.913        0.299      590.235       40.498
RTO.bld3.Fl_O          |        640.910     1717.657      297.342        1.672      603.872      137.651        0.299      590.235       34.861
RTO.burner.Fl_O        |        615.273     3464.947      288.776        1.916      611.344      141.734        0.101      275.975      155.082
RTO.hpt.Fl_O           |        119.018     2371.214       17.558        1.906      112.176      163.996        0.303      691.841      263.689
RTO.duct45.Fl_O        |        119.018     2371.214       17.558        1.906      104.424      163.996        0.452     1024.196      188.218
RTO.lpt.Fl_O           |         27.729     1716.590     -163.549        1.912       25.533      167.260        0.355      693.791      847.364
RTO.duct5.Fl_O         |         27.729     1716.590     -163.549        1.912       26.607      167.260        0.251      492.192     1157.837
RTO.core_nozz.Fl_O     |         27.729     1716.590     -163.549        1.912       14.954      167.260        1.000     1837.285      478.524
RTO.splitter.Fl_O2     |         20.472      602.111       13.857        1.644       18.033     2274.139        0.430      507.492     7698.907
RTO.byp_bld.Fl_O       |         20.472      602.111       13.857        1.644       18.033     2274.139        0.430      507.492     7698.907
RTO.duct17.Fl_O        |         20.472      602.111       13.857        1.644       18.118     2274.139        0.422      498.211     7816.149
RTO.byp_nozz.Fl_O      |         20.472      602.111       13.857        1.644       14.696     2274.139        0.705      808.610     5592.725
------------------------------------------------------------------------------------------------------------------------------------------------
-------------------------------------------------------------------------------------------------------------------------------------------------------------------------------------------------------
                          COMPRESSOR PROPERTIES
-------------------------------------------------------------------------------------------------------------------------------------------------------------------------------------------------------
Compressor    |           Wc         Pr      eta_a      eta_p         Nc        pwr   RlineMap      NcMap      WcMap      PRmap   alphaMap        SMN        SMW     effMap
-------------------------------------------------------------------------------------------------------------------------------------------------------------------------------------------------------
RTO.fan       |     2415.758      1.338      0.964      0.966   2370.062 -41117.477      1.750      1.027      1.439   2717.003      0.000      9.937      9.787      0.930
RTO.lpc       |      126.206      1.181      0.829      0.833   7037.971  -1962.980      2.363      1.125      1.415    231.423      0.000     49.609     47.047      0.802
RTO.hpc       |      109.909     26.497      0.850      0.899  21015.310 -62850.654      2.080      1.020     23.764    210.941      0.000     16.866     16.812      0.837
-------------------------------------------------------------------------------------------------------------------------------------------------------------------------------------------------------
--------------------------------------------------------------------------------------------------------------------------------------
                            TURBINE PROPERTIES
--------------------------------------------------------------------------------------------------------------------------------------
Turbine       |             Wp           PR        eff_a        eff_p           Np          pwr        NpMap        PRmap     alphaMap
RTO.hpt       |         13.560        5.170        0.925        0.911      395.786    63200.655      101.769        4.975        1.000
RTO.lpt       |         67.098        4.292        0.935        0.923      155.724    43515.613      101.189        7.502        1.000
-------------------------------------------------------------------------------------------------------------------------
                            NOZZLE PROPERTIES
-------------------------------------------------------------------------------------------------------------------------
Nozzle        |             PR           Cv          Cfg          Ath         MNth        MNout            V           Fg
RTO.core_nozz |          1.887        1.000        N/A        478.524        1.000        1.000     1837.285     9674.035
RTO.byp_nozz  |          1.393        0.998        N/A       5592.725        0.705        0.705      808.610    57011.693
---------------------------------------------------------------------------------------------------------------------------
                            SHAFT PROPERTIES
---------------------------------------------------------------------------------------------------------------------------
Shaft               |                 Nmech               trqin              trqout               pwrin              pwrout
RTO.hp_shaft        |             23297.483           14247.753          -14168.850           63200.617          -62850.617
RTO.lp_shaft        |              7582.984           30139.688          -29838.291           43515.587          -43080.431
RTO.fan_shaft       |              2446.106           88284.610          -88284.610           41117.452          -41117.452
-----------------------------------------------------------------------------------------------------------------
                            BLEED PROPERTIES
-----------------------------------------------------------------------------------------------------------------
Bleed              |         Wb/Win        Pfrac     Workfrac            W           Tt           ht           Pt
RTO.hpc.bld_inlet  |          0.000        0.146        0.500        0.000     1194.536      159.851      114.537
RTO.hpc.bld_exit   |          0.020        0.146        0.500        3.264     1194.536      159.851      114.537
RTO.hpc.cust       |         -0.000        0.146        0.350       -0.000     1030.893      118.603      114.537
RTO.bld3.bld_inlet |          0.067        1.000        1.000       10.728     1717.657      297.342      640.910
RTO.bld3.bld_exit  |          0.072        1.000        1.000       11.534     1717.657      297.342      640.910
RTO.bld3.bld_inlet |          0.067        1.000        1.000       10.728     1717.657      297.342      640.910
RTO.bld3.bld_exit  |          0.072        1.000        1.000       11.534     1717.657      297.342      640.910
RTO.bld25.sbv      |         -0.000        1.000        1.000       -0.000      637.437       22.359       24.188



----------------------------------------------------------------------------
                              POINT: SLS
----------------------------------------------------------------------------
                       PERFORMANCE CHARACTERISTICS
    Mach      Alt       W      Fn      Fg    Fram     OPR     TSFC      BPR 
 0.00000      0.0 2232.795 50000.0 50000.1     0.1  35.014  0.20819   15.133
------------------------------------------------------------------------------------------------------------------------------------------------
                            FLOW STATIONS
------------------------------------------------------------------------------------------------------------------------------------------------
------------------------------------------------------------------------------------------------------------------------------------------------
Flow Station           |          tot:P        tot:T        tot:h        tot:S       stat:P       stat:W      stat:MN       stat:V    stat:area
------------------------------------------------------------------------------------------------------------------------------------------------
SLS.fc.Fl_O            |         14.696      545.670        0.297        1.643       14.696     2232.795        0.000        0.0013862825468.688
SLS.inlet.Fl_O         |         14.622      545.670        0.297        1.644       11.732     2232.795        0.570      632.330     8227.676
SLS.fan.Fl_O           |         18.530      585.025        9.749        1.644       16.311     2232.795        0.431      501.567     8214.052
SLS.splitter.Fl_O1     |         18.530      585.025        9.749        1.644       16.371      138.399        0.425      494.429      515.144
SLS.duct2.Fl_O         |         18.530      585.025        9.749        1.644       16.421      138.399        0.419      488.421      520.348
SLS.lpc.Fl_O           |         22.170      618.138       17.713        1.645       19.637      138.399        0.420      503.060      446.333
SLS.bld25.Fl_O         |         22.170      618.138       17.713        1.645       19.637      138.399        0.420      503.060      446.333
SLS.duct25.Fl_O        |         22.170      618.138       17.713        1.645       19.724      138.399        0.412      493.947      453.130
SLS.hpc.Fl_O           |        511.985     1587.840      262.455        1.666      481.068      135.631        0.305      580.380       40.498
SLS.bld3.Fl_O          |        511.985     1587.840      262.455        1.666      481.068      116.750        0.305      580.380       34.861
SLS.burner.Fl_O        |        491.506     3102.971      256.112        1.891      488.368      119.641        0.100      261.127      155.082
SLS.hpt.Fl_O           |         94.204     2101.828       13.112        1.883       88.736      138.523        0.303      654.471      263.689
SLS.duct45.Fl_O        |         94.204     2101.828       13.112        1.883       82.540      138.523        0.453      968.968      188.218
SLS.lpt.Fl_O           |         22.629     1520.844     -143.161        1.890       20.939      141.291        0.343      633.598      847.364
SLS.duct5.Fl_O         |         22.629     1520.844     -143.161        1.890       21.762      141.291        0.242      450.499     1157.837
SLS.core_nozz.Fl_O     |         22.629     1520.844     -143.161        1.890       14.696      141.291        0.824     1461.216      478.524
SLS.splitter.Fl_O2     |         18.530      585.025        9.749        1.644       16.307     2094.396        0.431      502.046     7698.907
SLS.byp_bld.Fl_O       |         18.530      585.025        9.749        1.644       16.307     2094.396        0.431      502.046     7698.907
SLS.duct17.Fl_O        |         18.530      585.025        9.749        1.644       16.384     2094.396        0.423      492.850     7816.149
SLS.byp_nozz.Fl_O      |         18.530      585.025        9.749        1.644       14.696     2094.396        0.585      671.211     6202.826
------------------------------------------------------------------------------------------------------------------------------------------------
-------------------------------------------------------------------------------------------------------------------------------------------------------------------------------------------------------
                          COMPRESSOR PROPERTIES
-------------------------------------------------------------------------------------------------------------------------------------------------------------------------------------------------------
Compressor    |           Wc         Pr      eta_a      eta_p         Nc        pwr   RlineMap      NcMap      WcMap      PRmap   alphaMap        SMN        SMW     effMap
-------------------------------------------------------------------------------------------------------------------------------------------------------------------------------------------------------
SLS.fan       |     2301.690      1.267      0.970      0.971   2186.845 -29860.364      1.750      0.948      1.347   2588.710      0.000     13.631     11.647      0.936
SLS.lpc       |      116.574      1.196      0.927      0.929   6547.277  -1559.388      2.049      1.046      1.449    213.760      0.000     37.675     33.394      0.896
SLS.hpc       |      100.153     23.094      0.870      0.912  20226.624 -47444.864      1.968      0.981     20.726    192.217      0.000     21.740     21.894      0.857
-------------------------------------------------------------------------------------------------------------------------------------------------------------------------------------------------------
--------------------------------------------------------------------------------------------------------------------------------------
                            TURBINE PROPERTIES
--------------------------------------------------------------------------------------------------------------------------------------
Turbine       |             Wp           PR        eff_a        eff_p           Np          pwr        NpMap        PRmap     alphaMap
SLS.hpt       |         13.559        5.217        0.925        0.911      396.398    47794.865      101.926        5.021        1.000
SLS.lpt       |         67.414        4.163        0.931        0.919      151.671    31737.123       98.556        7.247        1.000
-------------------------------------------------------------------------------------------------------------------------
                            NOZZLE PROPERTIES
-------------------------------------------------------------------------------------------------------------------------
Nozzle        |             PR           Cv          Cfg          Ath         MNth        MNout            V           Fg
SLS.core_nozz |          1.540        1.000        N/A        478.524        0.824        0.824     1461.216     6416.232
SLS.byp_nozz  |          1.261        0.998        N/A       6202.826        0.585        0.585      671.211    43583.847
---------------------------------------------------------------------------------------------------------------------------
                            SHAFT PROPERTIES
---------------------------------------------------------------------------------------------------------------------------
Shaft               |                 Nmech               trqin              trqout               pwrin              pwrout
SLS.hp_shaft        |             22081.094           11368.272          -11285.022           47794.836          -47444.836
SLS.lp_shaft        |              6953.482           23971.710          -23731.993           31737.104          -31419.733
SLS.fan_shaft       |              2243.042           69918.397          -69918.397           29860.346          -29860.346
-----------------------------------------------------------------------------------------------------------------
                            BLEED PROPERTIES
-----------------------------------------------------------------------------------------------------------------
Bleed              |         Wb/Win        Pfrac     Workfrac            W           Tt           ht           Pt
SLS.hpc.bld_inlet  |          0.000        0.146        0.500        0.000     1116.526      140.084       93.928
SLS.hpc.bld_exit   |          0.020        0.146        0.500        2.768     1116.526      140.084       93.928
SLS.hpc.cust       |         -0.000        0.146        0.350       -0.000      969.636      103.372       93.928
SLS.bld3.bld_inlet |          0.067        1.000        1.000        9.099     1587.840      262.455      511.985
SLS.bld3.bld_exit  |          0.072        1.000        1.000        9.782     1587.840      262.455      511.985
SLS.bld3.bld_inlet |          0.067        1.000        1.000        9.099     1587.840      262.455      511.985
SLS.bld3.bld_exit  |          0.072        1.000        1.000        9.782     1587.840      262.455      511.985
SLS.bld25.sbv      |         -0.000        1.000        1.000       -0.000      618.138       17.713       22.170



----------------------------------------------------------------------------
                              POINT: ToC
----------------------------------------------------------------------------
                       PERFORMANCE CHARACTERISTICS
    Mach      Alt       W      Fn      Fg    Fram     OPR     TSFC      BPR 
 0.74000  28000.0 1171.088 10200.0 37232.1 27032.1  36.082  0.45055   15.352
------------------------------------------------------------------------------------------------------------------------------------------------
                            FLOW STATIONS
------------------------------------------------------------------------------------------------------------------------------------------------
------------------------------------------------------------------------------------------------------------------------------------------------
Flow Station           |          tot:P        tot:T        tot:h        tot:S       stat:P       stat:W      stat:MN       stat:V    stat:area
------------------------------------------------------------------------------------------------------------------------------------------------
ToC.fc.Fl_O            |          6.873      464.798      -19.097        1.657        4.776     1171.088        0.740      742.670     7376.740
ToC.inlet.Fl_O         |          6.860      464.798      -19.097        1.657        5.380     1171.088        0.599      611.991     8227.676
ToC.fan.Fl_O           |          8.734      499.100      -10.875        1.658        7.618     1171.088        0.446      479.232     8214.052
ToC.splitter.Fl_O1     |          8.734      499.100      -10.875        1.658        7.683       71.617        0.432      464.506      515.144
ToC.duct2.Fl_O         |          8.734      499.100      -10.875        1.658        7.707       71.617        0.426      458.819      520.348
ToC.lpc.Fl_O           |         10.604      529.500       -3.584        1.659        9.389       71.617        0.421      466.279      446.333
ToC.bld25.Fl_O         |         10.604      529.500       -3.584        1.659        9.389       71.617        0.421      466.279      446.333
ToC.duct25.Fl_O        |         10.604      529.500       -3.584        1.659        9.431       71.617        0.413      457.830      453.130
ToC.hpc.Fl_O           |        247.514     1382.126      208.184        1.679      232.619       70.185        0.304      540.453       40.498
ToC.bld3.Fl_O          |        247.514     1382.126      208.184        1.679      232.619       60.414        0.304      540.453       34.861
ToC.burner.Fl_O        |        237.613     2730.563      203.876        1.898      236.094       61.691        0.100      245.079      155.082
ToC.hpt.Fl_O           |         45.362     1826.818       -9.104        1.891       42.738       71.462        0.301      609.058      263.689
ToC.duct45.Fl_O        |         45.362     1826.818       -9.104        1.891       39.772       71.462        0.449      900.936      188.218
ToC.lpt.Fl_O           |         10.425     1295.888     -147.577        1.898        9.587       72.894        0.354      606.959      847.364
ToC.duct5.Fl_O         |         10.425     1295.888     -147.577        1.898        9.997       72.894        0.250      430.673     1157.837
ToC.core_nozz.Fl_O     |         10.425     1295.888     -147.577        1.898        5.572       72.894        1.000     1603.308      478.524
ToC.splitter.Fl_O2     |          8.734      499.100      -10.875        1.658        7.614     1099.471        0.447      480.229     7698.907
ToC.byp_bld.Fl_O       |          8.734      499.100      -10.875        1.658        7.614     1099.471        0.447      480.229     7698.907
ToC.duct17.Fl_O        |          8.734      499.100      -10.875        1.658        7.653     1099.471        0.438      471.286     7816.149
ToC.byp_nozz.Fl_O      |          8.734      499.100      -10.875        1.658        4.776     1099.471        0.970      974.544     5292.015
------------------------------------------------------------------------------------------------------------------------------------------------
-------------------------------------------------------------------------------------------------------------------------------------------------------------------------------------------------------
                          COMPRESSOR PROPERTIES
-------------------------------------------------------------------------------------------------------------------------------------------------------------------------------------------------------
Compressor    |           Wc         Pr      eta_a      eta_p         Nc        pwr   RlineMap      NcMap      WcMap      PRmap   alphaMap        SMN        SMW     effMap
-------------------------------------------------------------------------------------------------------------------------------------------------------------------------------------------------------
ToC.fan       |     2375.032      1.273      0.969      0.970   2229.884 -13623.275      1.940      0.966      1.355   2671.199      0.000     16.005     14.597      0.935
ToC.lpc       |      118.212      1.214      0.936      0.938   6670.914   -738.800      2.002      1.066      1.490    216.764      0.000     34.998     31.446      0.905
ToC.hpc       |      100.283     23.341      0.870      0.912  20236.080 -21243.385      1.936      0.982     20.947    192.467      0.000     20.624     20.771      0.857
-------------------------------------------------------------------------------------------------------------------------------------------------------------------------------------------------------
--------------------------------------------------------------------------------------------------------------------------------------
                            TURBINE PROPERTIES
--------------------------------------------------------------------------------------------------------------------------------------
Turbine       |             Wp           PR        eff_a        eff_p           Np          pwr        NpMap        PRmap     alphaMap
ToC.hpt       |         13.567        5.238        0.925        0.910      391.280    21593.385      100.610        5.040        1.000
ToC.lpt       |         67.333        4.351        0.930        0.917      153.104    14507.147       99.487        7.620        1.000
-------------------------------------------------------------------------------------------------------------------------
                            NOZZLE PROPERTIES
-------------------------------------------------------------------------------------------------------------------------
Nozzle        |             PR           Cv          Cfg          Ath         MNth        MNout            V           Fg
ToC.core_nozz |          2.182        1.000        N/A        478.524        1.000        1.000     1603.308     4012.627
ToC.byp_nozz  |          1.829        0.998        N/A       5292.015        0.970        0.970      974.544    33219.511
---------------------------------------------------------------------------------------------------------------------------
                            SHAFT PROPERTIES
---------------------------------------------------------------------------------------------------------------------------
Shaft               |                 Nmech               trqin              trqout               pwrin              pwrout
ToC.hp_shaft        |             20446.251            5546.779           -5456.873           21593.373          -21243.373
ToC.lp_shaft        |              6543.854           11643.464          -11527.029           14507.138          -14362.067
ToC.fan_shaft       |              2110.905           33895.857          -33895.857           13623.267          -13623.267
-----------------------------------------------------------------------------------------------------------------
                            BLEED PROPERTIES
-----------------------------------------------------------------------------------------------------------------
Bleed              |         Wb/Win        Pfrac     Workfrac            W           Tt           ht           Pt
ToC.hpc.bld_inlet  |          0.000        0.146        0.500        0.000      965.307      102.300       45.311
ToC.hpc.bld_exit   |          0.020        0.146        0.500        1.432      965.307      102.300       45.311
ToC.hpc.cust       |         -0.000        0.146        0.350       -0.000      836.152       70.535       45.311
ToC.bld3.bld_inlet |          0.067        1.000        1.000        4.709     1382.126      208.184      247.514
ToC.bld3.bld_exit  |          0.072        1.000        1.000        5.062     1382.126      208.184      247.514
ToC.bld3.bld_inlet |          0.067        1.000        1.000        4.709     1382.126      208.184      247.514
ToC.bld3.bld_exit  |          0.072        1.000        1.000        5.062     1382.126      208.184      247.514
ToC.bld25.sbv      |         -0.000        1.000        1.000       -0.000      529.500       -3.584       10.604
