


----------------------------------------------------------------------------
                              POINT: TOC
----------------------------------------------------------------------------
                       PERFORMANCE CHARACTERISTICS
    Mach      Alt       W      Fn      Fg    Fram     OPR     TSFC      BPR 
 0.80000  35000.0 920.441  9811.6 32086.5 22274.9  52.300  0.43192   17.945
------------------------------------------------------------------------------------------------------------------------------------------------
                            FLOW STATIONS
------------------------------------------------------------------------------------------------------------------------------------------------
------------------------------------------------------------------------------------------------------------------------------------------------
Flow Station           |          tot:P        tot:T        tot:h        tot:S       stat:P       stat:W      stat:MN       stat:V    stat:area
------------------------------------------------------------------------------------------------------------------------------------------------
TOC.fc.Fl_O            |          5.273      444.404      -23.983        1.665        3.458      920.441        0.800      778.619     7183.351
TOC.inlet.Fl_O         |          5.262      444.404      -23.983        1.665        4.043      920.441        0.625      622.229     8044.167
TOC.fan.Fl_O           |          7.893      500.855      -10.454        1.666        6.654      920.441        0.500      535.436     6574.661
TOC.splitter.Fl_O1     |          7.893      500.855      -10.454        1.666        6.869       48.585        0.450      484.084      375.227
TOC.duct2.Fl_O         |          7.814      500.855      -10.454        1.666        6.800       48.585        0.450      484.084      379.017
TOC.lpc.Fl_O           |         25.006      722.341       42.860        1.675       21.769       48.585        0.450      580.545      142.445
TOC.bld25.Fl_O         |         25.006      722.341       42.860        1.675       21.769       48.585        0.450      580.545      142.445
TOC.duct25.Fl_O        |         24.630      722.341       42.860        1.676       21.443       48.585        0.450      580.545      144.614
TOC.hpc.Fl_O           |        275.210     1493.724      237.465        1.692      259.090       47.613        0.300      554.174       26.015
TOC.bld3.Fl_O          |        275.210     1493.724      237.465        1.692      259.090       43.472        0.300      554.174       23.753
TOC.burner.Fl_O        |        264.202     3150.000      231.205        1.941      262.525       44.649        0.100      262.296      108.812
TOC.hpt.Fl_O           |         79.056     2380.998       34.817        1.935       74.598       48.790        0.300      686.479      119.411
TOC.duct45.Fl_O        |         78.661     2380.998       34.817        1.935       69.096       48.790        0.450     1021.746       85.200
TOC.lpt.Fl_O           |          5.112     1281.123     -268.477        1.947        4.711       49.762        0.350      596.333     1185.313
TOC.duct5.Fl_O         |          5.061     1281.123     -268.477        1.948        4.853       49.762        0.250      428.018     1619.537
TOC.core_nozz.Fl_O     |          5.061     1281.123     -268.477        1.948        3.458       49.762        0.769     1262.930      705.409
TOC.splitter.Fl_O2     |          7.893      500.855      -10.454        1.666        6.869      871.856        0.450      484.084     6733.496
TOC.byp_bld.Fl_O       |          7.893      500.855      -10.454        1.666        6.869      871.856        0.450      484.084     6733.496
TOC.duct17.Fl_O        |          7.775      500.855      -10.454        1.667        6.766      871.856        0.450      484.084     6836.037
TOC.byp_nozz.Fl_O      |          7.775      500.855      -10.454        1.667        4.106      871.856        1.000     1001.703     4718.723
------------------------------------------------------------------------------------------------------------------------------------------------
-------------------------------------------------------------------------------------------------------------------------------------------------------------------------------------------------------
                          COMPRESSOR PROPERTIES
-------------------------------------------------------------------------------------------------------------------------------------------------------------------------------------------------------
Compressor    |           Wc         Pr      eta_a      eta_p         Nc        pwr   RlineMap      NcMap      WcMap      PRmap   alphaMap        SMN        SMW     effMap
-------------------------------------------------------------------------------------------------------------------------------------------------------------------------------------------------------
TOC.fan       |     2379.455      1.500      0.968      0.970   2359.981 -17618.636      2.000      1.000      1.390   2737.145      0.000     14.985     14.525      0.935
TOC.lpc       |       89.788      3.200      0.889      0.905   7705.489  -3664.783      2.200      1.100      1.457    226.037      0.000     42.500     39.684      0.872
TOC.hpc       |       34.210     11.174      0.875      0.908  17685.517 -13243.421      2.000      1.000     23.000    206.000      0.000     18.000     17.955      0.852
-------------------------------------------------------------------------------------------------------------------------------------------------------------------------------------------------------
--------------------------------------------------------------------------------------------------------------------------------------
                            TURBINE PROPERTIES
--------------------------------------------------------------------------------------------------------------------------------------
Turbine       |             Wp           PR        eff_a        eff_p           Np          pwr        NpMap        PRmap     alphaMap
TOC.hpt       |          9.485        3.342        0.921        0.910      371.867    13593.421      100.000        5.000        1.000
TOC.lpt       |         30.266       15.387        0.950        0.930      155.178    21498.403      100.000        7.500        1.000
-------------------------------------------------------------------------------------------------------------------------
                            NOZZLE PROPERTIES
-------------------------------------------------------------------------------------------------------------------------
Nozzle        |             PR           Cv          Cfg          Ath         MNth        MNout            V           Fg
TOC.core_nozz |          1.464        1.000        N/A        705.409        0.769        0.769     1262.930     1953.107
TOC.byp_nozz  |          2.248        0.998        N/A       4718.723        1.000        1.000     1001.703    30133.391
---------------------------------------------------------------------------------------------------------------------------
                            SHAFT PROPERTIES
---------------------------------------------------------------------------------------------------------------------------
Shaft               |                 Nmech               trqin              trqout               pwrin              pwrout
TOC.hp_shaft        |             20871.000            3420.734           -3332.658           13593.413          -13243.413
TOC.lp_shaft        |              7572.000           14911.777          -14762.659           21498.390          -21283.406
TOC.fan_shaft       |              2184.500           42359.814          -42359.814           17618.626          -17618.626
-----------------------------------------------------------------------------------------------------------------
                            BLEED PROPERTIES
-----------------------------------------------------------------------------------------------------------------
Bleed              |         Wb/Win        Pfrac     Workfrac            W           Tt           ht           Pt
TOC.hpc.bld_inlet  |         -0.000        0.146        0.500       -0.000     1116.839      140.162       61.340
TOC.hpc.bld_exit   |          0.020        0.146        0.500        0.972     1116.839      140.162       61.340
TOC.hpc.cust       |         -0.000        0.146        0.350       -0.000     1000.254      110.972       61.340
TOC.bld3.bld_inlet |          0.043        1.000        1.000        2.036     1493.724      237.465      275.210
TOC.bld3.bld_exit  |          0.044        1.000        1.000        2.105     1493.724      237.465      275.210
TOC.bld3.bld_inlet |          0.043        1.000        1.000        2.036     1493.724      237.465      275.210
TOC.bld3.bld_exit  |          0.044        1.000        1.000        2.105     1493.724      237.465      275.210
TOC.bld25.sbv      |          0.000        1.000        1.000        0.000      722.341       42.860       25.006



----------------------------------------------------------------------------
                              POINT: RTO
----------------------------------------------------------------------------
                       PERFORMANCE CHARACTERISTICS
    Mach      Alt       W      Fn      Fg    Fram     OPR     TSFC      BPR 
 0.25000      0.0 1941.602 25000.0 42275.2 17275.2  31.431  0.28642   21.931
------------------------------------------------------------------------------------------------------------------------------------------------
                            FLOW STATIONS
------------------------------------------------------------------------------------------------------------------------------------------------
------------------------------------------------------------------------------------------------------------------------------------------------
Flow Station           |          tot:P        tot:T        tot:h        tot:S       stat:P       stat:W      stat:MN       stat:V    stat:area
------------------------------------------------------------------------------------------------------------------------------------------------
RTO.fc.Fl_O            |         15.349      552.487        1.933        1.643       14.696     1941.602        0.250      286.264    13436.196
RTO.inlet.Fl_O         |         15.303      552.487        1.933        1.644       13.270     1941.602        0.456      514.765     8044.167
RTO.fan.Fl_O           |         19.186      591.040       11.195        1.644       16.578     1941.602        0.462      538.783     6574.661
RTO.splitter.Fl_O1     |         19.186      591.040       11.195        1.644       17.774       84.672        0.332      391.713      375.227
RTO.duct2.Fl_O         |         19.081      591.040       11.195        1.645       17.691       84.672        0.331      389.702      379.017
RTO.lpc.Fl_O           |         46.907      779.042       56.615        1.650       41.327       84.672        0.430      576.821      142.445
RTO.bld25.Fl_O         |         46.907      779.042       56.615        1.650       41.327       84.672        0.430      576.821      142.445
RTO.duct25.Fl_O        |         46.264      779.042       56.615        1.651       40.778       84.672        0.429      575.891      144.614
RTO.hpc.Fl_O           |        480.982     1568.445      257.284        1.667      451.462       82.979        0.308      581.621       26.015
RTO.bld3.Fl_O          |        480.982     1568.445      257.284        1.667      451.462       75.762        0.308      581.621       23.753
RTO.burner.Fl_O        |        461.742     3166.763      250.702        1.903      458.818       77.751        0.100      262.735      108.812
RTO.hpt.Fl_O           |        135.674     2388.500       50.379        1.898      127.752       84.968        0.305      699.939      119.411
RTO.duct45.Fl_O        |        134.971     2388.500       50.379        1.899      117.903       84.968        0.460     1044.713       85.200
RTO.lpt.Fl_O           |         16.020     1478.158     -201.961        1.907       15.599       86.661        0.200      367.126     1185.313
RTO.duct5.Fl_O         |         15.968     1478.158     -201.961        1.907       15.744       86.661        0.145      267.050     1619.537
RTO.core_nozz.Fl_O     |         15.968     1478.158     -201.961        1.907       14.696       86.661        0.354      645.559      705.409
RTO.splitter.Fl_O2     |         19.186      591.040       11.195        1.644       16.968     1856.930        0.423      494.839     6733.496
RTO.byp_bld.Fl_O       |         19.186      591.040       11.195        1.644       16.968     1856.930        0.423      494.839     6733.496
RTO.duct17.Fl_O        |         18.932      591.040       11.195        1.645       16.753     1856.930        0.422      493.760     6836.037
RTO.byp_nozz.Fl_O      |         18.932      591.040       11.195        1.645       14.696     1856.930        0.613      704.114     5264.164
------------------------------------------------------------------------------------------------------------------------------------------------
-------------------------------------------------------------------------------------------------------------------------------------------------------------------------------------------------------
                          COMPRESSOR PROPERTIES
-------------------------------------------------------------------------------------------------------------------------------------------------------------------------------------------------------
Compressor    |           Wc         Pr      eta_a      eta_p         Nc        pwr   RlineMap      NcMap      WcMap      PRmap   alphaMap        SMN        SMW     effMap
-------------------------------------------------------------------------------------------------------------------------------------------------------------------------------------------------------
RTO.fan       |     1924.430      1.254      0.955      0.957   1810.349 -25442.211      1.750      0.767      1.198   2213.718      0.000     22.830     11.165      0.923
RTO.lpc       |       69.615      2.458      0.914      0.924   6066.994  -5441.311      1.913      0.866      1.303    175.251      0.000     37.028     25.727      0.898
RTO.hpc       |       32.963     10.396      0.876      0.907  17503.434 -23799.343      2.063      0.990     21.319    198.494      0.000     22.423     22.550      0.853
-------------------------------------------------------------------------------------------------------------------------------------------------------------------------------------------------------
--------------------------------------------------------------------------------------------------------------------------------------
                            TURBINE PROPERTIES
--------------------------------------------------------------------------------------------------------------------------------------
Turbine       |             Wp           PR        eff_a        eff_p           Np          pwr        NpMap        PRmap     alphaMap
RTO.hpt       |          9.476        3.403        0.921        0.911      381.198    24149.343      102.509        5.105        1.000
RTO.lpt       |         30.766        8.425        0.947        0.931      132.518    31195.477       85.397        4.355        1.000
-------------------------------------------------------------------------------------------------------------------------
                            NOZZLE PROPERTIES
-------------------------------------------------------------------------------------------------------------------------
Nozzle        |             PR           Cv          Cfg          Ath         MNth        MNout            V           Fg
RTO.core_nozz |          1.087        1.000        N/A        705.409        0.354        0.354      645.559     1738.647
RTO.byp_nozz  |          1.288        0.998        N/A       5264.164        0.613        0.613      704.114    40536.532
---------------------------------------------------------------------------------------------------------------------------
                            SHAFT PROPERTIES
---------------------------------------------------------------------------------------------------------------------------
Shaft               |                 Nmech               trqin              trqout               pwrin              pwrout
RTO.hp_shaft        |             21451.529            5912.632           -5826.940           24149.329          -23799.329
RTO.lp_shaft        |              6476.442           25298.161          -25045.179           31195.458          -30883.503
RTO.fan_shaft       |              1868.435           71517.238          -71517.238           25442.196          -25442.196
-----------------------------------------------------------------------------------------------------------------
                            BLEED PROPERTIES
-----------------------------------------------------------------------------------------------------------------
Bleed              |         Wb/Win        Pfrac     Workfrac            W           Tt           ht           Pt
RTO.hpc.bld_inlet  |         -0.000        0.146        0.500       -0.000     1183.134      156.950      109.950
RTO.hpc.bld_exit   |          0.020        0.146        0.500        1.693     1183.134      156.950      109.950
RTO.hpc.cust       |         -0.000        0.146        0.350       -0.000     1063.872      126.849      109.950
RTO.bld3.bld_inlet |          0.043        1.000        1.000        3.548     1568.445      257.284      480.982
RTO.bld3.bld_exit  |          0.044        1.000        1.000        3.668     1568.445      257.284      480.982
RTO.bld3.bld_inlet |          0.043        1.000        1.000        3.548     1568.445      257.284      480.982
RTO.bld3.bld_exit  |          0.044        1.000        1.000        3.668     1568.445      257.284      480.982
RTO.bld25.sbv      |          0.000        1.000        1.000        0.000      779.042       56.615       46.907
