


----------------------------------------------------------------------------
                              POINT: TOC
----------------------------------------------------------------------------
                       PERFORMANCE CHARACTERISTICS
    Mach      Alt       W      Fn      Fg    Fram     OPR     TSFC      BPR 
 0.80000  35000.0 820.441  6296.3 26151.2 19854.9  52.300  0.44076   23.945
------------------------------------------------------------------------------------------------------------------------------------------------
                            FLOW STATIONS
------------------------------------------------------------------------------------------------------------------------------------------------
------------------------------------------------------------------------------------------------------------------------------------------------
Flow Station           |          tot:P        tot:T        tot:h        tot:S       stat:P       stat:W      stat:MN       stat:V    stat:area
------------------------------------------------------------------------------------------------------------------------------------------------
TOC.fc.Fl_O            |          5.273      444.404      -23.983        1.665        3.458      820.441        0.800      778.619     6402.926
TOC.inlet.Fl_O         |          5.262      444.404      -23.983        1.665        4.043      820.441        0.625      622.229     7170.220
TOC.fan.Fl_O           |          6.841      480.163      -15.415        1.665        5.953      820.441        0.450      474.003     7158.237
TOC.splitter.Fl_O1     |          6.841      480.163      -15.415        1.665        5.953       32.890        0.450      474.003      286.959
TOC.duct2.Fl_O         |          6.772      480.163      -15.415        1.666        5.893       32.890        0.450      474.003      289.858
TOC.lpc.Fl_O           |         20.317      678.872       32.351        1.674       17.685       32.890        0.450      563.037      115.007
TOC.bld25.Fl_O         |         20.317      678.872       32.351        1.674       17.685       32.890        0.450      563.037      115.007
TOC.duct25.Fl_O        |         20.012      678.872       32.351        1.675       17.420       32.890        0.450      563.037      116.759
TOC.hpc.Fl_O           |        275.210     1517.980      243.880        1.697      259.105       32.232        0.300      558.401       17.762
TOC.bld3.Fl_O          |        275.210     1517.980      243.880        1.697      259.105       28.860        0.300      558.401       15.904
TOC.burner.Fl_O        |        264.202     3150.000      237.536        1.940      262.525       29.631        0.100      262.316       72.205
TOC.hpt.Fl_O           |         67.516     2289.896       21.992        1.933       63.699       33.003        0.300      674.052       92.638
TOC.duct45.Fl_O        |         67.178     2289.896       21.992        1.934       58.991       33.003        0.450     1003.162       66.102
TOC.lpt.Fl_O           |          6.552     1356.915     -233.838        1.945        6.039       33.661        0.350      612.852      644.776
TOC.duct5.Fl_O         |          6.486     1356.915     -233.838        1.946        6.221       33.661        0.250      439.846      881.033
TOC.core_nozz.Fl_O     |          6.486     1356.915     -233.838        1.946        3.475       33.661        1.000     1638.816      364.090
TOC.splitter.Fl_O2     |          6.841      480.163      -15.415        1.665        5.953      787.551        0.450      474.003     6871.278
TOC.byp_bld.Fl_O       |          6.841      480.163      -15.415        1.665        5.953      787.551        0.450      474.003     6871.278
TOC.duct17.Fl_O        |          6.738      480.163      -15.415        1.666        5.864      787.551        0.450      474.003     6975.917
TOC.byp_nozz.Fl_O      |          6.738      480.163      -15.415        1.666        3.558      787.551        1.000      980.795     4815.384
------------------------------------------------------------------------------------------------------------------------------------------------
-------------------------------------------------------------------------------------------------------------------------------------------------------------------------------------------------------
                          COMPRESSOR PROPERTIES
-------------------------------------------------------------------------------------------------------------------------------------------------------------------------------------------------------
Compressor    |           Wc         Pr      eta_a      eta_p         Nc        pwr   RlineMap      NcMap      WcMap      PRmap   alphaMap        SMN        SMW     effMap
-------------------------------------------------------------------------------------------------------------------------------------------------------------------------------------------------------
TOC.fan       |     2120.943      1.300      0.969      0.970   2359.981  -9946.272      2.000      1.000      1.390   2737.145     -0.000     14.985     14.525      0.935
TOC.lpc       |       68.670      3.000      0.889      0.905   7038.309  -2222.740      2.200      1.100      1.457    226.037      0.000     42.500     39.684      0.872
TOC.hpc       |       27.632     13.752      0.849      0.892  18242.942  -9744.923      2.000      1.000     23.000    206.000      0.000     18.000     17.955      0.852
-------------------------------------------------------------------------------------------------------------------------------------------------------------------------------------------------------
--------------------------------------------------------------------------------------------------------------------------------------
                            TURBINE PROPERTIES
--------------------------------------------------------------------------------------------------------------------------------------
Turbine       |             Wp           PR        eff_a        eff_p           Np          pwr        NpMap        PRmap     alphaMap
TOC.hpt       |          6.294        3.913        0.922        0.910      371.867    10094.923      100.000        5.000        1.000
TOC.lpt       |         23.509       10.254        0.939        0.920      141.517    12291.932      100.000        7.500        1.000
-------------------------------------------------------------------------------------------------------------------------
                            NOZZLE PROPERTIES
-------------------------------------------------------------------------------------------------------------------------
Nozzle        |             PR           Cv          Cfg          Ath         MNth        MNout            V           Fg
TOC.core_nozz |          1.876        1.000        N/A        364.090        1.000        1.000     1638.816     1720.425
TOC.byp_nozz  |          1.949        0.998        N/A       4815.384        1.000        1.000      980.795    24430.786
---------------------------------------------------------------------------------------------------------------------------
                            SHAFT PROPERTIES
---------------------------------------------------------------------------------------------------------------------------
Shaft               |                 Nmech               trqin              trqout               pwrin              pwrout
TOC.hp_shaft        |             20871.000            2540.350           -2452.274           10094.917           -9744.917
TOC.lp_shaft        |              6772.000            9533.162           -9437.831           12291.924          -12169.005
TOC.fan_shaft       |              2184.500           23913.443          -23913.443            9946.266           -9946.266
-----------------------------------------------------------------------------------------------------------------
                            BLEED PROPERTIES
-----------------------------------------------------------------------------------------------------------------
Bleed              |         Wb/Win        Pfrac     Workfrac            W           Tt           ht           Pt
TOC.hpc.bld_inlet  |          0.000        0.146        0.500        0.000     1108.718      138.116       57.399
TOC.hpc.bld_exit   |          0.020        0.146        0.500        0.658     1108.718      138.116       57.399
TOC.hpc.cust       |          0.000        0.146        0.350        0.000      981.792      106.386       57.399
TOC.bld3.bld_inlet |          0.051        1.000        1.000        1.656     1517.980      243.880      275.210
TOC.bld3.bld_exit  |          0.053        1.000        1.000        1.717     1517.980      243.880      275.210
TOC.bld3.bld_inlet |          0.051        1.000        1.000        1.656     1517.980      243.880      275.210
TOC.bld3.bld_exit  |          0.053        1.000        1.000        1.717     1517.980      243.880      275.210
TOC.bld25.sbv      |         -0.000        1.000        1.000       -0.000      678.872       32.351       20.317



----------------------------------------------------------------------------
                              POINT: RTO
----------------------------------------------------------------------------
                       PERFORMANCE CHARACTERISTICS
    Mach      Alt       W      Fn      Fg    Fram     OPR     TSFC      BPR 
 0.18000      0.0 1823.523 22800.0 34481.7 11681.7  37.284  0.24140   26.780
------------------------------------------------------------------------------------------------------------------------------------------------
                            FLOW STATIONS
------------------------------------------------------------------------------------------------------------------------------------------------
------------------------------------------------------------------------------------------------------------------------------------------------
Flow Station           |          tot:P        tot:T        tot:h        tot:S       stat:P       stat:W      stat:MN       stat:V    stat:area
------------------------------------------------------------------------------------------------------------------------------------------------
RTO.fc.Fl_O            |         15.032      549.204        1.145        1.643       14.696     1823.523        0.180      206.110    17526.491
RTO.inlet.Fl_O         |         14.987      549.204        1.145        1.644       12.622     1823.523        0.501      562.118     7170.220
RTO.fan.Fl_O           |         17.881      578.651        8.217        1.644       15.906     1823.523        0.412      478.182     7158.237
RTO.splitter.Fl_O1     |         17.881      578.651        8.217        1.644       16.334       65.642        0.362      421.329      286.959
RTO.duct2.Fl_O         |         17.766      578.651        8.217        1.645       16.240       65.642        0.360      419.608      289.858
RTO.lpc.Fl_O           |         46.291      775.352       55.718        1.650       41.154       65.642        0.414      554.969      115.007
RTO.bld25.Fl_O         |         46.291      775.352       55.718        1.650       41.154       65.642        0.414      554.969      115.007
RTO.duct25.Fl_O        |         45.703      775.352       55.718        1.650       40.658       65.642        0.413      553.418      116.759
RTO.hpc.Fl_O           |        558.765     1654.869      280.409        1.671      524.167       64.329        0.310      600.162       17.762
RTO.bld3.Fl_O          |        558.765     1654.869      280.409        1.671      524.167       57.599        0.310      600.162       15.904
RTO.burner.Fl_O        |        536.414     3252.602      273.158        1.902      533.018       59.128        0.100      266.213       72.205
RTO.hpt.Fl_O           |        135.622     2369.870       48.429        1.896      127.778       65.858        0.304      693.795       92.638
RTO.duct45.Fl_O        |        134.926     2369.870       48.429        1.896      118.051       65.858        0.457     1034.584       66.102
RTO.lpt.Fl_O           |         17.764     1508.483     -190.051        1.906       16.959       67.171        0.264      488.623      644.776
RTO.duct5.Fl_O         |         17.662     1508.483     -190.051        1.906       17.239       67.171        0.191      353.730      881.033
RTO.core_nozz.Fl_O     |         17.662     1508.483     -190.051        1.906       14.696       67.171        0.530      964.589      364.090
RTO.splitter.Fl_O2     |         17.881      578.651        8.217        1.644       15.887     1757.881        0.415      480.641     6871.278
RTO.byp_bld.Fl_O       |         17.881      578.651        8.217        1.644       15.887     1757.881        0.415      480.641     6871.278
RTO.duct17.Fl_O        |         17.654      578.651        8.217        1.645       15.695     1757.881        0.413      479.309     6975.917
RTO.byp_nozz.Fl_O      |         17.654      578.651        8.217        1.645       14.696     1757.881        0.519      595.744     5882.553
------------------------------------------------------------------------------------------------------------------------------------------------
-------------------------------------------------------------------------------------------------------------------------------------------------------------------------------------------------------
                          COMPRESSOR PROPERTIES
-------------------------------------------------------------------------------------------------------------------------------------------------------------------------------------------------------
Compressor    |           Wc         Pr      eta_a      eta_p         Nc        pwr   RlineMap      NcMap      WcMap      PRmap   alphaMap        SMN        SMW     effMap
-------------------------------------------------------------------------------------------------------------------------------------------------------------------------------------------------------
RTO.fan       |     1840.019      1.193      0.964      0.965   1981.861 -18246.107      1.750      0.840      1.251   2374.604      0.000     19.054     11.593      0.931
RTO.lpc       |       57.354      2.606      0.919      0.929   5985.450  -4411.596      1.905      0.935      1.367    188.787      0.000     35.082     26.845      0.902
RTO.hpc       |       25.807     12.226      0.853      0.892  17905.345 -20659.162      2.036      0.981     20.367    192.396      0.000     23.999     24.160      0.855
-------------------------------------------------------------------------------------------------------------------------------------------------------------------------------------------------------
--------------------------------------------------------------------------------------------------------------------------------------
                            TURBINE PROPERTIES
--------------------------------------------------------------------------------------------------------------------------------------
Turbine       |             Wp           PR        eff_a        eff_p           Np          pwr        NpMap        PRmap     alphaMap
RTO.hpt       |          6.286        3.955        0.923        0.911      383.858    21009.162      103.225        5.058        1.000
RTO.lpt       |         23.762        7.596        0.939        0.922      129.867    22886.568       91.767        5.633        1.000
-------------------------------------------------------------------------------------------------------------------------
                            NOZZLE PROPERTIES
-------------------------------------------------------------------------------------------------------------------------
Nozzle        |             PR           Cv          Cfg          Ath         MNth        MNout            V           Fg
RTO.core_nozz |          1.202        1.000        N/A        364.090        0.530        0.530      964.589     2013.604
RTO.byp_nozz  |          1.201        0.998        N/A       5882.553        0.519        0.519      595.744    32468.099
---------------------------------------------------------------------------------------------------------------------------
                            SHAFT PROPERTIES
---------------------------------------------------------------------------------------------------------------------------
Shaft               |                 Nmech               trqin              trqout               pwrin              pwrout
RTO.hp_shaft        |             21892.058            5040.295           -4956.327           21009.149          -20659.149
RTO.lp_shaft        |              6322.073           19013.189          -18823.057           22886.555          -22657.689
RTO.fan_shaft       |              2039.363           46990.429          -46990.429           18246.096          -18246.096
-----------------------------------------------------------------------------------------------------------------
                            BLEED PROPERTIES
-----------------------------------------------------------------------------------------------------------------
Bleed              |         Wb/Win        Pfrac     Workfrac            W           Tt           ht           Pt
RTO.hpc.bld_inlet  |          0.000        0.146        0.500        0.000     1226.723      168.064      120.866
RTO.hpc.bld_exit   |          0.020        0.146        0.500        1.313     1226.723      168.064      120.866
RTO.hpc.cust       |          0.000        0.146        0.350        0.000     1093.796      134.360      120.866
RTO.bld3.bld_inlet |          0.051        1.000        1.000        3.304     1654.869      280.409      558.765
RTO.bld3.bld_exit  |          0.053        1.000        1.000        3.426     1654.869      280.409      558.765
RTO.bld3.bld_inlet |          0.051        1.000        1.000        3.304     1654.869      280.409      558.765
RTO.bld3.bld_exit  |          0.053        1.000        1.000        3.426     1654.869      280.409      558.765
RTO.bld25.sbv      |         -0.000        1.000        1.000       -0.000      775.352       55.718       46.291



----------------------------------------------------------------------------
                              POINT: SLS
----------------------------------------------------------------------------
                       PERFORMANCE CHARACTERISTICS
    Mach      Alt       W      Fn      Fg    Fram     OPR     TSFC      BPR 
 0.00000      0.0 1730.932 28620.8 28620.9     0.1  34.301  0.16615   27.792
------------------------------------------------------------------------------------------------------------------------------------------------
                            FLOW STATIONS
------------------------------------------------------------------------------------------------------------------------------------------------
------------------------------------------------------------------------------------------------------------------------------------------------
Flow Station           |          tot:P        tot:T        tot:h        tot:S       stat:P       stat:W      stat:MN       stat:V    stat:area
------------------------------------------------------------------------------------------------------------------------------------------------
SLS.fc.Fl_O            |         14.696      545.670        0.297        1.643       14.696     1730.932        0.000        0.0012994581195.041
SLS.inlet.Fl_O         |         14.622      545.670        0.297        1.644       12.485     1730.932        0.481      538.072     7170.220
SLS.fan.Fl_O           |         17.129      571.903        6.596        1.644       15.302     1730.932        0.405      466.889     7158.237
SLS.splitter.Fl_O1     |         17.129      571.903        6.596        1.644       15.805       60.118        0.341      395.272      286.959
SLS.duct2.Fl_O         |         17.031      571.903        6.596        1.645       15.726       60.118        0.339      393.360      289.858
SLS.lpc.Fl_O           |         42.777      758.170       51.545        1.650       38.246       60.118        0.404      535.634      115.007
SLS.bld25.Fl_O         |         42.777      758.170       51.545        1.650       38.246       60.118        0.404      535.634      115.007
SLS.duct25.Fl_O        |         42.260      758.170       51.545        1.650       37.814       60.118        0.402      533.748      116.759
SLS.hpc.Fl_O           |        501.562     1606.664      267.484        1.671      470.151       58.916        0.311      594.796       17.762
SLS.bld3.Fl_O          |        501.562     1606.664      267.484        1.671      470.151       52.752        0.311      594.796       15.904
SLS.burner.Fl_O        |        481.499     3133.122      260.950        1.896      478.451       54.073        0.100      261.252       72.205
SLS.hpt.Fl_O           |        121.219     2274.925       44.153        1.890      114.170       60.237        0.304      681.619       92.638
SLS.duct45.Fl_O        |        120.596     2274.925       44.153        1.891      105.426       60.237        0.458     1016.651       66.102
SLS.lpt.Fl_O           |         17.183     1467.604     -177.280        1.900       16.511       61.439        0.245      447.311      644.776
SLS.duct5.Fl_O         |         17.099     1467.604     -177.280        1.900       16.745       61.439        0.177      324.336      881.033
SLS.core_nozz.Fl_O     |         17.099     1467.604     -177.280        1.900       14.696       61.439        0.480      865.199      364.090
SLS.splitter.Fl_O2     |         17.129      571.903        6.596        1.644       15.278     1670.813        0.408      470.011     6871.278
SLS.byp_bld.Fl_O       |         17.129      571.903        6.596        1.644       15.278     1670.813        0.408      470.011     6871.278
SLS.duct17.Fl_O        |         16.919      571.903        6.596        1.645       15.102     1670.813        0.406      468.474     6975.917
SLS.byp_nozz.Fl_O      |         16.919      571.903        6.596        1.645       14.696     1670.813        0.453      520.628     6400.483
------------------------------------------------------------------------------------------------------------------------------------------------
-------------------------------------------------------------------------------------------------------------------------------------------------------------------------------------------------------
                          COMPRESSOR PROPERTIES
-------------------------------------------------------------------------------------------------------------------------------------------------------------------------------------------------------
Compressor    |           Wc         Pr      eta_a      eta_p         Nc        pwr   RlineMap      NcMap      WcMap      PRmap   alphaMap        SMN        SMW     effMap
-------------------------------------------------------------------------------------------------------------------------------------------------------------------------------------------------------
SLS.fan       |     1784.341      1.171      0.961      0.962   1900.611 -15427.140      1.750      0.805      1.223   2302.750      0.000     20.975     11.641      0.928
SLS.lpc       |       54.473      2.512      0.919      0.928   5755.220  -3823.283      1.828      0.899      1.346    179.305      0.000     32.946     23.881      0.901
SLS.hpc       |       25.276     11.868      0.854      0.893  17808.144 -18183.800      2.020      0.976     19.750    188.437      0.000     25.095     25.281      0.857
-------------------------------------------------------------------------------------------------------------------------------------------------------------------------------------------------------
--------------------------------------------------------------------------------------------------------------------------------------
                            TURBINE PROPERTIES
--------------------------------------------------------------------------------------------------------------------------------------
Turbine       |             Wp           PR        eff_a        eff_p           Np          pwr        NpMap        PRmap     alphaMap
SLS.hpt       |          6.286        3.972        0.923        0.911      384.652    18533.800      103.438        5.081        1.000
SLS.lpt       |         23.824        7.018        0.939        0.923      126.705    19444.872       89.533        5.227        1.000
-------------------------------------------------------------------------------------------------------------------------
                            NOZZLE PROPERTIES
-------------------------------------------------------------------------------------------------------------------------
Nozzle        |             PR           Cv          Cfg          Ath         MNth        MNout            V           Fg
SLS.core_nozz |          1.164        1.000        N/A        364.090        0.480        0.480      865.199     1652.014
SLS.byp_nozz  |          1.151        0.998        N/A       6400.483        0.453        0.453      520.628    26968.888
---------------------------------------------------------------------------------------------------------------------------
                            SHAFT PROPERTIES
---------------------------------------------------------------------------------------------------------------------------
Shaft               |                 Nmech               trqin              trqout               pwrin              pwrout
SLS.hp_shaft        |             21530.616            4521.076           -4435.698           18533.789          -18183.789
SLS.lp_shaft        |              6043.349           16899.010          -16730.020           19444.860          -19250.412
SLS.fan_shaft       |              1949.453           41562.962          -41562.962           15427.131          -15427.131
-----------------------------------------------------------------------------------------------------------------
                            BLEED PROPERTIES
-----------------------------------------------------------------------------------------------------------------
Bleed              |         Wb/Win        Pfrac     Workfrac            W           Tt           ht           Pt
SLS.hpc.bld_inlet  |          0.000        0.146        0.500        0.000     1193.214      159.514      109.548
SLS.hpc.bld_exit   |          0.020        0.146        0.500        1.202     1193.214      159.514      109.548
SLS.hpc.cust       |          0.000        0.146        0.350        0.000     1064.966      127.124      109.548
SLS.bld3.bld_inlet |          0.051        1.000        1.000        3.026     1606.664      267.484      501.562
SLS.bld3.bld_exit  |          0.053        1.000        1.000        3.138     1606.664      267.484      501.562
SLS.bld3.bld_inlet |          0.051        1.000        1.000        3.026     1606.664      267.484      501.562
SLS.bld3.bld_exit  |          0.053        1.000        1.000        3.138     1606.664      267.484      501.562
SLS.bld25.sbv      |         -0.000        1.000        1.000       -0.000      758.170       51.545       42.777



----------------------------------------------------------------------------
                              POINT: CRZ
----------------------------------------------------------------------------
                       PERFORMANCE CHARACTERISTICS
    Mach      Alt       W      Fn      Fg    Fram     OPR     TSFC      BPR 
 0.80000  35000.0 799.120  5510.7 24849.6 19338.9  48.177  0.44218   24.750
------------------------------------------------------------------------------------------------------------------------------------------------
                            FLOW STATIONS
------------------------------------------------------------------------------------------------------------------------------------------------
------------------------------------------------------------------------------------------------------------------------------------------------
Flow Station           |          tot:P        tot:T        tot:h        tot:S       stat:P       stat:W      stat:MN       stat:V    stat:area
------------------------------------------------------------------------------------------------------------------------------------------------
CRZ.fc.Fl_O            |          5.273      444.404      -23.983        1.665        3.458      799.120        0.800      778.619     6236.530
CRZ.inlet.Fl_O         |          5.262      444.404      -23.983        1.665        4.133      799.120        0.597      596.620     7170.220
CRZ.fan.Fl_O           |          6.684      476.879      -16.202        1.665        5.830      799.120        0.446      468.506     7158.237
CRZ.splitter.Fl_O1     |          6.684      476.879      -16.202        1.665        5.892       31.034        0.428      450.468      286.959
CRZ.duct2.Fl_O         |          6.623      476.879      -16.202        1.666        5.840       31.034        0.428      449.945      289.858
CRZ.lpc.Fl_O           |         19.901      670.453       30.319        1.672       17.575       31.034        0.425      530.123      115.007
CRZ.bld25.Fl_O         |         19.901      670.453       30.319        1.672       17.575       31.034        0.425      530.123      115.007
CRZ.duct25.Fl_O        |         19.634      670.453       30.319        1.673       17.348       31.034        0.425      529.079      116.759
CRZ.hpc.Fl_O           |        253.514     1471.524      231.610        1.694      238.407       30.413        0.303      554.897       17.762
CRZ.bld3.Fl_O          |        253.514     1471.524      231.610        1.694      238.407       27.231        0.303      554.897       15.904
CRZ.burner.Fl_O        |        243.373     3012.199      225.993        1.930      241.829       27.908        0.100      256.469       72.205
CRZ.hpt.Fl_O           |         61.973     2181.804       19.693        1.924       58.457       31.090        0.300      659.121       92.638
CRZ.duct45.Fl_O        |         61.663     2181.804       19.693        1.924       54.121       31.090        0.450      980.963       66.102
CRZ.lpt.Fl_O           |          6.035     1289.674     -222.190        1.936        5.566       31.711        0.348      595.361      644.776
CRZ.duct5.Fl_O         |          5.975     1289.674     -222.190        1.937        5.732       31.711        0.249      427.388      881.033
CRZ.core_nozz.Fl_O     |          5.975     1289.674     -222.190        1.937        3.458       31.711        0.930     1502.278      364.090
CRZ.splitter.Fl_O2     |          6.684      476.879      -16.202        1.665        5.827      768.086        0.447      469.270     6871.278
CRZ.byp_bld.Fl_O       |          6.684      476.879      -16.202        1.665        5.827      768.086        0.447      469.270     6871.278
CRZ.duct17.Fl_O        |          6.585      476.879      -16.202        1.666        5.741      768.086        0.447      469.148     6975.917
CRZ.byp_nozz.Fl_O      |          6.585      476.879      -16.202        1.666        3.478      768.086        1.000      977.435     4789.035
------------------------------------------------------------------------------------------------------------------------------------------------
-------------------------------------------------------------------------------------------------------------------------------------------------------------------------------------------------------
                          COMPRESSOR PROPERTIES
-------------------------------------------------------------------------------------------------------------------------------------------------------------------------------------------------------
Compressor    |           Wc         Pr      eta_a      eta_p         Nc        pwr   RlineMap      NcMap      WcMap      PRmap   alphaMap        SMN        SMW     effMap
-------------------------------------------------------------------------------------------------------------------------------------------------------------------------------------------------------
CRZ.fan       |     2065.825      1.270      0.969      0.970   2272.436  -8797.864      1.940      0.963      1.351   2666.014      0.000     16.209     14.702      0.935
CRZ.lpc       |       66.025      3.005      0.909      0.921   6800.516  -2042.638      2.078      1.063      1.458    217.329      0.000     38.394     34.590      0.891
CRZ.hpc       |       26.409     12.912      0.853      0.893  18019.812  -8749.937      1.967      0.988     21.550    196.886      0.000     20.082     20.210      0.855
-------------------------------------------------------------------------------------------------------------------------------------------------------------------------------------------------------
--------------------------------------------------------------------------------------------------------------------------------------
                            TURBINE PROPERTIES
--------------------------------------------------------------------------------------------------------------------------------------
Turbine       |             Wp           PR        eff_a        eff_p           Np          pwr        NpMap        PRmap     alphaMap
CRZ.hpt       |          6.294        3.927        0.922        0.910      373.290     9099.937      100.383        5.019        1.000
CRZ.lpt       |         23.551       10.218        0.936        0.916      139.602    10950.002       98.647        7.475        1.000
-------------------------------------------------------------------------------------------------------------------------
                            NOZZLE PROPERTIES
-------------------------------------------------------------------------------------------------------------------------
Nozzle        |             PR           Cv          Cfg          Ath         MNth        MNout            V           Fg
CRZ.core_nozz |          1.728        1.000        N/A        364.090        0.930        0.930     1502.278     1480.493
CRZ.byp_nozz  |          1.904        0.998        N/A       4789.035        1.000        1.000      977.435    23369.140
---------------------------------------------------------------------------------------------------------------------------
                            SHAFT PROPERTIES
---------------------------------------------------------------------------------------------------------------------------
Shaft               |                 Nmech               trqin              trqout               pwrin              pwrout
CRZ.hp_shaft        |             20487.489            2332.832           -2243.107            9099.931           -8749.931
CRZ.lp_shaft        |              6520.790            8819.578           -8731.383           10949.996          -10840.496
CRZ.fan_shaft       |              2103.465           21967.255          -21967.255            8797.859           -8797.859
-----------------------------------------------------------------------------------------------------------------
                            BLEED PROPERTIES
-----------------------------------------------------------------------------------------------------------------
Bleed              |         Wb/Win        Pfrac     Workfrac            W           Tt           ht           Pt
CRZ.hpc.bld_inlet  |          0.000        0.146        0.500        0.000     1080.280      130.964       53.898
CRZ.hpc.bld_exit   |          0.020        0.146        0.500        0.621     1080.280      130.964       53.898
CRZ.hpc.cust       |          0.000        0.146        0.350        0.000      959.130      100.771       53.898
CRZ.bld3.bld_inlet |          0.051        1.000        1.000        1.562     1471.524      231.610      253.514
CRZ.bld3.bld_exit  |          0.053        1.000        1.000        1.620     1471.524      231.610      253.514
CRZ.bld3.bld_inlet |          0.051        1.000        1.000        1.562     1471.524      231.610      253.514
CRZ.bld3.bld_exit  |          0.053        1.000        1.000        1.620     1471.524      231.610      253.514
CRZ.bld25.sbv      |         -0.000        1.000        1.000       -0.000      670.453       30.319       19.901
