


----------------------------------------------------------------------------
                              POINT: TOC
----------------------------------------------------------------------------
                       PERFORMANCE CHARACTERISTICS
    Mach      Alt       W      Fn      Fg    Fram     OPR     TSFC      BPR 
 0.80000  35000.0 820.441  6123.0 25977.9 19854.9  52.300  0.43921   23.945
------------------------------------------------------------------------------------------------------------------------------------------------
                            FLOW STATIONS
------------------------------------------------------------------------------------------------------------------------------------------------
------------------------------------------------------------------------------------------------------------------------------------------------
Flow Station           |          tot:P        tot:T        tot:h        tot:S       stat:P       stat:W      stat:MN       stat:V    stat:area
------------------------------------------------------------------------------------------------------------------------------------------------
TOC.fc.Fl_O            |          5.273      444.404      -23.983        1.665        3.458      820.441        0.800      778.619     6402.926
TOC.inlet.Fl_O         |          5.262      444.404      -23.983        1.665        4.043      820.441        0.625      622.229     7170.220
TOC.fan.Fl_O           |          6.841      480.163      -15.415        1.665        5.953      820.441        0.450      474.003     7158.237
TOC.splitter.Fl_O1     |          6.841      480.163      -15.415        1.665        5.953       32.890        0.450      474.003      286.959
TOC.duct2.Fl_O         |          6.772      480.163      -15.415        1.666        5.893       32.890        0.450      474.003      289.858
TOC.lpc.Fl_O           |         20.317      678.872       32.351        1.674       17.685       32.890        0.450      563.037      115.007
TOC.bld25.Fl_O         |         20.317      678.872       32.351        1.674       17.685       32.890        0.450      563.037      115.007
TOC.duct25.Fl_O        |         20.012      678.872       32.351        1.675       17.420       32.890        0.450      563.037      116.759
TOC.hpc.Fl_O           |        275.210     1517.980      243.880        1.697      259.105       32.232        0.300      558.401       17.762
TOC.bld3.Fl_O          |        275.210     1517.980      243.880        1.697      259.105       27.967        0.300      558.401       15.411
TOC.burner.Fl_O        |        264.202     3150.000      237.536        1.940      262.525       28.714        0.100      262.316       69.970
TOC.hpt.Fl_O           |         64.876     2245.482       22.008        1.930       61.203       32.979        0.300      667.950       95.332
TOC.duct45.Fl_O        |         64.551     2245.482       22.008        1.930       56.674       32.979        0.450      994.033       68.028
TOC.lpt.Fl_O           |          5.887     1307.039     -234.003        1.942        5.425       33.637        0.350      602.204      702.955
TOC.duct5.Fl_O         |          5.828     1307.039     -234.003        1.943        5.589       33.637        0.250      432.227      960.483
TOC.core_nozz.Fl_O     |          5.828     1307.039     -234.003        1.943        3.458       33.637        0.908     1480.001      400.105
TOC.splitter.Fl_O2     |          6.841      480.163      -15.415        1.665        5.953      787.551        0.450      474.003     6871.278
TOC.byp_bld.Fl_O       |          6.841      480.163      -15.415        1.665        5.953      787.551        0.450      474.003     6871.278
TOC.duct17.Fl_O        |          6.738      480.163      -15.415        1.666        5.864      787.551        0.450      474.003     6975.917
TOC.byp_nozz.Fl_O      |          6.738      480.163      -15.415        1.666        3.558      787.551        1.000      980.795     4815.384
------------------------------------------------------------------------------------------------------------------------------------------------
-------------------------------------------------------------------------------------------------------------------------------------------------------------------------------------------------------
                          COMPRESSOR PROPERTIES
-------------------------------------------------------------------------------------------------------------------------------------------------------------------------------------------------------
Compressor    |           Wc         Pr      eta_a      eta_p         Nc        pwr   RlineMap      NcMap      WcMap      PRmap   alphaMap        SMN        SMW     effMap
-------------------------------------------------------------------------------------------------------------------------------------------------------------------------------------------------------
TOC.fan       |     2120.943      1.300      0.969      0.970   2359.981  -9946.272      2.000      1.000      1.390   2737.145      0.000     14.985     14.525      0.935
TOC.lpc       |       68.670      3.000      0.889      0.905   7038.309  -2222.740      2.200      1.100      1.457    226.037      0.000     42.500     39.684      0.872
TOC.hpc       |       27.632     13.752      0.849      0.892  18242.942  -9744.923      2.000      1.000     23.000    206.000      0.000     18.000     17.955      0.852
-------------------------------------------------------------------------------------------------------------------------------------------------------------------------------------------------------
--------------------------------------------------------------------------------------------------------------------------------------
                            TURBINE PROPERTIES
--------------------------------------------------------------------------------------------------------------------------------------
Turbine       |             Wp           PR        eff_a        eff_p           Np          pwr        NpMap        PRmap     alphaMap
TOC.hpt       |          6.100        4.072        0.922        0.910      371.867    10094.923      100.000        5.000        1.000
TOC.lpt       |         24.210       10.966        0.940        0.920      142.910    12291.932      100.000        7.500        1.000
-------------------------------------------------------------------------------------------------------------------------
                            NOZZLE PROPERTIES
-------------------------------------------------------------------------------------------------------------------------
Nozzle        |             PR           Cv          Cfg          Ath         MNth        MNout            V           Fg
TOC.core_nozz |          1.685        1.000        N/A        400.105        0.908        0.908     1480.001     1547.136
TOC.byp_nozz  |          1.949        0.998        N/A       4815.384        1.000        1.000      980.795    24430.786
---------------------------------------------------------------------------------------------------------------------------
                            SHAFT PROPERTIES
---------------------------------------------------------------------------------------------------------------------------
Shaft               |                 Nmech               trqin              trqout               pwrin              pwrout
TOC.hp_shaft        |             20871.000            2540.350           -2452.274           10094.917           -9744.917
TOC.lp_shaft        |              6772.000            9533.162           -9437.831           12291.924          -12169.005
TOC.fan_shaft       |              2184.500           23913.443          -23913.443            9946.266           -9946.266
-----------------------------------------------------------------------------------------------------------------
                            BLEED PROPERTIES
-----------------------------------------------------------------------------------------------------------------
Bleed              |         Wb/Win        Pfrac     Workfrac            W           Tt           ht           Pt
TOC.hpc.bld_inlet  |         -0.000        0.146        0.500       -0.000     1108.718      138.116       57.399
TOC.hpc.bld_exit   |          0.020        0.146        0.500        0.658     1108.718      138.116       57.399
TOC.hpc.cust       |          0.000        0.146        0.350        0.000      981.792      106.386       57.399
TOC.bld3.bld_inlet |          0.063        1.000        1.000        2.016     1517.980      243.880      275.210
TOC.bld3.bld_exit  |          0.070        1.000        1.000        2.249     1517.980      243.880      275.210
TOC.bld3.bld_inlet |          0.063        1.000        1.000        2.016     1517.980      243.880      275.210
TOC.bld3.bld_exit  |          0.070        1.000        1.000        2.249     1517.980      243.880      275.210
TOC.bld25.sbv      |          0.000        1.000        1.000        0.000      678.872       32.351       20.317



----------------------------------------------------------------------------
                              POINT: RTO
----------------------------------------------------------------------------
                       PERFORMANCE CHARACTERISTICS
    Mach      Alt       W      Fn      Fg    Fram     OPR     TSFC      BPR 
 0.25000      0.0 1915.227 22800.0 39840.5 17040.5  40.738  0.27407   25.786
------------------------------------------------------------------------------------------------------------------------------------------------
                            FLOW STATIONS
------------------------------------------------------------------------------------------------------------------------------------------------
------------------------------------------------------------------------------------------------------------------------------------------------
Flow Station           |          tot:P        tot:T        tot:h        tot:S       stat:P       stat:W      stat:MN       stat:V    stat:area
------------------------------------------------------------------------------------------------------------------------------------------------
RTO.fc.Fl_O            |         15.349      552.487        1.933        1.643       14.696     1915.227        0.250      286.264    13253.677
RTO.inlet.Fl_O         |         15.303      552.487        1.933        1.644       12.689     1915.227        0.524      588.158     7170.220
RTO.fan.Fl_O           |         18.606      585.250        9.803        1.644       16.478     1915.227        0.420      489.722     7158.237
RTO.splitter.Fl_O1     |         18.606      585.250        9.803        1.644       16.798       71.502        0.385      449.840      286.959
RTO.duct2.Fl_O         |         18.470      585.250        9.803        1.645       16.686       71.502        0.384      448.415      289.858
RTO.lpc.Fl_O           |         49.239      789.620       59.188        1.650       43.339       71.502        0.432      582.971      115.007
RTO.bld25.Fl_O         |         49.239      789.620       59.188        1.650       43.339       71.502        0.432      582.971      115.007
RTO.duct25.Fl_O        |         48.559      789.620       59.188        1.651       42.756       71.502        0.431      582.112      116.759
RTO.hpc.Fl_O           |        623.405     1707.843      294.688        1.672      585.477       70.072        0.307      604.246       17.762
RTO.bld3.Fl_O          |        623.405     1707.843      294.688        1.672      585.477       60.799        0.307      604.245       15.411
RTO.burner.Fl_O        |        598.469     3400.002      286.509        1.910      594.679       62.535        0.100      272.232       69.970
RTO.hpt.Fl_O           |        146.091     2441.020       51.968        1.900      137.672       71.808        0.304      702.852       95.332
RTO.duct45.Fl_O        |        145.342     2441.020       51.968        1.901      127.236       71.808        0.456     1047.895       68.028
RTO.lpt.Fl_O           |         17.760     1529.208     -202.172        1.910       16.943       73.238        0.267      495.771      702.955
RTO.duct5.Fl_O         |         17.657     1529.208     -202.172        1.910       17.228       73.238        0.192      358.854      960.483
RTO.core_nozz.Fl_O     |         17.657     1529.208     -202.172        1.910       14.696       73.238        0.530      970.437      400.105
RTO.splitter.Fl_O2     |         18.606      585.250        9.803        1.644       16.464     1843.725        0.422      491.431     6871.278
RTO.byp_bld.Fl_O       |         18.606      585.250        9.803        1.644       16.464     1843.725        0.422      491.431     6871.278
RTO.duct17.Fl_O        |         18.361      585.250        9.803        1.645       16.256     1843.725        0.421      490.327     6975.917
RTO.byp_nozz.Fl_O      |         18.361      585.250        9.803        1.645       14.696     1843.725        0.573      658.340     5583.947
------------------------------------------------------------------------------------------------------------------------------------------------
-------------------------------------------------------------------------------------------------------------------------------------------------------------------------------------------------------
                          COMPRESSOR PROPERTIES
-------------------------------------------------------------------------------------------------------------------------------------------------------------------------------------------------------
Compressor    |           Wc         Pr      eta_a      eta_p         Nc        pwr   RlineMap      NcMap      WcMap      PRmap   alphaMap        SMN        SMW     effMap
-------------------------------------------------------------------------------------------------------------------------------------------------------------------------------------------------------
RTO.fan       |     1898.288      1.216      0.967      0.968   2066.891 -21325.063      1.750      0.876      1.281   2449.802      0.000     17.226     11.693      0.934
RTO.lpc       |       60.434      2.666      0.919      0.929   6225.484  -4996.042      2.007      0.973      1.381    198.927      0.000     38.276     31.429      0.901
RTO.hpc       |       26.700     12.838      0.850      0.891  18068.945 -23586.060      2.062      0.990     21.423    199.052      0.000     22.191     22.315      0.853
-------------------------------------------------------------------------------------------------------------------------------------------------------------------------------------------------------
--------------------------------------------------------------------------------------------------------------------------------------
                            TURBINE PROPERTIES
--------------------------------------------------------------------------------------------------------------------------------------
Turbine       |             Wp           PR        eff_a        eff_p           Np          pwr        NpMap        PRmap     alphaMap
RTO.hpt       |          6.093        4.097        0.923        0.911      382.346    23936.060      102.818        5.031        1.000
RTO.lpt       |         24.410        8.184        0.943        0.927      133.848    26586.975       93.659        5.686        1.000
-------------------------------------------------------------------------------------------------------------------------
                            NOZZLE PROPERTIES
-------------------------------------------------------------------------------------------------------------------------
Nozzle        |             PR           Cv          Cfg          Ath         MNth        MNout            V           Fg
RTO.core_nozz |          1.201        1.000        N/A        400.105        0.530        0.530      970.437     2208.785
RTO.byp_nozz  |          1.249        0.998        N/A       5583.947        0.573        0.573      658.340    37631.725
---------------------------------------------------------------------------------------------------------------------------
                            SHAFT PROPERTIES
---------------------------------------------------------------------------------------------------------------------------
Shaft               |                 Nmech               trqin              trqout               pwrin              pwrout
RTO.hp_shaft        |             22294.423            5638.846           -5556.393           23936.046          -23586.046
RTO.lp_shaft        |              6612.995           21115.656          -20904.499           26586.959          -26321.089
RTO.fan_shaft       |              2133.208           52503.816          -52503.816           21325.050          -21325.050
-----------------------------------------------------------------------------------------------------------------
                            BLEED PROPERTIES
-----------------------------------------------------------------------------------------------------------------
Bleed              |         Wb/Win        Pfrac     Workfrac            W           Tt           ht           Pt
RTO.hpc.bld_inlet  |         -0.000        0.146        0.500       -0.000     1261.359      176.938      132.774
RTO.hpc.bld_exit   |          0.020        0.146        0.500        1.430     1261.359      176.938      132.774
RTO.hpc.cust       |          0.000        0.146        0.350        0.000     1122.590      141.613      132.774
RTO.bld3.bld_inlet |          0.063        1.000        1.000        4.383     1707.843      294.688      623.405
RTO.bld3.bld_exit  |          0.070        1.000        1.000        4.890     1707.843      294.688      623.405
RTO.bld3.bld_inlet |          0.063        1.000        1.000        4.383     1707.843      294.688      623.405
RTO.bld3.bld_exit  |          0.070        1.000        1.000        4.890     1707.843      294.688      623.405
RTO.bld25.sbv      |          0.000        1.000        1.000        0.000      789.620       59.188       49.239



----------------------------------------------------------------------------
                              POINT: SLS
----------------------------------------------------------------------------
                       PERFORMANCE CHARACTERISTICS
    Mach      Alt       W      Fn      Fg    Fram     OPR     TSFC      BPR 
 0.00000      0.0 1733.670 28620.8 28620.9     0.1  34.832  0.16612   27.578
------------------------------------------------------------------------------------------------------------------------------------------------
                            FLOW STATIONS
------------------------------------------------------------------------------------------------------------------------------------------------
------------------------------------------------------------------------------------------------------------------------------------------------
Flow Station           |          tot:P        tot:T        tot:h        tot:S       stat:P       stat:W      stat:MN       stat:V    stat:area
------------------------------------------------------------------------------------------------------------------------------------------------
SLS.fc.Fl_O            |         14.696      545.670        0.297        1.643       14.696     1733.670        0.000        0.0012999318092.351
SLS.inlet.Fl_O         |         14.622      545.670        0.297        1.644       12.476     1733.670        0.482      539.180     7170.220
SLS.fan.Fl_O           |         17.145      572.058        6.633        1.644       15.313     1733.670        0.405      467.387     7158.237
SLS.splitter.Fl_O1     |         17.145      572.058        6.633        1.644       15.795       60.665        0.344      399.037      286.959
SLS.duct2.Fl_O         |         17.045      572.058        6.633        1.645       15.715       60.665        0.343      397.152      289.858
SLS.lpc.Fl_O           |         42.406      756.262       51.082        1.649       37.740       60.665        0.412      545.657      115.007
SLS.bld25.Fl_O         |         42.406      756.262       51.082        1.649       37.740       60.665        0.412      545.657      115.007
SLS.duct25.Fl_O        |         41.872      756.262       51.082        1.650       37.290       60.665        0.411      544.054      116.759
SLS.hpc.Fl_O           |        509.335     1615.207      269.770        1.671      477.689       59.452        0.310      593.960       17.762
SLS.bld3.Fl_O          |        509.335     1615.207      269.770        1.671      477.690       51.584        0.310      593.959       15.411
SLS.burner.Fl_O        |        488.962     3170.285      263.035        1.899      485.866       52.905        0.100      262.828       69.970
SLS.hpt.Fl_O           |        118.363     2261.069       43.718        1.890      111.466       60.772        0.305      680.246       95.332
SLS.duct45.Fl_O        |        117.754     2261.069       43.718        1.890      102.909       60.772        0.458     1014.686       68.028
SLS.lpt.Fl_O           |         16.771     1455.353     -176.955        1.899       16.189       61.986        0.230      419.129      702.955
SLS.duct5.Fl_O         |         16.698     1455.353     -176.955        1.899       16.391       61.986        0.167      304.252      960.483
SLS.core_nozz.Fl_O     |         16.698     1455.353     -176.955        1.899       14.696       61.986        0.440      792.396      400.105
SLS.splitter.Fl_O2     |         17.145      572.058        6.633        1.644       15.291     1673.005        0.408      470.361     6871.278
SLS.byp_bld.Fl_O       |         17.145      572.058        6.633        1.644       15.291     1673.005        0.408      470.361     6871.278
SLS.duct17.Fl_O        |         16.934      572.058        6.633        1.645       15.114     1673.005        0.406      468.831     6975.917
SLS.byp_nozz.Fl_O      |         16.934      572.058        6.633        1.645       14.696     1673.005        0.455      522.366     6387.595
------------------------------------------------------------------------------------------------------------------------------------------------
-------------------------------------------------------------------------------------------------------------------------------------------------------------------------------------------------------
                          COMPRESSOR PROPERTIES
-------------------------------------------------------------------------------------------------------------------------------------------------------------------------------------------------------
Compressor    |           Wc         Pr      eta_a      eta_p         Nc        pwr   RlineMap      NcMap      WcMap      PRmap   alphaMap        SMN        SMW     effMap
-------------------------------------------------------------------------------------------------------------------------------------------------------------------------------------------------------
SLS.fan       |     1787.163      1.173      0.961      0.962   1904.730 -15542.822      1.750      0.807      1.224   2306.392      0.000     20.874     11.623      0.928
SLS.lpc       |       54.930      2.488      0.918      0.928   5766.911  -3815.078      1.866      0.901      1.340    180.809      0.000     34.464     25.177      0.901
SLS.hpc       |       25.710     12.164      0.853      0.892  17887.589 -18582.680      2.032      0.981     20.260    191.671      0.000     24.157     24.323      0.856
-------------------------------------------------------------------------------------------------------------------------------------------------------------------------------------------------------
--------------------------------------------------------------------------------------------------------------------------------------
                            TURBINE PROPERTIES
--------------------------------------------------------------------------------------------------------------------------------------
Turbine       |             Wp           PR        eff_a        eff_p           Np          pwr        NpMap        PRmap     alphaMap
SLS.hpt       |          6.092        4.131        0.923        0.911      383.613    18932.680      103.159        5.076        1.000
SLS.lpt       |         24.541        7.021        0.942        0.927      127.368    19553.434       89.125        4.927        1.000
-------------------------------------------------------------------------------------------------------------------------
                            NOZZLE PROPERTIES
-------------------------------------------------------------------------------------------------------------------------
Nozzle        |             PR           Cv          Cfg          Ath         MNth        MNout            V           Fg
SLS.core_nozz |          1.136        1.000        N/A        400.105        0.440        0.440      792.396     1526.456
SLS.byp_nozz  |          1.152        0.998        N/A       6387.595        0.455        0.455      522.366    27094.446
---------------------------------------------------------------------------------------------------------------------------
                            SHAFT PROPERTIES
---------------------------------------------------------------------------------------------------------------------------
Shaft               |                 Nmech               trqin              trqout               pwrin              pwrout
SLS.hp_shaft        |             21599.428            4603.664           -4518.558           18932.669          -18582.669
SLS.lp_shaft        |              6056.445           16956.611          -16787.045           19553.422          -19357.888
SLS.fan_shaft       |              1953.678           41784.074          -41784.074           15542.812          -15542.812
-----------------------------------------------------------------------------------------------------------------
                            BLEED PROPERTIES
-----------------------------------------------------------------------------------------------------------------
Bleed              |         Wb/Win        Pfrac     Workfrac            W           Tt           ht           Pt
SLS.hpc.bld_inlet  |         -0.000        0.146        0.500       -0.000     1196.793      160.426      110.355
SLS.hpc.bld_exit   |          0.020        0.146        0.500        1.213     1196.793      160.426      110.355
SLS.hpc.cust       |          0.000        0.146        0.350        0.000     1066.957      127.622      110.355
SLS.bld3.bld_inlet |          0.063        1.000        1.000        3.719     1615.207      269.770      509.335
SLS.bld3.bld_exit  |          0.070        1.000        1.000        4.149     1615.207      269.770      509.335
SLS.bld3.bld_inlet |          0.063        1.000        1.000        3.719     1615.207      269.770      509.335
SLS.bld3.bld_exit  |          0.070        1.000        1.000        4.149     1615.207      269.770      509.335
SLS.bld25.sbv      |          0.000        1.000        1.000        0.000      756.262       51.082       42.406



----------------------------------------------------------------------------
                              POINT: CRZ
----------------------------------------------------------------------------
                       PERFORMANCE CHARACTERISTICS
    Mach      Alt       W      Fn      Fg    Fram     OPR     TSFC      BPR 
 0.80000  35000.0 802.287  5510.7 24926.3 19415.5  49.038  0.44138   24.545
------------------------------------------------------------------------------------------------------------------------------------------------
                            FLOW STATIONS
------------------------------------------------------------------------------------------------------------------------------------------------
------------------------------------------------------------------------------------------------------------------------------------------------
Flow Station           |          tot:P        tot:T        tot:h        tot:S       stat:P       stat:W      stat:MN       stat:V    stat:area
------------------------------------------------------------------------------------------------------------------------------------------------
CRZ.fc.Fl_O            |          5.273      444.404      -23.983        1.665        3.458      802.287        0.800      778.619     6261.246
CRZ.inlet.Fl_O         |          5.262      444.404      -23.983        1.665        4.120      802.287        0.601      600.315     7170.220
CRZ.fan.Fl_O           |          6.716      477.559      -16.039        1.665        5.858      802.287        0.446      468.762     7158.237
CRZ.splitter.Fl_O1     |          6.716      477.559      -16.039        1.665        5.905       31.406        0.433      455.150      286.959
CRZ.duct2.Fl_O         |          6.654      477.559      -16.039        1.666        5.852       31.406        0.432      454.722      289.858
CRZ.lpc.Fl_O           |         19.927      671.798       30.643        1.673       17.534       31.406        0.432      538.276      115.007
CRZ.bld25.Fl_O         |         19.927      671.798       30.643        1.673       17.534       31.406        0.432      538.276      115.007
CRZ.duct25.Fl_O        |         19.652      671.798       30.643        1.674       17.298       31.406        0.431      537.478      116.759
CRZ.hpc.Fl_O           |        258.044     1481.976      234.365        1.695      242.741       30.778        0.302      555.503       17.762
CRZ.bld3.Fl_O          |        258.044     1481.976      234.365        1.695      242.741       26.705        0.302      555.502       15.411
CRZ.burner.Fl_O        |        247.722     3044.875      228.582        1.933      246.150       27.381        0.100      257.870       69.970
CRZ.hpt.Fl_O           |         60.654     2164.621       20.086        1.923       57.209       31.454        0.300      656.880       95.332
CRZ.duct45.Fl_O        |         60.351     2164.621       20.086        1.923       52.961       31.454        0.450      977.617       68.028
CRZ.lpt.Fl_O           |          5.572     1260.303     -224.548        1.936        5.145       32.082        0.345      584.176      702.955
CRZ.duct5.Fl_O         |          5.518     1260.303     -224.548        1.936        5.296       32.082        0.247      419.521      960.483
CRZ.core_nozz.Fl_O     |          5.518     1260.303     -224.548        1.936        3.458       32.082        0.855     1379.530      400.105
CRZ.splitter.Fl_O2     |          6.716      477.559      -16.039        1.665        5.856      770.881        0.447      469.337     6871.278
CRZ.byp_bld.Fl_O       |          6.716      477.559      -16.039        1.665        5.856      770.881        0.447      469.337     6871.278
CRZ.duct17.Fl_O        |          6.617      477.559      -16.039        1.666        5.770      770.881        0.447      469.205     6975.917
CRZ.byp_nozz.Fl_O      |          6.617      477.559      -16.039        1.666        3.494      770.881        1.000      978.132     4786.772
------------------------------------------------------------------------------------------------------------------------------------------------
-------------------------------------------------------------------------------------------------------------------------------------------------------------------------------------------------------
                          COMPRESSOR PROPERTIES
-------------------------------------------------------------------------------------------------------------------------------------------------------------------------------------------------------
Compressor    |           Wc         Pr      eta_a      eta_p         Nc        pwr   RlineMap      NcMap      WcMap      PRmap   alphaMap        SMN        SMW     effMap
-------------------------------------------------------------------------------------------------------------------------------------------------------------------------------------------------------
CRZ.fan       |     2074.012      1.276      0.969      0.970   2288.815  -9017.773      1.940      0.970      1.359   2676.579      0.000     15.794     14.490      0.935
CRZ.lpc       |       66.557      2.995      0.903      0.917   6844.651  -2074.330      2.108      1.070      1.456    219.081      0.000     39.439     35.806      0.886
CRZ.hpc       |       26.729     13.131      0.852      0.893  18078.166  -8961.861      1.976      0.991     21.928    199.272      0.000     19.519     19.635      0.854
-------------------------------------------------------------------------------------------------------------------------------------------------------------------------------------------------------
--------------------------------------------------------------------------------------------------------------------------------------
                            TURBINE PROPERTIES
--------------------------------------------------------------------------------------------------------------------------------------
Turbine       |             Wp           PR        eff_a        eff_p           Np          pwr        NpMap        PRmap     alphaMap
CRZ.hpt       |          6.099        4.084        0.922        0.910      372.858     9311.861      100.266        5.015        1.000
CRZ.lpt       |         24.248       10.831        0.938        0.917      141.165    11204.145       98.779        7.412        1.000
-------------------------------------------------------------------------------------------------------------------------
                            NOZZLE PROPERTIES
-------------------------------------------------------------------------------------------------------------------------
Nozzle        |             PR           Cv          Cfg          Ath         MNth        MNout            V           Fg
CRZ.core_nozz |          1.596        1.000        N/A        400.105        0.855        0.855     1379.530     1375.441
CRZ.byp_nozz  |          1.913        0.998        N/A       4786.772        1.000        1.000      978.132    23550.833
---------------------------------------------------------------------------------------------------------------------------
                            SHAFT PROPERTIES
---------------------------------------------------------------------------------------------------------------------------
Shaft               |                 Nmech               trqin              trqout               pwrin              pwrout
CRZ.hp_shaft        |             20574.440            2377.072           -2287.726            9311.856           -8961.856
CRZ.lp_shaft        |              6567.789            8959.698           -8870.101           11204.138          -11092.097
CRZ.fan_shaft       |              2118.626           22355.216          -22355.216            9017.768           -9017.768
-----------------------------------------------------------------------------------------------------------------
                            BLEED PROPERTIES
-----------------------------------------------------------------------------------------------------------------
Bleed              |         Wb/Win        Pfrac     Workfrac            W           Tt           ht           Pt
CRZ.hpc.bld_inlet  |         -0.000        0.146        0.500       -0.000     1086.412      132.504       54.576
CRZ.hpc.bld_exit   |          0.020        0.146        0.500        0.628     1086.412      132.504       54.576
CRZ.hpc.cust       |          0.000        0.146        0.350        0.000      963.877      101.946       54.576
CRZ.bld3.bld_inlet |          0.063        1.000        1.000        1.925     1481.976      234.365      258.044
CRZ.bld3.bld_exit  |          0.070        1.000        1.000        2.148     1481.976      234.365      258.044
CRZ.bld3.bld_inlet |          0.063        1.000        1.000        1.925     1481.976      234.365      258.044
CRZ.bld3.bld_exit  |          0.070        1.000        1.000        2.148     1481.976      234.365      258.044
CRZ.bld25.sbv      |          0.000        1.000        1.000        0.000      671.798       30.643       19.927
