


----------------------------------------------------------------------------
                              POINT: TOC
----------------------------------------------------------------------------
                       PERFORMANCE CHARACTERISTICS
    Mach      Alt       W      Fn      Fg    Fram     OPR     TSFC      BPR 
 0.80000  35000.0 820.441  5870.9 25725.8 19854.9  52.300  0.43978   23.945
------------------------------------------------------------------------------------------------------------------------------------------------
                            FLOW STATIONS
------------------------------------------------------------------------------------------------------------------------------------------------
------------------------------------------------------------------------------------------------------------------------------------------------
Flow Station           |          tot:P        tot:T        tot:h        tot:S       stat:P       stat:W      stat:MN       stat:V    stat:area
------------------------------------------------------------------------------------------------------------------------------------------------
TOC.fc.Fl_O            |          5.273      444.404      -23.983        1.665        3.458      820.441        0.800      778.619     6402.926
TOC.inlet.Fl_O         |          5.262      444.404      -23.983        1.665        4.043      820.441        0.625      622.229     7170.220
TOC.fan.Fl_O           |          6.841      480.163      -15.415        1.665        5.953      820.441        0.450      474.003     7158.237
TOC.splitter.Fl_O1     |          6.841      480.163      -15.415        1.665        5.953       32.890        0.450      474.003      286.959
TOC.duct2.Fl_O         |          6.772      480.163      -15.415        1.666        5.893       32.890        0.450      474.003      289.858
TOC.lpc.Fl_O           |         20.317      678.872       32.351        1.674       17.685       32.890        0.450      563.037      115.007
TOC.bld25.Fl_O         |         20.317      678.872       32.351        1.674       17.685       32.890        0.450      563.037      115.007
TOC.duct25.Fl_O        |         20.012      678.872       32.351        1.675       17.420       32.890        0.450      563.037      116.759
TOC.hpc.Fl_O           |        275.210     1517.980      243.880        1.697      259.105       32.232        0.300      558.401       17.762
TOC.bld3.Fl_O          |        275.210     1517.980      243.880        1.697      259.105       26.850        0.300      558.401       14.796
TOC.burner.Fl_O        |        264.202     3150.000      237.536        1.940      262.525       27.567        0.100      262.316       67.177
TOC.hpt.Fl_O           |         61.509     2189.492       22.028        1.925       58.021       32.949        0.300      660.163       99.110
TOC.duct45.Fl_O        |         61.201     2189.492       22.028        1.926       53.720       32.949        0.450      982.383       70.727
TOC.lpt.Fl_O           |          5.098     1243.987     -234.211        1.938        4.697       33.607        0.350      588.404      789.971
TOC.duct5.Fl_O         |          5.047     1243.987     -234.211        1.939        4.839       33.607        0.250      422.352     1079.309
TOC.core_nozz.Fl_O     |          5.047     1243.987     -234.211        1.939        3.458       33.607        0.765     1239.938      471.145
TOC.splitter.Fl_O2     |          6.841      480.163      -15.415        1.665        5.953      787.551        0.450      474.003     6871.278
TOC.byp_bld.Fl_O       |          6.841      480.163      -15.415        1.665        5.953      787.551        0.450      474.003     6871.278
TOC.duct17.Fl_O        |          6.738      480.163      -15.415        1.666        5.864      787.551        0.450      474.003     6975.917
TOC.byp_nozz.Fl_O      |          6.738      480.163      -15.415        1.666        3.558      787.551        1.000      980.795     4815.384
------------------------------------------------------------------------------------------------------------------------------------------------
-------------------------------------------------------------------------------------------------------------------------------------------------------------------------------------------------------
                          COMPRESSOR PROPERTIES
-------------------------------------------------------------------------------------------------------------------------------------------------------------------------------------------------------
Compressor    |           Wc         Pr      eta_a      eta_p         Nc        pwr   RlineMap      NcMap      WcMap      PRmap   alphaMap        SMN        SMW     effMap
-------------------------------------------------------------------------------------------------------------------------------------------------------------------------------------------------------
TOC.fan       |     2120.943      1.300      0.969      0.970   2359.981  -9946.272      2.000      1.000      1.390   2737.145      0.000     14.985     14.525      0.935
TOC.lpc       |       68.670      3.000      0.889      0.905   7038.309  -2222.740      2.200      1.100      1.457    226.037      0.000     42.500     39.684      0.872
TOC.hpc       |       27.632     13.752      0.849      0.892  18242.942  -9744.923      2.000      1.000     23.000    206.000      0.000     18.000     17.955      0.852
-------------------------------------------------------------------------------------------------------------------------------------------------------------------------------------------------------
--------------------------------------------------------------------------------------------------------------------------------------
                            TURBINE PROPERTIES
--------------------------------------------------------------------------------------------------------------------------------------
Turbine       |             Wp           PR        eff_a        eff_p           Np          pwr        NpMap        PRmap     alphaMap
TOC.hpt       |          5.856        4.295        0.923        0.910      371.867    10094.923      100.000        5.000        1.000
TOC.lpt       |         25.192       12.005        0.941        0.920      144.726    12291.932      100.000        7.500        1.000
-------------------------------------------------------------------------------------------------------------------------
                            NOZZLE PROPERTIES
-------------------------------------------------------------------------------------------------------------------------
Nozzle        |             PR           Cv          Cfg          Ath         MNth        MNout            V           Fg
TOC.core_nozz |          1.459        1.000        N/A        471.145        0.765        0.765     1239.938     1295.034
TOC.byp_nozz  |          1.949        0.998        N/A       4815.384        1.000        1.000      980.795    24430.786
---------------------------------------------------------------------------------------------------------------------------
                            SHAFT PROPERTIES
---------------------------------------------------------------------------------------------------------------------------
Shaft               |                 Nmech               trqin              trqout               pwrin              pwrout
TOC.hp_shaft        |             20871.000            2540.350           -2452.274           10094.917           -9744.917
TOC.lp_shaft        |              6772.000            9533.162           -9437.831           12291.924          -12169.005
TOC.fan_shaft       |              2184.500           23913.443          -23913.443            9946.266           -9946.266
-----------------------------------------------------------------------------------------------------------------
                            BLEED PROPERTIES
-----------------------------------------------------------------------------------------------------------------
Bleed              |         Wb/Win        Pfrac     Workfrac            W           Tt           ht           Pt
TOC.hpc.bld_inlet  |         -0.000        0.146        0.500       -0.000     1108.718      138.116       57.399
TOC.hpc.bld_exit   |          0.020        0.146        0.500        0.658     1108.718      138.116       57.399
TOC.hpc.cust       |         -0.000        0.146        0.350       -0.000      981.792      106.386       57.399
TOC.bld3.bld_inlet |          0.077        1.000        1.000        2.468     1517.980      243.880      275.210
TOC.bld3.bld_exit  |          0.090        1.000        1.000        2.914     1517.980      243.880      275.210
TOC.bld3.bld_inlet |          0.077        1.000        1.000        2.468     1517.980      243.880      275.210
TOC.bld3.bld_exit  |          0.090        1.000        1.000        2.914     1517.980      243.880      275.210
TOC.bld25.sbv      |          0.000        1.000        1.000        0.000      678.872       32.351       20.317



----------------------------------------------------------------------------
                              POINT: RTO
----------------------------------------------------------------------------
                       PERFORMANCE CHARACTERISTICS
    Mach      Alt       W      Fn      Fg    Fram     OPR     TSFC      BPR 
 0.25000      0.0 1971.427 25000.0 42540.5 17540.5  44.401  0.27642   24.971
------------------------------------------------------------------------------------------------------------------------------------------------
                            FLOW STATIONS
------------------------------------------------------------------------------------------------------------------------------------------------
------------------------------------------------------------------------------------------------------------------------------------------------
Flow Station           |          tot:P        tot:T        tot:h        tot:S       stat:P       stat:W      stat:MN       stat:V    stat:area
------------------------------------------------------------------------------------------------------------------------------------------------
RTO.fc.Fl_O            |         15.349      552.487        1.933        1.643       14.696     1971.427        0.250      286.264    13642.588
RTO.inlet.Fl_O         |         15.303      552.487        1.933        1.644       12.484     1971.427        0.547      612.504     7170.220
RTO.fan.Fl_O           |         18.973      588.544       10.595        1.644       16.741     1971.427        0.427      498.451     7158.237
RTO.splitter.Fl_O1     |         18.973      588.544       10.595        1.644       16.940       75.908        0.406      474.731      286.959
RTO.duct2.Fl_O         |         18.819      588.544       10.595        1.645       16.811       75.908        0.405      473.661      289.858
RTO.lpc.Fl_O           |         50.629      800.432       61.821        1.651       43.979       75.908        0.454      615.967      115.007
RTO.bld25.Fl_O         |         50.629      800.432       61.821        1.651       43.979       75.908        0.454      615.967      115.007
RTO.duct25.Fl_O        |         49.856      800.432       61.821        1.652       43.302       75.908        0.454      616.186      116.759
RTO.hpc.Fl_O           |        679.454     1763.548      309.788        1.675      639.012       74.390        0.304      607.180       17.762
RTO.bld3.Fl_O          |        679.454     1763.548      309.788        1.675      639.012       61.969        0.304      607.180       14.796
RTO.burner.Fl_O        |        652.275     3567.602      300.480        1.923      648.143       63.888        0.100      278.917       67.177
RTO.hpt.Fl_O           |        151.541     2509.888       54.557        1.907      142.821       76.310        0.304      712.162       99.110
RTO.duct45.Fl_O        |        150.764     2509.888       54.557        1.907      132.012       76.310        0.456     1061.739       70.727
RTO.lpt.Fl_O           |         17.225     1549.011     -214.969        1.916       16.464       77.828        0.261      488.954      789.971
RTO.duct5.Fl_O         |         17.129     1549.011     -214.969        1.917       16.729       77.828        0.189      354.100     1079.309
RTO.core_nozz.Fl_O     |         17.129     1549.011     -214.969        1.917       14.696       77.828        0.484      894.021      471.145
RTO.splitter.Fl_O2     |         18.973      588.544       10.595        1.644       16.732     1895.519        0.428      499.457     6871.278
RTO.byp_bld.Fl_O       |         18.973      588.544       10.595        1.644       16.732     1895.519        0.428      499.457     6871.278
RTO.duct17.Fl_O        |         18.716      588.544       10.595        1.645       16.513     1895.519        0.427      498.557     6975.917
RTO.byp_nozz.Fl_O      |         18.716      588.544       10.595        1.645       14.696     1895.519        0.598      687.085     5501.449
------------------------------------------------------------------------------------------------------------------------------------------------
-------------------------------------------------------------------------------------------------------------------------------------------------------------------------------------------------------
                          COMPRESSOR PROPERTIES
-------------------------------------------------------------------------------------------------------------------------------------------------------------------------------------------------------
Compressor    |           Wc         Pr      eta_a      eta_p         Nc        pwr   RlineMap      NcMap      WcMap      PRmap   alphaMap        SMN        SMW     effMap
-------------------------------------------------------------------------------------------------------------------------------------------------------------------------------------------------------
RTO.fan       |     1953.991      1.240      0.970      0.970   2151.201 -24159.583      1.750      0.912      1.312   2521.688     -0.000     15.470     11.889      0.936
RTO.lpc       |       63.146      2.690      0.900      0.913   6461.264  -5501.591      2.105      1.010      1.386    207.852      0.000     41.602     36.027      0.883
RTO.hpc       |       27.796     13.628      0.845      0.887  18324.176 -26365.031      2.100      1.004     22.786    207.225      0.000     19.796     19.752      0.847
-------------------------------------------------------------------------------------------------------------------------------------------------------------------------------------------------------
--------------------------------------------------------------------------------------------------------------------------------------
                            TURBINE PROPERTIES
--------------------------------------------------------------------------------------------------------------------------------------
Turbine       |             Wp           PR        eff_a        eff_p           Np          pwr        NpMap        PRmap     alphaMap
RTO.hpt       |          5.850        4.304        0.923        0.911      381.112    26715.031      102.486        5.011        1.000
RTO.lpt       |         25.358        8.753        0.948        0.933      137.383    29960.782       94.927        5.579        1.000
-------------------------------------------------------------------------------------------------------------------------
                            NOZZLE PROPERTIES
-------------------------------------------------------------------------------------------------------------------------
Nozzle        |             PR           Cv          Cfg          Ath         MNth        MNout            V           Fg
RTO.core_nozz |          1.166        1.000        N/A        471.145        0.484        0.484      894.021     2162.387
RTO.byp_nozz  |          1.274        0.998        N/A       5501.449        0.598        0.598      687.085    40378.154
---------------------------------------------------------------------------------------------------------------------------
                            SHAFT PROPERTIES
---------------------------------------------------------------------------------------------------------------------------
Shaft               |                 Nmech               trqin              trqout               pwrin              pwrout
RTO.hp_shaft        |             22763.615            6163.796           -6083.043           26715.015          -26365.015
RTO.lp_shaft        |              6882.742           22862.593          -22633.967           29960.764          -29661.156
RTO.fan_shaft       |              2220.223           57151.375          -57151.375           24159.569          -24159.569
-----------------------------------------------------------------------------------------------------------------
                            BLEED PROPERTIES
-----------------------------------------------------------------------------------------------------------------
Bleed              |         Wb/Win        Pfrac     Workfrac            W           Tt           ht           Pt
RTO.hpc.bld_inlet  |         -0.000        0.146        0.500       -0.000     1295.811      185.804      142.092
RTO.hpc.bld_exit   |          0.020        0.146        0.500        1.518     1295.811      185.804      142.092
RTO.hpc.cust       |         -0.000        0.146        0.350       -0.000     1150.265      148.609      142.092
RTO.bld3.bld_inlet |          0.077        1.000        1.000        5.696     1763.548      309.788      679.454
RTO.bld3.bld_exit  |          0.090        1.000        1.000        6.725     1763.548      309.788      679.454
RTO.bld3.bld_inlet |          0.077        1.000        1.000        5.696     1763.548      309.788      679.454
RTO.bld3.bld_exit  |          0.090        1.000        1.000        6.725     1763.548      309.788      679.454
RTO.bld25.sbv      |          0.000        1.000        1.000        0.000      800.432       61.821       50.629
