


----------------------------------------------------------------------------
                              POINT: TOC
----------------------------------------------------------------------------
                       PERFORMANCE CHARACTERISTICS
    Mach      Alt       W      Fn      Fg    Fram     OPR     TSFC      BPR 
 0.80000  35000.0 820.441  6123.0 25977.9 19854.9  52.300  0.43921   23.945
------------------------------------------------------------------------------------------------------------------------------------------------
                            FLOW STATIONS
------------------------------------------------------------------------------------------------------------------------------------------------
------------------------------------------------------------------------------------------------------------------------------------------------
Flow Station           |          tot:P        tot:T        tot:h        tot:S       stat:P       stat:W      stat:MN       stat:V    stat:area
------------------------------------------------------------------------------------------------------------------------------------------------
TOC.fc.Fl_O            |          5.273      444.404      -23.983        1.665        3.458      820.441        0.800      778.619     6402.926
TOC.inlet.Fl_O         |          5.262      444.404      -23.983        1.665        4.043      820.441        0.625      622.229     7170.220
TOC.fan.Fl_O           |          6.841      480.163      -15.415        1.665        5.953      820.441        0.450      474.003     7158.237
TOC.splitter.Fl_O1     |          6.841      480.163      -15.415        1.665        5.953       32.890        0.450      474.003      286.959
TOC.duct2.Fl_O         |          6.772      480.163      -15.415        1.666        5.893       32.890        0.450      474.003      289.858
TOC.lpc.Fl_O           |         20.317      678.872       32.351        1.674       17.685       32.890        0.450      563.037      115.007
TOC.bld25.Fl_O         |         20.317      678.872       32.351        1.674       17.685       32.890        0.450      563.037      115.007
TOC.duct25.Fl_O        |         20.012      678.872       32.351        1.675       17.420       32.890        0.450      563.037      116.759
TOC.hpc.Fl_O           |        275.210     1517.980      243.880        1.697      259.105       32.232        0.300      558.401       17.762
TOC.bld3.Fl_O          |        275.210     1517.980      243.880        1.697      259.105       27.967        0.300      558.401       15.411
TOC.burner.Fl_O        |        264.202     3150.000      237.536        1.940      262.525       28.714        0.100      262.316       69.970
TOC.hpt.Fl_O           |         64.876     2245.482       22.008        1.930       61.203       32.979        0.300      667.950       95.332
TOC.duct45.Fl_O        |         64.551     2245.482       22.008        1.930       56.674       32.979        0.450      994.033       68.028
TOC.lpt.Fl_O           |          5.887     1307.039     -234.003        1.942        5.425       33.637        0.350      602.204      702.955
TOC.duct5.Fl_O         |          5.828     1307.039     -234.003        1.943        5.589       33.637        0.250      432.227      960.483
TOC.core_nozz.Fl_O     |          5.828     1307.039     -234.003        1.943        3.458       33.637        0.908     1480.001      400.105
TOC.splitter.Fl_O2     |          6.841      480.163      -15.415        1.665        5.953      787.551        0.450      474.003     6871.278
TOC.byp_bld.Fl_O       |          6.841      480.163      -15.415        1.665        5.953      787.551        0.450      474.003     6871.278
TOC.duct17.Fl_O        |          6.738      480.163      -15.415        1.666        5.864      787.551        0.450      474.003     6975.917
TOC.byp_nozz.Fl_O      |          6.738      480.163      -15.415        1.666        3.558      787.551        1.000      980.795     4815.384
------------------------------------------------------------------------------------------------------------------------------------------------
-------------------------------------------------------------------------------------------------------------------------------------------------------------------------------------------------------
                          COMPRESSOR PROPERTIES
-------------------------------------------------------------------------------------------------------------------------------------------------------------------------------------------------------
Compressor    |           Wc         Pr      eta_a      eta_p         Nc        pwr   RlineMap      NcMap      WcMap      PRmap   alphaMap        SMN        SMW     effMap
-------------------------------------------------------------------------------------------------------------------------------------------------------------------------------------------------------
TOC.fan       |     2120.943      1.300      0.969      0.970   2359.981  -9946.272      2.000      1.000      1.390   2737.145      0.000     14.985     14.525      0.935
TOC.lpc       |       68.670      3.000      0.889      0.905   7038.309  -2222.740      2.200      1.100      1.457    226.037      0.000     42.500     39.684      0.872
TOC.hpc       |       27.632     13.752      0.849      0.892  18242.942  -9744.923      2.000      1.000     23.000    206.000      0.000     18.000     17.955      0.852
-------------------------------------------------------------------------------------------------------------------------------------------------------------------------------------------------------
--------------------------------------------------------------------------------------------------------------------------------------
                            TURBINE PROPERTIES
--------------------------------------------------------------------------------------------------------------------------------------
Turbine       |             Wp           PR        eff_a        eff_p           Np          pwr        NpMap        PRmap     alphaMap
TOC.hpt       |          6.100        4.072        0.922        0.910      371.867    10094.923      100.000        5.000        1.000
TOC.lpt       |         24.210       10.966        0.940        0.920      142.910    12291.932      100.000        7.500        1.000
-------------------------------------------------------------------------------------------------------------------------
                            NOZZLE PROPERTIES
-------------------------------------------------------------------------------------------------------------------------
Nozzle        |             PR           Cv          Cfg          Ath         MNth        MNout            V           Fg
TOC.core_nozz |          1.685        1.000        N/A        400.105        0.908        0.908     1480.001     1547.136
TOC.byp_nozz  |          1.949        0.998        N/A       4815.384        1.000        1.000      980.795    24430.786
---------------------------------------------------------------------------------------------------------------------------
                            SHAFT PROPERTIES
---------------------------------------------------------------------------------------------------------------------------
Shaft               |                 Nmech               trqin              trqout               pwrin              pwrout
TOC.hp_shaft        |             20871.000            2540.350           -2452.274           10094.917           -9744.917
TOC.lp_shaft        |              6772.000            9533.162           -9437.831           12291.924          -12169.005
TOC.fan_shaft       |              2184.500           23913.443          -23913.443            9946.266           -9946.266
-----------------------------------------------------------------------------------------------------------------
                            BLEED PROPERTIES
-----------------------------------------------------------------------------------------------------------------
Bleed              |         Wb/Win        Pfrac     Workfrac            W           Tt           ht           Pt
TOC.hpc.bld_inlet  |          0.000        0.146        0.500        0.000     1108.718      138.116       57.399
TOC.hpc.bld_exit   |          0.020        0.146        0.500        0.658     1108.718      138.116       57.399
TOC.hpc.cust       |          0.000        0.146        0.350        0.000      981.792      106.386       57.399
TOC.bld3.bld_inlet |          0.063        1.000        1.000        2.016     1517.980      243.880      275.210
TOC.bld3.bld_exit  |          0.070        1.000        1.000        2.249     1517.980      243.880      275.210
TOC.bld3.bld_inlet |          0.063        1.000        1.000        2.016     1517.980      243.880      275.210
TOC.bld3.bld_exit  |          0.070        1.000        1.000        2.249     1517.980      243.880      275.210
TOC.bld25.sbv      |         -0.000        1.000        1.000       -0.000      678.872       32.351       20.317



----------------------------------------------------------------------------
                              POINT: RTO
----------------------------------------------------------------------------
                       PERFORMANCE CHARACTERISTICS
    Mach      Alt       W      Fn      Fg    Fram     OPR     TSFC      BPR 
 0.25000      0.0 1915.227 22800.0 39840.5 17040.5  40.738  0.27407   25.786
------------------------------------------------------------------------------------------------------------------------------------------------
                            FLOW STATIONS
------------------------------------------------------------------------------------------------------------------------------------------------
------------------------------------------------------------------------------------------------------------------------------------------------
Flow Station           |          tot:P        tot:T        tot:h        tot:S       stat:P       stat:W      stat:MN       stat:V    stat:area
------------------------------------------------------------------------------------------------------------------------------------------------
RTO.fc.Fl_O            |         15.349      552.487        1.933        1.643       14.696     1915.227        0.250      286.264    13253.677
RTO.inlet.Fl_O         |         15.303      552.487        1.933        1.644       12.689     1915.227        0.524      588.158     7170.220
RTO.fan.Fl_O           |         18.606      585.250        9.803        1.644       16.478     1915.227        0.420      489.722     7158.237
RTO.splitter.Fl_O1     |         18.606      585.250        9.803        1.644       16.798       71.502        0.385      449.840      286.959
RTO.duct2.Fl_O         |         18.470      585.250        9.803        1.645       16.686       71.502        0.384      448.415      289.858
RTO.lpc.Fl_O           |         49.239      789.620       59.188        1.650       43.339       71.502        0.432      582.971      115.007
RTO.bld25.Fl_O         |         49.239      789.620       59.188        1.650       43.339       71.502        0.432      582.971      115.007
RTO.duct25.Fl_O        |         48.559      789.620       59.188        1.651       42.756       71.502        0.431      582.112      116.759
RTO.hpc.Fl_O           |        623.405     1707.843      294.688        1.672      585.477       70.072        0.307      604.246       17.762
RTO.bld3.Fl_O          |        623.405     1707.843      294.688        1.672      585.477       60.799        0.307      604.245       15.411
RTO.burner.Fl_O        |        598.469     3400.002      286.509        1.910      594.679       62.535        0.100      272.232       69.970
RTO.hpt.Fl_O           |        146.091     2441.020       51.968        1.900      137.672       71.808        0.304      702.852       95.332
RTO.duct45.Fl_O        |        145.342     2441.020       51.968        1.901      127.236       71.808        0.456     1047.895       68.028
RTO.lpt.Fl_O           |         17.760     1529.208     -202.172        1.910       16.943       73.238        0.267      495.771      702.955
RTO.duct5.Fl_O         |         17.657     1529.208     -202.172        1.910       17.228       73.238        0.192      358.854      960.483
RTO.core_nozz.Fl_O     |         17.657     1529.208     -202.172        1.910       14.696       73.238        0.530      970.437      400.105
RTO.splitter.Fl_O2     |         18.606      585.250        9.803        1.644       16.464     1843.725        0.422      491.431     6871.278
RTO.byp_bld.Fl_O       |         18.606      585.250        9.803        1.644       16.464     1843.725        0.422      491.431     6871.278
RTO.duct17.Fl_O        |         18.361      585.250        9.803        1.645       16.256     1843.725        0.421      490.327     6975.917
RTO.byp_nozz.Fl_O      |         18.361      585.250        9.803        1.645       14.696     1843.725        0.573      658.340     5583.947
------------------------------------------------------------------------------------------------------------------------------------------------
-------------------------------------------------------------------------------------------------------------------------------------------------------------------------------------------------------
                          COMPRESSOR PROPERTIES
-------------------------------------------------------------------------------------------------------------------------------------------------------------------------------------------------------
Compressor    |           Wc         Pr      eta_a      eta_p         Nc        pwr   RlineMap      NcMap      WcMap      PRmap   alphaMap        SMN        SMW     effMap
-------------------------------------------------------------------------------------------------------------------------------------------------------------------------------------------------------
RTO.fan       |     1898.288      1.216      0.967      0.968   2066.891 -21325.063      1.750      0.876      1.281   2449.802      0.000     17.226     11.693      0.934
RTO.lpc       |       60.434      2.666      0.919      0.929   6225.484  -4996.042      2.007      0.973      1.381    198.927      0.000     38.276     31.429      0.901
RTO.hpc       |       26.700     12.838      0.850      0.891  18068.945 -23586.060      2.062      0.990     21.423    199.052      0.000     22.191     22.315      0.853
-------------------------------------------------------------------------------------------------------------------------------------------------------------------------------------------------------
--------------------------------------------------------------------------------------------------------------------------------------
                            TURBINE PROPERTIES
--------------------------------------------------------------------------------------------------------------------------------------
Turbine       |             Wp           PR        eff_a        eff_p           Np          pwr        NpMap        PRmap     alphaMap
RTO.hpt       |          6.093        4.097        0.923        0.911      382.346    23936.060      102.818        5.031        1.000
RTO.lpt       |         24.410        8.184        0.943        0.927      133.848    26586.975       93.659        5.686        1.000
-------------------------------------------------------------------------------------------------------------------------
                            NOZZLE PROPERTIES
-------------------------------------------------------------------------------------------------------------------------
Nozzle        |             PR           Cv          Cfg          Ath         MNth        MNout            V           Fg
RTO.core_nozz |          1.201        1.000        N/A        400.105        0.530        0.530      970.437     2208.785
RTO.byp_nozz  |          1.249        0.998        N/A       5583.947        0.573        0.573      658.340    37631.725
---------------------------------------------------------------------------------------------------------------------------
                            SHAFT PROPERTIES
---------------------------------------------------------------------------------------------------------------------------
Shaft               |                 Nmech               trqin              trqout               pwrin              pwrout
RTO.hp_shaft        |             22294.423            5638.846           -5556.393           23936.046          -23586.046
RTO.lp_shaft        |              6612.995           21115.656          -20904.499           26586.959          -26321.089
RTO.fan_shaft       |              2133.208           52503.816          -52503.816           21325.050          -21325.050
-----------------------------------------------------------------------------------------------------------------
                            BLEED PROPERTIES
-----------------------------------------------------------------------------------------------------------------
Bleed              |         Wb/Win        Pfrac     Workfrac            W           Tt           ht           Pt
RTO.hpc.bld_inlet  |          0.000        0.146        0.500        0.000     1261.359      176.938      132.774
RTO.hpc.bld_exit   |          0.020        0.146        0.500        1.430     1261.359      176.938      132.774
RTO.hpc.cust       |          0.000        0.146        0.350        0.000     1122.590      141.613      132.774
RTO.bld3.bld_inlet |          0.063        1.000        1.000        4.383     1707.843      294.688      623.405
RTO.bld3.bld_exit  |          0.070        1.000        1.000        4.890     1707.843      294.688      623.405
RTO.bld3.bld_inlet |          0.063        1.000        1.000        4.383     1707.843      294.688      623.405
RTO.bld3.bld_exit  |          0.070        1.000        1.000        4.890     1707.843      294.688      623.405
RTO.bld25.sbv      |         -0.000        1.000        1.000       -0.000      789.620       59.188       49.239
