


----------------------------------------------------------------------------
                              POINT: TOC
----------------------------------------------------------------------------
                       PERFORMANCE CHARACTERISTICS
    Mach      Alt       W      Fn      Fg    Fram     OPR     TSFC      BPR 
 0.80000  35000.0 820.441  5891.1 25746.0 19854.9  52.300  0.44732   20.945
------------------------------------------------------------------------------------------------------------------------------------------------
                            FLOW STATIONS
------------------------------------------------------------------------------------------------------------------------------------------------
------------------------------------------------------------------------------------------------------------------------------------------------
Flow Station           |          tot:P        tot:T        tot:h        tot:S       stat:P       stat:W      stat:MN       stat:V    stat:area
------------------------------------------------------------------------------------------------------------------------------------------------
TOC.fc.Fl_O            |          5.273      444.404      -23.983        1.665        3.458      820.441        0.800      778.619     6402.926
TOC.inlet.Fl_O         |          5.262      444.404      -23.983        1.665        4.043      820.441        0.625      622.229     7170.220
TOC.fan.Fl_O           |          6.841      480.163      -15.415        1.665        5.766      820.441        0.500      524.283     6620.478
TOC.splitter.Fl_O1     |          6.841      480.163      -15.415        1.665        5.953       37.386        0.450      474.003      326.188
TOC.duct2.Fl_O         |          6.772      480.163      -15.415        1.666        5.893       37.386        0.450      474.003      329.483
TOC.lpc.Fl_O           |         22.349      699.470       37.327        1.675       19.455       37.386        0.450      571.408      120.657
TOC.bld25.Fl_O         |         22.349      699.470       37.327        1.675       19.455       37.386        0.450      571.408      120.657
TOC.duct25.Fl_O        |         22.013      699.470       37.327        1.676       19.163       37.386        0.450      571.408      122.495
TOC.hpc.Fl_O           |        275.210     1506.424      240.822        1.695      259.098       36.638        0.300      556.392       20.109
TOC.bld3.Fl_O          |        275.210     1506.424      240.822        1.695      259.098       27.225        0.300      556.392       14.943
TOC.burner.Fl_O        |        264.202     3150.000      234.517        1.940      262.525       27.957        0.100      262.306       68.130
TOC.hpt.Fl_O           |         56.613     2069.994       27.940        1.913       53.389       37.370        0.300      643.218      118.507
TOC.duct45.Fl_O        |         56.330     2069.994       27.940        1.913       49.418       37.370        0.450      957.034       84.580
TOC.lpt.Fl_O           |          5.156     1187.044     -208.418        1.924        4.749       38.118        0.350      575.766      863.940
TOC.duct5.Fl_O         |          5.104     1187.044     -208.418        1.925        4.894       38.118        0.250      413.313     1180.284
TOC.core_nozz.Fl_O     |          5.104     1187.044     -208.418        1.925        3.458       38.118        0.776     1227.988      512.820
TOC.splitter.Fl_O2     |          6.841      480.163      -15.415        1.665        5.953      783.055        0.450      474.003     6832.049
TOC.byp_bld.Fl_O       |          6.841      480.163      -15.415        1.665        5.953      783.055        0.450      474.003     6832.049
TOC.duct17.Fl_O        |          6.738      480.163      -15.415        1.666        5.864      783.055        0.450      474.003     6936.091
TOC.byp_nozz.Fl_O      |          6.738      480.163      -15.415        1.666        3.558      783.055        1.000      980.795     4787.892
------------------------------------------------------------------------------------------------------------------------------------------------
-------------------------------------------------------------------------------------------------------------------------------------------------------------------------------------------------------
                          COMPRESSOR PROPERTIES
-------------------------------------------------------------------------------------------------------------------------------------------------------------------------------------------------------
Compressor    |           Wc         Pr      eta_a      eta_p         Nc        pwr   RlineMap      NcMap      WcMap      PRmap   alphaMap        SMN        SMW     effMap
-------------------------------------------------------------------------------------------------------------------------------------------------------------------------------------------------------
TOC.fan       |     2120.943      1.300      0.969      0.970   2576.047  -9946.272      2.000      1.000      1.390   2737.145      0.000     14.985     14.525      0.935
TOC.lpc       |       78.058      3.300      0.888      0.905   8389.432  -2789.796      2.200      1.100      1.457    226.037      0.000     42.500     39.684      0.872
TOC.hpc       |       28.984     12.502      0.863      0.900  19694.562 -10656.373      2.000      1.000     23.000    206.000      0.000     18.000     17.955      0.852
-------------------------------------------------------------------------------------------------------------------------------------------------------------------------------------------------------
--------------------------------------------------------------------------------------------------------------------------------------
                            TURBINE PROPERTIES
--------------------------------------------------------------------------------------------------------------------------------------
Turbine       |             Wp           PR        eff_a        eff_p           Np          pwr        NpMap        PRmap     alphaMap
TOC.hpt       |          5.939        4.667        0.924        0.910      407.502    11006.374      100.000        5.000        1.000
TOC.lpt       |         30.184       10.925        0.948        0.930      177.418    12864.716      100.000        7.500        1.000
-------------------------------------------------------------------------------------------------------------------------
                            NOZZLE PROPERTIES
-------------------------------------------------------------------------------------------------------------------------
Nozzle        |             PR           Cv          Cfg          Ath         MNth        MNout            V           Fg
TOC.core_nozz |          1.476        1.000        N/A        512.820        0.776        0.776     1227.988     1454.707
TOC.byp_nozz  |          1.949        0.998        N/A       4787.892        1.000        1.000      980.795    24291.309
---------------------------------------------------------------------------------------------------------------------------
                            SHAFT PROPERTIES
---------------------------------------------------------------------------------------------------------------------------
Shaft               |                 Nmech               trqin              trqout               pwrin              pwrout
TOC.hp_shaft        |             22871.000            2527.510           -2447.136           11006.367          -10656.367
TOC.lp_shaft        |              8072.000            8370.528           -8286.823           12864.708          -12736.061
TOC.fan_shaft       |              2384.500           21907.702          -21907.702            9946.266           -9946.266
-----------------------------------------------------------------------------------------------------------------
                            BLEED PROPERTIES
-----------------------------------------------------------------------------------------------------------------
Bleed              |         Wb/Win        Pfrac     Workfrac            W           Tt           ht           Pt
TOC.hpc.bld_inlet  |         -0.000        0.146        0.500       -0.000     1112.523      139.074       59.107
TOC.hpc.bld_exit   |          0.020        0.146        0.500        0.748     1112.523      139.074       59.107
TOC.hpc.cust       |          0.000        0.146        0.350        0.000      990.509      108.550       59.107
TOC.bld3.bld_inlet |          0.113        1.000        1.000        4.122     1506.424      240.822      275.210
TOC.bld3.bld_exit  |          0.145        1.000        1.000        5.291     1506.424      240.822      275.210
TOC.bld3.bld_inlet |          0.113        1.000        1.000        4.122     1506.424      240.822      275.210
TOC.bld3.bld_exit  |          0.145        1.000        1.000        5.291     1506.424      240.822      275.210
TOC.bld25.sbv      |          0.000        1.000        1.000        0.000      699.470       37.327       22.349



----------------------------------------------------------------------------
                              POINT: RTO
----------------------------------------------------------------------------
                       PERFORMANCE CHARACTERISTICS
    Mach      Alt       W      Fn      Fg    Fram     OPR     TSFC      BPR 
 0.18000      0.0 2055.580 35000.0 48168.3 13168.3  53.577  0.26707   20.271
------------------------------------------------------------------------------------------------------------------------------------------------
                            FLOW STATIONS
------------------------------------------------------------------------------------------------------------------------------------------------
------------------------------------------------------------------------------------------------------------------------------------------------
Flow Station           |          tot:P        tot:T        tot:h        tot:S       stat:P       stat:W      stat:MN       stat:V    stat:area
------------------------------------------------------------------------------------------------------------------------------------------------
RTO.fc.Fl_O            |         15.032      549.204        1.145        1.643       14.696     2055.580        0.180      206.110    19756.865
RTO.inlet.Fl_O         |         14.987      549.204        1.145        1.644        3.993     2055.580        1.515     1440.982     7170.220
RTO.fan.Fl_O           |         19.665      594.988       12.144        1.644       16.800     2055.580        0.480      560.902     6620.478
RTO.splitter.Fl_O1     |         19.665      594.988       12.144        1.644       17.107       96.639        0.451      528.326      326.188
RTO.duct2.Fl_O         |         19.468      594.988       12.144        1.645       16.935       96.639        0.451      528.350      329.483
RTO.lpc.Fl_O           |         61.547      860.768       76.557        1.656       52.753       96.639        0.476      667.743      120.657
RTO.bld25.Fl_O         |         61.547      860.768       76.557        1.656       52.753       96.639        0.476      667.743      120.657
RTO.duct25.Fl_O        |         60.514      860.768       76.557        1.657       51.829       96.639        0.477      669.312      122.495
RTO.hpc.Fl_O           |        802.945     1878.763      341.283        1.681      756.954       94.706        0.299      614.532       20.109
RTO.bld3.Fl_O          |        802.945     1878.763      341.283        1.681      757.219       70.186        0.298      612.719       14.943
RTO.burner.Fl_O        |        770.827     3947.537      329.107        1.951      765.943       72.782        0.101      293.451       68.130
RTO.hpt.Fl_O           |        166.457     2651.064       69.342        1.919      156.922       97.303        0.304      730.255      118.507
RTO.duct45.Fl_O        |        165.605     2651.064       69.342        1.919      145.108       97.303        0.456     1088.465       84.580
RTO.lpt.Fl_O           |         18.371     1628.041     -221.431        1.927       17.336       99.235        0.297      567.285      863.940
RTO.duct5.Fl_O         |         18.239     1628.041     -221.431        1.927       17.698       99.235        0.214      409.549     1180.284
RTO.core_nozz.Fl_O     |         18.239     1628.041     -221.431        1.927       14.696       99.235        0.578     1084.216      512.820
RTO.splitter.Fl_O2     |         19.665      594.988       12.144        1.644       17.298     1958.941        0.432      507.280     6832.049
RTO.byp_bld.Fl_O       |         19.665      594.988       12.144        1.644       17.298     1958.941        0.432      507.280     6832.049
RTO.duct17.Fl_O        |         19.393      594.988       12.144        1.645       17.065     1958.941        0.432      506.544     6936.091
RTO.byp_nozz.Fl_O      |         19.393      594.988       12.144        1.645       14.696     1958.941        0.642      738.051     5296.860
------------------------------------------------------------------------------------------------------------------------------------------------
-------------------------------------------------------------------------------------------------------------------------------------------------------------------------------------------------------
                          COMPRESSOR PROPERTIES
-------------------------------------------------------------------------------------------------------------------------------------------------------------------------------------------------------
Compressor    |           Wc         Pr      eta_a      eta_p         Nc        pwr   RlineMap      NcMap      WcMap      PRmap   alphaMap        SMN        SMW     effMap
-------------------------------------------------------------------------------------------------------------------------------------------------------------------------------------------------------
RTO.fan       |     2074.175      1.312      0.967      0.968   2576.762 -31988.057      1.750      1.000      1.406   2676.790     -0.000     11.179     10.701      0.933
RTO.lpc       |       78.133      3.161      0.862      0.882   8380.524  -8807.159      2.253      1.099      1.430    226.254      0.000     45.433     42.503      0.847
RTO.hpc       |       30.234     13.269      0.836      0.880  20406.880 -35833.968      2.152      1.036     24.467    214.884      0.000     15.507     15.441      0.825
-------------------------------------------------------------------------------------------------------------------------------------------------------------------------------------------------------
--------------------------------------------------------------------------------------------------------------------------------------
                            TURBINE PROPERTIES
--------------------------------------------------------------------------------------------------------------------------------------
Turbine       |             Wp           PR        eff_a        eff_p           Np          pwr        NpMap        PRmap     alphaMap
RTO.hpt       |          5.932        4.631        0.924        0.912      418.418    36183.968      102.679        4.961        1.000
RTO.lpt       |         30.252        9.014        0.955        0.942      174.329    41207.289       98.259        6.249        1.000
-------------------------------------------------------------------------------------------------------------------------
                            NOZZLE PROPERTIES
-------------------------------------------------------------------------------------------------------------------------
Nozzle        |             PR           Cv          Cfg          Ath         MNth        MNout            V           Fg
RTO.core_nozz |          1.241        1.000        N/A        512.820        0.578        0.578     1084.216     3343.752
RTO.byp_nozz  |          1.320        0.998        N/A       5296.860        0.642        0.642      738.051    44824.534
---------------------------------------------------------------------------------------------------------------------------
                            SHAFT PROPERTIES
---------------------------------------------------------------------------------------------------------------------------
Shaft               |                 Nmech               trqin              trqout               pwrin              pwrout
RTO.hp_shaft        |             26288.995            7228.963           -7159.039           36183.947          -35833.947
RTO.lp_shaft        |              8975.932           24111.725          -23870.608           41207.265          -40795.192
RTO.fan_shaft       |              2651.525           63361.570          -63361.570           31988.038          -31988.038
-----------------------------------------------------------------------------------------------------------------
                            BLEED PROPERTIES
-----------------------------------------------------------------------------------------------------------------
Bleed              |         Wb/Win        Pfrac     Workfrac            W           Tt           ht           Pt
RTO.hpc.bld_inlet  |         -0.000        0.146        0.500       -0.000     1384.950      208.920      169.280
RTO.hpc.bld_exit   |          0.020        0.146        0.500        1.933     1384.950      208.920      169.280
RTO.hpc.cust       |          0.000        0.146        0.350        0.000     1231.209      169.211      169.280
RTO.bld3.bld_inlet |          0.113        1.000        1.000       10.742     1878.763      341.283      802.945
RTO.bld3.bld_exit  |          0.145        1.000        1.000       13.778     1878.763      341.283      802.945
RTO.bld3.bld_inlet |          0.113        1.000        1.000       10.742     1878.763      341.283      802.945
RTO.bld3.bld_exit  |          0.145        1.000        1.000       13.778     1878.763      341.283      802.945
RTO.bld25.sbv      |          0.000        1.000        1.000        0.000      860.768       76.557       61.547
