


----------------------------------------------------------------------------
                              POINT: TOC
----------------------------------------------------------------------------
                       PERFORMANCE CHARACTERISTICS
    Mach      Alt       W      Fn      Fg    Fram     OPR     TSFC      BPR 
 0.80000  35000.0 820.441  7137.3 26992.2 19854.9  52.300  0.43237   20.945
------------------------------------------------------------------------------------------------------------------------------------------------
                            FLOW STATIONS
------------------------------------------------------------------------------------------------------------------------------------------------
------------------------------------------------------------------------------------------------------------------------------------------------
Flow Station           |          tot:P        tot:T        tot:h        tot:S       stat:P       stat:W      stat:MN       stat:V    stat:area
------------------------------------------------------------------------------------------------------------------------------------------------
TOC.fc.Fl_O            |          5.273      444.404      -23.983        1.665        3.458      820.441        0.800      778.619     6402.926
TOC.inlet.Fl_O         |          5.262      444.404      -23.983        1.665        4.043      820.441        0.625      622.229     7170.220
TOC.fan.Fl_O           |          7.367      490.771      -12.872        1.665        6.210      820.441        0.500      530.031     6215.274
TOC.splitter.Fl_O1     |          7.367      490.771      -12.872        1.665        6.411       37.386        0.450      479.198      306.224
TOC.duct2.Fl_O         |          7.293      490.771      -12.872        1.666        6.347       37.386        0.450      479.198      309.317
TOC.lpc.Fl_O           |         22.609      700.923       37.678        1.674       19.682       37.386        0.450      571.994      119.393
TOC.bld25.Fl_O         |         22.609      700.923       37.678        1.674       19.682       37.386        0.450      571.994      119.393
TOC.duct25.Fl_O        |         22.270      700.923       37.678        1.675       19.387       37.386        0.450      571.994      121.211
TOC.hpc.Fl_O           |        275.210     1504.303      240.261        1.694      259.097       36.638        0.300      556.022       20.094
TOC.bld3.Fl_O          |        275.210     1504.303      240.261        1.694      259.097       31.845        0.300      556.022       17.465
TOC.burner.Fl_O        |        264.202     3150.000      233.963        1.940      262.525       32.702        0.100      262.304       79.693
TOC.hpt.Fl_O           |         69.850     2279.705       28.199        1.929       65.899       37.495        0.300      672.712      101.480
TOC.duct45.Fl_O        |         69.501     2279.705       28.199        1.930       61.027       37.495        0.450     1001.152       72.413
TOC.lpt.Fl_O           |          4.565     1222.601     -260.331        1.942        4.206       38.243        0.350      583.450      994.919
TOC.duct5.Fl_O         |          4.520     1222.601     -260.331        1.943        4.334       38.243        0.250      418.800     1359.306
TOC.core_nozz.Fl_O     |          4.520     1222.601     -260.331        1.943        3.458       38.243        0.639     1041.827      645.531
TOC.splitter.Fl_O2     |          7.367      490.771      -12.872        1.665        6.411      783.055        0.450      479.198     6413.907
TOC.byp_bld.Fl_O       |          7.367      490.771      -12.872        1.665        6.411      783.055        0.450      479.198     6413.907
TOC.duct17.Fl_O        |          7.256      490.771      -12.872        1.666        6.315      783.055        0.450      479.198     6511.580
TOC.byp_nozz.Fl_O      |          7.256      490.771      -12.872        1.666        3.832      783.055        1.000      991.569     4494.810
------------------------------------------------------------------------------------------------------------------------------------------------
-------------------------------------------------------------------------------------------------------------------------------------------------------------------------------------------------------
                          COMPRESSOR PROPERTIES
-------------------------------------------------------------------------------------------------------------------------------------------------------------------------------------------------------
Compressor    |           Wc         Pr      eta_a      eta_p         Nc        pwr   RlineMap      NcMap      WcMap      PRmap   alphaMap        SMN        SMW     effMap
-------------------------------------------------------------------------------------------------------------------------------------------------------------------------------------------------------
TOC.fan       |     2120.943      1.400      0.969      0.970   2359.981 -12897.955      2.000      1.000      1.390   2737.145      0.000     14.985     14.525      0.935
TOC.lpc       |       73.279      3.100      0.889      0.905   7784.253  -2673.873      2.200      1.100      1.457    226.037      0.000     42.500     39.684      0.872
TOC.hpc       |       28.680     12.358      0.863      0.900  17953.694 -10608.610      2.000      1.000     23.000    206.000      0.000     18.000     17.955      0.852
-------------------------------------------------------------------------------------------------------------------------------------------------------------------------------------------------------
--------------------------------------------------------------------------------------------------------------------------------------
                            TURBINE PROPERTIES
--------------------------------------------------------------------------------------------------------------------------------------
Turbine       |             Wp           PR        eff_a        eff_p           Np          pwr        NpMap        PRmap     alphaMap
TOC.hpt       |          6.947        3.782        0.922        0.910      371.867    10958.611      100.000        5.000        1.000
TOC.lpt       |         25.759       15.223        0.950        0.930      158.588    15729.119      100.000        7.500        1.000
-------------------------------------------------------------------------------------------------------------------------
                            NOZZLE PROPERTIES
-------------------------------------------------------------------------------------------------------------------------
Nozzle        |             PR           Cv          Cfg          Ath         MNth        MNout            V           Fg
TOC.core_nozz |          1.307        1.000        N/A        645.531        0.639        0.639     1041.827     1238.230
TOC.byp_nozz  |          2.098        0.998        N/A       4494.810        1.000        1.000      991.569    25753.953
---------------------------------------------------------------------------------------------------------------------------
                            SHAFT PROPERTIES
---------------------------------------------------------------------------------------------------------------------------
Shaft               |                 Nmech               trqin              trqout               pwrin              pwrout
TOC.hp_shaft        |             20871.000            2757.694           -2669.618           10958.604          -10608.604
TOC.lp_shaft        |              7572.000           10910.072          -10800.971           15729.110          -15571.819
TOC.fan_shaft       |              2184.500           31010.061          -31010.061           12897.947          -12897.947
-----------------------------------------------------------------------------------------------------------------
                            BLEED PROPERTIES
-----------------------------------------------------------------------------------------------------------------
Bleed              |         Wb/Win        Pfrac     Workfrac            W           Tt           ht           Pt
TOC.hpc.bld_inlet  |          0.000        0.146        0.500        0.000     1112.107      138.970       59.326
TOC.hpc.bld_exit   |          0.020        0.146        0.500        0.748     1112.107      138.970       59.326
TOC.hpc.cust       |          0.000        0.146        0.350        0.000      990.638      108.582       59.326
TOC.bld3.bld_inlet |          0.061        1.000        1.000        2.231     1504.303      240.261      275.210
TOC.bld3.bld_exit  |          0.070        1.000        1.000        2.563     1504.303      240.261      275.210
TOC.bld3.bld_inlet |          0.061        1.000        1.000        2.231     1504.303      240.261      275.210
TOC.bld3.bld_exit  |          0.070        1.000        1.000        2.563     1504.303      240.261      275.210
TOC.bld25.sbv      |         -0.000        1.000        1.000       -0.000      700.923       37.678       22.609



----------------------------------------------------------------------------
                              POINT: RTO
----------------------------------------------------------------------------
                       PERFORMANCE CHARACTERISTICS
    Mach      Alt       W      Fn      Fg    Fram     OPR     TSFC      BPR 
 0.25000      0.0 1875.196 25000.0 41684.3 16684.3  38.966  0.27799   23.165
------------------------------------------------------------------------------------------------------------------------------------------------
                            FLOW STATIONS
------------------------------------------------------------------------------------------------------------------------------------------------
------------------------------------------------------------------------------------------------------------------------------------------------
Flow Station           |          tot:P        tot:T        tot:h        tot:S       stat:P       stat:W      stat:MN       stat:V    stat:area
------------------------------------------------------------------------------------------------------------------------------------------------
RTO.fc.Fl_O            |         15.349      552.487        1.933        1.643       14.696     1875.196        0.250      286.264    12976.658
RTO.inlet.Fl_O         |         15.303      552.487        1.933        1.644       12.826     1875.196        0.509      571.458     7170.220
RTO.fan.Fl_O           |         19.391      592.516       11.550        1.644       16.679     1875.196        0.469      547.778     6215.274
RTO.splitter.Fl_O1     |         19.391      592.516       11.550        1.644       17.584       77.601        0.377      443.037      306.224
RTO.duct2.Fl_O         |         19.256      592.516       11.550        1.645       17.473       77.601        0.375      441.480      309.317
RTO.lpc.Fl_O           |         50.123      795.647       60.655        1.650       43.668       77.601        0.449      607.731      119.393
RTO.bld25.Fl_O         |         50.123      795.647       60.655        1.650       43.668       77.601        0.449      607.731      119.393
RTO.duct25.Fl_O        |         49.374      795.647       60.655        1.651       43.016       77.601        0.449      607.690      121.211
RTO.hpc.Fl_O           |        596.285     1679.394      287.010        1.671      560.430       76.049        0.305      595.591       20.094
RTO.bld3.Fl_O          |        596.285     1679.394      287.010        1.671      560.430       66.099        0.305      595.591       17.465
RTO.burner.Fl_O        |        572.433     3410.802      278.865        1.915      568.806       68.029        0.100      272.715       79.693
RTO.hpt.Fl_O           |        149.877     2482.765       53.729        1.904      141.186       77.979        0.305      711.105      101.480
RTO.duct45.Fl_O        |        149.104     2482.765       53.729        1.905      130.394       77.979        0.458     1060.879       72.413
RTO.lpt.Fl_O           |         16.057     1498.896     -221.349        1.912       15.544       79.531        0.221      407.865      994.919
RTO.duct5.Fl_O         |         15.993     1498.896     -221.349        1.912       15.722       79.531        0.160      296.292     1359.306
RTO.core_nozz.Fl_O     |         15.993     1498.896     -221.349        1.912       14.696       79.531        0.358      656.276      645.531
RTO.splitter.Fl_O2     |         19.391      592.516       11.550        1.644       17.115     1797.596        0.426      499.541     6413.907
RTO.byp_bld.Fl_O       |         19.391      592.516       11.550        1.644       17.115     1797.596        0.426      499.541     6413.907
RTO.duct17.Fl_O        |         19.130      592.516       11.550        1.645       16.893     1797.596        0.425      498.588     6511.580
RTO.byp_nozz.Fl_O      |         19.130      592.516       11.550        1.645       14.696     1797.596        0.626      718.845     4989.114
------------------------------------------------------------------------------------------------------------------------------------------------
-------------------------------------------------------------------------------------------------------------------------------------------------------------------------------------------------------
                          COMPRESSOR PROPERTIES
-------------------------------------------------------------------------------------------------------------------------------------------------------------------------------------------------------
Compressor    |           Wc         Pr      eta_a      eta_p         Nc        pwr   RlineMap      NcMap      WcMap      PRmap   alphaMap        SMN        SMW     effMap
-------------------------------------------------------------------------------------------------------------------------------------------------------------------------------------------------------
RTO.fan       |     1858.611      1.267      0.965      0.966   2008.992 -25513.237      1.750      0.851      1.260   2398.598     -0.000     18.452     11.620      0.932
RTO.lpc       |       63.301      2.603      0.910      0.921   6724.315  -5391.495      2.043      0.950      1.349    195.261      0.000     40.506     32.365      0.893
RTO.hpc       |       28.608     12.077      0.862      0.899  17938.128 -24603.754      2.090      0.999     22.456    205.482      0.000     20.537     20.516      0.851
-------------------------------------------------------------------------------------------------------------------------------------------------------------------------------------------------------
--------------------------------------------------------------------------------------------------------------------------------------
                            TURBINE PROPERTIES
--------------------------------------------------------------------------------------------------------------------------------------
Turbine       |             Wp           PR        eff_a        eff_p           Np          pwr        NpMap        PRmap     alphaMap
RTO.hpt       |          6.941        3.819        0.922        0.911      380.420    24953.754      102.300        5.053        1.000
RTO.lpt       |         26.059        9.286        0.958        0.945      144.240    31216.901       90.952        4.787        1.000
-------------------------------------------------------------------------------------------------------------------------
                            NOZZLE PROPERTIES
-------------------------------------------------------------------------------------------------------------------------
Nozzle        |             PR           Cv          Cfg          Ath         MNth        MNout            V           Fg
RTO.core_nozz |          1.088        1.000        N/A        645.531        0.358        0.358      656.276     1622.093
RTO.byp_nozz  |          1.302        0.998        N/A       4989.114        0.626        0.626      718.845    40062.249
---------------------------------------------------------------------------------------------------------------------------
                            SHAFT PROPERTIES
---------------------------------------------------------------------------------------------------------------------------
Shaft               |                 Nmech               trqin              trqout               pwrin              pwrout
RTO.hp_shaft        |             22217.326            5898.993           -5816.254           24953.739          -24603.739
RTO.lp_shaft        |              7187.079           22812.411          -22584.287           31216.882          -30904.714
RTO.fan_shaft       |              2073.451           64625.739          -64625.739           25513.222          -25513.222
-----------------------------------------------------------------------------------------------------------------
                            BLEED PROPERTIES
-----------------------------------------------------------------------------------------------------------------
Bleed              |         Wb/Win        Pfrac     Workfrac            W           Tt           ht           Pt
RTO.hpc.bld_inlet  |          0.000        0.146        0.500        0.000     1249.256      173.833      129.496
RTO.hpc.bld_exit   |          0.020        0.146        0.500        1.552     1249.256      173.833      129.496
RTO.hpc.cust       |          0.000        0.146        0.350        0.000     1115.716      139.880      129.496
RTO.bld3.bld_inlet |          0.061        1.000        1.000        4.630     1679.394      287.010      596.285
RTO.bld3.bld_exit  |          0.070        1.000        1.000        5.320     1679.394      287.010      596.285
RTO.bld3.bld_inlet |          0.061        1.000        1.000        4.630     1679.394      287.010      596.285
RTO.bld3.bld_exit  |          0.070        1.000        1.000        5.320     1679.394      287.010      596.285
RTO.bld25.sbv      |         -0.000        1.000        1.000       -0.000      795.647       60.655       50.123
