


----------------------------------------------------------------------------
                              POINT: DESIGN
----------------------------------------------------------------------------
                       PERFORMANCE CHARACTERISTICS
    Mach      Alt       W      Fn      Fg    Fram     OPR     TSFC      BPR 
 0.74000  28000.0 845.519 12109.3 31626.4 19517.1  74.608  0.54456    5.900
------------------------------------------------------------------------------------------------------------------------------------------------
                            FLOW STATIONS
------------------------------------------------------------------------------------------------------------------------------------------------
------------------------------------------------------------------------------------------------------------------------------------------------
Flow Station           |          tot:P        tot:T        tot:h        tot:S       stat:P       stat:W      stat:MN       stat:V    stat:area
------------------------------------------------------------------------------------------------------------------------------------------------
DESIGN.fc.Fl_O         |          6.873      464.798      -19.097        1.657        4.776      845.519        0.740      742.670     5325.966
DESIGN.inlet.Fl_O      |          6.867      464.798      -19.097        1.657        4.949      845.519        0.700      706.205     5462.198
DESIGN.fan.Fl_O        |         11.292      543.721       -0.171        1.661        9.827      845.519        0.450      504.304     4756.741
DESIGN.splitter.Fl_O1  |         11.292      543.721       -0.171        1.661       10.518      122.539        0.320      362.100      914.593
DESIGN.splitter.Fl_O2  |         11.292      543.721       -0.171        1.661        9.706      722.980        0.470      525.792     3935.721
DESIGN.duct4.Fl_O      |         11.237      543.721       -0.171        1.661       10.421      122.539        0.330      373.179      894.563
DESIGN.lpc.Fl_O        |         40.552      802.441       62.310        1.667       38.110      122.539        0.300      411.834      328.461
DESIGN.duct6.Fl_O      |         40.142      802.441       62.310        1.668       36.897      122.539        0.350      479.012      289.858
DESIGN.hpc.Fl_O        |        512.301     1674.815      285.776        1.680      495.996      108.388        0.220      430.358       45.000
DESIGN.bld3.Fl_O       |        512.301     1674.815      285.776        1.680      484.376       94.463        0.290      565.679       30.368
DESIGN.burner.Fl_O     |        484.637     2880.000      280.340        1.863      481.532       96.295        0.100      251.980      121.756
DESIGN.hpt.Fl_O        |         82.539     1936.556       45.326        1.865       76.189      110.220        0.350      725.952      201.927
DESIGN.duct11.Fl_O     |         82.118     1936.556       45.326        1.866       77.225      110.220        0.306      636.661      228.185
DESIGN.lpt.Fl_O        |         10.265     1204.220     -131.450        1.878        9.270      118.918        0.390      644.937     1243.982
DESIGN.duct13.Fl_O     |         10.155     1204.220     -131.450        1.879        9.024      118.918        0.420      693.156     1183.875
DESIGN.core_nozz.Fl_O  |         10.155     1204.220     -131.450        1.879        5.886      118.918        0.927     1448.939      774.839
DESIGN.byp_bld.Fl_O    |         11.292      543.721       -0.171        1.661        9.706      719.365        0.470      525.792     3916.042
DESIGN.duct15.Fl_O     |         11.123      543.721       -0.171        1.662        9.439      719.365        0.490      547.165     3855.217
DESIGN.byp_nozz.Fl_O   |         11.123      543.721       -0.171        1.662        5.875      719.365        1.000     1043.682     2835.627
------------------------------------------------------------------------------------------------------------------------------------------------
-------------------------------------------------------------------------------------------------------------------------------------------------------------------------------------------------------
                          COMPRESSOR PROPERTIES
-------------------------------------------------------------------------------------------------------------------------------------------------------------------------------------------------------
Compressor    |           Wc         Pr      eta_a      eta_p         Nc        pwr   RlineMap      NcMap      WcMap      PRmap   alphaMap        SMN        SMW     effMap
-------------------------------------------------------------------------------------------------------------------------------------------------------------------------------------------------------
DESIGN.fan    |     1713.044      1.644      0.900      0.907   4225.456 -22640.798      2.200      0.990      1.685    803.556      0.000     36.641     29.886      0.895
DESIGN.lpc    |      164.077      3.609      0.924      0.936   3906.768 -10832.628      2.150      1.000      1.935     87.666      0.000     15.987     15.644      0.924
DESIGN.hpc    |       55.800     12.762      0.907      0.932  11255.560 -36506.306      2.050      0.976      9.374     49.454      0.000     22.598     22.468      0.871
-------------------------------------------------------------------------------------------------------------------------------------------------------------------------------------------------------
---------------------------------------------------------------------------
                            BURNER PROPERTIES
---------------------------------------------------------------------------
Burner              |           dPqP        TtOut        Wfuel          FAR
DESIGN.burner       |         0.0540      2880.00       1.8317      0.01939
--------------------------------------------------------------------------------------------------------------------------------------
                            TURBINE PROPERTIES
--------------------------------------------------------------------------------------------------------------------------------------
Turbine       |             Wp           PR        eff_a        eff_p           Np          pwr        NpMap        PRmap     alphaMap
DESIGN.hpt    |         10.663        5.872        0.900        0.879      260.875    36756.306      100.000        6.000        1.000
DESIGN.lpt    |         59.066        8.000        0.900        0.872       90.896    31326.831      100.000        6.000        1.000
-------------------------------------------------------------------------------------------------------------------------
                            NOZZLE PROPERTIES
-------------------------------------------------------------------------------------------------------------------------
Nozzle        |             PR           Cv          Cfg          Ath         MNth        MNout            V           Fg
DESIGN.core_nozz|          1.725        0.993        N/A        774.839        0.927        0.927     1448.939     5319.516
DESIGN.byp_nozz|          2.329        0.994        N/A       2835.627        1.000        1.000     1043.682    26306.863
---------------------------------------------------------------------------------------------------------------------------
                            SHAFT PROPERTIES
---------------------------------------------------------------------------------------------------------------------------
Shaft               |                 Nmech               trqin              trqout               pwrin              pwrout
DESIGN.hp_shaft     |             14000.000           13789.154          -13695.367           36756.284          -36506.284
DESIGN.lp_shaft     |              4000.000           41132.991          -43951.528           31326.812          -33473.405
--------------------------------------------------------------------------------------------------------------------
                            BLEED PROPERTIES
--------------------------------------------------------------------------------------------------------------------
Bleed                 |         Wb/Win        Pfrac     Workfrac            W           Tt           ht           Pt
DESIGN.hpc.cool1      |          0.051        0.500        0.500        6.214     1250.075      174.043      276.222
DESIGN.hpc.cool2      |          0.020        0.550        0.500        2.484     1250.075      174.043      299.830
DESIGN.hpc.cust       |          0.044        0.500        0.500        5.453     1250.075      174.043      276.222
DESIGN.bld3.cool3     |          0.067        1.000        1.000        7.285     1674.815      285.776      512.301
DESIGN.bld3.cool4     |          0.061        1.000        1.000        6.639     1674.815      285.776      512.301
DESIGN.byp_bld.bypBld |          0.005        1.000        1.000        3.615      543.721       -0.171       11.292



----------------------------------------------------------------------------
                              POINT: OD_TOfail
----------------------------------------------------------------------------
                       PERFORMANCE CHARACTERISTICS
    Mach      Alt       W      Fn      Fg    Fram     OPR     TSFC      BPR 
 0.18000      0.0 1759.513 47769.6 58760.3 10990.8  79.746  0.38569    5.733
------------------------------------------------------------------------------------------------------------------------------------------------
                            FLOW STATIONS
------------------------------------------------------------------------------------------------------------------------------------------------
------------------------------------------------------------------------------------------------------------------------------------------------
Flow Station           |          tot:P        tot:T        tot:h        tot:S       stat:P       stat:W      stat:MN       stat:V    stat:area
------------------------------------------------------------------------------------------------------------------------------------------------
OD_TOfail.fc.Fl_O      |         15.032      522.033       -5.375        1.631       14.696     1759.513        0.180      200.974    16485.308
OD_TOfail.inlet.Fl_O   |         15.017      522.033       -5.375        1.631       10.697     1759.513        0.713      761.175     5462.198
OD_TOfail.fan.Fl_O     |         25.118      614.342       16.799        1.635       21.902     1759.513        0.447      532.351     4756.741
OD_TOfail.splitter.Fl_O|         25.118      614.342       16.799        1.635       23.325      261.315        0.327      393.101      914.593
OD_TOfail.splitter.Fl_O|         25.118      614.342       16.799        1.635       21.673     1498.198        0.464      551.979     3935.721
OD_TOfail.duct4.Fl_O   |         24.997      614.342       16.799        1.636       23.105      261.315        0.337      405.194      894.563
OD_TOfail.lpc.Fl_O     |         83.387      899.704       86.112        1.646       77.235      261.315        0.334      483.981      328.461
OD_TOfail.duct6.Fl_O   |         82.545      899.704       86.112        1.646       74.313      261.315        0.392      565.490      289.858
OD_TOfail.hpc.Fl_O     |       1197.537     1930.030      355.410        1.661     1161.029      231.138        0.216      452.051       45.000
OD_TOfail.bld3.Fl_O    |       1197.537     1930.030      355.410        1.661     1135.074      201.444        0.285      593.793       30.368
OD_TOfail.burner.Fl_O  |       1132.870     3420.000      346.604        1.866     1132.825      206.562        0.008       21.463     1550.003
OD_TOfail.hpt.Fl_O     |        194.022     2333.046       66.300        1.865      179.049      236.256        0.353      798.294      201.927
OD_TOfail.duct11.Fl_O  |        193.033     2333.046       66.300        1.865      181.500      236.256        0.309      699.923      228.185
OD_TOfail.lpt.Fl_O     |         24.645     1481.580     -146.661        1.876       22.306      254.805        0.388      707.723     1243.982
OD_TOfail.duct13.Fl_O  |         24.381     1481.580     -146.661        1.877       21.724      254.805        0.418      760.544     1183.875
OD_TOfail.core_nozz.Fl_|         24.381     1481.580     -146.661        1.877       14.696      254.805        0.896     1554.337      774.839
OD_TOfail.byp_bld.Fl_O |         25.118      614.342       16.799        1.635       21.673     1490.707        0.464      551.979     3916.042
OD_TOfail.duct15.Fl_O  |         24.744      614.342       16.799        1.636       21.086     1490.707        0.484      574.244     3855.217
OD_TOfail.byp_nozz.Fl_O|         24.744      614.342       16.799        1.636       14.696     1490.707        0.896     1010.490     2835.627
------------------------------------------------------------------------------------------------------------------------------------------------
-------------------------------------------------------------------------------------------------------------------------------------------------------------------------------------------------------
                          COMPRESSOR PROPERTIES
-------------------------------------------------------------------------------------------------------------------------------------------------------------------------------------------------------
Compressor    |           Wc         Pr      eta_a      eta_p         Nc        pwr   RlineMap      NcMap      WcMap      PRmap   alphaMap        SMN        SMW     effMap
-------------------------------------------------------------------------------------------------------------------------------------------------------------------------------------------------------
OD_TOfail.fan |     1727.478      1.673      0.894      0.902   4326.665 -55201.695      2.214      1.014      1.715    810.327      0.000     34.468     28.432      0.889
OD_TOfail.lpc |      167.196      3.336      0.873      0.892   3988.385 -25626.510      2.894      1.021      1.837     89.333      0.000     24.249     23.940      0.873
OD_TOfail.hpc |       61.274     14.508      0.898      0.926  11546.418 -93816.593      2.182      1.001     10.617     54.305      0.000     18.430     18.235      0.862
-------------------------------------------------------------------------------------------------------------------------------------------------------------------------------------------------------
---------------------------------------------------------------------------
                            BURNER PROPERTIES
---------------------------------------------------------------------------
Burner              |           dPqP        TtOut        Wfuel          FAR
OD_TOfail.burner    |         0.0540      3420.00       5.1178      0.02541
--------------------------------------------------------------------------------------------------------------------------------------
                            TURBINE PROPERTIES
--------------------------------------------------------------------------------------------------------------------------------------
Turbine       |             Wp           PR        eff_a        eff_p           Np          pwr        NpMap        PRmap     alphaMap
OD_TOfail.hpt |         10.663        5.839        0.900        0.880      260.039    94066.594       99.680        5.966        1.000
OD_TOfail.lpt |         59.117        7.833        0.899        0.873       89.866    80828.205       98.867        5.880        1.000
-------------------------------------------------------------------------------------------------------------------------
                            NOZZLE PROPERTIES
-------------------------------------------------------------------------------------------------------------------------
Nozzle        |             PR           Cv          Cfg          Ath         MNth        MNout            V           Fg
OD_TOfail.core_nozz|          1.659        0.993        N/A        774.839        0.896        0.896     1554.337    12227.224
OD_TOfail.byp_nozz|          1.684        0.994        N/A       2835.627        0.896        0.896     1010.490    46533.087
---------------------------------------------------------------------------------------------------------------------------
                            SHAFT PROPERTIES
---------------------------------------------------------------------------------------------------------------------------
Shaft               |                 Nmech               trqin              trqout               pwrin              pwrout
OD_TOfail.hp_shaft  |             15207.278           32487.609          -32401.267           94066.538          -93816.538
OD_TOfail.lp_shaft  |              4340.668           97800.292          -97800.292           80828.157          -80828.157
-----------------------------------------------------------------------------------------------------------------------
                            BLEED PROPERTIES
-----------------------------------------------------------------------------------------------------------------------
Bleed                    |         Wb/Win        Pfrac     Workfrac            W           Tt           ht           Pt
OD_TOfail.hpc.cool1      |          0.051        0.500        0.500       13.251     1430.238      220.761      640.041
OD_TOfail.hpc.cool2      |          0.020        0.550        0.500        5.298     1430.238      220.761      695.790
OD_TOfail.hpc.cust       |          0.044        0.500        0.500       11.629     1430.238      220.761      640.041
OD_TOfail.bld3.cool3     |          0.067        1.000        1.000       15.536     1930.030      355.410     1197.537
OD_TOfail.bld3.cool4     |          0.061        1.000        1.000       14.159     1930.030      355.410     1197.537
OD_TOfail.byp_bld.bypBld |          0.005        1.000        1.000        7.491      614.342       16.799       25.118
