notes: inlet area bigger than fan area


----------------------------------------------------------------------------
                              POINT: DESIGN
----------------------------------------------------------------------------
                       PERFORMANCE CHARACTERISTICS
    Mach      Alt       W      Fn      Fg    Fram     OPR     TSFC      BPR 
 0.74000  28000.0 701.165 12000.0 28184.9 16184.9  34.480  0.56965    5.900
------------------------------------------------------------------------------------------------------------------------------------------------
                            FLOW STATIONS
------------------------------------------------------------------------------------------------------------------------------------------------
------------------------------------------------------------------------------------------------------------------------------------------------
Flow Station           |          tot:P        tot:T        tot:h        tot:S       stat:P       stat:W      stat:MN       stat:V    stat:area
------------------------------------------------------------------------------------------------------------------------------------------------
DESIGN.fc.Fl_O         |          6.873      464.798      -19.097        1.657        4.776      701.165        0.740      742.670     4416.672
DESIGN.inlet.Fl_O      |          6.867      464.798      -19.097        1.657        4.949      701.165        0.700      706.205     4529.646
DESIGN.fan.Fl_O        |         12.016      554.395        2.391        1.661       10.458      701.165        0.450      509.208     3743.055
DESIGN.splitter.Fl_O1  |         12.016      554.395        2.391        1.661       11.193      101.618        0.320      365.618      719.694
DESIGN.splitter.Fl_O2  |         12.016      554.395        2.391        1.661       10.329      599.547        0.470      530.906     3096.995
DESIGN.duct4.Fl_O      |         11.959      554.395        2.391        1.661       11.090      101.618        0.330      376.805      703.932
DESIGN.lpc.Fl_O        |         14.351      586.433       10.088        1.662       13.482      101.618        0.300      352.893      656.444
DESIGN.duct6.Fl_O      |         14.206      586.433       10.088        1.663       13.052      101.618        0.350      410.413      579.349
DESIGN.hpc.Fl_O        |        236.760     1351.254      200.152        1.677      229.131       89.883        0.220      388.974       72.078
DESIGN.bld3.Fl_O       |        236.760     1351.254      200.152        1.677      223.697       78.336        0.290      511.209       48.649
DESIGN.burner.Fl_O     |        223.975     2880.000      195.415        1.921      222.544       80.235        0.100      251.690      219.766
DESIGN.hpt.Fl_O        |         51.849     2030.033       -4.197        1.914       47.879       91.782        0.350      741.587      274.677
DESIGN.duct11.Fl_O     |         51.585     2030.033       -4.197        1.914       48.526       91.782        0.306      650.346      310.406
DESIGN.lpt.Fl_O        |         10.139     1382.190     -156.330        1.918        9.165       98.995        0.390      687.844     1128.273
DESIGN.duct13.Fl_O     |         10.031     1382.190     -156.330        1.919        8.924       98.995        0.420      739.333     1073.682
DESIGN.core_nozz.Fl_O  |         10.031     1382.190     -156.330        1.919        5.372       98.995        1.000     1654.324      698.621
DESIGN.byp_bld.Fl_O    |         12.016      554.395        2.391        1.661       10.329      596.549        0.470      530.906     3081.510
DESIGN.duct15.Fl_O     |         11.837      554.395        2.391        1.662       10.045      596.549        0.490      552.488     3033.644
DESIGN.byp_nozz.Fl_O   |         11.837      554.395        2.391        1.662        6.252      596.549        1.000     1053.875     2231.299
------------------------------------------------------------------------------------------------------------------------------------------------
-------------------------------------------------------------------------------------------------------------------------------------------------------------------------------------------------------
                          COMPRESSOR PROPERTIES
-------------------------------------------------------------------------------------------------------------------------------------------------------------------------------------------------------
Compressor    |           Wc         Pr      eta_a      eta_p         Nc        pwr   RlineMap      NcMap      WcMap      PRmap   alphaMap        SMN        SMW     effMap
-------------------------------------------------------------------------------------------------------------------------------------------------------------------------------------------------------
DESIGN.fan    |     1420.579      1.750      0.900      0.908   5281.820 -21317.416      2.200      0.990      1.685    803.556      0.000     36.641     29.886      0.895
DESIGN.lpc    |      129.106      1.200      0.924      0.926   4836.218  -1106.506      2.150      1.000      1.935     87.666      0.000     15.987     15.644      0.924
DESIGN.hpc    |      111.782     16.667      0.907      0.935  12225.867 -25748.640      2.050      0.976      9.374     49.454      0.000     22.598     22.468      0.871
-------------------------------------------------------------------------------------------------------------------------------------------------------------------------------------------------------
---------------------------------------------------------------------------
                            BURNER PROPERTIES
---------------------------------------------------------------------------
Burner              |           dPqP        TtOut        Wfuel          FAR
DESIGN.burner       |         0.0540      2880.00       1.8988      0.02424
--------------------------------------------------------------------------------------------------------------------------------------
                            TURBINE PROPERTIES
--------------------------------------------------------------------------------------------------------------------------------------
Turbine       |             Wp           PR        eff_a        eff_p           Np          pwr        NpMap        PRmap     alphaMap
DESIGN.hpt    |         19.225        4.320        0.900        0.883      242.241    25998.640      100.000        6.000        1.000
DESIGN.lpt    |         80.165        5.088        0.900        0.880      110.973    22423.921      100.000        6.000        1.000
-------------------------------------------------------------------------------------------------------------------------
                            NOZZLE PROPERTIES
-------------------------------------------------------------------------------------------------------------------------
Nozzle        |             PR           Cv          Cfg          Ath         MNth        MNout            V           Fg
DESIGN.core_nozz|          2.100        0.993        N/A        698.621        1.000        1.000     1654.324     5471.863
DESIGN.byp_nozz|          2.478        0.994        N/A       2231.299        1.000        1.000     1053.875    22713.077
---------------------------------------------------------------------------------------------------------------------------
                            SHAFT PROPERTIES
---------------------------------------------------------------------------------------------------------------------------
Shaft               |                 Nmech               trqin              trqout               pwrin              pwrout
DESIGN.hp_shaft     |             13000.000           10503.671          -10402.668           25998.625          -25748.624
DESIGN.lp_shaft     |              5000.000           23554.580          -23554.581           22423.908          -22423.908
--------------------------------------------------------------------------------------------------------------------
                            BLEED PROPERTIES
--------------------------------------------------------------------------------------------------------------------
Bleed                 |         Wb/Win        Pfrac     Workfrac            W           Tt           ht           Pt
DESIGN.hpc.cool1      |          0.051        0.500        0.500        5.153      976.686      105.120      125.483
DESIGN.hpc.cool2      |          0.020        0.550        0.500        2.060      976.686      105.120      136.611
DESIGN.hpc.cust       |          0.044        0.500        0.500        4.522      976.686      105.120      125.483
DESIGN.bld3.cool3     |          0.067        1.000        1.000        6.041     1351.254      200.152      236.760
DESIGN.bld3.cool4     |          0.061        1.000        1.000        5.506     1351.254      200.152      236.760
DESIGN.byp_bld.bypBld |          0.005        1.000        1.000        2.998      554.395        2.391       12.016



----------------------------------------------------------------------------
                              POINT: OD_TOfail
----------------------------------------------------------------------------
                       PERFORMANCE CHARACTERISTICS
    Mach      Alt       W      Fn      Fg    Fram     OPR     TSFC      BPR 
 0.18000      0.0 1503.771 46035.9 55429.2  9393.3  39.789  0.43425    5.431
------------------------------------------------------------------------------------------------------------------------------------------------
                            FLOW STATIONS
------------------------------------------------------------------------------------------------------------------------------------------------
------------------------------------------------------------------------------------------------------------------------------------------------
Flow Station           |          tot:P        tot:T        tot:h        tot:S       stat:P       stat:W      stat:MN       stat:V    stat:area
------------------------------------------------------------------------------------------------------------------------------------------------
OD_TOfail.fc.Fl_O      |         15.032      522.033       -5.375        1.631       14.696     1503.771        0.180      200.974    14089.196
OD_TOfail.inlet.Fl_O   |         15.017      522.033       -5.375        1.631       10.163     1503.771        0.768      813.684     4529.646
OD_TOfail.fan.Fl_O     |         27.317      637.333       22.334        1.638       23.674     1503.771        0.457      553.980     3743.055
OD_TOfail.splitter.Fl_O|         27.317      637.333       22.334        1.638       25.078      233.838        0.352      429.943      719.694
OD_TOfail.splitter.Fl_O|         27.317      637.333       22.334        1.638       23.490     1269.933        0.470      568.601     3096.995
OD_TOfail.duct4.Fl_O   |         27.186      637.333       22.334        1.639       24.820      233.838        0.363      443.438      703.932
OD_TOfail.lpc.Fl_O     |         34.201      685.842       34.034        1.641       31.929      233.838        0.315      400.342      656.444
OD_TOfail.duct6.Fl_O   |         33.855      685.842       34.034        1.641       30.828      233.838        0.369      466.493      579.349
OD_TOfail.hpc.Fl_O     |        597.508     1588.216      262.555        1.656      578.701      206.834        0.218      416.728       72.078
OD_TOfail.bld3.Fl_O    |        597.508     1588.216      262.555        1.656      565.320      180.262        0.288      547.533       48.649
OD_TOfail.burner.Fl_O  |        565.243     3420.000      254.709        1.918      565.170      185.815        0.014       38.699     1550.003
OD_TOfail.hpt.Fl_O     |        132.796     2448.864       17.785        1.909      122.785      212.387        0.349      808.104      274.677
OD_TOfail.duct11.Fl_O  |        132.119     2448.864       17.785        1.910      124.405      212.387        0.306      708.715      310.406
OD_TOfail.lpt.Fl_O     |         26.155     1694.497     -166.673        1.912       23.678      228.986        0.390      756.139     1128.273
OD_TOfail.duct13.Fl_O  |         25.875     1694.497     -166.673        1.913       23.060      228.986        0.420      812.730     1073.682
OD_TOfail.core_nozz.Fl_|         25.875     1694.497     -166.673        1.913       14.696      228.986        0.954     1752.544      698.621
OD_TOfail.byp_bld.Fl_O |         27.317      637.333       22.334        1.638       23.490     1263.583        0.470      568.601     3081.510
OD_TOfail.duct15.Fl_O  |         26.910      637.333       22.334        1.639       22.845     1263.583        0.490      591.705     3033.644
OD_TOfail.byp_nozz.Fl_O|         26.910      637.333       22.334        1.639       14.696     1263.583        0.971     1102.626     2231.299
------------------------------------------------------------------------------------------------------------------------------------------------
-------------------------------------------------------------------------------------------------------------------------------------------------------------------------------------------------------
                          COMPRESSOR PROPERTIES
-------------------------------------------------------------------------------------------------------------------------------------------------------------------------------------------------------
Compressor    |           Wc         Pr      eta_a      eta_p         Nc        pwr   RlineMap      NcMap      WcMap      PRmap   alphaMap        SMN        SMW     effMap
-------------------------------------------------------------------------------------------------------------------------------------------------------------------------------------------------------
OD_TOfail.fan |     1476.392      1.819      0.843      0.855   5958.297 -58954.665      2.606      1.117      1.748    835.127      0.000     32.936     28.936      0.838
OD_TOfail.lpc |      140.121      1.258      0.886      0.889   5392.471  -3870.903      5.930      1.115      2.206     95.146      0.000      9.422      9.348      0.886
OD_TOfail.hpc |      116.722     17.649      0.903      0.932  12363.527 -71239.904      2.116      0.987      9.899     51.639      0.000     21.023     20.923      0.867
-------------------------------------------------------------------------------------------------------------------------------------------------------------------------------------------------------
---------------------------------------------------------------------------
                            BURNER PROPERTIES
---------------------------------------------------------------------------
Burner              |           dPqP        TtOut        Wfuel          FAR
OD_TOfail.burner    |         0.0540      3420.00       5.5531      0.03081
--------------------------------------------------------------------------------------------------------------------------------------
                            TURBINE PROPERTIES
--------------------------------------------------------------------------------------------------------------------------------------
Turbine       |             Wp           PR        eff_a        eff_p           Np          pwr        NpMap        PRmap     alphaMap
OD_TOfail.hpt |         19.225        4.256        0.901        0.886      243.106    71489.904      100.357        5.905        1.000
OD_TOfail.lpt |         79.551        5.051        0.900        0.881      120.793    62825.568      108.849        5.956        1.000
-------------------------------------------------------------------------------------------------------------------------
                            NOZZLE PROPERTIES
-------------------------------------------------------------------------------------------------------------------------
Nozzle        |             PR           Cv          Cfg          Ath         MNth        MNout            V           Fg
OD_TOfail.core_nozz|          1.761        0.993        N/A        698.621        0.954        0.954     1752.544    12389.458
OD_TOfail.byp_nozz|          1.831        0.994        N/A       2231.299        0.971        0.971     1102.626    43039.756
---------------------------------------------------------------------------------------------------------------------------
                            SHAFT PROPERTIES
---------------------------------------------------------------------------------------------------------------------------
Shaft               |                 Nmech               trqin              trqout               pwrin              pwrout
OD_TOfail.hp_shaft  |             14217.033           26410.071          -26317.715           71489.861          -71239.861
OD_TOfail.lp_shaft  |              5977.580           55200.728          -55200.728           62825.530          -62825.530
-----------------------------------------------------------------------------------------------------------------------
                            BLEED PROPERTIES
-----------------------------------------------------------------------------------------------------------------------
Bleed                    |         Wb/Win        Pfrac     Workfrac            W           Tt           ht           Pt
OD_TOfail.hpc.cool1      |          0.051        0.500        0.500       11.857     1149.022      148.295      315.682
OD_TOfail.hpc.cool2      |          0.020        0.550        0.500        4.741     1149.022      148.295      343.864
OD_TOfail.hpc.cust       |          0.044        0.500        0.500       10.406     1149.022      148.295      315.682
OD_TOfail.bld3.cool3     |          0.067        1.000        1.000       13.902     1588.216      262.555      597.508
OD_TOfail.bld3.cool4     |          0.061        1.000        1.000       12.670     1588.216      262.555      597.508
OD_TOfail.byp_bld.bypBld |          0.005        1.000        1.000        6.350      637.333       22.334       27.317
