


----------------------------------------------------------------------------
                              POINT: DESIGN
----------------------------------------------------------------------------
                       PERFORMANCE CHARACTERISTICS
    Mach      Alt       W      Fn      Fg    Fram     OPR     TSFC      BPR 
 0.74000  28000.0 650.000 10959.4 25963.3 15003.9  39.406  0.56091    5.900
------------------------------------------------------------------------------------------------------------------------------------------------
                            FLOW STATIONS
------------------------------------------------------------------------------------------------------------------------------------------------
------------------------------------------------------------------------------------------------------------------------------------------------
Flow Station           |          tot:P        tot:T        tot:h        tot:S       stat:P       stat:W      stat:MN       stat:V    stat:area
------------------------------------------------------------------------------------------------------------------------------------------------
DESIGN.fc.Fl_O         |          6.873      464.798      -19.097        1.657        4.776      650.000        0.740      742.670     4094.380
DESIGN.inlet.Fl_O      |          6.867      464.798      -19.097        1.657        4.949      650.000        0.700      706.205     4199.110
DESIGN.fan.Fl_O        |         12.281      558.172        3.298        1.661       10.688      650.000        0.450      510.932     3406.845
DESIGN.splitter.Fl_O1  |         12.281      558.172        3.298        1.661       11.440       94.203        0.320      366.854      655.051
DESIGN.splitter.Fl_O2  |         12.281      558.172        3.298        1.661       10.556      555.797        0.470      532.703     2818.814
DESIGN.duct4.Fl_O      |         12.222      558.172        3.298        1.662       11.334       94.203        0.330      378.079      640.704
DESIGN.lpc.Fl_O        |         12.833      566.642        5.332        1.662       12.056       94.203        0.300      346.929      668.848
DESIGN.duct6.Fl_O      |         12.703      566.642        5.332        1.663       11.672       94.203        0.350      403.474      590.300
DESIGN.hpc.Fl_O        |        270.583     1400.450      212.965        1.677      261.881       83.324        0.220      395.582       59.582
DESIGN.bld3.Fl_O       |        270.583     1400.450      212.965        1.677      255.683       72.620        0.290      519.908       40.214
DESIGN.burner.Fl_O     |        255.972     2880.000      208.072        1.911      254.335       74.327        0.100      251.733      178.106
DESIGN.hpt.Fl_O        |         50.247     1969.202      -10.317        1.907       46.392       85.032        0.350      731.099      258.374
DESIGN.duct11.Fl_O     |         49.991     1969.202      -10.317        1.907       47.021       85.032        0.306      641.160      291.978
DESIGN.lpt.Fl_O        |          9.144     1319.275     -162.409        1.912        8.263       91.718        0.390      672.945     1130.808
DESIGN.duct13.Fl_O     |          9.047     1319.275     -162.409        1.913        8.045       91.718        0.420      723.300     1076.117
DESIGN.core_nozz.Fl_O  |          9.047     1319.275     -162.409        1.913        4.838       91.718        1.000     1617.200      700.434
DESIGN.byp_bld.Fl_O    |         12.281      558.172        3.298        1.661       10.556      553.018        0.470      532.703     2804.720
DESIGN.duct15.Fl_O     |         12.098      558.172        3.298        1.662       10.266      553.018        0.490      554.359     2761.152
DESIGN.byp_nozz.Fl_O   |         12.098      558.172        3.298        1.662        6.389      553.018        1.000     1057.457     2030.864
------------------------------------------------------------------------------------------------------------------------------------------------
-------------------------------------------------------------------------------------------------------------------------------------------------------------------------------------------------------
                          COMPRESSOR PROPERTIES
-------------------------------------------------------------------------------------------------------------------------------------------------------------------------------------------------------
Compressor    |           Wc         Pr      eta_a      eta_p         Nc        pwr   RlineMap      NcMap      WcMap      PRmap   alphaMap        SMN        SMW     effMap
-------------------------------------------------------------------------------------------------------------------------------------------------------------------------------------------------------
DESIGN.fan    |     1316.917      1.788      0.900      0.908   5281.820 -20595.784      2.200      0.990      1.685    803.556      0.000     36.641     29.886      0.895
DESIGN.lpc    |      117.507      1.050      0.924      0.925   4819.829   -271.123      2.150      1.000      1.935     87.666      0.000     15.987     15.644      0.924
DESIGN.hpc    |      113.908     21.300      0.907      0.937  12437.540 -26076.026      2.050      0.976      9.374     49.454      0.000     22.598     22.468      0.871
-------------------------------------------------------------------------------------------------------------------------------------------------------------------------------------------------------
---------------------------------------------------------------------------
                            BURNER PROPERTIES
---------------------------------------------------------------------------
Burner              |           dPqP        TtOut        Wfuel          FAR
DESIGN.burner       |         0.0540      2880.00       1.7076      0.02351
--------------------------------------------------------------------------------------------------------------------------------------
                            TURBINE PROPERTIES
--------------------------------------------------------------------------------------------------------------------------------------
Turbine       |             Wp           PR        eff_a        eff_p           Np          pwr        NpMap        PRmap     alphaMap
DESIGN.hpt    |         15.583        5.094        0.900        0.881      242.241    26347.931      100.000        6.000        1.000
DESIGN.lpt    |         75.480        5.467        0.900        0.879      112.674    20866.907      100.000        6.000        1.000
-------------------------------------------------------------------------------------------------------------------------
                            NOZZLE PROPERTIES
-------------------------------------------------------------------------------------------------------------------------
Nozzle        |             PR           Cv          Cfg          Ath         MNth        MNout            V           Fg
DESIGN.core_nozz|          1.894        0.993        N/A        700.434        1.000        1.000     1617.200     4622.625
DESIGN.byp_nozz|          2.533        0.994        N/A       2030.864        1.000        1.000     1057.457    21340.712
---------------------------------------------------------------------------------------------------------------------------
                            SHAFT PROPERTIES
---------------------------------------------------------------------------------------------------------------------------
Shaft               |                 Nmech               trqin              trqout               pwrin              pwrout
DESIGN.hp_shaft     |             13000.000           10644.787          -10534.935           26347.915          -26076.011
DESIGN.lp_shaft     |              5000.000           21919.058          -21919.058           20866.895          -20866.895
--------------------------------------------------------------------------------------------------------------------
                            BLEED PROPERTIES
--------------------------------------------------------------------------------------------------------------------
Bleed                 |         Wb/Win        Pfrac     Workfrac            W           Tt           ht           Pt
DESIGN.hpc.cool1      |          0.051        0.500        0.500        4.777      992.919      109.149      141.643
DESIGN.hpc.cool2      |          0.020        0.550        0.500        1.910      992.919      109.149      154.537
DESIGN.hpc.cust       |          0.044        0.500        0.500        4.192      992.919      109.149      141.643
DESIGN.bld3.cool3     |          0.067        1.000        1.000        5.601     1400.450      212.965      270.583
DESIGN.bld3.cool4     |          0.061        1.000        1.000        5.104     1400.450      212.965      270.583
DESIGN.byp_bld.bypBld |          0.005        1.000        1.000        2.779      558.172        3.298       12.281



----------------------------------------------------------------------------
                              POINT: OD_TOfail
----------------------------------------------------------------------------
                       PERFORMANCE CHARACTERISTICS
    Mach      Alt       W      Fn      Fg    Fram     OPR     TSFC      BPR 
 0.18000      0.0 1393.859 42335.2 51041.9  8706.7  45.309  0.42438    5.453
------------------------------------------------------------------------------------------------------------------------------------------------
                            FLOW STATIONS
------------------------------------------------------------------------------------------------------------------------------------------------
------------------------------------------------------------------------------------------------------------------------------------------------
Flow Station           |          tot:P        tot:T        tot:h        tot:S       stat:P       stat:W      stat:MN       stat:V    stat:area
------------------------------------------------------------------------------------------------------------------------------------------------
OD_TOfail.fc.Fl_O      |         15.032      522.033       -5.375        1.631       14.696     1393.859        0.180      200.974    13059.405
OD_TOfail.inlet.Fl_O   |         15.017      522.033       -5.375        1.631       10.166     1393.859        0.768      813.430     4199.110
OD_TOfail.fan.Fl_O     |         27.921      641.970       23.451        1.639       24.198     1393.859        0.457      555.977     3406.845
OD_TOfail.splitter.Fl_O|         27.921      641.970       23.451        1.639       25.650      216.015        0.350      429.830      655.051
OD_TOfail.splitter.Fl_O|         27.921      641.970       23.451        1.639       24.003     1177.844        0.470      571.107     2818.814
OD_TOfail.duct4.Fl_O   |         27.787      641.970       23.451        1.639       25.388      216.015        0.362      443.306      640.704
OD_TOfail.lpc.Fl_O     |         29.713      655.754       26.773        1.639       27.651      216.015        0.322      400.365      668.848
OD_TOfail.duct6.Fl_O   |         29.413      655.754       26.773        1.640       26.661      216.015        0.378      466.968      590.300
OD_TOfail.hpc.Fl_O     |        680.403     1641.921      276.931        1.656      659.082      191.069        0.218      422.766       59.582
OD_TOfail.bld3.Fl_O    |        680.403     1641.921      276.931        1.656      643.914      166.522        0.287      555.453       40.214
OD_TOfail.burner.Fl_O  |        643.661     3420.000      268.873        1.909      643.607      171.513        0.012       31.368     1550.003
OD_TOfail.hpt.Fl_O     |        128.289     2377.900        9.276        1.902      118.597      196.060        0.349      797.136      258.374
OD_TOfail.duct11.Fl_O  |        127.634     2377.900        9.276        1.903      120.166      196.060        0.306      699.105      291.978
OD_TOfail.lpt.Fl_O     |         23.895     1625.303     -173.849        1.906       21.697      211.393        0.383      729.428     1130.808
OD_TOfail.duct13.Fl_O  |         23.639     1625.303     -173.849        1.907       21.143      211.393        0.413      783.630     1076.117
OD_TOfail.core_nozz.Fl_|         23.639     1625.303     -173.849        1.907       14.696      211.393        0.869     1581.594      700.434
OD_TOfail.byp_bld.Fl_O |         27.921      641.970       23.451        1.639       24.003     1171.955        0.470      571.107     2804.720
OD_TOfail.duct15.Fl_O  |         27.505      641.970       23.451        1.640       23.344     1171.955        0.490      594.325     2761.152
OD_TOfail.byp_nozz.Fl_O|         27.505      641.970       23.451        1.640       14.696     1171.955        0.990     1124.759     2030.864
------------------------------------------------------------------------------------------------------------------------------------------------
-------------------------------------------------------------------------------------------------------------------------------------------------------------------------------------------------------
                          COMPRESSOR PROPERTIES
-------------------------------------------------------------------------------------------------------------------------------------------------------------------------------------------------------
Compressor    |           Wc         Pr      eta_a      eta_p         Nc        pwr   RlineMap      NcMap      WcMap      PRmap   alphaMap        SMN        SMW     effMap
-------------------------------------------------------------------------------------------------------------------------------------------------------------------------------------------------------
OD_TOfail.fan |     1368.481      1.859      0.842      0.856   5955.686 -56848.556      2.608      1.116      1.747    835.020      0.000     33.057     29.039      0.837
OD_TOfail.lpc |      127.101      1.069      0.896      0.897   5370.607  -1015.362      3.575      1.114      2.296     94.823      0.000      4.797      4.752      0.896
OD_TOfail.hpc |      121.359     23.133      0.901      0.933  12644.511 -72040.955      2.163      0.992     10.130     52.688      0.000     20.575     20.488      0.865
-------------------------------------------------------------------------------------------------------------------------------------------------------------------------------------------------------
---------------------------------------------------------------------------
                            BURNER PROPERTIES
---------------------------------------------------------------------------
Burner              |           dPqP        TtOut        Wfuel          FAR
OD_TOfail.burner    |         0.0540      3420.00       4.9906      0.02997
--------------------------------------------------------------------------------------------------------------------------------------
                            TURBINE PROPERTIES
--------------------------------------------------------------------------------------------------------------------------------------
Turbine       |             Wp           PR        eff_a        eff_p           Np          pwr        NpMap        PRmap     alphaMap
OD_TOfail.hpt |         15.583        5.017        0.901        0.884      243.116    72290.955      100.361        5.906        1.000
OD_TOfail.lpt |         74.906        5.341        0.900        0.880      122.529    57863.918      108.746        5.860        1.000
-------------------------------------------------------------------------------------------------------------------------
                            NOZZLE PROPERTIES
-------------------------------------------------------------------------------------------------------------------------
Nozzle        |             PR           Cv          Cfg          Ath         MNth        MNout            V           Fg
OD_TOfail.core_nozz|          1.609        0.993        N/A        700.434        0.869        0.869     1581.594    10321.927
OD_TOfail.byp_nozz|          1.872        0.994        N/A       2030.864        0.990        0.990     1124.759    40720.015
---------------------------------------------------------------------------------------------------------------------------
                            SHAFT PROPERTIES
---------------------------------------------------------------------------------------------------------------------------
Shaft               |                 Nmech               trqin              trqout               pwrin              pwrout
OD_TOfail.hp_shaft  |             14217.617           26704.901          -26612.548           72290.912          -72040.912
OD_TOfail.lp_shaft  |              5974.961           50863.540          -50863.540           57863.883          -57863.883
-----------------------------------------------------------------------------------------------------------------------
                            BLEED PROPERTIES
-----------------------------------------------------------------------------------------------------------------------
Bleed                    |         Wb/Win        Pfrac     Workfrac            W           Tt           ht           Pt
OD_TOfail.hpc.cool1      |          0.051        0.500        0.500       10.954     1163.061      151.852      354.908
OD_TOfail.hpc.cool2      |          0.020        0.550        0.500        4.379     1163.061      151.852      387.457
OD_TOfail.hpc.cust       |          0.044        0.500        0.500        9.613     1163.061      151.852      354.908
OD_TOfail.bld3.cool3     |          0.067        1.000        1.000       12.843     1641.921      276.931      680.403
OD_TOfail.bld3.cool4     |          0.061        1.000        1.000       11.704     1641.921      276.931      680.403
OD_TOfail.byp_bld.bypBld |          0.005        1.000        1.000        5.889      641.970       23.451       27.921



----------------------------------------------------------------------------
                              POINT: OD_TOC
----------------------------------------------------------------------------
                       PERFORMANCE CHARACTERISTICS
    Mach      Alt       W      Fn      Fg    Fram     OPR     TSFC      BPR 
 0.74000  28000.0 664.558 12000.0 27339.9 15339.9  42.544  0.57377    5.665
------------------------------------------------------------------------------------------------------------------------------------------------
                            FLOW STATIONS
------------------------------------------------------------------------------------------------------------------------------------------------
------------------------------------------------------------------------------------------------------------------------------------------------
Flow Station           |          tot:P        tot:T        tot:h        tot:S       stat:P       stat:W      stat:MN       stat:V    stat:area
------------------------------------------------------------------------------------------------------------------------------------------------
OD_TOC.fc.Fl_O         |          6.873      464.798      -19.097        1.657        4.776      664.558        0.740      742.670     4186.084
OD_TOC.inlet.Fl_O      |          6.867      464.798      -19.097        1.657        2.445      664.558        1.310     1194.455     4199.110
OD_TOC.fan.Fl_O        |         12.562      565.468        5.050        1.663       10.909      664.558        0.454      518.132     3406.845
OD_TOC.splitter.Fl_O1  |         12.562      565.468        5.050        1.663       11.623       99.702        0.335      386.403      655.051
OD_TOC.splitter.Fl_O2  |         12.562      565.468        5.050        1.663       10.799      564.856        0.470      536.166     2818.814
OD_TOC.duct4.Fl_O      |         12.502      565.468        5.050        1.663       11.510       99.702        0.346      398.367      640.704
OD_TOC.lpc.Fl_O        |         13.322      576.783        7.769        1.664       12.465       99.702        0.310      361.069      668.848
OD_TOC.duct6.Fl_O      |         13.188      576.783        7.769        1.664       12.047       99.702        0.362      420.424      590.300
OD_TOC.hpc.Fl_O        |        292.129     1441.014      223.587        1.679      282.842       88.188        0.219      398.931       59.582
OD_TOC.bld3.Fl_O       |        292.129     1441.014      223.587        1.679      276.232       76.859        0.288      524.207       40.214
OD_TOC.burner.Fl_O     |        276.354     2988.809      218.158        1.919      276.331       78.771        0.011       29.322     1550.003
OD_TOC.hpt.Fl_O        |         54.567     2051.246       -8.147        1.914       50.417       90.101        0.349      742.796      258.374
OD_TOC.duct11.Fl_O     |         54.288     2051.246       -8.147        1.914       51.090       90.101        0.305      651.482      291.978
OD_TOC.lpt.Fl_O        |          9.911     1377.644     -167.052        1.919        8.958       97.178        0.390      686.980     1130.808
OD_TOC.duct13.Fl_O     |          9.805     1377.644     -167.052        1.920        8.722       97.178        0.420      738.395     1076.117
OD_TOC.core_nozz.Fl_O  |          9.805     1377.644     -167.052        1.920        5.251       97.178        1.000     1651.575      700.434
OD_TOC.byp_bld.Fl_O    |         12.562      565.468        5.050        1.663       10.799      562.032        0.470      536.166     2804.720
OD_TOC.duct15.Fl_O     |         12.375      565.468        5.050        1.664       10.502      562.032        0.490      557.962     2761.152
OD_TOC.byp_nozz.Fl_O   |         12.375      565.468        5.050        1.664        6.536      562.032        1.000     1064.344     2030.864
------------------------------------------------------------------------------------------------------------------------------------------------
-------------------------------------------------------------------------------------------------------------------------------------------------------------------------------------------------------
                          COMPRESSOR PROPERTIES
-------------------------------------------------------------------------------------------------------------------------------------------------------------------------------------------------------
Compressor    |           Wc         Pr      eta_a      eta_p         Nc        pwr   RlineMap      NcMap      WcMap      PRmap   alphaMap        SMN        SMW     effMap
-------------------------------------------------------------------------------------------------------------------------------------------------------------------------------------------------------
OD_TOC.fan    |     1346.412      1.830      0.870      0.881   5649.344 -22704.552      2.406      1.059      1.721    821.554      0.000     34.560     29.361      0.865
OD_TOC.lpc    |      122.369      1.066      0.914      0.915   5121.841   -383.437      1.673      1.063      2.226     91.294      0.000      4.412      4.325      0.914
OD_TOC.hpc    |      117.164     22.152      0.905      0.935  12528.319 -28686.230      2.086      0.983      9.726     50.867      0.000     21.413     21.304      0.868
-------------------------------------------------------------------------------------------------------------------------------------------------------------------------------------------------------
---------------------------------------------------------------------------
                            BURNER PROPERTIES
---------------------------------------------------------------------------
Burner              |           dPqP        TtOut        Wfuel          FAR
OD_TOC.burner       |         0.0540      2988.81       1.9126      0.02488
--------------------------------------------------------------------------------------------------------------------------------------
                            TURBINE PROPERTIES
--------------------------------------------------------------------------------------------------------------------------------------
Turbine       |             Wp           PR        eff_a        eff_p           Np          pwr        NpMap        PRmap     alphaMap
OD_TOC.hpt    |         15.583        5.065        0.900        0.882      241.660    28936.230       99.760        5.964        1.000
OD_TOC.lpt    |         75.167        5.477        0.900        0.879      118.080    23087.988      104.797        6.012        1.000
-------------------------------------------------------------------------------------------------------------------------
                            NOZZLE PROPERTIES
-------------------------------------------------------------------------------------------------------------------------
Nozzle        |             PR           Cv          Cfg          Ath         MNth        MNout            V           Fg
OD_TOC.core_nozz|          2.053        0.993        N/A        700.434        1.000        1.000     1651.575     5287.354
OD_TOC.byp_nozz|          2.591        0.994        N/A       2030.864        1.000        1.000     1064.344    22052.592
---------------------------------------------------------------------------------------------------------------------------
                            SHAFT PROPERTIES
---------------------------------------------------------------------------------------------------------------------------
Shaft               |                 Nmech               trqin              trqout               pwrin              pwrout
OD_TOC.hp_shaft     |             13211.543           11503.294          -11403.909           28936.213          -28686.213
OD_TOC.lp_shaft     |              5347.915           22674.380          -22674.380           23087.975          -23087.975
--------------------------------------------------------------------------------------------------------------------
                            BLEED PROPERTIES
--------------------------------------------------------------------------------------------------------------------
Bleed                 |         Wb/Win        Pfrac     Workfrac            W           Tt           ht           Pt
OD_TOC.hpc.cool1      |          0.051        0.500        0.500        5.056     1019.160      115.678      152.658
OD_TOC.hpc.cool2      |          0.020        0.550        0.500        2.021     1019.160      115.678      166.605
OD_TOC.hpc.cust       |          0.044        0.500        0.500        4.437     1019.160      115.678      152.658
OD_TOC.bld3.cool3     |          0.067        1.000        1.000        5.927     1441.014      223.587      292.129
OD_TOC.bld3.cool4     |          0.061        1.000        1.000        5.402     1441.014      223.587      292.129
OD_TOC.byp_bld.bypBld |          0.005        1.000        1.000        2.824      565.468        5.050       12.562



----------------------------------------------------------------------------
                              POINT: OD_SLS
----------------------------------------------------------------------------
                       PERFORMANCE CHARACTERISTICS
    Mach      Alt       W      Fn      Fg    Fram     OPR     TSFC      BPR 
 0.00001      0.0 1396.387 52000.4 52000.9     0.5  48.559  0.37395    5.275
------------------------------------------------------------------------------------------------------------------------------------------------
                            FLOW STATIONS
------------------------------------------------------------------------------------------------------------------------------------------------
------------------------------------------------------------------------------------------------------------------------------------------------
Flow Station           |          tot:P        tot:T        tot:h        tot:S       stat:P       stat:W      stat:MN       stat:V    stat:area
------------------------------------------------------------------------------------------------------------------------------------------------
OD_SLS.fc.Fl_O         |         14.696      518.670       -6.182        1.631       14.696     1396.387        0.000        0.011235495575.864
OD_SLS.inlet.Fl_O      |         14.681      518.670       -6.182        1.631        9.451     1396.387        0.819      858.425     4199.110
OD_SLS.fan.Fl_O        |         27.929      646.638       24.576        1.640       24.157     1396.387        0.460      561.670     3406.845
OD_SLS.splitter.Fl_O1  |         27.929      646.638       24.576        1.640       25.484      222.519        0.364      448.040      655.051
OD_SLS.splitter.Fl_O2  |         27.929      646.638       24.576        1.640       24.010     1173.868        0.470      573.173     2818.814
OD_SLS.duct4.Fl_O      |         27.794      646.638       24.576        1.641       25.210      222.519        0.376      462.258      640.704
OD_SLS.lpc.Fl_O        |         29.990      662.540       28.410        1.641       27.789      222.519        0.332      414.105      668.848
OD_SLS.duct6.Fl_O      |         29.687      662.540       28.410        1.642       26.745      222.519        0.389      483.642      590.300
OD_SLS.hpc.Fl_O        |        712.904     1675.884      286.065        1.658      690.875      196.822        0.217      424.109       59.582
OD_SLS.bld3.Fl_O       |        712.904     1675.884      286.065        1.658      675.216      171.536        0.285      557.080       40.214
OD_SLS.burner.Fl_O     |        674.407     3523.955      277.332        1.917      674.351      176.938        0.012       31.824     1550.003
OD_SLS.hpt.Fl_O        |        135.401     2459.141       10.434        1.910      125.309      202.223        0.347      805.067      258.374
OD_SLS.duct11.Fl_O     |        134.710     2459.141       10.434        1.910      126.931      202.223        0.304      706.186      291.978
OD_SLS.lpt.Fl_O        |         24.906     1682.896     -179.832        1.914       22.578      218.018        0.387      748.383     1130.808
OD_SLS.duct13.Fl_O     |         24.639     1682.896     -179.832        1.915       21.995      218.018        0.417      804.210     1076.117
OD_SLS.core_nozz.Fl_O  |         24.639     1682.896     -179.832        1.915       14.704      218.018        0.909     1673.352      700.058
OD_SLS.byp_bld.Fl_O    |         27.929      646.638       24.576        1.640       24.010     1167.999        0.470      573.173     2804.720
OD_SLS.duct15.Fl_O     |         27.512      646.638       24.576        1.641       23.350     1167.999        0.490      596.476     2761.152
OD_SLS.byp_nozz.Fl_O   |         27.512      646.638       24.576        1.641       14.696     1167.999        0.990     1129.064     2030.864
------------------------------------------------------------------------------------------------------------------------------------------------
-------------------------------------------------------------------------------------------------------------------------------------------------------------------------------------------------------
                          COMPRESSOR PROPERTIES
-------------------------------------------------------------------------------------------------------------------------------------------------------------------------------------------------------
Compressor    |           Wc         Pr      eta_a      eta_p         Nc        pwr   RlineMap      NcMap      WcMap      PRmap   alphaMap        SMN        SMW     effMap
-------------------------------------------------------------------------------------------------------------------------------------------------------------------------------------------------------
OD_SLS.fan    |     1397.789      1.902      0.816      0.832   6390.677 -60767.849      2.952      1.198      1.784    852.903      0.000     30.356     28.412      0.811
OD_SLS.lpc    |      131.369      1.079      0.889      0.890   5723.500  -1207.031      1.000      1.187      2.477     97.927      0.000      0.000      0.076      0.889
OD_SLS.hpc    |      124.496     24.014      0.899      0.932  12733.103 -76433.966      2.204      0.999     10.494     54.077      0.000     19.354     19.168      0.863
-------------------------------------------------------------------------------------------------------------------------------------------------------------------------------------------------------
---------------------------------------------------------------------------
                            BURNER PROPERTIES
---------------------------------------------------------------------------
Burner              |           dPqP        TtOut        Wfuel          FAR
OD_SLS.burner       |         0.0540      3523.95       5.4016      0.03149
--------------------------------------------------------------------------------------------------------------------------------------
                            TURBINE PROPERTIES
--------------------------------------------------------------------------------------------------------------------------------------
Turbine       |             Wp           PR        eff_a        eff_p           Np          pwr        NpMap        PRmap     alphaMap
OD_SLS.hpt    |         15.574        4.981        0.902        0.885      242.426    76676.362      100.080        5.862        1.000
OD_SLS.lpt    |         74.443        5.409        0.897        0.876      128.871    61970.789      114.379        5.935        1.000
-------------------------------------------------------------------------------------------------------------------------
                            NOZZLE PROPERTIES
-------------------------------------------------------------------------------------------------------------------------
Nozzle        |             PR           Cv          Cfg          Ath         MNth        MNout            V           Fg
OD_SLS.core_nozz|          1.676        0.993        N/A        700.058        0.909        0.909     1673.352    11263.039
OD_SLS.byp_nozz|          1.872        0.994        N/A       2030.864        0.990        0.990     1129.064    40737.877
---------------------------------------------------------------------------------------------------------------------------
                            SHAFT PROPERTIES
---------------------------------------------------------------------------------------------------------------------------
Shaft               |                 Nmech               trqin              trqout               pwrin              pwrout
OD_SLS.hp_shaft     |             14391.130           27983.397          -27894.933           76676.316          -76433.920
OD_SLS.lp_shaft     |              6390.677           50930.039          -50933.401           61970.752          -61974.843
--------------------------------------------------------------------------------------------------------------------
                            BLEED PROPERTIES
--------------------------------------------------------------------------------------------------------------------
Bleed                 |         Wb/Win        Pfrac     Workfrac            W           Tt           ht           Pt
OD_SLS.hpc.cool1      |          0.051        0.500        0.500       11.283     1184.265      157.237      371.295
OD_SLS.hpc.cool2      |          0.020        0.550        0.500        4.511     1184.265      157.237      405.456
OD_SLS.hpc.cust       |          0.044        0.500        0.500        9.902     1184.265      157.237      371.295
OD_SLS.bld3.cool3     |          0.067        1.000        1.000       13.229     1675.884      286.065      712.904
OD_SLS.bld3.cool4     |          0.061        1.000        1.000       12.057     1675.884      286.065      712.904
OD_SLS.byp_bld.bypBld |          0.005        1.000        1.000        5.869      646.638       24.576       27.929
