


----------------------------------------------------------------------------
                              POINT: DESIGN
----------------------------------------------------------------------------
                       PERFORMANCE CHARACTERISTICS
    Mach      Alt       W      Fn      Fg    Fram     OPR     TSFC      BPR 
 0.74000  28000.0 763.892 12000.0 29632.9 17632.9  33.555  0.62349    5.900
------------------------------------------------------------------------------------------------------------------------------------------------
                            FLOW STATIONS
------------------------------------------------------------------------------------------------------------------------------------------------
------------------------------------------------------------------------------------------------------------------------------------------------
Flow Station           |          tot:P        tot:T        tot:h        tot:S       stat:P       stat:W      stat:MN       stat:V    stat:area
------------------------------------------------------------------------------------------------------------------------------------------------
DESIGN.fc.Fl_O         |          6.873      464.798      -19.097        1.657        4.776      763.892        0.740      742.670     4811.789
DESIGN.inlet.Fl_O      |          6.867      464.798      -19.097        1.657        4.949      763.892        0.700      706.205     4934.869
DESIGN.fan.Fl_O        |          9.957      522.695       -5.216        1.660        8.665      763.892        0.450      494.494     4778.250
DESIGN.splitter.Fl_O1  |          9.957      522.695       -5.216        1.660        9.274      110.709        0.320      355.062      918.717
DESIGN.splitter.Fl_O2  |          9.957      522.695       -5.216        1.660        8.558      653.183        0.470      515.563     3953.525
DESIGN.duct4.Fl_O      |          9.909      522.695       -5.216        1.660        9.189      110.709        0.330      365.925      898.597
DESIGN.lpc.Fl_O        |         26.754      707.646       39.304        1.665       25.138      110.709        0.300      387.234      421.859
DESIGN.duct6.Fl_O      |         26.483      707.646       39.304        1.666       24.338      110.709        0.350      450.375      372.297
DESIGN.hpc.Fl_O        |        230.405     1343.597      198.165        1.677      222.978       97.924        0.220      387.933       80.450
DESIGN.bld3.Fl_O       |        230.405     1343.597      198.165        1.677      217.688       85.344        0.290      509.839       54.300
DESIGN.burner.Fl_O     |        217.963     2880.000      193.454        1.923      216.570       87.422        0.100      251.683      246.064
DESIGN.hpt.Fl_O        |         66.457     2142.191       26.565        1.913       61.382      100.002        0.350      760.686      240.211
DESIGN.duct11.Fl_O     |         66.118     2142.191       26.565        1.913       62.208      100.002        0.306      667.078      271.464
DESIGN.lpt.Fl_O        |         17.338     1556.545     -110.722        1.913       15.683      107.861        0.390      727.529      765.454
DESIGN.duct13.Fl_O     |         17.153     1556.545     -110.722        1.914       15.272      107.861        0.420      782.031      728.385
DESIGN.core_nozz.Fl_O  |         17.153     1556.545     -110.722        1.914        9.215      107.861        1.000     1752.912      473.598
DESIGN.byp_bld.Fl_O    |          9.957      522.695       -5.216        1.660        8.558      649.917        0.470      515.563     3933.758
DESIGN.duct15.Fl_O     |          9.808      522.695       -5.216        1.661        8.323      649.917        0.490      536.519     3872.665
DESIGN.byp_nozz.Fl_O   |          9.808      522.695       -5.216        1.661        5.180      649.917        1.000     1023.308     2848.541
------------------------------------------------------------------------------------------------------------------------------------------------
-------------------------------------------------------------------------------------------------------------------------------------------------------------------------------------------------------
                          COMPRESSOR PROPERTIES
-------------------------------------------------------------------------------------------------------------------------------------------------------------------------------------------------------
Compressor    |           Wc         Pr      eta_a      eta_p         Nc        pwr   RlineMap      NcMap      WcMap      PRmap   alphaMap        SMN        SMW     effMap
-------------------------------------------------------------------------------------------------------------------------------------------------------------------------------------------------------
DESIGN.fan    |     1547.664      1.450      0.900      0.905   4225.456 -15002.238      2.200      0.990      1.685    803.556      0.000     36.641     29.886      0.895
DESIGN.lpc    |      164.832      2.700      0.924      0.934   3984.569  -6973.489      2.150      1.000      1.935     87.666      0.000     15.987     15.644      0.924
DESIGN.hpc    |       71.758      8.700      0.907      0.930  11985.756 -23446.653      2.050      0.976      9.374     49.454      0.000     22.598     22.468      0.871
-------------------------------------------------------------------------------------------------------------------------------------------------------------------------------------------------------
---------------------------------------------------------------------------
                            BURNER PROPERTIES
---------------------------------------------------------------------------
Burner              |           dPqP        TtOut        Wfuel          FAR
DESIGN.burner       |         0.0540      2880.00       2.0783      0.02435
--------------------------------------------------------------------------------------------------------------------------------------
                            TURBINE PROPERTIES
--------------------------------------------------------------------------------------------------------------------------------------
Turbine       |             Wp           PR        eff_a        eff_p           Np          pwr        NpMap        PRmap     alphaMap
DESIGN.hpt    |         21.525        3.280        0.900        0.887      260.875    23696.653      100.000        6.000        1.000
DESIGN.lpt    |         70.004        3.813        0.900        0.884       86.423    21975.727      100.000        6.000        1.000
-------------------------------------------------------------------------------------------------------------------------
                            NOZZLE PROPERTIES
-------------------------------------------------------------------------------------------------------------------------
Nozzle        |             PR           Cv          Cfg          Ath         MNth        MNout            V           Fg
DESIGN.core_nozz|          3.591        0.993        N/A        473.598        1.000        1.000     1752.912     7938.994
DESIGN.byp_nozz|          2.053        0.994        N/A       2848.541        1.000        1.000     1023.308    21693.857
---------------------------------------------------------------------------------------------------------------------------
                            SHAFT PROPERTIES
---------------------------------------------------------------------------------------------------------------------------
Shaft               |                 Nmech               trqin              trqout               pwrin              pwrout
DESIGN.hp_shaft     |             14000.000            8889.816           -8796.029           23696.639          -23446.639
DESIGN.lp_shaft     |              4000.000           28854.734          -28854.734           21975.714          -21975.714
--------------------------------------------------------------------------------------------------------------------
                            BLEED PROPERTIES
--------------------------------------------------------------------------------------------------------------------
Bleed                 |         Wb/Win        Pfrac     Workfrac            W           Tt           ht           Pt
DESIGN.hpc.cool1      |          0.051        0.500        0.500        5.614     1031.417      118.734      128.444
DESIGN.hpc.cool2      |          0.020        0.550        0.500        2.245     1031.417      118.734      138.640
DESIGN.hpc.cust       |          0.044        0.500        0.500        4.927     1031.417      118.734      128.444
DESIGN.bld3.cool3     |          0.067        1.000        1.000        6.582     1343.597      198.165      230.405
DESIGN.bld3.cool4     |          0.061        1.000        1.000        5.998     1343.597      198.165      230.405
DESIGN.byp_bld.bypBld |          0.005        1.000        1.000        3.266      522.695       -5.216        9.957



----------------------------------------------------------------------------
                              POINT: OD_TOfail
----------------------------------------------------------------------------
                       PERFORMANCE CHARACTERISTICS
    Mach      Alt       W      Fn      Fg    Fram     OPR     TSFC      BPR 
 0.18000      0.0 1606.161 46440.8 56473.7 10032.8  37.799  0.46204    5.460
------------------------------------------------------------------------------------------------------------------------------------------------
                            FLOW STATIONS
------------------------------------------------------------------------------------------------------------------------------------------------
------------------------------------------------------------------------------------------------------------------------------------------------
Flow Station           |          tot:P        tot:T        tot:h        tot:S       stat:P       stat:W      stat:MN       stat:V    stat:area
------------------------------------------------------------------------------------------------------------------------------------------------
OD_TOfail.fc.Fl_O      |         15.032      522.033       -5.375        1.631       14.696     1606.161        0.180      200.974    15048.514
OD_TOfail.inlet.Fl_O   |         15.017      522.033       -5.375        1.631       10.530     1606.161        0.730      777.773     4934.869
OD_TOfail.fan.Fl_O     |         22.897      596.678       12.551        1.635       20.086     1606.161        0.437      513.196     4778.250
OD_TOfail.splitter.Fl_O|         22.897      596.678       12.551        1.635       21.176      248.646        0.336      397.890      918.717
OD_TOfail.splitter.Fl_O|         22.897      596.678       12.551        1.635       19.941     1357.515        0.449      526.960     3953.525
OD_TOfail.duct4.Fl_O   |         22.787      596.678       12.551        1.635       20.970      248.646        0.347      410.217      898.597
OD_TOfail.lpc.Fl_O     |         61.631      818.898       66.322        1.643       57.507      248.646        0.317      439.150      421.859
OD_TOfail.duct6.Fl_O   |         61.009      818.898       66.322        1.644       55.511      248.646        0.371      511.863      372.297
OD_TOfail.hpc.Fl_O     |        567.619     1569.506      257.567        1.656      549.868      219.931        0.218      412.915       80.450
OD_TOfail.bld3.Fl_O    |        567.619     1569.506      257.567        1.656      537.245      191.677        0.287      542.445       54.300
OD_TOfail.burner.Fl_O  |        536.967     3420.000      249.799        1.922      536.882      197.637        0.016       43.330     1550.003
OD_TOfail.hpt.Fl_O     |        164.970     2575.136       51.635        1.910      152.422      225.892        0.352      832.549      240.211
OD_TOfail.duct11.Fl_O  |        164.129     2575.136       51.635        1.910      154.463      225.892        0.308      729.994      271.464
OD_TOfail.lpt.Fl_O     |         43.443     1896.850     -113.489        1.910       39.338      243.541        0.391      799.171      765.454
OD_TOfail.duct13.Fl_O  |         42.978     1896.850     -113.489        1.910       38.312      243.541        0.421      859.082      728.385
OD_TOfail.core_nozz.Fl_|         42.978     1896.850     -113.489        1.910       23.243      243.541        1.000     1928.641      473.598
OD_TOfail.byp_bld.Fl_O |         22.897      596.678       12.551        1.635       19.941     1350.728        0.449      526.960     3933.758
OD_TOfail.duct15.Fl_O  |         22.556      596.678       12.551        1.636       19.421     1350.728        0.467      547.814     3872.665
OD_TOfail.byp_nozz.Fl_O|         22.556      596.678       12.551        1.636       14.696     1350.728        0.807      908.907     2848.541
------------------------------------------------------------------------------------------------------------------------------------------------
-------------------------------------------------------------------------------------------------------------------------------------------------------------------------------------------------------
                          COMPRESSOR PROPERTIES
-------------------------------------------------------------------------------------------------------------------------------------------------------------------------------------------------------
Compressor    |           Wc         Pr      eta_a      eta_p         Nc        pwr   RlineMap      NcMap      WcMap      PRmap   alphaMap        SMN        SMW     effMap
-------------------------------------------------------------------------------------------------------------------------------------------------------------------------------------------------------
OD_TOfail.fan |     1576.918      1.525      0.895      0.901   4487.299 -40735.539      2.092      1.051      1.799    818.745      0.000     28.471     23.415      0.890
OD_TOfail.lpc |      171.991      2.705      0.875      0.891   4197.239 -18916.650      3.312      1.053      1.938     91.474      0.000     20.309     20.098      0.875
OD_TOfail.hpc |       75.258      9.304      0.903      0.927  12136.008 -63394.466      2.087      0.988     10.031     51.866      0.000     19.936     19.842      0.867
-------------------------------------------------------------------------------------------------------------------------------------------------------------------------------------------------------
---------------------------------------------------------------------------
                            BURNER PROPERTIES
---------------------------------------------------------------------------
Burner              |           dPqP        TtOut        Wfuel          FAR
OD_TOfail.burner    |         0.0540      3420.00       5.9604      0.03110
--------------------------------------------------------------------------------------------------------------------------------------
                            TURBINE PROPERTIES
--------------------------------------------------------------------------------------------------------------------------------------
Turbine       |             Wp           PR        eff_a        eff_p           Np          pwr        NpMap        PRmap     alphaMap
OD_TOfail.hpt |         21.525        3.255        0.901        0.888      260.755    63644.467       99.954        5.946        1.000
OD_TOfail.lpt |         69.842        3.778        0.900        0.885       88.713    59652.190      102.650        5.937        1.000
-------------------------------------------------------------------------------------------------------------------------
                            NOZZLE PROPERTIES
-------------------------------------------------------------------------------------------------------------------------
Nozzle        |             PR           Cv          Cfg          Ath         MNth        MNout            V           Fg
OD_TOfail.core_nozz|          2.924        0.993        N/A        473.598        1.000        1.000     1928.641    18548.724
OD_TOfail.byp_nozz|          1.535        0.994        N/A       2848.541        0.807        0.807      908.907    37924.934
---------------------------------------------------------------------------------------------------------------------------
                            SHAFT PROPERTIES
---------------------------------------------------------------------------------------------------------------------------
Shaft               |                 Nmech               trqin              trqout               pwrin              pwrout
OD_TOfail.hp_shaft  |             15249.130           21920.447          -21834.342           63644.429          -63394.429
OD_TOfail.lp_shaft  |              4501.822           69594.014          -69594.014           59652.154          -59652.154
-----------------------------------------------------------------------------------------------------------------------
                            BLEED PROPERTIES
-----------------------------------------------------------------------------------------------------------------------
Bleed                    |         Wb/Win        Pfrac     Workfrac            W           Tt           ht           Pt
OD_TOfail.hpc.cool1      |          0.051        0.500        0.500       12.608     1202.752      161.944      314.314
OD_TOfail.hpc.cool2      |          0.020        0.550        0.500        5.041     1202.752      161.944      339.644
OD_TOfail.hpc.cust       |          0.044        0.500        0.500       11.065     1202.752      161.944      314.314
OD_TOfail.bld3.cool3     |          0.067        1.000        1.000       14.782     1569.506      257.567      567.619
OD_TOfail.bld3.cool4     |          0.061        1.000        1.000       13.472     1569.506      257.567      567.619
OD_TOfail.byp_bld.bypBld |          0.005        1.000        1.000        6.788      596.678       12.551       22.897
