


----------------------------------------------------------------------------
                              POINT: DESIGN
----------------------------------------------------------------------------
                       PERFORMANCE CHARACTERISTICS
    Mach      Alt       W      Fn      Fg    Fram     OPR     TSFC      BPR 
 0.74000  28000.0 637.193 10000.0 24708.3 14708.3  33.555  0.62410    5.900
------------------------------------------------------------------------------------------------------------------------------------------------
                            FLOW STATIONS
------------------------------------------------------------------------------------------------------------------------------------------------
------------------------------------------------------------------------------------------------------------------------------------------------
Flow Station           |          tot:P        tot:T        tot:h        tot:S       stat:P       stat:W      stat:MN       stat:V    stat:area
------------------------------------------------------------------------------------------------------------------------------------------------
DESIGN.fc.Fl_O         |          6.873      464.798      -19.097        1.657        4.776      637.193        0.740      742.670     4013.711
DESIGN.inlet.Fl_O      |          6.867      464.798      -19.097        1.657        4.949      637.193        0.700      706.205     4116.377
DESIGN.fan.Fl_O        |          9.957      522.695       -5.216        1.660        8.665      637.193        0.450      494.494     3985.735
DESIGN.splitter.Fl_O1  |          9.957      522.695       -5.216        1.660        9.274       92.347        0.320      355.062      766.339
DESIGN.splitter.Fl_O2  |          9.957      522.695       -5.216        1.660        8.558      544.847        0.470      515.563     3297.798
DESIGN.duct4.Fl_O      |          9.909      522.695       -5.216        1.660        9.189       92.347        0.330      365.925      749.557
DESIGN.lpc.Fl_O        |         26.754      707.646       39.304        1.665       25.138       92.347        0.300      387.234      351.890
DESIGN.duct6.Fl_O      |         26.483      707.646       39.304        1.666       24.338       92.347        0.350      450.375      310.548
DESIGN.hpc.Fl_O        |        230.405     1343.597      198.165        1.677      222.978       81.682        0.220      387.933       67.107
DESIGN.bld3.Fl_O       |        230.405     1343.597      198.165        1.677      217.688       71.189        0.290      509.839       45.294
DESIGN.burner.Fl_O     |        217.963     2880.000      193.454        1.923      216.570       72.922        0.100      251.683      205.252
DESIGN.hpt.Fl_O        |         66.267     2140.985       26.214        1.913       61.207       83.416        0.350      760.483      200.886
DESIGN.duct11.Fl_O     |         65.929     2140.985       26.214        1.913       62.030       83.416        0.306      666.900      227.022
DESIGN.lpt.Fl_O        |         17.273     1555.356     -111.047        1.913       15.624       89.971        0.390      727.266      640.644
DESIGN.duct13.Fl_O     |         17.088     1555.356     -111.047        1.914       15.215       89.971        0.420      781.749      609.620
DESIGN.core_nozz.Fl_O  |         17.088     1555.356     -111.047        1.914        9.180       89.971        1.000     1752.260      396.378
DESIGN.byp_bld.Fl_O    |          9.957      522.695       -5.216        1.660        8.558      542.122        0.470      515.563     3281.309
DESIGN.duct15.Fl_O     |          9.808      522.695       -5.216        1.661        8.323      542.122        0.490      536.519     3230.349
DESIGN.byp_nozz.Fl_O   |          9.808      522.695       -5.216        1.661        5.180      542.122        1.000     1023.308     2376.085
------------------------------------------------------------------------------------------------------------------------------------------------
-------------------------------------------------------------------------------------------------------------------------------------------------------------------------------------------------------
                          COMPRESSOR PROPERTIES
-------------------------------------------------------------------------------------------------------------------------------------------------------------------------------------------------------
Compressor    |           Wc         Pr      eta_a      eta_p         Nc        pwr   RlineMap      NcMap      WcMap      PRmap   alphaMap        SMN        SMW     effMap
-------------------------------------------------------------------------------------------------------------------------------------------------------------------------------------------------------
DESIGN.fan    |     1290.970      1.450      0.900      0.905   4225.456 -12513.983      2.200      0.990      1.685    803.556      0.000     36.641     29.886      0.895
DESIGN.lpc    |      137.493      2.700      0.924      0.934   3984.569  -5816.874      2.150      1.000      1.935     87.666      0.000     15.987     15.644      0.924
DESIGN.hpc    |       59.856      8.700      0.907      0.930  11985.756 -19557.817      2.050      0.976      9.374     49.454      0.000     22.598     22.468      0.871
-------------------------------------------------------------------------------------------------------------------------------------------------------------------------------------------------------
---------------------------------------------------------------------------
                            BURNER PROPERTIES
---------------------------------------------------------------------------
Burner              |           dPqP        TtOut        Wfuel          FAR
DESIGN.burner       |         0.0540      2880.00       1.7336      0.02435
--------------------------------------------------------------------------------------------------------------------------------------
                            TURBINE PROPERTIES
--------------------------------------------------------------------------------------------------------------------------------------
Turbine       |             Wp           PR        eff_a        eff_p           Np          pwr        NpMap        PRmap     alphaMap
DESIGN.hpt    |         17.955        3.289        0.900        0.887      260.875    19807.817      100.000        6.000        1.000
DESIGN.lpt    |         58.544        3.817        0.900        0.884       86.448    18330.857      100.000        6.000        1.000
-------------------------------------------------------------------------------------------------------------------------
                            NOZZLE PROPERTIES
-------------------------------------------------------------------------------------------------------------------------
Nozzle        |             PR           Cv          Cfg          Ath         MNth        MNout            V           Fg
DESIGN.core_nozz|          3.578        0.993        N/A        396.378        1.000        1.000     1752.260     6612.548
DESIGN.byp_nozz|          2.053        0.994        N/A       2376.085        1.000        1.000     1023.308    18095.738
---------------------------------------------------------------------------------------------------------------------------
                            SHAFT PROPERTIES
---------------------------------------------------------------------------------------------------------------------------
Shaft               |                 Nmech               trqin              trqout               pwrin              pwrout
DESIGN.hp_shaft     |             14000.000            7430.917           -7337.129           19807.805          -19557.805
DESIGN.lp_shaft     |              4000.000           24068.919          -24068.919           18330.846          -18330.846
--------------------------------------------------------------------------------------------------------------------
                            BLEED PROPERTIES
--------------------------------------------------------------------------------------------------------------------
Bleed                 |         Wb/Win        Pfrac     Workfrac            W           Tt           ht           Pt
DESIGN.hpc.cool1      |          0.051        0.500        0.500        4.683     1031.417      118.734      128.444
DESIGN.hpc.cool2      |          0.020        0.550        0.500        1.872     1031.417      118.734      138.640
DESIGN.hpc.cust       |          0.044        0.500        0.500        4.109     1031.417      118.734      128.444
DESIGN.bld3.cool3     |          0.067        1.000        1.000        5.490     1343.597      198.165      230.405
DESIGN.bld3.cool4     |          0.061        1.000        1.000        5.004     1343.597      198.165      230.405
DESIGN.byp_bld.bypBld |          0.005        1.000        1.000        2.724      522.695       -5.216        9.957



----------------------------------------------------------------------------
                              POINT: OD_TOfail
----------------------------------------------------------------------------
                       PERFORMANCE CHARACTERISTICS
    Mach      Alt       W      Fn      Fg    Fram     OPR     TSFC      BPR 
 0.18000      0.0 1340.049 38730.9 47101.4  8370.6  37.818  0.46215    5.458
------------------------------------------------------------------------------------------------------------------------------------------------
                            FLOW STATIONS
------------------------------------------------------------------------------------------------------------------------------------------------
------------------------------------------------------------------------------------------------------------------------------------------------
Flow Station           |          tot:P        tot:T        tot:h        tot:S       stat:P       stat:W      stat:MN       stat:V    stat:area
------------------------------------------------------------------------------------------------------------------------------------------------
OD_TOfail.fc.Fl_O      |         15.032      522.033       -5.375        1.631       14.696     1340.049        0.180      200.974    12555.242
OD_TOfail.inlet.Fl_O   |         15.017      522.033       -5.375        1.631       10.526     1340.049        0.731      778.127     4116.377
OD_TOfail.fan.Fl_O     |         22.901      596.724       12.561        1.635       20.088     1340.049        0.437      513.286     3985.735
OD_TOfail.splitter.Fl_O|         22.901      596.724       12.561        1.635       21.177      207.514        0.336      398.094      766.339
OD_TOfail.splitter.Fl_O|         22.901      596.724       12.561        1.635       19.943     1132.535        0.449      527.015     3297.798
OD_TOfail.duct4.Fl_O   |         22.791      596.724       12.561        1.635       20.971      207.514        0.347      410.429      749.557
OD_TOfail.lpc.Fl_O     |         61.540      818.858       66.312        1.643       57.404      207.514        0.318      440.105      351.890
OD_TOfail.duct6.Fl_O   |         60.919      818.858       66.312        1.644       55.405      207.514        0.372      513.024      310.548
OD_TOfail.hpc.Fl_O     |        567.907     1570.457      257.820        1.656      550.135      183.550        0.218      413.178       67.107
OD_TOfail.bld3.Fl_O    |        567.907     1570.457      257.820        1.656      537.496      159.969        0.287      542.798       45.294
OD_TOfail.burner.Fl_O  |        537.240     3420.000      250.048        1.922      537.180      164.941        0.013       36.142     1550.003
OD_TOfail.hpt.Fl_O     |        164.594     2573.808       51.454        1.910      152.075      188.522        0.352      832.299      200.886
OD_TOfail.duct11.Fl_O  |        163.754     2573.807       51.454        1.910      154.111      188.522        0.308      729.776      227.022
OD_TOfail.lpt.Fl_O     |         43.303     1895.500     -113.664        1.910       39.211      203.251        0.391      798.904      640.644
OD_TOfail.duct13.Fl_O  |         42.839     1895.500     -113.664        1.910       38.189      203.251        0.421      858.795      609.620
OD_TOfail.core_nozz.Fl_|         42.839     1895.500     -113.664        1.910       23.167      203.251        1.000     1927.976      396.378
OD_TOfail.byp_bld.Fl_O |         22.901      596.724       12.561        1.635       19.943     1126.872        0.449      527.015     3281.309
OD_TOfail.duct15.Fl_O  |         22.559      596.724       12.561        1.636       19.423     1126.872        0.467      547.872     3230.349
OD_TOfail.byp_nozz.Fl_O|         22.559      596.724       12.561        1.636       14.696     1126.872        0.807      909.080     2376.085
------------------------------------------------------------------------------------------------------------------------------------------------
-------------------------------------------------------------------------------------------------------------------------------------------------------------------------------------------------------
                          COMPRESSOR PROPERTIES
-------------------------------------------------------------------------------------------------------------------------------------------------------------------------------------------------------
Compressor    |           Wc         Pr      eta_a      eta_p         Nc        pwr   RlineMap      NcMap      WcMap      PRmap   alphaMap        SMN        SMW     effMap
-------------------------------------------------------------------------------------------------------------------------------------------------------------------------------------------------------
OD_TOfail.fan |     1315.650      1.525      0.895      0.901   4489.928 -34006.991      2.094      1.052      1.799    818.918      0.000     28.459     23.413      0.890
OD_TOfail.lpc |      143.525      2.700      0.874      0.890   4199.539 -15781.351      3.348      1.054      1.935     91.512      0.000     20.503     20.293      0.874
OD_TOfail.hpc |       62.900      9.322      0.903      0.927  12142.264 -52980.284      2.093      0.989     10.051     51.968      0.000     19.924     19.831      0.867
-------------------------------------------------------------------------------------------------------------------------------------------------------------------------------------------------------
---------------------------------------------------------------------------
                            BURNER PROPERTIES
---------------------------------------------------------------------------
Burner              |           dPqP        TtOut        Wfuel          FAR
OD_TOfail.burner    |         0.0540      3420.00       4.9721      0.03108
--------------------------------------------------------------------------------------------------------------------------------------
                            TURBINE PROPERTIES
--------------------------------------------------------------------------------------------------------------------------------------
Turbine       |             Wp           PR        eff_a        eff_p           Np          pwr        NpMap        PRmap     alphaMap
OD_TOfail.hpt |         17.955        3.264        0.901        0.888      260.883    53230.284      100.003        5.945        1.000
OD_TOfail.lpt |         58.406        3.782        0.900        0.885       88.788    49788.342      102.707        5.937        1.000
-------------------------------------------------------------------------------------------------------------------------
                            NOZZLE PROPERTIES
-------------------------------------------------------------------------------------------------------------------------
Nozzle        |             PR           Cv          Cfg          Ath         MNth        MNout            V           Fg
OD_TOfail.core_nozz|          2.915        0.993        N/A        396.378        1.000        1.000     1927.976    15455.747
OD_TOfail.byp_nozz|          1.535        0.994        N/A       2376.085        0.807        0.807      909.080    31645.696
---------------------------------------------------------------------------------------------------------------------------
                            SHAFT PROPERTIES
---------------------------------------------------------------------------------------------------------------------------
Shaft               |                 Nmech               trqin              trqout               pwrin              pwrout
OD_TOfail.hp_shaft  |             15256.620           18324.589          -18238.527           53230.252          -52980.252
OD_TOfail.lp_shaft  |              4504.460           58052.213          -58052.213           49788.312          -49788.312
-----------------------------------------------------------------------------------------------------------------------
                            BLEED PROPERTIES
-----------------------------------------------------------------------------------------------------------------------
Bleed                    |         Wb/Win        Pfrac     Workfrac            W           Tt           ht           Pt
OD_TOfail.hpc.cool1      |          0.051        0.500        0.500       10.523     1203.230      162.066      314.413
OD_TOfail.hpc.cool2      |          0.020        0.550        0.500        4.207     1203.229      162.066      339.762
OD_TOfail.hpc.cust       |          0.044        0.500        0.500        9.234     1203.230      162.066      314.413
OD_TOfail.bld3.cool3     |          0.067        1.000        1.000       12.337     1570.457      257.820      567.907
OD_TOfail.bld3.cool4     |          0.061        1.000        1.000       11.244     1570.457      257.820      567.907
OD_TOfail.byp_bld.bypBld |          0.005        1.000        1.000        5.663      596.724       12.561       22.901
