


----------------------------------------------------------------------------
                              POINT: DESIGN
----------------------------------------------------------------------------
                       PERFORMANCE CHARACTERISTICS
    Mach      Alt       W      Fn      Fg    Fram     OPR     TSFC      BPR 
 0.74000  28000.0 743.670 12000.0 29166.1 17166.1  49.257  0.55212    5.900
------------------------------------------------------------------------------------------------------------------------------------------------
                            FLOW STATIONS
------------------------------------------------------------------------------------------------------------------------------------------------
------------------------------------------------------------------------------------------------------------------------------------------------
Flow Station           |          tot:P        tot:T        tot:h        tot:S       stat:P       stat:W      stat:MN       stat:V    stat:area
------------------------------------------------------------------------------------------------------------------------------------------------
DESIGN.fc.Fl_O         |          6.873      464.798      -19.097        1.657        4.776      743.670        0.740      742.670     4684.409
DESIGN.inlet.Fl_O      |          6.867      464.798      -19.097        1.657        4.949      743.670        0.700      706.205     4804.231
DESIGN.fan.Fl_O        |         11.673      549.399        1.192        1.661       10.159      743.670        0.450      506.919     4068.177
DESIGN.splitter.Fl_O1  |         11.673      549.399        1.192        1.661       10.874      107.778        0.320      363.976      782.204
DESIGN.splitter.Fl_O2  |         11.673      549.399        1.192        1.661       10.034      635.891        0.470      528.519     3366.002
DESIGN.duct4.Fl_O      |         11.617      549.399        1.192        1.661       10.773      107.778        0.330      375.113      765.073
DESIGN.lpc.Fl_O        |         17.426      622.280       18.710        1.663       16.372      107.778        0.300      363.426      590.788
DESIGN.duct6.Fl_O      |         17.250      622.280       18.710        1.664       15.850      107.778        0.350      422.669      521.398
DESIGN.hpc.Fl_O        |        338.229     1492.099      237.037        1.678      327.392       95.332        0.220      407.569       56.395
DESIGN.bld3.Fl_O       |        338.229     1492.099      237.037        1.678      319.671       83.084        0.290      535.684       38.061
DESIGN.burner.Fl_O     |        319.965     2880.000      231.900        1.895      317.918       84.925        0.100      251.814      162.749
DESIGN.hpt.Fl_O        |         57.017     1939.285        2.554        1.893       52.636       97.172        0.350      726.027      258.046
DESIGN.duct11.Fl_O     |         56.726     1939.285        2.554        1.893       53.350       97.172        0.306      636.719      291.604
DESIGN.lpt.Fl_O        |          9.919     1288.988     -150.251        1.900        8.962      104.822        0.390      665.750     1176.625
DESIGN.duct13.Fl_O     |          9.813     1288.988     -150.251        1.900        8.725      104.822        0.420      715.556     1119.733
DESIGN.core_nozz.Fl_O  |          9.813     1288.988     -150.251        1.900        5.244      104.822        1.000     1599.118      728.971
DESIGN.byp_bld.Fl_O    |         11.673      549.399        1.192        1.661       10.034      632.712        0.470      528.519     3349.172
DESIGN.duct15.Fl_O     |         11.499      549.399        1.192        1.662        9.758      632.712        0.490      550.004     3297.150
DESIGN.byp_nozz.Fl_O   |         11.499      549.399        1.192        1.662        6.073      632.712        1.000     1049.117     2425.131
------------------------------------------------------------------------------------------------------------------------------------------------
-------------------------------------------------------------------------------------------------------------------------------------------------------------------------------------------------------
                          COMPRESSOR PROPERTIES
-------------------------------------------------------------------------------------------------------------------------------------------------------------------------------------------------------
Compressor    |           Wc         Pr      eta_a      eta_p         Nc        pwr   RlineMap      NcMap      WcMap      PRmap   alphaMap        SMN        SMW     effMap
-------------------------------------------------------------------------------------------------------------------------------------------------------------------------------------------------------
DESIGN.fan    |     1506.694      1.700      0.900      0.907   5281.820 -21347.583      2.200      0.990      1.685    803.556      0.000     36.641     29.886      0.895
DESIGN.lpc    |      140.323      1.500      0.924      0.929   4858.159  -2671.260      2.150      1.000      1.935     87.666      0.000     15.987     15.644      0.924
DESIGN.hpc    |      100.576     19.608      0.907      0.936  12781.469 -31370.403      2.050      0.976      9.374     49.454      0.000     22.598     22.468      0.871
-------------------------------------------------------------------------------------------------------------------------------------------------------------------------------------------------------
---------------------------------------------------------------------------
                            BURNER PROPERTIES
---------------------------------------------------------------------------
Burner              |           dPqP        TtOut        Wfuel          FAR
DESIGN.burner       |         0.0540      2880.00       1.8404      0.02215
--------------------------------------------------------------------------------------------------------------------------------------
                            TURBINE PROPERTIES
--------------------------------------------------------------------------------------------------------------------------------------
Turbine       |             Wp           PR        eff_a        eff_p           Np          pwr        NpMap        PRmap     alphaMap
DESIGN.hpt    |         14.244        5.612        0.900        0.880      260.875    31620.408      100.000        6.000        1.000
DESIGN.lpt    |         75.437        5.719        0.900        0.878      113.540    24018.840      100.000        6.000        1.000
-------------------------------------------------------------------------------------------------------------------------
                            NOZZLE PROPERTIES
-------------------------------------------------------------------------------------------------------------------------
Nozzle        |             PR           Cv          Cfg          Ath         MNth        MNout            V           Fg
DESIGN.core_nozz|          2.055        0.993        N/A        728.971        1.000        1.000     1599.118     5516.029
DESIGN.byp_nozz|          2.407        0.994        N/A       2425.131        1.000        1.000     1049.117    23650.035
---------------------------------------------------------------------------------------------------------------------------
                            SHAFT PROPERTIES
---------------------------------------------------------------------------------------------------------------------------
Shaft               |                 Nmech               trqin              trqout               pwrin              pwrout
DESIGN.hp_shaft     |             14000.000           11862.419          -11768.629           31620.390          -31370.385
DESIGN.lp_shaft     |              5000.000           25229.918          -25229.921           24018.826          -24018.829
--------------------------------------------------------------------------------------------------------------------
                            BLEED PROPERTIES
--------------------------------------------------------------------------------------------------------------------
Bleed                 |         Wb/Win        Pfrac     Workfrac            W           Tt           ht           Pt
DESIGN.hpc.cool1      |          0.051        0.500        0.500        5.465     1067.956      127.873      177.739
DESIGN.hpc.cool2      |          0.020        0.550        0.500        2.185     1067.956      127.873      193.788
DESIGN.hpc.cust       |          0.044        0.500        0.500        4.796     1067.956      127.873      177.739
DESIGN.bld3.cool3     |          0.067        1.000        1.000        6.408     1492.099      237.037      338.229
DESIGN.bld3.cool4     |          0.061        1.000        1.000        5.840     1492.099      237.037      338.229
DESIGN.byp_bld.bypBld |          0.005        1.000        1.000        3.179      549.399        1.192       11.673



----------------------------------------------------------------------------
                              POINT: OD_TOfail
----------------------------------------------------------------------------
                       PERFORMANCE CHARACTERISTICS
    Mach      Alt       W      Fn      Fg    Fram     OPR     TSFC      BPR 
 0.18000      0.0 1593.757 46923.6 56878.9  9955.4  56.998  0.41460    5.405
------------------------------------------------------------------------------------------------------------------------------------------------
                            FLOW STATIONS
------------------------------------------------------------------------------------------------------------------------------------------------
------------------------------------------------------------------------------------------------------------------------------------------------
Flow Station           |          tot:P        tot:T        tot:h        tot:S       stat:P       stat:W      stat:MN       stat:V    stat:area
------------------------------------------------------------------------------------------------------------------------------------------------
OD_TOfail.fc.Fl_O      |         15.032      522.033       -5.375        1.631       14.696     1593.757        0.180      200.974    14932.294
OD_TOfail.inlet.Fl_O   |         15.017      522.033       -5.375        1.631        5.651     1593.757        1.269     1236.130     4804.231
OD_TOfail.fan.Fl_O     |         26.533      630.940       20.795        1.638       23.003     1593.757        0.456      550.438     4068.177
OD_TOfail.splitter.Fl_O|         26.533      630.940       20.795        1.638       24.344      248.825        0.353      429.211      782.204
OD_TOfail.splitter.Fl_O|         26.533      630.940       20.795        1.638       22.831     1344.932        0.469      564.419     3366.002
OD_TOfail.duct4.Fl_O   |         26.405      630.940       20.795        1.638       24.093      248.825        0.364      442.697      765.073
OD_TOfail.lpc.Fl_O     |         41.796      731.463       45.069        1.642       39.024      248.825        0.315      413.078      590.788
OD_TOfail.duct6.Fl_O   |         41.374      731.463       45.069        1.643       37.681      248.825        0.368      481.333      521.398
OD_TOfail.hpc.Fl_O     |        855.931     1756.296      307.818        1.658      829.076      220.090        0.219      437.535       56.395
OD_TOfail.bld3.Fl_O    |        855.931     1756.296      307.818        1.658      809.959      191.815        0.288      574.940       38.061
OD_TOfail.burner.Fl_O  |        809.711     3420.000      299.383        1.891      809.654      197.219        0.011       28.672     1550.003
OD_TOfail.hpt.Fl_O     |        146.508     2342.920       26.464        1.888      135.419      225.494        0.350      792.018      258.046
OD_TOfail.duct11.Fl_O  |        145.760     2342.920       26.464        1.888      137.216      225.494        0.306      694.620      291.604
OD_TOfail.lpt.Fl_O     |         25.733     1584.412     -159.010        1.893       23.293      243.156        0.389      731.516     1176.625
OD_TOfail.duct13.Fl_O  |         25.458     1584.412     -159.010        1.894       22.686      243.156        0.419      786.189     1119.733
OD_TOfail.core_nozz.Fl_|         25.458     1584.412     -159.010        1.894       14.696      243.156        0.937     1670.899      728.971
OD_TOfail.byp_bld.Fl_O |         26.533      630.940       20.795        1.638       22.831     1338.207        0.469      564.419     3349.172
OD_TOfail.duct15.Fl_O  |         26.137      630.940       20.795        1.639       22.207     1338.207        0.488      587.318     3297.150
OD_TOfail.byp_nozz.Fl_O|         26.137      630.940       20.795        1.639       14.696     1338.207        0.946     1072.487     2425.131
------------------------------------------------------------------------------------------------------------------------------------------------
-------------------------------------------------------------------------------------------------------------------------------------------------------------------------------------------------------
                          COMPRESSOR PROPERTIES
-------------------------------------------------------------------------------------------------------------------------------------------------------------------------------------------------------
Compressor    |           Wc         Pr      eta_a      eta_p         Nc        pwr   RlineMap      NcMap      WcMap      PRmap   alphaMap        SMN        SMW     effMap
-------------------------------------------------------------------------------------------------------------------------------------------------------------------------------------------------------
OD_TOfail.fan |     1564.739      1.767      0.845      0.857   5943.367 -59010.593      2.584      1.114      1.750    834.513      0.000     32.763     28.693      0.840
OD_TOfail.lpc |      152.738      1.583      0.874      0.882   5406.142  -8545.785      8.237      1.113      2.090     95.423      0.000     15.859     15.741      0.874
OD_TOfail.hpc |      104.959     20.688      0.903      0.933  12922.806 -87159.762      2.129      0.987      9.860     51.609      0.000     21.432     21.332      0.867
-------------------------------------------------------------------------------------------------------------------------------------------------------------------------------------------------------
---------------------------------------------------------------------------
                            BURNER PROPERTIES
---------------------------------------------------------------------------
Burner              |           dPqP        TtOut        Wfuel          FAR
OD_TOfail.burner    |         0.0540      3420.00       5.4040      0.02817
--------------------------------------------------------------------------------------------------------------------------------------
                            TURBINE PROPERTIES
--------------------------------------------------------------------------------------------------------------------------------------
Turbine       |             Wp           PR        eff_a        eff_p           Np          pwr        NpMap        PRmap     alphaMap
OD_TOfail.hpt |         14.244        5.527        0.902        0.883      262.419    87409.762      100.592        5.908        1.000
OD_TOfail.lpt |         74.881        5.664        0.900        0.879      123.185    67556.378      108.495        5.942        1.000
-------------------------------------------------------------------------------------------------------------------------
                            NOZZLE PROPERTIES
-------------------------------------------------------------------------------------------------------------------------
Nozzle        |             PR           Cv          Cfg          Ath         MNth        MNout            V           Fg
OD_TOfail.core_nozz|          1.732        0.993        N/A        728.971        0.937        0.937     1670.899    12543.263
OD_TOfail.byp_nozz|          1.779        0.994        N/A       2425.131        0.946        0.946     1072.487    44335.648
---------------------------------------------------------------------------------------------------------------------------
                            SHAFT PROPERTIES
---------------------------------------------------------------------------------------------------------------------------
Shaft               |                 Nmech               trqin              trqout               pwrin              pwrout
OD_TOfail.hp_shaft  |             15346.436           29914.809          -29829.250           87409.710          -87159.710
OD_TOfail.lp_shaft  |              5962.603           59506.487          -59506.487           67556.338          -67556.338
-----------------------------------------------------------------------------------------------------------------------
                            BLEED PROPERTIES
-----------------------------------------------------------------------------------------------------------------------
Bleed                    |         Wb/Win        Pfrac     Workfrac            W           Tt           ht           Pt
OD_TOfail.hpc.cool1      |          0.051        0.500        0.500       12.617     1259.429      176.443      448.652
OD_TOfail.hpc.cool2      |          0.020        0.550        0.500        5.045     1259.429      176.443      489.380
OD_TOfail.hpc.cust       |          0.044        0.500        0.500       11.073     1259.429      176.443      448.652
OD_TOfail.bld3.cool3     |          0.067        1.000        1.000       14.793     1756.296      307.818      855.931
OD_TOfail.bld3.cool4     |          0.061        1.000        1.000       13.482     1756.296      307.818      855.931
OD_TOfail.byp_bld.bypBld |          0.005        1.000        1.000        6.725      630.940       20.795       26.533
