


----------------------------------------------------------------------------
                              POINT: DESIGN
----------------------------------------------------------------------------
                       PERFORMANCE CHARACTERISTICS
    Mach      Alt       W      Fn      Fg    Fram     OPR     TSFC      BPR 
 0.74000  28000.0 641.035 10000.0 24797.0 14797.0  51.633  0.56157    5.900
------------------------------------------------------------------------------------------------------------------------------------------------
                            FLOW STATIONS
------------------------------------------------------------------------------------------------------------------------------------------------
------------------------------------------------------------------------------------------------------------------------------------------------
Flow Station           |          tot:P        tot:T        tot:h        tot:S       stat:P       stat:W      stat:MN       stat:V    stat:area
------------------------------------------------------------------------------------------------------------------------------------------------
DESIGN.fc.Fl_O         |          6.873      464.798      -19.097        1.657        4.776      641.035        0.740      742.670     4037.909
DESIGN.inlet.Fl_O      |          6.867      464.798      -19.097        1.657        4.949      641.035        0.700      706.205     4141.194
DESIGN.fan.Fl_O        |         11.201      542.809       -0.390        1.661        9.748      641.035        0.450      503.883     3632.311
DESIGN.splitter.Fl_O1  |         11.201      542.809       -0.390        1.661       10.434       92.904        0.320      361.798      698.395
DESIGN.splitter.Fl_O2  |         11.201      542.809       -0.390        1.661        9.628      548.131        0.470      525.353     3005.369
DESIGN.duct4.Fl_O      |         11.148      542.809       -0.390        1.661       10.338       92.904        0.330      372.868      683.100
DESIGN.lpc.Fl_O        |         33.863      761.027       52.238        1.666       31.821       92.904        0.300      401.305      290.243
DESIGN.duct6.Fl_O      |         33.521      761.027       52.238        1.667       30.808       92.904        0.350      466.754      256.137
DESIGN.hpc.Fl_O        |        354.540     1516.789      243.565        1.679      343.191       82.175        0.220      410.730       46.780
DESIGN.bld3.Fl_O       |        354.540     1516.789      243.565        1.679      335.105       71.618        0.290      539.846       31.572
DESIGN.burner.Fl_O     |        335.395     2880.000      238.373        1.891      333.249       73.178        0.100      251.836      133.774
DESIGN.hpt.Fl_O        |         75.116     2038.869       36.898        1.888       69.359       83.735        0.350      743.482      173.287
DESIGN.duct11.Fl_O     |         74.732     2038.870       36.898        1.888       70.297       83.735        0.306      652.013      195.826
DESIGN.lpt.Fl_O        |         10.542     1299.899     -141.884        1.898        9.525       90.329        0.390      668.455      958.257
DESIGN.duct13.Fl_O     |         10.429     1299.899     -141.884        1.898        9.273       90.329        0.420      718.466      911.921
DESIGN.core_nozz.Fl_O  |         10.429     1299.899     -141.884        1.898        5.574       90.329        1.000     1605.777      593.657
DESIGN.byp_bld.Fl_O    |         11.201      542.809       -0.390        1.661        9.628      545.391        0.470      525.353     2990.342
DESIGN.duct15.Fl_O     |         11.035      542.809       -0.390        1.662        9.364      545.391        0.490      546.709     2943.896
DESIGN.byp_nozz.Fl_O   |         11.035      542.809       -0.390        1.662        5.828      545.391        1.000     1042.808     2165.326
------------------------------------------------------------------------------------------------------------------------------------------------
-------------------------------------------------------------------------------------------------------------------------------------------------------------------------------------------------------
                          COMPRESSOR PROPERTIES
-------------------------------------------------------------------------------------------------------------------------------------------------------------------------------------------------------
Compressor    |           Wc         Pr      eta_a      eta_p         Nc        pwr   RlineMap      NcMap      WcMap      PRmap   alphaMap        SMN        SMW     effMap
-------------------------------------------------------------------------------------------------------------------------------------------------------------------------------------------------------
DESIGN.fan    |     1298.753      1.631      0.895      0.902   4225.456 -16966.857      2.200      0.990      1.685    803.556      0.000     36.641     29.886      0.895
DESIGN.lpc    |      125.292      3.038      0.924      0.935   3910.046  -6917.698      2.150      1.000      1.935     87.666      0.000     15.987     15.644      0.924
DESIGN.hpc    |       49.337     10.577      0.907      0.931  10732.206 -23696.830      2.050      0.976      9.374     49.454      0.000     22.598     22.468      0.871
-------------------------------------------------------------------------------------------------------------------------------------------------------------------------------------------------------
---------------------------------------------------------------------------
                            BURNER PROPERTIES
---------------------------------------------------------------------------
Burner              |           dPqP        TtOut        Wfuel          FAR
DESIGN.burner       |         0.0540      2880.00       1.5599      0.02178
--------------------------------------------------------------------------------------------------------------------------------------
                            TURBINE PROPERTIES
--------------------------------------------------------------------------------------------------------------------------------------
Turbine       |             Wp           PR        eff_a        eff_p           Np          pwr        NpMap        PRmap     alphaMap
DESIGN.hpt    |         11.709        4.465        0.889        0.870      242.241    23946.830      100.000        6.000        1.000
DESIGN.lpt    |         50.593        7.089        0.900        0.874       88.586    23884.555      100.000        6.000        1.000
-------------------------------------------------------------------------------------------------------------------------
                            NOZZLE PROPERTIES
-------------------------------------------------------------------------------------------------------------------------
Nozzle        |             PR           Cv          Cfg          Ath         MNth        MNout            V           Fg
DESIGN.core_nozz|          2.183        0.993        N/A        593.657        1.000        1.000     1605.777     4951.584
DESIGN.byp_nozz|          2.310        0.994        N/A       2165.326        1.000        1.000     1042.808    19845.375
---------------------------------------------------------------------------------------------------------------------------
                            SHAFT PROPERTIES
---------------------------------------------------------------------------------------------------------------------------
Shaft               |                 Nmech               trqin              trqout               pwrin              pwrout
DESIGN.hp_shaft     |             13000.000            9674.722           -9573.720           23946.816          -23696.816
DESIGN.lp_shaft     |              4000.000           31361.077          -31361.077           23884.541          -23884.541
--------------------------------------------------------------------------------------------------------------------
                            BLEED PROPERTIES
--------------------------------------------------------------------------------------------------------------------
Bleed                 |         Wb/Win        Pfrac     Workfrac            W           Tt           ht           Pt
DESIGN.hpc.cool1      |          0.051        0.500        0.500        4.711     1147.471      147.902      194.030
DESIGN.hpc.cool2      |          0.020        0.550        0.500        1.884     1147.470      147.902      210.081
DESIGN.hpc.cust       |          0.044        0.500        0.500        4.134     1147.471      147.902      194.030
DESIGN.bld3.cool3     |          0.067        1.000        1.000        5.523     1516.789      243.565      354.540
DESIGN.bld3.cool4     |          0.061        1.000        1.000        5.034     1516.789      243.565      354.540
DESIGN.byp_bld.bypBld |          0.005        1.000        1.000        2.741      542.809       -0.390       11.201
