


----------------------------------------------------------------------------
                              POINT: DESIGN
----------------------------------------------------------------------------
                       PERFORMANCE CHARACTERISTICS
    Mach      Alt       W      Fn      Fg    Fram     OPR     TSFC      BPR 
 0.74000  28000.0 601.423 10000.0 23882.6 13882.6  36.845  0.57540    5.900
------------------------------------------------------------------------------------------------------------------------------------------------
                            FLOW STATIONS
------------------------------------------------------------------------------------------------------------------------------------------------
------------------------------------------------------------------------------------------------------------------------------------------------
Flow Station           |          tot:P        tot:T        tot:h        tot:S       stat:P       stat:W      stat:MN       stat:V    stat:area
------------------------------------------------------------------------------------------------------------------------------------------------
DESIGN.fc.Fl_O         |          6.873      464.798      -19.097        1.657        4.776      601.423        0.740      742.670     3788.392
DESIGN.inlet.Fl_O      |          6.867      464.798      -19.097        1.657        4.949      601.423        0.700      706.205     3885.294
DESIGN.fan.Fl_O        |         11.673      549.890        1.310        1.661       10.159      601.423        0.450      507.144     3291.507
DESIGN.splitter.Fl_O1  |         11.673      549.890        1.310        1.661       10.874       87.163        0.320      364.138      632.871
DESIGN.splitter.Fl_O2  |         11.673      549.890        1.310        1.661       10.034      514.260        0.470      528.754     2723.387
DESIGN.duct4.Fl_O      |         11.617      549.890        1.310        1.661       10.773       87.163        0.330      375.279      619.010
DESIGN.lpc.Fl_O        |         25.558      699.655       37.372        1.665       24.014       87.163        0.300      385.076      345.677
DESIGN.duct6.Fl_O      |         25.300      699.655       37.372        1.666       23.249       87.163        0.350      447.864      305.066
DESIGN.hpc.Fl_O        |        252.995     1381.953      208.139        1.678      244.853       77.097        0.220      393.113       58.549
DESIGN.bld3.Fl_O       |        252.995     1381.953      208.139        1.678      239.053       67.192        0.290      516.657       39.517
DESIGN.burner.Fl_O     |        239.334     2880.000      203.303        1.916      237.803       68.791        0.100      251.716      176.311
DESIGN.hpt.Fl_O        |         64.392     2101.130       23.446        1.909       59.469       78.695        0.350      753.834      193.092
DESIGN.duct11.Fl_O     |         64.064     2101.130       23.446        1.909       60.271       78.695        0.306      661.077      218.211
DESIGN.lpt.Fl_O        |         10.373     1377.418     -150.935        1.915        9.376       84.882        0.390      686.776      943.866
DESIGN.duct13.Fl_O     |         10.262     1377.418     -150.935        1.916        9.129       84.882        0.420      738.183      898.200
DESIGN.core_nozz.Fl_O  |         10.262     1377.418     -150.935        1.916        5.494       84.882        1.000     1651.598      584.462
DESIGN.byp_bld.Fl_O    |         11.673      549.890        1.310        1.661       10.034      511.689        0.470      528.754     2709.770
DESIGN.duct15.Fl_O     |         11.499      549.890        1.310        1.662        9.758      511.689        0.490      550.248     2667.679
DESIGN.byp_nozz.Fl_O   |         11.499      549.890        1.310        1.662        6.073      511.689        1.000     1049.585     1962.139
------------------------------------------------------------------------------------------------------------------------------------------------
-------------------------------------------------------------------------------------------------------------------------------------------------------------------------------------------------------
                          COMPRESSOR PROPERTIES
-------------------------------------------------------------------------------------------------------------------------------------------------------------------------------------------------------
Compressor    |           Wc         Pr      eta_a      eta_p         Nc        pwr   RlineMap      NcMap      WcMap      PRmap   alphaMap        SMN        SMW     effMap
-------------------------------------------------------------------------------------------------------------------------------------------------------------------------------------------------------
DESIGN.fan    |     1218.499      1.700      0.895      0.902   4225.456 -17364.621      2.200      0.990      1.685    803.556      0.000     36.641     29.886      0.895
DESIGN.lpc    |      113.533      2.200      0.924      0.932   3884.791  -4447.243      2.150      1.000      1.935     87.666      0.000     15.987     15.644      0.924
DESIGN.hpc    |       58.805     10.000      0.907      0.931  11193.009 -19843.408      2.050      0.976      9.374     49.454      0.000     22.598     22.468      0.871
-------------------------------------------------------------------------------------------------------------------------------------------------------------------------------------------------------
---------------------------------------------------------------------------
                            BURNER PROPERTIES
---------------------------------------------------------------------------
Burner              |           dPqP        TtOut        Wfuel          FAR
DESIGN.burner       |         0.0540      2880.00       1.5983      0.02379
--------------------------------------------------------------------------------------------------------------------------------------
                            TURBINE PROPERTIES
--------------------------------------------------------------------------------------------------------------------------------------
Turbine       |             Wp           PR        eff_a        eff_p           Np          pwr        NpMap        PRmap     alphaMap
DESIGN.hpt    |         15.425        3.717        0.889        0.873      242.241    20093.408      100.000        6.000        1.000
DESIGN.lpt    |         56.307        6.176        0.900        0.877       87.264    21811.864      100.000        6.000        1.000
-------------------------------------------------------------------------------------------------------------------------
                            NOZZLE PROPERTIES
-------------------------------------------------------------------------------------------------------------------------
Nozzle        |             PR           Cv          Cfg          Ath         MNth        MNout            V           Fg
DESIGN.core_nozz|          2.148        0.993        N/A        584.462        1.000        1.000     1651.598     4747.703
DESIGN.byp_nozz|          2.407        0.994        N/A       1962.139        1.000        1.000     1049.585    19134.898
---------------------------------------------------------------------------------------------------------------------------
                            SHAFT PROPERTIES
---------------------------------------------------------------------------------------------------------------------------
Shaft               |                 Nmech               trqin              trqout               pwrin              pwrout
DESIGN.hp_shaft     |             13000.000            8117.907           -8016.905           20093.396          -19843.396
DESIGN.lp_shaft     |              4000.000           28639.577          -28639.577           21811.851          -21811.851
--------------------------------------------------------------------------------------------------------------------
                            BLEED PROPERTIES
--------------------------------------------------------------------------------------------------------------------
Bleed                 |         Wb/Win        Pfrac     Workfrac            W           Tt           ht           Pt
DESIGN.hpc.cool1      |          0.051        0.500        0.500        4.420     1047.513      122.755      139.147
DESIGN.hpc.cool2      |          0.020        0.550        0.500        1.767     1047.513      122.755      150.532
DESIGN.hpc.cust       |          0.044        0.500        0.500        3.879     1047.513      122.755      139.147
DESIGN.bld3.cool3     |          0.067        1.000        1.000        5.182     1381.953      208.139      252.995
DESIGN.bld3.cool4     |          0.061        1.000        1.000        4.723     1381.953      208.139      252.995
DESIGN.byp_bld.bypBld |          0.005        1.000        1.000        2.571      549.890        1.310       11.673



----------------------------------------------------------------------------
                              POINT: OD_TOfail
----------------------------------------------------------------------------
                       PERFORMANCE CHARACTERISTICS
    Mach      Alt       W      Fn      Fg    Fram     OPR     TSFC      BPR 
 0.18000      0.0 1266.121 36527.5 44436.2  7908.8  39.946  0.42086    5.621
------------------------------------------------------------------------------------------------------------------------------------------------
                            FLOW STATIONS
------------------------------------------------------------------------------------------------------------------------------------------------
------------------------------------------------------------------------------------------------------------------------------------------------
Flow Station           |          tot:P        tot:T        tot:h        tot:S       stat:P       stat:W      stat:MN       stat:V    stat:area
------------------------------------------------------------------------------------------------------------------------------------------------
OD_TOfail.fc.Fl_O      |         15.032      522.033       -5.375        1.631       14.696     1266.121        0.180      200.974    11862.598
OD_TOfail.inlet.Fl_O   |         15.017      522.033       -5.375        1.631        5.309     1266.121        1.315     1269.574     3885.294
OD_TOfail.fan.Fl_O     |         26.117      624.620       19.273        1.637       22.705     1266.121        0.452      542.504     3291.507
OD_TOfail.splitter.Fl_O|         26.117      624.620       19.273        1.637       24.147      191.229        0.337      407.791      632.871
OD_TOfail.splitter.Fl_O|         26.117      624.620       19.273        1.637       22.487     1074.893        0.468      560.496     2723.387
OD_TOfail.duct4.Fl_O   |         25.991      624.620       19.273        1.637       23.911      191.229        0.347      420.432      619.010
OD_TOfail.lpc.Fl_O     |         58.932      809.067       63.925        1.643       55.193      191.229        0.308      424.736      345.677
OD_TOfail.duct6.Fl_O   |         58.337      809.067       63.925        1.644       53.362      191.229        0.360      494.499      305.066
OD_TOfail.hpc.Fl_O     |        599.859     1593.884      264.068        1.656      580.798      169.145        0.220      419.487       58.549
OD_TOfail.bld3.Fl_O    |        599.859     1593.884      264.068        1.656      567.226      147.415        0.289      551.271       39.517
OD_TOfail.burner.Fl_O  |        567.467     3330.000      256.634        1.908      567.420      151.685        0.011       30.638     1550.003
OD_TOfail.hpt.Fl_O     |        154.007     2457.580       48.588        1.899      142.313      173.415        0.351      812.567      193.092
OD_TOfail.duct11.Fl_O  |        153.222     2457.580       48.588        1.899      144.212      173.415        0.307      712.540      218.211
OD_TOfail.lpt.Fl_O     |         25.183     1638.529     -155.592        1.905       22.816      186.989        0.388      740.681      943.866
OD_TOfail.duct13.Fl_O  |         24.914     1638.529     -155.592        1.905       22.224      186.989        0.418      795.993      898.200
OD_TOfail.core_nozz.Fl_|         24.914     1638.529     -155.592        1.905       14.696      186.989        0.919     1668.084      584.462
OD_TOfail.byp_bld.Fl_O |         26.117      624.620       19.273        1.637       22.487     1069.518        0.468      560.496     2709.770
OD_TOfail.duct15.Fl_O  |         25.728      624.620       19.273        1.638       21.873     1069.518        0.487      583.207     2667.679
OD_TOfail.byp_nozz.Fl_O|         25.728      624.620       19.273        1.638       14.696     1069.518        0.931     1053.504     1962.139
------------------------------------------------------------------------------------------------------------------------------------------------
-------------------------------------------------------------------------------------------------------------------------------------------------------------------------------------------------------
                          COMPRESSOR PROPERTIES
-------------------------------------------------------------------------------------------------------------------------------------------------------------------------------------------------------
Compressor    |           Wc         Pr      eta_a      eta_p         Nc        pwr   RlineMap      NcMap      WcMap      PRmap   alphaMap        SMN        SMW     effMap
-------------------------------------------------------------------------------------------------------------------------------------------------------------------------------------------------------
OD_TOfail.fan |     1243.069      1.739      0.871      0.880   4487.638 -44153.675      2.359      1.051      1.723    819.759      0.000     34.264     28.945      0.870
OD_TOfail.lpc |      118.654      2.267      0.884      0.896   4102.596 -12080.997      3.125      1.056      1.987     91.621      0.000     17.447     17.251      0.884
OD_TOfail.hpc |       60.166     10.283      0.905      0.929  11258.831 -51024.232      2.088      0.982      9.637     50.599      0.000     21.904     21.790      0.869
-------------------------------------------------------------------------------------------------------------------------------------------------------------------------------------------------------
---------------------------------------------------------------------------
                            BURNER PROPERTIES
---------------------------------------------------------------------------
Burner              |           dPqP        TtOut        Wfuel          FAR
OD_TOfail.burner    |         0.0540      3330.00       4.2702      0.02897
--------------------------------------------------------------------------------------------------------------------------------------
                            TURBINE PROPERTIES
--------------------------------------------------------------------------------------------------------------------------------------
Turbine       |             Wp           PR        eff_a        eff_p           Np          pwr        NpMap        PRmap     alphaMap
OD_TOfail.hpt |         15.425        3.685        0.890        0.875      243.679    51274.232      100.594        5.941        1.000
OD_TOfail.lpt |         56.107        6.084        0.900        0.878       90.817    56234.672      104.072        5.911        1.000
-------------------------------------------------------------------------------------------------------------------------
                            NOZZLE PROPERTIES
-------------------------------------------------------------------------------------------------------------------------
Nozzle        |             PR           Cv          Cfg          Ath         MNth        MNout            V           Fg
OD_TOfail.core_nozz|          1.695        0.993        N/A        584.462        0.919        0.919     1668.084     9629.632
OD_TOfail.byp_nozz|          1.751        0.994        N/A       1962.139        0.931        0.931     1053.504    34806.616
---------------------------------------------------------------------------------------------------------------------------
                            SHAFT PROPERTIES
---------------------------------------------------------------------------------------------------------------------------
Shaft               |                 Nmech               trqin              trqout               pwrin              pwrout
OD_TOfail.hp_shaft  |             14061.766           19151.073          -19057.697           51274.202          -51024.202
OD_TOfail.lp_shaft  |              4502.162           65601.967          -65601.967           56234.639          -56234.639
-----------------------------------------------------------------------------------------------------------------------
                            BLEED PROPERTIES
-----------------------------------------------------------------------------------------------------------------------
Bleed                    |         Wb/Win        Pfrac     Workfrac            W           Tt           ht           Pt
OD_TOfail.hpc.cool1      |          0.051        0.500        0.500        9.697     1210.799      163.997      329.098
OD_TOfail.hpc.cool2      |          0.020        0.550        0.500        3.877     1210.799      163.997      356.174
OD_TOfail.hpc.cust       |          0.044        0.500        0.500        8.510     1210.799      163.997      329.098
OD_TOfail.bld3.cool3     |          0.067        1.000        1.000       11.369     1593.884      264.068      599.859
OD_TOfail.bld3.cool4     |          0.061        1.000        1.000       10.361     1593.884      264.068      599.859
OD_TOfail.byp_bld.bypBld |          0.005        1.000        1.000        5.374      624.620       19.273       26.117
