


----------------------------------------------------------------------------
                              POINT: DESIGN
----------------------------------------------------------------------------
                       PERFORMANCE CHARACTERISTICS
    Mach      Alt       W      Fn      Fg    Fram     OPR     TSFC      BPR 
 0.74000  28000.0 700.000 11984.0 28142.1 16158.0  33.968  0.57139    5.900
------------------------------------------------------------------------------------------------------------------------------------------------
                            FLOW STATIONS
------------------------------------------------------------------------------------------------------------------------------------------------
------------------------------------------------------------------------------------------------------------------------------------------------
Flow Station           |          tot:P        tot:T        tot:h        tot:S       stat:P       stat:W      stat:MN       stat:V    stat:area
------------------------------------------------------------------------------------------------------------------------------------------------
DESIGN.fc.Fl_O         |          6.873      464.798      -19.097        1.657        4.776      700.000        0.740      742.670     4409.333
DESIGN.inlet.Fl_O      |          6.867      464.798      -19.097        1.657        4.949      700.000        0.700      706.205     4522.118
DESIGN.fan.Fl_O        |         12.016      554.395        2.391        1.661       10.458      700.000        0.450      509.208     3736.835
DESIGN.splitter.Fl_O1  |         12.016      554.395        2.391        1.661       11.193      101.449        0.320      365.618      718.498
DESIGN.splitter.Fl_O2  |         12.016      554.395        2.391        1.661       10.329      598.551        0.470      530.906     3091.848
DESIGN.duct4.Fl_O      |         11.959      554.395        2.391        1.661       11.090      101.449        0.330      376.805      702.762
DESIGN.lpc.Fl_O        |         14.351      586.433       10.088        1.662       13.482      101.449        0.300      352.893      655.353
DESIGN.duct6.Fl_O      |         14.206      586.433       10.088        1.663       13.052      101.449        0.350      410.413      578.387
DESIGN.hpc.Fl_O        |        233.243     1345.674      198.704        1.676      225.725       89.734        0.220      388.216       72.884
DESIGN.bld3.Fl_O       |        233.243     1345.674      198.704        1.676      220.370       78.206        0.290      510.211       49.193
DESIGN.burner.Fl_O     |        220.648     2880.000      193.985        1.922      219.237       80.108        0.100      251.685      222.731
DESIGN.hpt.Fl_O        |         51.605     2033.685       -4.427        1.915       47.654       91.636        0.350      742.206      275.801
DESIGN.duct11.Fl_O     |         51.342     2033.685       -4.427        1.915       48.298       91.636        0.306      650.888      311.677
DESIGN.lpt.Fl_O        |         10.129     1385.746     -156.586        1.919        9.156       98.837        0.390      688.670     1129.210
DESIGN.duct13.Fl_O     |         10.020     1385.746     -156.586        1.919        8.915       98.837        0.420      740.222     1074.573
DESIGN.core_nozz.Fl_O  |         10.020     1385.746     -156.586        1.919        5.366       98.837        1.000     1656.389      699.187
DESIGN.byp_bld.Fl_O    |         12.016      554.395        2.391        1.661       10.329      595.558        0.470      530.906     3076.389
DESIGN.duct15.Fl_O     |         11.837      554.395        2.391        1.662       10.045      595.558        0.490      552.488     3028.602
DESIGN.byp_nozz.Fl_O   |         11.837      554.395        2.391        1.662        6.252      595.558        1.000     1053.875     2227.591
------------------------------------------------------------------------------------------------------------------------------------------------
-------------------------------------------------------------------------------------------------------------------------------------------------------------------------------------------------------
                          COMPRESSOR PROPERTIES
-------------------------------------------------------------------------------------------------------------------------------------------------------------------------------------------------------
Compressor    |           Wc         Pr      eta_a      eta_p         Nc        pwr   RlineMap      NcMap      WcMap      PRmap   alphaMap        SMN        SMW     effMap
-------------------------------------------------------------------------------------------------------------------------------------------------------------------------------------------------------
DESIGN.fan    |     1418.218      1.750      0.900      0.908   5281.820 -21281.991      2.200      0.990      1.685    803.556      0.000     36.641     29.886      0.895
DESIGN.lpc    |      128.891      1.200      0.924      0.926   4836.218  -1104.667      2.150      1.000      1.935     87.666      0.000     15.987     15.644      0.924
DESIGN.hpc    |      111.596     16.419      0.907      0.935  12225.867 -25509.919      2.050      0.976      9.374     49.454      0.000     22.598     22.468      0.871
-------------------------------------------------------------------------------------------------------------------------------------------------------------------------------------------------------
---------------------------------------------------------------------------
                            BURNER PROPERTIES
---------------------------------------------------------------------------
Burner              |           dPqP        TtOut        Wfuel          FAR
DESIGN.burner       |         0.0540      2880.00       1.9021      0.02432
--------------------------------------------------------------------------------------------------------------------------------------
                            TURBINE PROPERTIES
--------------------------------------------------------------------------------------------------------------------------------------
Turbine       |             Wp           PR        eff_a        eff_p           Np          pwr        NpMap        PRmap     alphaMap
DESIGN.hpt    |         19.484        4.276        0.900        0.884      242.241    25801.375      100.000        6.000        1.000
DESIGN.lpt    |         80.488        5.069        0.900        0.880      110.874    22386.658      100.000        6.000        1.000
-------------------------------------------------------------------------------------------------------------------------
                            NOZZLE PROPERTIES
-------------------------------------------------------------------------------------------------------------------------
Nozzle        |             PR           Cv          Cfg          Ath         MNth        MNout            V           Fg
DESIGN.core_nozz|          2.098        0.993        N/A        699.187        1.000        1.000     1656.389     5466.751
DESIGN.byp_nozz|          2.478        0.994        N/A       2227.591        1.000        1.000     1053.875    22675.333
---------------------------------------------------------------------------------------------------------------------------
                            SHAFT PROPERTIES
---------------------------------------------------------------------------------------------------------------------------
Shaft               |                 Nmech               trqin              trqout               pwrin              pwrout
DESIGN.hp_shaft     |             13000.000           10423.974          -10306.223           25801.359          -25509.903
DESIGN.lp_shaft     |              5000.000           23515.438          -23515.438           22386.645          -22386.645
--------------------------------------------------------------------------------------------------------------------
                            BLEED PROPERTIES
--------------------------------------------------------------------------------------------------------------------
Bleed                 |         Wb/Win        Pfrac     Workfrac            W           Tt           ht           Pt
DESIGN.hpc.cool1      |          0.051        0.500        0.500        5.144      973.765      104.396      123.724
DESIGN.hpc.cool2      |          0.020        0.550        0.500        2.057      973.765      104.396      134.676
DESIGN.hpc.cust       |          0.044        0.500        0.500        4.514      973.765      104.396      123.724
DESIGN.bld3.cool3     |          0.067        1.000        1.000        6.031     1345.674      198.704      233.243
DESIGN.bld3.cool4     |          0.061        1.000        1.000        5.497     1345.674      198.704      233.243
DESIGN.byp_bld.bypBld |          0.005        1.000        1.000        2.993      554.395        2.391       12.016



----------------------------------------------------------------------------
                              POINT: OD_TOfail
----------------------------------------------------------------------------
                       PERFORMANCE CHARACTERISTICS
    Mach      Alt       W      Fn      Fg    Fram     OPR     TSFC      BPR 
 0.18000      0.0 1501.722 46005.6 55386.1  9380.5  39.238  0.43543    5.426
------------------------------------------------------------------------------------------------------------------------------------------------
                            FLOW STATIONS
------------------------------------------------------------------------------------------------------------------------------------------------
------------------------------------------------------------------------------------------------------------------------------------------------
Flow Station           |          tot:P        tot:T        tot:h        tot:S       stat:P       stat:W      stat:MN       stat:V    stat:area
------------------------------------------------------------------------------------------------------------------------------------------------
OD_TOfail.fc.Fl_O      |         15.032      522.033       -5.375        1.631       14.696     1501.722        0.180      200.974    14069.998
OD_TOfail.inlet.Fl_O   |         15.017      522.033       -5.375        1.631       10.157     1501.722        0.769      814.280     4522.118
OD_TOfail.fan.Fl_O     |         27.324      637.470       22.367        1.638       23.679     1501.722        0.457      554.141     3736.835
OD_TOfail.splitter.Fl_O|         27.324      637.470       22.367        1.638       25.081      233.689        0.352      430.417      718.498
OD_TOfail.splitter.Fl_O|         27.324      637.470       22.367        1.638       23.496     1268.032        0.470      568.670     3091.848
OD_TOfail.duct4.Fl_O   |         27.193      637.470       22.367        1.639       24.822      233.689        0.364      443.931      702.762
OD_TOfail.lpc.Fl_O     |         34.142      685.656       33.989        1.641       31.861      233.689        0.316      401.452      655.353
OD_TOfail.duct6.Fl_O   |         33.797      685.656       33.989        1.641       30.758      233.689        0.370      467.844      578.387
OD_TOfail.hpc.Fl_O     |        589.235     1582.873      261.129        1.656      570.670      206.702        0.219      416.245       72.884
OD_TOfail.bld3.Fl_O    |        589.235     1582.873      261.129        1.656      557.460      180.147        0.288      546.904       49.193
OD_TOfail.burner.Fl_O  |        557.417     3420.000      253.305        1.919      557.343      185.712        0.014       39.221     1550.003
OD_TOfail.hpt.Fl_O     |        132.319     2453.213       17.827        1.910      122.347      212.267        0.349      808.679      275.801
OD_TOfail.duct11.Fl_O  |        131.644     2453.213       17.827        1.911      123.960      212.267        0.306      709.220      311.677
OD_TOfail.lpt.Fl_O     |         26.153     1698.760     -166.680        1.913       23.677      228.855        0.390      757.025     1129.210
OD_TOfail.duct13.Fl_O  |         25.874     1698.760     -166.680        1.914       23.059      228.855        0.420      813.683     1074.573
OD_TOfail.core_nozz.Fl_|         25.874     1698.760     -166.680        1.914       14.696      228.855        0.954     1754.695      699.187
OD_TOfail.byp_bld.Fl_O |         27.324      637.470       22.367        1.638       23.496     1261.692        0.470      568.670     3076.389
OD_TOfail.duct15.Fl_O  |         26.917      637.470       22.367        1.639       22.851     1261.692        0.490      591.777     3028.602
OD_TOfail.byp_nozz.Fl_O|         26.917      637.470       22.367        1.639       14.696     1261.692        0.971     1102.965     2227.591
------------------------------------------------------------------------------------------------------------------------------------------------
-------------------------------------------------------------------------------------------------------------------------------------------------------------------------------------------------------
                          COMPRESSOR PROPERTIES
-------------------------------------------------------------------------------------------------------------------------------------------------------------------------------------------------------
Compressor    |           Wc         Pr      eta_a      eta_p         Nc        pwr   RlineMap      NcMap      WcMap      PRmap   alphaMap        SMN        SMW     effMap
-------------------------------------------------------------------------------------------------------------------------------------------------------------------------------------------------------
OD_TOfail.fan |     1474.380      1.820      0.842      0.855   5964.385 -58944.512      2.610      1.118      1.749    835.377      0.000     32.902     28.933      0.837
OD_TOfail.lpc |      140.010      1.256      0.884      0.888   5397.400  -3842.661      6.452      1.116      2.195     95.229      0.000     10.096     10.018      0.884
OD_TOfail.hpc |      116.833     17.435      0.903      0.932  12371.951 -70764.361      2.123      0.988      9.926     51.774      0.000     21.003     20.906      0.867
-------------------------------------------------------------------------------------------------------------------------------------------------------------------------------------------------------
---------------------------------------------------------------------------
                            BURNER PROPERTIES
---------------------------------------------------------------------------
Burner              |           dPqP        TtOut        Wfuel          FAR
OD_TOfail.burner    |         0.0540      3420.00       5.5645      0.03089
--------------------------------------------------------------------------------------------------------------------------------------
                            TURBINE PROPERTIES
--------------------------------------------------------------------------------------------------------------------------------------
Turbine       |             Wp           PR        eff_a        eff_p           Np          pwr        NpMap        PRmap     alphaMap
OD_TOfail.hpt |         19.484        4.213        0.901        0.886      243.239    71014.361      100.412        5.904        1.000
OD_TOfail.lpt |         79.864        5.034        0.900        0.881      120.810    62787.172      108.962        5.956        1.000
-------------------------------------------------------------------------------------------------------------------------
                            NOZZLE PROPERTIES
-------------------------------------------------------------------------------------------------------------------------
Nozzle        |             PR           Cv          Cfg          Ath         MNth        MNout            V           Fg
OD_TOfail.core_nozz|          1.761        0.993        N/A        699.187        0.954        0.954     1754.695    12397.581
OD_TOfail.byp_nozz|          1.832        0.994        N/A       2227.591        0.971        0.971     1102.965    42988.533
---------------------------------------------------------------------------------------------------------------------------
                            SHAFT PROPERTIES
---------------------------------------------------------------------------------------------------------------------------
Shaft               |                 Nmech               trqin              trqout               pwrin              pwrout
OD_TOfail.hp_shaft  |             14224.790           26220.087          -26127.782           71014.319          -70764.319
OD_TOfail.lp_shaft  |              5983.688           55110.686          -55110.686           62787.135          -62787.135
-----------------------------------------------------------------------------------------------------------------------
                            BLEED PROPERTIES
-----------------------------------------------------------------------------------------------------------------------
Bleed                    |         Wb/Win        Pfrac     Workfrac            W           Tt           ht           Pt
OD_TOfail.hpc.cool1      |          0.051        0.500        0.500       11.850     1146.117      147.559      311.516
OD_TOfail.hpc.cool2      |          0.020        0.550        0.500        4.738     1146.117      147.559      339.288
OD_TOfail.hpc.cust       |          0.044        0.500        0.500       10.399     1146.117      147.559      311.516
OD_TOfail.bld3.cool3     |          0.067        1.000        1.000       13.893     1582.873      261.129      589.235
OD_TOfail.bld3.cool4     |          0.061        1.000        1.000       12.662     1582.873      261.129      589.235
OD_TOfail.byp_bld.bypBld |          0.005        1.000        1.000        6.340      637.470       22.367       27.324



----------------------------------------------------------------------------
                              POINT: OD_TOC
----------------------------------------------------------------------------
                       PERFORMANCE CHARACTERISTICS
    Mach      Alt       W      Fn      Fg    Fram     OPR     TSFC      BPR 
 0.74000  28000.0 700.276 12000.0 28164.4 16164.4  34.015  0.57089    5.892
------------------------------------------------------------------------------------------------------------------------------------------------
                            FLOW STATIONS
------------------------------------------------------------------------------------------------------------------------------------------------
------------------------------------------------------------------------------------------------------------------------------------------------
Flow Station           |          tot:P        tot:T        tot:h        tot:S       stat:P       stat:W      stat:MN       stat:V    stat:area
------------------------------------------------------------------------------------------------------------------------------------------------
OD_TOC.fc.Fl_O         |          6.873      464.798      -19.097        1.657        4.776      700.276        0.740      742.670     4411.074
OD_TOC.inlet.Fl_O      |          6.867      464.798      -19.097        1.657        2.280      700.276        1.360     1228.179     4522.118
OD_TOC.fan.Fl_O        |         12.020      554.506        2.418        1.661       10.460      700.276        0.450      509.381     3736.835
OD_TOC.splitter.Fl_O1  |         12.020      554.506        2.418        1.661       11.195      101.604        0.320      366.192      718.498
OD_TOC.splitter.Fl_O2  |         12.020      554.506        2.418        1.661       10.332      598.673        0.470      530.960     3091.848
OD_TOC.duct4.Fl_O      |         11.962      554.506        2.418        1.661       11.091      101.604        0.330      377.401      702.762
OD_TOC.lpc.Fl_O        |         14.337      586.373       10.073        1.662       13.465      101.604        0.301      353.803      655.353
OD_TOC.duct6.Fl_O      |         14.193      586.373       10.073        1.663       13.034      101.604        0.351      411.511      578.387
OD_TOC.hpc.Fl_O        |        233.565     1346.639      198.954        1.677      226.029       89.870        0.220      388.559       72.884
OD_TOC.bld3.Fl_O       |        233.565     1346.639      198.954        1.677      220.661       78.325        0.290      510.673       49.193
OD_TOC.burner.Fl_O     |        220.953     2879.347      194.235        1.922      220.924       80.228        0.014       35.986     1550.003
OD_TOC.hpt.Fl_O        |         51.683     2033.288       -4.136        1.915       47.726       91.773        0.350      742.055      275.801
OD_TOC.duct11.Fl_O     |         51.419     2033.288       -4.136        1.915       48.371       91.773        0.306      650.758      311.677
OD_TOC.lpt.Fl_O        |         10.143     1385.439     -156.286        1.919        9.168       98.985        0.390      688.599     1129.210
OD_TOC.duct13.Fl_O     |         10.034     1385.439     -156.286        1.919        8.927       98.985        0.420      740.145     1074.573
OD_TOC.core_nozz.Fl_O  |         10.034     1385.439     -156.286        1.919        5.374       98.985        1.000     1656.214      699.187
OD_TOC.byp_bld.Fl_O    |         12.020      554.506        2.418        1.661       10.332      595.679        0.470      530.960     3076.389
OD_TOC.duct15.Fl_O     |         11.841      554.506        2.418        1.662       10.048      595.679        0.490      552.544     3028.602
OD_TOC.byp_nozz.Fl_O   |         11.841      554.506        2.418        1.662        6.254      595.679        1.000     1053.981     2227.591
------------------------------------------------------------------------------------------------------------------------------------------------
-------------------------------------------------------------------------------------------------------------------------------------------------------------------------------------------------------
                          COMPRESSOR PROPERTIES
-------------------------------------------------------------------------------------------------------------------------------------------------------------------------------------------------------
Compressor    |           Wc         Pr      eta_a      eta_p         Nc        pwr   RlineMap      NcMap      WcMap      PRmap   alphaMap        SMN        SMW     effMap
-------------------------------------------------------------------------------------------------------------------------------------------------------------------------------------------------------
OD_TOC.fan    |     1418.778      1.751      0.899      0.907   5286.880 -21316.857      2.203      0.991      1.686    803.874      0.000     36.608     29.888      0.894
OD_TOC.lpc    |      129.061      1.199      0.923      0.925   4840.366  -1100.422      2.194      1.001      1.928     87.782      0.000     16.544     16.197      0.923
OD_TOC.hpc    |      111.863     16.457      0.907      0.935  12233.178 -25584.672      2.056      0.977      9.395     49.572      0.000     22.611     22.483      0.870
-------------------------------------------------------------------------------------------------------------------------------------------------------------------------------------------------------
---------------------------------------------------------------------------
                            BURNER PROPERTIES
---------------------------------------------------------------------------
Burner              |           dPqP        TtOut        Wfuel          FAR
OD_TOC.burner       |         0.0540      2879.35       1.9030      0.02430
--------------------------------------------------------------------------------------------------------------------------------------
                            TURBINE PROPERTIES
--------------------------------------------------------------------------------------------------------------------------------------
Turbine       |             Wp           PR        eff_a        eff_p           Np          pwr        NpMap        PRmap     alphaMap
OD_TOC.hpt    |         19.484        4.275        0.900        0.884      242.401    25834.672      100.066        5.999        1.000
OD_TOC.lpt    |         80.481        5.070        0.900        0.880      110.991    22417.278      100.106        6.001        1.000
-------------------------------------------------------------------------------------------------------------------------
                            NOZZLE PROPERTIES
-------------------------------------------------------------------------------------------------------------------------
Nozzle        |             PR           Cv          Cfg          Ath         MNth        MNout            V           Fg
OD_TOC.core_nozz|          2.101        0.993        N/A        699.187        1.000        1.000     1656.214     5478.954
OD_TOC.byp_nozz|          2.479        0.994        N/A       2227.591        1.000        1.000     1053.981    22685.471
---------------------------------------------------------------------------------------------------------------------------
                            SHAFT PROPERTIES
---------------------------------------------------------------------------------------------------------------------------
Shaft               |                 Nmech               trqin              trqout               pwrin              pwrout
OD_TOC.hp_shaft     |             13007.104           10431.725          -10330.778           25834.656          -25584.656
OD_TOC.lp_shaft     |              5004.790           23525.064          -23525.064           22417.265          -22417.265
--------------------------------------------------------------------------------------------------------------------
                            BLEED PROPERTIES
--------------------------------------------------------------------------------------------------------------------
Bleed                 |         Wb/Win        Pfrac     Workfrac            W           Tt           ht           Pt
OD_TOC.hpc.cool1      |          0.051        0.500        0.500        5.152      974.241      104.514      123.879
OD_TOC.hpc.cool2      |          0.020        0.550        0.500        2.060      974.241      104.514      134.848
OD_TOC.hpc.cust       |          0.044        0.500        0.500        4.521      974.241      104.514      123.879
OD_TOC.bld3.cool3     |          0.067        1.000        1.000        6.041     1346.639      198.954      233.565
OD_TOC.bld3.cool4     |          0.061        1.000        1.000        5.505     1346.639      198.954      233.565
OD_TOC.byp_bld.bypBld |          0.005        1.000        1.000        2.993      554.506        2.418       12.020
