


----------------------------------------------------------------------------
                              POINT: DESIGN
----------------------------------------------------------------------------
                       PERFORMANCE CHARACTERISTICS
    Mach      Alt       W      Fn      Fg    Fram     OPR     TSFC      BPR 
 0.74000  28000.0 641.434 10000.0 24806.2 14806.2  42.115  0.59427    5.900
------------------------------------------------------------------------------------------------------------------------------------------------
                            FLOW STATIONS
------------------------------------------------------------------------------------------------------------------------------------------------
------------------------------------------------------------------------------------------------------------------------------------------------
Flow Station           |          tot:P        tot:T        tot:h        tot:S       stat:P       stat:W      stat:MN       stat:V    stat:area
------------------------------------------------------------------------------------------------------------------------------------------------
DESIGN.fc.Fl_O         |          6.873      464.798      -19.097        1.657        4.776      641.434        0.740      742.670     4040.420
DESIGN.inlet.Fl_O      |          6.867      464.798      -19.097        1.657        4.949      641.434        0.700      706.205     4143.769
DESIGN.fan.Fl_O        |         10.300      528.655       -3.786        1.660        8.963      641.434        0.450      497.295     3900.647
DESIGN.splitter.Fl_O1  |         10.300      528.655       -3.786        1.660        9.594       92.961        0.320      357.072      749.982
DESIGN.splitter.Fl_O2  |         10.300      528.655       -3.786        1.660        8.853      548.472        0.470      518.484     3227.395
DESIGN.duct4.Fl_O      |         10.250      528.655       -3.786        1.661        9.506       92.961        0.330      367.997      733.558
DESIGN.lpc.Fl_O        |         30.751      738.630       46.805        1.666       28.896       92.961        0.300      395.472      314.975
DESIGN.duct6.Fl_O      |         30.441      738.630       46.805        1.666       27.976       92.961        0.350      459.964      277.966
DESIGN.hpc.Fl_O        |        289.186     1432.752      221.420        1.678      279.898       82.226        0.220      399.854       55.683
DESIGN.bld3.Fl_O       |        289.186     1432.752      221.420        1.678      273.282       71.662        0.290      525.530       37.581
DESIGN.burner.Fl_O     |        273.570     2880.000      216.434        1.906      271.820       73.313        0.100      251.761      164.358
DESIGN.hpt.Fl_O        |         71.254     2092.128       32.603        1.900       65.804       83.877        0.350      752.418      185.537
DESIGN.duct11.Fl_O     |         70.891     2092.128       32.603        1.900       66.691       83.877        0.306      659.839      209.673
DESIGN.lpt.Fl_O        |         14.777     1449.229     -120.522        1.904       13.360       90.475        0.390      703.561      725.297
DESIGN.duct13.Fl_O     |         14.619     1449.229     -120.522        1.905       13.009       90.475        0.420      756.240      690.194
DESIGN.core_nozz.Fl_O  |         14.619     1449.229     -120.522        1.905        7.837       90.475        1.000     1693.167      448.981
DESIGN.byp_bld.Fl_O    |         10.300      528.655       -3.786        1.660        8.853      545.730        0.470      518.484     3211.258
DESIGN.duct15.Fl_O     |         10.146      528.655       -3.786        1.661        8.610      545.730        0.490      539.559     3161.384
DESIGN.byp_nozz.Fl_O   |         10.146      528.655       -3.786        1.661        5.358      545.730        1.000     1029.124     2325.340
------------------------------------------------------------------------------------------------------------------------------------------------
-------------------------------------------------------------------------------------------------------------------------------------------------------------------------------------------------------
                          COMPRESSOR PROPERTIES
-------------------------------------------------------------------------------------------------------------------------------------------------------------------------------------------------------
Compressor    |           Wc         Pr      eta_a      eta_p         Nc        pwr   RlineMap      NcMap      WcMap      PRmap   alphaMap        SMN        SMW     effMap
-------------------------------------------------------------------------------------------------------------------------------------------------------------------------------------------------------
DESIGN.fan    |     1299.561      1.500      0.895      0.901   4225.456 -13894.943      2.200      0.990      1.685    803.556      0.000     36.641     29.886      0.895
DESIGN.lpc    |      134.555      3.000      0.924      0.935   3962.043  -6654.153      2.150      1.000      1.935     87.666      0.000     15.987     15.644      0.924
DESIGN.hpc    |       53.557      9.500      0.907      0.930  10893.701 -21640.324      2.050      0.976      9.374     49.454      0.000     22.598     22.468      0.871
-------------------------------------------------------------------------------------------------------------------------------------------------------------------------------------------------------
---------------------------------------------------------------------------
                            BURNER PROPERTIES
---------------------------------------------------------------------------
Burner              |           dPqP        TtOut        Wfuel          FAR
DESIGN.burner       |         0.0540      2880.00       1.6508      0.02304
--------------------------------------------------------------------------------------------------------------------------------------
                            TURBINE PROPERTIES
--------------------------------------------------------------------------------------------------------------------------------------
Turbine       |             Wp           PR        eff_a        eff_p           Np          pwr        NpMap        PRmap     alphaMap
DESIGN.hpt    |         14.382        3.839        0.889        0.872      242.241    21890.325      100.000        6.000        1.000
DESIGN.lpt    |         54.119        4.797        0.900        0.880       87.451    20549.096      100.000        6.000        1.000
-------------------------------------------------------------------------------------------------------------------------
                            NOZZLE PROPERTIES
-------------------------------------------------------------------------------------------------------------------------
Nozzle        |             PR           Cv          Cfg          Ath         MNth        MNout            V           Fg
DESIGN.core_nozz|          3.061        0.993        N/A        448.981        1.000        1.000     1693.167     6103.352
DESIGN.byp_nozz|          2.124        0.994        N/A       2325.340        1.000        1.000     1029.124    18702.808
---------------------------------------------------------------------------------------------------------------------------
                            SHAFT PROPERTIES
---------------------------------------------------------------------------------------------------------------------------
Shaft               |                 Nmech               trqin              trqout               pwrin              pwrout
DESIGN.hp_shaft     |             13000.000            8843.876           -8742.874           21890.312          -21640.312
DESIGN.lp_shaft     |              4000.000           26981.529          -26981.528           20549.084          -20549.084
--------------------------------------------------------------------------------------------------------------------
                            BLEED PROPERTIES
--------------------------------------------------------------------------------------------------------------------
Bleed                 |         Wb/Win        Pfrac     Workfrac            W           Tt           ht           Pt
DESIGN.hpc.cool1      |          0.051        0.500        0.500        4.714     1092.811      134.113      159.813
DESIGN.hpc.cool2      |          0.020        0.550        0.500        1.885     1092.811      134.113      172.750
DESIGN.hpc.cust       |          0.044        0.500        0.500        4.137     1092.811      134.113      159.813
DESIGN.bld3.cool3     |          0.067        1.000        1.000        5.527     1432.752      221.420      289.186
DESIGN.bld3.cool4     |          0.061        1.000        1.000        5.037     1432.752      221.420      289.186
DESIGN.byp_bld.bypBld |          0.005        1.000        1.000        2.742      528.655       -3.786       10.300



----------------------------------------------------------------------------
                              POINT: OD_TOfail
----------------------------------------------------------------------------
                       PERFORMANCE CHARACTERISTICS
    Mach      Alt       W      Fn      Fg    Fram     OPR     TSFC      BPR 
 0.18000      0.0 1338.205 37297.8 45656.9  8359.1  45.454  0.42590    5.591
------------------------------------------------------------------------------------------------------------------------------------------------
                            FLOW STATIONS
------------------------------------------------------------------------------------------------------------------------------------------------
------------------------------------------------------------------------------------------------------------------------------------------------
Flow Station           |          tot:P        tot:T        tot:h        tot:S       stat:P       stat:W      stat:MN       stat:V    stat:area
------------------------------------------------------------------------------------------------------------------------------------------------
OD_TOfail.fc.Fl_O      |         15.032      522.033       -5.375        1.631       14.696     1338.205        0.180      200.974    12537.973
OD_TOfail.inlet.Fl_O   |         15.017      522.033       -5.375        1.631       10.657     1338.205        0.717      765.140     4143.769
OD_TOfail.fan.Fl_O     |         23.364      600.624       13.499        1.635       20.472     1338.205        0.439      517.144     3900.647
OD_TOfail.splitter.Fl_O|         23.364      600.624       13.499        1.635       21.671      203.033        0.330      391.812      749.982
OD_TOfail.splitter.Fl_O|         23.364      600.624       13.499        1.635       20.295     1135.172        0.453      533.484     3227.395
OD_TOfail.duct4.Fl_O   |         23.252      600.624       13.499        1.635       21.464      203.033        0.340      403.890      733.558
OD_TOfail.lpc.Fl_O     |         69.381      844.952       72.686        1.643       64.869      203.033        0.312      439.587      314.975
OD_TOfail.duct6.Fl_O   |         68.680      844.952       72.686        1.643       62.671      203.033        0.365      512.074      277.966
OD_TOfail.hpc.Fl_O     |        682.574     1643.853      277.450        1.656      661.046      179.586        0.219      424.402       55.683
OD_TOfail.bld3.Fl_O    |        682.574     1643.853      277.450        1.656      645.722      156.515        0.288      557.682       37.581
OD_TOfail.burner.Fl_O  |        645.715     3330.000      269.842        1.898      645.668      160.928        0.011       28.565     1550.003
OD_TOfail.hpt.Fl_O     |        169.245     2445.760       56.936        1.891      156.325      183.999        0.352      812.797      185.537
OD_TOfail.duct11.Fl_O  |        168.381     2445.760       56.936        1.891      158.429      183.999        0.308      712.691      209.673
OD_TOfail.lpt.Fl_O     |         35.430     1717.193     -122.349        1.894       32.062      198.411        0.391      762.683      725.297
OD_TOfail.duct13.Fl_O  |         35.051     1717.193     -122.349        1.895       31.223      198.411        0.421      819.824      690.194
OD_TOfail.core_nozz.Fl_|         35.051     1717.193     -122.349        1.895       18.894      198.411        1.000     1838.053      448.981
OD_TOfail.byp_bld.Fl_O |         23.364      600.624       13.499        1.635       20.295     1129.496        0.453      533.484     3211.258
OD_TOfail.duct15.Fl_O  |         23.016      600.624       13.499        1.636       19.761     1129.496        0.472      554.707     3161.384
OD_TOfail.byp_nozz.Fl_O|         23.016      600.624       13.499        1.636       14.696     1129.496        0.827      931.829     2325.340
------------------------------------------------------------------------------------------------------------------------------------------------
-------------------------------------------------------------------------------------------------------------------------------------------------------------------------------------------------------
                          COMPRESSOR PROPERTIES
-------------------------------------------------------------------------------------------------------------------------------------------------------------------------------------------------------
Compressor    |           Wc         Pr      eta_a      eta_p         Nc        pwr   RlineMap      NcMap      WcMap      PRmap   alphaMap        SMN        SMW     effMap
-------------------------------------------------------------------------------------------------------------------------------------------------------------------------------------------------------
OD_TOfail.fan |     1313.841      1.556      0.893      0.900   4380.945 -35735.990      2.105      1.026      1.762    812.386      0.000     30.873     25.280      0.893
OD_TOfail.lpc |      138.089      2.984      0.892      0.907   4084.278 -17002.156      2.736      1.031      1.927     89.968      0.000     19.173     18.906      0.892
OD_TOfail.hpc |       55.450      9.938      0.904      0.928  10992.006 -55424.468      2.096      0.985      9.806     51.202      0.000     21.176     21.071      0.868
-------------------------------------------------------------------------------------------------------------------------------------------------------------------------------------------------------
---------------------------------------------------------------------------
                            BURNER PROPERTIES
---------------------------------------------------------------------------
Burner              |           dPqP        TtOut        Wfuel          FAR
OD_TOfail.burner    |         0.0540      3330.00       4.4125      0.02819
--------------------------------------------------------------------------------------------------------------------------------------
                            TURBINE PROPERTIES
--------------------------------------------------------------------------------------------------------------------------------------
Turbine       |             Wp           PR        eff_a        eff_p           Np          pwr        NpMap        PRmap     alphaMap
OD_TOfail.hpt |         14.382        3.815        0.890        0.874      243.123    55674.469      100.364        5.958        1.000
OD_TOfail.lpt |         54.042        4.752        0.900        0.881       88.872    52738.146      101.624        5.941        1.000
-------------------------------------------------------------------------------------------------------------------------
                            NOZZLE PROPERTIES
-------------------------------------------------------------------------------------------------------------------------
Nozzle        |             PR           Cv          Cfg          Ath         MNth        MNout            V           Fg
OD_TOfail.core_nozz|          2.385        0.993        N/A        448.981        1.000        1.000     1838.053    13143.761
OD_TOfail.byp_nozz|          1.566        0.994        N/A       2325.340        0.827        0.827      931.829    32513.114
---------------------------------------------------------------------------------------------------------------------------
                            SHAFT PROPERTIES
---------------------------------------------------------------------------------------------------------------------------
Shaft               |                 Nmech               trqin              trqout               pwrin              pwrout
OD_TOfail.hp_shaft  |             14029.673           20842.142          -20748.553           55674.435          -55424.435
OD_TOfail.lp_shaft  |              4395.123           63021.337          -63021.337           52738.115          -52738.115
-----------------------------------------------------------------------------------------------------------------------
                            BLEED PROPERTIES
-----------------------------------------------------------------------------------------------------------------------
Bleed                    |         Wb/Win        Pfrac     Workfrac            W           Tt           ht           Pt
OD_TOfail.hpc.cool1      |          0.051        0.500        0.500       10.295     1254.071      175.068      375.627
OD_TOfail.hpc.cool2      |          0.020        0.550        0.500        4.116     1254.071      175.068      406.321
OD_TOfail.hpc.cust       |          0.044        0.500        0.500        9.035     1254.071      175.068      375.627
OD_TOfail.bld3.cool3     |          0.067        1.000        1.000       12.071     1643.853      277.450      682.574
OD_TOfail.bld3.cool4     |          0.061        1.000        1.000       11.001     1643.853      277.450      682.574
OD_TOfail.byp_bld.bypBld |          0.005        1.000        1.000        5.676      600.624       13.499       23.364
