


----------------------------------------------------------------------------
                              POINT: DESIGN
----------------------------------------------------------------------------
                       PERFORMANCE CHARACTERISTICS
    Mach      Alt       W      Fn      Fg    Fram     OPR     TSFC      BPR 
 0.74000  28000.0 607.276 10041.9 24059.6 14017.7  41.654  0.56124    5.900
------------------------------------------------------------------------------------------------------------------------------------------------
                            FLOW STATIONS
------------------------------------------------------------------------------------------------------------------------------------------------
------------------------------------------------------------------------------------------------------------------------------------------------
Flow Station           |          tot:P        tot:T        tot:h        tot:S       stat:P       stat:W      stat:MN       stat:V    stat:area
------------------------------------------------------------------------------------------------------------------------------------------------
DESIGN.fc.Fl_O         |          6.873      464.798      -19.097        1.657        4.776      607.276        0.740      742.670     3825.263
DESIGN.inlet.Fl_O      |          6.867      464.798      -19.097        1.657        4.949      607.276        0.700      706.205     3923.108
DESIGN.fan.Fl_O        |         12.360      559.290        3.567        1.661       10.756      607.276        0.450      511.440     3165.746
DESIGN.splitter.Fl_O1  |         12.360      559.290        3.567        1.661       11.513       88.011        0.320      367.219      608.694
DESIGN.splitter.Fl_O2  |         12.360      559.290        3.567        1.661       10.624      519.265        0.470      533.234     2619.329
DESIGN.duct4.Fl_O      |         12.300      559.290        3.567        1.662       11.407       88.011        0.330      378.456      595.363
DESIGN.lpc.Fl_O        |         33.211      756.717       51.192        1.666       31.209       88.011        0.300      400.190      279.540
DESIGN.duct6.Fl_O      |         32.876      756.717       51.192        1.667       30.215       88.011        0.350      465.457      246.692
DESIGN.hpc.Fl_O        |        286.020     1430.094      220.722        1.678      276.833       77.847        0.220      399.504       53.249
DESIGN.bld3.Fl_O       |        286.020     1430.094      220.722        1.678      270.289       67.846        0.290      525.070       35.939
DESIGN.burner.Fl_O     |        270.575     2880.000      215.744        1.907      268.845       69.412        0.100      251.759      157.335
DESIGN.hpt.Fl_O        |         75.058     2109.806       37.109        1.899       69.319       79.413        0.350      755.415      167.504
DESIGN.duct11.Fl_O     |         74.675     2109.806       37.109        1.899       70.253       79.413        0.306      662.464      189.294
DESIGN.lpt.Fl_O        |          9.334     1310.763     -158.171        1.909        8.435       85.660        0.390      670.940     1031.018
DESIGN.duct13.Fl_O     |          9.234     1310.763     -158.171        1.910        8.212       85.660        0.420      721.142      981.157
DESIGN.core_nozz.Fl_O  |          9.234     1310.763     -158.171        1.910        5.284       85.660        0.940     1529.005      640.668
DESIGN.byp_bld.Fl_O    |         12.360      559.290        3.567        1.661       10.624      516.669        0.470      533.234     2606.233
DESIGN.duct15.Fl_O     |         12.176      559.290        3.567        1.662       10.332      516.669        0.490      554.911     2565.747
DESIGN.byp_nozz.Fl_O   |         12.176      559.290        3.567        1.662        6.430      516.669        1.000     1058.516     1887.138
------------------------------------------------------------------------------------------------------------------------------------------------
-------------------------------------------------------------------------------------------------------------------------------------------------------------------------------------------------------
                          COMPRESSOR PROPERTIES
-------------------------------------------------------------------------------------------------------------------------------------------------------------------------------------------------------
Compressor    |           Wc         Pr      eta_a      eta_p         Nc        pwr   RlineMap      NcMap      WcMap      PRmap   alphaMap        SMN        SMW     effMap
-------------------------------------------------------------------------------------------------------------------------------------------------------------------------------------------------------
DESIGN.fan    |     1230.358      1.800      0.900      0.908   4225.456 -19472.718      2.200      0.990      1.685    803.556      0.000     36.641     29.886      0.895
DESIGN.lpc    |      109.191      2.700      0.924      0.934   3852.008  -5930.456      2.150      1.000      1.935     87.666      0.000     15.987     15.644      0.924
DESIGN.hpc    |       47.520      8.700      0.907      0.929  10762.725 -19891.447      2.050      0.976      9.374     49.454      0.000     22.598     22.468      0.871
-------------------------------------------------------------------------------------------------------------------------------------------------------------------------------------------------------
---------------------------------------------------------------------------
                            BURNER PROPERTIES
---------------------------------------------------------------------------
Burner              |           dPqP        TtOut        Wfuel          FAR
DESIGN.burner       |         0.0540      2880.00       1.5655      0.02307
--------------------------------------------------------------------------------------------------------------------------------------
                            TURBINE PROPERTIES
--------------------------------------------------------------------------------------------------------------------------------------
Turbine       |             Wp           PR        eff_a        eff_p           Np          pwr        NpMap        PRmap     alphaMap
DESIGN.hpt    |         13.767        3.605        0.900        0.886      242.241    20141.447      100.000        6.000        1.000
DESIGN.lpt    |         48.847        8.000        0.900        0.873       87.084    24540.959      100.000        6.000        1.000
-------------------------------------------------------------------------------------------------------------------------
                            NOZZLE PROPERTIES
-------------------------------------------------------------------------------------------------------------------------
Nozzle        |             PR           Cv          Cfg          Ath         MNth        MNout            V           Fg
DESIGN.core_nozz|          1.748        0.993        N/A        640.668        0.940        0.940     1529.005     4043.551
DESIGN.byp_nozz|          2.549        0.994        N/A       1887.138        1.000        1.000     1058.516    20016.015
---------------------------------------------------------------------------------------------------------------------------
                            SHAFT PROPERTIES
---------------------------------------------------------------------------------------------------------------------------
Shaft               |                 Nmech               trqin              trqout               pwrin              pwrout
DESIGN.hp_shaft     |             13000.000            8137.315           -8036.313           20141.435          -19891.435
DESIGN.lp_shaft     |              4000.000           32222.955          -33355.066           24540.945          -25403.159
--------------------------------------------------------------------------------------------------------------------
                            BLEED PROPERTIES
--------------------------------------------------------------------------------------------------------------------
Bleed                 |         Wb/Win        Pfrac     Workfrac            W           Tt           ht           Pt
DESIGN.hpc.cool1      |          0.051        0.500        0.500        4.463     1100.145      135.957      159.448
DESIGN.hpc.cool2      |          0.020        0.550        0.500        1.784     1100.145      135.957      172.105
DESIGN.hpc.cust       |          0.044        0.500        0.500        3.916     1100.145      135.957      159.448
DESIGN.bld3.cool3     |          0.067        1.000        1.000        5.232     1430.094      220.722      286.020
DESIGN.bld3.cool4     |          0.061        1.000        1.000        4.769     1430.094      220.722      286.020
DESIGN.byp_bld.bypBld |          0.005        1.000        1.000        2.596      559.290        3.567       12.360



----------------------------------------------------------------------------
                              POINT: OD_TOfail
----------------------------------------------------------------------------
                       PERFORMANCE CHARACTERISTICS
    Mach      Alt       W      Fn      Fg    Fram     OPR     TSFC      BPR 
 0.18000      0.0 1278.092 37931.0 45914.6  7983.6  45.666  0.41685    5.642
------------------------------------------------------------------------------------------------------------------------------------------------
                            FLOW STATIONS
------------------------------------------------------------------------------------------------------------------------------------------------
------------------------------------------------------------------------------------------------------------------------------------------------
Flow Station           |          tot:P        tot:T        tot:h        tot:S       stat:P       stat:W      stat:MN       stat:V    stat:area
------------------------------------------------------------------------------------------------------------------------------------------------
OD_TOfail.fc.Fl_O      |         15.032      522.033       -5.375        1.631       14.696     1278.092        0.180      200.974    11974.751
OD_TOfail.inlet.Fl_O   |         15.017      522.033       -5.375        1.631        5.304     1278.092        1.315     1270.054     3923.108
OD_TOfail.fan.Fl_O     |         27.554      635.023       21.778        1.637       23.927     1278.092        0.454      549.129     3165.746
OD_TOfail.splitter.Fl_O|         27.554      635.023       21.778        1.637       25.476      192.413        0.337      411.098      608.694
OD_TOfail.splitter.Fl_O|         27.554      635.023       21.778        1.637       23.690     1085.678        0.470      567.801     2619.329
OD_TOfail.duct4.Fl_O   |         27.421      635.023       21.778        1.637       25.228      192.413        0.347      423.841      595.363
OD_TOfail.lpc.Fl_O     |         73.491      869.670       78.738        1.646       68.472      192.413        0.321      457.280      279.540
OD_TOfail.duct6.Fl_O   |         72.749      869.670       78.738        1.647       66.054      192.413        0.375      533.269      246.692
OD_TOfail.hpc.Fl_O     |        685.768     1664.900      283.107        1.659      664.466      170.193        0.217      423.841       53.249
OD_TOfail.bld3.Fl_O    |        685.768     1664.900      283.107        1.659      649.318      148.328        0.286      556.789       35.939
OD_TOfail.burner.Fl_O  |        648.737     3420.000      274.965        1.908      648.695      152.721        0.010       27.712     1550.003
OD_TOfail.hpt.Fl_O     |        181.359     2537.045       62.740        1.898      167.545      174.585        0.352      826.955      167.504
OD_TOfail.duct11.Fl_O  |        180.434     2537.045       62.740        1.898      169.793      174.585        0.308      725.097      189.294
OD_TOfail.lpt.Fl_O     |         23.340     1615.824     -171.265        1.906       21.207      188.243        0.382      724.711     1031.018
OD_TOfail.duct13.Fl_O  |         23.090     1615.824     -171.265        1.907       20.669      188.243        0.411      778.477      981.157
OD_TOfail.core_nozz.Fl_|         23.090     1615.824     -171.265        1.907       14.696      188.243        0.846     1539.632      640.668
OD_TOfail.byp_bld.Fl_O |         27.554      635.023       21.778        1.637       23.690     1080.250        0.470      567.801     2606.233
OD_TOfail.duct15.Fl_O  |         27.143      635.023       21.778        1.638       23.040     1080.250        0.490      590.879     2565.747
OD_TOfail.byp_nozz.Fl_O|         27.143      635.023       21.778        1.638       14.696     1080.250        0.979     1107.773     1887.138
------------------------------------------------------------------------------------------------------------------------------------------------
-------------------------------------------------------------------------------------------------------------------------------------------------------------------------------------------------------
                          COMPRESSOR PROPERTIES
-------------------------------------------------------------------------------------------------------------------------------------------------------------------------------------------------------
Compressor    |           Wc         Pr      eta_a      eta_p         Nc        pwr   RlineMap      NcMap      WcMap      PRmap   alphaMap        SMN        SMW     effMap
-------------------------------------------------------------------------------------------------------------------------------------------------------------------------------------------------------
OD_TOfail.fan |     1254.821      1.835      0.874      0.884   4483.629 -49101.056      2.383      1.050      1.715    819.534      0.000     34.918     29.555      0.868
OD_TOfail.lpc |      114.102      2.680      0.869      0.886   4065.217 -15506.675      3.466      1.055      1.924     91.609      0.000     21.313     21.105      0.869
OD_TOfail.hpc |       50.331      9.427      0.903      0.926  10926.269 -52424.226      2.100      0.991     10.165     52.379      0.000     19.489     19.401      0.867
-------------------------------------------------------------------------------------------------------------------------------------------------------------------------------------------------------
---------------------------------------------------------------------------
                            BURNER PROPERTIES
---------------------------------------------------------------------------
Burner              |           dPqP        TtOut        Wfuel          FAR
OD_TOfail.burner    |         0.0540      3420.00       4.3921      0.02961
--------------------------------------------------------------------------------------------------------------------------------------
                            TURBINE PROPERTIES
--------------------------------------------------------------------------------------------------------------------------------------
Turbine       |             Wp           PR        eff_a        eff_p           Np          pwr        NpMap        PRmap     alphaMap
OD_TOfail.hpt |         13.767        3.577        0.900        0.887      241.930    52674.227       99.872        5.947        1.000
OD_TOfail.lpt |         48.736        7.731        0.900        0.875       89.304    64607.731      102.549        5.808        1.000
-------------------------------------------------------------------------------------------------------------------------
                            NOZZLE PROPERTIES
-------------------------------------------------------------------------------------------------------------------------
Nozzle        |             PR           Cv          Cfg          Ath         MNth        MNout            V           Fg
OD_TOfail.core_nozz|          1.571        0.993        N/A        640.668        0.846        0.846     1539.632     8947.701
OD_TOfail.byp_nozz|          1.847        0.994        N/A       1887.138        0.979        0.979     1107.773    36966.865
---------------------------------------------------------------------------------------------------------------------------
                            SHAFT PROPERTIES
---------------------------------------------------------------------------------------------------------------------------
Shaft               |                 Nmech               trqin              trqout               pwrin              pwrout
OD_TOfail.hp_shaft  |             14148.275           19553.679          -19460.874           52674.195          -52424.195
OD_TOfail.lp_shaft  |              4498.140           75437.161          -75437.161           64607.692          -64607.692
-----------------------------------------------------------------------------------------------------------------------
                            BLEED PROPERTIES
-----------------------------------------------------------------------------------------------------------------------
Bleed                    |         Wb/Win        Pfrac     Workfrac            W           Tt           ht           Pt
OD_TOfail.hpc.cool1      |          0.051        0.500        0.500        9.757     1276.859      180.923      379.259
OD_TOfail.hpc.cool2      |          0.020        0.550        0.500        3.901     1276.859      180.923      409.910
OD_TOfail.hpc.cust       |          0.044        0.500        0.500        8.562     1276.859      180.923      379.259
OD_TOfail.bld3.cool3     |          0.067        1.000        1.000       11.439     1664.900      283.107      685.768
OD_TOfail.bld3.cool4     |          0.061        1.000        1.000       10.425     1664.900      283.107      685.768
OD_TOfail.byp_bld.bypBld |          0.005        1.000        1.000        5.428      635.023       21.778       27.554
