


----------------------------------------------------------------------------
                              POINT: DESIGN
----------------------------------------------------------------------------
                       PERFORMANCE CHARACTERISTICS
    Mach      Alt       W      Fn      Fg    Fram     OPR     TSFC      BPR 
 0.74000  28000.0 650.000 14066.7 29070.6 15003.9  35.143  0.61869    4.000
------------------------------------------------------------------------------------------------------------------------------------------------
                            FLOW STATIONS
------------------------------------------------------------------------------------------------------------------------------------------------
------------------------------------------------------------------------------------------------------------------------------------------------
Flow Station           |          tot:P        tot:T        tot:h        tot:S       stat:P       stat:W      stat:MN       stat:V    stat:area
------------------------------------------------------------------------------------------------------------------------------------------------
DESIGN.fc.Fl_O         |          6.873      464.798      -19.097        1.657        4.776      650.000        0.740      742.670     4094.380
DESIGN.inlet.Fl_O      |          6.867      464.798      -19.097        1.657        4.949      650.000        0.700      706.205     4199.110
DESIGN.fan.Fl_O        |         12.703      564.087        4.719        1.661       11.055      650.000        0.450      513.619     3311.068
DESIGN.splitter.Fl_O1  |         12.703      564.087        4.719        1.661       11.833      130.000        0.320      368.782      878.561
DESIGN.splitter.Fl_O2  |         12.703      564.087        4.719        1.661       10.919      520.000        0.470      535.505     2563.120
DESIGN.duct4.Fl_O      |         12.642      564.087        4.719        1.662       11.724      130.000        0.330      380.066      859.319
DESIGN.lpc.Fl_O        |         14.979      594.343       11.989        1.663       14.072      130.000        0.300      355.247      810.029
DESIGN.duct6.Fl_O      |         14.827      594.343       11.989        1.663       13.624      130.000        0.350      413.152      714.895
DESIGN.hpc.Fl_O        |        241.314     1359.190      202.214        1.677      233.540      114.987        0.220      390.048       90.750
DESIGN.bld3.Fl_O       |        241.314     1359.190      202.214        1.677      228.004      100.215        0.290      512.623       61.251
DESIGN.burner.Fl_O     |        228.283     2880.000      197.451        1.920      226.824      102.632        0.100      251.697      275.801
DESIGN.hpt.Fl_O        |         52.768     2030.064       -2.361        1.913       48.727      117.405        0.350      741.610      345.235
DESIGN.duct11.Fl_O     |         52.499     2030.064       -2.361        1.913       49.385      117.405        0.306      650.366      390.142
DESIGN.lpt.Fl_O        |         14.850     1495.201     -124.093        1.913       13.430      126.632        0.390      713.875     1027.143
DESIGN.duct13.Fl_O     |         14.691     1495.201     -124.093        1.914       13.077      126.632        0.420      767.340      977.415
DESIGN.core_nozz.Fl_O  |         14.691     1495.201     -124.093        1.914        7.883      126.632        1.000     1718.966      635.675
DESIGN.byp_bld.Fl_O    |         12.703      564.087        4.719        1.661       10.919      517.400        0.470      535.505     2550.305
DESIGN.duct15.Fl_O     |         12.514      564.087        4.719        1.662       10.619      517.400        0.490      557.275     2510.687
DESIGN.byp_nozz.Fl_O   |         12.514      564.087        4.719        1.662        6.609      517.400        1.000     1063.045     1846.626
------------------------------------------------------------------------------------------------------------------------------------------------
-------------------------------------------------------------------------------------------------------------------------------------------------------------------------------------------------------
                          COMPRESSOR PROPERTIES
-------------------------------------------------------------------------------------------------------------------------------------------------------------------------------------------------------
Compressor    |           Wc         Pr      eta_a      eta_p         Nc        pwr   RlineMap      NcMap      WcMap      PRmap   alphaMap        SMN        SMW     effMap
-------------------------------------------------------------------------------------------------------------------------------------------------------------------------------------------------------
DESIGN.fan    |     1316.917      1.850      0.900      0.908   5281.820 -21902.265      2.200      0.990      1.685    803.556      0.000     36.641     29.886      0.895
DESIGN.lpc    |      157.597      1.185      0.924      0.926   4794.489  -1337.207      2.150      1.000      1.935     87.666      0.000     15.987     15.644      0.924
DESIGN.hpc    |      137.928     16.275      0.907      0.935  12144.239 -32967.946      2.050      0.976      9.374     49.454      0.000     22.598     22.468      0.871
-------------------------------------------------------------------------------------------------------------------------------------------------------------------------------------------------------
---------------------------------------------------------------------------
                            BURNER PROPERTIES
---------------------------------------------------------------------------
Burner              |           dPqP        TtOut        Wfuel          FAR
DESIGN.burner       |         0.0540      2880.00       2.4175      0.02412
--------------------------------------------------------------------------------------------------------------------------------------
                            TURBINE PROPERTIES
--------------------------------------------------------------------------------------------------------------------------------------
Turbine       |             Wp           PR        eff_a        eff_p           Np          pwr        NpMap        PRmap     alphaMap
DESIGN.hpt    |         24.127        4.326        0.900        0.883      242.241    33290.379      100.000        6.000        1.000
DESIGN.lpt    |        100.760        3.535        0.900        0.885      110.972    23239.471      100.000        6.000        1.000
-------------------------------------------------------------------------------------------------------------------------
                            NOZZLE PROPERTIES
-------------------------------------------------------------------------------------------------------------------------
Nozzle        |             PR           Cv          Cfg          Ath         MNth        MNout            V           Fg
DESIGN.core_nozz|          3.076        0.993        N/A        635.675        1.000        1.000     1718.966     8695.326
DESIGN.byp_nozz|          2.620        0.994        N/A       1846.626        1.000        1.000     1063.045    20375.258
---------------------------------------------------------------------------------------------------------------------------
                            SHAFT PROPERTIES
---------------------------------------------------------------------------------------------------------------------------
Shaft               |                 Nmech               trqin              trqout               pwrin              pwrout
DESIGN.hp_shaft     |             13000.000           13449.595          -13319.329           33290.359          -32967.926
DESIGN.lp_shaft     |              5000.000           24411.252          -24411.252           23239.457          -23239.457
--------------------------------------------------------------------------------------------------------------------
                            BLEED PROPERTIES
--------------------------------------------------------------------------------------------------------------------
Bleed                 |         Wb/Win        Pfrac     Workfrac            W           Tt           ht           Pt
DESIGN.hpc.cool1      |          0.051        0.500        0.500        6.592      984.674      107.101      128.071
DESIGN.hpc.cool2      |          0.020        0.550        0.500        2.636      984.674      107.101      139.395
DESIGN.hpc.cust       |          0.044        0.500        0.500        5.785      984.674      107.101      128.071
DESIGN.bld3.cool3     |          0.067        1.000        1.000        7.729     1359.190      202.214      241.314
DESIGN.bld3.cool4     |          0.061        1.000        1.000        7.044     1359.190      202.214      241.314
DESIGN.byp_bld.bypBld |          0.005        1.000        1.000        2.600      564.087        4.719       12.703



----------------------------------------------------------------------------
                              POINT: OD_TOfail
----------------------------------------------------------------------------
                       PERFORMANCE CHARACTERISTICS
    Mach      Alt       W      Fn      Fg    Fram     OPR     TSFC      BPR 
 0.18000      0.0 1503.771 49751.3 59144.5  9393.3  31.563  0.40187    5.431
------------------------------------------------------------------------------------------------------------------------------------------------
                            FLOW STATIONS
------------------------------------------------------------------------------------------------------------------------------------------------
------------------------------------------------------------------------------------------------------------------------------------------------
Flow Station           |          tot:P        tot:T        tot:h        tot:S       stat:P       stat:W      stat:MN       stat:V    stat:area
------------------------------------------------------------------------------------------------------------------------------------------------
OD_TOfail.fc.Fl_O      |         15.032      522.033       -5.375        1.631       14.696     1503.771        0.180      200.974    14089.197
OD_TOfail.inlet.Fl_O   |         15.017      522.033       -5.375        1.631     -319.560     1503.771      184.554   284083.409     4199.110
OD_TOfail.fan.Fl_O     |         25.226      622.193       18.689        1.638       19.720     1503.771        0.604      712.675     3311.068
OD_TOfail.splitter.Fl_O|         25.226      622.193       18.689        1.638       23.675      233.832        0.303      366.495      878.561
OD_TOfail.splitter.Fl_O|         25.226      622.193       18.689        1.638       17.974     1269.939        0.713      830.759     2563.120
OD_TOfail.duct4.Fl_O   |         25.105      622.193       18.689        1.638       23.469      233.832        0.312      377.569      859.319
OD_TOfail.lpc.Fl_O     |         29.910      656.462       26.944        1.639       28.300      233.832        0.282      351.674      810.029
OD_TOfail.duct6.Fl_O   |         29.607      656.462       26.944        1.640       27.476      233.832        0.329      408.166      714.895
OD_TOfail.hpc.Fl_O     |        473.978     1484.344      234.990        1.654      460.036      206.828        0.211      389.300       90.750
OD_TOfail.bld3.Fl_O    |        473.978     1484.344      234.990        1.654      450.164      180.257        0.277      510.818       61.251
OD_TOfail.burner.Fl_O  |        448.383     3338.201      227.966        1.926      448.295      185.811        0.018       47.619     1550.003
OD_TOfail.hpt.Fl_O     |        103.645     2374.412       -4.670        1.917       95.768      212.382        0.351      799.041      345.235
OD_TOfail.duct11.Fl_O  |        103.116     2374.412       -4.670        1.918       97.047      212.382        0.307      700.693      390.142
OD_TOfail.lpt.Fl_O     |         29.168     1763.969     -147.175        1.916       26.374      228.980        0.393      776.153     1027.143
OD_TOfail.duct13.Fl_O  |         28.856     1763.969     -147.175        1.917       25.679      228.980        0.423      834.449      977.415
OD_TOfail.core_nozz.Fl_|         28.856     1763.969     -147.175        1.917       15.573      228.980        1.000     1861.792      638.510
OD_TOfail.byp_bld.Fl_O |         25.226      622.193       18.689        1.638       17.974     1263.590        0.713      830.759     2550.305
OD_TOfail.duct15.Fl_O  |         24.850      622.193       18.689        1.639       16.805     1263.590        0.769      889.194     2510.687
OD_TOfail.byp_nozz.Fl_O|         24.850      622.193       18.689        1.639       13.126     1263.590        1.000     1116.428     2385.618
------------------------------------------------------------------------------------------------------------------------------------------------
-------------------------------------------------------------------------------------------------------------------------------------------------------------------------------------------------------
                          COMPRESSOR PROPERTIES
-------------------------------------------------------------------------------------------------------------------------------------------------------------------------------------------------------
Compressor    |           Wc         Pr      eta_a      eta_p         Nc        pwr   RlineMap      NcMap      WcMap      PRmap   alphaMap        SMN        SMW     effMap
-------------------------------------------------------------------------------------------------------------------------------------------------------------------------------------------------------
OD_TOfail.fan |     1476.392      1.680      0.832      0.843   5958.297 -51198.433      2.606      0.990      1.548    803.620      0.000     48.760     17.297      0.827
OD_TOfail.lpc |      149.921      1.191      0.928      0.930   5457.683  -2731.213      2.005      1.000      1.968     87.467      0.000     13.766      9.704      0.928
OD_TOfail.hpc |      130.575     16.009      0.905      0.933  12637.142 -64855.024      2.116      0.976      9.228     49.497      0.000     24.647     20.775      0.869
-------------------------------------------------------------------------------------------------------------------------------------------------------------------------------------------------------
---------------------------------------------------------------------------
                            BURNER PROPERTIES
---------------------------------------------------------------------------
Burner              |           dPqP        TtOut        Wfuel          FAR
OD_TOfail.burner    |         0.0540      3338.20       5.5537      0.03081
--------------------------------------------------------------------------------------------------------------------------------------
                            TURBINE PROPERTIES
--------------------------------------------------------------------------------------------------------------------------------------
Turbine       |             Wp           PR        eff_a        eff_p           Np          pwr        NpMap        PRmap     alphaMap
OD_TOfail.hpt |         23.943        4.326        0.900        0.884      246.066    70168.654      100.000        6.000        1.000
OD_TOfail.lpt |        100.362        3.535        0.900        0.885      122.673    49352.952      100.000        6.000        1.000
-------------------------------------------------------------------------------------------------------------------------
                            NOZZLE PROPERTIES
-------------------------------------------------------------------------------------------------------------------------
Nozzle        |             PR           Cv          Cfg          Ath         MNth        MNout            V           Fg
OD_TOfail.core_nozz|          2.000        0.993        N/A        638.510        1.000        1.000     1861.792    13892.696
OD_TOfail.byp_nozz|          2.000        0.994        N/A       2385.618        1.000        1.000     1116.428    45251.848
---------------------------------------------------------------------------------------------------------------------------
                            SHAFT PROPERTIES
---------------------------------------------------------------------------------------------------------------------------
Shaft               |                 Nmech               trqin              trqout               pwrin              pwrout
OD_TOfail.hp_shaft  |             14217.000           25922.029          -23959.044           70168.613          -64854.986
OD_TOfail.lp_shaft  |              5977.580           43363.223          -47384.465           49352.922          -53929.613
-----------------------------------------------------------------------------------------------------------------------
                            BLEED PROPERTIES
-----------------------------------------------------------------------------------------------------------------------
Bleed                    |         Wb/Win        Pfrac     Workfrac            W           Tt           ht           Pt
OD_TOfail.hpc.cool1      |          0.051        0.500        0.500       11.857     1080.290      130.967      251.793
OD_TOfail.hpc.cool2      |          0.020        0.550        0.500        4.741     1080.290      130.967      274.011
OD_TOfail.hpc.cust       |          0.044        0.500        0.500       10.406     1080.290      130.967      251.793
OD_TOfail.bld3.cool3     |          0.067        1.000        1.000       13.902     1484.344      234.990      473.978
OD_TOfail.bld3.cool4     |          0.061        1.000        1.000       12.669     1484.344      234.990      473.978
OD_TOfail.byp_bld.bypBld |          0.005        1.000        1.000        6.350      622.193       18.689       25.226



----------------------------------------------------------------------------
                              POINT: OD_TOC
----------------------------------------------------------------------------
                       PERFORMANCE CHARACTERISTICS
    Mach      Alt       W      Fn      Fg    Fram     OPR     TSFC      BPR 
 0.74000  28000.0 619.192 12000.0 26292.7 14292.7  30.813  0.60049    4.267
------------------------------------------------------------------------------------------------------------------------------------------------
                            FLOW STATIONS
------------------------------------------------------------------------------------------------------------------------------------------------
------------------------------------------------------------------------------------------------------------------------------------------------
Flow Station           |          tot:P        tot:T        tot:h        tot:S       stat:P       stat:W      stat:MN       stat:V    stat:area
------------------------------------------------------------------------------------------------------------------------------------------------
OD_TOC.fc.Fl_O         |          6.873      464.798      -19.097        1.657        4.776      619.192        0.740      742.670     3900.317
OD_TOC.inlet.Fl_O      |          6.867      464.798      -19.097        1.657        5.228      619.192        0.636      646.948     4199.110
OD_TOC.fan.Fl_O        |         12.141      553.679        2.220        1.660       10.612      619.192        0.443      500.916     3311.068
OD_TOC.splitter.Fl_O1  |         12.141      553.679        2.220        1.660       11.418      117.551        0.297      340.149      878.561
OD_TOC.splitter.Fl_O2  |         12.141      553.679        2.220        1.660       10.436      501.641        0.470      530.553     2563.120
OD_TOC.duct4.Fl_O      |         12.082      553.679        2.220        1.660       11.320      117.551        0.307      350.390      859.319
OD_TOC.lpc.Fl_O        |         13.831      577.154        7.858        1.661       13.056      117.551        0.288      336.682      810.029
OD_TOC.duct6.Fl_O      |         13.691      577.154        7.858        1.662       12.663      117.551        0.336      391.022      714.895
OD_TOC.hpc.Fl_O        |        211.581     1302.000      187.401        1.675      204.633      103.976        0.222      385.494       90.750
OD_TOC.bld3.Fl_O       |        211.581     1302.000      187.401        1.675      199.677       90.618        0.293      506.809       61.251
OD_TOC.burner.Fl_O     |        200.156     2718.611      183.351        1.909      200.116       92.620        0.018       43.303     1550.003
OD_TOC.hpt.Fl_O        |         46.037     1907.714       -5.457        1.903       42.490      105.978        0.350      721.143      345.235
OD_TOC.duct11.Fl_O     |         45.803     1907.714       -5.457        1.903       43.070      105.978        0.307      632.398      390.142
OD_TOC.lpt.Fl_O        |         12.962     1402.220     -119.185        1.904       11.718      114.322        0.390      692.392     1027.143
OD_TOC.duct13.Fl_O     |         12.823     1402.220     -119.185        1.904       11.409      114.322        0.420      744.235      977.415
OD_TOC.core_nozz.Fl_O  |         12.823     1402.220     -119.185        1.904        6.867      114.322        1.000     1666.291      635.675
OD_TOC.byp_bld.Fl_O    |         12.141      553.679        2.220        1.660       10.436      499.132        0.470      530.553     2550.305
OD_TOC.duct15.Fl_O     |         11.960      553.679        2.220        1.661       10.149      499.132        0.490      552.121     2510.687
OD_TOC.byp_nozz.Fl_O   |         11.960      553.679        2.220        1.661        6.316      499.132        1.000     1053.194     1846.626
------------------------------------------------------------------------------------------------------------------------------------------------
-------------------------------------------------------------------------------------------------------------------------------------------------------------------------------------------------------
                          COMPRESSOR PROPERTIES
-------------------------------------------------------------------------------------------------------------------------------------------------------------------------------------------------------
Compressor    |           Wc         Pr      eta_a      eta_p         Nc        pwr   RlineMap      NcMap      WcMap      PRmap   alphaMap        SMN        SMW     effMap
-------------------------------------------------------------------------------------------------------------------------------------------------------------------------------------------------------
OD_TOC.fan    |     1254.498      1.768      0.925      0.931   4928.590 -18674.582      2.013      0.924      1.619    765.470      0.000     39.760     30.312      0.920
OD_TOC.lpc    |      147.725      1.145      0.928      0.929   4515.705   -937.717      2.107      0.942      1.732     82.175      0.000     22.228     21.646      0.928
OD_TOC.hpc    |      133.102     15.454      0.909      0.936  12033.979 -28136.977      2.048      0.967      8.924     47.723      0.000     23.972     24.293      0.873
-------------------------------------------------------------------------------------------------------------------------------------------------------------------------------------------------------
---------------------------------------------------------------------------
                            BURNER PROPERTIES
---------------------------------------------------------------------------
Burner              |           dPqP        TtOut        Wfuel          FAR
OD_TOC.burner       |         0.0540      2718.61       2.0016      0.02209
--------------------------------------------------------------------------------------------------------------------------------------
                            TURBINE PROPERTIES
--------------------------------------------------------------------------------------------------------------------------------------
Turbine       |             Wp           PR        eff_a        eff_p           Np          pwr        NpMap        PRmap     alphaMap
OD_TOC.hpt    |         24.127        4.348        0.900        0.883      243.465    28386.977      100.505        6.032        1.000
OD_TOC.lpt    |        101.060        3.534        0.897        0.881      106.820    19612.299       96.258        5.997        1.000
-------------------------------------------------------------------------------------------------------------------------
                            NOZZLE PROPERTIES
-------------------------------------------------------------------------------------------------------------------------
Nozzle        |             PR           Cv          Cfg          Ath         MNth        MNout            V           Fg
OD_TOC.core_nozz|          2.685        0.993        N/A        635.675        1.000        1.000     1666.291     7209.838
OD_TOC.byp_nozz|          2.504        0.994        N/A       1846.626        1.000        1.000     1053.194    19082.911
---------------------------------------------------------------------------------------------------------------------------
                            SHAFT PROPERTIES
---------------------------------------------------------------------------------------------------------------------------
Shaft               |                 Nmech               trqin              trqout               pwrin              pwrout
OD_TOC.hp_shaft     |             12694.323           11744.741          -11641.306           28386.960          -28136.960
OD_TOC.lp_shaft     |              4665.617           22077.669          -22077.669           19612.287          -19612.287
--------------------------------------------------------------------------------------------------------------------
                            BLEED PROPERTIES
--------------------------------------------------------------------------------------------------------------------
Bleed                 |         Wb/Win        Pfrac     Workfrac            W           Tt           ht           Pt
OD_TOC.hpc.cool1      |          0.051        0.500        0.500        5.961      946.427       97.629      112.636
OD_TOC.hpc.cool2      |          0.020        0.550        0.500        2.383      946.427       97.629      122.531
OD_TOC.hpc.cust       |          0.044        0.500        0.500        5.231      946.427       97.629      112.636
OD_TOC.bld3.cool3     |          0.067        1.000        1.000        6.989     1302.000      187.401      211.581
OD_TOC.bld3.cool4     |          0.061        1.000        1.000        6.369     1302.000      187.401      211.581
OD_TOC.byp_bld.bypBld |          0.005        1.000        1.000        2.508      553.679        2.220       12.141



----------------------------------------------------------------------------
                              POINT: OD_SLS
----------------------------------------------------------------------------
                       PERFORMANCE CHARACTERISTICS
    Mach      Alt       W      Fn      Fg    Fram     OPR     TSFC      BPR 
 0.00001      0.0 1322.638 52000.0 52000.5     0.5  35.736  0.39487    3.949
------------------------------------------------------------------------------------------------------------------------------------------------
                            FLOW STATIONS
------------------------------------------------------------------------------------------------------------------------------------------------
------------------------------------------------------------------------------------------------------------------------------------------------
Flow Station           |          tot:P        tot:T        tot:h        tot:S       stat:P       stat:W      stat:MN       stat:V    stat:area
------------------------------------------------------------------------------------------------------------------------------------------------
OD_SLS.fc.Fl_O         |         14.696      518.670       -6.182        1.631       14.696     1322.638        0.000        0.011223058169.184
OD_SLS.inlet.Fl_O      |         14.681      518.670       -6.182        1.631       10.504     1322.638        0.708      754.047     4199.110
OD_SLS.fan.Fl_O        |         27.299      631.204       20.858        1.636       23.744     1322.638        0.451      544.473     3311.068
OD_SLS.splitter.Fl_O1  |         27.299      631.204       20.858        1.636       25.381      267.242        0.325      395.304      878.561
OD_SLS.splitter.Fl_O2  |         27.299      631.204       20.858        1.636       23.475     1055.396        0.470      565.838     2563.120
OD_SLS.duct4.Fl_O      |         27.168      631.204       20.858        1.636       25.143      267.242        0.335      407.441      859.319
OD_SLS.lpc.Fl_O        |         32.121      664.997       29.003        1.637       30.118      267.242        0.305      381.591      810.029
OD_SLS.duct6.Fl_O      |         31.796      664.997       29.003        1.638       29.134      267.242        0.356      444.057      714.895
OD_SLS.hpc.Fl_O        |        524.647     1514.394      242.932        1.652      507.810      236.381        0.220      410.943       90.750
OD_SLS.bld3.Fl_O       |        524.647     1514.394      242.932        1.652      495.815      206.013        0.290      540.111       61.251
OD_SLS.burner.Fl_O     |        496.316     3199.090      236.387        1.903      496.217      211.717        0.018       46.975     1550.003
OD_SLS.hpt.Fl_O        |        115.315     2275.503       13.953        1.895      106.497      242.084        0.351      784.655      345.235
OD_SLS.duct11.Fl_O     |        114.726     2275.503       13.953        1.895      107.933      242.084        0.307      688.047      390.142
OD_SLS.lpt.Fl_O        |         32.653     1690.252     -122.516        1.895       29.548      261.054        0.390      756.753     1027.143
OD_SLS.duct13.Fl_O     |         32.303     1690.252     -122.516        1.895       28.775      261.054        0.420      813.454      977.415
OD_SLS.core_nozz.Fl_O  |         32.303     1690.252     -122.516        1.895       17.403      261.054        1.000     1824.060      635.675
OD_SLS.byp_bld.Fl_O    |         27.299      631.204       20.858        1.636       23.475     1050.119        0.470      565.838     2550.305
OD_SLS.duct15.Fl_O     |         26.893      631.204       20.858        1.637       22.830     1050.119        0.490      588.830     2510.687
OD_SLS.byp_nozz.Fl_O   |         26.893      631.204       20.858        1.637       14.696     1050.119        0.971     1096.758     1846.626
------------------------------------------------------------------------------------------------------------------------------------------------
-------------------------------------------------------------------------------------------------------------------------------------------------------------------------------------------------------
                          COMPRESSOR PROPERTIES
-------------------------------------------------------------------------------------------------------------------------------------------------------------------------------------------------------
Compressor    |           Wc         Pr      eta_a      eta_p         Nc        pwr   RlineMap      NcMap      WcMap      PRmap   alphaMap        SMN        SMW     effMap
-------------------------------------------------------------------------------------------------------------------------------------------------------------------------------------------------------
OD_SLS.fan    |     1323.967      1.859      0.892      0.901   5355.747 -50600.695      2.243      1.004      1.693    807.858      0.000     36.136     29.826      0.887
OD_SLS.lpc    |      159.470      1.182      0.911      0.913   4854.904  -3079.545      2.410      1.013      1.922     88.708      0.000     18.015     17.696      0.911
OD_SLS.hpc    |      139.860     16.500      0.905      0.933  12186.827 -76217.764      2.088      0.979      9.498     50.146      0.000     22.632     22.510      0.869
-------------------------------------------------------------------------------------------------------------------------------------------------------------------------------------------------------
---------------------------------------------------------------------------
                            BURNER PROPERTIES
---------------------------------------------------------------------------
Burner              |           dPqP        TtOut        Wfuel          FAR
OD_SLS.burner       |         0.0540      3199.09       5.7037      0.02769
--------------------------------------------------------------------------------------------------------------------------------------
                            TURBINE PROPERTIES
--------------------------------------------------------------------------------------------------------------------------------------
Turbine       |             Wp           PR        eff_a        eff_p           Np          pwr        NpMap        PRmap     alphaMap
OD_SLS.hpt    |         24.127        4.304        0.901        0.885      243.973    76467.764      100.715        5.967        1.000
OD_SLS.lpt    |        100.657        3.514        0.900        0.885      112.275    53680.240      101.173        5.957        1.000
-------------------------------------------------------------------------------------------------------------------------
                            NOZZLE PROPERTIES
-------------------------------------------------------------------------------------------------------------------------
Nozzle        |             PR           Cv          Cfg          Ath         MNth        MNout            V           Fg
OD_SLS.core_nozz|          2.198        0.993        N/A        635.675        1.000        1.000     1824.060    16422.001
OD_SLS.byp_nozz|          1.830        0.994        N/A       1846.626        0.971        0.971     1096.758    35578.458
---------------------------------------------------------------------------------------------------------------------------
                            SHAFT PROPERTIES
---------------------------------------------------------------------------------------------------------------------------
Shaft               |                 Nmech               trqin              trqout               pwrin              pwrout
OD_SLS.hp_shaft     |             13799.236           29104.301          -29009.149           76467.719          -76217.719
OD_SLS.lp_shaft     |              5355.747           52641.495          -52641.495           53680.209          -53680.209
--------------------------------------------------------------------------------------------------------------------
                            BLEED PROPERTIES
--------------------------------------------------------------------------------------------------------------------
Bleed                 |         Wb/Win        Pfrac     Workfrac            W           Tt           ht           Pt
OD_SLS.hpc.cool1      |          0.051        0.500        0.500       13.551     1100.184      135.967      278.222
OD_SLS.hpc.cool2      |          0.020        0.550        0.500        5.418     1100.184      135.967      302.864
OD_SLS.hpc.cust       |          0.044        0.500        0.500       11.892     1100.184      135.967      278.222
OD_SLS.bld3.cool3     |          0.067        1.000        1.000       15.888     1514.394      242.932      524.647
OD_SLS.bld3.cool4     |          0.061        1.000        1.000       14.480     1514.394      242.932      524.647
OD_SLS.byp_bld.bypBld |          0.005        1.000        1.000        5.277      631.204       20.858       27.299
