


----------------------------------------------------------------------------
                              POINT: DESIGN
----------------------------------------------------------------------------
                       PERFORMANCE CHARACTERISTICS
    Mach      Alt       W      Fn      Fg    Fram     OPR     TSFC      BPR 
 0.74000  28000.0 648.540 10000.0 24970.2 14970.2  27.584  0.66262    5.900
------------------------------------------------------------------------------------------------------------------------------------------------
                            FLOW STATIONS
------------------------------------------------------------------------------------------------------------------------------------------------
------------------------------------------------------------------------------------------------------------------------------------------------
Flow Station           |          tot:P        tot:T        tot:h        tot:S       stat:P       stat:W      stat:MN       stat:V    stat:area
------------------------------------------------------------------------------------------------------------------------------------------------
DESIGN.fc.Fl_O         |          6.873      464.798      -19.097        1.657        4.776      648.540        0.740      742.670     4085.182
DESIGN.inlet.Fl_O      |          6.867      464.798      -19.097        1.657        4.949      648.540        0.700      706.205     4189.677
DESIGN.fan.Fl_O        |          9.613      517.266       -6.518        1.660        8.366      648.540        0.450      491.928     4179.639
DESIGN.splitter.Fl_O1  |          9.613      517.266       -6.518        1.660        8.955       93.991        0.320      353.220      803.619
DESIGN.splitter.Fl_O2  |          9.613      517.266       -6.518        1.660        8.263      554.549        0.470      512.887     3458.236
DESIGN.duct4.Fl_O      |          9.567      517.266       -6.518        1.660        8.872       93.991        0.330      364.027      786.020
DESIGN.lpc.Fl_O        |         23.918      684.309       33.664        1.665       22.473       93.991        0.300      380.893      393.860
DESIGN.duct6.Fl_O      |         23.676      684.309       33.664        1.665       21.757       93.991        0.350      442.995      347.591
DESIGN.hpc.Fl_O        |        189.408     1271.763      179.612        1.676      183.283       83.137        0.220      378.008       80.708
DESIGN.bld3.Fl_O       |        189.408     1271.763      179.612        1.676      178.922       72.456        0.290      496.775       54.476
DESIGN.burner.Fl_O     |        179.180     2880.000      175.162        1.937      178.036       74.297        0.100      251.620      254.447
DESIGN.hpt.Fl_O        |         59.759     2181.003       21.534        1.926       55.202       84.978        0.350      767.018      229.203
DESIGN.duct11.Fl_O     |         59.454     2181.003       21.534        1.926       55.944       84.978        0.306      672.623      259.026
DESIGN.lpt.Fl_O        |         18.506     1642.355     -102.489        1.924       16.746       91.649        0.390      746.063      626.977
DESIGN.duct13.Fl_O     |         18.308     1642.355     -102.489        1.925       16.308       91.649        0.420      801.975      596.601
DESIGN.core_nozz.Fl_O  |         18.308     1642.355     -102.489        1.925        9.852       91.649        1.000     1799.106      387.777
DESIGN.byp_bld.Fl_O    |          9.613      517.266       -6.518        1.660        8.263      551.776        0.470      512.887     3440.945
DESIGN.duct15.Fl_O     |          9.470      517.266       -6.518        1.661        8.036      551.776        0.490      533.734     3387.507
DESIGN.byp_nozz.Fl_O   |          9.470      517.266       -6.518        1.661        5.001      551.776        1.000     1017.980     2491.699
------------------------------------------------------------------------------------------------------------------------------------------------
-------------------------------------------------------------------------------------------------------------------------------------------------------------------------------------------------------
                          COMPRESSOR PROPERTIES
-------------------------------------------------------------------------------------------------------------------------------------------------------------------------------------------------------
Compressor    |           Wc         Pr      eta_a      eta_p         Nc        pwr   RlineMap      NcMap      WcMap      PRmap   alphaMap        SMN        SMW     effMap
-------------------------------------------------------------------------------------------------------------------------------------------------------------------------------------------------------
DESIGN.fan    |     1313.958      1.400      0.895      0.900   4225.456 -11541.915      2.200      0.990      1.685    803.556      0.000     36.641     29.886      0.895
DESIGN.lpc    |      144.185      2.500      0.924      0.933   4005.424  -5343.599      2.150      1.000      1.935     87.666      0.000     15.987     15.644      0.924
DESIGN.hpc    |       67.013      8.000      0.907      0.929  11317.818 -18288.021      2.050      0.976      9.374     49.454      0.000     22.598     22.468      0.871
-------------------------------------------------------------------------------------------------------------------------------------------------------------------------------------------------------
---------------------------------------------------------------------------
                            BURNER PROPERTIES
---------------------------------------------------------------------------
Burner              |           dPqP        TtOut        Wfuel          FAR
DESIGN.burner       |         0.0540      2880.00       1.8406      0.02540
--------------------------------------------------------------------------------------------------------------------------------------
                            TURBINE PROPERTIES
--------------------------------------------------------------------------------------------------------------------------------------
Turbine       |             Wp           PR        eff_a        eff_p           Np          pwr        NpMap        PRmap     alphaMap
DESIGN.hpt    |         22.252        2.998        0.889        0.876      242.241    18538.021      100.000        6.000        1.000
DESIGN.lpt    |         66.750        3.213        0.900        0.886       85.651    16885.513      100.000        6.000        1.000
-------------------------------------------------------------------------------------------------------------------------
                            NOZZLE PROPERTIES
-------------------------------------------------------------------------------------------------------------------------
Nozzle        |             PR           Cv          Cfg          Ath         MNth        MNout            V           Fg
DESIGN.core_nozz|          3.833        0.993        N/A        387.777        1.000        1.000     1799.106     7058.601
DESIGN.byp_nozz|          1.983        0.994        N/A       2491.699        1.000        1.000     1017.980    17911.592
---------------------------------------------------------------------------------------------------------------------------
                            SHAFT PROPERTIES
---------------------------------------------------------------------------------------------------------------------------
Shaft               |                 Nmech               trqin              trqout               pwrin              pwrout
DESIGN.hp_shaft     |             13000.000            7489.517           -7388.515           18538.010          -18288.010
DESIGN.lp_shaft     |              4000.000           22171.143          -22171.143           16885.503          -16885.503
--------------------------------------------------------------------------------------------------------------------
                            BLEED PROPERTIES
--------------------------------------------------------------------------------------------------------------------
Bleed                 |         Wb/Win        Pfrac     Workfrac            W           Tt           ht           Pt
DESIGN.hpc.cool1      |          0.051        0.500        0.500        4.766      982.806      106.638      106.542
DESIGN.hpc.cool2      |          0.020        0.550        0.500        1.906      982.806      106.638      114.829
DESIGN.hpc.cust       |          0.044        0.500        0.500        4.183      982.806      106.638      106.542
DESIGN.bld3.cool3     |          0.067        1.000        1.000        5.588     1271.763      179.612      189.408
DESIGN.bld3.cool4     |          0.061        1.000        1.000        5.093     1271.763      179.612      189.408
DESIGN.byp_bld.bypBld |          0.005        1.000        1.000        2.773      517.266       -6.518        9.613



----------------------------------------------------------------------------
                              POINT: OD_TOfail
----------------------------------------------------------------------------
                       PERFORMANCE CHARACTERISTICS
    Mach      Alt       W      Fn      Fg    Fram     OPR     TSFC      BPR 
 0.18000      0.0 1327.156 36732.3 45022.3  8290.0  29.445  0.47763    5.540
------------------------------------------------------------------------------------------------------------------------------------------------
                            FLOW STATIONS
------------------------------------------------------------------------------------------------------------------------------------------------
------------------------------------------------------------------------------------------------------------------------------------------------
Flow Station           |          tot:P        tot:T        tot:h        tot:S       stat:P       stat:W      stat:MN       stat:V    stat:area
------------------------------------------------------------------------------------------------------------------------------------------------
OD_TOfail.fc.Fl_O      |         15.032      522.033       -5.375        1.631       14.696     1327.156        0.180      200.974    12434.451
OD_TOfail.inlet.Fl_O   |         15.017      522.033       -5.375        1.631       10.942     1327.156        0.688      736.520     4189.677
OD_TOfail.fan.Fl_O     |         21.938      588.237       10.521        1.634       19.376     1327.156        0.425      496.401     4179.639
OD_TOfail.splitter.Fl_O|         21.938      588.237       10.521        1.634       20.406      202.918        0.323      380.403      803.619
OD_TOfail.splitter.Fl_O|         21.938      588.237       10.521        1.634       19.230     1124.239        0.438      510.965     3458.236
OD_TOfail.duct4.Fl_O   |         21.833      588.237       10.521        1.634       20.216      202.918        0.333      392.071      786.020
OD_TOfail.lpc.Fl_O     |         52.375      771.968       54.896        1.640       48.881      202.918        0.316      425.719      393.860
OD_TOfail.duct6.Fl_O   |         51.846      771.968       54.896        1.641       47.189      202.918        0.370      496.155      347.591
OD_TOfail.hpc.Fl_O     |        442.167     1451.270      226.281        1.652      428.221      179.484        0.218      398.754       80.708
OD_TOfail.bld3.Fl_O    |        442.167     1451.270      226.281        1.652      418.304      156.426        0.287      523.860       54.476
OD_TOfail.burner.Fl_O  |        418.290     3330.000      219.444        1.931      418.219      161.299        0.016       44.202     1550.003
OD_TOfail.hpt.Fl_O     |        139.997     2545.106       41.594        1.918      129.301      184.358        0.352      829.547      229.203
OD_TOfail.duct11.Fl_O  |        139.283     2545.106       41.594        1.918      131.045      184.358        0.308      727.307      259.026
OD_TOfail.lpt.Fl_O     |         43.783     1937.463     -102.676        1.915       39.653      198.761        0.391      806.974      626.977
OD_TOfail.duct13.Fl_O  |         43.314     1937.463     -102.676        1.916       38.620      198.761        0.421      867.486      596.601
OD_TOfail.core_nozz.Fl_|         43.314     1937.463     -102.676        1.916       23.439      198.761        1.000     1948.595      387.777
OD_TOfail.byp_bld.Fl_O |         21.938      588.237       10.521        1.634       19.230     1118.618        0.438      510.965     3440.945
OD_TOfail.duct15.Fl_O  |         21.611      588.237       10.521        1.635       18.742     1118.618        0.456      530.923     3387.507
OD_TOfail.byp_nozz.Fl_O|         21.611      588.237       10.521        1.635       14.696     1118.618        0.763      858.758     2491.699
------------------------------------------------------------------------------------------------------------------------------------------------
-------------------------------------------------------------------------------------------------------------------------------------------------------------------------------------------------------
                          COMPRESSOR PROPERTIES
-------------------------------------------------------------------------------------------------------------------------------------------------------------------------------------------------------
Compressor    |           Wc         Pr      eta_a      eta_p         Nc        pwr   RlineMap      NcMap      WcMap      PRmap   alphaMap        SMN        SMW     effMap
-------------------------------------------------------------------------------------------------------------------------------------------------------------------------------------------------------
OD_TOfail.fan |     1302.993      1.461      0.901      0.907   4284.927 -29848.743      1.857      1.004      1.789    796.850      0.000     27.027     21.540      0.901
OD_TOfail.lpc |      145.458      2.399      0.903      0.914   4036.604 -12739.968      2.524      1.008      1.872     88.441      0.000     20.864     20.513      0.903
OD_TOfail.hpc |       70.170      8.528      0.904      0.927  11454.838 -46363.277      2.087      0.988     10.007     51.784      0.000     20.048     19.953      0.867
-------------------------------------------------------------------------------------------------------------------------------------------------------------------------------------------------------
---------------------------------------------------------------------------
                            BURNER PROPERTIES
---------------------------------------------------------------------------
Burner              |           dPqP        TtOut        Wfuel          FAR
OD_TOfail.burner    |         0.0540      3330.00       4.8735      0.03116
--------------------------------------------------------------------------------------------------------------------------------------
                            TURBINE PROPERTIES
--------------------------------------------------------------------------------------------------------------------------------------
Turbine       |             Wp           PR        eff_a        eff_p           Np          pwr        NpMap        PRmap     alphaMap
OD_TOfail.hpt |         22.252        2.988        0.889        0.877      242.170    46613.278       99.971        5.974        1.000
OD_TOfail.lpt |         66.775        3.181        0.899        0.886       85.211    42588.711       99.486        5.929        1.000
-------------------------------------------------------------------------------------------------------------------------
                            NOZZLE PROPERTIES
-------------------------------------------------------------------------------------------------------------------------
Nozzle        |             PR           Cv          Cfg          Ath         MNth        MNout            V           Fg
OD_TOfail.core_nozz|          2.947        0.993        N/A        387.777        1.000        1.000     1948.595    15347.364
OD_TOfail.byp_nozz|          1.471        0.994        N/A       2491.699        0.763        0.763      858.758    29674.958
---------------------------------------------------------------------------------------------------------------------------
                            SHAFT PROPERTIES
---------------------------------------------------------------------------------------------------------------------------
Shaft               |                 Nmech               trqin              trqout               pwrin              pwrout
OD_TOfail.hp_shaft  |             13974.721           17518.637          -17424.679           46613.250          -46363.250
OD_TOfail.lp_shaft  |              4298.795           52033.324          -52033.324           42588.686          -42588.686
-----------------------------------------------------------------------------------------------------------------------
                            BLEED PROPERTIES
-----------------------------------------------------------------------------------------------------------------------
Bleed                    |         Wb/Win        Pfrac     Workfrac            W           Tt           ht           Pt
OD_TOfail.hpc.cool1      |          0.051        0.500        0.500       10.290     1118.527      140.589      247.007
OD_TOfail.hpc.cool2      |          0.020        0.550        0.500        4.114     1118.527      140.589      266.523
OD_TOfail.hpc.cust       |          0.044        0.500        0.500        9.030     1118.527      140.589      247.007
OD_TOfail.bld3.cool3     |          0.067        1.000        1.000       12.064     1451.270      226.281      442.167
OD_TOfail.bld3.cool4     |          0.061        1.000        1.000       10.994     1451.270      226.281      442.167
OD_TOfail.byp_bld.bypBld |          0.005        1.000        1.000        5.621      588.237       10.521       21.938
