


----------------------------------------------------------------------------
                              POINT: DESIGN
----------------------------------------------------------------------------
                       PERFORMANCE CHARACTERISTICS
    Mach      Alt       W      Fn      Fg    Fram     OPR     TSFC      BPR 
 0.74000  28000.0 700.048 12000.0 28159.2 16159.2  33.968  0.57067    5.900
------------------------------------------------------------------------------------------------------------------------------------------------
                            FLOW STATIONS
------------------------------------------------------------------------------------------------------------------------------------------------
------------------------------------------------------------------------------------------------------------------------------------------------
Flow Station           |          tot:P        tot:T        tot:h        tot:S       stat:P       stat:W      stat:MN       stat:V    stat:area
------------------------------------------------------------------------------------------------------------------------------------------------
DESIGN.fc.Fl_O         |          6.873      464.798      -19.097        1.657        4.776      700.048        0.740      742.670     4409.634
DESIGN.inlet.Fl_O      |          6.867      464.798      -19.097        1.657        4.949      700.048        0.700      706.205     4522.428
DESIGN.fan.Fl_O        |         12.016      554.395        2.391        1.661       10.762      700.048        0.400      454.480     4102.107
DESIGN.splitter.Fl_O1  |         12.016      554.395        2.391        1.661       11.193      101.456        0.320      365.618      718.547
DESIGN.splitter.Fl_O2  |         12.016      554.395        2.391        1.661       10.329      598.592        0.470      530.906     3092.060
DESIGN.duct4.Fl_O      |         11.959      554.395        2.391        1.661       11.090      101.456        0.330      376.805      702.810
DESIGN.lpc.Fl_O        |         14.351      586.433       10.088        1.662       13.482      101.456        0.300      352.893      655.398
DESIGN.duct6.Fl_O      |         14.206      586.433       10.088        1.663       13.052      101.456        0.350      410.413      578.426
DESIGN.hpc.Fl_O        |        233.243     1345.674      198.704        1.676      225.725       89.740        0.220      388.216       72.889
DESIGN.bld3.Fl_O       |        233.243     1345.674      198.704        1.676      220.370       78.211        0.290      510.211       49.196
DESIGN.burner.Fl_O     |        220.648     2880.000      193.985        1.922      219.237       80.113        0.100      251.685      222.747
DESIGN.hpt.Fl_O        |         51.749     2034.793       -4.107        1.915       47.787       91.642        0.350      742.397      275.134
DESIGN.duct11.Fl_O     |         51.485     2034.793       -4.107        1.915       48.432       91.642        0.306      651.055      310.923
DESIGN.lpt.Fl_O        |         10.168     1386.852     -156.290        1.919        9.191       98.844        0.390      688.930     1125.392
DESIGN.duct13.Fl_O     |         10.059     1386.852     -156.290        1.919        8.949       98.844        0.420      740.501     1070.939
DESIGN.core_nozz.Fl_O  |         10.059     1386.852     -156.290        1.919        5.387       98.844        1.000     1657.034      696.819
DESIGN.byp_bld.Fl_O    |         12.016      554.395        2.391        1.661       10.329      595.599        0.470      530.906     3076.600
DESIGN.duct15.Fl_O     |         11.837      554.395        2.391        1.662       10.045      595.599        0.490      552.488     3028.810
DESIGN.byp_nozz.Fl_O   |         11.837      554.395        2.391        1.662        6.252      595.599        1.000     1053.875     2227.743
------------------------------------------------------------------------------------------------------------------------------------------------
-------------------------------------------------------------------------------------------------------------------------------------------------------------------------------------------------------
                          COMPRESSOR PROPERTIES
-------------------------------------------------------------------------------------------------------------------------------------------------------------------------------------------------------
Compressor    |           Wc         Pr      eta_a      eta_p         Nc        pwr   RlineMap      NcMap      WcMap      PRmap   alphaMap        SMN        SMW     effMap
-------------------------------------------------------------------------------------------------------------------------------------------------------------------------------------------------------
DESIGN.fan    |     1418.315      1.750      0.900      0.908   5281.820 -21283.447      2.200      0.990      1.685    803.556      0.000     36.641     29.886      0.895
DESIGN.lpc    |      128.900      1.200      0.924      0.926   4836.218  -1104.742      2.150      1.000      1.935     87.666      0.000     15.987     15.644      0.924
DESIGN.hpc    |      111.604     16.419      0.907      0.935  12225.867 -25511.664      2.050      0.976      9.374     49.454      0.000     22.598     22.468      0.871
-------------------------------------------------------------------------------------------------------------------------------------------------------------------------------------------------------
---------------------------------------------------------------------------
                            BURNER PROPERTIES
---------------------------------------------------------------------------
Burner              |           dPqP        TtOut        Wfuel          FAR
DESIGN.burner       |         0.0540      2880.00       1.9022      0.02432
--------------------------------------------------------------------------------------------------------------------------------------
                            TURBINE PROPERTIES
--------------------------------------------------------------------------------------------------------------------------------------
Turbine       |             Wp           PR        eff_a        eff_p           Np          pwr        NpMap        PRmap     alphaMap
DESIGN.hpt    |         19.485        4.264        0.900        0.884      242.241    25761.664      100.000        6.000        1.000
DESIGN.lpt    |         80.292        5.063        0.900        0.880      110.843    22388.190      100.000        6.000        1.000
-------------------------------------------------------------------------------------------------------------------------
                            NOZZLE PROPERTIES
-------------------------------------------------------------------------------------------------------------------------
Nozzle        |             PR           Cv          Cfg          Ath         MNth        MNout            V           Fg
DESIGN.core_nozz|          2.106        0.993        N/A        696.819        1.000        1.000     1657.034     5482.266
DESIGN.byp_nozz|          2.478        0.994        N/A       2227.743        1.000        1.000     1053.875    22676.885
---------------------------------------------------------------------------------------------------------------------------
                            SHAFT PROPERTIES
---------------------------------------------------------------------------------------------------------------------------
Shaft               |                 Nmech               trqin              trqout               pwrin              pwrout
DESIGN.hp_shaft     |             13000.000           10407.930          -10306.928           25761.649          -25511.649
DESIGN.lp_shaft     |              5000.000           23517.047          -23517.047           22388.177          -22388.177
--------------------------------------------------------------------------------------------------------------------
                            BLEED PROPERTIES
--------------------------------------------------------------------------------------------------------------------
Bleed                 |         Wb/Win        Pfrac     Workfrac            W           Tt           ht           Pt
DESIGN.hpc.cool1      |          0.051        0.500        0.500        5.145      973.765      104.396      123.724
DESIGN.hpc.cool2      |          0.020        0.550        0.500        2.057      973.765      104.396      134.676
DESIGN.hpc.cust       |          0.044        0.500        0.500        4.515      973.765      104.396      123.724
DESIGN.bld3.cool3     |          0.067        1.000        1.000        6.032     1345.674      198.704      233.243
DESIGN.bld3.cool4     |          0.061        1.000        1.000        5.497     1345.674      198.704      233.243
DESIGN.byp_bld.bypBld |          0.005        1.000        1.000        2.993      554.395        2.391       12.016



----------------------------------------------------------------------------
                              POINT: OD_TOfail
----------------------------------------------------------------------------
                       PERFORMANCE CHARACTERISTICS
    Mach      Alt       W      Fn      Fg    Fram     OPR     TSFC      BPR 
 0.18000      0.0 1501.317 46004.7 55382.6  9377.9  39.193  0.43522    5.431
------------------------------------------------------------------------------------------------------------------------------------------------
                            FLOW STATIONS
------------------------------------------------------------------------------------------------------------------------------------------------
------------------------------------------------------------------------------------------------------------------------------------------------
Flow Station           |          tot:P        tot:T        tot:h        tot:S       stat:P       stat:W      stat:MN       stat:V    stat:area
------------------------------------------------------------------------------------------------------------------------------------------------
OD_TOfail.fc.Fl_O      |         15.032      522.033       -5.375        1.631       14.696     1501.317        0.180      200.974    14066.200
OD_TOfail.inlet.Fl_O   |         15.017      522.033       -5.375        1.631       10.164     1501.317        0.768      813.608     4522.428
OD_TOfail.fan.Fl_O     |         27.316      637.315       22.330        1.638       24.389     1501.317        0.406      494.036     4102.107
OD_TOfail.splitter.Fl_O|         27.316      637.315       22.330        1.638       25.078      233.433        0.352      429.878      718.547
OD_TOfail.splitter.Fl_O|         27.316      637.315       22.330        1.638       23.489     1267.883        0.470      568.592     3092.060
OD_TOfail.duct4.Fl_O   |         27.185      637.315       22.330        1.639       24.820      233.433        0.363      443.371      702.810
OD_TOfail.lpc.Fl_O     |         34.209      685.872       34.041        1.641       31.939      233.433        0.315      400.184      655.398
OD_TOfail.duct6.Fl_O   |         33.864      685.872       34.041        1.641       30.839      233.433        0.368      466.301      578.426
OD_TOfail.hpc.Fl_O     |        588.560     1581.677      260.810        1.656      570.031      206.476        0.218      415.914       72.889
OD_TOfail.bld3.Fl_O    |        588.560     1581.677      260.810        1.656      556.848      179.950        0.288      546.460       49.196
OD_TOfail.burner.Fl_O  |        556.778     3420.000      252.991        1.919      556.705      185.512        0.014       39.224     1550.003
OD_TOfail.hpt.Fl_O     |        132.516     2454.395       17.900        1.910      122.527      212.038        0.349      808.960      275.134
OD_TOfail.duct11.Fl_O  |        131.840     2454.395       17.900        1.911      124.143      212.038        0.306      709.464      310.923
OD_TOfail.lpt.Fl_O     |         26.219     1699.945     -166.616        1.913       23.735      228.607        0.390      757.434     1125.392
OD_TOfail.duct13.Fl_O  |         25.938     1699.945     -166.616        1.914       23.116      228.607        0.420      814.127     1070.939
OD_TOfail.core_nozz.Fl_|         25.938     1699.945     -166.616        1.914       14.696      228.607        0.956     1758.916      696.819
OD_TOfail.byp_bld.Fl_O |         27.316      637.315       22.330        1.638       23.489     1261.544        0.470      568.592     3076.600
OD_TOfail.duct15.Fl_O  |         26.909      637.315       22.330        1.639       22.844     1261.544        0.490      591.696     3028.810
OD_TOfail.byp_nozz.Fl_O|         26.909      637.315       22.330        1.639       14.696     1261.544        0.971     1102.584     2227.743
------------------------------------------------------------------------------------------------------------------------------------------------
-------------------------------------------------------------------------------------------------------------------------------------------------------------------------------------------------------
                          COMPRESSOR PROPERTIES
-------------------------------------------------------------------------------------------------------------------------------------------------------------------------------------------------------
Compressor    |           Wc         Pr      eta_a      eta_p         Nc        pwr   RlineMap      NcMap      WcMap      PRmap   alphaMap        SMN        SMW     effMap
-------------------------------------------------------------------------------------------------------------------------------------------------------------------------------------------------------
OD_TOfail.fan |     1473.982      1.819      0.843      0.855   5957.511 -58849.422      2.605      1.117      1.748    835.095      0.000     32.940     28.936      0.838
OD_TOfail.lpc |      139.881      1.258      0.886      0.890   5391.834  -3868.003      5.861      1.115      2.208     95.134      0.000      9.325      9.251      0.886
OD_TOfail.hpc |      116.493     17.380      0.903      0.932  12362.337 -70571.258      2.114      0.987      9.896     51.620      0.000     21.016     20.917      0.867
-------------------------------------------------------------------------------------------------------------------------------------------------------------------------------------------------------
---------------------------------------------------------------------------
                            BURNER PROPERTIES
---------------------------------------------------------------------------
Burner              |           dPqP        TtOut        Wfuel          FAR
OD_TOfail.burner    |         0.0540      3420.00       5.5618      0.03091
--------------------------------------------------------------------------------------------------------------------------------------
                            TURBINE PROPERTIES
--------------------------------------------------------------------------------------------------------------------------------------
Turbine       |             Wp           PR        eff_a        eff_p           Np          pwr        NpMap        PRmap     alphaMap
OD_TOfail.hpt |         19.485        4.202        0.901        0.886      243.088    70821.259      100.350        5.905        1.000
OD_TOfail.lpt |         79.678        5.028        0.900        0.881      120.641    62717.424      108.839        5.957        1.000
-------------------------------------------------------------------------------------------------------------------------
                            NOZZLE PROPERTIES
-------------------------------------------------------------------------------------------------------------------------
Nozzle        |             PR           Cv          Cfg          Ath         MNth        MNout            V           Fg
OD_TOfail.core_nozz|          1.765        0.993        N/A        696.819        0.956        0.956     1758.916    12413.963
OD_TOfail.byp_nozz|          1.831        0.994        N/A       2227.743        0.971        0.971     1102.584    42968.638
---------------------------------------------------------------------------------------------------------------------------
                            SHAFT PROPERTIES
---------------------------------------------------------------------------------------------------------------------------
Shaft               |                 Nmech               trqin              trqout               pwrin              pwrout
OD_TOfail.hp_shaft  |             14215.977           26165.000          -26072.637           70821.216          -70571.216
OD_TOfail.lp_shaft  |              5976.791           55112.984          -55112.984           62717.387          -62717.387
-----------------------------------------------------------------------------------------------------------------------
                            BLEED PROPERTIES
-----------------------------------------------------------------------------------------------------------------------
Bleed                    |         Wb/Win        Pfrac     Workfrac            W           Tt           ht           Pt
OD_TOfail.hpc.cool1      |          0.051        0.500        0.500       11.837     1145.590      147.426      311.212
OD_TOfail.hpc.cool2      |          0.020        0.550        0.500        4.733     1145.590      147.426      338.947
OD_TOfail.hpc.cust       |          0.044        0.500        0.500       10.388     1145.590      147.426      311.212
OD_TOfail.bld3.cool3     |          0.067        1.000        1.000       13.878     1581.677      260.810      588.560
OD_TOfail.bld3.cool4     |          0.061        1.000        1.000       12.648     1581.677      260.810      588.560
OD_TOfail.byp_bld.bypBld |          0.005        1.000        1.000        6.339      637.315       22.330       27.316
