


----------------------------------------------------------------------------
                              POINT: DESIGN
----------------------------------------------------------------------------
                       PERFORMANCE CHARACTERISTICS
    Mach      Alt       W      Fn      Fg    Fram     OPR     TSFC      BPR 
 0.74000  28000.0 650.000 11126.3 26130.2 15003.9  33.968  0.57148    5.900
------------------------------------------------------------------------------------------------------------------------------------------------
                            FLOW STATIONS
------------------------------------------------------------------------------------------------------------------------------------------------
------------------------------------------------------------------------------------------------------------------------------------------------
Flow Station           |          tot:P        tot:T        tot:h        tot:S       stat:P       stat:W      stat:MN       stat:V    stat:area
------------------------------------------------------------------------------------------------------------------------------------------------
DESIGN.fc.Fl_O         |          6.873      464.798      -19.097        1.657        4.776      650.000        0.740      742.670     4094.380
DESIGN.inlet.Fl_O      |          6.867      464.798      -19.097        1.657        4.949      650.000        0.700      706.205     4199.110
DESIGN.fan.Fl_O        |         12.016      554.395        2.391        1.661       10.458      650.000        0.450      509.208     3469.918
DESIGN.splitter.Fl_O1  |         12.016      554.395        2.391        1.661       11.193       94.203        0.320      365.618      667.176
DESIGN.splitter.Fl_O2  |         12.016      554.395        2.391        1.661       10.329      555.797        0.470      530.906     2871.002
DESIGN.duct4.Fl_O      |         11.959      554.395        2.391        1.661       11.090       94.203        0.330      376.805      652.565
DESIGN.lpc.Fl_O        |         14.351      586.433       10.088        1.662       13.482       94.203        0.300      352.893      608.542
DESIGN.duct6.Fl_O      |         14.206      586.433       10.088        1.663       13.052       94.203        0.350      410.413      537.073
DESIGN.hpc.Fl_O        |        233.243     1345.674      198.704        1.676      225.725       83.324        0.220      388.216       67.678
DESIGN.bld3.Fl_O       |        233.243     1345.674      198.704        1.676      220.370       72.620        0.290      510.211       45.679
DESIGN.burner.Fl_O     |        220.648     2880.000      193.985        1.922      219.237       74.386        0.100      251.685      206.822
DESIGN.hpt.Fl_O        |         51.588     2033.550       -4.466        1.915       47.638       85.090        0.350      742.182      256.179
DESIGN.duct11.Fl_O     |         51.325     2033.550       -4.466        1.915       48.281       85.090        0.306      650.867      289.502
DESIGN.lpt.Fl_O        |         10.124     1385.611     -156.623        1.919        9.151       91.777        0.390      688.639     1048.994
DESIGN.duct13.Fl_O     |         10.016     1385.611     -156.623        1.919        8.910       91.777        0.420      740.188      998.238
DESIGN.core_nozz.Fl_O  |         10.016     1385.611     -156.623        1.919        5.364       91.777        1.000     1656.310      649.519
DESIGN.byp_bld.Fl_O    |         12.016      554.395        2.391        1.661       10.329      553.018        0.470      530.906     2856.647
DESIGN.duct15.Fl_O     |         11.837      554.395        2.391        1.662       10.045      553.018        0.490      552.488     2812.274
DESIGN.byp_nozz.Fl_O   |         11.837      554.395        2.391        1.662        6.252      553.018        1.000     1053.875     2068.477
------------------------------------------------------------------------------------------------------------------------------------------------
-------------------------------------------------------------------------------------------------------------------------------------------------------------------------------------------------------
                          COMPRESSOR PROPERTIES
-------------------------------------------------------------------------------------------------------------------------------------------------------------------------------------------------------
Compressor    |           Wc         Pr      eta_a      eta_p         Nc        pwr   RlineMap      NcMap      WcMap      PRmap   alphaMap        SMN        SMW     effMap
-------------------------------------------------------------------------------------------------------------------------------------------------------------------------------------------------------
DESIGN.fan    |     1316.917      1.750      0.900      0.908   5281.820 -19761.849      2.200      0.990      1.685    803.556      0.000     36.641     29.886      0.895
DESIGN.lpc    |      119.685      1.200      0.924      0.926   4836.218  -1025.762      2.150      1.000      1.935     87.666      0.000     15.987     15.644      0.924
DESIGN.hpc    |      103.625     16.419      0.907      0.935  12225.867 -23687.782      2.050      0.976      9.374     49.454      0.000     22.598     22.468      0.871
-------------------------------------------------------------------------------------------------------------------------------------------------------------------------------------------------------
---------------------------------------------------------------------------
                            BURNER PROPERTIES
---------------------------------------------------------------------------
Burner              |           dPqP        TtOut        Wfuel          FAR
DESIGN.burner       |         0.0540      2880.00       1.7662      0.02432
--------------------------------------------------------------------------------------------------------------------------------------
                            TURBINE PROPERTIES
--------------------------------------------------------------------------------------------------------------------------------------
Turbine       |             Wp           PR        eff_a        eff_p           Np          pwr        NpMap        PRmap     alphaMap
DESIGN.hpt    |         18.092        4.277        0.900        0.884      242.241    23963.116      100.000        6.000        1.000
DESIGN.lpt    |         74.762        5.070        0.900        0.880      110.877    20787.611      100.000        6.000        1.000
-------------------------------------------------------------------------------------------------------------------------
                            NOZZLE PROPERTIES
-------------------------------------------------------------------------------------------------------------------------
Nozzle        |             PR           Cv          Cfg          Ath         MNth        MNout            V           Fg
DESIGN.core_nozz|          2.097        0.993        N/A        649.519        1.000        1.000     1656.310     5074.551
DESIGN.byp_nozz|          2.478        0.994        N/A       2068.477        1.000        1.000     1053.875    21055.666
---------------------------------------------------------------------------------------------------------------------------
                            SHAFT PROPERTIES
---------------------------------------------------------------------------------------------------------------------------
Shaft               |                 Nmech               trqin              trqout               pwrin              pwrout
DESIGN.hp_shaft     |             13000.000            9681.302           -9570.064           23963.102          -23687.767
DESIGN.lp_shaft     |              5000.000           21835.764          -21835.764           20787.599          -20787.599
--------------------------------------------------------------------------------------------------------------------
                            BLEED PROPERTIES
--------------------------------------------------------------------------------------------------------------------
Bleed                 |         Wb/Win        Pfrac     Workfrac            W           Tt           ht           Pt
DESIGN.hpc.cool1      |          0.051        0.500        0.500        4.777      973.765      104.396      123.724
DESIGN.hpc.cool2      |          0.020        0.550        0.500        1.910      973.765      104.396      134.676
DESIGN.hpc.cust       |          0.044        0.500        0.500        4.192      973.765      104.396      123.724
DESIGN.bld3.cool3     |          0.067        1.000        1.000        5.601     1345.674      198.704      233.243
DESIGN.bld3.cool4     |          0.061        1.000        1.000        5.104     1345.674      198.704      233.243
DESIGN.byp_bld.bypBld |          0.005        1.000        1.000        2.779      554.395        2.391       12.016



----------------------------------------------------------------------------
                              POINT: OD_TOfail
----------------------------------------------------------------------------
                       PERFORMANCE CHARACTERISTICS
    Mach      Alt       W      Fn      Fg    Fram     OPR     TSFC      BPR 
 0.18000      0.0 1394.428 42712.5 51422.8  8710.3  39.236  0.43549    5.426
------------------------------------------------------------------------------------------------------------------------------------------------
                            FLOW STATIONS
------------------------------------------------------------------------------------------------------------------------------------------------
------------------------------------------------------------------------------------------------------------------------------------------------
Flow Station           |          tot:P        tot:T        tot:h        tot:S       stat:P       stat:W      stat:MN       stat:V    stat:area
------------------------------------------------------------------------------------------------------------------------------------------------
OD_TOfail.fc.Fl_O      |         15.032      522.033       -5.375        1.631       14.696     1394.428        0.180      200.974    13064.737
OD_TOfail.inlet.Fl_O   |         15.017      522.033       -5.375        1.631       10.157     1394.428        0.769      814.240     4199.110
OD_TOfail.fan.Fl_O     |         27.324      637.461       22.365        1.638       23.679     1394.428        0.457      554.131     3469.918
OD_TOfail.splitter.Fl_O|         27.324      637.461       22.365        1.638       25.080      216.984        0.352      430.391      667.176
OD_TOfail.splitter.Fl_O|         27.324      637.461       22.365        1.638       23.495     1177.444        0.470      568.665     2871.002
OD_TOfail.duct4.Fl_O   |         27.193      637.461       22.365        1.639       24.822      216.984        0.364      443.904      652.565
OD_TOfail.lpc.Fl_O     |         34.144      685.659       33.990        1.641       31.863      216.984        0.316      401.400      608.542
OD_TOfail.duct6.Fl_O   |         33.799      685.659       33.990        1.641       30.760      216.984        0.370      467.781      537.073
OD_TOfail.hpc.Fl_O     |        589.201     1582.815      261.114        1.656      570.637      191.927        0.219      416.228       67.678
OD_TOfail.bld3.Fl_O    |        589.201     1582.815      261.114        1.656      557.429      167.270        0.288      546.883       45.679
OD_TOfail.burner.Fl_O  |        557.384     3420.000      253.290        1.919      557.321      172.437        0.013       36.419     1550.003
OD_TOfail.hpt.Fl_O     |        132.265     2453.051       17.764        1.910      122.298      197.094        0.349      808.660      256.179
OD_TOfail.duct11.Fl_O  |        131.591     2453.051       17.764        1.911      123.910      197.094        0.306      709.203      289.502
OD_TOfail.lpt.Fl_O     |         26.141     1698.615     -166.733        1.913       23.666      212.496        0.390      756.962     1048.994
OD_TOfail.duct13.Fl_O  |         25.861     1698.615     -166.733        1.914       23.048      212.496        0.420      813.614      998.238
OD_TOfail.core_nozz.Fl_|         25.861     1698.615     -166.733        1.914       14.696      212.496        0.954     1753.913      649.519
OD_TOfail.byp_bld.Fl_O |         27.324      637.461       22.365        1.638       23.495     1171.556        0.470      568.665     2856.647
OD_TOfail.duct15.Fl_O  |         26.917      637.461       22.365        1.639       22.850     1171.556        0.490      591.772     2812.274
OD_TOfail.byp_nozz.Fl_O|         26.917      637.461       22.365        1.639       14.696     1171.556        0.971     1102.940     2068.477
------------------------------------------------------------------------------------------------------------------------------------------------
-------------------------------------------------------------------------------------------------------------------------------------------------------------------------------------------------------
                          COMPRESSOR PROPERTIES
-------------------------------------------------------------------------------------------------------------------------------------------------------------------------------------------------------
Compressor    |           Wc         Pr      eta_a      eta_p         Nc        pwr   RlineMap      NcMap      WcMap      PRmap   alphaMap        SMN        SMW     effMap
-------------------------------------------------------------------------------------------------------------------------------------------------------------------------------------------------------
OD_TOfail.fan |     1369.040      1.820      0.842      0.855   5963.979 -54728.666      2.610      1.118      1.749    835.361      0.000     32.904     28.933      0.837
OD_TOfail.lpc |      130.003      1.256      0.884      0.888   5397.072  -3568.855      6.424      1.116      2.195     95.224      0.000     10.067      9.989      0.884
OD_TOfail.hpc |      108.475     17.433      0.903      0.932  12371.572 -65701.209      2.123      0.988      9.925     51.768      0.000     21.003     20.906      0.867
-------------------------------------------------------------------------------------------------------------------------------------------------------------------------------------------------------
---------------------------------------------------------------------------
                            BURNER PROPERTIES
---------------------------------------------------------------------------
Burner              |           dPqP        TtOut        Wfuel          FAR
OD_TOfail.burner    |         0.0540      3420.00       5.1669      0.03089
--------------------------------------------------------------------------------------------------------------------------------------
                            TURBINE PROPERTIES
--------------------------------------------------------------------------------------------------------------------------------------
Turbine       |             Wp           PR        eff_a        eff_p           Np          pwr        NpMap        PRmap     alphaMap
OD_TOfail.hpt |         18.092        4.214        0.901        0.886      243.232    65951.208      100.409        5.904        1.000
OD_TOfail.lpt |         74.182        5.034        0.900        0.881      120.805    58297.522      108.954        5.956        1.000
-------------------------------------------------------------------------------------------------------------------------
                            NOZZLE PROPERTIES
-------------------------------------------------------------------------------------------------------------------------
Nozzle        |             PR           Cv          Cfg          Ath         MNth        MNout            V           Fg
OD_TOfail.core_nozz|          1.760        0.993        N/A        649.519        0.954        0.954     1753.913    11506.235
OD_TOfail.byp_nozz|          1.832        0.994        N/A       2068.477        0.971        0.971     1102.940    39916.541
---------------------------------------------------------------------------------------------------------------------------
                            SHAFT PROPERTIES
---------------------------------------------------------------------------------------------------------------------------
Shaft               |                 Nmech               trqin              trqout               pwrin              pwrout
OD_TOfail.hp_shaft  |             14224.381           24351.358          -24259.050           65951.169          -65701.170
OD_TOfail.lp_shaft  |              5983.280           51173.432          -51173.432           58297.487          -58297.487
-----------------------------------------------------------------------------------------------------------------------
                            BLEED PROPERTIES
-----------------------------------------------------------------------------------------------------------------------
Bleed                    |         Wb/Win        Pfrac     Workfrac            W           Tt           ht           Pt
OD_TOfail.hpc.cool1      |          0.051        0.500        0.500       11.003     1146.088      147.552      311.500
OD_TOfail.hpc.cool2      |          0.020        0.550        0.500        4.399     1146.088      147.552      339.270
OD_TOfail.hpc.cust       |          0.044        0.500        0.500        9.656     1146.088      147.552      311.500
OD_TOfail.bld3.cool3     |          0.067        1.000        1.000       12.900     1582.815      261.114      589.201
OD_TOfail.bld3.cool4     |          0.061        1.000        1.000       11.757     1582.815      261.114      589.201
OD_TOfail.byp_bld.bypBld |          0.005        1.000        1.000        5.887      637.461       22.365       27.324



----------------------------------------------------------------------------
                              POINT: OD_TOC
----------------------------------------------------------------------------
                       PERFORMANCE CHARACTERISTICS
    Mach      Alt       W      Fn      Fg    Fram     OPR     TSFC      BPR 
 0.74000  28000.0 662.062 12000.0 27282.3 15282.3  36.346  0.58308    5.675
------------------------------------------------------------------------------------------------------------------------------------------------
                            FLOW STATIONS
------------------------------------------------------------------------------------------------------------------------------------------------
------------------------------------------------------------------------------------------------------------------------------------------------
Flow Station           |          tot:P        tot:T        tot:h        tot:S       stat:P       stat:W      stat:MN       stat:V    stat:area
------------------------------------------------------------------------------------------------------------------------------------------------
OD_TOC.fc.Fl_O         |          6.873      464.798      -19.097        1.657        4.776      662.062        0.740      742.670     4170.361
OD_TOC.inlet.Fl_O      |          6.867      464.798      -19.097        1.657        2.414      662.062        1.319     1200.653     4199.110
OD_TOC.fan.Fl_O        |         12.232      560.082        3.757        1.662       10.623      662.062        0.453      515.498     3469.918
OD_TOC.splitter.Fl_O1  |         12.232      560.082        3.757        1.662       11.320       99.179        0.335      383.809      667.176
OD_TOC.splitter.Fl_O2  |         12.232      560.082        3.757        1.662       10.514      562.883        0.470      533.617     2871.002
OD_TOC.duct4.Fl_O      |         12.173      560.082        3.757        1.663       11.211       99.179        0.345      395.685      652.565
OD_TOC.lpc.Fl_O        |         15.024      598.136       12.901        1.664       14.084       99.179        0.305      362.542      608.542
OD_TOC.duct6.Fl_O      |         14.872      598.136       12.901        1.665       13.622       99.179        0.356      421.909      537.073
OD_TOC.hpc.Fl_O        |        249.574     1379.887      207.600        1.678      241.590       87.726        0.219      391.632       67.678
OD_TOC.bld3.Fl_O       |        249.574     1379.887      207.600        1.678      235.905       76.456        0.289      514.640       45.679
OD_TOC.burner.Fl_O     |        236.097     2968.437      202.454        1.928      236.070       78.399        0.013       33.928     1550.003
OD_TOC.hpt.Fl_O        |         55.462     2102.089       -1.783        1.920       51.246       89.670        0.349      751.777      256.179
OD_TOC.duct11.Fl_O     |         55.179     2102.089       -1.783        1.921       51.930       89.670        0.306      659.336      289.502
OD_TOC.lpt.Fl_O        |         10.867     1435.214     -159.461        1.924        9.825       96.709        0.390      700.271     1048.994
OD_TOC.duct13.Fl_O     |         10.751     1435.214     -159.461        1.925        9.566       96.709        0.420      752.698      998.238
OD_TOC.core_nozz.Fl_O  |         10.751     1435.214     -159.461        1.925        5.764       96.709        1.000     1684.816      649.519
OD_TOC.byp_bld.Fl_O    |         12.232      560.082        3.757        1.662       10.514      560.068        0.470      533.617     2856.647
OD_TOC.duct15.Fl_O     |         12.050      560.082        3.757        1.663       10.226      560.068        0.490      555.309     2812.274
OD_TOC.byp_nozz.Fl_O   |         12.050      560.082        3.757        1.663        6.364      560.068        1.000     1059.265     2068.477
------------------------------------------------------------------------------------------------------------------------------------------------
-------------------------------------------------------------------------------------------------------------------------------------------------------------------------------------------------------
                          COMPRESSOR PROPERTIES
-------------------------------------------------------------------------------------------------------------------------------------------------------------------------------------------------------
Compressor    |           Wc         Pr      eta_a      eta_p         Nc        pwr   RlineMap      NcMap      WcMap      PRmap   alphaMap        SMN        SMW     effMap
-------------------------------------------------------------------------------------------------------------------------------------------------------------------------------------------------------
OD_TOC.fan    |     1341.355      1.781      0.875      0.885   5581.739 -21407.681      2.367      1.046      1.714    818.468      0.000     34.955     29.514      0.870
OD_TOC.lpc    |      124.419      1.234      0.910      0.913   5084.821  -1283.140      2.347      1.051      2.095     91.134      0.000     10.893     10.715      0.911
OD_TOC.hpc    |      105.246     16.782      0.906      0.934  12274.768 -25743.464      2.067      0.980      9.571     50.227      0.000     21.879     21.761      0.869
-------------------------------------------------------------------------------------------------------------------------------------------------------------------------------------------------------
---------------------------------------------------------------------------
                            BURNER PROPERTIES
---------------------------------------------------------------------------
Burner              |           dPqP        TtOut        Wfuel          FAR
OD_TOC.burner       |         0.0540      2968.44       1.9436      0.02542
--------------------------------------------------------------------------------------------------------------------------------------
                            TURBINE PROPERTIES
--------------------------------------------------------------------------------------------------------------------------------------
Turbine       |             Wp           PR        eff_a        eff_p           Np          pwr        NpMap        PRmap     alphaMap
OD_TOC.hpt    |         18.092        4.257        0.900        0.884      241.938    25993.464       99.875        5.969        1.000
OD_TOC.lpt    |         74.507        5.078        0.900        0.880      115.247    22690.820      103.941        6.010        1.000
-------------------------------------------------------------------------------------------------------------------------
                            NOZZLE PROPERTIES
-------------------------------------------------------------------------------------------------------------------------
Nozzle        |             PR           Cv          Cfg          Ath         MNth        MNout            V           Fg
OD_TOC.core_nozz|          2.251        0.993        N/A        649.519        1.000        1.000     1684.816     5671.685
OD_TOC.byp_nozz|          2.523        0.994        N/A       2068.477        1.000        1.000     1059.265    21610.647
---------------------------------------------------------------------------------------------------------------------------
                            SHAFT PROPERTIES
---------------------------------------------------------------------------------------------------------------------------
Shaft               |                 Nmech               trqin              trqout               pwrin              pwrout
OD_TOC.hp_shaft     |             13181.590           10356.909          -10257.299           25993.449          -25743.449
OD_TOC.lp_shaft     |              5283.917           22554.232          -22554.232           22690.807          -22690.807
--------------------------------------------------------------------------------------------------------------------
                            BLEED PROPERTIES
--------------------------------------------------------------------------------------------------------------------
Bleed                 |         Wb/Win        Pfrac     Workfrac            W           Tt           ht           Pt
OD_TOC.hpc.cool1      |          0.051        0.500        0.500        5.029      997.353      110.251      132.223
OD_TOC.hpc.cool2      |          0.020        0.550        0.500        2.011      997.353      110.251      143.958
OD_TOC.hpc.cust       |          0.044        0.500        0.500        4.413      997.353      110.251      132.223
OD_TOC.bld3.cool3     |          0.067        1.000        1.000        5.896     1379.887      207.600      249.574
OD_TOC.bld3.cool4     |          0.061        1.000        1.000        5.374     1379.887      207.600      249.574
OD_TOC.byp_bld.bypBld |          0.005        1.000        1.000        2.814      560.082        3.757       12.232



----------------------------------------------------------------------------
                              POINT: OD_SLS
----------------------------------------------------------------------------
                       PERFORMANCE CHARACTERISTICS
    Mach      Alt       W      Fn      Fg    Fram     OPR     TSFC      BPR 
 0.00001      0.0 1372.691 50000.0 50000.5     0.5  39.796  0.37069    5.391
------------------------------------------------------------------------------------------------------------------------------------------------
                            FLOW STATIONS
------------------------------------------------------------------------------------------------------------------------------------------------
------------------------------------------------------------------------------------------------------------------------------------------------
Flow Station           |          tot:P        tot:T        tot:h        tot:S       stat:P       stat:W      stat:MN       stat:V    stat:area
------------------------------------------------------------------------------------------------------------------------------------------------
OD_SLS.fc.Fl_O         |         14.696      518.670       -6.182        1.631       14.696     1372.691        0.000        0.011231499432.889
OD_SLS.inlet.Fl_O      |         14.681      518.670       -6.182        1.631        0.001     1372.691     3305.410  2164493.226     4199.110
OD_SLS.fan.Fl_O        |         26.848      635.203       21.821        1.639       23.266     1372.691        0.457      553.196     3469.918
OD_SLS.splitter.Fl_O1  |         26.848      635.203       21.821        1.639       24.616      214.787        0.355      432.387      667.176
OD_SLS.splitter.Fl_O2  |         26.848      635.203       21.821        1.639       23.095     1157.904        0.469      566.962     2871.002
OD_SLS.duct4.Fl_O      |         26.720      635.203       21.821        1.639       24.361      214.787        0.366      445.990      652.565
OD_SLS.lpc.Fl_O        |         33.494      683.369       33.437        1.641       31.221      214.787        0.319      404.029      608.542
OD_SLS.duct6.Fl_O      |         33.155      683.369       33.437        1.642       30.125      214.787        0.373      471.011      537.073
OD_SLS.hpc.Fl_O        |        584.259     1583.132      261.199        1.656      565.914      189.983        0.218      415.548       67.678
OD_SLS.bld3.Fl_O       |        584.259     1583.132      261.199        1.656      552.864      165.576        0.287      545.953       45.679
OD_SLS.burner.Fl_O     |        552.709     3430.649      253.322        1.921      552.646      170.725        0.013       36.476     1550.003
OD_SLS.hpt.Fl_O        |        131.267     2461.446       17.173        1.912      121.389      195.132        0.349      809.398      256.179
OD_SLS.duct11.Fl_O     |        130.597     2461.446       17.173        1.912      122.986      195.132        0.306      709.865      289.502
OD_SLS.lpt.Fl_O        |         25.945     1704.758     -167.970        1.915       23.492      210.378        0.390      757.722     1048.994
OD_SLS.duct13.Fl_O     |         25.667     1704.758     -167.970        1.915       22.880      210.378        0.419      814.415      998.238
OD_SLS.core_nozz.Fl_O  |         25.667     1704.758     -167.970        1.915       14.696      210.378        0.947     1746.218      649.519
OD_SLS.byp_bld.Fl_O    |         26.848      635.203       21.821        1.639       23.095     1152.114        0.469      566.962     2856.647
OD_SLS.duct15.Fl_O     |         26.448      635.203       21.821        1.640       22.462     1152.114        0.489      589.981     2812.274
OD_SLS.byp_nozz.Fl_O   |         26.448      635.203       21.821        1.640       14.696     1152.114        0.956     1086.216     2068.477
------------------------------------------------------------------------------------------------------------------------------------------------
-------------------------------------------------------------------------------------------------------------------------------------------------------------------------------------------------------
                          COMPRESSOR PROPERTIES
-------------------------------------------------------------------------------------------------------------------------------------------------------------------------------------------------------
Compressor    |           Wc         Pr      eta_a      eta_p         Nc        pwr   RlineMap      NcMap      WcMap      PRmap   alphaMap        SMN        SMW     effMap
-------------------------------------------------------------------------------------------------------------------------------------------------------------------------------------------------------
OD_SLS.fan    |     1374.070      1.829      0.837      0.850   6038.639 -54386.003      2.655      1.132      1.757    838.430      0.000     32.259     28.677      0.832
OD_SLS.lpc    |      130.734      1.254      0.875      0.879   5456.679  -3529.924     12.135      1.128      2.185     95.760      0.000     11.123     11.052      0.875
OD_SLS.hpc    |      109.279     17.622      0.902      0.932  12395.913 -65218.587      2.131      0.990     10.028     52.152      0.000     20.615     20.523      0.866
-------------------------------------------------------------------------------------------------------------------------------------------------------------------------------------------------------
---------------------------------------------------------------------------
                            BURNER PROPERTIES
---------------------------------------------------------------------------
Burner              |           dPqP        TtOut        Wfuel          FAR
OD_SLS.burner       |         0.0540      3430.65       5.1484      0.03109
--------------------------------------------------------------------------------------------------------------------------------------
                            TURBINE PROPERTIES
--------------------------------------------------------------------------------------------------------------------------------------
Turbine       |             Wp           PR        eff_a        eff_p           Np          pwr        NpMap        PRmap     alphaMap
OD_SLS.hpt    |         18.092        4.211        0.901        0.886      242.925    65468.587      100.283        5.898        1.000
OD_SLS.lpt    |         74.129        5.034        0.900        0.881      121.715    57915.928      109.774        5.956        1.000
-------------------------------------------------------------------------------------------------------------------------
                            NOZZLE PROPERTIES
-------------------------------------------------------------------------------------------------------------------------
Nozzle        |             PR           Cv          Cfg          Ath         MNth        MNout            V           Fg
OD_SLS.core_nozz|          1.747        0.993        N/A        649.519        0.947        0.947     1746.218    11341.587
OD_SLS.byp_nozz|          1.800        0.994        N/A       2068.477        0.956        0.956     1086.216    38658.890
---------------------------------------------------------------------------------------------------------------------------
                            SHAFT PROPERTIES
---------------------------------------------------------------------------------------------------------------------------
Shaft               |                 Nmech               trqin              trqout               pwrin              pwrout
OD_SLS.hp_shaft     |             14228.550           24166.075          -24073.794           65468.548          -65218.548
OD_SLS.lp_shaft     |              6038.639           50372.411          -50372.411           57915.893          -57915.893
--------------------------------------------------------------------------------------------------------------------
                            BLEED PROPERTIES
--------------------------------------------------------------------------------------------------------------------
Bleed                 |         Wb/Win        Pfrac     Workfrac            W           Tt           ht           Pt
OD_SLS.hpc.cool1      |          0.051        0.500        0.500       10.891     1145.163      147.318      308.707
OD_SLS.hpc.cool2      |          0.020        0.550        0.500        4.355     1145.163      147.318      336.262
OD_SLS.hpc.cust       |          0.044        0.500        0.500        9.558     1145.163      147.318      308.707
OD_SLS.bld3.cool3     |          0.067        1.000        1.000       12.770     1583.132      261.199      584.259
OD_SLS.bld3.cool4     |          0.061        1.000        1.000       11.638     1583.132      261.199      584.259
OD_SLS.byp_bld.bypBld |          0.005        1.000        1.000        5.790      635.203       21.821       26.848
