


----------------------------------------------------------------------------
                              POINT: DESIGN
----------------------------------------------------------------------------
                       PERFORMANCE CHARACTERISTICS
    Mach      Alt       W      Fn      Fg    Fram     OPR     TSFC      BPR 
 0.78000  28000.0 650.000 10757.1 26572.0 15814.9  33.968  0.58621    5.900
------------------------------------------------------------------------------------------------------------------------------------------------
                            FLOW STATIONS
------------------------------------------------------------------------------------------------------------------------------------------------
------------------------------------------------------------------------------------------------------------------------------------------------
Flow Station           |          tot:P        tot:T        tot:h        tot:S       stat:P       stat:W      stat:MN       stat:V    stat:area
------------------------------------------------------------------------------------------------------------------------------------------------
DESIGN.fc.Fl_O         |          7.141      469.901      -17.874        1.657        4.776      650.000        0.780      782.814     3884.412
DESIGN.inlet.Fl_O      |          7.134      469.901      -17.874        1.657        5.142      650.000        0.700      710.068     4064.014
DESIGN.fan.Fl_O        |         12.484      560.470        3.850        1.661       10.864      650.000        0.450      511.977     3358.312
DESIGN.splitter.Fl_O1  |         12.484      560.470        3.850        1.661       11.629       94.203        0.320      367.604      645.721
DESIGN.splitter.Fl_O2  |         12.484      560.470        3.850        1.661       10.731      555.797        0.470      533.794     2778.657
DESIGN.duct4.Fl_O      |         12.424      560.470        3.850        1.661       11.522       94.203        0.330      378.853      631.579
DESIGN.lpc.Fl_O        |         14.909      592.852       11.631        1.662       14.007       94.203        0.300      354.805      588.975
DESIGN.duct6.Fl_O      |         14.758      592.852       11.631        1.663       13.560       94.203        0.350      412.637      519.803
DESIGN.hpc.Fl_O        |        242.317     1359.333      202.251        1.676      234.511       83.324        0.220      390.068       65.492
DESIGN.bld3.Fl_O       |        242.317     1359.333      202.251        1.676      228.951       72.620        0.290      512.649       44.204
DESIGN.burner.Fl_O     |        229.232     2880.000      197.487        1.919      227.767       74.371        0.100      251.697      199.028
DESIGN.hpt.Fl_O        |         52.668     2027.666       -3.019        1.913       48.634       85.076        0.350      741.195      250.491
DESIGN.duct11.Fl_O     |         52.399     2027.666       -3.019        1.913       49.291       85.076        0.306      650.003      283.073
DESIGN.lpt.Fl_O        |         10.052     1373.607     -156.877        1.917        9.086       91.763        0.390      685.837     1051.489
DESIGN.duct13.Fl_O     |          9.944     1373.607     -156.877        1.917        8.846       91.763        0.420      737.173     1000.617
DESIGN.core_nozz.Fl_O  |          9.944     1373.607     -156.877        1.917        5.324       91.763        1.000     1649.318      651.108
DESIGN.byp_bld.Fl_O    |         12.484      560.470        3.850        1.661       10.731      553.018        0.470      533.794     2764.764
DESIGN.duct15.Fl_O     |         12.298      560.470        3.850        1.662       10.436      553.018        0.490      555.494     2721.815
DESIGN.byp_nozz.Fl_O   |         12.298      560.470        3.850        1.662        6.495      553.018        1.000     1059.632     2001.924
------------------------------------------------------------------------------------------------------------------------------------------------
-------------------------------------------------------------------------------------------------------------------------------------------------------------------------------------------------------
                          COMPRESSOR PROPERTIES
-------------------------------------------------------------------------------------------------------------------------------------------------------------------------------------------------------
Compressor    |           Wc         Pr      eta_a      eta_p         Nc        pwr   RlineMap      NcMap      WcMap      PRmap   alphaMap        SMN        SMW     effMap
-------------------------------------------------------------------------------------------------------------------------------------------------------------------------------------------------------
DESIGN.fan    |     1274.539      1.750      0.900      0.908   5253.059 -19978.679      2.200      0.990      1.685    803.556      0.000     36.641     29.886      0.895
DESIGN.lpc    |      115.832      1.200      0.924      0.926   4809.935  -1036.998      2.150      1.000      1.935     87.666      0.000     15.987     15.644      0.924
DESIGN.hpc    |      100.289     16.419      0.907      0.935  12159.498 -23939.519      2.050      0.976      9.374     49.454      0.000     22.598     22.468      0.871
-------------------------------------------------------------------------------------------------------------------------------------------------------------------------------------------------------
---------------------------------------------------------------------------
                            BURNER PROPERTIES
---------------------------------------------------------------------------
Burner              |           dPqP        TtOut        Wfuel          FAR
DESIGN.burner       |         0.0540      2880.00       1.7516      0.02412
--------------------------------------------------------------------------------------------------------------------------------------
                            TURBINE PROPERTIES
--------------------------------------------------------------------------------------------------------------------------------------
Turbine       |             Wp           PR        eff_a        eff_p           Np          pwr        NpMap        PRmap     alphaMap
DESIGN.hpt    |         17.411        4.352        0.900        0.883      242.241    24207.128      100.000        6.000        1.000
DESIGN.lpt    |         73.110        5.213        0.900        0.879      111.038    21015.677      100.000        6.000        1.000
-------------------------------------------------------------------------------------------------------------------------
                            NOZZLE PROPERTIES
-------------------------------------------------------------------------------------------------------------------------
Nozzle        |             PR           Cv          Cfg          Ath         MNth        MNout            V           Fg
DESIGN.core_nozz|          2.082        0.993        N/A        651.108        1.000        1.000     1649.318     5029.134
DESIGN.byp_nozz|          2.575        0.994        N/A       2001.924        1.000        1.000     1059.632    21542.910
---------------------------------------------------------------------------------------------------------------------------
                            SHAFT PROPERTIES
---------------------------------------------------------------------------------------------------------------------------
Shaft               |                 Nmech               trqin              trqout               pwrin              pwrout
DESIGN.hp_shaft     |             13000.000            9779.885           -9671.768           24207.114          -23939.505
DESIGN.lp_shaft     |              5000.000           22075.330          -22075.330           21015.665          -21015.665
--------------------------------------------------------------------------------------------------------------------
                            BLEED PROPERTIES
--------------------------------------------------------------------------------------------------------------------
Bleed                 |         Wb/Win        Pfrac     Workfrac            W           Tt           ht           Pt
DESIGN.hpc.cool1      |          0.051        0.500        0.500        4.777      984.027      106.941      128.538
DESIGN.hpc.cool2      |          0.020        0.550        0.500        1.910      984.026      106.941      139.916
DESIGN.hpc.cust       |          0.044        0.500        0.500        4.192      984.027      106.941      128.538
DESIGN.bld3.cool3     |          0.067        1.000        1.000        5.601     1359.333      202.251      242.317
DESIGN.bld3.cool4     |          0.061        1.000        1.000        5.104     1359.333      202.251      242.317
DESIGN.byp_bld.bypBld |          0.005        1.000        1.000        2.779      560.470        3.850       12.484



----------------------------------------------------------------------------
                              POINT: OD_TOfail
----------------------------------------------------------------------------
                       PERFORMANCE CHARACTERISTICS
    Mach      Alt       W      Fn      Fg    Fram     OPR     TSFC      BPR 
 0.18000      0.0 1354.661 41378.2 49840.1  8461.9  39.795  0.43665    5.395
------------------------------------------------------------------------------------------------------------------------------------------------
                            FLOW STATIONS
------------------------------------------------------------------------------------------------------------------------------------------------
------------------------------------------------------------------------------------------------------------------------------------------------
Flow Station           |          tot:P        tot:T        tot:h        tot:S       stat:P       stat:W      stat:MN       stat:V    stat:area
------------------------------------------------------------------------------------------------------------------------------------------------
OD_TOfail.fc.Fl_O      |         15.032      522.033       -5.375        1.631       14.696     1354.661        0.180      200.974    12692.151
OD_TOfail.inlet.Fl_O   |         15.017      522.033       -5.375        1.631       10.078     1354.661        0.777      821.887     4064.014
OD_TOfail.fan.Fl_O     |         27.436      639.230       22.791        1.639       23.767     1354.661        0.458      555.636     3358.312
OD_TOfail.splitter.Fl_O|         27.436      639.230       22.791        1.639       25.154      211.827        0.355      433.913      645.721
OD_TOfail.splitter.Fl_O|         27.436      639.230       22.791        1.639       23.590     1142.834        0.470      569.563     2778.657
OD_TOfail.duct4.Fl_O   |         27.305      639.230       22.791        1.639       24.892      211.827        0.366      447.566      631.579
OD_TOfail.lpc.Fl_O     |         34.192      687.529       34.442        1.641       31.866      211.827        0.319      405.801      588.975
OD_TOfail.duct6.Fl_O   |         33.847      687.529       34.442        1.642       30.745      211.827        0.374      473.105      519.803
OD_TOfail.hpc.Fl_O     |        597.603     1592.786      263.775        1.656      578.862      187.365        0.218      416.557       65.492
OD_TOfail.bld3.Fl_O    |        597.603     1592.786      263.775        1.656      565.531      163.294        0.287      547.273       44.204
OD_TOfail.burner.Fl_O  |        565.333     3420.000      255.910        1.918      565.274      168.313        0.013       35.048     1550.003
OD_TOfail.hpt.Fl_O     |        131.927     2446.131       18.044        1.910      121.998      192.384        0.349      806.971      250.491
OD_TOfail.duct11.Fl_O  |        131.254     2446.131       18.044        1.910      123.603      192.384        0.306      707.741      283.073
OD_TOfail.lpt.Fl_O     |         25.417     1684.999     -168.308        1.913       23.024      207.420        0.389      751.674     1051.489
OD_TOfail.duct13.Fl_O  |         25.145     1684.999     -168.308        1.913       22.426      207.420        0.418      807.850     1000.617
OD_TOfail.core_nozz.Fl_|         25.145     1684.999     -168.308        1.913       14.696      207.420        0.928     1705.728      651.108
OD_TOfail.byp_bld.Fl_O |         27.436      639.230       22.791        1.639       23.590     1137.120        0.470      569.563     2764.764
OD_TOfail.duct15.Fl_O  |         27.027      639.230       22.791        1.640       22.943     1137.120        0.490      592.710     2721.815
OD_TOfail.byp_nozz.Fl_O|         27.027      639.230       22.791        1.640       14.696     1137.120        0.975     1107.894     2001.924
------------------------------------------------------------------------------------------------------------------------------------------------
-------------------------------------------------------------------------------------------------------------------------------------------------------------------------------------------------------
                          COMPRESSOR PROPERTIES
-------------------------------------------------------------------------------------------------------------------------------------------------------------------------------------------------------
Compressor    |           Wc         Pr      eta_a      eta_p         Nc        pwr   RlineMap      NcMap      WcMap      PRmap   alphaMap        SMN        SMW     effMap
-------------------------------------------------------------------------------------------------------------------------------------------------------------------------------------------------------
OD_TOfail.fan |     1329.997      1.827      0.836      0.849   6007.951 -53984.981      2.662      1.132      1.755    838.521      0.000     32.379     28.805      0.831
OD_TOfail.lpc |      126.569      1.252      0.874      0.878   5429.333  -3491.670     12.843      1.129      2.179     95.792      0.000     11.463     11.391      0.874
OD_TOfail.hpc |      105.892     17.656      0.902      0.932  12332.732 -64763.574      2.132      0.990     10.046     52.216      0.000     20.536     20.444      0.866
-------------------------------------------------------------------------------------------------------------------------------------------------------------------------------------------------------
---------------------------------------------------------------------------
                            BURNER PROPERTIES
---------------------------------------------------------------------------
Burner              |           dPqP        TtOut        Wfuel          FAR
OD_TOfail.burner    |         0.0540      3420.00       5.0188      0.03073
--------------------------------------------------------------------------------------------------------------------------------------
                            TURBINE PROPERTIES
--------------------------------------------------------------------------------------------------------------------------------------
Turbine       |             Wp           PR        eff_a        eff_p           Np          pwr        NpMap        PRmap     alphaMap
OD_TOfail.hpt |         17.411        4.285        0.901        0.886      242.799    65013.574      100.230        5.900        1.000
OD_TOfail.lpt |         72.493        5.164        0.900        0.880      121.868    57476.651      109.753        5.942        1.000
-------------------------------------------------------------------------------------------------------------------------
                            NOZZLE PROPERTIES
-------------------------------------------------------------------------------------------------------------------------
Nozzle        |             PR           Cv          Cfg          Ath         MNth        MNout            V           Fg
OD_TOfail.core_nozz|          1.711        0.993        N/A        651.108        0.928        0.928     1705.728    10922.824
OD_TOfail.byp_nozz|          1.839        0.994        N/A       2001.924        0.975        0.975     1107.894    38917.248
---------------------------------------------------------------------------------------------------------------------------
                            SHAFT PROPERTIES
---------------------------------------------------------------------------------------------------------------------------
Shaft               |                 Nmech               trqin              trqout               pwrin              pwrout
OD_TOfail.hp_shaft  |             14199.054           24047.972          -23955.499           65013.535          -64763.535
OD_TOfail.lp_shaft  |              6027.395           50083.612          -50083.612           57476.617          -57476.617
-----------------------------------------------------------------------------------------------------------------------
                            BLEED PROPERTIES
-----------------------------------------------------------------------------------------------------------------------
Bleed                    |         Wb/Win        Pfrac     Workfrac            W           Tt           ht           Pt
OD_TOfail.hpc.cool1      |          0.051        0.500        0.500       10.741     1152.236      149.109      315.725
OD_TOfail.hpc.cool2      |          0.020        0.550        0.500        4.295     1152.236      149.109      343.913
OD_TOfail.hpc.cust       |          0.044        0.500        0.500        9.426     1152.236      149.109      315.725
OD_TOfail.bld3.cool3     |          0.067        1.000        1.000       12.594     1592.786      263.775      597.603
OD_TOfail.bld3.cool4     |          0.061        1.000        1.000       11.477     1592.786      263.775      597.603
OD_TOfail.byp_bld.bypBld |          0.005        1.000        1.000        5.714      639.230       22.791       27.436



----------------------------------------------------------------------------
                              POINT: OD_TOC
----------------------------------------------------------------------------
                       PERFORMANCE CHARACTERISTICS
    Mach      Alt       W      Fn      Fg    Fram     OPR     TSFC      BPR 
 0.74000  28000.0 648.130 12000.0 26960.7 14960.7  38.024  0.59106    5.536
------------------------------------------------------------------------------------------------------------------------------------------------
                            FLOW STATIONS
------------------------------------------------------------------------------------------------------------------------------------------------
------------------------------------------------------------------------------------------------------------------------------------------------
Flow Station           |          tot:P        tot:T        tot:h        tot:S       stat:P       stat:W      stat:MN       stat:V    stat:area
------------------------------------------------------------------------------------------------------------------------------------------------
OD_TOC.fc.Fl_O         |          6.873      464.798      -19.097        1.657        4.776      648.130        0.740      742.670     4082.603
OD_TOC.inlet.Fl_O      |          6.867      464.798      -19.097        1.657        4.725      648.130        0.750      752.020     4064.014
OD_TOC.fan.Fl_O        |         12.373      564.324        4.776        1.663       10.731      648.130        0.456      519.896     3358.312
OD_TOC.splitter.Fl_O1  |         12.373      564.324        4.776        1.663       11.399       99.164        0.344      396.233      645.721
OD_TOC.splitter.Fl_O2  |         12.373      564.324        4.776        1.663       10.636      548.967        0.470      535.622     2778.657
OD_TOC.duct4.Fl_O      |         12.314      564.324        4.776        1.664       11.285       99.164        0.355      408.592      631.579
OD_TOC.lpc.Fl_O        |         15.454      606.428       14.895        1.665       14.464       99.164        0.309      369.568      588.975
OD_TOC.duct6.Fl_O      |         15.298      606.428       14.895        1.666       13.980       99.164        0.361      430.296      519.803
OD_TOC.hpc.Fl_O        |        261.096     1404.736      214.085        1.680      252.804       87.712        0.219      393.686       65.492
OD_TOC.bld3.Fl_O       |        261.096     1404.736      214.085        1.680      246.903       76.444        0.288      517.280       44.204
OD_TOC.burner.Fl_O     |        246.997     3007.778      208.706        1.929      246.971       78.414        0.013       32.866     1550.003
OD_TOC.hpt.Fl_O        |         57.177     2126.622       -0.120        1.922       52.850       89.682        0.348      754.418      250.491
OD_TOC.duct11.Fl_O     |         56.885     2126.622       -0.120        1.922       53.551       89.682        0.305      661.694      283.073
OD_TOC.lpt.Fl_O        |         10.879     1444.484     -162.124        1.926        9.836       96.721        0.390      702.462     1051.489
OD_TOC.duct13.Fl_O     |         10.762     1444.484     -162.124        1.927        9.577       96.721        0.420      755.052     1000.617
OD_TOC.core_nozz.Fl_O  |         10.762     1444.484     -162.124        1.927        5.771       96.721        1.000     1690.061      651.108
OD_TOC.byp_bld.Fl_O    |         12.373      564.324        4.776        1.663       10.636      546.222        0.470      535.622     2764.764
OD_TOC.duct15.Fl_O     |         12.189      564.324        4.776        1.664       10.343      546.222        0.490      557.396     2721.815
OD_TOC.byp_nozz.Fl_O   |         12.189      564.324        4.776        1.664        6.437      546.222        1.000     1063.267     2001.924
------------------------------------------------------------------------------------------------------------------------------------------------
-------------------------------------------------------------------------------------------------------------------------------------------------------------------------------------------------------
                          COMPRESSOR PROPERTIES
-------------------------------------------------------------------------------------------------------------------------------------------------------------------------------------------------------
Compressor    |           Wc         Pr      eta_a      eta_p         Nc        pwr   RlineMap      NcMap      WcMap      PRmap   alphaMap        SMN        SMW     effMap
-------------------------------------------------------------------------------------------------------------------------------------------------------------------------------------------------------
OD_TOC.fan    |     1313.129      1.802      0.856      0.868   5758.265 -21891.333      2.495      1.085      1.732    827.886      0.000     33.970     29.238      0.851
OD_TOC.lpc    |      123.448      1.255      0.897      0.901   5225.880  -1419.811      2.931      1.086      2.192     93.430      0.000      8.309      8.215      0.897
OD_TOC.hpc    |      103.003     17.067      0.905      0.934  12243.851 -26333.051      2.075      0.983      9.726     50.792      0.000     21.232     21.122      0.869
-------------------------------------------------------------------------------------------------------------------------------------------------------------------------------------------------------
---------------------------------------------------------------------------
                            BURNER PROPERTIES
---------------------------------------------------------------------------
Burner              |           dPqP        TtOut        Wfuel          FAR
OD_TOC.burner       |         0.0540      3007.78       1.9702      0.02577
--------------------------------------------------------------------------------------------------------------------------------------
                            TURBINE PROPERTIES
--------------------------------------------------------------------------------------------------------------------------------------
Turbine       |             Wp           PR        eff_a        eff_p           Np          pwr        NpMap        PRmap     alphaMap
OD_TOC.hpt    |         17.411        4.320        0.900        0.884      241.401    26583.051       99.653        5.951        1.000
OD_TOC.lpt    |         72.703        5.229        0.900        0.880      118.204    23311.144      106.454        6.019        1.000
-------------------------------------------------------------------------------------------------------------------------
                            NOZZLE PROPERTIES
-------------------------------------------------------------------------------------------------------------------------
Nozzle        |             PR           Cv          Cfg          Ath         MNth        MNout            V           Fg
OD_TOC.core_nozz|          2.253        0.993        N/A        651.108        1.000        1.000     1690.061     5694.445
OD_TOC.byp_nozz|          2.552        0.994        N/A       2001.924        1.000        1.000     1063.267    21266.296
---------------------------------------------------------------------------------------------------------------------------
                            SHAFT PROPERTIES
---------------------------------------------------------------------------------------------------------------------------
Shaft               |                 Nmech               trqin              trqout               pwrin              pwrout
OD_TOC.hp_shaft     |             13239.215           10545.724          -10446.547           26583.036          -26333.036
OD_TOC.lp_shaft     |              5451.024           22460.495          -22460.495           23311.131          -23311.131
--------------------------------------------------------------------------------------------------------------------
                            BLEED PROPERTIES
--------------------------------------------------------------------------------------------------------------------
Bleed                 |         Wb/Win        Pfrac     Workfrac            W           Tt           ht           Pt
OD_TOC.hpc.cool1      |          0.051        0.500        0.500        5.028     1014.393      114.490      138.197
OD_TOC.hpc.cool2      |          0.020        0.550        0.500        2.010     1014.393      114.490      150.487
OD_TOC.hpc.cust       |          0.044        0.500        0.500        4.413     1014.393      114.490      138.197
OD_TOC.bld3.cool3     |          0.067        1.000        1.000        5.895     1404.736      214.085      261.096
OD_TOC.bld3.cool4     |          0.061        1.000        1.000        5.373     1404.736      214.085      261.096
OD_TOC.byp_bld.bypBld |          0.005        1.000        1.000        2.745      564.324        4.776       12.373



----------------------------------------------------------------------------
                              POINT: OD_SLS
----------------------------------------------------------------------------
                       PERFORMANCE CHARACTERISTICS
    Mach      Alt       W      Fn      Fg    Fram     OPR     TSFC      BPR 
 0.00001      0.0 1190.155 100375.9 100376.3     0.4 -210.900  0.40584    3.796
------------------------------------------------------------------------------------------------------------------------------------------------
                            FLOW STATIONS
------------------------------------------------------------------------------------------------------------------------------------------------
------------------------------------------------------------------------------------------------------------------------------------------------
Flow Station           |          tot:P        tot:T        tot:h        tot:S       stat:P       stat:W      stat:MN       stat:V    stat:area
------------------------------------------------------------------------------------------------------------------------------------------------
OD_SLS.fc.Fl_O         |         14.696      518.670       -6.182        1.631       14.696     1190.155        0.000        0.011200715263.245
OD_SLS.inlet.Fl_O      |         14.681      518.670       -6.182        1.631        4.043     1190.155        1.492     1385.703     4064.014
OD_SLS.fan.Fl_O        |         19.171      563.551        4.590        1.633       15.253     1190.155        0.581      654.417     3358.312
OD_SLS.splitter.Fl_O1  |         19.171      563.551        4.590        1.633       14.181      248.174        0.671      747.618      645.721
OD_SLS.splitter.Fl_O2  |         19.171      563.551        4.590        1.633       15.695      941.981        0.542      613.343     2778.657
OD_SLS.duct4.Fl_O      |         19.079      563.551        4.590        1.633       13.637      248.174        0.710      787.086      631.579
OD_SLS.lpc.Fl_O        |       -131.278      895.562        4.330          nan     -110.833      248.174       -0.124     -179.275      588.975
OD_SLS.duct6.Fl_O      |       -129.952      895.562        4.330          nan     -109.714      248.174       -0.141     -204.319      519.803
OD_SLS.hpc.Fl_O        |      -3096.265     2410.553      563.304          nan    -2634.744      219.514       -0.070     -163.043       65.492
OD_SLS.bld3.Fl_O       |      -3096.265     2410.553      490.162          nan    -2634.744      191.313       -0.090     -210.029       44.204
OD_SLS.burner.Fl_O     |      -2929.067     5526.709      462.790          nan    -2512.673      202.629       -0.005      -20.980     1550.003
OD_SLS.hpt.Fl_O        |       -638.544     4047.877     2049.670          nan     -556.104      230.830       -0.146     -457.472      250.491
OD_SLS.duct11.Fl_O     |       -635.287     4047.876     2049.670          nan     -553.268      230.830       -0.130     -408.026      283.073
OD_SLS.lpt.Fl_O        |       -136.846     2871.002      243.411          nan     -118.128      248.446       -0.126     -304.235     1051.489
OD_SLS.duct13.Fl_O     |       -135.382     2871.002      243.411          nan     -116.864      248.446       -0.133     -322.736     1000.617
OD_SLS.core_nozz.Fl_O  |       -135.382     2871.002      243.411          nan       26.371      248.446        1.000     2349.931      536.558
OD_SLS.byp_bld.Fl_O    |         19.171      563.551        4.590        1.633       15.695      937.271        0.542      613.343     2764.764
OD_SLS.duct15.Fl_O     |         18.886      563.551        4.590        1.634       15.168      937.271        0.568      641.152     2721.815
OD_SLS.byp_nozz.Fl_O   |         18.886      563.551        4.590        1.634       11.163      937.271        0.900      971.880     2235.085
------------------------------------------------------------------------------------------------------------------------------------------------
-------------------------------------------------------------------------------------------------------------------------------------------------------------------------------------------------------
                          COMPRESSOR PROPERTIES
-------------------------------------------------------------------------------------------------------------------------------------------------------------------------------------------------------
Compressor    |           Wc         Pr      eta_a      eta_p         Nc        pwr   RlineMap      NcMap      WcMap      PRmap   alphaMap        SMN        SMW     effMap
-------------------------------------------------------------------------------------------------------------------------------------------------------------------------------------------------------
OD_SLS.fan    |     1191.350      1.306      0.915      0.919   3864.899 -18138.264      2.171      0.729      1.279    631.399      0.000     65.500     61.183      0.910
OD_SLS.lpc    |      199.256     -6.881   -212.119        nan   3707.808     91.160    166.596      0.606    -35.842    797.992      0.000   -170.109   -107.841   -212.125
OD_SLS.hpc    |      -36.878     23.826      0.781        nan  13719.150-184939.228      2.319      1.128     13.397     60.381      0.000      3.162      2.957      0.750
-------------------------------------------------------------------------------------------------------------------------------------------------------------------------------------------------------
---------------------------------------------------------------------------
                            BURNER PROPERTIES
---------------------------------------------------------------------------
Burner              |           dPqP        TtOut        Wfuel          FAR
OD_SLS.burner       |         0.0540      5526.71      11.3156      0.05915
--------------------------------------------------------------------------------------------------------------------------------------
                            TURBINE PROPERTIES
--------------------------------------------------------------------------------------------------------------------------------------
Turbine       |             Wp           PR        eff_a        eff_p           Np          pwr        NpMap        PRmap     alphaMap
OD_SLS.hpt    |         -5.143        4.587        0.891          nan      242.491  -517167.136       96.762        6.350        1.000
OD_SLS.lpt    |        -23.117        4.642        0.789          nan       60.747   590913.275       55.794        5.323        1.000
-------------------------------------------------------------------------------------------------------------------------
                            NOZZLE PROPERTIES
-------------------------------------------------------------------------------------------------------------------------
Nozzle        |             PR           Cv          Cfg          Ath         MNth        MNout            V           Fg
OD_SLS.core_nozz|          1.813        0.993        N/A        536.558        1.000        1.000     2349.931    72236.854
OD_SLS.byp_nozz|          1.692        0.994        N/A       2235.085        0.900        0.900      971.880    28139.444
---------------------------------------------------------------------------------------------------------------------------
                            SHAFT PROPERTIES
---------------------------------------------------------------------------------------------------------------------------
Shaft               |                 Nmech               trqin              trqout               pwrin              pwrout
OD_SLS.hp_shaft     |             18027.251               0.000         -204553.644               0.000         -702105.947
OD_SLS.lp_shaft     |              3864.899          803131.046          -24648.552          591004.084          -18138.254
--------------------------------------------------------------------------------------------------------------------
                            BLEED PROPERTIES
--------------------------------------------------------------------------------------------------------------------
Bleed                 |         Wb/Win        Pfrac     Workfrac            W           Tt           ht           Pt
OD_SLS.hpc.cool1      |          0.051        0.500        0.500       12.584     1681.540      283.817    -1613.109
OD_SLS.hpc.cool2      |          0.020        0.550        0.500        5.031     1681.540      283.817    -1761.424
OD_SLS.hpc.cust       |          0.044        0.500        0.500       11.044     1681.540      283.817    -1613.109
OD_SLS.bld3.cool3     |          0.067        1.000        1.000       14.754     2410.553      490.162    -3096.265
OD_SLS.bld3.cool4     |          0.061        1.000        1.000       13.447     2410.553      490.162    -3096.265
OD_SLS.byp_bld.bypBld |          0.005        1.000        1.000        4.710      563.551        4.590       19.171
