


----------------------------------------------------------------------------
                              POINT: DESIGN
----------------------------------------------------------------------------
                       PERFORMANCE CHARACTERISTICS
    Mach      Alt       W      Fn      Fg    Fram     OPR     TSFC      BPR 
 0.74000  28000.0 807.851 12000.0 30647.6 18647.6  32.318  0.66541    5.900
------------------------------------------------------------------------------------------------------------------------------------------------
                            FLOW STATIONS
------------------------------------------------------------------------------------------------------------------------------------------------
------------------------------------------------------------------------------------------------------------------------------------------------
Flow Station           |          tot:P        tot:T        tot:h        tot:S       stat:P       stat:W      stat:MN       stat:V    stat:area
------------------------------------------------------------------------------------------------------------------------------------------------
DESIGN.fc.Fl_O         |          6.873      464.798      -19.097        1.657        4.776      807.851        0.740      742.670     5088.689
DESIGN.inlet.Fl_O      |          6.867      464.798      -19.097        1.657        4.949      807.851        0.700      706.205     5218.851
DESIGN.fan.Fl_O        |          9.270      511.083       -8.001        1.659        8.067      807.851        0.450      488.988     5366.701
DESIGN.splitter.Fl_O1  |          9.270      511.083       -8.001        1.659        8.635      117.080        0.320      351.111     1031.852
DESIGN.splitter.Fl_O2  |          9.270      511.083       -8.001        1.659        7.968      690.771        0.470      509.822     4440.414
DESIGN.duct4.Fl_O      |          9.225      511.083       -8.001        1.660        8.555      117.080        0.330      361.853     1009.255
DESIGN.lpc.Fl_O        |         24.908      692.044       35.532        1.664       23.404      117.080        0.300      383.008      473.788
DESIGN.duct6.Fl_O      |         24.657      692.044       35.532        1.665       22.658      117.080        0.350      445.456      418.128
DESIGN.hpc.Fl_O        |        221.912     1328.415      194.230        1.677      214.754      103.559        0.220      385.861       87.807
DESIGN.bld3.Fl_O       |        221.912     1328.415      194.230        1.677      209.656       90.255        0.290      507.111       59.266
DESIGN.burner.Fl_O     |        209.929     2880.000      189.571        1.926      208.587       92.473        0.100      251.670      270.256
DESIGN.hpt.Fl_O        |         64.135     2141.795       22.974        1.915       59.239      105.777        0.350      760.585      263.266
DESIGN.duct11.Fl_O     |         63.808     2141.795       22.974        1.916       60.035      105.777        0.306      666.989      297.518
DESIGN.lpt.Fl_O        |         20.882     1630.743      -93.573        1.914       18.894      114.088        0.390      743.678      689.015
DESIGN.duct13.Fl_O     |         20.658     1630.743      -93.573        1.914       18.399      114.088        0.420      799.406      655.636
DESIGN.core_nozz.Fl_O  |         20.658     1630.743      -93.573        1.914       11.112      114.088        1.000     1793.040      426.178
DESIGN.byp_bld.Fl_O    |          9.270      511.083       -8.001        1.659        7.968      687.317        0.470      509.822     4418.212
DESIGN.duct15.Fl_O     |          9.132      511.083       -8.001        1.660        7.749      687.317        0.490      530.543     4349.600
DESIGN.byp_nozz.Fl_O   |          9.132      511.083       -8.001        1.660        4.823      687.317        1.000     1011.878     3199.394
------------------------------------------------------------------------------------------------------------------------------------------------
-------------------------------------------------------------------------------------------------------------------------------------------------------------------------------------------------------
                          COMPRESSOR PROPERTIES
-------------------------------------------------------------------------------------------------------------------------------------------------------------------------------------------------------
Compressor    |           Wc         Pr      eta_a      eta_p         Nc        pwr   RlineMap      NcMap      WcMap      PRmap   alphaMap        SMN        SMW     effMap
-------------------------------------------------------------------------------------------------------------------------------------------------------------------------------------------------------
DESIGN.fan    |     1636.726      1.350      0.900      0.904   4225.456 -12681.965      2.200      0.990      1.685    803.556      0.000     36.641     29.886      0.895
DESIGN.lpc    |      185.138      2.700      0.924      0.934   4029.582  -7211.417      2.150      1.000      1.935     87.666      0.000     15.987     15.644      0.924
DESIGN.hpc    |       80.605      9.000      0.907      0.930  12120.112 -24770.439      2.050      0.976      9.374     49.454      0.000     22.598     22.468      0.871
-------------------------------------------------------------------------------------------------------------------------------------------------------------------------------------------------------
---------------------------------------------------------------------------
                            BURNER PROPERTIES
---------------------------------------------------------------------------
Burner              |           dPqP        TtOut        Wfuel          FAR
DESIGN.burner       |         0.0540      2880.00       2.2180      0.02458
--------------------------------------------------------------------------------------------------------------------------------------
                            TURBINE PROPERTIES
--------------------------------------------------------------------------------------------------------------------------------------
Turbine       |             Wp           PR        eff_a        eff_p           Np          pwr        NpMap        PRmap     alphaMap
DESIGN.hpt    |         23.640        3.273        0.900        0.887      260.875    25020.440      100.000        6.000        1.000
DESIGN.lpt    |         76.719        3.056        0.900        0.887       86.431    19893.382      100.000        6.000        1.000
-------------------------------------------------------------------------------------------------------------------------
                            NOZZLE PROPERTIES
-------------------------------------------------------------------------------------------------------------------------
Nozzle        |             PR           Cv          Cfg          Ath         MNth        MNout            V           Fg
DESIGN.core_nozz|          4.325        0.993        N/A        426.178        1.000        1.000     1793.040     9015.704
DESIGN.byp_nozz|          1.912        0.994        N/A       3199.394        1.000        1.000     1011.878    21631.848
---------------------------------------------------------------------------------------------------------------------------
                            SHAFT PROPERTIES
---------------------------------------------------------------------------------------------------------------------------
Shaft               |                 Nmech               trqin              trqout               pwrin              pwrout
DESIGN.hp_shaft     |             14000.000            9386.436           -9292.648           25020.425          -24770.425
DESIGN.lp_shaft     |              4000.000           26120.558          -26120.558           19893.370          -19893.370
--------------------------------------------------------------------------------------------------------------------
                            BLEED PROPERTIES
--------------------------------------------------------------------------------------------------------------------
Bleed                 |         Wb/Win        Pfrac     Workfrac            W           Tt           ht           Pt
DESIGN.hpc.cool1      |          0.051        0.500        0.500        5.937     1015.963      114.881      123.284
DESIGN.hpc.cool2      |          0.020        0.550        0.500        2.374     1015.963      114.881      133.147
DESIGN.hpc.cust       |          0.044        0.500        0.500        5.210     1015.963      114.881      123.284
DESIGN.bld3.cool3     |          0.067        1.000        1.000        6.961     1328.415      194.230      221.912
DESIGN.bld3.cool4     |          0.061        1.000        1.000        6.344     1328.415      194.230      221.912
DESIGN.byp_bld.bypBld |          0.005        1.000        1.000        3.454      511.083       -8.001        9.270



----------------------------------------------------------------------------
                              POINT: OD_TOfail
----------------------------------------------------------------------------
                       PERFORMANCE CHARACTERISTICS
    Mach      Alt       W      Fn      Fg    Fram     OPR     TSFC      BPR 
 0.18000      0.0 1654.867 46189.8 56526.9 10337.1  35.858  0.49026    5.391
------------------------------------------------------------------------------------------------------------------------------------------------
                            FLOW STATIONS
------------------------------------------------------------------------------------------------------------------------------------------------
------------------------------------------------------------------------------------------------------------------------------------------------
Flow Station           |          tot:P        tot:T        tot:h        tot:S       stat:P       stat:W      stat:MN       stat:V    stat:area
------------------------------------------------------------------------------------------------------------------------------------------------
OD_TOfail.fc.Fl_O      |         15.032      522.033       -5.375        1.631       14.696     1654.867        0.180      200.974    15504.854
OD_TOfail.inlet.Fl_O   |         15.017      522.033       -5.375        1.631       10.928     1654.867        0.689      737.962     5218.851
OD_TOfail.fan.Fl_O     |         21.417      583.818        9.459        1.634       18.968     1654.867        0.420      489.106     5366.701
OD_TOfail.splitter.Fl_O|         21.417      583.818        9.459        1.634       19.875      258.953        0.329      385.002     1031.852
OD_TOfail.splitter.Fl_O|         21.417      583.818        9.459        1.634       18.855     1395.914        0.431      500.765     4440.414
OD_TOfail.duct4.Fl_O   |         21.315      583.818        9.459        1.634       19.686      258.953        0.339      396.859     1009.255
OD_TOfail.lpc.Fl_O     |         55.248      789.800       59.232        1.642       51.422      258.953        0.323      438.899      473.788
OD_TOfail.duct6.Fl_O   |         54.690      789.800       59.232        1.643       49.585      258.953        0.378      511.951      418.128
OD_TOfail.hpc.Fl_O     |        538.479     1542.714      250.440        1.655      521.737      229.049        0.217      408.168       87.807
OD_TOfail.bld3.Fl_O    |        538.479     1542.714      250.440        1.655      509.838      199.623        0.286      536.136       59.266
OD_TOfail.burner.Fl_O  |        509.401     3420.000      242.790        1.926      509.303      205.913        0.017       47.589     1550.003
OD_TOfail.hpt.Fl_O     |        156.422     2573.269       44.750        1.914      144.466      235.339        0.352      834.319      263.266
OD_TOfail.duct11.Fl_O  |        155.624     2573.269       44.750        1.914      146.416      235.339        0.308      731.485      297.518
OD_TOfail.lpt.Fl_O     |         51.468     1982.409      -94.828        1.911       46.617      253.720        0.391      815.936      689.015
OD_TOfail.duct13.Fl_O  |         50.917     1982.409      -94.828        1.912       45.404      253.720        0.421      877.121      655.636
OD_TOfail.core_nozz.Fl_|         50.917     1982.409      -94.828        1.912       27.571      253.720        1.000     1970.379      426.178
OD_TOfail.byp_bld.Fl_O |         21.417      583.818        9.459        1.634       18.855     1388.934        0.431      500.765     4418.212
OD_TOfail.duct15.Fl_O  |         21.098      583.818        9.459        1.635       18.385     1388.934        0.448      520.157     4349.600
OD_TOfail.byp_nozz.Fl_O|         21.098      583.818        9.459        1.635       14.696     1388.934        0.738      829.848     3199.394
------------------------------------------------------------------------------------------------------------------------------------------------
-------------------------------------------------------------------------------------------------------------------------------------------------------------------------------------------------------
                          COMPRESSOR PROPERTIES
-------------------------------------------------------------------------------------------------------------------------------------------------------------------------------------------------------
Compressor    |           Wc         Pr      eta_a      eta_p         Nc        pwr   RlineMap      NcMap      WcMap      PRmap   alphaMap        SMN        SMW     effMap
-------------------------------------------------------------------------------------------------------------------------------------------------------------------------------------------------------
OD_TOfail.fan |     1624.737      1.426      0.902      0.906   4374.150 -34732.281      1.772      1.025      1.834    797.670      0.000     23.456     18.658      0.896
OD_TOfail.lpc |      189.424      2.592      0.880      0.895   4136.222 -18235.932      2.860      1.026      1.876     89.695      0.000     22.141     21.853      0.880
OD_TOfail.hpc |       85.866      9.846      0.902      0.927  12323.540 -66010.102      2.099      0.992     10.260     52.681      0.000     19.035     18.952      0.866
-------------------------------------------------------------------------------------------------------------------------------------------------------------------------------------------------------
---------------------------------------------------------------------------
                            BURNER PROPERTIES
---------------------------------------------------------------------------
Burner              |           dPqP        TtOut        Wfuel          FAR
OD_TOfail.burner    |         0.0540      3420.00       6.2903      0.03151
--------------------------------------------------------------------------------------------------------------------------------------
                            TURBINE PROPERTIES
--------------------------------------------------------------------------------------------------------------------------------------
Turbine       |             Wp           PR        eff_a        eff_p           Np          pwr        NpMap        PRmap     alphaMap
OD_TOfail.hpt |         23.639        3.257        0.900        0.888      260.037    66260.102       99.679        5.963        1.000
OD_TOfail.lpt |         76.712        3.024        0.900        0.888       86.508    52968.213      100.088        5.922        1.000
-------------------------------------------------------------------------------------------------------------------------
                            NOZZLE PROPERTIES
-------------------------------------------------------------------------------------------------------------------------
Nozzle        |             PR           Cv          Cfg          Ath         MNth        MNout            V           Fg
OD_TOfail.core_nozz|          3.465        0.993        N/A        426.178        1.000        1.000     1970.379    20921.336
OD_TOfail.byp_nozz|          1.436        0.994        N/A       3199.394        0.738        0.738      829.848    35605.578
---------------------------------------------------------------------------------------------------------------------------
                            SHAFT PROPERTIES
---------------------------------------------------------------------------------------------------------------------------
Shaft               |                 Nmech               trqin              trqout               pwrin              pwrout
OD_TOfail.hp_shaft  |             15207.168           22884.296          -22797.954           66260.063          -66010.063
OD_TOfail.lp_shaft  |              4388.306           63394.594          -63394.594           52968.181          -52968.181
-----------------------------------------------------------------------------------------------------------------------
                            BLEED PROPERTIES
-----------------------------------------------------------------------------------------------------------------------
Bleed                    |         Wb/Win        Pfrac     Workfrac            W           Tt           ht           Pt
OD_TOfail.hpc.cool1      |          0.051        0.500        0.500       13.131     1174.817      154.836      296.585
OD_TOfail.hpc.cool2      |          0.020        0.550        0.500        5.250     1174.817      154.836      320.774
OD_TOfail.hpc.cust       |          0.044        0.500        0.500       11.523     1174.817      154.836      296.585
OD_TOfail.bld3.cool3     |          0.067        1.000        1.000       15.395     1542.714      250.440      538.479
OD_TOfail.bld3.cool4     |          0.061        1.000        1.000       14.031     1542.714      250.440      538.479
OD_TOfail.byp_bld.bypBld |          0.005        1.000        1.000        6.980      583.818        9.459       21.417
