


----------------------------------------------------------------------------
                              POINT: DESIGN
----------------------------------------------------------------------------
                       PERFORMANCE CHARACTERISTICS
    Mach      Alt       W      Fn      Fg    Fram     OPR     TSFC      BPR 
 0.74000  28000.0 814.676 12000.0 30805.1 18805.1  35.909  0.65515    5.900
------------------------------------------------------------------------------------------------------------------------------------------------
                            FLOW STATIONS
------------------------------------------------------------------------------------------------------------------------------------------------
------------------------------------------------------------------------------------------------------------------------------------------------
Flow Station           |          tot:P        tot:T        tot:h        tot:S       stat:P       stat:W      stat:MN       stat:V    stat:area
------------------------------------------------------------------------------------------------------------------------------------------------
DESIGN.fc.Fl_O         |          6.873      464.798      -19.097        1.657        4.776      814.676        0.740      742.670     5131.682
DESIGN.inlet.Fl_O      |          6.867      464.798      -19.097        1.657        4.949      814.676        0.700      706.205     5262.944
DESIGN.fan.Fl_O        |          9.270      511.083       -8.001        1.659        8.067      814.676        0.450      488.988     5412.043
DESIGN.splitter.Fl_O1  |          9.270      511.083       -8.001        1.659        8.635      118.069        0.320      351.111     1040.570
DESIGN.splitter.Fl_O2  |          9.270      511.083       -8.001        1.659        7.968      696.607        0.470      509.822     4477.930
DESIGN.duct4.Fl_O      |          9.225      511.083       -8.001        1.660        8.555      118.069        0.330      361.853     1017.782
DESIGN.lpc.Fl_O        |         24.908      692.044       35.532        1.664       23.404      118.069        0.300      383.008      477.791
DESIGN.duct6.Fl_O      |         24.657      692.044       35.532        1.665       22.658      118.069        0.350      445.456      421.661
DESIGN.hpc.Fl_O        |        246.569     1367.972      204.498        1.677      238.629      104.434        0.220      391.234       80.940
DESIGN.bld3.Fl_O       |        246.569     1367.972      204.498        1.677      232.973       91.017        0.290      514.184       54.630
DESIGN.burner.Fl_O     |        233.254     2880.000      199.706        1.918      231.763       93.201        0.100      251.704      245.112
DESIGN.hpt.Fl_O        |         65.282     2108.430       22.343        1.909       60.292      106.618        0.350      755.042      258.521
DESIGN.duct11.Fl_O     |         64.949     2108.430       22.343        1.909       61.105      106.618        0.306      662.134      292.153
DESIGN.lpt.Fl_O        |         20.826     1598.844      -93.837        1.908       18.841      114.999        0.390      736.848      689.088
DESIGN.duct13.Fl_O     |         20.603     1598.844      -93.837        1.909       18.347      114.999        0.420      792.057      655.711
DESIGN.core_nozz.Fl_O  |         20.603     1598.844      -93.837        1.909       11.075      114.999        1.000     1775.986      426.285
DESIGN.byp_bld.Fl_O    |          9.270      511.083       -8.001        1.659        7.968      693.124        0.470      509.822     4455.541
DESIGN.duct15.Fl_O     |          9.132      511.083       -8.001        1.660        7.749      693.124        0.490      530.543     4386.349
DESIGN.byp_nozz.Fl_O   |          9.132      511.083       -8.001        1.660        4.823      693.124        1.000     1011.878     3226.425
------------------------------------------------------------------------------------------------------------------------------------------------
-------------------------------------------------------------------------------------------------------------------------------------------------------------------------------------------------------
                          COMPRESSOR PROPERTIES
-------------------------------------------------------------------------------------------------------------------------------------------------------------------------------------------------------
Compressor    |           Wc         Pr      eta_a      eta_p         Nc        pwr   RlineMap      NcMap      WcMap      PRmap   alphaMap        SMN        SMW     effMap
-------------------------------------------------------------------------------------------------------------------------------------------------------------------------------------------------------
DESIGN.fan    |     1650.554      1.350      0.900      0.904   4225.456 -12789.111      2.200      0.990      1.685    803.556      0.000     36.641     29.886      0.895
DESIGN.lpc    |      186.703      2.700      0.924      0.934   4029.582  -7272.345      2.150      1.000      1.935     87.666      0.000     15.987     15.644      0.924
DESIGN.hpc    |       81.286     10.000      0.907      0.931  12120.112 -26595.893      2.050      0.976      9.374     49.454      0.000     22.598     22.468      0.871
-------------------------------------------------------------------------------------------------------------------------------------------------------------------------------------------------------
---------------------------------------------------------------------------
                            BURNER PROPERTIES
---------------------------------------------------------------------------
Burner              |           dPqP        TtOut        Wfuel          FAR
DESIGN.burner       |         0.0540      2880.00       2.1838      0.02399
--------------------------------------------------------------------------------------------------------------------------------------
                            TURBINE PROPERTIES
--------------------------------------------------------------------------------------------------------------------------------------
Turbine       |             Wp           PR        eff_a        eff_p           Np          pwr        NpMap        PRmap     alphaMap
DESIGN.hpt    |         21.443        3.573        0.900        0.886      260.875    26845.894      100.000        6.000        1.000
DESIGN.lpt    |         75.377        3.119        0.900        0.887       87.112    20061.455      100.000        6.000        1.000
-------------------------------------------------------------------------------------------------------------------------
                            NOZZLE PROPERTIES
-------------------------------------------------------------------------------------------------------------------------
Nozzle        |             PR           Cv          Cfg          Ath         MNth        MNout            V           Fg
DESIGN.core_nozz|          4.313        0.993        N/A        426.285        1.000        1.000     1775.986     8990.490
DESIGN.byp_nozz|          1.912        0.994        N/A       3226.425        1.000        1.000     1011.878    21814.609
---------------------------------------------------------------------------------------------------------------------------
                            SHAFT PROPERTIES
---------------------------------------------------------------------------------------------------------------------------
Shaft               |                 Nmech               trqin              trqout               pwrin              pwrout
DESIGN.hp_shaft     |             14000.000           10071.256           -9977.468           26845.878          -26595.878
DESIGN.lp_shaft     |              4000.000           26341.243          -26341.243           20061.444          -20061.444
--------------------------------------------------------------------------------------------------------------------
                            BLEED PROPERTIES
--------------------------------------------------------------------------------------------------------------------
Bleed                 |         Wb/Win        Pfrac     Workfrac            W           Tt           ht           Pt
DESIGN.hpc.cool1      |          0.051        0.500        0.500        5.987     1036.547      120.015      135.613
DESIGN.hpc.cool2      |          0.020        0.550        0.500        2.394     1036.547      120.015      146.709
DESIGN.hpc.cust       |          0.044        0.500        0.500        5.254     1036.547      120.015      135.613
DESIGN.bld3.cool3     |          0.067        1.000        1.000        7.019     1367.972      204.498      246.569
DESIGN.bld3.cool4     |          0.061        1.000        1.000        6.397     1367.972      204.498      246.569
DESIGN.byp_bld.bypBld |          0.005        1.000        1.000        3.483      511.083       -8.001        9.270



----------------------------------------------------------------------------
                              POINT: OD_TOfail
----------------------------------------------------------------------------
                       PERFORMANCE CHARACTERISTICS
    Mach      Alt       W      Fn      Fg    Fram     OPR     TSFC      BPR 
 0.18000      0.0 1669.937 46411.5 56842.7 10431.2  39.879  0.48127    5.388
------------------------------------------------------------------------------------------------------------------------------------------------
                            FLOW STATIONS
------------------------------------------------------------------------------------------------------------------------------------------------
------------------------------------------------------------------------------------------------------------------------------------------------
Flow Station           |          tot:P        tot:T        tot:h        tot:S       stat:P       stat:W      stat:MN       stat:V    stat:area
------------------------------------------------------------------------------------------------------------------------------------------------
OD_TOfail.fc.Fl_O      |         15.032      522.033       -5.375        1.631       14.696     1669.937        0.180      200.974    15646.050
OD_TOfail.inlet.Fl_O   |         15.017      522.033       -5.375        1.631       10.919     1669.937        0.690      738.881     5262.944
OD_TOfail.fan.Fl_O     |         21.426      583.894        9.477        1.634       18.974     1669.937        0.420      489.326     5412.043
OD_TOfail.splitter.Fl_O|         21.426      583.894        9.477        1.634       19.881      261.417        0.329      385.337     1040.570
OD_TOfail.splitter.Fl_O|         21.426      583.894        9.477        1.634       18.862     1408.520        0.431      500.946     4477.930
OD_TOfail.duct4.Fl_O   |         21.323      583.894        9.477        1.634       19.692      261.417        0.339      397.207     1017.782
OD_TOfail.lpc.Fl_O     |         55.163      789.984       59.277        1.642       51.321      261.417        0.324      440.283      477.791
OD_TOfail.duct6.Fl_O   |         54.606      789.984       59.277        1.643       49.477      261.417        0.379      513.635      421.661
OD_TOfail.hpc.Fl_O     |        598.862     1589.342      262.856        1.656      580.260      231.228        0.217      414.095       80.940
OD_TOfail.bld3.Fl_O    |        598.862     1589.342      262.856        1.656      567.037      201.522        0.286      543.940       54.630
OD_TOfail.burner.Fl_O  |        566.523     3420.000      255.005        1.918      566.433      207.727        0.016       43.166     1550.003
OD_TOfail.hpt.Fl_O     |        159.426     2534.737       44.042        1.907      147.229      237.433        0.352      828.434      258.521
OD_TOfail.duct11.Fl_O  |        158.613     2534.737       44.042        1.908      149.219      237.433        0.308      726.334      292.153
OD_TOfail.lpt.Fl_O     |         51.396     1944.998      -95.221        1.905       46.546      255.988        0.391      808.727      689.088
OD_TOfail.duct13.Fl_O  |         50.846     1944.998      -95.221        1.906       45.334      255.988        0.421      869.363      655.711
OD_TOfail.core_nozz.Fl_|         50.846     1944.998      -95.221        1.906       27.515      255.988        1.000     1952.339      426.285
OD_TOfail.byp_bld.Fl_O |         21.426      583.894        9.477        1.634       18.862     1401.478        0.431      500.946     4455.541
OD_TOfail.duct15.Fl_O  |         21.107      583.894        9.477        1.635       18.391     1401.478        0.448      520.347     4386.349
OD_TOfail.byp_nozz.Fl_O|         21.107      583.894        9.477        1.635       14.696     1401.478        0.738      830.341     3226.425
------------------------------------------------------------------------------------------------------------------------------------------------
-------------------------------------------------------------------------------------------------------------------------------------------------------------------------------------------------------
                          COMPRESSOR PROPERTIES
-------------------------------------------------------------------------------------------------------------------------------------------------------------------------------------------------------
Compressor    |           Wc         Pr      eta_a      eta_p         Nc        pwr   RlineMap      NcMap      WcMap      PRmap   alphaMap        SMN        SMW     effMap
-------------------------------------------------------------------------------------------------------------------------------------------------------------------------------------------------------
OD_TOfail.fan |     1639.533      1.427      0.902      0.906   4378.552 -35091.979      1.774      1.026      1.835    798.190      0.000     23.433     18.644      0.896
OD_TOfail.lpc |      191.161      2.587      0.877      0.892   4140.113 -18419.250      2.892      1.027      1.873     89.760      0.000     22.399     22.113      0.877
OD_TOfail.hpc |       86.827     10.967      0.902      0.927  12332.150 -70949.260      2.114      0.993     10.274     52.825      0.000     19.182     19.100      0.866
-------------------------------------------------------------------------------------------------------------------------------------------------------------------------------------------------------
---------------------------------------------------------------------------
                            BURNER PROPERTIES
---------------------------------------------------------------------------
Burner              |           dPqP        TtOut        Wfuel          FAR
OD_TOfail.burner    |         0.0540      3420.00       6.2045      0.03079
--------------------------------------------------------------------------------------------------------------------------------------
                            TURBINE PROPERTIES
--------------------------------------------------------------------------------------------------------------------------------------
Turbine       |             Wp           PR        eff_a        eff_p           Np          pwr        NpMap        PRmap     alphaMap
OD_TOfail.hpt |         21.443        3.554        0.900        0.887      260.249    71199.260       99.760        5.962        1.000
OD_TOfail.lpt |         75.365        3.086        0.900        0.887       87.250    53511.228      100.158        5.923        1.000
-------------------------------------------------------------------------------------------------------------------------
                            NOZZLE PROPERTIES
-------------------------------------------------------------------------------------------------------------------------
Nozzle        |             PR           Cv          Cfg          Ath         MNth        MNout            V           Fg
OD_TOfail.core_nozz|          3.460        0.993        N/A        426.285        1.000        1.000     1952.339    20894.256
OD_TOfail.byp_nozz|          1.436        0.994        N/A       3226.425        0.738        0.738      830.341    35948.468
---------------------------------------------------------------------------------------------------------------------------
                            SHAFT PROPERTIES
---------------------------------------------------------------------------------------------------------------------------
Shaft               |                 Nmech               trqin              trqout               pwrin              pwrout
OD_TOfail.hp_shaft  |             15219.572           24570.096          -24483.823           71199.217          -70949.217
OD_TOfail.lp_shaft  |              4392.722           63980.111          -63980.111           53511.197          -53511.197
-----------------------------------------------------------------------------------------------------------------------
                            BLEED PROPERTIES
-----------------------------------------------------------------------------------------------------------------------
Bleed                    |         Wb/Win        Pfrac     Workfrac            W           Tt           ht           Pt
OD_TOfail.hpc.cool1      |          0.051        0.500        0.500       13.256     1199.307      161.066      326.734
OD_TOfail.hpc.cool2      |          0.020        0.550        0.500        5.300     1199.307      161.066      353.947
OD_TOfail.hpc.cust       |          0.044        0.500        0.500       11.633     1199.307      161.066      326.734
OD_TOfail.bld3.cool3     |          0.067        1.000        1.000       15.542     1589.342      262.856      598.862
OD_TOfail.bld3.cool4     |          0.061        1.000        1.000       14.164     1589.342      262.856      598.862
OD_TOfail.byp_bld.bypBld |          0.005        1.000        1.000        7.043      583.894        9.477       21.426
