


----------------------------------------------------------------------------
                              POINT: DESIGN
----------------------------------------------------------------------------
                       PERFORMANCE CHARACTERISTICS
    Mach      Alt       W      Fn      Fg    Fram     OPR     TSFC      BPR 
 0.74000  28000.0 584.254 10000.0 23486.3 13486.3  33.968  0.57153    5.900
------------------------------------------------------------------------------------------------------------------------------------------------
                            FLOW STATIONS
------------------------------------------------------------------------------------------------------------------------------------------------
------------------------------------------------------------------------------------------------------------------------------------------------
Flow Station           |          tot:P        tot:T        tot:h        tot:S       stat:P       stat:W      stat:MN       stat:V    stat:area
------------------------------------------------------------------------------------------------------------------------------------------------
DESIGN.fc.Fl_O         |          6.873      464.798      -19.097        1.657        4.776      584.254        0.740      742.670     3680.245
DESIGN.inlet.Fl_O      |          6.867      464.798      -19.097        1.657        4.949      584.254        0.700      706.205     3774.381
DESIGN.fan.Fl_O        |         12.016      554.395        2.391        1.661       10.458      584.254        0.450      509.208     3118.945
DESIGN.splitter.Fl_O1  |         12.016      554.395        2.391        1.661       11.193       84.675        0.320      365.618      599.693
DESIGN.splitter.Fl_O2  |         12.016      554.395        2.391        1.661       10.329      499.580        0.470      530.906     2580.608
DESIGN.duct4.Fl_O      |         11.959      554.395        2.391        1.661       11.090       84.675        0.330      376.805      586.559
DESIGN.lpc.Fl_O        |         14.351      586.433       10.088        1.662       13.482       84.675        0.300      352.893      546.990
DESIGN.duct6.Fl_O      |         14.206      586.433       10.088        1.663       13.052       84.675        0.350      410.413      482.750
DESIGN.hpc.Fl_O        |        233.243     1345.674      198.704        1.676      225.725       74.896        0.220      388.216       60.832
DESIGN.bld3.Fl_O       |        233.243     1345.674      198.704        1.676      220.370       65.274        0.290      510.211       41.059
DESIGN.burner.Fl_O     |        220.648     2880.000      193.985        1.922      219.237       66.862        0.100      251.685      185.902
DESIGN.hpt.Fl_O        |         51.578     2033.469       -4.489        1.915       47.628       76.484        0.350      742.168      230.309
DESIGN.duct11.Fl_O     |         51.315     2033.469       -4.489        1.915       48.272       76.484        0.306      650.855      260.267
DESIGN.lpt.Fl_O        |         10.121     1385.531     -156.644        1.919        9.149       82.494        0.390      688.620      943.128
DESIGN.duct13.Fl_O     |         10.013     1385.531     -156.644        1.919        8.908       82.494        0.420      740.167      897.495
DESIGN.core_nozz.Fl_O  |         10.013     1385.531     -156.644        1.919        5.362       82.494        1.000     1656.264      583.969
DESIGN.byp_bld.Fl_O    |         12.016      554.395        2.391        1.661       10.329      497.082        0.470      530.906     2567.705
DESIGN.duct15.Fl_O     |         11.837      554.395        2.391        1.662       10.045      497.082        0.490      552.488     2527.819
DESIGN.byp_nozz.Fl_O   |         11.837      554.395        2.391        1.662        6.252      497.082        1.000     1053.875     1859.256
------------------------------------------------------------------------------------------------------------------------------------------------
-------------------------------------------------------------------------------------------------------------------------------------------------------------------------------------------------------
                          COMPRESSOR PROPERTIES
-------------------------------------------------------------------------------------------------------------------------------------------------------------------------------------------------------
Compressor    |           Wc         Pr      eta_a      eta_p         Nc        pwr   RlineMap      NcMap      WcMap      PRmap   alphaMap        SMN        SMW     effMap
-------------------------------------------------------------------------------------------------------------------------------------------------------------------------------------------------------
DESIGN.fan    |     1183.714      1.750      0.900      0.908   5281.820 -17762.990      2.200      0.990      1.685    803.556      0.000     36.641     29.886      0.895
DESIGN.lpc    |      107.579      1.200      0.924      0.926   4836.218   -922.009      2.150      1.000      1.935     87.666      0.000     15.987     15.644      0.924
DESIGN.hpc    |       93.144     16.419      0.907      0.935  12225.867 -21291.825      2.050      0.976      9.374     49.454      0.000     22.598     22.468      0.871
-------------------------------------------------------------------------------------------------------------------------------------------------------------------------------------------------------
---------------------------------------------------------------------------
                            BURNER PROPERTIES
---------------------------------------------------------------------------
Burner              |           dPqP        TtOut        Wfuel          FAR
DESIGN.burner       |         0.0540      2880.00       1.5876      0.02432
--------------------------------------------------------------------------------------------------------------------------------------
                            TURBINE PROPERTIES
--------------------------------------------------------------------------------------------------------------------------------------
Turbine       |             Wp           PR        eff_a        eff_p           Np          pwr        NpMap        PRmap     alphaMap
DESIGN.hpt    |         16.262        4.278        0.900        0.884      242.241    21541.825      100.000        6.000        1.000
DESIGN.lpt    |         67.212        5.070        0.900        0.880      110.879    18684.999      100.000        6.000        1.000
-------------------------------------------------------------------------------------------------------------------------
                            NOZZLE PROPERTIES
-------------------------------------------------------------------------------------------------------------------------
Nozzle        |             PR           Cv          Cfg          Ath         MNth        MNout            V           Fg
DESIGN.core_nozz|          2.096        0.993        N/A        583.969        1.000        1.000     1656.264     4560.353
DESIGN.byp_nozz|          2.478        0.994        N/A       1859.256        1.000        1.000     1053.875    18925.941
---------------------------------------------------------------------------------------------------------------------------
                            SHAFT PROPERTIES
---------------------------------------------------------------------------------------------------------------------------
Shaft               |                 Nmech               trqin              trqout               pwrin              pwrout
DESIGN.hp_shaft     |             13000.000            8703.079           -8602.077           21541.812          -21291.812
DESIGN.lp_shaft     |              5000.000           19627.134          -19627.134           18684.988          -18684.988
--------------------------------------------------------------------------------------------------------------------
                            BLEED PROPERTIES
--------------------------------------------------------------------------------------------------------------------
Bleed                 |         Wb/Win        Pfrac     Workfrac            W           Tt           ht           Pt
DESIGN.hpc.cool1      |          0.051        0.500        0.500        4.294      973.765      104.396      123.724
DESIGN.hpc.cool2      |          0.020        0.550        0.500        1.717      973.765      104.396      134.676
DESIGN.hpc.cust       |          0.044        0.500        0.500        3.768      973.765      104.396      123.724
DESIGN.bld3.cool3     |          0.067        1.000        1.000        5.034     1345.674      198.704      233.243
DESIGN.bld3.cool4     |          0.061        1.000        1.000        4.588     1345.674      198.704      233.243
DESIGN.byp_bld.bypBld |          0.005        1.000        1.000        2.498      554.395        2.391       12.016



----------------------------------------------------------------------------
                              POINT: OD_TOfail
----------------------------------------------------------------------------
                       PERFORMANCE CHARACTERISTICS
    Mach      Alt       W      Fn      Fg    Fram     OPR     TSFC      BPR 
 0.18000      0.0 1253.295 38381.9 46210.6  7828.7  39.227  0.43556    5.427
------------------------------------------------------------------------------------------------------------------------------------------------
                            FLOW STATIONS
------------------------------------------------------------------------------------------------------------------------------------------------
------------------------------------------------------------------------------------------------------------------------------------------------
Flow Station           |          tot:P        tot:T        tot:h        tot:S       stat:P       stat:W      stat:MN       stat:V    stat:area
------------------------------------------------------------------------------------------------------------------------------------------------
OD_TOfail.fc.Fl_O      |         15.032      522.033       -5.375        1.631       14.696     1253.295        0.180      200.974    11742.428
OD_TOfail.inlet.Fl_O   |         15.017      522.033       -5.375        1.631        5.671     1253.295        1.266     1234.209     3774.381
OD_TOfail.fan.Fl_O     |         27.322      637.427       22.357        1.638       23.677     1253.295        0.457      554.094     3118.945
OD_TOfail.splitter.Fl_O|         27.322      637.427       22.357        1.638       25.080      194.992        0.352      430.284      599.693
OD_TOfail.splitter.Fl_O|         27.322      637.427       22.357        1.638       23.494     1058.304        0.470      568.649     2580.608
OD_TOfail.duct4.Fl_O   |         27.191      637.427       22.357        1.639       24.822      194.992        0.363      443.794      586.559
OD_TOfail.lpc.Fl_O     |         34.155      685.689       33.997        1.641       31.877      194.992        0.316      401.167      546.990
OD_TOfail.duct6.Fl_O   |         33.810      685.689       33.997        1.641       30.774      194.992        0.369      467.497      482.750
OD_TOfail.hpc.Fl_O     |        589.066     1582.580      261.051        1.656      570.509      172.474        0.218      416.164       60.832
OD_TOfail.bld3.Fl_O    |        589.066     1582.580      261.051        1.656      557.306      150.316        0.288      546.796       41.059
OD_TOfail.burner.Fl_O  |        557.256     3420.000      253.228        1.919      557.205      154.960        0.012       32.735     1550.003
OD_TOfail.hpt.Fl_O     |        132.205     2452.938       17.675        1.910      122.241      177.117        0.349      808.663      230.309
OD_TOfail.duct11.Fl_O  |        131.531     2452.938       17.675        1.911      123.853      177.117        0.306      709.206      260.267
OD_TOfail.lpt.Fl_O     |         26.128     1698.528     -166.810        1.913       23.655      190.958        0.390      756.912      943.128
OD_TOfail.duct13.Fl_O  |         25.849     1698.528     -166.810        1.914       23.038      190.958        0.420      813.559      897.495
OD_TOfail.core_nozz.Fl_|         25.849     1698.528     -166.810        1.914       14.696      190.958        0.953     1753.185      583.969
OD_TOfail.byp_bld.Fl_O |         27.322      637.427       22.357        1.638       23.494     1053.012        0.470      568.649     2567.705
OD_TOfail.duct15.Fl_O  |         26.915      637.427       22.357        1.639       22.849     1053.012        0.490      591.755     2527.819
OD_TOfail.byp_nozz.Fl_O|         26.915      637.427       22.357        1.639       14.696     1053.012        0.971     1102.857     1859.256
------------------------------------------------------------------------------------------------------------------------------------------------
-------------------------------------------------------------------------------------------------------------------------------------------------------------------------------------------------------
                          COMPRESSOR PROPERTIES
-------------------------------------------------------------------------------------------------------------------------------------------------------------------------------------------------------
Compressor    |           Wc         Pr      eta_a      eta_p         Nc        pwr   RlineMap      NcMap      WcMap      PRmap   alphaMap        SMN        SMW     effMap
-------------------------------------------------------------------------------------------------------------------------------------------------------------------------------------------------------
OD_TOfail.fan |     1230.476      1.819      0.842      0.855   5962.517 -49175.297      2.609      1.118      1.748    835.300      0.000     32.913     28.934      0.837
OD_TOfail.lpc |      116.831      1.256      0.884      0.888   5395.890  -3211.335      6.308      1.116      2.197     95.206      0.000      9.930      9.853      0.885
OD_TOfail.hpc |       97.450     17.423      0.903      0.932  12369.823 -59023.825      2.121      0.987      9.920     51.740      0.000     21.005     20.907      0.867
-------------------------------------------------------------------------------------------------------------------------------------------------------------------------------------------------------
---------------------------------------------------------------------------
                            BURNER PROPERTIES
---------------------------------------------------------------------------
Burner              |           dPqP        TtOut        Wfuel          FAR
OD_TOfail.burner    |         0.0540      3420.00       4.6438      0.03089
--------------------------------------------------------------------------------------------------------------------------------------
                            TURBINE PROPERTIES
--------------------------------------------------------------------------------------------------------------------------------------
Turbine       |             Wp           PR        eff_a        eff_p           Np          pwr        NpMap        PRmap     alphaMap
OD_TOfail.hpt |         16.262        4.215        0.901        0.886      243.203    59273.825      100.397        5.904        1.000
OD_TOfail.lpt |         66.693        5.034        0.900        0.881      120.778    52386.632      108.928        5.956        1.000
-------------------------------------------------------------------------------------------------------------------------
                            NOZZLE PROPERTIES
-------------------------------------------------------------------------------------------------------------------------
Nozzle        |             PR           Cv          Cfg          Ath         MNth        MNout            V           Fg
OD_TOfail.core_nozz|          1.759        0.993        N/A        583.969        0.953        0.953     1753.185    10335.743
OD_TOfail.byp_nozz|          1.831        0.994        N/A       1859.256        0.971        0.971     1102.857    35874.849
---------------------------------------------------------------------------------------------------------------------------
                            SHAFT PROPERTIES
---------------------------------------------------------------------------------------------------------------------------
Shaft               |                 Nmech               trqin              trqout               pwrin              pwrout
OD_TOfail.hp_shaft  |             14222.682           21888.463          -21796.143           59273.789          -59023.789
OD_TOfail.lp_shaft  |              5981.814           45996.142          -45996.142           52386.601          -52386.601
-----------------------------------------------------------------------------------------------------------------------
                            BLEED PROPERTIES
-----------------------------------------------------------------------------------------------------------------------
Bleed                    |         Wb/Win        Pfrac     Workfrac            W           Tt           ht           Pt
OD_TOfail.hpc.cool1      |          0.051        0.500        0.500        9.888     1145.979      147.524      311.438
OD_TOfail.hpc.cool2      |          0.020        0.550        0.500        3.953     1145.979      147.524      339.201
OD_TOfail.hpc.cust       |          0.044        0.500        0.500        8.677     1145.979      147.524      311.438
OD_TOfail.bld3.cool3     |          0.067        1.000        1.000       11.593     1582.580      261.051      589.066
OD_TOfail.bld3.cool4     |          0.061        1.000        1.000       10.565     1582.580      261.051      589.066
OD_TOfail.byp_bld.bypBld |          0.005        1.000        1.000        5.292      637.427       22.357       27.322



----------------------------------------------------------------------------
                              POINT: OD_TOC
----------------------------------------------------------------------------
                       PERFORMANCE CHARACTERISTICS
    Mach      Alt       W      Fn      Fg    Fram     OPR     TSFC      BPR 
 0.74000  28000.0 610.114 12000.0 26083.2 14083.2  39.932  0.60587    5.404
------------------------------------------------------------------------------------------------------------------------------------------------
                            FLOW STATIONS
------------------------------------------------------------------------------------------------------------------------------------------------
------------------------------------------------------------------------------------------------------------------------------------------------
Flow Station           |          tot:P        tot:T        tot:h        tot:S       stat:P       stat:W      stat:MN       stat:V    stat:area
------------------------------------------------------------------------------------------------------------------------------------------------
OD_TOC.fc.Fl_O         |          6.873      464.798      -19.097        1.657        4.776      610.114        0.740      742.670     3843.139
OD_TOC.inlet.Fl_O      |          6.867      464.798      -19.097        1.657        2.637      610.114        1.254     1155.720     3774.381
OD_TOC.fan.Fl_O        |         12.553      569.631        6.050        1.665       10.872      610.114        0.458      524.813     3118.945
OD_TOC.splitter.Fl_O1  |         12.553      569.631        6.050        1.665       11.511       95.278        0.354      409.225      599.693
OD_TOC.splitter.Fl_O2  |         12.553      569.631        6.050        1.665       10.790      514.837        0.470      538.136     2580.608
OD_TOC.duct4.Fl_O      |         12.493      569.631        6.050        1.665       11.391       95.278        0.366      422.095      586.559
OD_TOC.lpc.Fl_O        |         15.791      614.422       16.819        1.667       14.736       95.278        0.316      379.913      546.990
OD_TOC.duct6.Fl_O      |         15.631      614.422       16.819        1.668       14.226       95.278        0.369      442.725      482.750
OD_TOC.hpc.Fl_O        |        274.194     1433.783      221.690        1.682      265.573       84.275        0.218      395.715       60.832
OD_TOC.bld3.Fl_O       |        274.194     1433.783      221.690        1.682      259.443       73.448        0.287      519.852       41.059
OD_TOC.burner.Fl_O     |        259.388     3124.079      215.757        1.940      259.364       75.468        0.012       31.285     1550.003
OD_TOC.hpt.Fl_O        |         61.354     2222.803        1.316        1.931       56.740       86.295        0.348      768.905      230.309
OD_TOC.duct11.Fl_O     |         61.041     2222.803        1.316        1.932       57.485       86.295        0.304      674.432      260.267
OD_TOC.lpt.Fl_O        |         11.999     1523.018     -166.011        1.934       10.852       93.058        0.390      720.316      943.128
OD_TOC.duct13.Fl_O     |         11.871     1523.018     -166.011        1.935       10.567       93.058        0.420      774.256      897.495
OD_TOC.core_nozz.Fl_O  |         11.871     1523.018     -166.011        1.935        6.377       93.058        1.000     1733.956      583.969
OD_TOC.byp_bld.Fl_O    |         12.553      569.631        6.050        1.665       10.790      512.262        0.470      538.136     2567.705
OD_TOC.duct15.Fl_O     |         12.366      569.631        6.050        1.666       10.494      512.262        0.490      560.012     2527.819
OD_TOC.byp_nozz.Fl_O   |         12.366      569.631        6.050        1.666        6.531      512.262        1.000     1068.254     1859.256
------------------------------------------------------------------------------------------------------------------------------------------------
-------------------------------------------------------------------------------------------------------------------------------------------------------------------------------------------------------
                          COMPRESSOR PROPERTIES
-------------------------------------------------------------------------------------------------------------------------------------------------------------------------------------------------------
Compressor    |           Wc         Pr      eta_a      eta_p         Nc        pwr   RlineMap      NcMap      WcMap      PRmap   alphaMap        SMN        SMW     effMap
-------------------------------------------------------------------------------------------------------------------------------------------------------------------------------------------------------
OD_TOC.fan    |     1236.108      1.828      0.834      0.848   6055.497 -21707.654      2.674      1.135      1.756    839.123      0.000     32.302     28.801      0.829
OD_TOC.lpc    |      117.458      1.264      0.879      0.883   5469.971  -1451.593     11.983      1.131      2.234     95.717      0.000      8.628      8.575      0.879
OD_TOC.hpc    |       97.495     17.541      0.903      0.933  12372.321 -26022.831      2.095      0.988      9.984     51.764      0.000     20.275     20.180      0.867
-------------------------------------------------------------------------------------------------------------------------------------------------------------------------------------------------------
---------------------------------------------------------------------------
                            BURNER PROPERTIES
---------------------------------------------------------------------------
Burner              |           dPqP        TtOut        Wfuel          FAR
OD_TOC.burner       |         0.0540      3124.08       2.0196      0.02750
--------------------------------------------------------------------------------------------------------------------------------------
                            TURBINE PROPERTIES
--------------------------------------------------------------------------------------------------------------------------------------
Turbine       |             Wp           PR        eff_a        eff_p           Np          pwr        NpMap        PRmap     alphaMap
OD_TOC.hpt    |         16.262        4.228        0.900        0.884      240.923    26272.831       99.456        5.923        1.000
OD_TOC.lpt    |         66.651        5.087        0.900        0.880      121.587    23159.247      109.657        6.021        1.000
-------------------------------------------------------------------------------------------------------------------------
                            NOZZLE PROPERTIES
-------------------------------------------------------------------------------------------------------------------------
Nozzle        |             PR           Cv          Cfg          Ath         MNth        MNout            V           Fg
OD_TOC.core_nozz|          2.485        0.993        N/A        583.969        1.000        1.000     1733.956     5916.216
OD_TOC.byp_nozz|          2.589        0.994        N/A       1859.256        1.000        1.000     1068.254    20167.007
---------------------------------------------------------------------------------------------------------------------------
                            SHAFT PROPERTIES
---------------------------------------------------------------------------------------------------------------------------
Shaft               |                 Nmech               trqin              trqout               pwrin              pwrout
OD_TOC.hp_shaft     |             13466.014           10247.115          -10149.608           26272.815          -26022.815
OD_TOC.lp_shaft     |              5732.397           21218.857          -21218.857           23159.233          -23159.233
--------------------------------------------------------------------------------------------------------------------
                            BLEED PROPERTIES
--------------------------------------------------------------------------------------------------------------------
Bleed                 |         Wb/Win        Pfrac     Workfrac            W           Tt           ht           Pt
OD_TOC.hpc.cool1      |          0.051        0.500        0.500        4.831     1033.500      119.254      144.913
OD_TOC.hpc.cool2      |          0.020        0.550        0.500        1.932     1033.500      119.254      157.841
OD_TOC.hpc.cust       |          0.044        0.500        0.500        4.240     1033.500      119.254      144.913
OD_TOC.bld3.cool3     |          0.067        1.000        1.000        5.664     1433.783      221.690      274.194
OD_TOC.bld3.cool4     |          0.061        1.000        1.000        5.162     1433.783      221.690      274.194
OD_TOC.byp_bld.bypBld |          0.005        1.000        1.000        2.574      569.631        6.050       12.553
