


----------------------------------------------------------------------------
                              POINT: DESIGN
----------------------------------------------------------------------------
                       PERFORMANCE CHARACTERISTICS
    Mach      Alt       W      Fn      Fg    Fram     OPR     TSFC      BPR 
 0.74000  28000.0 620.061 10000.0 24312.8 14312.8  29.554  0.62402    5.900
------------------------------------------------------------------------------------------------------------------------------------------------
                            FLOW STATIONS
------------------------------------------------------------------------------------------------------------------------------------------------
------------------------------------------------------------------------------------------------------------------------------------------------
Flow Station           |          tot:P        tot:T        tot:h        tot:S       stat:P       stat:W      stat:MN       stat:V    stat:area
------------------------------------------------------------------------------------------------------------------------------------------------
DESIGN.fc.Fl_O         |          6.873      464.798      -19.097        1.657        4.776      620.061        0.740      742.670     3905.791
DESIGN.inlet.Fl_O      |          6.867      464.798      -19.097        1.657        4.949      620.061        0.700      706.205     4005.696
DESIGN.fan.Fl_O        |         10.300      528.655       -3.786        1.660        8.963      620.061        0.450      497.295     3770.675
DESIGN.splitter.Fl_O1  |         10.300      528.655       -3.786        1.660        9.594       89.864        0.320      357.072      724.992
DESIGN.splitter.Fl_O2  |         10.300      528.655       -3.786        1.660        8.853      530.197        0.470      518.484     3119.856
DESIGN.duct4.Fl_O      |         10.250      528.655       -3.786        1.661        9.506       89.864        0.330      367.997      709.115
DESIGN.lpc.Fl_O        |         25.626      699.269       37.278        1.665       24.079       89.864        0.300      384.972      355.339
DESIGN.duct6.Fl_O      |         25.367      699.269       37.278        1.666       23.311       89.864        0.350      447.742      313.593
DESIGN.hpc.Fl_O        |        202.937     1297.866      186.334        1.677      196.383       79.486        0.220      381.650       72.796
DESIGN.bld3.Fl_O       |        202.937     1297.866      186.334        1.677      191.715       69.275        0.290      501.569       49.135
DESIGN.burner.Fl_O     |        191.979     2880.000      181.786        1.932      190.752       71.008        0.100      251.643      226.951
DESIGN.hpt.Fl_O        |         62.334     2171.860       24.785        1.922       57.579       81.220        0.350      765.553      209.537
DESIGN.duct11.Fl_O     |         62.016     2171.860       24.785        1.922       58.353       81.220        0.306      671.340      236.801
DESIGN.lpt.Fl_O        |         15.458     1560.845     -119.381        1.922       13.983       87.598        0.390      728.390      698.371
DESIGN.duct13.Fl_O     |         15.293     1560.845     -119.381        1.923       13.616       87.598        0.420      782.959      664.549
DESIGN.core_nozz.Fl_O  |         15.293     1560.845     -119.381        1.923        8.217       87.598        1.000     1755.163      432.073
DESIGN.byp_bld.Fl_O    |         10.300      528.655       -3.786        1.660        8.853      527.546        0.470      518.484     3104.257
DESIGN.duct15.Fl_O     |         10.146      528.655       -3.786        1.661        8.610      527.546        0.490      539.559     3056.045
DESIGN.byp_nozz.Fl_O   |         10.146      528.655       -3.786        1.661        5.358      527.546        1.000     1029.124     2247.858
------------------------------------------------------------------------------------------------------------------------------------------------
-------------------------------------------------------------------------------------------------------------------------------------------------------------------------------------------------------
                          COMPRESSOR PROPERTIES
-------------------------------------------------------------------------------------------------------------------------------------------------------------------------------------------------------
Compressor    |           Wc         Pr      eta_a      eta_p         Nc        pwr   RlineMap      NcMap      WcMap      PRmap   alphaMap        SMN        SMW     effMap
-------------------------------------------------------------------------------------------------------------------------------------------------------------------------------------------------------
DESIGN.fan    |     1256.259      1.500      0.895      0.901   4225.456 -13431.956      2.200      0.990      1.685    803.556      0.000     36.641     29.886      0.895
DESIGN.lpc    |      130.072      2.500      0.924      0.933   3962.043  -5221.125      2.150      1.000      1.935     87.666      0.000     15.987     15.644      0.924
DESIGN.hpc    |       60.449      8.000      0.907      0.929  11196.101 -17857.327      2.050      0.976      9.374     49.454      0.000     22.598     22.468      0.871
-------------------------------------------------------------------------------------------------------------------------------------------------------------------------------------------------------
---------------------------------------------------------------------------
                            BURNER PROPERTIES
---------------------------------------------------------------------------
Burner              |           dPqP        TtOut        Wfuel          FAR
DESIGN.burner       |         0.0540      2880.00       1.7334      0.02502
--------------------------------------------------------------------------------------------------------------------------------------
                            TURBINE PROPERTIES
--------------------------------------------------------------------------------------------------------------------------------------
Turbine       |             Wp           PR        eff_a        eff_p           Np          pwr        NpMap        PRmap     alphaMap
DESIGN.hpt    |         19.850        3.080        0.889        0.875      242.241    18107.327      100.000        6.000        1.000
DESIGN.lpt    |         61.034        4.012        0.900        0.883       85.831    18653.080      100.000        6.000        1.000
-------------------------------------------------------------------------------------------------------------------------
                            NOZZLE PROPERTIES
-------------------------------------------------------------------------------------------------------------------------
Nozzle        |             PR           Cv          Cfg          Ath         MNth        MNout            V           Fg
DESIGN.core_nozz|          3.202        0.993        N/A        432.073        1.000        1.000     1755.163     6233.190
DESIGN.byp_nozz|          2.124        0.994        N/A       2247.858        1.000        1.000     1029.124    18079.620
---------------------------------------------------------------------------------------------------------------------------
                            SHAFT PROPERTIES
---------------------------------------------------------------------------------------------------------------------------
Shaft               |                 Nmech               trqin              trqout               pwrin              pwrout
DESIGN.hp_shaft     |             13000.000            7315.513           -7214.511           18107.316          -17857.316
DESIGN.lp_shaft     |              4000.000           24492.007          -24492.007           18653.069          -18653.069
--------------------------------------------------------------------------------------------------------------------
                            BLEED PROPERTIES
--------------------------------------------------------------------------------------------------------------------
Bleed                 |         Wb/Win        Pfrac     Workfrac            W           Tt           ht           Pt
DESIGN.hpc.cool1      |          0.051        0.500        0.500        4.557     1003.610      111.806      114.152
DESIGN.hpc.cool2      |          0.020        0.550        0.500        1.822     1003.610      111.806      123.031
DESIGN.hpc.cust       |          0.044        0.500        0.500        3.999     1003.610      111.806      114.152
DESIGN.bld3.cool3     |          0.067        1.000        1.000        5.343     1297.866      186.334      202.937
DESIGN.bld3.cool4     |          0.061        1.000        1.000        4.869     1297.866      186.334      202.937
DESIGN.byp_bld.bypBld |          0.005        1.000        1.000        2.651      528.655       -3.786       10.300



----------------------------------------------------------------------------
                              POINT: OD_TOfail
----------------------------------------------------------------------------
                       PERFORMANCE CHARACTERISTICS
    Mach      Alt       W      Fn      Fg    Fram     OPR     TSFC      BPR 
 0.18000      0.0 1292.448 36760.0 44833.3  8073.2  31.840  0.45218    5.600
------------------------------------------------------------------------------------------------------------------------------------------------
                            FLOW STATIONS
------------------------------------------------------------------------------------------------------------------------------------------------
------------------------------------------------------------------------------------------------------------------------------------------------
Flow Station           |          tot:P        tot:T        tot:h        tot:S       stat:P       stat:W      stat:MN       stat:V    stat:area
------------------------------------------------------------------------------------------------------------------------------------------------
OD_TOfail.fc.Fl_O      |         15.032      522.033       -5.375        1.631       14.696     1292.448        0.180      200.974    12109.258
OD_TOfail.inlet.Fl_O   |         15.017      522.033       -5.375        1.631       10.671     1292.448        0.716      763.721     4005.696
OD_TOfail.fan.Fl_O     |         23.350      600.440       13.455        1.635       20.462     1292.448        0.439      516.786     3770.675
OD_TOfail.splitter.Fl_O|         23.350      600.440       13.455        1.635       21.663      195.839        0.329      390.997      724.992
OD_TOfail.splitter.Fl_O|         23.350      600.440       13.455        1.635       20.284     1096.609        0.453      533.264     3119.856
OD_TOfail.duct4.Fl_O   |         23.238      600.440       13.455        1.635       21.457      195.839        0.339      403.044      709.115
OD_TOfail.lpc.Fl_O     |         57.652      798.038       61.238        1.642       53.903      195.839        0.312      427.157      355.339
OD_TOfail.duct6.Fl_O   |         57.070      798.038       61.238        1.642       52.078      195.839        0.365      497.566      313.593
OD_TOfail.hpc.Fl_O     |        478.136     1488.705      236.141        1.654      462.986      173.223        0.219      404.809       72.796
OD_TOfail.bld3.Fl_O    |        478.136     1488.705      236.141        1.654      452.207      150.969        0.288      531.886       49.135
OD_TOfail.burner.Fl_O  |        452.316     3330.000      229.133        1.925      452.255      155.586        0.015       39.427     1550.003
OD_TOfail.hpt.Fl_O     |        147.673     2535.974       47.533        1.913      136.428      177.840        0.352      826.651      209.537
OD_TOfail.duct11.Fl_O  |        146.920     2535.974       47.533        1.913      138.258      177.840        0.308      724.815      236.801
OD_TOfail.lpt.Fl_O     |         36.951     1845.187     -120.862        1.913       33.455      191.741        0.391      788.669      698.371
OD_TOfail.duct13.Fl_O  |         36.556     1845.187     -120.862        1.913       32.583      191.741        0.421      847.789      664.549
OD_TOfail.core_nozz.Fl_|         36.556     1845.187     -120.862        1.913       19.753      191.741        1.000     1903.012      432.073
OD_TOfail.byp_bld.Fl_O |         23.350      600.440       13.455        1.635       20.284     1091.126        0.453      533.264     3104.257
OD_TOfail.duct15.Fl_O  |         23.002      600.440       13.455        1.636       19.750     1091.126        0.472      554.475     3056.045
OD_TOfail.byp_nozz.Fl_O|         23.002      600.440       13.455        1.636       14.696     1091.126        0.826      931.080     2247.858
------------------------------------------------------------------------------------------------------------------------------------------------
-------------------------------------------------------------------------------------------------------------------------------------------------------------------------------------------------------
                          COMPRESSOR PROPERTIES
-------------------------------------------------------------------------------------------------------------------------------------------------------------------------------------------------------
Compressor    |           Wc         Pr      eta_a      eta_p         Nc        pwr   RlineMap      NcMap      WcMap      PRmap   alphaMap        SMN        SMW     effMap
-------------------------------------------------------------------------------------------------------------------------------------------------------------------------------------------------------
OD_TOfail.fan |     1268.916      1.555      0.894      0.901   4370.449 -34433.016      2.097      1.024      1.760    811.652      0.000     30.925     25.288      0.894
OD_TOfail.lpc |      133.258      2.481      0.893      0.906   4075.118 -13239.806      2.706      1.029      1.923     89.814      0.000     19.258     18.985      0.893
OD_TOfail.hpc |       62.554      8.378      0.904      0.927  11296.055 -45664.460      2.083      0.985      9.827     51.176      0.000     20.865     20.761      0.868
-------------------------------------------------------------------------------------------------------------------------------------------------------------------------------------------------------
---------------------------------------------------------------------------
                            BURNER PROPERTIES
---------------------------------------------------------------------------
Burner              |           dPqP        TtOut        Wfuel          FAR
OD_TOfail.burner    |         0.0540      3330.00       4.6173      0.03058
--------------------------------------------------------------------------------------------------------------------------------------
                            TURBINE PROPERTIES
--------------------------------------------------------------------------------------------------------------------------------------
Turbine       |             Wp           PR        eff_a        eff_p           Np          pwr        NpMap        PRmap     alphaMap
OD_TOfail.hpt |         19.850        3.063        0.889        0.877      242.812    45914.461      100.236        5.959        1.000
OD_TOfail.lpt |         60.957        3.976        0.900        0.884       87.068    47672.821      101.441        5.940        1.000
-------------------------------------------------------------------------------------------------------------------------
                            NOZZLE PROPERTIES
-------------------------------------------------------------------------------------------------------------------------
Nozzle        |             PR           Cv          Cfg          Ath         MNth        MNout            V           Fg
OD_TOfail.core_nozz|          2.487        0.993        N/A        432.073        1.000        1.000     1903.012    13449.879
OD_TOfail.byp_nozz|          1.565        0.994        N/A       2247.858        0.826        0.826      931.080    31383.372
---------------------------------------------------------------------------------------------------------------------------
                            SHAFT PROPERTIES
---------------------------------------------------------------------------------------------------------------------------
Shaft               |                 Nmech               trqin              trqout               pwrin              pwrout
OD_TOfail.hp_shaft  |             14011.774           17210.369          -17116.660           45914.433          -45664.433
OD_TOfail.lp_shaft  |              4384.593           57105.160          -57105.160           47672.793          -47672.793
-----------------------------------------------------------------------------------------------------------------------
                            BLEED PROPERTIES
-----------------------------------------------------------------------------------------------------------------------
Bleed                    |         Wb/Win        Pfrac     Workfrac            W           Tt           ht           Pt
OD_TOfail.hpc.cool1      |          0.051        0.500        0.500        9.931     1150.581      148.689      267.603
OD_TOfail.hpc.cool2      |          0.020        0.550        0.500        3.970     1150.581      148.689      288.656
OD_TOfail.hpc.cust       |          0.044        0.500        0.500        8.715     1150.581      148.689      267.603
OD_TOfail.bld3.cool3     |          0.067        1.000        1.000       11.643     1488.705      236.141      478.136
OD_TOfail.bld3.cool4     |          0.061        1.000        1.000       10.611     1488.705      236.141      478.136
OD_TOfail.byp_bld.bypBld |          0.005        1.000        1.000        5.483      600.440       13.455       23.350
