


----------------------------------------------------------------------------
                              POINT: DESIGN
----------------------------------------------------------------------------
                       PERFORMANCE CHARACTERISTICS
    Mach      Alt       W      Fn      Fg    Fram     OPR     TSFC      BPR 
 0.74000  28000.0 634.950 10011.9 24668.4 14656.5  50.243  0.55960    5.900
------------------------------------------------------------------------------------------------------------------------------------------------
                            FLOW STATIONS
------------------------------------------------------------------------------------------------------------------------------------------------
------------------------------------------------------------------------------------------------------------------------------------------------
Flow Station           |          tot:P        tot:T        tot:h        tot:S       stat:P       stat:W      stat:MN       stat:V    stat:area
------------------------------------------------------------------------------------------------------------------------------------------------
DESIGN.fc.Fl_O         |          6.873      464.798      -19.097        1.657        4.776      634.950        0.740      742.670     3999.581
DESIGN.inlet.Fl_O      |          6.867      464.798      -19.097        1.657        4.945      634.950        0.701      707.124     4099.171
DESIGN.fan.Fl_O        |         11.673      549.890        1.310        1.661       10.110      634.950        0.458      515.586     3429.747
DESIGN.splitter.Fl_O1  |         11.673      549.890        1.310        1.661       10.919       92.022        0.310      353.422      686.370
DESIGN.splitter.Fl_O2  |         11.673      549.890        1.310        1.661       10.148      542.928        0.452      509.094     2962.306
DESIGN.duct4.Fl_O      |         11.617      549.890        1.310        1.661       10.859       92.022        0.312      355.321      686.350
DESIGN.lpc.Fl_O        |         34.851      767.972       53.925        1.667       32.671       92.022        0.306      410.882      275.796
DESIGN.duct6.Fl_O      |         34.499      767.972       53.925        1.667       31.612       92.022        0.356      477.076      243.906
DESIGN.hpc.Fl_O        |        344.994     1506.275      240.783        1.679      331.444       81.395        0.244      454.003       43.020
DESIGN.bld3.Fl_O       |        344.994     1506.275      240.783        1.679      324.796       70.938        0.300      556.365       31.057
DESIGN.burner.Fl_O     |        326.364     2880.000      235.614        1.893      324.170       72.494        0.102      258.114      132.913
DESIGN.hpt.Fl_O        |         76.143     2054.118       38.814        1.889       69.826       82.951        0.365      777.454      164.022
DESIGN.duct11.Fl_O     |         75.754     2054.118       38.814        1.890       71.260       82.951        0.306      654.292      192.137
DESIGN.lpt.Fl_O        |          9.469     1276.512     -150.400        1.900        8.453       89.483        0.413      700.254      999.484
DESIGN.duct13.Fl_O     |          9.368     1276.512     -150.400        1.901        8.205       89.483        0.446      755.501      949.617
DESIGN.core_nozz.Fl_O  |          9.368     1276.512     -150.400        1.901        5.005       89.483        1.000     1591.552      648.570
DESIGN.byp_bld.Fl_O    |         11.673      549.890        1.310        1.661       10.165      540.214        0.449      505.953     2962.074
DESIGN.duct15.Fl_O     |         11.499      549.890        1.310        1.662        9.953      540.214        0.459      516.775     2956.770
DESIGN.byp_nozz.Fl_O   |         11.499      549.890        1.310        1.662        6.073      540.214        1.000     1049.585     2071.521
------------------------------------------------------------------------------------------------------------------------------------------------
-------------------------------------------------------------------------------------------------------------------------------------------------------------------------------------------------------
                          COMPRESSOR PROPERTIES
-------------------------------------------------------------------------------------------------------------------------------------------------------------------------------------------------------
Compressor    |           Wc         Pr      eta_a      eta_p         Nc        pwr   RlineMap      NcMap      WcMap      PRmap   alphaMap        SMN        SMW     effMap
-------------------------------------------------------------------------------------------------------------------------------------------------------------------------------------------------------
DESIGN.fan    |     1286.426      1.700      0.895      0.902   4225.456 -18332.637      2.200      0.990      1.685    803.556      0.000     36.641     29.886      0.895
DESIGN.lpc    |      119.862      3.000      0.924      0.935   3884.791  -6850.359      2.150      1.000      1.935     87.666      0.000     15.987     15.644      0.924
DESIGN.hpc    |       47.698     10.000      0.907      0.930  10683.566 -22923.608      2.050      0.976      9.374     49.454      0.000     22.598     22.468      0.871
-------------------------------------------------------------------------------------------------------------------------------------------------------------------------------------------------------
---------------------------------------------------------------------------
                            BURNER PROPERTIES
---------------------------------------------------------------------------
Burner              |           dPqP        TtOut        Wfuel          FAR
DESIGN.burner       |         0.0540      2880.00       1.5563      0.02194
--------------------------------------------------------------------------------------------------------------------------------------
                            TURBINE PROPERTIES
--------------------------------------------------------------------------------------------------------------------------------------
Turbine       |             Wp           PR        eff_a        eff_p           Np          pwr        NpMap        PRmap     alphaMap
DESIGN.hpt    |         11.921        4.286        0.889        0.871      242.241    23173.608      100.000        6.000        1.000
DESIGN.lpt    |         49.628        8.000        0.900        0.872       88.257    24958.599      100.000        6.000        1.000
-------------------------------------------------------------------------------------------------------------------------
                            NOZZLE PROPERTIES
-------------------------------------------------------------------------------------------------------------------------
Nozzle        |             PR           Cv          Cfg          Ath         MNth        MNout            V           Fg
DESIGN.core_nozz|          1.913        0.993        N/A        648.570        1.000        1.000     1591.552     4466.822
DESIGN.byp_nozz|          2.407        0.994        N/A       2071.521        1.000        1.000     1049.585    20201.600
---------------------------------------------------------------------------------------------------------------------------
                            SHAFT PROPERTIES
---------------------------------------------------------------------------------------------------------------------------
Shaft               |                 Nmech               trqin              trqout               pwrin              pwrout
DESIGN.hp_shaft     |             13000.000            9362.334           -9261.332           23173.594          -22923.594
DESIGN.lp_shaft     |              4000.000           32771.327          -33065.966           24958.584          -25182.981
--------------------------------------------------------------------------------------------------------------------
                            BLEED PROPERTIES
--------------------------------------------------------------------------------------------------------------------
Bleed                 |         Wb/Win        Pfrac     Workfrac            W           Tt           ht           Pt
DESIGN.hpc.cool1      |          0.051        0.500        0.500        4.666     1145.306      147.354      189.746
DESIGN.hpc.cool2      |          0.020        0.550        0.500        1.866     1145.306      147.354      205.271
DESIGN.hpc.cust       |          0.044        0.500        0.500        4.095     1145.306      147.354      189.746
DESIGN.bld3.cool3     |          0.067        1.000        1.000        5.471     1506.275      240.783      344.994
DESIGN.bld3.cool4     |          0.061        1.000        1.000        4.986     1506.275      240.783      344.994
DESIGN.byp_bld.bypBld |          0.005        1.000        1.000        2.715      549.890        1.310       11.673



----------------------------------------------------------------------------
                              POINT: OD_TOfail
----------------------------------------------------------------------------
                       PERFORMANCE CHARACTERISTICS
    Mach      Alt       W      Fn      Fg    Fram     OPR     TSFC      BPR 
 0.18000      0.0 2000.000 65272.7 77765.7 12492.9  53.602  0.40492    5.300
------------------------------------------------------------------------------------------------------------------------------------------------
                            FLOW STATIONS
------------------------------------------------------------------------------------------------------------------------------------------------
------------------------------------------------------------------------------------------------------------------------------------------------
Flow Station           |          tot:P        tot:T        tot:h        tot:S       stat:P       stat:W      stat:MN       stat:V    stat:area
------------------------------------------------------------------------------------------------------------------------------------------------
OD_TOfail.fc.Fl_O      |         15.032      522.033       -5.375        1.631       14.696     2000.000        0.180      200.974    18738.488
OD_TOfail.inlet.Fl_O   |         15.017      522.033       -5.375        1.631       11.640     2000.000        0.812      921.516     4099.171
OD_TOfail.fan.Fl_O     |         26.270      621.886       18.615        1.635       11.711     2000.000        1.114     1236.122     3429.747
OD_TOfail.splitter.Fl_O|         26.270      621.886       18.615        1.635       20.890      317.460        0.582      688.143      686.370
OD_TOfail.splitter.Fl_O|         26.270      621.886       18.615        1.635    -5018.128     1682.540      546.507  -432477.093     2962.306
OD_TOfail.duct4.Fl_O   |         26.143      621.886       18.615        1.635       20.717      317.460        0.586      693.216      686.350
OD_TOfail.lpc.Fl_O     |         80.360      872.247       79.370        1.640       65.456      317.460        0.551      772.631      275.796
OD_TOfail.duct6.Fl_O   |         79.548      872.247       79.370        1.641       57.672      317.460        0.695      959.614      243.906
OD_TOfail.hpc.Fl_O     |        804.934     1696.667      291.670        1.653      720.633      280.799        0.409      797.130       43.020
OD_TOfail.bld3.Fl_O    |        804.934     1696.667      291.670        1.653      672.003      244.725        0.524     1013.689       31.057
OD_TOfail.burner.Fl_O  |        761.468     3465.340      283.175        1.901      761.368      252.067        0.014       39.486     1550.003
OD_TOfail.hpt.Fl_O     |        177.655     2498.477       45.102        1.895      121.492      288.141        0.782     1766.875      164.022
OD_TOfail.duct11.Fl_O  |        176.749     2498.477       45.102        1.895      143.004      288.141        0.579     1331.875      192.137
OD_TOfail.lpt.Fl_O     |         22.094     1580.579     -186.697        1.904     1103.685      310.675     -336.827  -561500.775      999.484
OD_TOfail.duct13.Fl_O  |         21.857     1580.579     -186.697        1.905       -0.828      310.675     -293.372  1296726.809      949.617
OD_TOfail.core_nozz.Fl_|         21.857     1580.579     -186.697        1.905       11.758      310.675        1.000     1765.161     1079.926
OD_TOfail.byp_bld.Fl_O |         26.270      621.886       18.615        1.635       14.742     1674.127        0.944     1068.158     2962.074
OD_TOfail.duct15.Fl_O  |         25.878      621.886       18.615        1.636        1.494     1674.127        5.095     4607.465     2956.770
OD_TOfail.byp_nozz.Fl_O|         25.878      621.886       18.615        1.636       13.669     1674.127        1.000     1116.153     3034.356
------------------------------------------------------------------------------------------------------------------------------------------------
-------------------------------------------------------------------------------------------------------------------------------------------------------------------------------------------------------
                          COMPRESSOR PROPERTIES
-------------------------------------------------------------------------------------------------------------------------------------------------------------------------------------------------------
Compressor    |           Wc         Pr      eta_a      eta_p         Nc        pwr   RlineMap      NcMap      WcMap      PRmap   alphaMap        SMN        SMW     effMap
-------------------------------------------------------------------------------------------------------------------------------------------------------------------------------------------------------
OD_TOfail.fan |     1963.586      1.749      0.905      0.912   4983.870 -67884.004      2.020      0.990      1.733    800.220      0.000     32.283      4.748      0.905
OD_TOfail.lpc |      195.404      3.074      0.928      0.938   4566.256 -27288.809      2.000      1.000      1.970     87.460      0.000     13.687      9.637      0.928
OD_TOfail.hpc |       76.056     10.119      0.908      0.931  11566.905 -89850.605      2.000      0.976      9.485     49.421      0.000     21.088     17.508      0.872
-------------------------------------------------------------------------------------------------------------------------------------------------------------------------------------------------------
---------------------------------------------------------------------------
                            BURNER PROPERTIES
---------------------------------------------------------------------------
Burner              |           dPqP        TtOut        Wfuel          FAR
OD_TOfail.burner    |         0.0540      3465.34       7.3418      0.03000
--------------------------------------------------------------------------------------------------------------------------------------
                            TURBINE PROPERTIES
--------------------------------------------------------------------------------------------------------------------------------------
Turbine       |             Wp           PR        eff_a        eff_p           Np          pwr        NpMap        PRmap     alphaMap
OD_TOfail.hpt |         19.487        4.286        0.889        0.872      254.811    97490.447      100.000        6.000        1.000
OD_TOfail.lpt |         81.487        8.000        0.900        0.874      100.030   106366.461      100.000        6.000        1.000
-------------------------------------------------------------------------------------------------------------------------
                            NOZZLE PROPERTIES
-------------------------------------------------------------------------------------------------------------------------
Nozzle        |             PR           Cv          Cfg          Ath         MNth        MNout            V           Fg
OD_TOfail.core_nozz|          2.000        0.993        N/A       1079.926        1.000        1.000     1765.161    17826.475
OD_TOfail.byp_nozz|          2.000        0.994        N/A       3034.356        1.000        1.000     1116.153    59939.222
---------------------------------------------------------------------------------------------------------------------------
                            SHAFT PROPERTIES
---------------------------------------------------------------------------------------------------------------------------
Shaft               |                 Nmech               trqin              trqout               pwrin              pwrout
OD_TOfail.hp_shaft  |             15000.000           34135.370          -31460.351           97490.389          -89850.551
OD_TOfail.lp_shaft  |              5000.000          111729.671          -99971.617          106366.398          -95172.757
-----------------------------------------------------------------------------------------------------------------------
                            BLEED PROPERTIES
-----------------------------------------------------------------------------------------------------------------------
Bleed                    |         Wb/Win        Pfrac     Workfrac            W           Tt           ht           Pt
OD_TOfail.hpc.cool1      |          0.051        0.500        0.500       16.098     1294.707      185.520      442.241
OD_TOfail.hpc.cool2      |          0.020        0.550        0.500        6.436     1294.707      185.520      478.510
OD_TOfail.hpc.cust       |          0.044        0.500        0.500       14.127     1294.707      185.520      442.241
OD_TOfail.bld3.cool3     |          0.067        1.000        1.000       18.874     1696.667      291.670      804.934
OD_TOfail.bld3.cool4     |          0.061        1.000        1.000       17.201     1696.667      291.670      804.934
OD_TOfail.byp_bld.bypBld |          0.005        1.000        1.000        8.413      621.886       18.615       26.270
