


----------------------------------------------------------------------------
                              POINT: DESIGN
----------------------------------------------------------------------------
                       PERFORMANCE CHARACTERISTICS
    Mach      Alt       W      Fn      Fg    Fram     OPR     TSFC      BPR 
 0.74000  28000.0 805.893 12000.0 30602.4 18602.4  31.241  0.66875    5.900
------------------------------------------------------------------------------------------------------------------------------------------------
                            FLOW STATIONS
------------------------------------------------------------------------------------------------------------------------------------------------
------------------------------------------------------------------------------------------------------------------------------------------------
Flow Station           |          tot:P        tot:T        tot:h        tot:S       stat:P       stat:W      stat:MN       stat:V    stat:area
------------------------------------------------------------------------------------------------------------------------------------------------
DESIGN.fc.Fl_O         |          6.873      464.798      -19.097        1.657        4.776      805.893        0.740      742.670     5076.361
DESIGN.inlet.Fl_O      |          6.867      464.798      -19.097        1.657        4.949      805.893        0.700      706.205     5206.208
DESIGN.fan.Fl_O        |          9.270      511.083       -8.001        1.659        8.067      805.893        0.450      488.988     5353.700
DESIGN.splitter.Fl_O1  |          9.270      511.083       -8.001        1.659        8.635      116.796        0.320      351.111     1029.352
DESIGN.splitter.Fl_O2  |          9.270      511.083       -8.001        1.659        7.968      689.097        0.470      509.822     4429.657
DESIGN.duct4.Fl_O      |          9.225      511.083       -8.001        1.660        8.555      116.796        0.330      361.853     1006.810
DESIGN.lpc.Fl_O        |         24.908      692.044       35.532        1.664       23.404      116.796        0.300      383.008      472.640
DESIGN.duct6.Fl_O      |         24.657      692.044       35.532        1.665       22.658      116.796        0.350      445.456      417.115
DESIGN.hpc.Fl_O        |        214.515     1315.882      190.987        1.676      207.592      103.308        0.220      384.140       90.162
DESIGN.bld3.Fl_O       |        214.515     1315.882      190.987        1.676      202.661       90.036        0.290      504.846       60.855
DESIGN.burner.Fl_O     |        202.931     2880.000      186.373        1.928      201.634       92.265        0.100      251.659      278.959
DESIGN.hpt.Fl_O        |         63.714     2152.296       23.174        1.917       58.852      105.537        0.350      762.320      265.096
DESIGN.duct11.Fl_O     |         63.389     2152.296       23.174        1.918       59.643      105.537        0.306      668.509      299.587
DESIGN.lpt.Fl_O        |         20.875     1640.780      -93.489        1.915       18.889      113.828        0.390      745.812      689.912
DESIGN.duct13.Fl_O     |         20.652     1640.780      -93.489        1.916       18.394      113.828        0.420      801.703      656.488
DESIGN.core_nozz.Fl_O  |         20.652     1640.780      -93.489        1.916       11.111      113.828        1.000     1798.369      426.714
DESIGN.byp_bld.Fl_O    |          9.270      511.083       -8.001        1.659        7.968      685.652        0.470      509.822     4407.509
DESIGN.duct15.Fl_O     |          9.132      511.083       -8.001        1.660        7.749      685.652        0.490      530.543     4339.063
DESIGN.byp_nozz.Fl_O   |          9.132      511.083       -8.001        1.660        4.823      685.652        1.000     1011.878     3191.643
------------------------------------------------------------------------------------------------------------------------------------------------
-------------------------------------------------------------------------------------------------------------------------------------------------------------------------------------------------------
                          COMPRESSOR PROPERTIES
-------------------------------------------------------------------------------------------------------------------------------------------------------------------------------------------------------
Compressor    |           Wc         Pr      eta_a      eta_p         Nc        pwr   RlineMap      NcMap      WcMap      PRmap   alphaMap        SMN        SMW     effMap
-------------------------------------------------------------------------------------------------------------------------------------------------------------------------------------------------------
DESIGN.fan    |     1632.761      1.350      0.900      0.904   4225.456 -12651.241      2.200      0.990      1.685    803.556      0.000     36.641     29.886      0.895
DESIGN.lpc    |      184.690      2.700      0.924      0.934   4029.582  -7193.947      2.150      1.000      1.935     87.666      0.000     15.987     15.644      0.924
DESIGN.hpc    |       80.410      8.700      0.907      0.930  12120.112 -24205.473      2.050      0.976      9.374     49.454      0.000     22.598     22.468      0.871
-------------------------------------------------------------------------------------------------------------------------------------------------------------------------------------------------------
---------------------------------------------------------------------------
                            BURNER PROPERTIES
---------------------------------------------------------------------------
Burner              |           dPqP        TtOut        Wfuel          FAR
DESIGN.burner       |         0.0540      2880.00       2.2292      0.02476
--------------------------------------------------------------------------------------------------------------------------------------
                            TURBINE PROPERTIES
--------------------------------------------------------------------------------------------------------------------------------------
Turbine       |             Wp           PR        eff_a        eff_p           Np          pwr        NpMap        PRmap     alphaMap
DESIGN.hpt    |         24.400        3.185        0.900        0.887      260.875    24455.473      100.000        6.000        1.000
DESIGN.lpt    |         77.240        3.037        0.900        0.887       86.220    19845.188      100.000        6.000        1.000
-------------------------------------------------------------------------------------------------------------------------
                            NOZZLE PROPERTIES
-------------------------------------------------------------------------------------------------------------------------
Nozzle        |             PR           Cv          Cfg          Ath         MNth        MNout            V           Fg
DESIGN.core_nozz|          4.324        0.993        N/A        426.714        1.000        1.000     1798.369     9022.934
DESIGN.byp_nozz|          1.912        0.994        N/A       3191.643        1.000        1.000     1011.878    21579.442
---------------------------------------------------------------------------------------------------------------------------
                            SHAFT PROPERTIES
---------------------------------------------------------------------------------------------------------------------------
Shaft               |                 Nmech               trqin              trqout               pwrin              pwrout
DESIGN.hp_shaft     |             14000.000            9174.488           -9080.700           24455.459          -24205.459
DESIGN.lp_shaft     |              4000.000           26057.277          -26057.277           19845.176          -19845.176
--------------------------------------------------------------------------------------------------------------------
                            BLEED PROPERTIES
--------------------------------------------------------------------------------------------------------------------
Bleed                 |         Wb/Win        Pfrac     Workfrac            W           Tt           ht           Pt
DESIGN.hpc.cool1      |          0.051        0.500        0.500        5.922     1009.451      113.260      119.586
DESIGN.hpc.cool2      |          0.020        0.550        0.500        2.368     1009.451      113.260      129.079
DESIGN.hpc.cust       |          0.044        0.500        0.500        5.197     1009.451      113.260      119.586
DESIGN.bld3.cool3     |          0.067        1.000        1.000        6.944     1315.882      190.987      214.515
DESIGN.bld3.cool4     |          0.061        1.000        1.000        6.328     1315.882      190.987      214.515
DESIGN.byp_bld.bypBld |          0.005        1.000        1.000        3.445      511.083       -8.001        9.270



----------------------------------------------------------------------------
                              POINT: OD_TOfail
----------------------------------------------------------------------------
                       PERFORMANCE CHARACTERISTICS
    Mach      Alt       W      Fn      Fg    Fram     OPR     TSFC      BPR 
 0.18000      0.0 1650.520 46122.8 56432.7 10309.9  34.653  0.49316    5.391
------------------------------------------------------------------------------------------------------------------------------------------------
                            FLOW STATIONS
------------------------------------------------------------------------------------------------------------------------------------------------
------------------------------------------------------------------------------------------------------------------------------------------------
Flow Station           |          tot:P        tot:T        tot:h        tot:S       stat:P       stat:W      stat:MN       stat:V    stat:area
------------------------------------------------------------------------------------------------------------------------------------------------
OD_TOfail.fc.Fl_O      |         15.032      522.033       -5.375        1.631       14.696     1650.520        0.180      200.974    15464.125
OD_TOfail.inlet.Fl_O   |         15.017      522.033       -5.375        1.631       10.930     1650.520        0.689      737.675     5206.208
OD_TOfail.fan.Fl_O     |         21.415      583.794        9.453        1.634       18.966     1650.520        0.420      489.038     5353.700
OD_TOfail.splitter.Fl_O|         21.415      583.794        9.453        1.634       19.873      258.241        0.329      384.897     1029.352
OD_TOfail.splitter.Fl_O|         21.415      583.794        9.453        1.634       18.854     1392.279        0.431      500.708     4429.657
OD_TOfail.duct4.Fl_O   |         21.312      583.794        9.453        1.634       19.685      258.241        0.339      396.750     1006.810
OD_TOfail.lpc.Fl_O     |         55.276      789.741       59.218        1.642       51.456      258.241        0.322      438.455      472.640
OD_TOfail.duct6.Fl_O   |         54.718      789.741       59.218        1.643       49.620      258.241        0.377      511.410      417.115
OD_TOfail.hpc.Fl_O     |        520.380     1527.944      246.521        1.655      504.195      228.419        0.217      406.272       90.162
OD_TOfail.bld3.Fl_O    |        520.380     1527.944      246.521        1.655      492.693      199.074        0.286      533.638       60.855
OD_TOfail.burner.Fl_O  |        492.279     3420.000      238.938        1.929      492.178      205.392        0.018       49.120     1550.003
OD_TOfail.hpt.Fl_O     |        155.332     2585.384       44.973        1.916      143.463      234.737        0.353      836.159      265.096
OD_TOfail.duct11.Fl_O  |        154.540     2585.384       44.973        1.916      145.398      234.737        0.308      733.096      299.587
OD_TOfail.lpt.Fl_O     |         51.431     1994.170      -94.704        1.913       46.585      253.067        0.391      818.187      689.912
OD_TOfail.duct13.Fl_O  |         50.880     1994.170      -94.704        1.914       45.373      253.067        0.421      879.544      656.488
OD_TOfail.core_nozz.Fl_|         50.880     1994.170      -94.704        1.914       27.557      253.067        1.000     1976.012      426.714
OD_TOfail.byp_bld.Fl_O |         21.415      583.794        9.453        1.634       18.854     1385.318        0.431      500.708     4407.509
OD_TOfail.duct15.Fl_O  |         21.096      583.794        9.453        1.635       18.383     1385.318        0.448      520.097     4339.063
OD_TOfail.byp_nozz.Fl_O|         21.096      583.794        9.453        1.635       14.696     1385.318        0.738      829.694     3191.643
------------------------------------------------------------------------------------------------------------------------------------------------
-------------------------------------------------------------------------------------------------------------------------------------------------------------------------------------------------------
                          COMPRESSOR PROPERTIES
-------------------------------------------------------------------------------------------------------------------------------------------------------------------------------------------------------
Compressor    |           Wc         Pr      eta_a      eta_p         Nc        pwr   RlineMap      NcMap      WcMap      PRmap   alphaMap        SMN        SMW     effMap
-------------------------------------------------------------------------------------------------------------------------------------------------------------------------------------------------------
OD_TOfail.fan |     1620.469      1.426      0.902      0.906   4372.770 -34627.593      1.772      1.025      1.834    797.507      0.000     23.464     18.662      0.896
OD_TOfail.lpc |      188.922      2.594      0.881      0.895   4135.002 -18182.655      2.850      1.026      1.877     89.675      0.000     22.058     21.769      0.881
OD_TOfail.hpc |       85.583      9.510      0.903      0.927  12320.776 -64484.033      2.094      0.992     10.256     52.635      0.000     18.986     18.902      0.866
-------------------------------------------------------------------------------------------------------------------------------------------------------------------------------------------------------
---------------------------------------------------------------------------
                            BURNER PROPERTIES
---------------------------------------------------------------------------
Burner              |           dPqP        TtOut        Wfuel          FAR
OD_TOfail.burner    |         0.0540      3420.00       6.3183      0.03174
--------------------------------------------------------------------------------------------------------------------------------------
                            TURBINE PROPERTIES
--------------------------------------------------------------------------------------------------------------------------------------
Turbine       |             Wp           PR        eff_a        eff_p           Np          pwr        NpMap        PRmap     alphaMap
OD_TOfail.hpt |         24.400        3.169        0.900        0.888      259.969    64734.034       99.653        5.964        1.000
OD_TOfail.lpt |         77.233        3.005        0.900        0.888       86.277    52810.248      100.066        5.922        1.000
-------------------------------------------------------------------------------------------------------------------------
                            NOZZLE PROPERTIES
-------------------------------------------------------------------------------------------------------------------------
Nozzle        |             PR           Cv          Cfg          Ath         MNth        MNout            V           Fg
OD_TOfail.core_nozz|          3.462        0.993        N/A        426.714        1.000        1.000     1976.012    20926.450
OD_TOfail.byp_nozz|          1.435        0.994        N/A       3191.643        0.738        0.738      829.694    35506.259
---------------------------------------------------------------------------------------------------------------------------
                            SHAFT PROPERTIES
---------------------------------------------------------------------------------------------------------------------------
Shaft               |                 Nmech               trqin              trqout               pwrin              pwrout
OD_TOfail.hp_shaft  |             15203.196           22363.078          -22276.713           64733.995          -64483.995
OD_TOfail.lp_shaft  |              4386.922           63225.476          -63225.476           52810.217          -52810.217
-----------------------------------------------------------------------------------------------------------------------
                            BLEED PROPERTIES
-----------------------------------------------------------------------------------------------------------------------
Bleed                    |         Wb/Win        Pfrac     Workfrac            W           Tt           ht           Pt
OD_TOfail.hpc.cool1      |          0.051        0.500        0.500       13.095     1167.071      152.870      287.549
OD_TOfail.hpc.cool2      |          0.020        0.550        0.500        5.236     1167.071      152.870      310.832
OD_TOfail.hpc.cust       |          0.044        0.500        0.500       11.492     1167.071      152.870      287.549
OD_TOfail.bld3.cool3     |          0.067        1.000        1.000       15.353     1527.944      246.521      520.380
OD_TOfail.bld3.cool4     |          0.061        1.000        1.000       13.992     1527.944      246.521      520.380
OD_TOfail.byp_bld.bypBld |          0.005        1.000        1.000        6.961      583.794        9.453       21.415
